Found 153/184 = 83%
31 not found: 
Doris Day: Love Me In The Daytime
The Excels: Can't Help Lovin' That Girl Of Mine
Jimmie Beaumont: Ev'rybody's Cryin'
Carroll Bros.: Sweet Georgia Brown
Valjean on Piano: Till There Was You
The Radiants: Father Knows Best
Steve Alaimo: Michael - Pt. 1
Soul Sisters: Just A Moment Ago
Sonny Knight: Love Me As Though There Were No Tomorrow
The Vontastics: Day Tripper
Al Hirt: Keep The Ball Rollin'
The Hesitations: A Whiter Shade Of Pale
Pat Boone: July You're A Woman
Buddy Miles Express: Memphis Train
A.B. Skhy: Camel Back
The Intrigues: The Language Of Love
Peaches & Herb: The Sound Of Silence
Whatnauts: We're Friends By Day (And Lovers By Night)
The Hillside Singers: We're Together
Fire And Rain: Hello Stranger
Jimmy Beaumont And The Skyliners: Where Have They Gone
The 21st Century: Remember The Rain?
Debbie Taylor: I Don't Wanna Leave You
T.G. Sheppard: Solitary Man
Danny White: Dance Little Lady Dance
The Lovers: Discomania
Miranda Cosgrove: Dancing Crazy
Taylor John Williams: Royals
Kimberly Nichole: House Of The Rising Sun
Sawyer Fredericks: Iris
Alisan Porter: Down That Road
--------- log -----------
Searching: Frankie Vaughan: Judy

	Frankie Vaughan: Judy [cached]

Searching: Count Basie & His Orch.: Going To Chicago Blues

	Count Basie: Going to Chicago Blues [cached]

Searching: The Swallows: Itchy Twitchy Feeling

	The Swallows: Itchy Twitchy Feeling (Original Mix) [cached]

Searching: Tennessee Ernie Ford: Glad Rags

	Tennessee Ernie Ford: Glad Rags [cached]

Searching: Sammy Turner and The Twisters: Sweet Annie Laurie

	Sammy Turner & The Twisters: Sweet Annie Laurie - Remastered [cached]

Searching: Lee and Paul: The Chick

	Amy Lee: Donkey and Chicken [cached]

Searching: Doris Day: Love Me In The Daytime
=========> Doris Day: Love Me In Daytime

	 NOT FOUND

Searching: Tommy Edwards: I Looked At Heaven

	Tommy Edwards: I Looked At Heaven [cached]

Searching: Little Willie John: Let Them Talk

	Little Willie John: Let Them Talk [cached]

Searching: Art Mooney And His Orchestra: Banjo Boy

	Art Mooney: Banjo Boy [cached]

Searching: Bobby Darin: Beachcomber

	Bobby Darin: Beachcomber [cached]

Searching: The Crests featuring Johnny Mastro: Isn't It Amazing

	The Crests: Isn't It Amazing [cached]

Searching: Mickey & Sylvia: This Is My Story

	Mickey & Sylvia: This Is My Story [cached]

Searching: Don Gibson: What About Me

	Don Gibson: What About Me [cached]

Searching: Fred Darian: Battle Of Gettysburg

	Fred Darian: Battle of Gettysburg [cached]

Searching: The Texans: Green Grass Of Texas

	The Texans: Green Grass Of Texas [cached]

Searching: Ray Peterson: Sweet Little Kathy

	Ray Peterson: Sweet Little Kathy [cached]

Searching: The Excels: Can't Help Lovin' That Girl Of Mine
=========> Excels: Can t Help Lovin  That Girl Of Mine

	 NOT FOUND

Searching: Helen Shapiro: Walkin' Back To Happiness

	Helen Shapiro: Walkin' Back to Happiness [cached]

Searching: Gloria Lynne: You Don't Have To Be A Tower Of Strength

	Gloria Lynne: You Don't Have to Be a Tower of Strength [cached]

Searching: Jimmie Beaumont: Ev'rybody's Cryin'
=========> Jimmie Beaumont: Ev rybody s Cryin

	 NOT FOUND

Searching: Don Shirley: Drown In My Own Tears

	Don Shirley: Drown In My Own Tears [cached]

Searching: The Stompers: (Quarter To Four) Stomp

	The Floozies: Marshmallow Stompers [cached]

Searching: The Castle Sisters: Goodbye Dad

	The Castle Sisters: Goodbye Dad [cached]

Searching: Walter Brennan: Houdini

	Walter Brennan: Houdini [cached]

Searching: Carroll Bros.: Sweet Georgia Brown
=========> Carroll Bros: Sweet Georgia Brown

	 NOT FOUND

Searching: Valjean on Piano: Till There Was You

	 NOT FOUND

Searching: Aretha Franklin: Try A Little Tenderness

	Aretha Franklin: Try a Little Tenderness - Original Mix [cached]

Searching: The Radiants: Father Knows Best
=========> Radiants: Father Knows Best

	 NOT FOUND

Searching: Pete Antell: Night Time

	Pete Antell: Night Time [cached]

Searching: Jerry Butler: Theme From Taras Bulba (The Wishing Star)

	Jerry Butler: The Wishing Star Theme from Taras Bulba [cached]

Searching: Joey Dee: Baby, You're Driving Me Crazy

	Joey Dee & The Starliters: Baby, You're Driving Me Crazy [cached]

Searching: Mary Wells: Two Wrongs Don't Make A Right

	Mary Wells: Two Wrongs Don't Make A Right - Single Version [cached]

Searching: The Shirelles: Not For All The Money In The World

	The Shirelles: Not For All The Money In The World [cached]

Searching: Ricky Nelson: If You Can't Rock Me

	Ricky Nelson: If You Can't Rock Me - Remastered 1991 [cached]

Searching: Lawrence Welk And His Orchestra: Breakwater

	Lawrence Welk: Breakwater [cached]

Searching: Ray Price: Make The World Go Away

	Ray Price: Make the World Go Away [cached]

Searching: Steve Alaimo: Michael - Pt. 1
=========> Steve Alaimo: Michael

	 NOT FOUND

Searching: Baby Washington: Hey Lonely One

	Baby Washington: Hey Lonely One [cached]

Searching: The Charmettes: Please Don't Kiss Me Again

	The Charmettes: Please Don't Kiss Me Again [cached]

Searching: Andy Williams: Charade

	Andy Williams: Charade - Single Version [cached]

Searching: Linda Scott: Who's Been Sleeping In My Bed?

	Linda Scott: Who's Been Sleeping in My Bed? [cached]

Searching: Z.Z. Hill: You Were Wrong

	Z.Z. Hill: You Were Wrong [cached]

Searching: Nat King Cole: People

	Nat King Cole: People [cached]

Searching: Baby Washington: The Clock

	Baby Washington: The Clock [cached]

Searching: Soul Sisters: Just A Moment Ago

	 NOT FOUND

Searching: Sonny Knight: Love Me As Though There Were No Tomorrow

	 NOT FOUND

Searching: Ian Whitcomb And Bluesville: This Sporting Life

	Ian Whitcomb & Bluesville: This Sporting Life [cached]

Searching: The Ad Libs: He Ain't No Angel

	The Ad Libs: He Ain't No Angel [cached]

Searching: Brook Benton: Love Me Now

	Brook Benton: Love Me Now [cached]

Searching: Billy Stewart: Mountain Of Love

	Billy Stewart: Mountain Of Love

Searching: Little Milton: We Got The Winning Hand

	Little Milton: We Got The Winning Hand [cached]

Searching: The Monitors: Greetings (This Is Uncle Sam)

	The Monitors: Greetings (This Is Uncle Sam) [cached]

Searching: The Strangeloves: Hand Jive

	The Strangeloves: Willie And The Hand Jive [cached]

Searching: Mitch Ryder And The Detroit Wheels: Takin' All I Can Get

	Mitch Ryder and The Detroit Wheels: Takin' All I Can Get [cached]

Searching: Fontella Bass: Safe And Sound

	Fontella Bass: Safe And Sound [cached]

Searching: The Vontastics: Day Tripper
=========> Vontastics: Day Tripper

	 NOT FOUND

Searching: Peter, Paul & Mary: The Other Side Of This Life

	Peter, Paul and Mary: The Other Side of This Life [cached]

Searching: Bert Kaempfert And His Orchestra: I Can't Give You Anything But Love

	Bert Kaempfert: I Can't Give You Anything But Love [cached]

Searching: The Ronettes Featuring Veronica: I Can Hear Music

	The Ronettes: I Can Hear Music [cached]

Searching: The Spellbinders: Help Me (Get Myself Back Together Again)

	The Spellbinders: Help Me (Get Myself Back Together Again) [cached]

Searching: Vicki Anderson & James Brown: Think

	Vicki Anderson: Think [cached]

Searching: Claudine Longet: Good Day Sunshine

	Claudine Longet: Good Day Sunshine [cached]

Searching: Jon & Robin: Drums

	Jon & Robin: Drums [cached]

Searching: The Association: Requiem For The Masses

	The Association: Requiem for the Masses [cached]

Searching: The Spencer Davis Group: Time Seller

	The Spencer Davis Group: Time Seller [cached]

Searching: Freddie Scott: He Ain't Give You None

	Freddie Scott: He Ain't Give You None [cached]

Searching: Al Hirt: Keep The Ball Rollin'
=========> Al Hirt: Keep Ball Rollin

	 NOT FOUND

Searching: Jimmy Smith: Chain Of Fools (Part 1)

	Jimmy Smith: Chain Of Fools [cached]

Searching: Bobbie Gentry: Louisiana Man

	Bobbie Gentry: Louisiana Man [cached]

Searching: Fats Domino: Lady Madonna

	Fats Domino: Lady Madonna [cached]

Searching: The Hesitations: A Whiter Shade Of Pale
=========> Hesitations: A Whiter Shade Of Pale

	 NOT FOUND

Searching: Pat Boone: July You're A Woman
=========> Pat Boone: July You re A Woman

	 NOT FOUND

Searching: Buddy Miles Express: Memphis Train

	 NOT FOUND

Searching: The Easybeats: St. Louis

	The Easybeats: St. Louis [cached]

Searching: A.B. Skhy: Camel Back
=========> A B  Skhy: Camel Back

	 NOT FOUND

Searching: Buck Owens and The Buckaroos: Big In Vegas

	Buck Owens: Big In Vegas [cached]

Searching: Tammy Wynette: I'll See Him Through

	Tammy Wynette: I'll See Him Through [cached]

Searching: The Clique: Sparkle And Shine

	The Clique: Sparkle And Shine [cached]

Searching: Howard Tate: My Soul's Got A Hole In It

	Howard Tate: My Soul's Got a Hole in It [cached]

Searching: Archie Bell & The Drells: Don't Let The Music Slip Away

	Archie Bell & The Drells: Don't Let the Music Slip Away [cached]

Searching: Smokey Robinson & The Miracles: Darling Dear

	Smokey Robinson & The Miracles: Darling Dear [cached]

Searching: The Turtles: Eve Of Destruction

	The Turtles: Eve Of Destruction (Stereo) [cached]

Searching: Brian Auger & The Trinity: Listen Here

	Brian Auger: Listen Here [cached]

Searching: Christie: San Bernadino

	Christie: San Bernadino [cached]

Searching: Quicksilver Messenger Service: What About Me

	Quicksilver Messenger Service: What About Me? (Rare Session) [cached]

Searching: The Poppy Family: I Was Wondering

	The Poppy Family: I Was Wondering [cached]

Searching: The Intrigues: The Language Of Love
=========> Intrigues: Language Of Love

	 NOT FOUND

Searching: Peaches & Herb: The Sound Of Silence
=========> Peaches: Sound Of Silence

	 NOT FOUND

Searching: Whatnauts: We're Friends By Day (And Lovers By Night)
=========> Whatnauts: We re Friends By Day

	 NOT FOUND

Searching: Freda Payne: The Road We Didn't Take

	Freda Payne: The Road We Didn’t Take [cached]

Searching: The Hillside Singers: We're Together
=========> Hillside Singers: We re Together

	 NOT FOUND

Searching: Peter Yarrow: Don't Ever Take Away My Freedom

	Peter Yarrow: Don't Ever Take Away My Freedom [cached]

Searching: B.J. Thomas: Happier Than The Morning Sun

	B.J. Thomas: Happier Than The Morning Sun [cached]

Searching: Fire And Rain: Hello Stranger
=========> Fire: Hello Stranger

	 NOT FOUND

Searching: Jimmy Beaumont And The Skyliners: Where Have They Gone
=========> Jimmy Beaumont: Where Have They Gone

	 NOT FOUND

Searching: The 21st Century: Remember The Rain?
=========> 21st Century: Remember Rain

	 NOT FOUND

Searching: Debbie Taylor: I Don't Wanna Leave You
=========> Debbie Taylor: I Don t Wanna Leave You

	 NOT FOUND

Searching: T.G. Sheppard: Solitary Man
=========> T G  Sheppard: Solitary Man

	 NOT FOUND

Searching: Danny White: Dance Little Lady Dance

	 NOT FOUND

Searching: The Philarmonics: For Elise

	Philarmonics: For Elise [cached]

Searching: The Lovers: Discomania
=========> Lovers: Discomania

	 NOT FOUND

Searching: Britny Fox: Long Way To Love

	Britny Fox: Long Way To Love [cached]

Searching: 1927: That's When I Think Of You

	1927: That's When I Think Of You [cached]

Searching: Seal: Killer

	Seal: Killer [cached]

Searching: Jody Watley: Your Love Keeps Working On Me

	Jody Watley: Your Love Keeps Working On Me - MK Brooklyn Mix [cached]

Searching: Tevin Campbell: Another Way

	Tevin Campbell: Another Way [cached]

Searching: Christina Milian Featuring Joe Budden: Whatever U Want

	Christina Milian: Whatever U Want [cached]

Searching: Britney Spears: Do Somethin'

	Britney Spears: Do Somethin' [cached]

Searching: Beck: Girl

	Beck: Girl [cached]

Searching: Trick-Trick Featuring Eminem: Welcome 2 Detroit

	Trick Trick: Welcome 2 Detroit [cached]

Searching: Wisin & Yandel: Llame Pa' Verte

	Wisin & Yandel: Llamé Pa' Verte (Bailando Sexy) [cached]

Searching: James Blunt: High

	James Blunt: High [cached]

Searching: Tom Petty: Saving Grace

	Tom Petty: Saving Grace [cached]

Searching: OutKast: Idlewild Blue (Don'tchu Worry 'Bout Me)

	Outkast: Idlewild Blue (Don'tchu Worry 'Bout Me) [cached]

Searching: Toby Love Featuring Rakim & Ken-Y: Tengo Un Amor

	Toby Love: Tengo Un Amor (feat. Rakim & Ken-Y) - Remix Version [cached]

Searching: Alejandro Sanz: A La Primera Persona

	Alejandro Sanz: A la primera persona [cached]

Searching: Miranda Cosgrove Featuring Drake Bell: Leave It All To Me (iCarly Theme Song)

	Miranda Cosgrove: Leave It All To Me (Theme from iCarly) (feat. Drake Bell) [cached]

Searching: Demi Lovato Featuring Jonas Brothers: On The Line

	Demi Lovato: On the Line - Featuring Jonas Brothers [cached]

Searching: Skillet: Awake And Alive

	Skillet: Awake and Alive [cached]

Searching: Whitney Houston: Million Dollar Bill

	Whitney Houston: Million Dollar Bill [cached]

Searching: Timbaland Featuring The Fray & Esthero: Undertow

	Timbaland: Undertow (Featuring The Fray & Esthero) [cached]

Searching: George Strait: Twang

	George Strait: Twang [cached]

Searching: Mariah Carey Featuring Nicki Minaj: Up Out My Face

	Mariah Carey: Up Out My Face [cached]

Searching: Alpha Rev: New Morning

	Alpha Rev: New Morning [cached]

Searching: Rick Ross Featuring Ne-Yo: Super High

	Rick Ross: Super High [cached]

Searching: 3OH!3: I Can Do Anything

	3OH!3: I Can Do Anything [cached]

Searching: Mariah Carey: Oh Santa!

	Mariah Carey: Oh Santa! (feat. Ariana Grande & Jennifer Hudson) [cached]

Searching: Yellowcard: For You, And Your Denial

	Yellowcard: For You, And Your Denial [cached]

Searching: Miranda Cosgrove: Dancing Crazy

	 NOT FOUND

Searching: Martina McBride: Teenage Daughters

	Martina McBride: Teenage Daughters [cached]

Searching: Game Featuring Lil Wayne & Tyler, The Creator: Martians Vs Goblins

	The Game: Martians Vs Goblins [cached]

Searching: Drake: Shot For Me

	Drake: Shot For Me [cached]

Searching: Mana Featuring Prince Royce: El Verdadero Amor Perdona

	Maná: El verdadero amor perdona - dueto con Prince Royce [cached]

Searching: YG Featuring Tyga, Snoop Dogg & Nipsey Hussle: Snitches Ain't...

	YG: Snitches Ain't... [cached]

Searching: deadmau5 Featuring Greta Svabo Bech: Raise Your Weapon

	deadmau5: Raise Your Weapon [cached]

Searching: Estelle: Thank You

	Estelle: Thank You [cached]

Searching: A$AP Ferg: Work

	A$AP Ferg: Work REMIX (feat. A$AP Rocky, French Montana, Trinidad James & ScHoolboy Q) [cached]

Searching: Krewella: Live For The Night

	Krewella: Live for the Night [cached]

Searching: JAY-Z: Crown

	JAY-Z: Crown [cached]

Searching: Yo Gotti Featuring Jeezy & YG: Act Right

	Yo Gotti: Act Right (feat. Jeezy & YG) [cached]

Searching: Ellie Goulding: Explosions

	Ellie Goulding: Explosions [cached]

Searching: Katy Tiz: The Big Bang

	Katy Tiz: The Big Bang [cached]

Searching: Afrojack Featuring Wrabel: Ten Feet Tall

	Afrojack: Ten Feet Tall [cached]

Searching: Taylor John Williams: Royals

	 NOT FOUND

Searching: Meghan Trainor: Title

	Meghan Trainor: Title [cached]

Searching: Kimberly Nichole: House Of The Rising Sun
=========> Kimberly Nichole: House Of Rising Sun

	 NOT FOUND

Searching: Sawyer Fredericks: Iris

	 NOT FOUND

Searching: Young Thug: Check

	Young Thug: Check [cached]

Searching: Ciara: Dance Like We're Making Love

	Ciara: Dance Like We're Making Love [cached]

Searching: Mac Miller: 100 Grandkids

	Mac Miller: 100 Grandkids [cached]

Searching: 5 Seconds Of Summer: Fly Away

	5 Seconds of Summer: Fly Away [cached]

Searching: Kip Moore: I'm To Blame

	Kip Moore: I'm To Blame [cached]

Searching: The 1975: Love Me

	The 1975: Love Me [cached]

Searching: One Direction: Never Enough

	One Direction: Never Enough [cached]

Searching: Future: Rich $ex

	Future: Rich $ex [cached]

Searching: 2 Chainz Featuring Lil Wayne: Gotta Lotta

	2 Chainz: Gotta Lotta [cached]

Searching: Alisan Porter: Down That Road

	 NOT FOUND

Searching: Logic: Flexicution

	Logic: Flexicution [cached]

Searching: Wale Featuring Lil Wayne: Running Back

	Wale: Running Back (feat. Lil Wayne) [cached]

Searching: Halsey Featuring Lauren Jauregui: Strangers

	Halsey: Strangers [cached]

Searching: Plies Featuring Kodak Black: Real Hitta

	Plies: Real Hitta (feat. Kodak Black) [cached]

Searching: DeJ Loaf: No Fear

	DeJ Loaf: No Fear [cached]

Searching: Future & Young Thug: Three

	Future: Three [cached]

Searching: Offset & Metro Boomin: Nightmare

	Offset: Nightmare [cached]

Searching: Shakira Featuring Nicky Jam: Perro Fiel

	Shakira: Perro Fiel (feat. Nicky Jam) [cached]

Searching: The Chainsmokers: Everybody Hates Me

	The Chainsmokers: Everybody Hates Me [cached]

Searching: H.E.R.: Focus

	H.E.R.: Focus [cached]

Searching: Pusha T: The Games We Play

	Pusha T: The Games We Play [cached]

Searching: Quavo Featuring Lil Baby: Lose It

	Quavo: LOSE IT (feat. Lil Baby) [cached]

Searching: Metro Boomin Featuring Travis Scott & Young Thug: Up To Something

	Metro Boomin: Up To Something (feat. Travis Scott & Young Thug) [cached]

Searching: AJR: Burn The House Down

	AJR: Burn the House Down [cached]

Searching: Future: Call The Coroner

	Future: Call the Coroner [cached]

Searching: 2 Chainz Featuring Kendrick Lamar: Momma I Hit A Lick

	2 Chainz: Momma I Hit A Lick (feat. Kendrick Lamar) [cached]

Searching: Nipsey Hussle Featuring Stacy Barthe: Victory Lap

	Nipsey Hussle: Victory Lap (feat. Stacy Barthe) [cached]

Searching: Martin Garrix Featuring Macklemore & Patrick Stump: Summer Days

	Martin Garrix: Summer Days (feat. Macklemore & Patrick Stump of Fall Out Boy) [cached]

Searching: Gucci Mane Featuring Kodak Black & London On Da Track: Big Boy Diamonds

	Gucci Mane: Big Boy Diamonds (feat. Kodak Black & London on Da Track) [cached]

Searching: Mac Miller: That's On Me

	Mac Miller: That's On Me [cached]

Searching: Justin Bieber: All Around Me

	Justin Bieber: All Around Me [cached]

Searching: Doja Cat: Boss Bitch

	Doja Cat: Boss Bitch [cached]

Searching: Kane Brown: Worldwide Beautiful

	Kane Brown: Worldwide Beautiful [cached]

Searching: Little Big Town: Wine, Beer, Whiskey

	Little Big Town: Wine, Beer, Whiskey [cached]

Searching: Future & Lil Uzi Vert: Bought A Bad Bitch

	Future: Bought A Bad Bitch [cached]

Searching: Kid Cudi: Beautiful Trip

	Kid Cudi: Beautiful Trip [cached]
