Found 320/324 = 99%
4 not found: 
James Brown: Mother Popcorn (You Got To Have A Mother For Me) Part 1
Olivia Newton-John: Deeper Than The Night
David A. Stewart Introducing Candy Dulfer: Lily Was Here
Big Sean Featuring E-40: I Don't F**k With You
--------- log -----------
Searching: Jerry Wallace: How The Time Flies

	Jerry Wallace: How The Time Flies [cached]

Searching: Jimmie Rodgers: Bimbombey

	Jimmie Rodgers: Bimbombey [cached]

Searching: The McGuire Sisters: May You Always

	The McGuire Sisters: May You Always [cached]

Searching: Andy Williams: The Hawaiian Wedding Song (Ke Kali Nei Au)

	Andy Williams: The Hawaiian Wedding Song [cached]

Searching: Tommy Edwards: Please Mr. Sun

	Tommy Edwards: Please Mr. Sun [cached]

Searching: Tommy Dee with Carol Kay and the Teen-Aires: Three Stars

	Tommy Dee: Three Stars [cached]

Searching: Kathy Linden: Goodbye Jimmy, Goodbye

	Kathy Linden: Goodbye Jimmy, Goodbye [cached]

Searching: The Fiestas: So Fine

	The Fiestas: So Fine [cached]

Searching: The Flamingos: I Only Have Eyes For You

	The Flamingos: I Only Have Eyes for You [cached]

Searching: Skip And Flip: It Was I

	Skip & Flip: It Was I [cached]

Searching: Bobby Rydell: Kissin' Time

	Bobby Rydell: Kissin' Time [cached]

Searching: Skip And Flip: Cherry Pie

	Skip & Flip: Cherry Pie [cached]

Searching: Johnny Burnette: Dreamin'

	Johnny Burnette: Dreamin' [cached]

Searching: Annette With The Afterbeats: Pineapple Princess

	Annette Funicello: Pineapple Princess [cached]

Searching: Paul Anka: Summer's Gone

	Paul Anka: Summer's Gone [cached]

Searching: Bill Black's Combo: Don't Be Cruel

	Bill Black's Combo: Don't Be Cruel [cached]

Searching: The Chimes: Once In Awhile

	The Chimes: Once in Awhile [cached]

Searching: Bobby Rydell: Good Time Baby

	Bobby Rydell: Good Time Baby [cached]

Searching: Brook Benton: Think Twice

	Brook Benton: Think Twice - Rerecorded [cached]

Searching: Neil Sedaka: Little Devil

	Neil Sedaka: Little Devil [cached]

Searching: Rick Nelson: A Wonder Like You

	Ricky Nelson: A Wonder Like You [cached]

Searching: Bobby Edwards: You're The Reason

	Bobby Edwards: You're The Reason [cached]

Searching: Jerry Butler: Moon River

	Jerry Butler: Moon River [cached]

Searching: Henry Mancini And His Orchestra: Moon River

	Henry Mancini: Moon River(Vocal Audrey Hepburn) [cached]

Searching: Larry Finnegan: Dear One

	Larry Finnegan: Dear One [cached]

Searching: James Darren: Conscience

	James Darren, Shelley Fabares & Paul Peter: Conscience [cached]

Searching: Ben E. King: Don't Play That Song (You Lied)

	Ben E. King: Don't Play That Song (You Lied) [cached]

Searching: The Crystals: He's Sure The Boy I Love

	The Crystals: He's Sure The Boy I Love [cached]

Searching: Elvis Presley With The Mello Men: One Broken Heart For Sale

	Elvis Presley: One Broken Heart for Sale [cached]

Searching: The Dartells: Hot Pastrami

	The Dartells: Hot Pastrami [cached]

Searching: Jan & Dean: Honolulu Lulu

	Jan & Dean: Honolulu Lulu [cached]

Searching: Sunny & The Sunglows: Talk To Me

	Sunny & The Sunglows: Talk To Me [cached]

Searching: Sam Cooke: Little Red Rooster

	Sam Cooke: Little Red Rooster [cached]

Searching: Nino Tempo & April Stevens: Whispering

	Nino Tempo & April Stevens: Whispering [cached]

Searching: Sam Cooke: Good News

	Sam Cooke: Good Times [cached]

Searching: Tommy Tucker: Hi-Heel Sneakers

	Tommy Tucker: High Heel Sneakers [cached]

Searching: The Temptations: The Way You Do The Things You Do

	The Temptations: The Way You Do The Things You Do [cached]

Searching: The Dave Clark Five: Do You Love Me

	The Dave Clark Five: Do You Love Me - 2019 - Remaster [cached]

Searching: Sam Cooke: Good Times

	Sam Cooke: Good Times [cached]

Searching: Nancy Wilson: (You Don't Know) How Glad I Am

	Nancy Wilson: (You Don't Know) How Glad I Am [cached]

Searching: Jackie Ross: Selfish One

	Jackie Ross: Selfish One [cached]

Searching: Jumpin' Gene Simmons: Haunted House

	Jumpin' Gene Simmons: Haunted House [cached]

Searching: Four Tops: Baby I Need Your Loving

	Four Tops: Baby I Need Your Loving [cached]

Searching: Jay & The Americans: Let's Lock The Door (And Throw Away The Key)

	Jay & The Americans: Let's Lock The Door (And Throw Away The Key) [cached]

Searching: Bert Kaempfert And His Orchestra: Red Roses For A Blue Lady

	Bert Kaempfert: Red Roses For A Blue Lady [cached]

Searching: Elvis Presley With The Jordanaires: (Such An) Easy Question

	Elvis Presley: (Such An) Easy Question [cached]

Searching: The Strangeloves: I Want Candy

	The Strangeloves: I Want Candy [cached]

Searching: Barbara Lewis: Baby, I'm Yours

	Barbara Lewis: Baby, I'm Yours [cached]

Searching: The Supremes: Nothing But Heartaches

	The Supremes: Nothing But Heartaches - Single Version [cached]

Searching: Elvis Presley: I'm Yours

	Elvis Presley: I'm Yours [cached]

Searching: Barbara Lewis: Make Me Your Baby

	Barbara Lewis: Make Me Your Baby [cached]

Searching: Ramsey Lewis Trio: Hang On Sloopy

	Ramsey Lewis Trio: Hang On Sloopy - Live At The Lighthouse, Hermosa Beach, CA., 1965 [cached]

Searching: Paul Revere & The Raiders Featuring Mark Lindsay: Just Like Me

	Paul Revere & The Raiders: Just Like Me [cached]

Searching: The Miracles: Going To A Go-Go

	Smokey Robinson & The Miracles: Going To A Go-Go [cached]

Searching: Herb Alpert & The Tijuana Brass: Zorba The Greek

	Herb Alpert & The Tijuana Brass: Zorba The Greek [cached]

Searching: Deon Jackson: Love Makes The World Go Round

	Deon Jackson: Love Makes the World Go Round [cached]

Searching: Petula Clark: A Sign Of The Times

	Petula Clark: A Sign of the Times [cached]

Searching: The Yardbirds: Shapes Of Things

	The Yardbirds: Shapes of Things - 2015 Remaster [cached]

Searching: The Standells: Dirty Water

	The Standells: Dirty Water [cached]

Searching: The Beatles: Eleanor Rigby

	The Beatles: Eleanor Rigby - Remastered 2009 [cached]

Searching: Brenda Lee: Coming On Strong

	Brenda Lee: Coming On Strong [cached]

Searching: Jackie Wilson: Whispers (Gettin' Louder)

	Jackie Wilson: Whispers (Getting Louder) [cached]

Searching: Bobby Vinton: Coming Home Soldier

	Bobby Vinton: Coming Home Soldier [cached]

Searching: The Electric Prunes: I Had Too Much To Dream (Last Night)

	The Electric Prunes: I Had Too Much to Dream (Last Night) [cached]

Searching: Tom Jones: Green, Green Grass Of Home

	Tom Jones: Green Green Grass Of Home [cached]

Searching: Cannonball Adderley: Mercy, Mercy, Mercy

	Cannonball Adderley: Mercy, Mercy, Mercy [cached]

Searching: The Hollies: On A Carousel

	The Hollies: On a Carousel [cached]

Searching: The Fifth Estate: Ding Dong! The Witch Is Dead

	The Fifth Estate: Ding Dong! the Witch Is Dead [cached]

Searching: The Tremeloes: Silence Is Golden

	The Tremeloes: Silence Is Golden [cached]

Searching: The Monkees: Words

	The Monkees: Words - 2007 Remaster [cached]

Searching: Donovan: There Is A Mountain

	Donovan: There Is a Mountain - Single Version [cached]

Searching: The Esquires: Get On Up

	The Esquires: Get On Up [cached]

Searching: Bee Gees: (The Lights Went Out In) Massachusetts

	Bee Gees: Massachusetts - Stereo Version [cached]

Searching: Martha Reeves & The Vandellas: Honey Chile

	Martha Reeves & The Vandellas: Honey Chile [cached]

Searching: The Buckinghams: Susan

	The Buckinghams: Susan [cached]

Searching: The Foundations: Baby, Now That I've Found You

	The Foundations: Baby Now That I've Found You [cached]

Searching: Simon & Garfunkel: Scarborough Fair (/Canticle)

	Simon & Garfunkel: Scarborough Fair / Canticle [cached]

Searching: Smokey Robinson & The Miracles: If You Can Want

	Smokey Robinson & The Miracles: If You Can Want [cached]

Searching: Percy Sledge: Take Time To Know Her

	Percy Sledge: Take Time to Know Her [cached]

Searching: The Chambers Brothers: Time Has Come Today

	The Chambers Brothers: Time Has Come Today [cached]

Searching: Creedence Clearwater Revival: Suzie Q. (Part One)

	Creedence Clearwater Revival: Suzie Q [cached]

Searching: Derek: Cinnamon

	Derek: Cinnamon [cached]

Searching: Canned Heat: Going Up The Country

	Canned Heat: Going Up The Country [cached]

Searching: Sammy Davis Jr.: I've Gotta Be Me

	Sammy Davis Jr.: I've Gotta Be Me - 2016 Remaster [cached]

Searching: The Watts 103rd Street Rhythm Band: Do Your Thing

	Charles Wright & The Watts 103rd Street Rhythm Band: Do Your Thing (Mono Single Version) [cached]

Searching: James Brown: Mother Popcorn (You Got To Have A Mother For Me) Part 1
=========> James Brown: Mother Popcorn  Part 1

	 NOT FOUND

Searching: Peggy Lee: Is That All There Is

	Peggy Lee: Is That All There Is? [cached]

Searching: Kenny Rogers & The First Edition: Something's Burning

	Kenny Rogers & The First Edition: Something's Burning [cached]

Searching: Crosby, Stills, Nash & Young: Woodstock

	Crosby, Stills, Nash & Young: Woodstock [cached]

Searching: Robin McNamara: Lay A Little Lovin' On Me

	Robin McNamara & Friends featuring Sheila Kirsten Hughes: Lay A Little Lovin' On Me [cached]

Searching: Aretha Franklin with The Dixie Flyers: Don't Play That Song

	Aretha Franklin: Don't Play That Song [cached]

Searching: Four Tops: Still Water (Love)

	Four Tops: Still Water (Love) [cached]

Searching: Joe Cocker: Cry Me A River

	Joe Cocker: Cry Me A River - Live At The Fillmore East/1970 [cached]

Searching: Elvis Presley: You Don't Have To Say You Love Me/Patch It Up

	Elvis Presley: You Don't Have To Say You Love Me - Live at Madison Square Garden - June 10, 1972, The Afternoon Show [cached]

Searching: The Presidents: 5-10-15-20 (25-30 Years Of Love)

	The Presidents: 5-10-15-20 (25-30 Years of Love) [cached]

Searching: Ray Price: For The Good Times

	Ray Price: For the Good Times [cached]

Searching: Bobby Goldsboro: Watching Scotty Grow

	Bobby Goldsboro: Watching Scotty Grow [cached]

Searching: Cat Stevens: Wild World

	Yusuf / Cat Stevens: Wild World [cached]

Searching: John Lennon/Plastic Ono Band Yoko Ono/Plastic Ono Band: Power To The People

	John Lennon: Power To The People - Remastered 2010 [cached]

Searching: The Doors: Love Her Madly

	The Doors: Love Her Madly [cached]

Searching: The 8th Day: She's Not Just Another Woman

	The 8th Day: She's Not Just Another Woman [cached]

Searching: The Honey Cone: Stick-Up

	Honey Cone: Stick Up [cached]

Searching: Al Green: Tired Of Being Alone

	Al Green: Tired of Being Alone [cached]

Searching: Joe Simon: Drowning In The Sea Of Love

	Joe Simon: Drowning In the Sea of Love [cached]

Searching: The Pipes And Drums And The Military Band Of The Royal Scots Dragoon Guards: Amazing Grace

	The Pipes And Drums Of The Military Band Of The Royal Scots Dragoon Guards: Amazing Grace [cached]

Searching: Donna Fargo: The Happiest Girl In The Whole U.S.A.

	Donna Fargo: The Happiest Girl In The Whole U.S.A. [cached]

Searching: Bread: The Guitar Man

	Bread: Welcome to the Music [cached]

Searching: Joe Simon: Power Of Love

	Joe Simon: Power of Love [cached]

Searching: Neil Diamond: Play Me

	Neil Diamond: Play Me [cached]

Searching: Leon Russell: Tight Rope

	Leon Russell: Tight Rope [cached]

Searching: The Doobie Brothers: Listen To The Music

	The Doobie Brothers: Listen to the Music [cached]

Searching: Jethro Tull: Living In The Past

	Jethro Tull: Living in the Past - 2001 Remaster [cached]

Searching: Steely Dan: Reeling In The Years

	Steely Dan: Reeling In The Years [cached]

Searching: The Spinners: One Of A Kind (Love Affair)

	The Spinners: One of a Kind (Love Affair) [cached]

Searching: Johnnie Taylor: I Believe In You (You Believe In Me)

	Johnnie Taylor: I Believe In You (You Believe In Me) [cached]

Searching: The Pointer Sisters: Yes We Can Can

	The Pointer Sisters: Yes We Can Can [cached]

Searching: Charlie Rich: A Very Special Love Song

	Charlie Rich: A Very Special Love Song [cached]

Searching: Carpenters: I Won't Last A Day Without You

	Carpenters: I Won't Last A Day Without You [cached]

Searching: Mac Davis: One Hell Of A Woman

	Mac Davis: One Hell Of A Woman [cached]

Searching: Grand Funk: Shinin' On

	Grand Funk Railroad: Shinin' On [cached]

Searching: Jim Weatherly: The Need To Be

	Jim Weatherly: The Need to Be [cached]

Searching: Chicago: Wishing You Were Here

	Chicago: Wishing You Were Here [cached]

Searching: Rufus Featuring Chaka Khan: You Got The Love

	Rufus & Chaka Khan: You Got The Love [cached]

Searching: Carol Douglas: Doctor's Orders

	Carol Douglas: Doctor's Orders [cached]

Searching: Tony Orlando & Dawn: Look In My Eyes Pretty Woman

	Tony Orlando & Dawn: Look In My Eyes Pretty Woman [cached]

Searching: The Doobie Brothers: Take Me In Your Arms (Rock Me)

	The Doobie Brothers: Take Me in Your Arms (Rock Me a Little While) - 2006 Remaster [cached]

Searching: Gladys Knight And The Pips: The Way We Were/try To Remember

	Gladys Knight & The Pips: The Way We Were / Try to Remember [cached]

Searching: The Ritchie Family: Brazil

	The Ritchie Family: Brazil [cached]

Searching: People's Choice: Do It Any Way You Wanna

	People's Choice: Do It Any Way You Wanna [cached]

Searching: Frankie Valli: Our Day Will Come

	Frankie Valli: Our Day Will Come [cached]

Searching: Glen Campbell: Country Boy (You Got Your Feet In L.A.)

	Glen Campbell: Country Boy (You Got Your Feet In L.A.) - Remastered 2002 [cached]

Searching: Fleetwood Mac: Rhiannon (will You Ever Win)

	Fleetwood Mac: Rhiannon [cached]

Searching: Eric Carmen: Never Gonna Fall In Love Again

	Eric Carmen: Never Gonna Fall in Love Again [cached]

Searching: Steve Miller: Take The Money And Run

	Steve Miller Band: Take The Money And Run [cached]

Searching: Neil Diamond: If You Know What I Mean

	Neil Diamond: If You Know What I Mean [cached]

Searching: Fleetwood Mac: Say You Love Me

	Fleetwood Mac: Say You Love Me [cached]

Searching: Dr. Hook: A Little Bit More

	Dr. Hook: A Little Bit More - Single Version [cached]

Searching: Linda Ronstadt: That'll Be The Day

	Linda Ronstadt: That'll Be the Day [cached]

Searching: Kansas: Carry On Wayward Son

	Kansas: Carry on Wayward Son [cached]

Searching: Boz Scaggs: Lido Shuffle

	Boz Scaggs: Lido Shuffle [cached]

Searching: Eagles: Life In The Fast Lane

	Eagles: Life in the Fast Lane - 2013 Remaster [cached]

Searching: Heart: Barracuda

	Heart: Barracuda [cached]

Searching: Stephen Bishop: On And On

	Stephen Bishop: On And On [cached]

Searching: Firefall: Just Remember I Love You

	Firefall: Just Remember I Love You [cached]

Searching: Steely Dan: Peg

	Steely Dan: Peg [cached]

Searching: Jackson Browne: Running On Empty

	Jackson Browne: Running on Empty [cached]

Searching: The Trammps: Disco Inferno

	The Trammps: Disco Inferno - Single Edit [cached]

Searching: Eddie Money: Baby Hold On

	Eddie Money: Baby Hold On [cached]

Searching: Meat Loaf: Two Out Of Three Ain't Bad

	Meat Loaf: Two Out of Three Ain't Bad [cached]

Searching: Barry Manilow: Ready To Take A Chance Again

	Barry Manilow: Ready to Take a Chance Again [cached]

Searching: Firefall: Strange Way

	Firefall: Strange Way [cached]

Searching: Orleans: Love Takes Time

	Orleans: Love Takes Time - Nashville Mix [cached]

Searching: Olivia Newton-John: Deeper Than The Night
=========> Olivia Newton John: Deeper Than Night

	 NOT FOUND

Searching: KISS: I Was Made For Lovin' You

	KISS: I Was Made For Lovin' You [cached]

Searching: Bonnie Pointer: Heaven Must Have Sent You

	Bonnie Pointer: Heaven Must Have Sent You - 12" Disco Version [cached]

Searching: The Knack: Good Girls Don't

	The Knack: Good Girls Don't [cached]

Searching: Prince: I Wanna Be Your Lover

	Prince: I Wanna Be Your Lover [cached]

Searching: Kenny Loggins: This Is It

	Kenny Loggins: This Is It [cached]

Searching: Steve Forbert: Romeo's Tune

	Steve Forbert: Romeo's Tune [cached]

Searching: The Charlie Daniels Band: In America

	The Charlie Daniels Band: In America [cached]

Searching: Benny Mardones: Into The Night

	Benny Mardones: Into The Night [cached]

Searching: Carly Simon: Jesse

	Carly Simon: Jesse [cached]

Searching: Stevie Wonder: I Ain't Gonna Stand For It

	Stevie Wonder: I Ain't Gonna Stand For It [cached]

Searching: James Taylor & J.D. Souther: Her Town Too

	James Taylor: Her Town Too (with J.D. Souther) [cached]

Searching: Gary U.S. Bonds: This Little Girl

	Gary U.S. Bonds: This Little Girl [cached]

Searching: Four Tops: When She Was My Girl

	Four Tops: When She Was My Girl [cached]

Searching: Neil Diamond: Yesterday's Songs

	Neil Diamond: Yesterday's Songs [cached]

Searching: Barbra Streisand: Comin' In And Out Of Your Life

	Barbra Streisand: Comin' In and out of Your Life [cached]

Searching: Paul Davis: Cool Night

	Paul Davis: Cool Night [cached]

Searching: The Police: Spirits In The Material World

	The Police: Spirits In The Material World [cached]

Searching: Stevie Nicks: Edge Of Seventeen (Just Like The White Winged Dove)

	Stevie Nicks: Edge of Seventeen [cached]

Searching: Queen: Body Language

	Queen: Body Language - Remastered 2011 [cached]

Searching: Juice Newton: Break It To Me Gently

	Juice Newton: Break It To Me Gently [cached]

Searching: Supertramp Featuring Roger Hodgson: It's Raining Again

	Supertramp: It's Raining Again [cached]

Searching: Little River Band: The Other Guy

	Little River Band: The Other Guy - Remastered 1999 [cached]

Searching: Loverboy: Hot Girls In Love

	Loverboy: Hot Girls In Love [cached]

Searching: Naked Eyes: Promises, Promises

	Naked Eyes: Promises, Promises - US Single Version / 2018 Remaster [cached]

Searching: Go-Go's: Head Over Heels

	The Go-Go's: Head Over Heels [cached]

Searching: Thompson Twins: Doctor! Doctor!

	Thompson Twins: Doctor! Doctor! (Original Mix) [cached]

Searching: Bryan Adams: Somebody

	Bryan Adams: Somebody [cached]

Searching: Dead Or Alive: You Spin Me Round (Like A Record)

	Dead Or Alive: You Spin Me Round (Like a Record) [cached]

Searching: The Pointer Sisters: Dare Me

	The Pointer Sisters: Dare Me [cached]

Searching: Scritti Politti: Perfect Way

	Scritti Politti: Perfect Way [cached]

Searching: Sheila E.: A Love Bizarre

	Sheila E.: A Love Bizarre [cached]

Searching: Toto: I'll Be Over You

	TOTO: I'll Be Over You [cached]

Searching: The Bangles: Walking Down Your Street

	The Bangles: Walking Down Your Street [cached]

Searching: Kenny Loggins: Meet Me Half Way

	Kenny Loggins: Meet Me Half Way - From "Over The Top" Soundtrack [cached]

Searching: Michael Bolton: (Sittin' On) The Dock Of The Bay

	Michael Bolton: (Sittin' On) The Dock of the Bay [cached]

Searching: Michael Jackson: Another Part Of Me

	Michael Jackson: Another Part of Me - 2012 Remaster [cached]

Searching: When In Rome: The Promise

	When In Rome: The Promise [cached]

Searching: Steve Winwood: Holding On

	Steve Winwood: Holding On [cached]

Searching: Debbie Gibson: Electric Youth

	Debbie Gibson: Electric Youth [cached]

Searching: Rod Stewart: Crazy About Her

	Rod Stewart: Crazy About Her - 2008 Remaster [cached]

Searching: Soul II Soul (Featuring Caron Wheeler): Keep On Movin'

	Soul II Soul: Keep On Movin' [cached]

Searching: Fine Young Cannibals: Don't Look Back

	Fine Young Cannibals: Don't Look Back [cached]

Searching: Gloria Estefan: Get On Your Feet

	Gloria Estefan: Get on Your Feet [cached]

Searching: Belinda Carlisle: Leave A Light On

	Belinda Carlisle: Leave a Light On (7") [cached]

Searching: KIX: Don't Close Your Eyes

	Kix: Don't Close Your Eyes [cached]

Searching: Jive Bunny & The Mastermixers: Swing The Mood

	Jive Bunny and the Mastermixers: Swing The Mood [cached]

Searching: Joe Cocker: When The Night Comes

	Joe Cocker: When the Night Comes [cached]

Searching: Eddie Money: Peace In Our Time

	Eddie Money: Peace In Our Time [cached]

Searching: Linda Ronstadt (Featuring Aaron Neville): All My Life

	Linda Ronstadt: All My Life (with Aaron Neville) - 1999 Remaster [cached]

Searching: Digital Underground: The Humpty Dance

	Digital Underground: The Humpty Dance [cached]

Searching: Seduction: Could This Be Love

	Seduction: Could This Be Love [cached]

Searching: Daryl Hall John Oates: So Close

	Daryl Hall & John Oates: So Close [cached]

Searching: Voices That Care: Voices That Care

	Voices Only: Voices That Care (feat. Friends of Voices Only) [cached]

Searching: Huey Lewis & The News: Couple Days Off

	Huey Lewis & The News: Couple Days Off - Single Edit [cached]

Searching: Lisa Fischer: How Can I Ease The Pain

	Lisa Fischer: How Can I Ease the Pain [cached]

Searching: David A. Stewart Introducing Candy Dulfer: Lily Was Here
=========> David A  Stewart Introducing Candy Dulfer: Lily Was Here

	 NOT FOUND

Searching: Heavy D & The Boyz: Now That We Found Love

	Heavy D & The Boyz: Now That We Found Love [cached]

Searching: The KLF Featuring Tammy Wynette: Justified And Ancient

	The KLF: Justified & Ancient [cached]

Searching: Jodeci: Come & Talk To Me

	Jodeci: Come and Talk to Me - Remix [cached]

Searching: Bryan Adams: Do I Have To Say The Words?

	Bryan Adams: Do I Have To Say The Words? [cached]

Searching: Michael Bolton: To Love Somebody

	Michael Bolton: To Love Somebody [cached]

Searching: Restless Heart: When She Cries

	Restless Heart: When She Cries [cached]

Searching: Portrait: Here We Go Again!

	Portrait: Here We Go Again! - Radio Edit [cached]

Searching: 95 South: Whoot, There It Is

	95 South: Whoot, There It Is [cached]

Searching: 2Pac: I Get Around

	2Pac: I Get Around [cached]

Searching: Haddaway: What Is Love

	Haddaway: What Is Love - 7" Mix [cached]

Searching: 10,000 Maniacs: Because The Night

	10,000 Maniacs: Because the Night - Live Unplugged [cached]

Searching: Collective Soul: Shine

	Collective Soul: Shine [cached]

Searching: Crystal Waters: 100% Pure Love

	Crystal Waters: 100% Pure Love [cached]

Searching: Corona: The Rhythm Of The Night

	Corona: The Rhythm of the Night [cached]

Searching: The Beatles: Real Love

	The Beatles: Real Love - Anthology 2 Version [cached]

Searching: Joe: All The Things (Your Man Won't Do) (From "Don't Be A Menace...")

	Joe: All The Things (Your Man Won't Do) [cached]

Searching: Jewel: Who Will Save Your Soul

	Jewel: Who Will Save Your Soul [cached]

Searching: Aaliyah: If Your Girl Only Knew

	Aaliyah: If Your Girl Only Knew (feat Timbaland and Missy Elliott) [cached]

Searching: MC Lyte: Cold Rock A Party

	MC Lyte: Cold Rock a Party [cached]

Searching: Sheryl Crow: Everyday Is A Winding Road

	Sheryl Crow: Everyday Is A Winding Road [cached]

Searching: Sister Hazel: All For You

	Sister Hazel: All For You [cached]

Searching: Paula Cole: I Don't Want To Wait

	Paula Cole: I Don't Want to Wait [cached]

Searching: Madonna: The Power Of Good-Bye

	Madonna: The Power of Good-Bye [cached]

Searching: Spice Girls: Goodbye

	Spice Girls: Goodbye [cached]

Searching: Gerald Levert: Taking Everything

	Gerald Levert: Taking Everything [cached]

Searching: Smash Mouth: Then The Morning Comes

	Smash Mouth: Then The Morning Comes [cached]

Searching: Jagged Edge: Let's Get Married

	Jagged Edge: Let's Get Married (feat. Run) - ReMarqable Remix [cached]

Searching: LeAnn Rimes: I Need You

	LeAnn Rimes: I Need You [cached]

Searching: Everclear: Wonderful

	Everclear: Wonderful [cached]

Searching: Ja Rule Featuring Christina Milian: Between Me And You

	Ja Rule: Between Me & You [cached]

Searching: JAY-Z: I Just Wanna Love U (Give It 2 Me)

	JAY-Z: I Just Wanna Love U (Give It 2 Me) [cached]

Searching: Britney Spears: Stronger

	Britney Spears: Stronger [cached]

Searching: K-Ci & JoJo: Crazy

	K-Ci & JoJo: Crazy [cached]

Searching: Lil' Mo Featuring Fabolous: Superwoman Pt. II

	Lil' Mo: Superwoman, Pt. II Remix (feat. Fabolous) [cached]

Searching: 'N Sync: Gone

	*NSYNC: Gone [cached]

Searching: LeAnn Rimes: Can't Fight The Moonlight

	LeAnn Rimes: Can't Fight The Moonlight [cached]

Searching: Busta Rhymes Featuring P. Diddy & Pharrell: Pass The Courvoisier Part II

	Busta Rhymes: Pass The Courvoisier Part II (feat. P. Diddy & Pharrell) - Remix [cached]

Searching: Big Tymers: Still Fly

	Big Tymers: Still Fly [cached]

Searching: Justin Timberlake: Like I Love You

	Justin Timberlake: Like I Love You [cached]

Searching: Wayne Wonder: No Letting Go

	Wayne Wonder: No Letting Go [cached]

Searching: Linkin Park: Numb

	Linkin Park: Numb [cached]

Searching: Kanye West: Jesus Walks

	Kanye West: Jesus Walks [cached]

Searching: Houston Featuring Chingy, Nate Dogg & I-20: I Like That

	Houston: I Like That [cached]

Searching: Jadakiss Featuring Anthony Hamilton: Why?

	Jadakiss: Why [cached]

Searching: Eminem: Mockingbird

	Eminem: Mockingbird [cached]

Searching: The Click Five: Just The Girl

	The Click Five: Just the Girl [cached]

Searching: Ray J: One Wish

	Ray J: One Wish [cached]

Searching: Beyonce: Ring The Alarm

	Beyoncé: Ring The Alarm [cached]

Searching: Ciara: Promise

	Ciara: Promise [cached]

Searching: Fall Out Boy: Thnks Fr Th Mmrs

	Fall Out Boy: Thnks fr th Mmrs [cached]

Searching: matchbox twenty: How Far We've Come

	Matchbox Twenty: How Far We've Come [cached]

Searching: Natasha Bedingfield Featuring Sean Kingston: Love Like This

	Natasha Bedingfield: Love Like This [cached]

Searching: Jonas Brothers: A Little Bit Longer

	Jonas Brothers: A Little Bit Longer [cached]

Searching: Artists Stand Up To Cancer: Just Stand Up!

	Artists Stand Up To Cancer: JUST STAND UP! [cached]

Searching: Leona Lewis: Better In Time

	Leona Lewis: Better in Time [cached]

Searching: Taylor Swift: You're Not Sorry

	Taylor Swift: You're Not Sorry [cached]

Searching: The Pussycat Dolls: I Hate This Part

	The Pussycat Dolls: I Hate This Part [cached]

Searching: Ne-Yo: Mad

	Ne-Yo: When You're Mad [cached]

Searching: Rascal Flatts: Here Comes Goodbye

	Rascal Flatts: Here Comes Goodbye - AC Mix [cached]

Searching: Kris Allen: No Boundaries

	Kris Allen: No Boundaries [cached]

Searching: Shakira: She Wolf

	Shakira: She Wolf [cached]

Searching: Carrie Underwood: Cowboy Casanova

	Carrie Underwood: Cowboy Casanova [cached]

Searching: Timbaland Featuring Justin Timberlake: Carry Out

	Timbaland: Carry Out (Featuring Justin Timberlake) [cached]

Searching: Ludacris Featuring Nicki Minaj: My Chick Bad

	Ludacris: My Chick Bad [cached]

Searching: Taylor Swift: Mean

	Taylor Swift: Mean [cached]

Searching: WILLOW: Whip My Hair

	WILLOW: Whip My Hair [cached]

Searching: Glee Cast Featuring Gwyneth Paltrow: Forget You

	Glee Cast: Forget You (Glee Cast Version) (feat. Gwyneth Paltrow) [cached]

Searching: Avril Lavigne: What The Hell

	Avril Lavigne: What the Hell [cached]

Searching: Diddy - Dirty Money Featuring Skylar Grey: Coming Home

	Diddy - Dirty Money: Coming Home [cached]

Searching: Scotty McCreery: I Love You This Big

	Scotty McCreery: I Love You This Big [cached]

Searching: Dev: In The Dark

	DEV: In The Dark [cached]

Searching: Justin Bieber: Mistletoe

	Justin Bieber: Mistletoe [cached]

Searching: Glee Cast: Rumour Has It / Someone Like You

	Glee Cast: Rumour Has It / Someone Like You (Glee Cast Version) [cached]

Searching: B.o.B: So Good

	B.o.B: So Good [cached]

Searching: Pitbull: Back In Time

	Pitbull: Back in Time - featured in "Men In Black 3" [cached]

Searching: Alicia Keys Featuring Nicki Minaj: Girl On Fire

	Alicia Keys: Girl on Fire [cached]

Searching: Macklemore & Ryan Lewis Featuring Mary Lambert: Same Love

	Macklemore & Ryan Lewis: Same Love - feat. Mary Lambert [cached]

Searching: Mike WiLL Made-It Featuring Miley Cyrus, Wiz Khalifa & Juicy J: 23

	Mike WiLL Made-It: 23 [cached]

Searching: One Direction: Diana

	One Direction: Diana [cached]

Searching: American Authors: Best Day Of My Life

	American Authors: Best Day Of My Life [cached]

Searching: Florida Georgia Line: Dirt

	Florida Georgia Line: Dirt [cached]

Searching: Big Sean Featuring E-40: I Don't F**k With You
=========> Big Sean: I Don t F  k With You

	 NOT FOUND

Searching: Usher Featuring Juicy J: I Don't Mind

	Usher: I Don't Mind (feat. Juicy J) [cached]

Searching: Demi Lovato: Cool For The Summer

	Demi Lovato: Cool for the Summer [cached]

Searching: Beyonce: Sorry

	Beyoncé: Sorry [cached]

Searching: Katy Perry: Rise

	Katy Perry: Rise [cached]

Searching: J. Cole: Immortal

	J. Cole: Immortal [cached]

Searching: Amine: Caroline

	Aminé: Caroline [cached]

Searching: James Arthur: Say You Won't Let Go

	James Arthur: Say You Won't Let Go [cached]

Searching: Julia Michaels: Issues

	Julia Michaels: Issues [cached]

Searching: Niall Horan: Slow Hands

	Niall Horan: Slow Hands [cached]

Searching: Gucci Mane Featuring Migos: I Get The Bag

	Gucci Mane: I Get the Bag (feat. Migos) [cached]

Searching: Kendrick Lamar Featuring Zacari: Love.

	Kendrick Lamar: LOVE. FEAT. ZACARI. [cached]

Searching: Bazzi: Mine

	Bazzi: Mine [cached]

Searching: Cardi B: Be Careful

	Cardi B: Be Careful [cached]

Searching: Post Malone: Paranoid

	Post Malone: Paranoid [cached]

Searching: Marshmello & Anne-Marie: Friends

	Marshmello: FRIENDS [cached]

Searching: Shawn Mendes: In My Blood

	Shawn Mendes: In My Blood [cached]

Searching: Kanye West: All Mine

	Kanye West: All Mine [cached]

Searching: BTS Featuring Nicki Minaj: IDOL

	BTS: IDOL [cached]

Searching: Ella Mai: Trip

	Ella Mai: Trip [cached]

Searching: DJ Snake Featuring Selena Gomez, Ozuna & Cardi B: Taki Taki

	DJ Snake: Taki Taki (with Selena Gomez, Ozuna & Cardi B) [cached]

Searching: Gucci Mane X Bruno Mars X Kodak Black: Wake Up In The Sky

	Gucci Mane: Wake Up in the Sky [cached]

Searching: Nat King Cole: The Christmas Song (Merry Christmas To You)

	Nat King Cole: The Christmas Song (Merry Christmas To You) [cached]

Searching: Polo G Featuring Lil Tjay: Pop Out

	Polo G: Pop Out (feat. Lil Tjay) [cached]

Searching: Megan Thee Stallion, Nicki Minaj & Ty Dolla $ign: Hot Girl Summer

	Megan Thee Stallion: Hot Girl Summer (feat. Nicki Minaj & Ty Dolla $ign) [cached]

Searching: Young Thug Featuring Gunna: Hot

	Young Thug: Hot (Remix) [feat. Gunna and Travis Scott] [cached]

Searching: Luke Combs: Even Though I'm Leaving

	Luke Combs: Even Though I'm Leaving [cached]

Searching: DaBaby: BOP

	DaBaby: BOP [cached]

Searching: Mustard & Roddy Ricch: Ballin'

	Mustard: Ballin' (with Roddy Ricch) [cached]

Searching: Lil Uzi Vert: P2

	Lil Uzi Vert: P2 [cached]

Searching: blackbear: Hot Girl Bummer

	blackbear: hot girl bummer [cached]

Searching: Juice WRLD: Righteous

	Juice WRLD: Righteous [cached]

Searching: Pop Smoke Featuring 50 Cent & Roddy Ricch: The Woo

	Pop Smoke: The Woo (feat. 50 Cent & Roddy Ricch) [cached]

Searching: Taylor Swift: Love Story (Taylor's Version)

	Taylor Swift: Love Story (Taylor’s Version) [cached]
