Found 305/312 = 98%
7 not found: 
Herbie Mann: Hijack
John Schneider: It's Now Or Never
Thirty Eight Special: Like No Other Night
Martin Page: In The House Of Stone And Light
Profyle: Liar
Diana DeGarmo: Dreams
Young Jeezy: I Luv It
--------- log -----------
Searching: Doris Day: Everybody Loves A Lover

	Doris Day: Everybody Loves a Lover

Searching: Billy & Lillie: Lucky Ladybug
=========> Billy   Lillie: Lucky Ladybug

	Billy & Lillie: Lucky Ladybug

Searching: Neil Sedaka: The Diary

	Neil Sedaka: The Diary

Searching: Frankie Ford: Sea Cruise

	Frankie Ford: Sea Cruise

Searching: Preston Epps: Bongo Rock

	Preston Epps: Bongo Rock

Searching: Jerry Keller: Here Comes Summer

	Jerry Keller: Here Comes Summer

Searching: Homer And Jethro: The Battle Of Kookamonga

	Homer & Jethro: The Battle Of Kookamonga - Digitally Mastered 1988

Searching: The Nutty Squirrels: Uh! Oh! Part 2
=========> The Nutty Squirrels: Uh  Oh  Part 2

	The Nutty Squirrels: Uh! Oh! Part 2

Searching: Lloyd Price and His Orchestra: Lady Luck
=========> Lloyd Price: Lady Luck

	Lloyd Price: Lady Luck

Searching: The Crests: Step By Step

	The Crests: Step By Step

Searching: Johnny Preston: Feel So Fine

	Johnny Preston: Feel So Fine

Searching: Chubby Checker: The Hucklebuck

	Chubby Checker: The Hucklebuck

Searching: Fats Domino: My Girl Josephine

	Fats Domino: My Girl Josephine

Searching: Bobby Rydell: Sway

	Bobby Rydell: Sway

Searching: Bobby Darin: Lazy River

	Bobby Darin: Lazy River

Searching: Elvis Presley With The Jordanaires: Flaming Star
=========> Elvis Presley: Flaming Star

	Elvis Presley: Flaming Star

Searching: The Drifters: Please Stay

	The Drifters: Please Stay - Single Version

Searching: Ike & Tina Turner: It's Gonna Work Out Fine
=========> Ike   Tina Turner: It s Gonna Work Out Fine

	Ike & Tina Turner: It's Gonna Work Out Fine

Searching: The Chantels: Look In My Eyes

	The Chantels: Look In My Eyes

Searching: Connie Francis: (He's My) Dreamboat
=========> Connie Francis: Dreamboat

	Connie Francis: (He's My) Dreamboat

Searching: The Angels: 'Til
=========> The Angels: Til

	The Angels: Till

Searching: Patsy Cline: She's Got You
=========> Patsy Cline: She s Got You

	Patsy Cline: She's Got You - Single Version

Searching: Bobby Rydell: I'll Never Dance Again
=========> Bobby Rydell: I ll Never Dance Again

	Bobby Rydell: I'll Never Dance Again

Searching: Eddie Hodges: (Girls, Girls, Girls) Made To Love
=========> Eddie Hodges: Made To Love

	Eddie Hodges: (Girls Girls Girls) Made to Love

Searching: Johnny Crawford: Your Nose Is Gonna Grow

	Johnny Crawford: Your Nose Is Gonna Grow

Searching: The Beach Boys: Surfin' Safari
=========> The Beach Boys: Surfin  Safari

	The Beach Boys: Surfin' Safari - Mono/Remastered 2001

Searching: Dickey Lee: I Saw Linda Yesterday

	Dickey Lee: I Saw Linda Yesterday

Searching: Joe Harnell And His Orchestra: Fly Me To The Moon - Bossa Nova
=========> Joe Harnell: Fly Me To The Moon   Bossa Nova

	Joe Harnell: Fly Me to the Moon

Searching: Jan Bradley: Mama Didn't Lie
=========> Jan Bradley: Mama Didn t Lie

	Jan Bradley: Mama Didn't Lie

Searching: Tony Bennett: I Wanna Be Around

	Tony Bennett: I Wanna Be Around (with Ricardo Arjona)

Searching: Richard Chamberlain: All I Have To Do Is Dream

	Richard Chamberlain: All I Have To Do Is Dream

Searching: Tom Glazer And The Do-Re-Mi Children's Chorus: On Top Of Spaghetti
=========> Tom Glazer: On Top Of Spaghetti

	Tom Glazer: On Top Of Spaghetti

Searching: The New Christy Minstrels: Green, Green
=========> The New Christy Minstrels: Green  Green

	The New Christy Minstrels: Green, Green

Searching: Sam Cooke: Frankie And Johnny

	Sam Cooke: Frankie And Johnny - Live

Searching: Robin Ward: Wonderful Summer

	Robin Ward: Wonderful Summer

Searching: Jack Jones: Wives And Lovers

	Jack Jones: Wives And Lovers

Searching: The Beatles: I Saw Her Standing There

	The Beatles: I Saw Her Standing There - Remastered 2009

Searching: The Impressions: I'm So Proud
=========> The Impressions: I m So Proud

	The Impressions: I'm So Proud

Searching: Chuck Berry: You Never Can Tell

	Chuck Berry: You Never Can Tell

Searching: Lesley Gore: Maybe I Know

	Lesley Gore: Maybe I Know

Searching: The Nashville Teens: Tobacco Road

	The Nashville Teens: Tobacco Road

Searching: Ronnie Dove: Right Or Wrong

	Ronnie Dove: Right or Wrong

Searching: The Dave Clark Five: Any Way You Want It

	The Dave Clark Five: Any Way You Want It - 2019 - Remaster

Searching: Gerry And The Pacemakers: I'll Be There
=========> Gerry: I ll Be There

	Gerry & The Pacemakers: I'll Be There - First Version

Searching: Alvin Cash & The Crawlers: Twine Time
=========> Alvin Cash   The Crawlers: Twine Time

	Alvin Cash: Twine Time

Searching: The Dave Clark Five: Come Home

	The Dave Clark Five: Come Home - 2019 - Remaster

Searching: The Impressions: People Get Ready

	The Impressions: People Get Ready

Searching: Ronnie Dove: One Kiss For Old Times' Sake
=========> Ronnie Dove: One Kiss For Old Times  Sake

	Ronnie Dove: One Kiss for Old Times' Sake

Searching: Peter And Gordon: True Love Ways

	Peter And Gordon: True Love Ways

Searching: Dickey Lee: Laurie (Strange Things Happen)
=========> Dickey Lee: Laurie

	Dickey Lee: Laurie (Strange Things Happen)

Searching: Billy Joe Royal: I Knew You When

	Billy Joe Royal: I Knew You When

Searching: The Miracles: My Girl Has Gone

	Smokey Robinson & The Miracles: My Girl Has Gone

Searching: Elvis Presley With The Jordanaires: Puppet On A String
=========> Elvis Presley: Puppet On A String

	Elvis Presley: Puppet on a String

Searching: Jackie Lee: The Duck

	Jackie Lee: The Duck

Searching: Sonny & Cher: What Now My Love
=========> Sonny   Cher: What Now My Love

	Sonny & Cher: What Now My Love

Searching: Peter And Gordon: Woman

	Peter And Gordon: Woman

Searching: The Byrds: Eight Miles High

	The Byrds: Eight Miles High

Searching: The Kinks: Sunny Afternoon

	The Kinks: Sunny Afternoon - Mono Mix

Searching: Carla Thomas: B-A-B-Y
=========> Carla Thomas: B A B Y

	Carla Thomas: B-A-B-Y

Searching: Marvin Gaye & Kim Weston: It Takes Two
=========> Marvin Gaye   Kim Weston: It Takes Two

	Marvin Gaye: It Takes Two

Searching: The Platters: With This Ring

	The Platters: With This Ring

Searching: Four Tops: 7 Rooms Of Gloom

	Four Tops: 7-Rooms Of Gloom

Searching: Bee Gees: New York Mining Disaster 1941 (Have You Seen My Wife, Mr. Jones)
=========> Bee Gees: New York Mining Disaster 1941

	Bee Gees: New York Mining Disaster 1941

Searching: Janis Ian: Society's Child (Baby I've Been Thinking)
=========> Janis Ian: Society s Child

	Janis Ian: Society's Child (Baby I've Been Thinking) - Single Version

Searching: Nancy Sinatra & Lee Hazlewood: Jackson
=========> Nancy Sinatra   Lee Hazlewood: Jackson

	Nancy Sinatra: Jackson

Searching: The Rolling Stones: Dandelion

	The Rolling Stones: Dandelion

Searching: The Temptations: (Loneliness Made Me Realize) It's You That I Need
=========> The Temptations: It s You That I Need

	The Temptations: (Loneliness Made Me Realize) It's You That I Need

Searching: Spanky And Our Gang: Lazy Day

	Spanky & Our Gang: Lazy Day

Searching: Jay And The Techniques: Keep The Ball Rollin'
=========> Jay: Keep The Ball Rollin

	Jay: Keep The Ball Rollin'

Searching: The Turtles: She's My Girl
=========> The Turtles: She s My Girl

	The Turtles: She's My Girl

Searching: Johnny Rivers: Summer Rain

	Johnny Rivers: Summer Rain - Remastered

Searching: The Impressions: We're A Winner
=========> The Impressions: We re A Winner

	The Impressions: We're A Winner

Searching: Four Tops: Walk Away Renee

	Four Tops: Walk Away Renee

Searching: Blue Cheer: Summertime Blues

	Blue Cheer: Summertime Blues

Searching: Arthur Conley: Funky Street

	Arthur Conley: Funky Street

Searching: People: I Love You

	People of The Earth: Your Love Is

Searching: James Brown And The Famous Flames: Licking Stick - Licking Stick (Part 1)
=========> James Brown: Licking Stick   Licking Stick

	James Brown & The Famous Flames: Licking Stick - Licking Stick - Pt. 1 / Mono

Searching: Eric Burdon & The Animals: Sky Pilot (Part One)
=========> Eric Burdon   The Animals: Sky Pilot

	Eric Burdon & the Animals: Sky Pilot

Searching: Aretha Franklin: See Saw

	Aretha Franklin: See Saw

Searching: Rene & Rene: Lo Mucho Que Te Quiero (The More I Love You)
=========> Rene   Rene: Lo Mucho Que Te Quiero

	Rene y Rene: Lo Mucho Que Te Quiero

Searching: The Bubble Puppy: Hot Smoke & Sasafrass
=========> The Bubble Puppy: Hot Smoke   Sasafrass

	The Bubble Puppy: Hot Smoke & Sasafrass (Live Version)

Searching: The Joe Jeffrey Group: My Pledge Of Love
=========> Joe Jeffrey Group: My Pledge Of Love

	Joe Jeffrey Group: My Pledge Of Love

Searching: Plastic Ono Band: Give Peace A Chance

	The Plastic Ono Band: Give Peace A Chance - 2010 Remaster

Searching: Creedence Clearwater Revival: Fortunate Son

	Creedence Clearwater Revival: Fortunate Son

Searching: The Originals: Baby, I'm For Real
=========> The Originals: Baby  I m For Real

	The Originals: Baby, I'm For Real

Searching: Miguel Rios: A Song Of Joy (Himno A La Alegria)
=========> Miguel Rios: A Song Of Joy

	Miguel Ríos: Song of Joy - Himno a la alegría

Searching: Pacific Gas And Electric: Are You Ready?
=========> Pacific Gas And Electric: Are You Ready

	Pacific Gas & Electric: Are You Ready?

Searching: Crosby, Stills, Nash & Young: Ohio
=========> Crosby  Stills  Nash   Young: Ohio

	Crosby, Stills, Nash & Young: Ohio

Searching: Blood, Sweat & Tears: Hi-De-Ho
=========> Blood  Sweat   Tears: Hi De Ho

	Blood, Sweat & Tears: Hi-De-Ho

Searching: Tom Jones: I (Who Have Nothing)
=========> Tom Jones: I

	Tom Jones: It's Not Unusual

Searching: The Spinners: It's A Shame
=========> The Spinners: It s A Shame

	The Spinners: It's A Shame

Searching: The New Seekers featuring Eve Graham: Look What They've Done To My Song Ma
=========> The New Seekers: Look What They ve Done To My Song Ma

	The New Seekers: Look What They’ve Done To My Song, Ma - Live At The Royal Albert Hall

Searching: Wilson Pickett: Engine Number 9

	Wilson Pickett: Get Me Back On Time, Engine Number 9 (Pt. 1/Pt. 2)

Searching: The Supremes & Four Tops: River Deep - Mountain High
=========> The Supremes   Four Tops: River Deep   Mountain High

	The Supremes: River Deep, Mountain High

Searching: Stephen Stills: Love The One You're With
=========> Stephen Stills: Love The One You re With

	Stephen Stills: Love the One You're With

Searching: Murray Head With The Trinidad Singers: Superstar
=========> Murray Head: Superstar

	Murray Head: Superstar

Searching: The Osmonds: Double Lovin'
=========> The Osmonds: Double Lovin

	The Osmonds: Double Lovin'

Searching: The Doors: Riders On The Storm

	The Doors: Riders on the Storm

Searching: Carole King: So Far Away/Smackwater Jack
=========> Carole King: So Far Away

	Carole King: So Far Away

Searching: Neil Diamond: Stones/Crunchy Granola Suite
=========> Neil Diamond: Stones

	Neil Diamond: Stones - Single Version

Searching: Badfinger: Baby Blue

	Badfinger: Baby Blue - Remastered 2010

Searching: Love Unlimited: Walkin' In The Rain With The One I Love
=========> Love Unlimited: Walkin  In The Rain With The One I Love

	Love Unlimited: Walkin' In The Rain With The One I Love

Searching: The Osmonds: Hold Her Tight

	The Osmonds: Hold Her Tight

Searching: Rick Springfield: Speak To The Sky

	Rick Springfield: Speak to the Sky

Searching: The Osmonds: Crazy Horses

	The Osmonds: Crazy Horses

Searching: James Taylor: Don't Let Me Be Lonely Tonight
=========> James Taylor: Don t Let Me Be Lonely Tonight

	James Taylor: Don't Let Me Be Lonely Tonight

Searching: Jud Strunk: Daisy A Day

	Jud Strunk: Daisy a Day

Searching: Edgar Winter Group: Free Ride

	The Edgar Winter Group: Free Ride

Searching: The Stylistics: Rockin' Roll Baby
=========> The Stylistics: Rockin  Roll Baby

	The Stylistics: Rockin' Roll Baby

Searching: Donny Osmond: When I Fall In Love/Are You Lonesome Tonight
=========> Donny Osmond: When I Fall In Love

	Donny Osmond: When I Fall In Love

Searching: Diana Ross: Last Time I Saw Him

	Diana Ross: Last Time I Saw Him

Searching: Carly Simon: Haven't Got Time For The Pain
=========> Carly Simon: Haven t Got Time For The Pain

	Carly Simon: Haven't Got Time for the Pain

Searching: Fancy: Wild Thing

	Fancy: Wild Thing

Searching: Elvis Presley: Promised Land

	Elvis Presley: Promised Land

Searching: Bachman-Turner Overdrive: Roll On Down The Highway
=========> Bachman Turner Overdrive: Roll On Down The Highway

	Bachman-Turner Overdrive: Roll On Down The Highway

Searching: Sweet Sensation: Sad Sweet Dreamer

	Sweet Sensation: Sad Sweet Dreamer

Searching: Herbie Mann: Hijack

	 NOT FOUND

Searching: Ray Stevens: Misty

	Ray Stevens: Misty

Searching: Tony Orlando & Dawn: Mornin' Beautiful
=========> Tony Orlando   Dawn: Mornin  Beautiful

	Tony Orlando & Dawn: Mornin' Beautiful

Searching: Amazing Rhythm Aces: Third Rate Romance

	Amazing Rhythm Aces: Third Rate Romance - Remastered

Searching: Leon Russell: Lady Blue

	Leon Russell: Lady Blue

Searching: Elton John: Grow Some Funk Of Your Own/I Feel Like A Bullet (In The Gun Of Robert Ford)
=========> Elton John: Grow Some Funk Of Your Own

	Elton John: Grow Some Funk Of Your Own

Searching: The Wing And A Prayer Fife & Drum Corps.: Baby Face
=========> Wing: Baby Face

	Wings: Baby Face - From "One Hand Clapping" / Remastered 2014

Searching: Donny & Marie Osmond: Deep Purple
=========> Donny   Marie Osmond: Deep Purple

	Donny Osmond: Deep Purple

Searching: Electric Light Orchestra: Strange Magic

	Electric Light Orchestra: Strange Magic

Searching: Brass Construction: Movin'
=========> Brass Construction: Movin

	Brass Construction: Movin’

Searching: Yvonne Elliman: Love Me

	Yvonne Elliman: Love Me

Searching: The Marshall Tucker Band: Heard It In A Love Song

	The Marshall Tucker Band: Heard It in a Love Song

Searching: ABBA: Knowing Me, Knowing You
=========> ABBA: Knowing Me  Knowing You

	ABBA: Knowing Me, Knowing You

Searching: Little River Band: Help Is On Its Way

	Little River Band: Help Is On Its Way - 2010 Digital Remaster

Searching: Bob Welch: Ebony Eyes

	Bob Welch: Ebony Eyes

Searching: Atlanta Rhythm Section: I'm Not Gonna Let It Bother Me Tonight
=========> Atlanta Rhythm Section: I m Not Gonna Let It Bother Me Tonight

	Atlanta Rhythm Section: I'm Not Gonna Let It Bother Me Tonight

Searching: The Who: Who Are You

	The Who: Who Are You

Searching: Chicago: Alive Again

	Chicago: Alive Again - 2002 Remaster

Searching: Blues Brothers: Soul Man

	The Blues Brothers: Soul Man - Live

Searching: Chicago: No Tell Lover

	Chicago: No Tell Lover - 2002 Remaster

Searching: Billy Joel: Big Shot

	Billy Joel: Big Shot

Searching: The Doobie Brothers: Minute By Minute

	The Doobie Brothers: Minute by Minute

Searching: Peter Frampton: I Can't Stand It No More
=========> Peter Frampton: I Can t Stand It No More

	Peter Frampton: I Can't Stand It No More

Searching: The Cars: Let's Go
=========> The Cars: Let s Go

	The Cars: Let's Go

Searching: Robert Palmer: Bad Case Of Loving You (Doctor, Doctor)
=========> Robert Palmer: Bad Case Of Loving You

	Robert Palmer: Bad Case Of Loving You (Doctor, Doctor)

Searching: Foreigner: Head Games

	Foreigner: Head Games

Searching: Jefferson Starship: Jane

	Jefferson Starship: Jane

Searching: Pretenders: Brass In Pocket (I'm Special)
=========> Pretenders: Brass In Pocket

	Pretenders: Brass in Pocket

Searching: Kenny Rogers: Love The World Away

	Kenny Rogers: Love The World Away

Searching: Genesis: Misunderstanding

	Genesis: Misunderstanding - Remastered 2007

Searching: Bob Seger: You'll Accomp'ny Me
=========> Bob Seger: You ll Accomp ny Me

	Bob Seger: You'll Accomp'ny Me

Searching: Boz Scaggs: Look What You've Done To Me
=========> Boz Scaggs: Look What You ve Done To Me

	Boz Scaggs: Look What You've Done to Me

Searching: Devo: Whip It

	DEVO: Whip It

Searching: Boz Scaggs: Miss Sun

	Boz Scaggs: Miss Sun

Searching: Dottie West with Kenny Rogers: What Are We Doin' In Love
=========> Dottie West: What Are We Doin  In Love

	Dottie West: What Are We Doin' In Love!

Searching: John Schneider: It's Now Or Never
=========> John Schneider: It s Now Or Never

	 NOT FOUND

Searching: Kenny Rogers: Share Your Love With Me

	Kenny Rogers: Share Your Love With Me

Searching: Quincy Jones Featuring James Ingram: One Hundred Ways
=========> Quincy Jones: One Hundred Ways

	Quincy Jones: One Hundred Ways

Searching: Little River Band: Man On Your Mind

	Little River Band: Man On Your Mind - Remastered

Searching: Ronnie Milsap: Any Day Now

	Ronnie Milsap: Any Day Now

Searching: Duran Duran: Rio

	Duran Duran: Rio - 2009 Remaster

Searching: Rod Stewart: Baby Jane

	Rod Stewart: Baby Jane - 2008 Remaster

Searching: Quarterflash: Take Me To Heart

	Quarterflash: Take Me To Heart

Searching: Stevie Nicks: If Anyone Falls

	Stevie Nicks: If Anyone Falls - 2016 Remaster

Searching: David Bowie: Modern Love

	David Bowie: Modern Love - 2018 Remaster

Searching: Peter Schilling: Major Tom (Coming Home)
=========> Peter Schilling: Major Tom

	Peter Schilling: Major Tom - Coming Home

Searching: Billy Joel: The Longest Time

	Billy Joel: The Longest Time

Searching: Night Ranger: When You Close Your Eyes

	Night Ranger: When You Close Your Eyes

Searching: Ray Parker Jr.: Jamie
=========> Ray Parker Jr: Jamie

	Ray Parker Jr.: Jamie

Searching: Chicago: Along Comes A Woman

	Chicago: Along Comes a Woman - 2006 Remaster

Searching: Simple Minds: Sanctify Yourself

	Simple Minds: Sanctify Yourself

Searching: Thirty Eight Special: Like No Other Night

	 NOT FOUND

Searching: GTR: When The Heart Rules The Mind

	GTR: When the Heart Rules the Mind

Searching: The Blow Monkeys: Digging Your Scene

	The Blow Monkeys: Digging Your Scene

Searching: Eurythmics: Missionary Man

	Eurythmics: Missionary Man

Searching: Journey: I'll Be Alright Without You
=========> Journey: I ll Be Alright Without You

	Journey: I'll Be Alright Without You

Searching: Eddie Money: I Wanna Go Back

	Eddie Money: I Wanna Go Back

Searching: Robbie Nevil: Dominoes

	Robbie Nevil: Dominoes

Searching: Bruce Hornsby & The Range: Every Little Kiss
=========> Bruce Hornsby   The Range: Every Little Kiss

	Bruce Hornsby: Every Little Kiss

Searching: Janet Jackson: The Pleasure Principle

	Janet Jackson: The Pleasure Principle

Searching: LL Cool J: I Need Love

	LL Cool J: I Need Love

Searching: Aerosmith: Dude (Looks Like A Lady)
=========> Aerosmith: Dude

	Aerosmith: Dude (Looks Like A Lady)

Searching: Icehouse: Crazy

	ICEHOUSE: Crazy

Searching: Fleetwood Mac: Everywhere

	Fleetwood Mac: Everywhere - 2017 Remaster

Searching: John Mellencamp: Check It Out

	John Mellencamp: Check It Out

Searching: Cher: We All Sleep Alone

	Cher: We All Sleep Alone

Searching: U2: Angel Of Harlem

	U2: Angel Of Harlem

Searching: Erasure: A Little Respect

	Erasure: A Little Respect - 2009 Remastered Version

Searching: Anita Baker: Just Because

	Anita Baker: Just Because

Searching: Sweet Sensation (With Romeo J.D.): Sincerely Yours
=========> Sweet Sensation: Sincerely Yours

	Sweet Sensation: Sincerely Yours

Searching: The Belle Stars: Iko Iko (From "Rain Man")
=========> The Belle Stars: Iko Iko

	The Belle Stars: Iko Iko

Searching: Roxette: Dressed For Success

	Roxette: Dressed For Success

Searching: Babyface: Tender Lover

	Babyface: Tender Lover

Searching: Mellow Man Ace: Mentirosa

	Mellow Man Ace: Mentirosa

Searching: Lisa Stansfield: You Can't Deny It
=========> Lisa Stansfield: You Can t Deny It

	Lisa Stansfield: You Can't Deny It - US Version - Remastered

Searching: Keith Sweat: Make You Sweat

	Keith Sweat: Make It Last Forever (with Jacci McGhee) - Extended Version; 2007 Remaster

Searching: Kyper: Tic-Tac-Toe
=========> Kyper: Tic Tac Toe

	Kyper: Tic Tac Toe (Original Mix)

Searching: Soho: Hippychick

	Soho: Hippychick

Searching: The Rembrandts: Just The Way It Is, Baby
=========> The Rembrandts: Just The Way It Is  Baby

	The Rembrandts: Just the Way It Is, Baby

Searching: Nelson: More Than Ever

	Nelson: More Than Ever - Remastered 2017

Searching: The Triplets: You Don't Have To Go Home Tonight
=========> The Triplets: You Don t Have To Go Home Tonight

	the Triplets: You Don't Have to Go Home Tonight

Searching: Natalie Cole: Unforgettable

	Natalie Cole: Unforgettable (Duet with Nat King Cole)

Searching: Tony Terry: With You

	Tony Terry: With You

Searching: John Mellencamp: Get A Leg Up

	John Mellencamp: Get A Leg Up

Searching: Kathy Troccoli: Everything Changes

	Kathy Troccoli: Everything Changes

Searching: Annie Lennox: Walking On Broken Glass

	Annie Lennox: Walking on Broken Glass

Searching: N2Deep: Back To The Hotel

	N2DEEP: Back To The Hotel

Searching: Go West: Faithful

	Go West: Faithful

Searching: Bobby Brown: Get Away

	Bobby Brown: Get Away

Searching: Positive K: I Got A Man

	Positive K: I Got A Man

Searching: Jeremy Jordan: The Right Kind Of Love (From "Beverly Hills, 90210")
=========> Jeremy Jordan: The Right Kind Of Love

	Jeremy Jordan: The Right Kind of Love

Searching: Michael Jackson: Who Is It

	Michael Jackson: Who Is It

Searching: 4 Non Blondes: What's Up
=========> 4 Non Blondes: What s Up

	4 Non Blondes: What's Up?

Searching: Madonna: Rain

	Madonna: Rain

Searching: Tom Petty And The Heartbreakers: Mary Jane's Last Dance
=========> Tom Petty: Mary Jane s Last Dance

	Tom Petty and the Heartbreakers: Mary Jane's Last Dance

Searching: Aaron Hall: I Miss You

	Aaron Hall: I Miss You

Searching: The 4 Seasons: December 1963 (Oh, What A Night)
=========> The 4 Seasons: December 1963

	Frankie Valli & The Four Seasons: December, 1963 (Oh What a Night!)

Searching: 20 Fingers Featuring Gillette: Short Dick Man
=========> 20 Fingers: Short Dick Man

	20 Fingers: Short Dick Man - Club Mix

Searching: Martin Page: In The House Of Stone And Light
=========> Martin Page: In House Of Stone And Light

	 NOT FOUND

Searching: Jodeci: Freek'n You
=========> Jodeci: Freek n You

	Jodeci: Freek'n You

Searching: Bon Jovi: This Ain't A Love Song
=========> Bon Jovi: This Ain t A Love Song

	Bon Jovi: This Ain't A Love Song

Searching: Bone Thugs-N-Harmony: 1st Of Tha Month
=========> Bone Thugs N Harmony: 1st Of Tha Month

	Bone Thugs-N-Harmony: 1st of Tha Month

Searching: Hootie & The Blowfish: Time
=========> Hootie   The Blowfish: Time

	Hootie & The Blowfish: Time

Searching: Case Featuring Foxxy Brown: Touch Me Tease Me (From "The Nutty Professor")
=========> Case: Touch Me Tease Me

	Case: Touch Me Tease Me

Searching: John Mellencamp: Key West Intermezzo (I Saw You First)
=========> John Mellencamp: Key West Intermezzo

	John Mellencamp: Key West Intermezzo (I Saw You First)

Searching: Montell Jordan: I Can Do That

	Montell Jordan: I Can Do That

Searching: Next: I Still Love You

	Next: I Still Love You

Searching: BLACKstreet & Mya Featuring Mase & Blinky Blink: Take Me There
=========> BLACKstreet   Mya: Take Me There

	Blackstreet: Take Me There - "I Want You Back" Remix Version

Searching: Sarah McLachlan: I Will Remember You (Live)
=========> Sarah McLachlan: I Will Remember You

	Sarah McLachlan: I Will Remember You

Searching: Tal Bachman: She's So High
=========> Tal Bachman: She s So High

	Tal Bachman: She's so High

Searching: Britney Spears: From The Bottom Of My Broken Heart

	Britney Spears: From the Bottom of My Broken Heart

Searching: Third Eye Blind: Never Let You Go

	Third Eye Blind: Never Let You Go - 2008 Remaster

Searching: Red Hot Chili Peppers: Otherside

	Red Hot Chili Peppers: Otherside

Searching: Profyle: Liar

	 NOT FOUND

Searching: R. Kelly: I Wish
=========> R  Kelly: I Wish

	R. Kelly: I Wish

Searching: Mystikal Featuring Nivea: Danger (Been So Long)
=========> Mystikal: Danger

	Mystikal: Danger (Been So Long) featuring Nivea

Searching: Lee Ann Womack: I Hope You Dance

	Lee Ann Womack: I Hope You Dance

Searching: Moby Featuring Gwen Stefani: South Side
=========> Moby: South Side

	Moby: South Side

Searching: Aaliyah: Rock The Boat

	Aaliyah: Rock The Boat

Searching: Five For Fighting: Superman (It's Not Easy)
=========> Five For Fighting: Superman

	Five For Fighting: Superman (It's Not Easy)

Searching: Michael Jackson: Butterflies

	Michael Jackson: Butterflies

Searching: Mr. Cheeks: Lights, Camera, Action!
=========> Mr  Cheeks: Lights  Camera  Action

	Mr. Cheeks: Lights, Camera, Action!

Searching: Faith Evans: I Love You

	Faith Evans: I Love You

Searching: Dirty Vegas: Days Go By

	Dirty Vegas: Days Go By

Searching: Eminem: Sing For The Moment

	Eminem: Sing For The Moment

Searching: Bow Wow Featuring Baby: Let's Get Down
=========> Bow Wow: Let s Get Down

	Bow Wow: Let's Get Down (feat. Baby) - Extended Album Version

Searching: Young Gunz: Can't Stop, Won't Stop
=========> Young Gunz: Can t Stop  Won t Stop

	Young Gunz: Can't Stop, Won't Stop

Searching: Jessica Simpson: With You

	Jessica Simpson: With You

Searching: Sheryl Crow: The First Cut Is The Deepest

	Sheryl Crow: The First Cut Is The Deepest

Searching: Sean Paul Featuring Sasha: I'm Still In Love With You
=========> Sean Paul: I m Still In Love With You

	Sean Paul: I'm Still in Love with You (feat. Sasha)

Searching: Diana DeGarmo: Dreams

	 NOT FOUND

Searching: Lil Wayne: Go D.J.
=========> Lil Wayne: Go D J

	Lil Wayne: It's Good

Searching: Trillville Featuring Cutty: Some Cut
=========> Trillville: Some Cut

	Trillville: Some Cut

Searching: 3 Doors Down: Let Me Go

	3 Doors Down: Let Me Go

Searching: Jessica Simpson: These Boots Are Made For Walkin'
=========> Jessica Simpson: These Boots Are Made For Walkin

	Jessica Simpson: These Boots Are Made for Walkin'

Searching: Destiny's Child: Cater 2 U
=========> Destiny s Child: Cater 2 U

	Destiny's Child: Cater 2 U

Searching: Gorillaz: Feel Good Inc

	Gorillaz: Feel Good Inc.

Searching: The Black Eyed Peas: Don't Lie
=========> The Black Eyed Peas: Don t Lie

	The Hit Co., The Tribute Co.: Don't Lie

Searching: Twista Featuring Trey Songz: Girl Tonite
=========> Twista: Girl Tonite

	Twista: Girl Tonite (feat. Trey Songz)

Searching: Jessica Simpson: A Public Affair

	Jessica Simpson: A Public Affair

Searching: The Killers: When You Were Young

	The Killers: When You Were Young

Searching: Young Jeezy: I Luv It

	 NOT FOUND

Searching: Corbin Bleu: Push It To The Limit

	Corbin Bleu: Push It to the Limit

Searching: Hellogoodbye: Here (In Your Arms)
=========> Hellogoodbye: Here

	Hellogoodbye: Here (In Your Arms) - Radio Edit

Searching: John Mayer: Waiting On The World To Change

	John Mayer: Waiting On the World to Change

Searching: Robin Thicke: Lost Without U

	Robin Thicke: Lost Without U

Searching: Sean Kingston: Me Love

	Sean Kingston: Me Love

Searching: Trey Songz: Can't Help But Wait
=========> Trey Songz: Can t Help But Wait

	Trey Songz: Can't Help but Wait

Searching: Plies Featuring Akon: Hypnotized
=========> Plies: Hypnotized

	Plies: Hypnotized (feat. Akon)

Searching: Colby O'Donis Featuring Akon: What You Got
=========> Colby O Donis: What You Got

	Colby O'Donis: What You Got - Main

Searching: Mario Featuring Gucci Mane & Sean Garrett: Break Up
=========> Mario: Break Up

	Mario: Break Up

Searching: Fabolous Featuring The-Dream: Throw It In The Bag
=========> Fabolous: Throw It In The Bag

	Fabolous: Throw It In The Bag

Searching: Drake: Over

	Drake: Over

Searching: Nicki Minaj: Your Love

	Nicki Minaj: Your Love

Searching: Maroon 5: Misery

	Maroon 5: Misery

Searching: Chris Brown Featuring Tyga & Kevin McCall: Deuces
=========> Chris Brown: Deuces

	Chris Brown: Deuces (feat. Tyga & Kevin McCall)

Searching: David Guetta Featuring Flo Rida & Nicki Minaj: Where Them Girls At
=========> David Guetta: Where Them Girls At

	David Guetta: Where Them Girls At (feat. Nicki Minaj & Flo Rida)

Searching: Coldplay: Every Teardrop Is A Waterfall

	Coldplay: Every Teardrop Is a Waterfall

Searching: Jason Derulo: Don't Wanna Go Home
=========> Jason Derulo: Don t Wanna Go Home

	Jason Derulo: Don't Wanna Go Home

Searching: The Band Perry: If I Die Young

	The Band Perry: If I Die Young

Searching: Rihanna: You Da One

	Rihanna: You Da One

Searching: Drake Featuring Lil Wayne: The Motto
=========> Drake: The Motto

	Drake: The Motto

Searching: Katy Perry: Unconditionally

	Katy Perry: Unconditionally

Searching: The Neighbourhood: Sweater Weather

	The Neighbourhood: Sweater Weather

Searching: Luke Bryan: Play It Again

	Luke Bryan: Play It Again

Searching: Rixton: Me And My Broken Heart

	Rixton: Me And My Broken Heart

Searching: Coldplay: Magic

	Coldplay: Magic

Searching: MKTO: Classic

	MKTO: Classic

Searching: Jason Derulo: Trumpets

	Jason Derulo: Trumpets

Searching: Mr. Probz: Waves
=========> Mr  Probz: Waves

	Mr. Probz: Waves - Robin Schulz Radio Edit

Searching: Matt McAndrew: Wasted Love

	Matt McAndrew: Wasted Love

Searching: Nicki Minaj Featuring Drake & Lil Wayne: Truffle Butter
=========> Nicki Minaj: Truffle Butter

	Nicki Minaj: Truffle Butter

Searching: Meghan Trainor: Dear Future Husband

	Meghan Trainor: Dear Future Husband

Searching: Post Malone: White Iverson

	Post Malone: White Iverson

Searching: Adele: When We Were Young

	Adele: When We Were Young

Searching: Nick Jonas Featuring Tove Lo: Close
=========> Nick Jonas: Close

	Nick Jonas: Close

Searching: Florida Georgia Line: H.O.L.Y.
=========> Florida Georgia Line: H O L Y

	Florida Georgia Line: H.O.L.Y. - Acoustic

Searching: Drake Featuring Rihanna: Too Good
=========> Drake: Too Good

	Drake: Too Good

Searching: Future Featuring Drake: Used To This
=========> Future: Used To This

	Future: Used to This (feat. Drake)

Searching: Nicki Minaj, Drake & Lil Wayne: No Frauds
=========> Nicki Minaj  Drake   Lil Wayne: No Frauds

	Nicki Minaj: No Frauds

Searching: Kendrick Lamar Featuring Rihanna: Loyalty.
=========> Kendrick Lamar: Loyalty

	Kendrick Lamar: LOYALTY. FEAT. RIHANNA.

Searching: Eminem Featuring Beyonce: Walk On Water
=========> Eminem: Walk On Water

	Eminem: Walk On Water (feat. Beyoncé)

Searching: Cardi B Featuring 21 Savage: Bartier Cardi
=========> Cardi B: Bartier Cardi

	Cardi B: Bartier Cardi (feat. 21 Savage)

Searching: G-Eazy & Halsey: Him & I
=========> G Eazy   Halsey: Him   I

	G-Eazy: Him & I (with Halsey)

Searching: J. Cole: Photograph
=========> J  Cole: Photograph

	J. Cole: Photograph

Searching: Post Malone: Rich & Sad
=========> Post Malone: Rich   Sad

	Post Malone: Rich & Sad

Searching: Drake: Elevate

	Drake: Elevate

Searching: Lil Wayne: Dedicate

	Lil Wayne: Dedicate

Searching: Billie Eilish: Bury A Friend

	Billie Eilish: bury a friend

Searching: Ariana Grande: Needy

	Ariana Grande: needy

Searching: YNW Melly: Murder On My Mind

	YNW Melly: Murder On My Mind

Searching: Blanco Brown: The Git Up

	Blanco Brown: The Git Up

Searching: Drake Featuring Giveon: Chicago Freestyle
=========> Drake: Chicago Freestyle

	Drake: Chicago Freestyle (feat. Giveon)

Searching: Juice WRLD: Titanic

	Juice WRLD: Titanic

Searching: Miley Cyrus: Midnight Sky

	Miley Cyrus: Midnight Sky

Searching: Justin Bieber & benny blanco: Lonely
=========> Justin Bieber   benny blanco: Lonely

	Justin Bieber: Lonely (with benny blanco)
