Found 273/290 = 94%
17 not found: 
Duane Eddy His Twangy Guitar And The Rebels: Cannonball
Jimmy Gilmer And The Fireballs: Daisy Petal Pickin'
The Dixiebelles: Southtown, U.S.A.
The Honey Cone: One Monkey Don't Stop No Show Part I
Cheech & Chong: Basketball Jones Featuring Tyrone Shoelaces
Pete Wingfield: Eighteen With A Bullet
Marilyn McCoo & Billy Davis, Jr.: Your Love
Yvonne Elliman: Hello Stranger
Robin Gibb: Oh! Darling
Ali Thomson: Take A Little Rhythm
Peter Wolf: Come As You Are
Keedy: Save Some Love
Color Me Badd: Forever Love (From "Mo' Money")
Subway (Featuring 702): This Lil' Game We Play
Missy "Misdemeanor" Elliott: One Minute Man
David Cook: Dream Big
Florida Georgia Line Ft. Jason Derulo & Luke Bryan: This Is How We Roll
--------- log -----------
Searching: Jerry Butler and The Impressions: For Your Precious Love

	Jerry Butler: For Your Precious Love [cached]

Searching: Dean Martin: Volare (Nel Blu Dipinto Di Blu)

	Dean Martin: Volare (Nel Blu Di Pinto Di Blu) - Remastered [cached]

Searching: The Shields: You Cheated

	The Shields: You Cheated [cached]

Searching: Duane Eddy His Twangy Guitar And The Rebels: Cannonball
=========> Duane Eddy His Twangy Guitar: Cannonball

	 NOT FOUND

Searching: Frankie Avalon: I'll Wait For You

	Frankie Avalon: I'll Wait For You [cached]

Searching: Tommy Edwards: Love Is All We Need

	Tommy Edwards: Love Is All We Need [cached]

Searching: Paul Anka: (All of a Sudden) My Heart Sings

	Paul Anka et son orchestre: (All Of A Sudden) My Heart Sings [cached]

Searching: The Kingston Trio: M.T.A.

	The Kingston Trio: M.T.A. [cached]

Searching: The Playmates: What Is Love?

	The Playmates: What Is Love [cached]

Searching: The Islanders: The Enchanted Sea

	The Islanders: The Enchanted Sea [cached]

Searching: The Drifters: Dance With Me

	The Drifters: Dance with Me [cached]

Searching: Larry Hall: Sandy

	Larry Hall: Sandy [cached]

Searching: Johnny And The Hurricanes: Beatnik Fly

	Johnny & The Hurricanes: Beatnik Fly [cached]

Searching: Jackie Wilson: Doggin' Around

	Jackie Wilson: Doggin' Around [cached]

Searching: Dante and the Evergreens: Alley-Oop

	Dante & The Evergreens: Alley Oop [cached]

Searching: Jackie Wilson: A Woman, A Lover, A Friend

	Jackie Wilson: Am I The Man [cached]

Searching: Fats Domino: Three Nights A Week

	Fats Domino: Three Nights A Week [cached]

Searching: The Ventures: Perfidia

	The Ventures: Perfidia [cached]

Searching: Louis Prima: Wonderland By Night

	Louis Prima: Wonderland By Night [cached]

Searching: The Tokens: Tonight I Fell In Love

	The Tokens: Tonight I Fell In Love [cached]

Searching: Fats Domino: Let The Four Winds Blow

	Fats Domino: Let The Four Winds Blow [cached]

Searching: Tony Orlando: Bless You

	Tony Orlando: Bless You [cached]

Searching: Brook Benton: Revenge

	Brook Benton: Revenge - Rerecorded [cached]

Searching: Bobby Darin: Irresistible You

	Bobby Darin: Irresistible You [cached]

Searching: Bobby Vee: Please Don't Ask About Barbara

	Bobby Vee: Please Don't Ask About Barbara - Remastered [cached]

Searching: The Blue-Belles: I Sold My Heart To The Junkman

	The Blue Belles: I Sold My Heart to the Junkman [cached]

Searching: Elvis Presley: Follow That Dream

	Elvis Presley: Follow That Dream [cached]

Searching: Bobby Vee: Sharing You

	Bobby Vee: Sharing You - Remastered [cached]

Searching: Brenda Lee: Heart In Hand

	Brenda Lee: Heart In Hand [cached]

Searching: Stan Getz/Charlie Byrd: Desafinado

	Stan Getz: Desafinado [cached]

Searching: Mary Wells: Laughing Boy

	Mary Wells: Laughing Boy [cached]

Searching: Chubby Checker: Twenty Miles

	Chubby Checker: Twenty Miles [cached]

Searching: George Hamilton IV: Abilene

	George Hamilton IV: Abilene [cached]

Searching: Al Martino: Painted, Tainted Rose

	Al Martino: Painted, Tainted Rose [cached]

Searching: The Beach Boys: Little Deuce Coupe

	The Beach Boys: Little Deuce Coupe - Remastered [cached]

Searching: Roy Orbison: Pretty Paper

	Roy Orbison: Pretty Paper [cached]

Searching: Jimmy Gilmer And The Fireballs: Daisy Petal Pickin'
=========> Jimmy Gilmer: Daisy Petal Pickin

	 NOT FOUND

Searching: The Dixiebelles: Southtown, U.S.A.
=========> Dixiebelles: Southtown  U S A

	 NOT FOUND

Searching: Marvin Gaye: You're A Wonderful One

	Marvin Gaye: You're A Wonderful One [cached]

Searching: Robert Maxwell His Harp And Orchestra: Shangri-La

	Robert Maxwell, His Harps & His Orchestra: Shangri-La [cached]

Searching: Al Hirt: Cotton Candy

	Al Hirt: Cotton Candy [cached]

Searching: Marvin Gaye: Try It Baby

	Marvin Gaye: Try It Baby [cached]

Searching: Little Anthony And The Imperials: I'm On The Outside (Looking In)

	Little Anthony & The Imperials: I'm On The Outside (Looking In) [cached]

Searching: The Impressions: You Must Believe Me

	The Impressions: You Must Believe Me [cached]

Searching: The Dave Clark Five: Everybody Knows (I Still Love You)

	The Dave Clark Five: Everybody Knows - 2019 - Remaster [cached]

Searching: Chad & Jeremy: Willow Weep For Me

	Chad & Jeremy: Willow Weep For Me [cached]

Searching: The Beau Brummels: Laugh, Laugh

	The Beau Brummels: Laugh, Laugh [cached]

Searching: The Animals: Don't Let Me Be Misunderstood

	The Animals: Don't Let Me Be Misunderstood [cached]

Searching: Jack Jones: The Race Is On

	Jack Jones: The Race Is On [cached]

Searching: The Bachelors: Marie

	The Bachelors: Marie [cached]

Searching: Cher: All I Really Want To Do

	Cher: All I Really Want to Do - Remastered 2005 [cached]

Searching: Sonny & Cher: But You're Mine

	Sonny & Cher: But You're Mine - LP / Single Version [cached]

Searching: "Little" Jimmy Dickens: May The Bird Of Paradise Fly Up Your Nose

	Little Jimmy Dickens: May the Bird of Paradise Fly up Your Nose [cached]

Searching: Al Martino: Spanish Eyes

	Al Martino: Spanish Eyes [cached]

Searching: Tommy McLain: Sweet Dreams

	Tommy McLain: Sweet Dreams [cached]

Searching: The Outsiders: Respectable

	The Outsiders: Respectable [cached]

Searching: Gary Lewis And The Playboys: (You Don't Have To) Paint Me A Picture

	Gary Lewis & The Playboys: (You Don't Have To) Paint Me A Picture - Remastered [cached]

Searching: The Music Machine: Talk Talk

	The Music Machine: Talk Talk [cached]

Searching: Peter And Gordon: Knight In Rusty Armour

	Peter And Gordon: The Knight in Rusty Armour - Stereo; 2011 Remaster [cached]

Searching: Bob Crewe Generation: Music To Watch Girls By

	The Bob Crewe Generation: Music To Watch Girls By [cached]

Searching: The Left Banke: Pretty Ballerina

	The Left Banke: Pretty Ballerina [cached]

Searching: The Lovin' Spoonful: Darling Be Home Soon

	The Lovin' Spoonful: Darling Be Home Soon [cached]

Searching: The Royal Guardsmen: The Return Of The Red Baron

	The Royal Guardsmen: The Return Of The Red Baron [cached]

Searching: Nancy Sinatra: Love Eyes

	Nancy Sinatra: Love Eyes [cached]

Searching: Eric Burdon & The Animals: When I Was Young

	Eric Burdon: When I Was Young - Live [cached]

Searching: Dionne Warwick: Alfie

	Dionne Warwick: Alfie [cached]

Searching: Ray Charles: Here We Go Again

	Ray Charles: Here We Go Again [cached]

Searching: Eric Burdon & The Animals: Monterey

	Eric Burdon & the Animals: Monterey [cached]

Searching: Bee Gees: Words

	Bee Gees: Words [cached]

Searching: Gladys Knight And The Pips: The End Of Our Road

	Gladys Knight & The Pips: The End Of Our Road [cached]

Searching: Petula Clark: Kiss Me Goodbye

	Petula Clark: Kiss Me Goodbye [cached]

Searching: Wilson Pickett: She's Lookin' Good

	Wilson Pickett: She's Lookin' Good [cached]

Searching: Tom Jones: Delilah

	Tom Jones: Delilah [cached]

Searching: Barbara Acklin: Love Makes A Woman

	Barbara Acklin: Love Makes A Woman [cached]

Searching: Ohio Express: Chewy Chewy

	Ohio Express: Chewy Chewy [cached]

Searching: James Brown: Give It Up Or Turnit A Loose

	James Brown: Give It Up Or Turnit A Loose - Remix [cached]

Searching: Gary Puckett And The Union Gap: Don't Give In To Him

	Gary Puckett & The Union Gap: Don't Give In to Him [cached]

Searching: The Grass Roots: I'd Wait A Million Years

	The Grass Roots: I'd Wait A Million Years [cached]

Searching: The Friends Of Distinction: Going In Circles

	The Friends Of Distinction: Going In Circles [cached]

Searching: Billy Joe Royal: Cherry Hill Park

	Billy Joe Royal: Cherry Hill Park [cached]

Searching: B.B. King: The Thrill Is Gone

	B.B. King: The Thrill Is Gone [cached]

Searching: Three Dog Night: Celebrate

	Three Dog Night: Celebrate [cached]

Searching: James Brown: Get Up (I Feel Like Being Like A) Sex Machine (Part 1)

	James Brown: Get Up I Feel Like Being Like A Sex Machine, Pts. 1 & 2 [cached]

Searching: Three Dog Night: Out In The Country

	Three Dog Night: Out In The Country [cached]

Searching: Judy Collins: Amazing Grace

	Judy Collins: Amazing Grace [cached]

Searching: The Grass Roots: Temptation Eyes

	The Grass Roots: Temptation Eyes [cached]

Searching: The Beginning Of The End: Funky Nassau-Part I

	The Beginning Of The End: Funky Nassau - , Part 1 [cached]

Searching: The Fortunes: Here Comes That Rainy Day Feeling Again

	The Fortunes: Here Comes That Rainy Day Feeling Again [cached]

Searching: James Brown: Hot Pants (She Got To Use What She Got To Get What She Wants) (Pt. 1)

	James Brown: Hot Pants (She Got To Use What She Got To Get What She Wants) - Pt.1 / Single Version [cached]

Searching: The Who: Won't Get Fooled Again

	The Who: Won't Get Fooled Again - Original Album Version [cached]

Searching: The Persuaders: Thin Line Between Love & Hate

	The Persuaders: Thin Line Between Love and Hate [cached]

Searching: Donnie Elbert: Where Did Our Love Go

	Donnie Elbert: Where Did Our Love Go [cached]

Searching: The Honey Cone: One Monkey Don't Stop No Show Part I
=========> Honey Cone: One Monkey Don t Stop No Show Part I

	 NOT FOUND

Searching: Led Zeppelin: Black Dog

	Led Zeppelin: Black Dog - Remaster [cached]

Searching: Beverly Bremers: Don't Say You Don't Remember

	Beverly Bremers: Don't Say You Don't Remember [cached]

Searching: B.J. Thomas: Rock And Roll Lullaby

	B.J. Thomas: Rock and Roll Lullaby - Rerecorded [cached]

Searching: Bread: Diary

	Bread: Diary [cached]

Searching: Daniel Boone: Beautiful Sunday

	Daniel Boone: Beautiful Sunday [cached]

Searching: Bread: Sweet Surrender

	Bread: Sweet Surrender [cached]

Searching: Bread: Aubrey

	Bread: Aubrey [cached]

Searching: David Bowie: Space Oddity

	David Bowie: Space Oddity - 2015 Remaster [cached]

Searching: Ohio Players: Funky Worm

	Ohio Players: Funky Worm [cached]

Searching: Charlie Rich: Behind Closed Doors

	Charlie Rich: Behind Closed Doors [cached]

Searching: Four Tops: Are You Man Enough

	Four Tops: Are You Man Enough? [cached]

Searching: The Doobie Brothers: China Grove

	The Doobie Brothers: China Grove [cached]

Searching: Cheech & Chong: Basketball Jones Featuring Tyrone Shoelaces
=========> Cheech: Basketball Jones

	 NOT FOUND

Searching: Johnnie Taylor: Cheaper To Keep Her

	Johnnie Taylor: Cheaper To Keep Her [cached]

Searching: War: Me And Baby Brother

	War: Me And Baby Brother [cached]

Searching: The Rolling Stones: Doo Doo Doo Doo Doo (heartbreaker)

	The Rolling Stones: Doo Doo Doo Doo Doo (Heartbreaker) [cached]

Searching: Lamont Dozier: Trying To Hold On To My Woman

	Lamont Dozier: Trying To Hold On To My Woman [cached]

Searching: Helen Reddy: Keep On Singing

	Helen Reddy: Keep On Singing [cached]

Searching: Bo Donaldson And The Heywoods: Who Do You Think You Are

	Bo Donaldson & The Heywoods: Who Do You Think You Are [cached]

Searching: The Spinners: Love Don't Love Nobody - Pt. I

	The Spinners: Love Don't Love Nobody [cached]

Searching: George Harrison: Dark Horse

	George Harrison: Dark Horse [cached]

Searching: Mac Davis: Rock N' Roll (I Gave You The Best Years Of My Life)

	Mac Davis: Rock 'N Roll (I Gave You The Best Years Of My Life) (Bonus Track) [cached]

Searching: Jackson 5: I Am Love (Parts I & II)

	The Jackson 5: I Am Love [cached]

Searching: Harold Melvin And The Blue Notes: Bad Luck (Part 1)

	Harold Melvin & The Blue Notes: Bad Luck (feat. Teddy Pendergrass) [cached]

Searching: Paul Anka/Odia Coates: (I Believe) There's Nothing Stronger Than Our Love

	Paul Anka: (I Believe) There's Nothing Stronger Than Our Love [cached]

Searching: ABBA: S.O.S.

	ABBA: Our Last Summer [cached]

Searching: Pete Wingfield: Eighteen With A Bullet

	 NOT FOUND

Searching: Leon Haywood: I Want'a Do Something Freaky To You

	Leon Haywood: I Want'a Do Something Freaky To You [cached]

Searching: ABBA: I Do, I Do, I Do, I Do, I Do

	ABBA: I Do, I Do, I Do, I Do, I Do [cached]

Searching: Marvin Gaye: I Want You

	Marvin Gaye: I Want You [cached]

Searching: Parliament: Tear The Roof Off The Sucker (Give Up The Funk)

	Parliament: Give Up The Funk (Tear The Roof Off The Sucker) [cached]

Searching: Tavares: Heaven Must Be Missing An Angel (part 1)

	Tavares: Heaven Must Be Missing An Angel - Pt. 1 [cached]

Searching: KISS: Hard Luck Woman

	KISS: Hard Luck Woman [cached]

Searching: Tom Jones: Say You'll Stay Until Tomorrow

	Tom Jones: Say You'll Stay Until Tomorrow [cached]

Searching: Marilyn McCoo & Billy Davis, Jr.: Your Love
=========> Marilyn McCoo: Your Love

	 NOT FOUND

Searching: Yvonne Elliman: Hello Stranger

	 NOT FOUND

Searching: Supertramp: Give A Little Bit

	Supertramp: Give A Little Bit [cached]

Searching: Santa Esmeralda Starring Leroy Gomez: Don't Let Me Be Misunderstood

	Santa Esmeralda: Don't Let Me Be Misunderstood [cached]

Searching: David Gates: Goodbye Girl

	David Gates: Goodbye Girl [cached]

Searching: Robin Gibb: Oh! Darling
=========> Robin Gibb: Oh  Darling

	 NOT FOUND

Searching: Heart: Straight On

	Heart: Straight On [cached]

Searching: Foreigner: Blue Morning, Blue Day

	Foreigner: Blue Morning, Blue Day [cached]

Searching: Bell & James: Livin' It Up (Friday Night)

	David M Bell: LIVING IT UP [cached]

Searching: Van Halen: Dance The Night Away

	Van Halen: Dance the Night Away - 2015 Remaster [cached]

Searching: Supertramp: Goodbye Stranger

	Supertramp: Goodbye Stranger - 2010 Remastered [cached]

Searching: Sniff 'n' the Tears: Driver's Seat

	Sniff 'n' The Tears: Driver's Seat [cached]

Searching: France Joli: Come To Me

	France Joli: Come to Me [cached]

Searching: Crystal Gayle: Half The Way

	Crystal Gayle: Half The Way [cached]

Searching: Dionne Warwick: Deja Vu

	Dionne Warwick: Deja Vu [cached]

Searching: Tom Petty And The Heartbreakers: Refugee

	Tom Petty and the Heartbreakers: Refugee [cached]

Searching: Boz Scaggs: Breakdown Dead Ahead

	Boz Scaggs: Breakdown Dead Ahead [cached]

Searching: Ali Thomson: Take A Little Rhythm

	 NOT FOUND

Searching: Robbie Dupree: Hot Rod Hearts

	Robbie Dupree: Hot Rod Hearts [cached]

Searching: Supertramp: Dreamer

	Supertramp: Dreamer [cached]

Searching: Christopher Cross: Never Be The Same

	Christopher Cross: Never Be the Same [cached]

Searching: Andy Gibb: Time Is Time

	Andy Gibb: Time Is Time [cached]

Searching: Lee Ritenour: Is It You

	Lee Ritenour: Is It You? [cached]

Searching: The Alan Parsons Project: Time

	The Alan Parsons Project: Time [cached]

Searching: Greg Kihn Band: The Breakup Song (They Don't Write 'Em)

	The Greg Kihn Band: The Breakup Song [cached]

Searching: The Moody Blues: The Voice

	The Moody Blues: The Voice [cached]

Searching: Al Jarreau: We're In This Love Together

	Al Jarreau: We're in This Love Together [cached]

Searching: Barry Manilow: The Old Songs

	Barry Manilow: The Old Songs - Digitally Remastered: 1998 [cached]

Searching: Eddie Rabbitt: Someone Could Lose A Heart Tonight

	Eddie Rabbitt: Someone Could Lose A Heart Tonight [cached]

Searching: Sheena Easton: You Could Have Been With Me

	Sheena Easton: For Your Eyes Only [cached]

Searching: Alabama: Love In The First Degree

	Alabama: Love in the First Degree [cached]

Searching: Santana: Hold On

	Santana: Hold On [cached]

Searching: Glenn Frey: The One You Love

	Glenn Frey: The One You Love [cached]

Searching: Sylvia: Nobody

	Sylvia: Nobody [cached]

Searching: Kenny Loggins: Heart To Heart

	Kenny Loggins: Heart to Heart [cached]

Searching: Bryan Adams: Cuts Like A Knife

	Bryan Adams: Cuts Like A Knife [cached]

Searching: Jump 'n The Saddle: The Curly Shuffle

	Jump 'N' The Saddle Band: The Curly Shuffle [cached]

Searching: The Alan Parsons Project: Don't Answer Me

	The Alan Parsons Project: Don't Answer Me [cached]

Searching: John Cougar Mellencamp: The Authority Song

	John Mellencamp: Authority Song [cached]

Searching: Joe Jackson: You Can't Get What You Want

	Joe Jackson: You Can't Get What You Want (Till You Know What You Want) [cached]

Searching: Billy Squier: Rock Me Tonite

	Billy Squier: Rock Me Tonite [cached]

Searching: Jermaine Jackson: Dynamite

	Jermaine Jackson: Dynamite [cached]

Searching: The Fixx: Are We Ourselves?

	The Fixx: Are We Ourselves? [cached]

Searching: Kenny Rogers With Kim Carnes & James Ingram: What About Me?

	Kenny Rogers: What About Me? [cached]

Searching: Giuffria: Call To The Heart

	Giuffria: Call To The Heart [cached]

Searching: Kim Carnes: Crazy In The Night (Barking At Airplanes)

	Kim Carnes: Crazy In The Night (Barking At Airplanes) [cached]

Searching: Paul Hardcastle: 19

	Paul Hardcastle: 19 [cached]

Searching: David Foster: Love Theme From St. Elmo's Fire (Instrumental)

	David Foster: Love Theme from St. Elmo's Fire - Instrumental [cached]

Searching: Tina Turner: One Of The Living

	Tina Turner: One Of The Living - Extended Version [cached]

Searching: Bryan Adams/Tina Turner: It's Only Love

	Bryan Adams: It's Only Love [cached]

Searching: Klymaxx: Man Size Love (From "Running Scared")

	Klymaxx: Man Size Love [cached]

Searching: Ric Ocasek: Emotion In Motion

	Ric Ocasek: Emotion In Motion [cached]

Searching: Luther Vandross: Stop To Love

	Luther Vandross: Stop to Love [cached]

Searching: Dead Or Alive: Brand New Lover

	Dead Or Alive: Brand New Lover - Edit [cached]

Searching: Peter Wolf: Come As You Are

	 NOT FOUND

Searching: Kenny G. (Vocal By Lenny Williams): Don't Make Me Wait For Love

	Kenny G: Don't Make Me Wait for Love [cached]

Searching: Squeeze: Hourglass

	Squeeze: Hourglass [cached]

Searching: Sting: Be Still My Beating Heart

	Sting: Be Still My Beating Heart [cached]

Searching: D.J. Jazzy Jeff & The Fresh Prince: A Nightmare On My Street

	DJ Jazzy Jeff & The Fresh Prince: A Nightmare on My Street [cached]

Searching: Kon Kan: I Beg Your Pardon

	Kon Kan: I Beg Your Pardon (I Never Promised You a Rose Garden) [cached]

Searching: John Mellencamp: Pop Singer

	John Mellencamp: Pop Singer [cached]

Searching: Michael Morales: Who Do You Give Your Love To?

	Michael Morales: Who Do You Give Your Love To? [cached]

Searching: LL Cool J: I'm That Type Of Guy

	LL Cool J: I'm That Type Of Guy [cached]

Searching: Tina Turner: The Best

	Tina Turner: The Best - Edit [cached]

Searching: Stevie B: Love And Emotion

	Stevie B: Because I Love You (The Postman Song) [cached]

Searching: Depeche Mode: Policy Of Truth

	Depeche Mode: Policy of Truth [cached]

Searching: 2 In A Room: Wiggle It

	2 In A Room: Wiggle It - Radio Version [cached]

Searching: Keedy: Save Some Love

	 NOT FOUND

Searching: Def Leppard: Let's Get Rocked

	Def Leppard: Let's Get Rocked [cached]

Searching: CeCe Peniston: Keep On Walkin'

	CeCe Peniston: Keep On Walkin' [cached]

Searching: Toad The Wet Sprocket: All I Want

	Toad The Wet Sprocket: All I Want [cached]

Searching: Color Me Badd: Forever Love (From "Mo' Money")
=========> Color Me Badd: Forever Love

	 NOT FOUND

Searching: En Vogue: Give It Up, Turn It Loose

	En Vogue: Give It Up, Turn It Loose [cached]

Searching: Digable Planets: Rebirth Of Slick (Cool Like Dat)

	Digable Planets: Rebirth Of Slick (Cool Like Dat) [cached]

Searching: Ice Cube: It Was A Good Day

	Ice Cube: It Was A Good Day [cached]

Searching: Boy George: The Crying Game (From "The Crying Game")

	Boy George: The Crying Game [cached]

Searching: Babyface: Never Keeping Secrets

	Babyface: Never Keeping Secrets [cached]

Searching: Jodeci: Cry For You

	Jodeci: Cry For You [cached]

Searching: Tim McGraw: Indian Outlaw

	Tim McGraw: Indian Outlaw [cached]

Searching: Subway (Featuring 702): This Lil' Game We Play
=========> Subway: This Lil  Game We Play

	 NOT FOUND

Searching: Ace Of Base: Beautiful Life

	Ace of Base: Beautiful Life [cached]

Searching: 3T: Anything

	3T: Anything [cached]

Searching: Dishwalla: Counting Blue Cars

	Dishwalla: Counting Blue Cars (Tell Me Your Thoughts On God) [cached]

Searching: Whitney Houston: Step By Step (From "The Preacher's Wife")

	Whitney Houston: Step by Step [cached]

Searching: Freak Nasty: Da' Dip

	Freak Nasty: Da' Dip [cached]

Searching: Billie Myers: Kiss The Rain

	Billie Myers: Kiss The Rain [cached]

Searching: Pras Michel Feat. Ol' Dirty Bastard & Introducing Mya: Ghetto Supastar (That Is What You Are)

	Pras Michel: Ghetto Supastar (That Is What You Are) - Soundtrack Version [cached]

Searching: Mo Thugs Family Featuring Bone Thugs-N-Harmony: Ghetto Cowboy

	Mo Thugs Family: Ghetto Cowboy [cached]

Searching: Whitney Houston & Mariah Carey: When You Believe

	Whitney Houston: When You Believe (with Mariah Carey) - from The Prince of Egypt [cached]

Searching: JAY-Z: Hard Knock Life (Ghetto Anthem)

	JAY-Z: Hard Knock Life (Ghetto Anthem) [cached]

Searching: 112 Featuring Lil'z: Anywhere

	112: Anywhere [cached]

Searching: Case: Happily Ever After

	Case: Happily Ever After [cached]

Searching: Jagged Edge: He Can't Love U

	Jagged Edge: He Can't Love U [cached]

Searching: Barenaked Ladies: Pinch Me

	Barenaked Ladies: Pinch Me [cached]

Searching: Nelly: E.I.

	Nelly Magic: Mala e Inteligente Trvp [cached]

Searching: Evan And Jaron: Crazy For This Girl

	Evan And Jaron: Crazy for This Girl [cached]

Searching: Olivia: Bizounce

	Olivia: Bizounce - Album Version (Dirty) [cached]

Searching: Jessica Simpson: Irresistible

	Jessica Simpson: Irresistible [cached]

Searching: Craig David: Fill Me In

	Craig David: Fill Me In [cached]

Searching: Missy "Misdemeanor" Elliott: One Minute Man
=========> Missy  Misdemeanor  Elliott: One Minute Man

	 NOT FOUND

Searching: Bubba Sparxxx: Ugly

	Bubba Sparxxx: Ugly [cached]

Searching: Fat Joe Featuring R. Kelly: We Thuggin'

	Fat Joe: We Thuggin' (feat. R. Kelly) [cached]

Searching: Mary J. Blige: No More Drama

	Mary J. Blige: No More Drama [cached]

Searching: Angie Martinez Featuring Lil' Mo & Sacario: If I Could Go!

	Angie Martinez: If I Could Go! (feat. Lil' Mo & Sacario) [cached]

Searching: Ashanti: Baby

	Ashanti: Rock Wit U (Awww Baby) [cached]

Searching: Eminem: Superman

	Eminem: Superman [cached]

Searching: Daniel Bedingfield: If You're Not The One

	Daniel Bedingfield: If You're Not The One [cached]

Searching: Jason Mraz: The Remedy (I Won't Worry)

	Jason Mraz: The Remedy (I Won't Worry) [cached]

Searching: Kanye West: Through The Wire

	Kanye West: Through The Wire [cached]

Searching: G-Unit Featuring Joe: Wanna Get To Know You

	G-Unit: Wanna Get To Know You [cached]

Searching: Lil' Flip: Game Over (Flip)

	Lil' Flip: Game Over [cached]

Searching: Britney Spears: Everytime

	Britney Spears: Everytime [cached]

Searching: Ryan Cabrera: On The Way Down

	Ryan Cabrera: On the Way Down [cached]

Searching: Ying Yang Twins: Wait (The Whisper Song)

	Ying Yang Twins: Wait (The Whisper Song) [cached]

Searching: Papa Roach: Scars

	Papa Roach: Scars - Acoustic Version [cached]

Searching: Dem Franchize Boyz Featuring Jermaine Dupri, Da Brat & Bow Wow: I Think They Like Me

	Dem Franchize Boyz: I Think They Like Me - Remix [cached]

Searching: The All-American Rejects: Move Along

	The All-American Rejects: Move Along [cached]

Searching: Ne-Yo: When You're Mad

	Ne-Yo: When You're Mad [cached]

Searching: Chris Brown Featuring Lil Wayne: Gimme That

	Chris Brown: Gimme That [cached]

Searching: Jordin Sparks: This Is My Now

	Jordin Sparks: This Is My Now [cached]

Searching: Rihanna: Shut Up And Drive

	Rihanna: Shut Up And Drive [cached]

Searching: Playaz Circle Featuring Lil Wayne: Duffle Bag Boy

	Playaz Circle: Duffle Bag Boy [cached]

Searching: Linkin Park: Shadow Of The Day

	Linkin Park: Shadow of the Day [cached]

Searching: David Cook: Dream Big

	 NOT FOUND

Searching: Lil Wayne Featuring Shanell AKA SNL: Prom Queen

	Lil Wayne: Prom Queen [cached]

Searching: P!nk: Sober

	P!nk: Sober [cached]

Searching: A R Rahman & The Pussycat Dolls Featuring Nicole Scherzinger: Jai Ho! (You Are My Destiny)

	A.R. Rahman: Jai Ho! (You Are My Destiny) [cached]

Searching: Keri Hilson Featuring Lil Wayne: Turnin Me On

	Keri Hilson: Turnin Me On - Original Clean [cached]

Searching: Daughtry: No Surprise

	Daughtry: No Surprise [cached]

Searching: Kristinia DeBarge: Goodbye

	Kristinia DeBarge: Goodbye [cached]

Searching: Demi Lovato: Here We Go Again

	Demi Lovato: Here We Go Again [cached]

Searching: Sean Kingston & Justin Bieber: Eenie Meenie

	Sean Kingston: Eenie Meenie [cached]

Searching: Drake Featuring Lil Wayne: Miss Me

	Drake: Miss Me [cached]

Searching: Justin Bieber Featuring Usher: Somebody To Love

	Justin Bieber: Somebody To Love [cached]

Searching: Chris Brown: Yeah 3X

	Chris Brown: Yeah 3x [cached]

Searching: Usher: More

	Usher: More - RedOne Jimmy Joker Remix [cached]

Searching: Coldplay: Paradise

	Coldplay: Paradise [cached]

Searching: Toby Keith: Red Solo Cup

	Toby Keith: Red Solo Cup [cached]

Searching: Nicki Minaj: Pound The Alarm

	Nicki Minaj: Pound The Alarm [cached]

Searching: Imagine Dragons: It's Time

	Imagine Dragons: It's Time [cached]

Searching: Darius Rucker: Wagon Wheel

	Darius Rucker: Wagon Wheel [cached]

Searching: Mariah Carey Featuring Miguel: #Beautiful

	Mariah Carey: #Beautiful [cached]

Searching: Luke Bryan: That's My Kind Of Night

	Luke Bryan: That's My Kind Of Night [cached]

Searching: Macklemore & Ryan Lewis Featuring ScHoolboy Q & Hollis: White Walls

	Macklemore: White Walls (feat. ScHoolboy Q & Hollis) [cached]

Searching: Shakira Featuring Rihanna: Can't Remember To Forget You

	Shakira: Can't Remember to Forget You (feat. Rihanna) [cached]

Searching: Florida Georgia Line Ft. Jason Derulo & Luke Bryan: This Is How We Roll
=========> Florida Georgia Line Ft  Jason Derulo: This Is How We Roll

	 NOT FOUND

Searching: OneRepublic: Love Runs Out

	OneRepublic: Love Runs Out [cached]

Searching: Kanye West Featuring Theophilus London, Allan Kingdom & Paul McCartney: All Day

	Kanye West: All Day [cached]

Searching: Rihanna: B**** Better Have My Money

	Rihanna: Bitch Better Have My Money [cached]

Searching: iLoveMemphis: Hit The Quan

	iLoveMemphis: Hit the Quan - Original Version [cached]

Searching: Lil Wayne, Wiz Khalifa & Imagine Dragons With Logic & Ty Dolla $ign Feat. X Ambassadors: Sucker For Pain

	Lil Wayne: Sucker for Pain (with Wiz Khalifa, Imagine Dragons, Logic & Ty Dolla $ign feat. X Ambassadors) [cached]

Searching: Lady Gaga: Perfect Illusion

	Lady Gaga: Perfect Illusion [cached]

Searching: Shawn Mendes: Mercy

	Shawn Mendes: Mercy [cached]

Searching: J. Cole: Motiv8

	J. Cole: Motiv8 [cached]

Searching: Post Malone Featuring Swae Lee: Spoil My Night

	Post Malone: Spoil My Night (feat. Swae Lee) [cached]

Searching: Kane Brown: Heaven

	Kane Brown: Heaven [cached]

Searching: Lil Baby & Gunna Featuring Drake: Never Recover

	Lil Baby: Never Recover (Lil Baby & Gunna, Drake) [cached]

Searching: Halsey: Nightmare

	Halsey: Nightmare [cached]

Searching: Katy Perry: Never Really Over

	Katy Perry: Never Really Over [cached]

Searching: Post Malone: Hollywood's Bleeding

	Post Malone: Hollywood's Bleeding [cached]

Searching: Lil Baby: Woah

	Lil Baby: Woah [cached]

Searching: Morgan Wallen: More Than My Hometown

	Morgan Wallen: More Than My Hometown [cached]

Searching: Luke Combs: Better Together

	Luke Combs: Better Together [cached]
