Found 260/272 = 96%
12 not found: 
The Walker Bros.: Make It Easy On Yourself
Petula Clark: Color My World
New Colony Six: Things I'd Like To Say
Dionne Warwick: You've Lost That Lovin' Feeling
Brighter Side Of Darkness: Love Jones
The Blue Ridge Rangers: Jambalaya (On The Bayou)
Billy "Crash" Craddock: Rub It In
Neil Sedaka: Love In The Shadows
Gary Wright: Really Wanna Know You
Gerardo: We Want The Funk
NKOTB: If You Go Away
Jay-Z, Bono, The Edge & Rihanna: Stranded (Haiti Mon Amour)
--------- log -----------
Searching: The Danleers: One Summer Night

	The Danleers: One Summer Night [cached]

Searching: The Applejacks: Mexican Hat Rock

	The Applejacks: Mexican Hat Rock [cached]

Searching: Mitch Miller and his "Sing Along With Mitch" Chorus: The Children's Marching Song (Nick Nack Paddy Whack)

	Mitch Miller & His Orchestra: The Children's Marching Song [cached]

Searching: The Everly Brothers: Take A Message To Mary

	The Everly Brothers: Take a Message to Mary - Original Recording Remastered [cached]

Searching: Fats Domino: I'm Ready

	Fats Domino: I'm Ready [cached]

Searching: David Seville And The Chipmunks: Ragtime Cowboy Joe

	David Seville: Ragtime Cowboy Joe [cached]

Searching: Brook Benton: Thank You Pretty Baby

	Brook Benton: Thank You Pretty Baby [cached]

Searching: Rock-A-Teens: Woo-Hoo

	The Rock-A-Teens: Woo-Hoo [cached]

Searching: Della Reese: Not One Minute More

	Della Reese: Not One Minute More [cached]

Searching: Paul Evans: Midnite Special

	Paul Evans: Midnite Special [cached]

Searching: The Drifters: This Magic Moment

	The Drifters: This Magic Moment - Single Version; 2003 Remaster [cached]

Searching: Garry Miles: Look For A Star

	Garry Miles: Look for a Star [cached]

Searching: The Demensions: Over The Rainbow

	The Demensions: Over the Rainbow [cached]

Searching: Brook Benton: The Same One

	Brook Benton: The Same One - Rerecorded [cached]

Searching: Bill Black's Combo: Blue Tango

	Bill Black: Blue Tango [cached]

Searching: Paul Anka: The Story Of My Love

	Paul Anka: The Story of My Love [cached]

Searching: The Drifters: Sweets For My Sweet

	The Drifters: Sweets for My Sweet [cached]

Searching: Rick Nelson: Everlovin'

	Ricky Nelson: Everlovin' - Remastered [cached]

Searching: Jack Ross: Cinderella

	Jack Ross: Cinderella [cached]

Searching: Ronnie and The Hi-Lites: I Wish That We Were Married

	Ronnie & The Hi-Lites: I Wish That We Were Married [cached]

Searching: Marty Robbins: Devil Woman

	Marty Robbins: Devil Woman [cached]

Searching: Johnny Cymbal: Mr. Bass Man

	Johnny Cymbal: Mr. Bassman - Alternate [cached]

Searching: The Rocky Fellers: Killer Joe

	The Rocky Fellers: Killer Joe [cached]

Searching: Ruby And The Romantics: My Summer Love

	Ruby And The Romantics: My Summer Love [cached]

Searching: Bobby Bare: Detroit City

	Bobby Bare: Detroit City [cached]

Searching: The Ran-Dells: Martian Hop

	The Ran Dells: The Martian Hop [cached]

Searching: Freddy Cannon: Abigail Beecher

	Freddy Cannon: Abigail Beecher [cached]

Searching: The 4 Seasons: Stay

	Frankie Valli & The Four Seasons: Stay - 2006 Remaster [cached]

Searching: The Kingsmen: Money

	The Kingsmen: Money (That's What I Want) [cached]

Searching: The Searchers: Don't Throw Your Love Away

	The Searchers: Don't Throw Your Love Away - Mono [cached]

Searching: Elvis Presley With The Jordanaires: Such A Night

	Elvis Presley: Such a Night [cached]

Searching: Jan & Dean: Ride The Wild Surf

	Jan & Dean: Ride The Wild Surf - Remastered 1990/Stereo Remix [cached]

Searching: Peter And Gordon: I Don't Want To See You Again

	Peter And Gordon: I Don't Want to See You Again - Mono; 2002 Remaster [cached]

Searching: Elvis Presley: Ain't That Loving You Baby

	Elvis Presley: Ain't That Loving You Baby [cached]

Searching: The Newbeats: Everything's Alright

	The Newbeats: Everything's Alright [cached]

Searching: Robert Goulet: My Love, Forgive Me (Amore, Scusami)

	Robert Goulet: My Love, Forgive Me [cached]

Searching: The Miracles: Ooo Baby Baby

	Smokey Robinson & The Miracles: Ooo Baby Baby [cached]

Searching: Ronnie Dove: A Little Bit Of Heaven

	Ronnie Dove: A Little Bit of Heaven [cached]

Searching: The Lettermen: Theme From "A Summer Place"

	The Lettermen: Theme From "A Summer Place" - Remastered [cached]

Searching: Little Anthony And The Imperials: Take Me Back

	Little Anthony & The Imperials: Take Me Back [cached]

Searching: The Miracles: The Tracks Of My Tears

	Smokey Robinson & The Miracles: The Tracks Of My Tears [cached]

Searching: The Walker Bros.: Make It Easy On Yourself
=========> Walker Bros: Make It Easy On Yourself

	 NOT FOUND

Searching: Slim Harpo: Baby Scratch My Back

	Slim Harpo: Baby Scratch My Back - Single Version [cached]

Searching: Lou Christie: Rhapsody In The Rain

	Lou Christie: Rhapsody In The Rain [cached]

Searching: Chris Montez: The More I See You

	Chris Montez: The More I See You [cached]

Searching: The Cyrkle: Turn-Down Day

	The Cyrkle: Turn Down Day [cached]

Searching: Neil Diamond: I Got The Feelin' (Oh No No)

	Neil Diamond: I Got The Feelin' (Oh No, No) [cached]

Searching: Petula Clark: Color My World

	 NOT FOUND

Searching: The 5th Dimension: Go Where You Wanna Go

	The 5th Dimension: Go Where You Wanna Go [cached]

Searching: Lesley Gore: California Nights

	Lesley Gore: California Nights [cached]

Searching: The Young Rascals: I've Been Lonely Too Long

	The Young Rascals: I've Been Lonely Too Long - Single Version [cached]

Searching: The 4 Seasons Featuring the "Sound of Frankie Valli": Beggin'

	Frankie Valli & The Four Seasons: Beggin' [cached]

Searching: Simon & Garfunkel: At The Zoo

	Simon & Garfunkel: At the Zoo [cached]

Searching: The Easybeats: Friday On My Mind

	The Easybeats: Friday On My Mind [cached]

Searching: Bee Gees: Holiday

	Bee Gees: Holiday [cached]

Searching: Small Faces: Itchycoo Park

	Small Faces: Itchycoo Park (Mono Version) - 2012 Remaster [cached]

Searching: Aretha Franklin: Ain't No Way

	Aretha Franklin: Ain't No Way [cached]

Searching: Gene Pitney: She's A Heartbreaker

	Gene Pitney: She's A Heartbreaker [cached]

Searching: The Amboy Dukes: Journey To The Center Of The Mind

	The Amboy Dukes: Journey To The Center of the Mind [cached]

Searching: Canned Heat: On The Road Again

	Canned Heat: On the Road Again [cached]

Searching: Jerry Butler: Hey, Western Union Man

	Jerry Butler: Hey, Western Union Man [cached]

Searching: Leapy Lee: Little Arrows

	Leapy Lee: Little Arrows [cached]

Searching: Sergio Mendes & Brasil '66: Scarborough Fair

	Sergio Mendes & Brasil '66: Scarborough Fair [cached]

Searching: New Colony Six: Things I'd Like To Say
=========> New Colony Six: Things I d Like To Say

	 NOT FOUND

Searching: The Electric Indian: Keem-O-Sabe

	The Electric Indian: Keem-O-Sabe [cached]

Searching: Dionne Warwick: You've Lost That Lovin' Feeling
=========> Dionne Warwick: You ve Lost That Lovin  Feeling

	 NOT FOUND

Searching: Jr. Walker & The All Stars: These Eyes

	Jr. Walker & The All Stars: These Eyes [cached]

Searching: Engelbert Humperdinck: Winter World Of Love

	Engelbert Humperdinck: Winter World Of Love [cached]

Searching: Elvis Presley: Kentucky Rain

	Elvis Presley: Kentucky Rain [cached]

Searching: Charles Wright And The Watts 103rd Street Rhythm Band: Love Land

	Charles Wright & The Watts 103rd Street Rhythm Band: Love Land [cached]

Searching: Crosby, Stills, Nash & Young: Teach Your Children

	Crosby, Stills, Nash & Young: Teach Your Children [cached]

Searching: The Assembled Multitude: Overture From Tommy (A Rock Opera)

	The Assembled Multitude: Overture from Tommy [cached]

Searching: Ernie (Jim Henson): Rubber Duckie

	Ernie: Rubber Duckie [cached]

Searching: Led Zeppelin: Immigrant Song

	Led Zeppelin: Immigrant Song - Remaster [cached]

Searching: Diana Ross: Remember Me

	Diana Ross: Remember Me [cached]

Searching: Bobby Sherman: Cried Like A Baby

	Bobby Sherman: Cried Like a Baby [cached]

Searching: B.J. Thomas: No Love At All

	B.J. Thomas: No Love at All - Rerecorded [cached]

Searching: Richie Havens: Here Comes The Sun

	Richie Havens: Here Comes The Sun [cached]

Searching: The Supremes: Nathan Jones

	The Supremes: Nathan Jones [cached]

Searching: The Grass Roots: Two Divided By Love

	The Grass Roots: Two Divided By Love [cached]

Searching: Bee Gees: My World

	Bee Gees: You Stepped Into My Life [cached]

Searching: The Supremes: Floy Joy

	The Supremes: Floy Joy [cached]

Searching: War: Slippin' Into Darkness

	War: Slippin' Into Darkness [cached]

Searching: Todd Rundgren: I Saw The Light

	Todd Rundgren: I Saw the Light - 2015 Remaster [cached]

Searching: Michael Jackson: I Wanna Be Where You Are

	Michael Jackson: I Wanna Be Where You Are [cached]

Searching: Procol Harum: Conquistador

	Procol Harum: Conquistador [cached]

Searching: Jackson 5: Lookin' Through The Windows

	The Jackson 5: Lookin' Through The Windows [cached]

Searching: Bee Gees: Run To Me

	Bee Gees: Run To Me [cached]

Searching: Cat Stevens: Sitting

	Yusuf / Cat Stevens: Sitting [cached]

Searching: Raspberries: I Wanna Be With You

	Raspberries: I Wanna Be With You [cached]

Searching: Brighter Side Of Darkness: Love Jones

	 NOT FOUND

Searching: The Blue Ridge Rangers: Jambalaya (On The Bayou)
=========> Blue Ridge Rangers: Jambalaya

	 NOT FOUND

Searching: Loudon Wainwright III: Dead Skunk

	Loudon Wainwright III: Dead Skunk [cached]

Searching: Lou Reed: Walk On The Wild Side

	Lou Reed: Walk On the Wild Side [cached]

Searching: Kris Kristofferson: Why Me

	Kris Kristofferson: Why Me [cached]

Searching: Loggins & Messina: My Music

	Loggins & Messina: My Music [cached]

Searching: Stevie Wonder: Don't You Worry 'Bout A Thing

	Stevie Wonder: Don't You Worry 'Bout A Thing [cached]

Searching: Three Dog Night: Sure As I'm Sittin' Here

	Three Dog Night: Sure As I'm Sittin' Here [cached]

Searching: Billy "Crash" Craddock: Rub It In
=========> Billy  Crash  Craddock: Rub It In

	 NOT FOUND

Searching: The Rolling Stones: It's Only Rock 'N Roll (But I Like It)

	The Rolling Stones: It's Only Rock'n'Roll (But I Like It) - Remastered 2009 [cached]

Searching: Polly Brown: Up In A Puff Of Smoke

	Polly Browne: Up In A Puff of Smoke [cached]

Searching: The Jimmy Castor Bunch: The Bertha Butt Boogie-Part 1

	The Jimmy Castor Bunch: The Bertha Butt Boogie (Part 1) [cached]

Searching: Dwight Twilley Band: I'm On Fire

	Dwight Twilley Band: I'm On Fire - Remastered [cached]

Searching: The Who: Squeeze Box

	The Who: Squeeze Box [cached]

Searching: Neil Sedaka: Love In The Shadows
=========> Neil Sedaka: Love In Shadows

	 NOT FOUND

Searching: Queen: You're My Best Friend

	Queen: You're My Best Friend - Remastered 2011 [cached]

Searching: Silver: Wham Bam (Shang-A-Lang)

	Silver: Wham Bam Shang-A-Lang [cached]

Searching: KISS: Calling Dr. Love

	KISS: Calling Dr. Love [cached]

Searching: Ronnie Milsap: It Was Almost Like A Song

	Ronnie Milsap: It Was Almost Like A Song [cached]

Searching: Neil Diamond: Desiree

	Neil Diamond: Desirée [cached]

Searching: Little River Band: Happy Anniversary

	Little River Band: Happy Anniversary - 2010 Digital Remaster [cached]

Searching: Parliament: Flash Light

	Parliament: Flash Light [cached]

Searching: Robert Palmer: Every Kinda People

	Robert Palmer: Every Kinda People [cached]

Searching: Eric Clapton: Wonderful Tonight

	Eric Clapton: Wonderful Tonight [cached]

Searching: Linda Ronstadt: Back In The U.s.a.

	Linda Ronstadt: Back in the U.S.A. - 1999 Remaster [cached]

Searching: Kenny Rogers: The Gambler

	Kenny Rogers: The Gambler [cached]

Searching: George Harrison: Blow Away

	George Harrison: Blow Away - Remastered 2004 [cached]

Searching: Styx: Renegade

	Styx: Renegade [cached]

Searching: Patrick Hernandez: Born To Be Alive

	Patrick Hernandez: Born to Be Alive [cached]

Searching: Journey: Lovin', Touchin', Squeezin'

	Journey: Lovin', Touchin', Squeezin' [cached]

Searching: Electric Light Orchestra: I'm Alive

	Electric Light Orchestra: I'm Alive [cached]

Searching: The Alan Parsons Project: Games People Play

	The Alan Parsons Project: Games People Play [cached]

Searching: Carpenters: Touch Me When We're Dancing

	Carpenters: Touch Me When We’re Dancing [cached]

Searching: Gary Wright: Really Wanna Know You

	 NOT FOUND

Searching: Rick James: Super Freak (Part I)

	Rick James: Super Freak [cached]

Searching: Bob & Doug McKenzie: Take Off

	Bob & Doug McKenzie: Take Off [cached]

Searching: Quarterflash: Find Another Fool

	Quarterflash: Find Another Fool [cached]

Searching: The Pointer Sisters: American Music

	The Pointer Sisters: American Music [cached]

Searching: Eddie Money: Think I'm In Love

	Eddie Money: Think I'm In Love [cached]

Searching: Steel Breeze: You Don't Want Me Anymore

	Steel Breeze: You Don't Want Me Anymore [cached]

Searching: Def Leppard: Rock Of Ages

	Def Leppard: Rock Of Ages [cached]

Searching: Peabo Bryson/Roberta Flack: Tonight, I Celebrate My Love

	Peabo Bryson: Tonight I Celebrate My Love [cached]

Searching: The Police: Synchronicity II

	The Police: Synchronicity II [cached]

Searching: Madonna: Holiday

	Madonna: Holiday [cached]

Searching: Queen: Radio Ga Ga

	Queen: Radio Ga Ga - Remastered 2011 [cached]

Searching: Dwight Twilley: Girls

	Dwight Twilley: Girls [cached]

Searching: Chicago: Stay The Night

	Chicago: Stay the Night - 2006 Remaster [cached]

Searching: Wang Chung: Dance Hall Days

	Wang Chung: Dance Hall Days [cached]

Searching: Elton John: Who Wears These Shoes?

	Elton John: Who Wears These Shoes? [cached]

Searching: Duran Duran: Save A Prayer

	Duran Duran: Save a Prayer [cached]

Searching: Motley Crue: Smokin' In The Boys Room

	Mötley Crüe: Smokin' In The Boys Room [cached]

Searching: Godley & Creme: Cry

	Godley & Creme: Cry [cached]

Searching: Sting: Russians

	Sting: Russians [cached]

Searching: Stevie Nicks: I Can't Wait

	Stevie Nicks: I Can't Wait [cached]

Searching: Jermaine Jackson: I Think It's Love

	Jermaine Jackson: I Think It's Love [cached]

Searching: David Lee Roth: Yankee Rose

	David Lee Roth: Yankee Rose [cached]

Searching: Double: The Captain Of Her Heart

	Double: The Captain of Her Heart [cached]

Searching: Billy Ocean: Love Is Forever

	Billy Ocean: Love Is Forever [cached]

Searching: REO Speedwagon: That Ain't Love

	REO Speedwagon: That Ain't Love [cached]

Searching: Jellybean Featuring Elisa Fiorillo: Who Found Who

	Jellybean: Who Found Who [cached]

Searching: Orchestral Manoeuvres In The Dark: Dreaming

	Orchestral Manoeuvres In The Dark: Dreaming - Remastered 2019 [cached]

Searching: Sade: Paradise

	Sade: Paradise [cached]

Searching: Fat Boys: The Twist

	Fat Boys: The Twist (Yo, Twist!) [cached]

Searching: Was (Not Was): Spy In The House Of Love

	Was (Not Was): Spy In The House Of Love - Streetsahead Mix [cached]

Searching: Aretha Franklin & Elton John: Through The Storm

	Aretha Franklin: Through the Storm (with Elton John) [cached]

Searching: Stevie Nicks: Rooms On Fire

	Stevie Nicks: Rooms On Fire [cached]

Searching: Katrina And The Waves: That's The Way

	Katrina & The Waves: That's the Way [cached]

Searching: Jude Cole: Baby, It's Tonight

	Jude Cole: Baby, It's Tonight [cached]

Searching: Bad Company: If You Needed Somebody

	Bad Company: If You Needed Somebody [cached]

Searching: Robert Palmer: Mercy Mercy Me (The Ecology)/I Want You

	Robert Palmer: Mercy Mercy Me / I Want You (Medley) [cached]

Searching: The Rude Boys: Written All Over Your Face

	The Rude Boys: Written All Over Your Face [cached]

Searching: Gerardo: We Want The Funk
=========> Gerardo: We Want Funk

	 NOT FOUND

Searching: Metallica: Enter Sandman

	Metallica: Enter Sandman [cached]

Searching: Paula Abdul: Vibeology

	Paula Abdul: Vibeology [cached]

Searching: Boyz II Men: Uhh Ahh

	Boyz II Men: Uhh Ahh [cached]

Searching: NKOTB: If You Go Away

	 NOT FOUND

Searching: Color Me Badd: Thinkin' Back

	Color Me Badd: Thinkin' Back [cached]

Searching: Bruce Springsteen: Human Touch/Better Days

	Bruce Springsteen: Human Touch [cached]

Searching: Mr. Big: Just Take My Heart

	Mr. Big: Just Take My Heart - 2010 Remastered Version [cached]

Searching: Jade: I Wanna Love You (From "Class Act")

	Jade: I Wanna Love You [cached]

Searching: Inner Circle: Sweat (A La La La La Long)

	Inner Circle: Sweat (A La La La La Long) [cached]

Searching: Pretenders: I'll Stand By You

	Pretenders: I'll Stand by You [cached]

Searching: Immature: Constantly

	Immature: Constantly [cached]

Searching: Melissa Etheridge: Like The Way I Do/If I Wanted To

	Melissa Etheridge: Like The Way I Do [cached]

Searching: Jamie Walters: Hold On

	Jamie Walters: Hold On [cached]

Searching: U2: Hold Me, Thrill Me, Kiss Me, Kill Me

	U2: Hold Me, Thrill Me, Kiss Me, Kill Me - From 'Batman Forever' [cached]

Searching: BoDeans: Closer To Free (From "Party Of Five")

	Bodeans: Closer to Free [cached]

Searching: Da Brat Featuring T-Boz: Ghetto Love

	Da Brat: Ghetto Love (feat. T-Boz) [cached]

Searching: Duncan Sheik: Barely Breathing

	Duncan Sheik: Barely Breathing [cached]

Searching: En Vogue: Whatever

	En Vogue: Whatever [cached]

Searching: Total: What About Us

	Total: What About Us - Remix; feat. Black Rob [cached]

Searching: Next: Butta Love

	Next: Butta Love [cached]

Searching: Master P Feat. Fiend, Silkk The Shocker, Mia X & Mystikal: Make Em' Say Uhh!

	Master P: Make 'Em Say Uhh - Edit [cached]

Searching: Master P Featuring Sons Of Funk: I Got The Hook Up!

	Master P: I Got The Hook-Up! [cached]

Searching: Spice Girls: Stop

	Spice Girls: Stop [cached]

Searching: Keith Sweat: I'm Not Ready

	Keith Sweat: I'm Not Ready [cached]

Searching: Brandy: Almost Doesn't Count

	Brandy: Almost Doesn't Count [cached]

Searching: Ginuwine: So Anxious

	Ginuwine: So Anxious [cached]

Searching: Goo Goo Dolls: Black Balloon

	The Goo Goo Dolls: Black Balloon [cached]

Searching: Lee Greenwood: God Bless The USA

	Lee Greenwood: God Bless The U.S.A. [cached]

Searching: Toya: I Do!!

	Toya: I Do!! [cached]

Searching: Musiq: halfcrazy

	Musiq Soulchild: Halfcrazy [cached]

Searching: Aaliyah: I Care 4 U

	Aaliyah: I Care 4 U [cached]

Searching: R. Kelly Featuring Big Tigger: Snake

	R. Kelly: Snake (feat. Big Tigger) [cached]

Searching: Michelle Branch: Are You Happy Now?

	Michelle Branch: Are You Happy Now? [cached]

Searching: Trapt: Headstrong

	Trapt: Headstrong [cached]

Searching: Eamon: F**k It (I Don't Want You Back)

	Eamon: Fuck It (I Don't Want You Back) [cached]

Searching: Los Lonely Boys: Heaven

	Los Lonely Boys: Heaven [cached]

Searching: LL Cool J: Headsprung

	LL Cool J: Headsprung [cached]

Searching: Finger Eleven: One Thing

	Finger Eleven: One Thing - Live [cached]

Searching: Jesse McCartney: Beautiful Soul

	Jesse McCartney: Beautiful Soul [cached]

Searching: Mariah Carey: It's Like That

	Mariah Carey: It's Like That [cached]

Searching: Dave Matthews Band: American Baby

	Dave Matthews Band: American Baby [cached]

Searching: Busta Rhymes: Touch It

	Busta Rhymes: Touch It [cached]

Searching: Kelis Featuring Too $hort: Bossy

	Kelis: Bossy [cached]

Searching: Nelly Furtado: Maneater

	Nelly Furtado: Maneater [cached]

Searching: Lloyd: Get It Shawty

	Lloyd: Get It Shawty - Main [cached]

Searching: Taylor Swift: Our Song

	Taylor Swift: Our Song [cached]

Searching: Flo Rida Featuring Timbaland: Elevator

	Flo Rida: Elevator (feat. Timbaland) [cached]

Searching: Jonas Brothers: Pushin' Me Away

	Jonas Brothers: Pushin' Me Away [cached]

Searching: David Banner Featuring Chris Brown: Get Like Me

	David Banner: Get Like Me [cached]

Searching: Chris Brown: Dreamer

	Chris Brown: Dreamer [cached]

Searching: Lil Wayne Featuring Bobby Valentino & Kidd Kidd: Mrs. Officer

	Lil Wayne: Mrs. Officer [cached]

Searching: Kris Allen: Heartless

	Kris Allen: Heartless [cached]

Searching: Keith Urban: Kiss A Girl

	Keith Urban: Kiss A Girl - Live At Broken Radio, San Francisco, CA/2009/iTunes Original [cached]

Searching: Kenny Chesney: Out Last Night

	Kenny Chesney: Out Last Night [cached]

Searching: Justin Bieber: One Less Lonely Girl

	Justin Bieber: One Less Lonely Girl - Acoustic [cached]

Searching: Jay-Z, Bono, The Edge & Rihanna: Stranded (Haiti Mon Amour)
=========> Jay Z  Bono  Edge: Stranded

	 NOT FOUND

Searching: Miley Cyrus: When I Look At You

	Miley Cyrus: When I Look At You [cached]

Searching: Glee Cast Featuring Jonathan Groff: Total Eclipse Of The Heart

	Glee Cast: Total Eclipse Of The Heart (Glee Cast Version) (feat. Jonathan Groff) [cached]

Searching: Glee Cast: Toxic

	Glee Cast: Toxic (Glee Cast Version) [cached]

Searching: Mike Posner: Please Don't Go

	Mike Posner: Please Don't Go [cached]

Searching: Edward Maya & Vika Jigulina: Stereo Love

	Edward Maya: Stereo Love - Radio Edit [cached]

Searching: Glee Cast: Get It Right

	Glee Cast: Get It Right (Glee Cast Version) [cached]

Searching: Beyonce: Best Thing I Never Had

	Beyoncé: Best Thing I Never Had [cached]

Searching: Lil Wayne Featuring Bruno Mars: Mirror

	Lil Wayne: Mirror [cached]

Searching: Adele: Rumour Has It

	Adele: Rumour Has It [cached]

Searching: Karmin: Brokenhearted

	Karmin: Brokenhearted [cached]

Searching: Luke Bryan: Drunk On You

	Luke Bryan: Drunk On You [cached]

Searching: Demi Lovato: Give Your Heart A Break

	Demi Lovato: Give Your Heart a Break [cached]

Searching: Taylor Swift: Ronan

	Taylor Swift: Ronan [cached]

Searching: Hunter Hayes: Wanted

	Hunter Hayes: Wanted [cached]

Searching: Ed Sheeran: The A Team

	Ed Sheeran: The A Team [cached]

Searching: 2 Chainz & Wiz Khalifa: We Own It (Fast & Furious)

	2 Chainz: We Own It (Fast & Furious) [cached]

Searching: Calvin Harris Featuring Ellie Goulding: I Need Your Love

	Calvin Harris: I Need Your Love (feat. Ellie Goulding) [cached]

Searching: Eminem: Survival

	Eminem: Survival [cached]

Searching: The Chainsmokers: #SELFIE

	The Chainsmokers: #SELFIE [cached]

Searching: Avicii: Hey Brother

	Avicii: Hey Brother [cached]

Searching: 5 Seconds Of Summer: Amnesia

	5 Seconds of Summer: Amnesia [cached]

Searching: Becky G: Shower

	Becky G: Shower [cached]

Searching: Rich Gang Featuring Young Thug & Rich Homie Quan: Lifestyle

	Rich Gang: Lifestyle [cached]

Searching: Rae Sremmurd: No Type

	Rae Sremmurd: No Type [cached]

Searching: Travis Scott: Antidote

	Travis Scott: Antidote [cached]

Searching: Drake Featuring The Throne: Pop Style

	Drake: Pop Style [cached]

Searching: James Bay: Let It Go

	James Bay: Let It Go [cached]

Searching: Drake: Controlla

	Drake: Controlla [cached]

Searching: The Weeknd: Party Monster

	The Weeknd: Party Monster [cached]

Searching: Jon Bellion: All Time Low

	Jon Bellion: All Time Low [cached]

Searching: Maroon 5 Featuring Future: Cold

	Maroon 5: Cold - Sak Noel Remix [cached]

Searching: Kendrick Lamar: Element.

	Kendrick Lamar: ELEMENT. [cached]

Searching: Khalid: Location

	Khalid: Location [cached]

Searching: David Guetta Featuring Justin Bieber: 2U

	David Guetta: 2U (feat. Justin Bieber) [cached]

Searching: Post Malone: I Fall Apart

	Post Malone: I Fall Apart [cached]

Searching: Post Malone Featuring Nicki Minaj: Ball For Me

	Post Malone: Ball For Me (feat. Nicki Minaj) [cached]

Searching: Travis Scott Featuring Lil Uzi Vert & Kanye West: Watch

	Travis Scott: Watch (feat. Lil Uzi Vert & Kanye West) [cached]

Searching: Kanye West Featuring PARTYNEXTDOOR: Ghost Town

	Kanye West: Ghost Town [cached]

Searching: YG Featuring 2 Chainz, Big Sean & Nicki Minaj: Big Bank

	YG: BIG BANK (feat. 2 Chainz, Big Sean, Nicki Minaj) [cached]

Searching: Eminem: Kamikaze

	Eminem: Kamikaze [cached]

Searching: XXXTENTACION: BAD!

	XXXTENTACION: infinity (888) - feat. Joey Bada$$ [cached]

Searching: Gene Autry: Rudolph The Red-Nosed Reindeer

	Gene Autry: Rudolph the Red-Nosed Reindeer [cached]

Searching: Cardi B: Press

	Cardi B: Press [cached]

Searching: Panic! At The Disco: Hey Look Ma, I Made It

	Panic! At The Disco: Hey Look Ma, I Made It [cached]

Searching: Post Malone Featuring DaBaby: Enemies

	Post Malone: Enemies (feat. DaBaby) [cached]

Searching: Summer Walker: Playing Games

	Summer Walker: Playing Games [cached]

Searching: Lil Baby: Sum 2 Prove

	Lil Baby: Sum 2 Prove [cached]

Searching: Jonas Brothers: What A Man Gotta Do

	Jonas Brothers: What A Man Gotta Do [cached]

Searching: Billie Eilish: No Time To Die

	Billie Eilish: No Time To Die [cached]

Searching: The Weeknd: In Your Eyes

	The Weeknd: In Your Eyes [cached]

Searching: Morgan Wallen: Chasin' You

	Morgan Wallen: Chasin' You [cached]

Searching: Juice WRLD: Bad Energy

	Juice WRLD: Bad Energy [cached]

Searching: Taylor Swift: My Tears Ricochet

	Taylor Swift: my tears ricochet [cached]

Searching: Jason Aldean: Got What I Got

	Jason Aldean: Got What I Got [cached]
