Found 242/254 = 95%
12 not found: 
Pat Boone: Big Cold Wind
Cledus Maggard And The Citizen's Band: The White Knight
Pablo Cruise: I Want You Tonight
Thirty Eight Special: If I'd Been The One
Louie Louie: Sittin' In The Lap Of Luxury
Sheena Easton: What Comes Naturally
Raphael Saadiq: Ask Of You (From "Higher Learning")
Puff Daddy & The Family Featuring The Notorious B.I.G. & Busta Rh: Victory
Dixie Chicks: Goodbye Earl
Tupac Featuring The Notorious B.I.G.: Runnin (Dying To Live)
Maejor Ali Featuring Juicy J & Justin Bieber: Lolly
YG Featuring Jeezy & Rich Homie Quan: My Hitta
--------- log -----------
Searching: Joni James: There Goes My Heart

	Joni James: There Goes My Heart

Searching: Sammy Turner: Always

	Sammy Turner: Always

Searching: Bobby Rydell: Little Bitty Girl

	Bobby Rydell: Little Bitty Girl

Searching: Connie Francis: Jealous Of You (Tango Della Gelosia)
=========> Connie Francis: Jealous Of You

	Connie Francis: Jealous Of You (Tango Della Gelosia)

Searching: Bobby Darin: Won't You Come Home Bill Bailey
=========> Bobby Darin: Won t You Come Home Bill Bailey

	Bobby Darin: Won't You Come Home Bill Bailey - 2006 Remaster

Searching: Billy Vaughn And His Orchestra: Look For A Star
=========> Billy Vaughn: Look For A Star

	Billy Vaughn: Look for a Star

Searching: Lloyd Price and His Orchestra: Question
=========> Lloyd Price: Question

	Lloyd Price: Question

Searching: Don Costa And His Orchestra And Chorus: Never On Sunday
=========> Don Costa: Never On Sunday

	Don Costa: Never on Sunday

Searching: Maxine Brown: All In My Mind

	Maxine Brown: All in My Mind

Searching: Al Caiola And His Orchestra: Bonanza
=========> Al Caiola: Bonanza

	Al Caiola: Bonanza

Searching: Ral Donner: Girl Of My Best Friend

	Ral Donner: Girl of My Best Friend

Searching: Jackie Wilson: I'm Comin' On On Back To You
=========> Jackie Wilson: I m Comin  On On Back To You

	Jackie Wilson: I'm Comin' On Back To You

Searching: Pat Boone: Big Cold Wind

	 NOT FOUND

Searching: Jose Jimenez: The Astronaut (Parts 1 & 2)
=========> Jose Jimenez: The Astronaut

	Jose Jimenez: The Astronaut

Searching: Gladys Knight And The Pips: Letter Full Of Tears
=========> Gladys Knight: Letter Full Of Tears

	Gladys Knight & The Pips: Letter Full Of Tears

Searching: Brook Benton: Shadrack

	Brook Benton: Shadrack

Searching: The Ikettes: I'm Blue (The Gong-Gong Song)
=========> The Ikettes: I m Blue

	The Ikettes: I'm Blue (The Gong Gong Song)

Searching: Paul Petersen: She Can't Find Her Keys
=========> Paul Petersen: She Can t Find Her Keys

	Paul Petersen: She Can't Find Her Keys

Searching: Burl Ives: Call Me Mr. In-Between
=========> Burl Ives: Call Me Mr  In Between

	Burl Ives: Call Me Mr. In-Between

Searching: Tony Bennett: I Left My Heart In San Francisco

	Tony Bennett: (I Left My Heart) In San Francisco

Searching: Paul Anka: Eso Beso (That Kiss!)
=========> Paul Anka: Eso Beso

	Paul Anka: Eso Beso

Searching: The Routers: Let's Go (pony)
=========> The Routers: Let s Go

	The Routers: Let's Go

Searching: The Shirelles: Everybody Loves A Lover

	The Shirelles: Everybody Loves A Lover

Searching: Little Johnny Taylor: Part Time Love

	Little Johnny Taylor: Part-Time Love

Searching: The Orlons: Cross Fire!
=========> The Orlons: Cross Fire

	The Orlons: Cross Fire!

Searching: The Tymes: Somewhere

	The Tymes: Somewhere

Searching: Marvin Gaye & Mary Wells: Once Upon A Time
=========> Marvin Gaye   Mary Wells: Once Upon A Time

	Marvin Gaye: Once Upon A Time

Searching: The Premiers: Farmer John

	The Premiers: Farmer John - Live Version

Searching: The Beatles: Ain't She Sweet
=========> The Beatles: Ain t She Sweet

	The Beatles: Ain't She Sweet - Anthology 1 Version

Searching: Gene Chandler: Just Be True

	Gene Chandler: Just Be True

Searching: Jerry Wallace: In The Misty Moonlight

	Jerry Wallace: In The Misty Moonlight

Searching: The Animals: I'm Crying
=========> The Animals: I m Crying

	The Animals: I'm Crying

Searching: The Detergents: Leader Of The Laundromat

	The Detergents: Leader of the Laundromat

Searching: Bobbi Martin: Don't Forget I Still Love You
=========> Bobbi Martin: Don t Forget I Still Love You

	Bobbi Martin: Don't Forget I Still Love You

Searching: The Rolling Stones: Heart Of Stone

	The Rolling Stones: Heart Of Stone - Stereo Version / Remastered 2002

Searching: The Seekers: A World Of Our Own

	The Seekers: A World of Our Own

Searching: Four Tops: Something About You

	Four Tops: Something About You

Searching: Ray Charles: Together Again

	Ray Charles & Betty Carter: We'll Be Together Again

Searching: Johnny Rivers: (I Washed My Hands In) Muddy Water
=========> Johnny Rivers: Muddy Water

	Johnny Rivers: Muddy Water

Searching: Elvis Presley: Love Letters

	Elvis Presley: Love Letters

Searching: Ramsey Lewis: Wade In The Water

	Ramsey Lewis: Wade In The Water

Searching: Herb Alpert & The Tijuana Brass: Mame
=========> Herb Alpert   The Tijuana Brass: Mame

	Herb Alpert & The Tijuana Brass: Mame

Searching: Donovan: Epistle To Dippy

	Donovan: Epistle To Dippy - Single Version

Searching: Marvin Gaye & Tammi Terrell: Ain't No Mountain High Enough
=========> Marvin Gaye   Tammi Terrell: Ain t No Mountain High Enough

	Marvin Gaye: Ain't No Mountain High Enough

Searching: Four Tops: You Keep Running Away

	Four Tops: You Keep Running Away

Searching: Ed Ames: Who Will Answer?
=========> Ed Ames: Who Will Answer

	Ed Ames: Who Will Answer? (Aleluya No. 1)

Searching: The Beach Boys: Darlin'
=========> The Beach Boys: Darlin

	The Beach Boys: Darlin' - Remastered

Searching: Paul Revere & The Raiders Featuring Mark Lindsay: Too Much Talk
=========> Paul Revere   The Raiders: Too Much Talk

	Paul Revere & The Raiders: Too Much Talk (feat. Mark Lindsay)

Searching: Engelbert Humperdinck: A Man Without Love (Quando M'innamoro)
=========> Engelbert Humperdinck: A Man Without Love

	Engelbert Humperdinck: A Man Without Love

Searching: The Monkees: D. W. Washburn
=========> The Monkees: D  W  Washburn

	The Monkees: D.W. Washburn

Searching: Pigmeat Markham: Here Comes The Judge

	Pigmeat Markham: Here Comes The Judge

Searching: Bobby Goldsboro: Autumn Of My Life

	Bobby Goldsboro: Autumn of My Life

Searching: Gary Lewis And The Playboys: Sealed With A Kiss
=========> Gary Lewis: Sealed With A Kiss

	Gary Lewis & The Playboys: Sealed With A Kiss - Remastered

Searching: Dionne Warwick: Promises, Promises
=========> Dionne Warwick: Promises  Promises

	Dionne Warwick: Promises, Promises

Searching: Tammy Wynette: Stand By Your Man

	Tammy Wynette: Stand By Your Man

Searching: The First Edition: But You Know I Love You

	Kenny Rogers & The First Edition: But You Know I Love You

Searching: Aretha Franklin: The Weight

	Aretha Franklin: The Weight

Searching: The Who: Pinball Wizard

	The Who: Pinball Wizard

Searching: Classics IV Featuring Dennis Yost: Everyday With You Girl
=========> Classics IV: Everyday With You Girl

	Classics IV: Everyday With You Girl

Searching: Roy Clark: Yesterday, When I Was Young
=========> Roy Clark: Yesterday  When I Was Young

	Roy Clark: Yesterday When I Was Young

Searching: Gladys Knight And The Pips: The Nitty Gritty
=========> Gladys Knight: The Nitty Gritty

	Gladys Knight & The Pips: The Nitty Gritty

Searching: Tommy James And The Shondells: Ball Of Fire
=========> Tommy James: Ball Of Fire

	Tommy James & The Shondells: Ball of Fire

Searching: CROW: Evil Woman Don't Play Your Games With Me
=========> CROW: Evil Woman Don t Play Your Games With Me

	Crow: Evil Woman Don't Play Your Games With Me

Searching: Jay & The Americans: Walkin' In The Rain
=========> Jay   The Americans: Walkin  In The Rain

	Jay & The Americans: Walkin' In The Rain

Searching: Glen Campbell: Honey Come Back

	Glen Campbell: Honey Come Back

Searching: Johnny Cash: What Is Truth

	Johnny Cash: What Is Truth

Searching: Three Dog Night: One Man Band

	Three Dog Night: One Man Band

Searching: Aretha Franklin: You're All I Need To Get By
=========> Aretha Franklin: You re All I Need To Get By

	Aretha Franklin: You're All I Need to Get By - Take 2

Searching: The 5th Dimension: Love's Lines, Angles And Rhymes
=========> The 5th Dimension: Love s Lines  Angles And Rhymes

	The 5th Dimension: Love's Lines, Angles And Rhymes

Searching: The Guess Who: Rain Dance

	The Guess Who: Rain Dance

Searching: Rare Earth: Hey Big Brother

	Rare Earth: Hey Big Brother

Searching: Bobby Vinton: Sealed With A Kiss

	Bobby Vinton: Sealed with a Kiss

Searching: Mel And Tim: Starting All Over Again

	Mel & Tim: Starting All Over Again

Searching: Three Dog Night: Pieces Of April

	Three Dog Night: Pieces Of April

Searching: Gladys Knight And The Pips: Daddy Could Swear, I Declare
=========> Gladys Knight: Daddy Could Swear  I Declare

	Gladys Knight & The Pips: Daddy Could Swear, I Declare

Searching: Al Green: Livin' For You
=========> Al Green: Livin  For You

	Al Green: Livin' for You

Searching: Grand Funk: Walk Like A Man

	Grand Funk Railroad: Walk Like A Man (You Can Call Me Your Man)

Searching: Gregg Allman: Midnight Rider

	Gregg Allman: Midnight Rider

Searching: Diana Ross & Marvin Gaye: My Mistake (Was To Love You)
=========> Diana Ross   Marvin Gaye: My Mistake

	Diana Ross: My Mistake (Was To Love You)

Searching: Aretha Franklin: I'm In Love
=========> Aretha Franklin: I m In Love

	Aretha Franklin: Drown in My Own Tears

Searching: Fancy: Touch Me

	Fancy: Touch Me

Searching: Lynyrd Skynyrd: Free Bird

	Lynyrd Skynyrd: Free Bird

Searching: Bad Company: Movin' On
=========> Bad Company: Movin  On

	Bad Company: Movin' On - 2009 Remaster

Searching: Roger Whittaker: The Last Farewell

	Roger Whittaker: The Last Farewell

Searching: Charlie Rich: Every Time You Touch Me (I Get High)
=========> Charlie Rich: Every Time You Touch Me

	Charlie Rich: Every Time You Touch Me (I Get High)

Searching: Commodores: Slippery When Wet

	Commodores: Slippery When Wet

Searching: Helen Reddy: Somewhere In The Night

	Helen Reddy: Somewhere In The Night

Searching: Cledus Maggard And The Citizen's Band: The White Knight
=========> Cledus Maggard: White Knight

	 NOT FOUND

Searching: The Blackbyrds: Happy Music

	The Blackbyrds: Happy Music

Searching: George Harrison: Crackerbox Palace

	George Harrison: Crackerbox Palace - Remastered 2004

Searching: Judy Collins: Send In The Clowns

	Judy Collins: Send in the Clowns

Searching: Dolly Parton: Two Doors Down

	Dolly Parton: Two Doors Down

Searching: Steely Dan: Deacon Blues

	Steely Dan: Deacon Blues

Searching: Barry Manilow: Even Now

	Barry Manilow: Even Now

Searching: Sylvester: Dance (Disco Heat)
=========> Sylvester: Dance

	Sylvester: Dance (Disco Heat) - 12" Version

Searching: Eric Carmen: Change Of Heart

	Eric Carmen: Change Of Heart

Searching: Bob Welch: Precious Love

	Bob Welch: Precious Love

Searching: ABBA: Does Your Mother Know

	ABBA: Does Your Mother Know

Searching: Atlanta Rhythm Section: Do It Or Die

	Atlanta Rhythm Section: Do It Or Die

Searching: Diana Ross: The Boss

	Diana Ross: The Boss

Searching: Jennifer Warnes: I Know A Heartache When I See One

	Jennifer Warnes: I Know A Heartache When I See One

Searching: Michael Johnson: This Night Won't Last Forever
=========> Michael Johnson: This Night Won t Last Forever

	Michael Johnson: This Night Won't Last Forever

Searching: Pablo Cruise: I Want You Tonight

	 NOT FOUND

Searching: Tommy James: Three Times In Love

	Tommy James: Three Times In Love

Searching: The Whispers: And The Beat Goes On

	The Whispers: And the Beat Goes On

Searching: Peaches & Herb: I Pledge My Love
=========> Peaches   Herb: I Pledge My Love

	Peaches & Herb: I Pledge My Love

Searching: Neil Sedaka & Dara Sedaka: Should've Never Let You Go
=========> Neil Sedaka   Dara Sedaka: Should ve Never Let You Go

	Neil Sedaka: Should've Never Let You Go

Searching: Joe Walsh: All Night Long

	Joe Walsh: All Night Long - Live

Searching: Jackson Browne: Boulevard

	Jackson Browne: Boulevard

Searching: Billy Joel: Don't Ask Me Why
=========> Billy Joel: Don t Ask Me Why

	Billy Joel: Don't Ask Me Why

Searching: Irene Cara: Out Here On My Own

	Irene Cara: Out Here On My Own

Searching: Randy Meisner: Hearts On Fire

	Randy Meisner: Hearts On Fire

Searching: Yarbrough & Peoples: Don't Stop The Music
=========> Yarbrough   Peoples: Don t Stop The Music

	Yarbrough & Peoples: Don't Stop The Music

Searching: Phil Collins: I Missed Again

	Phil Collins: I Missed Again - 2015 Remaster

Searching: Tom Petty And The Heartbreakers: The Waiting
=========> Tom Petty: The Waiting

	Tom Petty and the Heartbreakers: The Waiting

Searching: Stanley Clarke/George Duke: Sweet Baby
=========> Stanley Clarke George Duke: Sweet Baby

	Stanley Clarke: Sweet Baby

Searching: Phil Collins: In The Air Tonight

	Phil Collins: In The Air Tonight - 2015 Remastered

Searching: Journey: Still They Ride

	Journey: Still They Ride

Searching: Karla Bonoff: Personally

	Karla Bonoff: Personally

Searching: Michael Murphey: What's Forever For
=========> Michael Murphey: What s Forever For

	Michael Martin Murphey: What's Forever For?

Searching: John Cougar: Hand To Hold On To

	John Mellencamp: Hand To Hold On To

Searching: Electric Light Orchestra: Rock 'n' Roll Is King
=========> Electric Light Orchestra: Rock  n  Roll Is King

	Electric Light Orchestra: Rock 'N' Roll Is King

Searching: Thirty Eight Special: If I'd Been The One
=========> Thirty Eight Special: If I d Been One

	 NOT FOUND

Searching: Pretenders: Middle Of The Road

	Pretenders: Middle of the Road - 2007 Remaster

Searching: James Ingram With Michael McDonald: Yah Mo B There
=========> James Ingram: Yah Mo B There

	James Ingram: Yah Mo B There

Searching: Julio Iglesias & Diana Ross: All Of You
=========> Julio Iglesias   Diana Ross: All Of You

	Julio Iglesias: All of You (feat. Diana Ross)

Searching: Diana Ross: Swept Away

	Diana Ross: Swept Away

Searching: REO Speedwagon: One Lonely Night

	REO Speedwagon: One Lonely Night

Searching: Air Supply: Just As I Am

	Air Supply: Just as I Am

Searching: Howard Jones: Life In One Day

	Howard Jones: Life In One Day

Searching: Night Ranger: Four In The Morning (I Can't Take Anymore)
=========> Night Ranger: Four In The Morning

	Night Ranger: Four In The Morning

Searching: Dire Straits: So Far Away

	Dire Straits: So Far Away - Full Version

Searching: The Fixx: Secret Separation

	The Fixx: Secret Separation

Searching: The Outfield: All The Love In The World

	The Outfield: All the Love in the World

Searching: Orchestral Manoeuvres In The Dark: (Forever) Live And Die
=========> Orchestral Manoeuvres In The Dark: Live And Die

	Orchestral Manoeuvres In The Dark: (Forever) Live And Die

Searching: Timbuk 3: The Future's So Bright, I Gotta Wear Shades
=========> Timbuk 3: The Future s So Bright  I Gotta Wear Shades

	Timbuk 3: The Future's So Bright, I Gotta Wear Shades

Searching: Kansas: All I Wanted

	Kansas: All I Wanted

Searching: Hipsway: The Honeythief

	Hipsway: The Honeythief

Searching: Fleetwood Mac: Seven Wonders

	Fleetwood Mac: Seven Wonders - 2017 Remaster

Searching: REO Speedwagon: In My Dreams

	REO Speedwagon: In My Dreams

Searching: Stevie Wonder: Skeletons

	Stevie Wonder: Skeletons

Searching: Michael Bolton: That's What Love Is All About
=========> Michael Bolton: That s What Love Is All About

	Michael Bolton: That's What Love Is All About

Searching: Def Leppard: Animal

	Def Leppard: Animal

Searching: Salt-N-Pepa: Push It
=========> Salt N Pepa: Push It

	Salt-N-Pepa: Push It

Searching: Pat Benatar: All Fired Up

	Pat Benatar: All Fired Up

Searching: Elton John: A Word In Spanish

	Elton John: A Word In Spanish

Searching: Robert Palmer: Early In The Morning

	Robert Palmer: Early in the Morning

Searching: Joan Jett & the Blackhearts: Little Liar
=========> Joan Jett   the Blackhearts: Little Liar

	Joan Jett & The Blackhearts: Little Liar

Searching: Elvis Costello: Veronica

	Elvis Costello: Veronica

Searching: Winger: Headed For A Heartbreak

	Winger: Headed for a Heartbreak

Searching: Grayson Hugh: Talk It Over

	Grayson Hugh: Talk It Over

Searching: Louie Louie: Sittin' In The Lap Of Luxury
=========> Louie Louie: Sittin  In Lap Of Luxury

	 NOT FOUND

Searching: Motley Crue: Don't Go Away Mad (Just Go Away)
=========> Motley Crue: Don t Go Away Mad

	Mötley Crüe: Don't Go Away Mad (Just Go Away)

Searching: Slaughter: Fly To the Angels

	Slaughter: Fly To The Angels

Searching: Concrete Blonde: Joey

	Concrete Blonde: Joey

Searching: After 7: Heat Of The Moment

	After 7: Heat Of The Moment

Searching: Sheena Easton: What Comes Naturally

	 NOT FOUND

Searching: Firehouse: Don't Treat Me Bad
=========> Firehouse: Don t Treat Me Bad

	Firehouse: Don't Treat Me Bad

Searching: Paula Abdul: Will You Marry Me?
=========> Paula Abdul: Will You Marry Me

	Paula Abdul: Will You Marry Me?

Searching: Jody Watley: I'm The One You Need
=========> Jody Watley: I m The One You Need

	Jody Watley: I'm The One You Need

Searching: Trey Lorenz: Someone To Hold

	Trey Lorenz: Someone to Hold

Searching: Joey Lawrence: Nothin' My Love Can't Fix
=========> Joey Lawrence: Nothin  My Love Can t Fix

	Joey Lawrence: Nothin' My Love Can't Fix

Searching: Snow: Girl, I've Been Hurt
=========> Snow: Girl  I ve Been Hurt

	Snow: Girl I've Been Hurt

Searching: Kris Kross Featuring Supercat: Alright
=========> Kris Kross: Alright

	Kris Kross: Alright

Searching: Cypress Hill: Insane In The Brain

	Cypress Hill: Insane in the Brain

Searching: Rod Stewart: Reason To Believe

	Rod Stewart: (Find A) Reason To Believe

Searching: Eternal: Stay

	Eternal: Stay

Searching: Bonnie Raitt: Love Sneakin' Up On You
=========> Bonnie Raitt: Love Sneakin  Up On You

	Bonnie Raitt: Love Sneakin' Up On You

Searching: Joshua Kadison: Beautiful In My Eyes

	Joshua Kadison: Beautiful In My Eyes

Searching: R.E.M.: Bang And Blame
=========> R E M: Bang And Blame

	R.E.M.: Bang And Blame

Searching: Raphael Saadiq: Ask Of You (From "Higher Learning")
=========> Raphael Saadiq: Ask Of You

	 NOT FOUND

Searching: Real McCoy: Come And Get Your Love

	Real McCoy: Come and Get Your Love - Radio Edit

Searching: Collective Soul: The World I Know

	Collective Soul: The World I Know

Searching: Bruce Springsteen: Secret Garden

	Bruce Springsteen: Secret Garden

Searching: Toni Braxton: I Love Me Some Him/I Don't Want To
=========> Toni Braxton: I Love Me Some Him

	Toni Braxton: I Love Me Some Him

Searching: SWV (Featuring Puff Daddy): Someone
=========> SWV: Someone

	SWV: Someone (feat. Puff Daddy)

Searching: Puff Daddy & The Family Featuring The Notorious B.I.G. & Busta Rh: Victory
=========> Puff Daddy: Victory

	 NOT FOUND

Searching: Snoop Dogg: Still A G Thang

	Snoop Dogg: Still A G Thang

Searching: Jay-Z Featuring Amil (Of Major Coinz) & Ja: Can I Get A...
=========> Jay Z: Can I Get A

	JAY-Z: Can I Get A...

Searching: Savage Garden: The Animal Song

	Savage Garden: The Animal Song

Searching: Madonna: Beautiful Stranger

	Madonna: Beautiful Stranger

Searching: Juvenile Featuring Mannie Fresh & Lil' Wayne: Back That Thang Up
=========> Juvenile: Back That Thang Up

	JUVENILE: Back That Thang Up

Searching: Guy: Dancin'
=========> Guy: Dancin

	Sleep Music Guys from I'm In Records: Dancing in the Dark

Searching: Foo Fighters: Learn To Fly

	Foo Fighters: Learn to Fly

Searching: Kid Rock: Only God Knows Why

	Kid Rock: Only God Knows Why

Searching: Dixie Chicks: Goodbye Earl

	 NOT FOUND

Searching: 'N Sync: Pop
=========> N Sync: Pop

	*NSYNC: Pop

Searching: D12: Purple Hills

	D12: Purple Hills

Searching: The Isley Brothers Featuring Ronald Isley: Contagious
=========> The Isley Brothers: Contagious

	The Isley Brothers: Contagious

Searching: OutKast Featuring Killer Mike: The Whole World
=========> OutKast: The Whole World

	Outkast: The Whole World (feat. Killer Mike)

Searching: Clipse: When The Last Time

	Clipse: When the Last Time

Searching: 2Pac: Thugz Mansion

	2Pac: Thugz Mansion - 7 Remix

Searching: Frankie J: Don't Wanna Try
=========> Frankie J: Don t Wanna Try

	Frankie J: Don't Wanna Try

Searching: Train: Calling All Angels

	Train: Calling All Angels

Searching: Tupac Featuring The Notorious B.I.G.: Runnin (Dying To Live)
=========> Tupac: Runnin

	 NOT FOUND

Searching: R. Kelly: Happy People
=========> R  Kelly: Happy People

	R. Kelly: Happy People

Searching: Monica: U Should've Known Better
=========> Monica: U Should ve Known Better

	Monica: U Should've Known Better

Searching: Anthony Hamilton: Charlene

	Anthony Hamilton: Charlene

Searching: John Mayer: Daughters

	John Mayer: Daughters

Searching: Ludacris: Number One Spot

	Ludacris: Number One Spot

Searching: Green Day: Holiday

	Green Day: Holiday

Searching: Baby Bash Featuring Akon: Baby I'm Back
=========> Baby Bash: Baby I m Back

	Baby Bash: Baby, I'm Back

Searching: Ashlee Simpson: Boyfriend

	Ashlee Simpson: Boyfriend

Searching: Keyshia Cole: Love

	Keyshia Cole: Love

Searching: Nickelback: Savin' Me
=========> Nickelback: Savin  Me

	Nickelback: Savin' Me

Searching: Christina Aguilera: Hurt

	Christina Aguilera: Hurt

Searching: Ciara: Like A Boy

	Ciara: Like a Boy

Searching: Maroon 5: Wake Up Call

	Maroon 5: Wake Up Call

Searching: Rascal Flatts: Take Me There

	Rascal Flatts: Take Me There

Searching: DJ Khaled Featuring T-Pain, Trick Daddy, Rick Ross & Plies: I'm So Hood
=========> DJ Khaled: I m So Hood

	DJ Khaled: I'm So Hood

Searching: Janet: Feedback

	Janet Jackson: Feedback - Single Version

Searching: Fall Out Boy Featuring John Mayer: Beat It
=========> Fall Out Boy: Beat It

	Fall Out Boy: Beat It - Studio Version

Searching: Mariah Carey: Bye Bye

	Mariah Carey: Bye Bye

Searching: Carrie Underwood: Last Name

	Carrie Underwood: Last Name

Searching: Hit Masters: All Summer Long

	Hit Co. Masters: All Summer Long

Searching: Akon Featuring Colby O'Donis & Kardinal Offishall: Beautiful
=========> Akon: Beautiful

	Akon: Beautiful

Searching: Beyonce: Diva

	Beyoncé: Diva

Searching: Britney Spears: If U Seek Amy

	Britney Spears: If U Seek Amy

Searching: Soulja Boy Tell'em: Turn My Swag On
=========> Soulja Boy Tell em: Turn My Swag On

	Soulja Boy: Turn My Swag On

Searching: Adam Lambert: Mad World

	Adam Lambert: Mad World - Live at Glam Nation

Searching: Nickelback: If Today Was Your Last Day

	Nickelback: If Today Was Your Last Day

Searching: Flo Rida Featuring Ne-Yo: Be On You
=========> Flo Rida: Be On You

	Flo Rida: Be on You (feat. Ne-Yo)

Searching: Taylor Swift: Untouchable

	Taylor Swift: Untouchable

Searching: Nicki Minaj Featuring Rihanna: Fly
=========> Nicki Minaj: Fly

	Nicki Minaj: Fly

Searching: Taylor Swift: Eyes Open

	Taylor Swift: Eyes Open

Searching: Eric Church: Springsteen

	Eric Church: Springsteen

Searching: Kelly Clarkson: Catch My Breath

	Kelly Clarkson: Catch My Breath

Searching: Rihanna: Pour It Up

	Rihanna: Pour It Up

Searching: Hunter Hayes: I Want Crazy

	Hunter Hayes: I Want Crazy - Encore

Searching: J. Cole Featuring Miguel: Power Trip
=========> J  Cole: Power Trip

	J. Cole: Power Trip (feat. Miguel)

Searching: Maejor Ali Featuring Juicy J & Justin Bieber: Lolly
=========> Maejor Ali: Lolly

	 NOT FOUND

Searching: YG Featuring Jeezy & Rich Homie Quan: My Hitta
=========> YG: My Hitta

	 NOT FOUND

Searching: Naughty Boy Featuring Sam Smith: La La La
=========> Naughty Boy: La La La

	Naughty Boy: La La La

Searching: Miranda Lambert Duet With Carrie Underwood: Somethin' Bad
=========> Miranda Lambert: Somethin  Bad

	Miranda Lambert: Somethin' Bad (with Carrie Underwood) - (Duet with Carrie Underwood)

Searching: Calvin Harris Featuring John Newman: Blame
=========> Calvin Harris: Blame

	Calvin Harris: Blame (feat. John Newman)

Searching: Ne-Yo Featuring Juicy J: She Knows
=========> Ne Yo: She Knows

	Ne-Yo: She Knows

Searching: Justin Bieber: I'll Show You
=========> Justin Bieber: I ll Show You

	Justin Bieber: I'll Show You

Searching: Jeremih: Oui

	Jeremih: oui

Searching: Tory Lanez: Luv

	Tory Lanez: LUV

Searching: Young M.A: OOOUUU
=========> Young M A: OOOUUU

	Young M.A: OOOUUU

Searching: Migos: T-Shirt
=========> Migos: T Shirt

	Migos: T-Shirt

Searching: Lorde: Green Light

	Lorde: Green Light

Searching: Brett Young: In Case You Didn't Know
=========> Brett Young: In Case You Didn t Know

	Brett Young: In Case You Didn't Know

Searching: XXXTENTACION: Jocelyn Flores

	XXXTENTACION: Jocelyn Flores

Searching: DJ Khaled Featuring Cardi B & 21 Savage: Wish Wish
=========> DJ Khaled: Wish Wish

	DJ Khaled: Wish Wish (feat. Cardi B & 21 Savage)

Searching: Kanye West: Selah

	Kanye West: Selah

Searching: Lil Uzi Vert Featuring Chief Keef: Bean (Kobe)
=========> Lil Uzi Vert: Bean

	Lil Uzi Vert: Bean (Kobe) [feat. Chief Keef]

Searching: Future, Drake & Young Thug: D4L
=========> Future  Drake   Young Thug: D4L

	Future: D4L

Searching: Surfaces: Sunday Best

	Surfaces: Sunday Best

Searching: Luke Bryan: One Margarita

	Luke Bryan: One Margarita

Searching: A$AP Ferg Featuring  Nicki Minaj & MadeinTYO: Move Ya Hips
=========> A AP Ferg: Move Ya Hips

	A$AP Ferg: Move Ya Hips (feat. Nicki Minaj & MadeinTYO)

Searching: 21 Savage & Metro Boomin: Glock In My Lap
=========> 21 Savage   Metro Boomin: Glock In My Lap

	21 Savage: Glock In My Lap

Searching: Kane Brown With Swae Lee & Khalid: Be Like That
=========> Kane Brown: Be Like That

	Kane Brown: Be Like That - feat. Swae Lee & Khalid

Searching: The Ronettes: Sleigh Ride

	The Ronettes: Sleigh Ride
