Found 490/505 = 97%
15 not found: 
Richard Harris: MacArthur Park
Deliverance/Eric Weissberg & Steve Mandell: Dueling Banjos
Teri DeSario With K.C.: Yes, I'm Ready
Eddy Grant: Electric Avenue
Billy Ocean: Lover Boy
Linda Ronstadt & James Ingram: Somewhere Out There (From "An American Tail")
Rhythm Syndicate: P.A.S.S.I.O.N.
Puff Daddy & The Family (Feat. The Notorious B.I.G. & Mase): Been Around The World
Puff Daddy Featuring R. Kelly: Satisfy You
Dream: He Loves U Not
P. Diddy Featuring Usher & Loon: I Need A Girl (Part One)
Missy "Misdemeanor" Elliott: Work It
Ruben Studdard: Flying Without Wings
Bo Bice: Inside Your Heaven
Artists For Haiti: We Are The World 25: For Haiti
--------- log -----------
Searching: Perez Prado And His Orchestra: Patricia

	Pérez Prado: Patricia [cached]

Searching: The Everly Brothers: Bird Dog

	The Everly Brothers: Bird Dog [cached]

Searching: Bobby Day: Rock-in Robin

	Bobby Day: Rock-In Robin [cached]

Searching: The Everly Brothers: Problems

	The Everly Brothers: Problems - Original Recording Remastered [cached]

Searching: Connie Francis: My Happiness

	Connie Francis: My Happiness [cached]

Searching: Bill Parsons: The All American Boy

	Bill Parsons: The All American Boy [cached]

Searching: The Crests: 16 Candles

	The Crests: 16 Candles [cached]

Searching: Ritchie Valens: Donna

	Ritchie Valens: Donna - Single Version [cached]

Searching: The Coasters: Charlie Brown

	The Coasters: Charlie Brown [cached]

Searching: Elvis Presley With The Jordanaires: (Now and Then There's) A Fool Such As I

	Elvis Presley: (Now and Then There's) A Fool Such as I [cached]

Searching: The Impalas: Sorry (I Ran All The Way Home)

	The Impalas: Sorry (I Ran All the Way Home) [cached]

Searching: Bobby Darin: Dream Lover

	Bobby Darin: Dream Lover [cached]

Searching: Lloyd Price and His Orchestra: Personality

	Lloyd Price: Personality [cached]

Searching: The Drifters: There Goes My Baby

	The Drifters: There Goes My Baby [cached]

Searching: Phil Phillips With The Twilights: Sea Of Love

	Phil Phillips: Sea Of Love [cached]

Searching: Paul Anka: Put Your Head On My Shoulder

	Paul Anka: Put Your Head On My Shoulder [cached]

Searching: Della Reese: Don't You Know

	Della Reese: Don't You Know? [cached]

Searching: Jimmy Jones: Handy Man

	Jimmy Jones: Handy Man [cached]

Searching: Jim Reeves: He'll Have To Go

	Jim Reeves: He'll Have to Go [cached]

Searching: Bobby Rydell: Wild One

	Bobby Rydell: Wild One [cached]

Searching: Paul Anka: Puppy Love

	Paul Anka: Puppy Love - Remix [cached]

Searching: The Brothers Four: Greenfields

	The Brothers Four: Greenfields [cached]

Searching: Roy Orbison: Only The Lonely (Know How I Feel)

	Roy Orbison: Only the Lonely [cached]

Searching: The Ventures: Walk -- Don't Run

	The Ventures: Walk, Don't Run - Stereo [cached]

Searching: Sam Cooke: Chain Gang

	Sam Cooke: Chain Gang [cached]

Searching: Johnny Tillotson: Poetry In Motion

	Johnny Tillotson: Poetry In Motion [cached]

Searching: Floyd Cramer: Last Date

	Floyd Cramer: Last Date - Instrumental [cached]

Searching: Ferrante & Teicher: Exodus

	Ferrante & Teicher: Exodus (Theme From Exodus) [cached]

Searching: The Miracles (featuring Bill "Smokey" Robinson): Shop Around

	The Miracles: Shop Around [cached]

Searching: Jorgen Ingmann & His Guitar: Apache

	Jorgen Ingmann: Apache [cached]

Searching: Shep And The Limelites: Daddy's Home

	Shep: Daddys Home [cached]

Searching: Dee Clark: Raindrops

	Dee Clark: Raindrops [cached]

Searching: Brook Benton: The Boll Weevil Song

	Brook Benton: The Boll Weevil Song [cached]

Searching: Chris Kenner: I Like It Like That, Part 1

	Chris Kenner: I Like It Like That (Part 1) (Original Mix) [cached]

Searching: Dick and DeeDee: The Mountain's High

	Dick & Dee Dee: The Mountain's High [cached]

Searching: Roy Orbison: Crying

	Roy Orbison: Crying [cached]

Searching: The Dovells: Bristol Stomp

	The Dovells: Bristol Stomp [cached]

Searching: Bobby Vee: Run To Him

	Bobby Vee: Run To Him [cached]

Searching: Elvis Presley With The Jordanaires: Can't Help Falling In Love

	Elvis Presley: Can't Help Falling in Love [cached]

Searching: Dion: The Wanderer

	Dion: The Wanderer [cached]

Searching: Kenny Ball and his Jazzmen: Midnight In Moscow

	Kenny Ball: Midnight In Moscow [cached]

Searching: Dee Dee Sharp: Mashed Potato Time

	Dee Dee Sharp: Mashed Potato Time [cached]

Searching: The Orlons: The Wah Watusi

	The Orlons: The Wah Watusi [cached]

Searching: Ray Charles: You Don't Know Me

	Ray Charles: You Don't Know Me [cached]

Searching: Nat King Cole: Ramblin' Rose

	Nat King Cole: Ramblin' Rose [cached]

Searching: Gene Pitney: Only Love Can Break A Heart

	Gene Pitney: Only Love Can Break A Heart [cached]

Searching: Elvis Presley With The Jordanaires: Return To Sender

	Elvis Presley: Return to Sender - From "Girls! Girls! Girls!" [cached]

Searching: Chubby Checker: Limbo Rock

	Chubby Checker: Limbo Rock [cached]

Searching: Dion: Ruby Baby

	Dion: Ruby Baby [cached]

Searching: Skeeter Davis: The End Of The World

	Skeeter Davis: The End of the World [cached]

Searching: Andy Williams: Can't Get Used To Losing You

	Andy Williams: Can't Take My Eyes Off You [cached]

Searching: Peter, Paul & Mary: Puff (The Magic Dragon)

	Peter, Paul and Mary: Puff, the Magic Dragon [cached]

Searching: The Surfaris: Wipe Out

	The Surfaris: Wipe Out [cached]

Searching: Peter, Paul & Mary: Blowin' In The Wind

	Peter, Paul and Mary: Blowin' in the Wind [cached]

Searching: Allan Sherman: Hello Mudduh, Hello Fadduh! (A Letter From Camp)

	Allan Sherman: Hello Muddah, Hello Fadduh! (A Letter from Camp Granada) Live Version (feat. Allen "Mudduh Faddah Camp Grenada" Sherman) [cached]

Searching: The Jaynetts: Sally, Go 'round The Roses

	The Jaynetts: Sally Go Round The Roses [cached]

Searching: The Ronettes: Be My Baby

	The Ronettes: Be My Baby [cached]

Searching: The Village Stompers: Washington Square

	The Village Stompers: Washington Square - Remastered [cached]

Searching: The Kingsmen: Louie Louie

	The Kingsmen: Louie Louie [cached]

Searching: Lesley Gore: You Don't Own Me

	Lesley Gore: You Don't Own Me [cached]

Searching: The Beatles: Twist And Shout

	The Beatles: Twist And Shout - Remastered 2009 [cached]

Searching: The Beatles: Do You Want To Know A Secret

	The Beatles: Do You Want To Know A Secret - Remastered 2009 [cached]

Searching: Millie Small: My Boy Lollipop

	Millie Small: My Boy Lollipop [cached]

Searching: Johnny Rivers: Memphis

	Johnny Rivers: Memphis - Live At Whiskey A Go Go / 1964 / Remastered 1995 [cached]

Searching: The Newbeats: Bread And Butter

	The Newbeats: Bread and Butter [cached]

Searching: Martha & The Vandellas: Dancing In The Street

	Martha Reeves & The Vandellas: Dancing In The Street - Stereo [cached]

Searching: J. Frank Wilson and The Cavaliers: Last Kiss

	J. Frank Wilson: Last Kiss [cached]

Searching: The Zombies: She's Not There

	The Zombies: She's Not There [cached]

Searching: Herman's Hermits: Can't You Hear My Heartbeat

	Herman's Hermits: Can't You Hear My Heartbeat [cached]

Searching: Gary Lewis And The Playboys: Count Me In

	Gary Lewis & The Playboys: Count Me In [cached]

Searching: Sam The Sham and the Pharaohs: Wooly Bully

	Sam The Sham & The Pharaohs: Wooly Bully [cached]

Searching: Gary Lewis And The Playboys: Save Your Heart For Me

	Gary Lewis & The Playboys: Save Your Heart For Me [cached]

Searching: Bob Dylan: Like A Rolling Stone

	Bob Dylan: Like a Rolling Stone [cached]

Searching: Roy Head And The Traits: Treat Her Right

	Roy Head & The Traits: Treat Her Right [cached]

Searching: The Toys: A Lover's Concerto

	The Toys: A Lover's Concerto [cached]

Searching: Len Barry: 1-2-3

	Len Barry: 1-2-3 [cached]

Searching: The Beach Boys: Barbara Ann

	The Beach Boys: Barbara Ann [cached]

Searching: The Rolling Stones: 19th Nervous Breakdown

	The Rolling Stones: 19th Nervous Breakdown - Mono Version [cached]

Searching: The Lovin' Spoonful: Daydream

	The Lovin' Spoonful: Daydream [cached]

Searching: Cher: Bang Bang (My Baby Shot Me Down)

	Cher: Bang Bang (My Baby Shot Me Down) - Single Version [cached]

Searching: Bob Dylan: Rainy Day Women #12 & 35

	Bob Dylan: Rainy Day Women #12 & 35 [cached]

Searching: The Mindbenders: A Groovy Kind Of Love

	The Mindbenders: A Groovy Kind Of Love [cached]

Searching: The Lovin' Spoonful: Did You Ever Have To Make Up Your Mind?

	The Lovin' Spoonful: Did You Ever Have to Make up Your Mind? [cached]

Searching: The Cyrkle: Red Rubber Ball

	The Cyrkle: Red Rubber Ball [cached]

Searching: Sam The Sham and the Pharaohs: Lil' Red Riding Hood

	Sam The Sham & The Pharaohs: Lil' Red Riding Hood [cached]

Searching: Bobby Hebb: Sunny

	Bobby Hebb: Sunny [cached]

Searching: The Beatles: Yellow Submarine

	The Beatles: Yellow Submarine - Remastered 2009 [cached]

Searching: Donovan: Mellow Yellow

	Donovan: Mellow Yellow [cached]

Searching: The Royal Guardsmen: Snoopy Vs. The Red Baron

	The Royal Guardsmen: Snoopy Vs. The Red Baron [cached]

Searching: Aaron Neville: Tell It Like It Is

	Aaron Neville: Tell it like it is [cached]

Searching: The Seekers: Georgy Girl

	The Seekers: Georgy Girl [cached]

Searching: The Mamas & The Papas: Dedicated To The One I Love

	The Mamas & The Papas: Dedicated To The One I Love [cached]

Searching: The Monkees: A Little Bit Me, A Little Bit You

	The Monkees: A Little Bit Me, a Little Bit You [cached]

Searching: Arthur Conley: Sweet Soul Music

	Arthur Conley: Sweet Soul Music [cached]

Searching: The Music Explosion: Little Bit O' Soul

	The Music Explosion: Little Bit O' Soul (Action Mix) [cached]

Searching: Frankie Valli: Can't Take My Eyes Off You

	Frankie Valli: Can't Take My Eyes off You [cached]

Searching: Stevie Wonder: I Was Made To Love Her

	Stevie Wonder: I Was Made To Love Her [cached]

Searching: Diana Ross & The Supremes: Reflections

	Diana Ross & The Supremes: Reflections [cached]

Searching: The Association: Never My Love

	The Association: Never My Love - Remastered Version [cached]

Searching: Sam & Dave: Soul Man

	Sam & Dave: Soul Man [cached]

Searching: The Cowsills: The Rain, The Park & Other Things

	The Cowsills: The Rain The Park And Other Things [cached]

Searching: Gladys Knight And The Pips: I Heard It Through The Grapevine

	Gladys Knight & The Pips: I Heard It Through The Grapevine [cached]

Searching: Aretha Franklin: Chain Of Fools

	Aretha Franklin: Chain of Fools [cached]

Searching: Dionne Warwick: (Theme From) Valley Of The Dolls

	Dionne Warwick: (Theme From) Valley of the Dolls [cached]

Searching: The Union Gap Featuring Gary Puckett: Young Girl

	Gary Puckett & The Union Gap: Young Girl [cached]

Searching: The Box Tops: Cry Like A Baby

	The Box Tops: Cry Like a Baby [cached]

Searching: Hugo Montenegro, His Orchestra And Chorus: The Good, The Bad And The Ugly

	Hugo Montenegro & His Orchestra and Chorus: The Vice Of Killing [cached]

Searching: Richard Harris: MacArthur Park

	 NOT FOUND

Searching: Cliff Nobles & Co.: The Horse

	Cliff Nobles: The Horse [cached]

Searching: Gary Puckett And The Union Gap: Lady Willpower

	Gary Puckett & The Union Gap: Lady Willpower [cached]

Searching: Mason Williams: Classical Gas

	Mason Williams: Classical Gas [cached]

Searching: Steppenwolf: Born To Be Wild

	Steppenwolf: Born To Be Wild [cached]

Searching: The Crazy World Of Arthur Brown: Fire

	The Crazy World Of Arthur Brown: Fire [cached]

Searching: O.C. Smith: Little Green Apples

	O.C. Smith: Little Green Apples [cached]

Searching: Mary Hopkin: Those Were The Days

	Mary Hopkin: Those Were The Days - Remastered [cached]

Searching: Stevie Wonder: For Once In My Life

	Stevie Wonder: For Once In My Life [cached]

Searching: Diana Ross And The Supremes & The Temptations: I'm Gonna Make You Love Me

	Diana Ross & The Supremes: I'm Gonna Make You Love Me [cached]

Searching: Creedence Clearwater Revival: Proud Mary

	Creedence Clearwater Revival: Proud Mary [cached]

Searching: Classics IV Featuring Dennis Yost: Traces

	Classics IV: Traces [cached]

Searching: Blood, Sweat & Tears: You've Made Me So Very Happy

	Blood, Sweat & Tears: You've Made Me So Very Happy [cached]

Searching: The Isley Brothers: It's Your Thing

	The Isley Brothers: It's Your Thing [cached]

Searching: The Cowsills: Hair

	The Cowsills: "Hair"-A Cappella [cached]

Searching: Mercy: Love (Can Make You Happy)

	Sisters of Mercy: Temple of Love - 1992 [cached]

Searching: Creedence Clearwater Revival: Bad Moon Rising

	Creedence Clearwater Revival: Bad Moon Rising [cached]

Searching: Blood, Sweat & Tears: Spinning Wheel

	Blood, Sweat & Tears: Spinning Wheel [cached]

Searching: Tommy James And The Shondells: Crystal Blue Persuasion

	Tommy James & The Shondells: Crystal Blue Persuasion [cached]

Searching: Johnny Cash: A Boy Named Sue

	Johnny Cash: A Boy Named Sue - Live at San Quentin State Prison, San Quentin, CA - February 1969 [cached]

Searching: Creedence Clearwater Revival: Green River

	Creedence Clearwater Revival: Green River [cached]

Searching: Oliver: Jean

	Oliver: Jean [cached]

Searching: Sly & The Family Stone: Hot Fun In The Summertime

	Sly & The Family Stone: Hot Fun in the Summertime [cached]

Searching: R.B. Greaves: Take A Letter Maria

	R.B. Greaves: Take a Letter, Maria [cached]

Searching: Blood, Sweat & Tears: And When I Die

	Blood, Sweat & Tears: And When I Die [cached]

Searching: Eddie Holman: Hey There Lonely Girl

	Eddie Holman: Hey There Lonely Girl [cached]

Searching: Creedence Clearwater Revival: Travelin' Band/Who'll Stop The Rain

	Creedence Clearwater Revival: Travelin' Band [cached]

Searching: The Jaggerz: The Rapper

	The Jaggerz: The Rapper [cached]

Searching: The Ides Of March: Vehicle

	The Ides Of March: Vehicle [cached]

Searching: The Poppy Family (Featuring Susan Jacks): Which Way You Goin' Billy?

	The Poppy Family: Which Way You Goin', Billy? [cached]

Searching: Creedence Clearwater Revival: Lookin' Out My Back Door/Long As I Can See The Light

	Creedence Clearwater Revival: Lookin' Out My Back Door [cached]

Searching: Carpenters: We've Only Just Begun

	Carpenters: We've Only Just Begun [cached]

Searching: The 5th Dimension: One Less Bell To Answer

	The 5th Dimension: One Less Bell To Answer [cached]

Searching: Jackson 5: Mama's Pearl

	The Jackson 5: Mama's Pearl [cached]

Searching: Tom Jones: She's A Lady

	Tom Jones: She's A Lady [cached]

Searching: Marvin Gaye: What's Going On

	Marvin Gaye: What's Going On [cached]

Searching: Ocean: Put Your Hand In The Hand

	Ocean: Put Your Hand in the Hand [cached]

Searching: Jackson 5: Never Can Say Goodbye

	The Jackson 5: Never Can Say Goodbye - Single Version [cached]

Searching: Carpenters: Rainy Days And Mondays

	Carpenters: Rainy Days And Mondays [cached]

Searching: Jean Knight: Mr. Big Stuff

	Jean Knight: Mr. Big Stuff [cached]

Searching: John Denver: Take Me Home, Country Roads

	John Denver: Take Me Home, Country Roads [cached]

Searching: Aretha Franklin: Spanish Harlem

	Aretha Franklin: Spanish Harlem [cached]

Searching: Carpenters: Superstar/Bless The Beasts And Children

	Carpenters: Superstar [cached]

Searching: Carpenters: Hurting Each Other

	Carpenters: Hurting Each Other [cached]

Searching: Michael Jackson: Rockin' Robin

	Michael Jackson: Rockin' Robin [cached]

Searching: Joe Tex: I Gotcha

	Joe Tex: I GOTCHA [cached]

Searching: Billy Preston: Outa-Space

	Billy Preston: Outa-Space [cached]

Searching: Cornelius Brothers & Sister Rose: Too Late To Turn Back Now

	Cornelius Brothers & Sister Rose: Too Late To Turn Back Now [cached]

Searching: The Hollies: Long Cool Woman (In A Black Dress)

	The Hollies: Long Cool Woman (In a Black Dress) - 1999 Remaster [cached]

Searching: Bill Withers: Use Me

	Bill Withers: Use Me [cached]

Searching: Elvis Presley: Burning Love

	Elvis Presley: Burning Love [cached]

Searching: The Moody Blues: Nights In White Satin

	The Moody Blues: Nights In White Satin - Single Version / Mono Mix [cached]

Searching: Lobo: I'd Love You To Want Me

	Lobo: I'd Love You to Want Me [cached]

Searching: Gilbert O'Sullivan: Clair

	Gilbert O'Sullivan: Clair [cached]

Searching: Deliverance/Eric Weissberg & Steve Mandell: Dueling Banjos
=========> Deliverance: Dueling Banjos

	 NOT FOUND

Searching: Deodato: Also Sprach Zarathustra (2001)

	Deodato: Also Sprach Zarathustra [cached]

Searching: Gladys Knight And The Pips: Neither One Of Us (Wants To Be The First To Say Goodbye)

	Gladys Knight & The Pips: Neither One Of Us (Wants To Be The First To Say Goodbye) [cached]

Searching: War: The Cisco Kid

	War: The Cisco Kid [cached]

Searching: Elton John: Daniel

	Elton John: Daniel [cached]

Searching: Clint Holmes: Playground In My Mind

	Clint Holmes: The Playground in My Mind [cached]

Searching: Paul Simon: Kodachrome

	Paul Simon: Kodachrome [cached]

Searching: Carpenters: Yesterday Once More

	Carpenters: Yesterday Once More [cached]

Searching: Wings: Live And Let Die

	Wings: Live And Let Die - 2018 Remaster [cached]

Searching: Paul Simon (with The Dixie Hummingbirds): Loves Me Like A Rock

	Paul Simon: Loves Me Like a Rock [cached]

Searching: The Allman Brothers Band: Ramblin Man

	The Southern Rock Players: Ramblin Man (made famous by Allman Brothers Band) [cached]

Searching: Elton John: Goodbye Yellow Brick Road

	Elton John: Goodbye Yellow Brick Road - Remastered 2014 [cached]

Searching: Eddie Kendricks: Boogie Down

	Eddie Kendricks: Boogie Down - Single Version [cached]

Searching: Jackson 5: Dancing Machine

	The Jackson 5: Dancing Machine - Single Version [cached]

Searching: The Stylistics: You Make Me Feel Brand New

	The Stylistics: You Make Me Feel Brand New [cached]

Searching: Elton John: Don't Let The Sun Go Down On Me

	Elton John: Don't Let The Sun Go Down On Me [cached]

Searching: Carole King: Jazzman

	Carole King: Jazzman [cached]

Searching: B.T. Express: Do It ('til You're Satisfied)

	Solid Base: This Is How We Do It [cached]

Searching: The Three Degrees: When Will I See You Again

	The Three Degrees: When Will I See You Again [cached]

Searching: Barry White: You're The First, The Last, My Everything

	Barry White: You're The First, The Last, My Everything - Single Version [cached]

Searching: Linda Ronstadt: When Will I Be Loved

	Linda Ronstadt: When Will I Be Loved [cached]

Searching: 10cc: I'm Not In Love

	10cc: I'm Not In Love [cached]

Searching: Eagles: Lyin' Eyes

	Eagles: Lyin' Eyes - 2013 Remaster [cached]

Searching: Donna Summer: Love To Love You Baby

	Donna Summer: Love To Love You Baby [cached]

Searching: Eric Carmen: All By Myself

	Eric Carmen: All By Myself [cached]

Searching: Gary Wright: Dream Weaver

	Gary Wright: Dream Weaver [cached]

Searching: Maxine Nightingale: Right Back Where We Started From

	Maxine Nightingale: Right Back Where We Started From [cached]

Searching: Silver Convention: Get Up And Boogie (That's Right)

	Silver Convention: Get Up and Boogie (That's Right) - Radio Mix [cached]

Searching: Gary Wright: Love Is Alive

	Gary Wright: Love Is Alive [cached]

Searching: Lou Rawls: You'll Never Find Another Love Like Mine

	Lou Rawls: You'll Never Find Another Love Like Mine [cached]

Searching: England Dan & John Ford Coley: I'd Really Love To See You Tonight

	England Dan & John Ford Coley: I'd Really Love to See You Tonight [cached]

Searching: Gordon Lightfoot: The Wreck Of The Edmund Fitzgerald

	Gordon Lightfoot: The Wreck of the Edmund Fitzgerald [cached]

Searching: The Spinners: The Rubberband Man

	The Spinners: The Rubberband Man [cached]

Searching: Steve Miller: Fly Like An Eagle

	Steve Miller Band: Fly Like An Eagle [cached]

Searching: Peter Frampton: I'm In You

	Peter Frampton: I'm In You [cached]

Searching: Rita Coolidge: (your Love Has Lifted Me) Higher And Higher

	Rita Coolidge: (Your Love Has Lifted Me) Higher And Higher [cached]

Searching: The Floaters: Float On

	The Floaters: Float On [cached]

Searching: KC And The Sunshine Band: Keep It Comin' Love

	KC & The Sunshine Band: Keep It Comin' Love [cached]

Searching: Carly Simon: Nobody Does It Better

	Carly Simon: Nobody Does It Better [cached]

Searching: Heatwave: Boogie Nights

	Heatwave: Boogie Nights - Single Version [cached]

Searching: Crystal Gayle: Don't It Make My Brown Eyes Blue

	Crystal Gayle: Don't It Make My Brown Eyes Blue [cached]

Searching: Randy Newman: Short People

	Randy Newman: Short People [cached]

Searching: Roberta Flack With Donny Hathaway: The Closer I Get To You

	Roberta Flack: The Closer I Get to You [cached]

Searching: Gerry Rafferty: Baker Street

	Gerry Rafferty: Baker Street [cached]

Searching: Foreigner: Double Vision

	Foreigner: Double Vision [cached]

Searching: Village People: Y.M.C.A.

	Foot Village: Chicken and Cheese 2 [cached]

Searching: The Pointer Sisters: Fire

	The Pointer Sisters: Fire [cached]

Searching: Sister Sledge: We Are Family

	Sister Sledge: We Are Family [cached]

Searching: Earth, Wind & Fire: After The Love Has Gone

	Earth, Wind & Fire: After the Love Has Gone [cached]

Searching: Donna Summer: Dim All The Lights

	Donna Summer: Dim All The Lights [cached]

Searching: Teri DeSario With K.C.: Yes, I'm Ready
=========> Teri DeSario: Yes  I m Ready

	 NOT FOUND

Searching: Dan Fogelberg: Longer

	Dan Fogelberg: Longer [cached]

Searching: The Spinners: Working My Way Back To You/Forgive Me, Girl

	The Spinners: Medley: Working My Way Back to You / Forgive Me, Girl [cached]

Searching: Christopher Cross: Ride Like The Wind

	Christopher Cross: Ride Like the Wind [cached]

Searching: Air Supply: All Out Of Love

	Air Supply: All Out of Love [cached]

Searching: Leo Sayer: More Than I Can Say

	Leo Sayer: More Than I Can Say [cached]

Searching: Neil Diamond: Love On The Rocks

	Neil Diamond: Love On The Rocks - From "The Jazz Singer" Soundtrack [cached]

Searching: John Lennon: Woman

	John Lennon: Woman - Ultimate Mix [cached]

Searching: Grover Washington, Jr. With Bill Withers: Just The Two Of Us

	Grover Washington, Jr.: Just the Two of Us (feat. Bill Withers) [cached]

Searching: Smokey Robinson: Being With You

	Smokey Robinson: Being With You [cached]

Searching: George Harrison: All Those Years Ago

	George Harrison: All Those Years Ago - Remastered 2004 [cached]

Searching: Joey Scarbury: Theme From "Greatest American Hero" (Believe It or Not)

	Joey Scarbury: Believe It or Not (Theme from "Greatest American Hero") [cached]

Searching: The Pointer Sisters: Slow Hand

	The Pointer Sisters: Slow Hand [cached]

Searching: Juice Newton: Queen Of Hearts

	Juice Newton: Queen Of Hearts [cached]

Searching: The Rolling Stones: Start Me Up

	The Rolling Stones: Start Me Up - Remastered [cached]

Searching: Foreigner: Waiting For A Girl Like You

	Foreigner: Waiting for a Girl like You [cached]

Searching: Journey: Open Arms

	Journey: Open Arms [cached]

Searching: Go-Go's: We Got The Beat

	The Go-Go's: We Got The Beat [cached]

Searching: Rick Springfield: Don't Talk To Strangers

	Rick Springfield: Don't Talk to Strangers [cached]

Searching: Toto: Rosanna

	TOTO: Rosanna [cached]

Searching: John Cougar: Hurts So Good

	John Mellencamp: Hurts So Good [cached]

Searching: Laura Branigan: Gloria

	Laura Branigan: Gloria [cached]

Searching: Michael Jackson And Paul McCartney: The Girl Is Mine

	Michael Jackson: The Girl Is Mine (with Paul McCartney) [cached]

Searching: Bob Seger & The Silver Bullet Band: Shame On The Moon

	Bob Seger: Shame On The Moon [cached]

Searching: Culture Club: Do You Really Want To Hurt Me

	Culture Club: Do You Really Want To Hurt Me [cached]

Searching: Greg Kihn Band: Jeopardy

	The Greg Kihn Band: Jeopardy [cached]

Searching: Culture Club: Time (Clock Of The Heart)

	Culture Club: Time (Clock Of The Heart) [cached]

Searching: Eddy Grant: Electric Avenue

	 NOT FOUND

Searching: Air Supply: Making Love Out Of Nothing At All

	Air Supply: Making Love Out of Nothing at All [cached]

Searching: Daryl Hall John Oates: Say It Isn't So

	Daryl Hall & John Oates: Say It Isn't So [cached]

Searching: Kool & The Gang: Joanna

	Kool & The Gang: Joanna [cached]

Searching: Nena: 99 Luftballons

	Nena: 99 Luftballons [cached]

Searching: Cyndi Lauper: Girls Just Want To Have Fun

	Cyndi Lauper: Girls Just Want to Have Fun [cached]

Searching: Rockwell: Somebody's Watching Me

	Rockwell: Somebody's Watching Me - Single Version [cached]

Searching: Bruce Springsteen: Dancing In The Dark

	Bruce Springsteen: Dancing In the Dark [cached]

Searching: Prince And The Revolution: Purple Rain

	Prince: Purple Rain [cached]

Searching: Duran Duran: The Wild Boys

	Duran Duran: The Wild Boys [cached]

Searching: Jack Wagner: All I Need

	Jack Wagner: All I Need [cached]

Searching: Philip Bailey With Phil Collins: Easy Lover

	Philip Bailey: Easy Lover [cached]

Searching: Billy Ocean: Lover Boy

	 NOT FOUND

Searching: Glenn Frey: The Heat Is On

	Glenn Frey: The Heat Is On - From "Beverly Hills Cop" Soundtrack [cached]

Searching: Madonna: Material Girl

	Madonna: Material Girl [cached]

Searching: Prince And The Revolution: Raspberry Beret

	Prince: Raspberry Beret [cached]

Searching: Tina Turner: We Don't Need Another Hero (Thunderdome)

	Tina Turner: We Don't Need Another Hero (Thunderdome) [cached]

Searching: Kool & The Gang: Cherish

	Kool & The Gang: Cherish [cached]

Searching: Glenn Frey: You Belong To The City

	Glenn Frey: You Belong To The City [cached]

Searching: Eddie Murphy: Party All The Time

	Eddie Murphy: Party All the Time [cached]

Searching: Survivor: Burning Heart

	Survivor: Burning Heart - From "Rocky IV" Soundtrack [cached]

Searching: Billy Ocean: When The Going Gets Tough, The Tough Get Going

	Billy Ocean: When the Going Gets Tough, The Tough Get Going [cached]

Searching: John Mellencamp: R.O.C.K. In The U.S.A. (A Salute to 60's Rock)

	John Mellencamp: R.O.C.K. In The U.S.A. (A Salute To 60's Rock) [cached]

Searching: The Bangles: Manic Monday

	The Bangles: Manic Monday [cached]

Searching: Kenny Loggins: Danger Zone

	Kenny Loggins: Danger Zone - From "Top Gun" Original Soundtrack [cached]

Searching: Lionel Richie: Dancing On The Ceiling

	Lionel Richie: Dancing On The Ceiling [cached]

Searching: Carl Anderson & Gloria Loring: Friends And Lovers

	Carl Anderson: Friends And Lovers (feat. Gloria Loring) [cached]

Searching: Glass Tiger: Don't Forget Me (When I'm Gone)

	Glass Tiger: Don't Forget Me (When I'm Gone) [cached]

Searching: Tina Turner: Typical Male

	Tina Turner: Typical Male [cached]

Searching: Robert Palmer: I Didn't Mean To Turn You On

	Robert Palmer: I Didn't Mean To Turn You On [cached]

Searching: Wang Chung: Everybody Have Fun Tonight

	Wang Chung: Everybody Have Fun Tonight [cached]

Searching: Duran Duran: Notorious

	Duran Duran: Notorious [cached]

Searching: Robbie Nevil: C'est La Vie

	Robbie Nevil: C'est La Vie [cached]

Searching: The Georgia Satellites: Keep Your Hands To Yourself

	The Georgia Satellites: Keep Your Hands to Yourself [cached]

Searching: Linda Ronstadt & James Ingram: Somewhere Out There (From "An American Tail")
=========> Linda Ronstadt: Somewhere Out There

	 NOT FOUND

Searching: Janet Jackson: Let's Wait Awhile

	Janet Jackson: Let's Wait Awhile [cached]

Searching: Crowded House: Don't Dream It's Over

	Crowded House: Don't Dream It's Over [cached]

Searching: Jody Watley: Looking For A New Love

	Jody Watley: Looking For A New Love - Radio Edit [cached]

Searching: George Michael: I Want Your Sex (From "Beverly Hills Cop II")

	George Michael: I Want Your Sex - Pts. 1 & 2 Remastered [cached]

Searching: Prince: U Got The Look

	Prince: U Got the Look [cached]

Searching: Madonna: Causing A Commotion

	Madonna: Causing a Commotion [cached]

Searching: Whitesnake: Is This Love

	Whitesnake: Is This Love - 2018 Remaster [cached]

Searching: The Bangles: Hazy Shade Of Winter

	The Bangles: Hazy Shade of Winter [cached]

Searching: Pet Shop Boys & Dusty Springfield: What Have I Done To Deserve This?

	Pet Shop Boys: What Have I Done to Deserve This? (with Dusty Springfield) - 2001 Remaster [cached]

Searching: Belinda Carlisle: I Get Weak

	Belinda Carlisle: I Get Weak [cached]

Searching: Richard Marx: Endless Summer Nights

	Richard Marx: Endless Summer Nights [cached]

Searching: INXS: Devil Inside

	INXS: Devil Inside [cached]

Searching: Johnny Hates Jazz: Shattered Dreams

	Johnny Hates Jazz: Shattered Dreams - Remastered [cached]

Searching: Pebbles: Mercedes Boy

	Pebbles: Mercedes Boy - Single Remix Version [cached]

Searching: Def Leppard: Pour Some Sugar On Me

	Def Leppard: Pour Some Sugar On Me - Remastered 2017 [cached]

Searching: Breathe: Hands To Heaven

	Breathe: Hands To Heaven [cached]

Searching: Elton John: I Don't Wanna Go On With You Like That

	Elton John: I Don't Wanna Go On With You Like That [cached]

Searching: Robert Palmer: Simply Irresistible

	Robert Palmer: Simply Irresistible [cached]

Searching: Taylor Dayne: Don't Rush Me

	Taylor Dayne: Don't Rush Me [cached]

Searching: Tone-Loc: Wild Thing

	Tone-Loc: Wild Thing [cached]

Searching: Sheena Easton: The Lover In Me

	Sheena Easton: The Lover In Me [cached]

Searching: Milli Vanilli: Girl You Know It's True

	Milli Vanilli: Girl You Know It's True [cached]

Searching: Jody Watley: Real Love

	Jody Watley: Real Love [cached]

Searching: Donny Osmond: Soldier Of Love

	Donny Osmond: Soldier Of Love - 12" Version [cached]

Searching: Madonna: Express Yourself

	Madonna: Express Yourself [cached]

Searching: Bobby Brown: On Our Own (From "Ghostbusters II")

	Bobby Brown: On Our Own [cached]

Searching: Warrant: Heaven

	Warrant: Heaven [cached]

Searching: Madonna: Cherish

	Madonna: Cherish [cached]

Searching: The Cure: Love Song

	The Cure: Lovesong [cached]

Searching: Tears For Fears: Sowing The Seeds Of Love

	Tears For Fears: Sowing The Seeds Of Love [cached]

Searching: New Kids On The Block: Cover Girl

	New Kids On The Block: Cover Girl [cached]

Searching: Linda Ronstadt (Featuring Aaron Neville): Don't Know Much

	Linda Ronstadt: Don't Know Much (with Aaron Neville) [cached]

Searching: Janet Jackson: Rhythm Nation

	Janet Jackson: Rhythm Nation [cached]

Searching: Technotronic Featuring Felly: Pump Up The Jam

	Technotronic: Pump Up The Jam [cached]

Searching: Seduction: Two To Make It Right

	Seduction: Two To Make It Right [cached]

Searching: Roxette: Dangerous

	Roxette: Dangerous [cached]

Searching: Jane Child: Don't Wanna Fall In Love

	Jane Child: Don't Wanna Fall in Love [cached]

Searching: Calloway: I Wanna Be Rich

	Calloway: I Wanna Be Rich [cached]

Searching: Heart: All I Wanna Do Is Make Love To You

	Heart: All I Wanna Do Is Make Love To You [cached]

Searching: En Vogue: Hold On

	En Vogue: Hold On [cached]

Searching: Billy Idol: Cradle Of Love (From "Ford Fairlane")

	Billy Idol: Cradle Of Love [cached]

Searching: Snap!: The Power

	SNAP!: The Power [cached]

Searching: Janet Jackson: Come Back To Me

	Janet Jackson: Come Back To Me [cached]

Searching: M.C. Hammer: Pray

	MC Hammer: Pray [cached]

Searching: Alias: More Than Words Can Say

	Alias: More Than Words Can Say [cached]

Searching: Bette Midler: From A Distance

	Bette Midler: From a Distance - Christmas Version [cached]

Searching: Cathy Dennis: Touch Me (All Night Long)

	Cathy Dennis: Touch Me (All Night Long) - Touch This Mix [cached]

Searching: Color Me Badd: I Wanna Sex You Up (From "New Jack City")

	Color Me Badd: I Wanna Sex You Up - Single Mix [cached]

Searching: Jesus Jones: Right Here, Right Now

	Jesus Jones: Right Here Right Now [cached]

Searching: Rhythm Syndicate: P.A.S.S.I.O.N.
=========> Rhythm Syndicate: P A S S I O N

	 NOT FOUND

Searching: Amy Grant: Every Heartbeat

	Amy Grant: Every Heartbeat [cached]

Searching: Lenny Kravitz: It Ain't Over 'til It's Over

	Lenny Kravitz: It Ain't Over 'Til It's Over [cached]

Searching: Roxette: Fading Like A Flower (Every Time You Leave)

	Roxette: Fading Like A Flower (Every Time You Leave) [cached]

Searching: Natural Selection: Do Anything

	Natural Selection: Do Anything [cached]

Searching: Bryan Adams: Can't Stop This Thing We Started

	Bryan Adams: Can't Stop This Thing We Started [cached]

Searching: Boyz II Men: It's So Hard To Say Goodbye To Yesterday

	Boyz II Men: It's So Hard To Say Goodbye To Yesterday [cached]

Searching: Mariah Carey: Can't Let Go

	Mariah Carey: Can't Let Go [cached]

Searching: Shanice: I Love Your Smile

	Shanice: I Love Your Smile [cached]

Searching: Eric Clapton: Tears In Heaven

	Eric Clapton: Tears in Heaven - Acoustic; Live at MTV Unplugged, Bray Film Studios, Windsor, England, UK, 1/16/1992; 2013 Remaster [cached]

Searching: Queen: Bohemian Rhapsody

	Queen: Bohemian Rhapsody - Remastered 2011 [cached]

Searching: En Vogue: My Lovin' (You're Never Gonna Get It)

	En Vogue: My Lovin' (You're Never Gonna Get It) [cached]

Searching: Red Hot Chili Peppers: Under The Bridge

	Red Hot Chili Peppers: Under the Bridge [cached]

Searching: TLC: Baby-Baby-Baby

	TLC: Baby-Baby-Baby [cached]

Searching: Patty Smyth: Sometimes Love Just Ain't Enough

	Patty Smyth: Sometimes Love Just Ain't Enough - Single Version [cached]

Searching: Shai: If I Ever Fall In Love

	Shai: If I Ever Fall In Love [cached]

Searching: Wreckx-N-Effect: Rump Shaker

	Wreckx-N-Effect: Rump Shaker [cached]

Searching: Dr. Dre: Nuthin' But A "G" Thang

	Dr. Dre: Nuthin' But A "G" Thang [cached]

Searching: Tag Team: Whoomp! (There It Is)

	Tag Team: Whoomp! There It Is [cached]

Searching: SWV: Right Here (Human Nature)/Downtown

	SWV: Right Here - Human Nature Radio Mix [cached]

Searching: Xscape: Just Kickin' It

	Xscape: Just Kickin' It [cached]

Searching: Ace Of Base: All That She Wants

	Ace of Base: All That She Wants [cached]

Searching: Madonna: I'll Remember (From "With Honors")

	Madonna: I'll Remember (Theme from the Motion Picture With Honors) [cached]

Searching: Janet Jackson: Any Time, Any Place/And On And On

	Janet Jackson: Any Time, Any Place [cached]

Searching: Warren G & Nate Dogg: Regulate (From "Above The Rim")

	Warren G: Regulate [cached]

Searching: Luther Vandross & Mariah Carey: Endless Love

	Luther Vandross: Endless Love (with Mariah Carey) [cached]

Searching: Sheryl Crow: All I Wanna Do

	Sheryl Crow: All I Wanna Do [cached]

Searching: Soul For Real: Candy Rain

	Soul For Real: Candy Rain [cached]

Searching: TLC: Red Light Special

	TLC: Red Light Special [cached]

Searching: Adina Howard: Freak Like Me

	Adina Howard: Freak Like Me [cached]

Searching: Boyz II Men: Water Runs Dry

	Boyz II Men: Water Runs Dry [cached]

Searching: Nicki French: Total Eclipse Of The Heart

	Nicki French: Total Eclipse of the Heart - Alternative 7 Inch [cached]

Searching: Monica: Don't Take It Personal (Just One Of Dem Days)

	Monica: Don't Take It Personal (Just One of Dem Days) [cached]

Searching: The Notorious B.I.G.: One More Chance/Stay With Me

	The Notorious B.I.G.: One More Chance / Stay with Me - Remix; 2007 Remaster [cached]

Searching: Everything But The Girl: Missing

	Everything But The Girl: Missing - 2013 Remaster [cached]

Searching: Mary J. Blige: Not Gon' Cry (From "Waiting To Exhale")

	Mary J. Blige: Not Gon' Cry [cached]

Searching: Brandy: Sittin' Up In My Room (From "Waiting To Exhale")

	Brandy: Sittin' Up In My Room - from Waiting to Exhale - Original Soundtrack [cached]

Searching: The Tony Rich Project: Nobody Knows

	The Tony Rich Project: Nobody Knows [cached]

Searching: Keith Sweat: Twisted

	Keith Sweat: Twisted [cached]

Searching: Donna Lewis: I Love You Always Forever

	Donna Lewis: I Love You Always Forever [cached]

Searching: Celine Dion: It's All Coming Back To Me Now

	Céline Dion: It's All Coming Back to Me Now [cached]

Searching: R. Kelly: I Believe I Can Fly (From "Space Jam")

	R. Kelly: I Believe I Can Fly [cached]

Searching: En Vogue: Don't Let Go (Love)

	En Vogue: Don't Let Go (Love) [cached]

Searching: Jewel: Foolish Games/You Were Meant For Me

	Jewel: Foolish Games [cached]

Searching: Mark Morrison: Return Of The Mack

	Mark Morrison: Return of the Mack [cached]

Searching: Meredith Brooks: Bitch

	Meredith Brooks: Bitch [cached]

Searching: Backstreet Boys: Quit Playing Games (With My Heart)

	Backstreet Boys: Quit Playing Games (With My Heart) [cached]

Searching: Usher: You Make Me Wanna...

	Usher: You Make Me Wanna... [cached]

Searching: LeAnn Rimes: How Do I Live

	LeAnn Rimes: How Do I Live [cached]

Searching: Puff Daddy & The Family (Feat. The Notorious B.I.G. & Mase): Been Around The World
=========> Puff Daddy: Been Around World

	 NOT FOUND

Searching: Madonna: Frozen

	Madonna: Frozen [cached]

Searching: Montell Jordan Feat. Master P & Silkk The Shocker: Let's Ride

	Montell Jordan: Let's Ride [cached]

Searching: Shania Twain: You're Still The One

	Shania Twain: You're Still The One [cached]

Searching: Usher: My Way

	Usher: My Way [cached]

Searching: Deborah Cox: Nobody's Supposed To Be Here

	Deborah Cox: Nobody's Supposed to Be Here [cached]

Searching: Whitney Houston Feat. Faith Evans & Kelly Price: Heartbreak Hotel

	Whitney Houston: Heartbreak Hotel (feat. Faith Evans & Kelly Price) [cached]

Searching: Sixpence None The Richer: Kiss Me

	Sixpence None The Richer: Kiss Me [cached]

Searching: Pearl Jam: Last Kiss

	Pearl Jam: Last Kiss [cached]

Searching: K-Ci & JoJo: Tell Me It's Real

	K-Ci & JoJo: Tell Me It's Real [cached]

Searching: Ricky Martin: She's All I Ever Had

	Ricky Martin: She's All I Ever Had [cached]

Searching: 'N Sync & Gloria Estefan: Music Of My Heart

	*NSYNC: Music of My Heart [cached]

Searching: Puff Daddy Featuring R. Kelly: Satisfy You
=========> Puff Daddy: Satisfy You

	 NOT FOUND

Searching: Brian McKnight: Back At One

	Brian McKnight: Back At One [cached]

Searching: Faith Hill: Breathe

	Faith Hill: Breathe [cached]

Searching: Toni Braxton: He Wasn't Man Enough

	Toni Braxton: He Wasn't Man Enough [cached]

Searching: Marc Anthony: You Sang To Me

	Marc Anthony: You Sang To Me [cached]

Searching: 98 Degrees: Give Me Just One Night (Una Noche)

	98º: Give Me Just One Night (Una Noche) [cached]

Searching: Mya: Case Of The Ex (Whatcha Gonna Do)

	Mýa: Case Of The Ex (Whatcha Gonna Do) [cached]

Searching: Dream: He Loves U Not

	 NOT FOUND

Searching: Destiny's Child: Survivor

	Destiny's Child: Survivor [cached]

Searching: Lifehouse: Hanging By A Moment

	Lifehouse: Hanging By A Moment [cached]

Searching: Blu Cantrell: Hit 'Em Up Style (Oops!)

	Blu Cantrell: Hit 'Em Up Style (Oops!) [cached]

Searching: Mariah Carey Featuring Cameo: Loverboy

	Mariah Carey: Loverboy - Firecracker - Original Version, 2001 [cached]

Searching: Eve Featuring Gwen Stefani: Let Me Blow Ya Mind

	Eve: Let Me Blow Ya Mind [cached]

Searching: Linkin Park: In The End

	Linkin Park: In the End [cached]

Searching: Fat Joe Featuring Ashanti: What's Luv?

	Fat Joe: What's Luv? (feat. Ja-Rule & Ashanti) [cached]

Searching: P. Diddy Featuring Usher & Loon: I Need A Girl (Part One)
=========> P  Diddy: I Need A Girl

	 NOT FOUND

Searching: Eminem: Without Me

	Eminem: Without Me [cached]

Searching: Avril Lavigne: Complicated

	Avril Lavigne: Complicated [cached]

Searching: Eve Featuring Alicia Keys: Gangsta Lovin'

	Eve: Gangsta Lovin' [cached]

Searching: Missy "Misdemeanor" Elliott: Work It
=========> Missy  Misdemeanor  Elliott: Work It

	 NOT FOUND

Searching: Christina Aguilera: Beautiful

	Christina Aguilera: Beautiful [cached]

Searching: Ja Rule Featuring Ashanti: Mesmerize

	Ja Rule: Mesmerize [cached]

Searching: R. Kelly: Ignition

	R. Kelly: Ignition - Remix [cached]

Searching: Ruben Studdard: Flying Without Wings

	 NOT FOUND

Searching: Lil' Kim Featuring 50 Cent: Magic Stick

	Lil' Kim: Magic Stick [cached]

Searching: Ashanti: Rock Wit U (Awww Baby)

	Ashanti: Rock Wit U (Awww Baby) [cached]

Searching: Chingy: Right Thurr

	Chingy: Right Thurr [cached]

Searching: Lil Jon & The East Side Boyz Featuring Ying Yang Twins: Get Low

	Lil Jon & The East Side Boyz: Get Low [cached]

Searching: Chingy Featuring J. Weav: One Call Away

	Chingy: One Call Away [cached]

Searching: J-Kwon: Tipsy

	J-Kwon: Tipsy - Club Mix [cached]

Searching: Mario Winans Featuring Enya & P. Diddy: I Don't Wanna Know

	Mario Winans: I Don't Wanna Know (feat. Enya & P. Diddy) - 2016 Remaster [cached]

Searching: Hoobastank: The Reason

	Hoobastank: The Reason [cached]

Searching: Lil' Flip Featuring Lea: Sunshine

	Lil' Flip: Sunshine (feat. Lea) [cached]

Searching: Ciara Featuring Missy Elliott: 1, 2 Step

	Ciara: One, Two Step (feat. Missy Elliott) [cached]

Searching: Green Day: Boulevard Of Broken Dreams

	Green Day: Boulevard of Broken Dreams [cached]

Searching: Kelly Clarkson: Since U Been Gone

	Kelly Clarkson: Since U Been Gone [cached]

Searching: The Game Featuring 50 Cent: Hate It Or Love It

	The Game: Hate It Or Love It [cached]

Searching: Ciara Featuring Ludacris: Oh

	Ciara: Oh (feat. Ludacris) [cached]

Searching: Bo Bice: Inside Your Heaven

	 NOT FOUND

Searching: Rihanna: Pon de Replay

	Rihanna: Pon de Replay [cached]

Searching: The Pussycat Dolls Featuring Busta Rhymes: Don't Cha

	The Pussycat Dolls: Don't Cha [cached]

Searching: Mariah Carey: Shake It Off

	Mariah Carey: Shake It Off [cached]

Searching: Nickelback: Photograph

	Nickelback: Photograph [cached]

Searching: Gnarls Barkley: Crazy

	Gnarls Barkley: Crazy [cached]

Searching: Akon Featuring Eminem: Smack That

	Akon: Smack That [cached]

Searching: Fergie: Fergalicious

	Fergie: Fergalicious [cached]

Searching: Fall Out Boy: This Ain't A Scene, It's An Arms Race

	Fall Out Boy: This Ain't A Scene, It's An Arms Race [cached]

Searching: Ludacris Featuring Mary J. Blige: Runaway Love

	Ludacris: Runaway Love [cached]

Searching: Gwen Stefani Featuring Akon: The Sweet Escape

	Gwen Stefani: The Sweet Escape [cached]

Searching: Ne-Yo: Because Of You

	Ne-Yo: Because Of You [cached]

Searching: Shop Boyz: Party Like A Rockstar

	Shop Boyz: Party Like A Rock Star [cached]

Searching: Timbaland Featuring OneRepublic: Apologize

	Timbaland: Apologize [cached]

Searching: Chris Brown: With You

	Chris Brown: With You [cached]

Searching: Chris Brown: Forever

	Chris Brown: Forever [cached]

Searching: David Archuleta: Crush

	David Archuleta: Crush [cached]

Searching: Kanye West: Heartless

	Kanye West: Heartless [cached]

Searching: T.I. Featuring Justin Timberlake: Dead And Gone

	T.I.: Dead And Gone [cached]

Searching: Jamie Foxx Featuring T-Pain: Blame It

	Jamie Foxx: Blame It [cached]

Searching: Pitbull: I Know You Want Me (Calle Ocho)

	Pitbull: I Know You Want Me (Calle Ocho) [cached]

Searching: Drake: Best I Ever Had

	Drake: Best I Ever Had [cached]

Searching: Taylor Swift: You Belong With Me

	Taylor Swift: You Belong With Me [cached]

Searching: Miley Cyrus: Party In The U.S.A.

	Miley Cyrus: Party In The U.S.A. [cached]

Searching: Jay-Z, Rihanna & Kanye West: Run This Town

	JAY-Z: Run This Town [cached]

Searching: Lady Gaga: Bad Romance

	Lady Gaga: Bad Romance [cached]

Searching: Iyaz: Replay

	Iyaz: Replay [cached]

Searching: Taylor Swift: Today Was A Fairytale

	Taylor Swift: Today Was A Fairytale [cached]

Searching: Artists For Haiti: We Are The World 25: For Haiti
=========> Artists For Haiti: We Are World 25  For Haiti

	 NOT FOUND

Searching: Young Money Featuring Lloyd: BedRock

	Young Money: BedRock [cached]

Searching: Lady Antebellum: Need You Now

	Lady A: Need You Now [cached]

Searching: B.o.B Featuring Hayley Williams: Airplanes

	B.o.B: Airplanes (feat. Hayley Williams) [cached]

Searching: Taio Cruz: Dynamite

	Taio Cruz: Dynamite [cached]

Searching: P!nk: F**kin' Perfect

	P!nk: F**kin' Perfect [cached]

Searching: CeeLo Green: F**k You! (Forget You)

	CeeLo Green: Fuck You [cached]

Searching: Justin Bieber: Boyfriend

	Justin Bieber: Boyfriend [cached]

Searching: Maroon 5 Featuring Wiz Khalifa: Payphone

	Maroon 5: Payphone [cached]

Searching: Katy Perry: Wide Awake

	Katy Perry: Wide Awake [cached]

Searching: Ellie Goulding: Lights

	Ellie Goulding: Lights - Single Version [cached]

Searching: PSY: Gangnam Style

	PSY: Gangnam Style (강남스타일) [cached]

Searching: Ke$ha: Die Young

	Kesha: Die Young [cached]

Searching: Taylor Swift: I Knew You Were Trouble.

	Taylor Swift: I Knew You Were Trouble. [cached]

Searching: Justin Timberlake: Mirrors

	Justin Timberlake: Mirrors [cached]

Searching: Daft Punk Featuring Pharrell Williams: Get Lucky

	Daft Punk: Get Lucky (feat. Pharrell Williams & Nile Rodgers) - Radio Edit [cached]

Searching: Miley Cyrus: We Can't Stop

	Miley Cyrus: We Can't Stop [cached]

Searching: One Direction: Best Song Ever

	One Direction: Best Song Ever [cached]

Searching: OneRepublic: Counting Stars

	OneRepublic: Counting Stars [cached]

Searching: Beyonce Featuring Jay Z: Drunk In Love

	Beyoncé: Drunk in Love (feat. Jay-Z) [cached]

Searching: Ariana Grande Featuring Iggy Azalea: Problem

	Ariana Grande: Problem [cached]

Searching: Sam Smith: Stay With Me

	Sam Smith: Stay With Me [cached]

Searching: Nicki Minaj: Anaconda

	Nicki Minaj: Anaconda [cached]

Searching: Hozier: Take Me To Church

	Hozier: Take Me To Church [cached]

Searching: Ed Sheeran: Thinking Out Loud

	Ed Sheeran: Thinking out Loud [cached]

Searching: Maroon 5: Sugar

	Maroon 5: Sugar [cached]

Searching: Fetty Wap: Trap Queen

	Fetty Wap: Trap Queen [cached]

Searching: Drake: Hotline Bling

	Drake: Hotline Bling [cached]

Searching: twenty one pilots: Stressed Out

	Twenty One Pilots: Stressed Out [cached]

Searching: Lukas Graham: 7 Years

	Lukas Graham: 7 Years [cached]

Searching: Major Lazer Featuring Justin Bieber & MO: Cold Water

	Major Lazer: Cold Water (feat. Justin Bieber & MØ) [cached]

Searching: twenty one pilots: Heathens

	Twenty One Pilots: Heathens [cached]

Searching: Zayn / Taylor Swift: I Don't Wanna Live Forever (Fifty Shades Darker)

	ZAYN: I Don’t Wanna Live Forever (Fifty Shades Darker) [cached]

Searching: DJ Khaled Featuring Rihanna & Bryson Tiller: Wild Thoughts

	DJ Khaled: Wild Thoughts (feat. Rihanna & Bryson Tiller) [cached]

Searching: Bebe Rexha & Florida Georgia Line: Meant To Be

	Bebe Rexha: Meant to Be (feat. Florida Georgia Line) [cached]

Searching: Drake: Nonstop

	Drake: Nonstop [cached]

Searching: Juice WRLD: Lucid Dreams

	Juice WRLD: Lucid Dreams [cached]

Searching: Lil Wayne Featuring Kendrick Lamar: Mona Lisa

	Lil Wayne: Mona Lisa (feat. Kendrick Lamar) [cached]

Searching: Kodak Black Featuring Travis Scott & Offset: ZEZE

	Kodak Black: ZEZE (feat. Travis Scott & Offset) [cached]

Searching: Marshmello & Bastille: Happier

	Marshmello: Happier [cached]

Searching: Ariana Grande: Break Up With Your Girlfriend, I'm Bored

	Ariana Grande: break up with your girlfriend, i'm bored [cached]

Searching: Post Malone: Wow.

	Post Malone: Wow. [cached]

Searching: Taylor Swift Featuring Brendon Urie: ME!

	Taylor Swift: cowboy like me [cached]

Searching: Shawn Mendes: If I Can't Have You

	Shawn Mendes: If I Can't Have You [cached]

Searching: Ed Sheeran & Justin Bieber: I Don't Care

	Ed Sheeran: I Don't Care (with Justin Bieber) [cached]

Searching: Taylor Swift: You Need To Calm Down

	Taylor Swift: You Need To Calm Down [cached]

Searching: Brenda Lee: Rockin' Around The Christmas Tree

	Brenda Lee: Rockin' Around The Christmas Tree [cached]

Searching: Maroon 5: Memories

	Maroon 5: Memories [cached]

Searching: Justin Bieber: Yummy

	Justin Bieber: Yummy [cached]

Searching: Future Featuring Drake: Life Is Good

	Future: Life Is Good (feat. Drake) [cached]

Searching: Dua Lipa: Don't Start Now

	Dua Lipa: Don't Start Now [cached]

Searching: Jack Harlow Featuring DaBaby, Tory Lanez & Lil Wayne: Whats Poppin

	Jack Harlow: WHATS POPPIN [cached]

Searching: Juice WRLD x Marshmello: Come & Go

	Juice WRLD: Come & Go (with Marshmello) [cached]

Searching: Drake Featuring Lil Durk: Laugh Now Cry Later

	Drake: Laugh Now Cry Later (feat. Lil Durk) [cached]

Searching: Luke Combs: Forever After All

	Luke Combs: Forever After All [cached]

Searching: Billie Eilish: Therefore I Am

	Billie Eilish: Therefore I Am [cached]
