Found 294/305 = 96%
11 not found: 
Sandy Stewart: My Coloring Book
Ray Charles and his Orchestra: Don't Set Me Free
Ray Charles: That Lucky Old Sun
Runt: We Gotta Get You A Woman
Tin Tin: Toast And Marmalade For Tea
Roger Daltrey: Without Your Love
Thirty Eight Special: Back Where You Belong
Olivia Newton-John: Soul Kiss
Luke Featuring The 2 Live Crew: Banned In The U.S.A.
Lil Bow Wow Featuring Xscape: Bounce With Me
Disney's Friends For Change: Send It On
--------- log -----------
Searching: Bobby Freeman: Do You Want To Dance

	Bobby Freeman: Do You Want To Dance [cached]

Searching: The Quin-Tones: Down The Aisle Of Love

	The Quin-Tones: Down the Aisle of Love [cached]

Searching: Tony Bennett: Firefly

	Tony Bennett: Firefly [cached]

Searching: Jesse Lee Turner: The Little Space Girl

	Jesse Lee Turner: The Little Space Girl [cached]

Searching: Rod Bernard: This Should Go On Forever

	Rod Bernard: This Should Go on Forever [cached]

Searching: The Mystics: Hushabye

	The Mystics: Hushabye [cached]

Searching: Jackie Wilson: I'll Be Satisfied

	Jackie Wilson: I'll Be Satisfied [cached]

Searching: Johnny Mathis: Small World

	Johnny Mathis: Small World [cached]

Searching: Dee Clark: Hey Little Girl

	Dee Clark: Hey Little Girl [cached]

Searching: Floyd Robinson: Makin' Love

	Floyd Robinson: Makin' Love [cached]

Searching: The Kingston Trio: A Worried Man

	The Kingston Trio: A Worried Man - Remastered [cached]

Searching: Bo Diddley: Say Man

	Bo Diddley: Say! Boss Man [cached]

Searching: Lloyd Price and His Orchestra: Come Into My Heart

	Lloyd Price: Come Into My Heart [cached]

Searching: Ricky Nelson: I Wanna Be Loved

	Ricky Nelson: I Wanna Be Loved - 1990 Digital Remaster [cached]

Searching: Annette With The Afterbeats: First Name Initial

	Annette: First Name Initial [cached]

Searching: The Crests: Trouble In Paradise

	The Crests: Trouble In Paradise [cached]

Searching: Marv Johnson: (You've Got To) Move Two Mountains

	Marv Johnson: (You've Got To) Move Two Mountains [cached]

Searching: Bobby Darin: Artificial Flowers

	Bobby Darin: Artificial Flowers [cached]

Searching: Elvis Presley With The Jordanaires: I Gotta Know

	Elvis Presley: I Gotta Know [cached]

Searching: Bill Black's Combo: Hearts Of Stone

	Bill Black's Combo: Hearts Of Stone [cached]

Searching: Johnny Maestro: Model Girl

	Johnny Maestro: Model Girl - Stereo [cached]

Searching: Jackie Wilson: Please Tell Me Why

	Jackie Wilson: Please Tell Me Why [cached]

Searching: The McGuire Sisters: Just For Old Time's Sake

	The McGuire Sisters: Just For Old Time's Sake [cached]

Searching: The Marathons: Peanut Butter

	The Marathons: Peanut Butter [cached]

Searching: The Castells: Sacred

	The Castells: Sacred [cached]

Searching: Tex Ritter: I Dreamed Of A Hill-Billy Heaven

	Tex Ritter: I Dreamed Of A Hill-Billy Heaven [cached]

Searching: Brook Benton: Frankie And Johnny

	Brook Benton: Frankie And Johnny [cached]

Searching: Brian Hyland: Let Me Belong To You

	Brian Hyland: Let Me Belong To You [cached]

Searching: The Everly Brothers: Don't Blame Me

	The Everly Brothers: Don't Blame Me [cached]

Searching: The Impressions: Gypsy Woman

	The Impressions: Gypsy Woman [cached]

Searching: The Crystals: There's No Other (Like My Baby)

	The Crystals: There's No Other Like My Baby [cached]

Searching: Joey Dee & the Starliters: Hey, Let's Twist

	Joey Dee & The Starliters: Hey Let's Twist [cached]

Searching: Ray Charles and his Orchestra: Hide 'Nor Hair

	Ray Charles: Hide Nor Hair [cached]

Searching: Don Gardner And Dee Dee Ford: I Need Your Loving

	Don Gardner: I Need Your Loving [cached]

Searching: Jerry Butler: Make It Easy On Yourself

	Jerry Butler: Make It Easy On Yourself [cached]

Searching: The Springfields: Silver Threads And Golden Needles

	The Springfields: Silver Threads and Golden Needles [cached]

Searching: Bobby Vee: Punish Her

	Bobby Vee: Punish Her [cached]

Searching: Kris Jensen: Torture

	Kris Jensen: Torture [cached]

Searching: Jimmy McGriff: I've Got A Woman (Part I)

	Jimmy McGriff: I've Got A Woman [cached]

Searching: Sandy Stewart: My Coloring Book

	 NOT FOUND

Searching: Chubby Checker: Let's Limbo Some More

	Chubby Checker: Let's Limbo Some More - Original Hit Recordings [cached]

Searching: Little Eva: Let's Turkey Trot

	Little Eva: Let's Turkey Trot [cached]

Searching: Ray Charles and his Orchestra: Don't Set Me Free
=========> Ray Charles: Don t Set Me Free

	 NOT FOUND

Searching: The Rooftop Singers: Tom Cat

	The Rooftop Singers: Tom Cat [cached]

Searching: The Classics: Till Then

	The Classics: Till Then [cached]

Searching: Ray Charles: That Lucky Old Sun

	 NOT FOUND

Searching: Bobby Bland: Ain't Nothing You Can Do

	Bobby "Blue" Bland: Ain't Nothing You Can Do - Single Version [cached]

Searching: Major Lance: The Matador

	Major Lance: The Matador [cached]

Searching: Al Martino: Tears And Roses

	Al Martino: Tears And Roses [cached]

Searching: Dionne Warwick: Reach Out For Me

	Dionne Warwick: Reach out for Me [cached]

Searching: The 4 Seasons Featuring the "Sound of Frankie Valli": Big Man In Town

	Frankie Valli & The Four Seasons: Big Man in Town [cached]

Searching: Trini Lopez: Lemon Tree

	Trini Lopez: Lemon Tree [cached]

Searching: Johnny Rivers: Midnight Special

	Johnny Rivers: Midnight Special - Live [cached]

Searching: The Dixie Cups: Iko Iko

	The Dixie Cups: Iko Iko [cached]

Searching: Sonny & Cher: Just You

	Sonny & Cher: Just You [cached]

Searching: The Beach Boys: The Little Girl I Once Knew

	The Beach Boys: The Little Girl I Once Knew - Remastered [cached]

Searching: The Knickerbockers: Lies

	The Knickerbockers: Lies (are breaking my heart) [cached]

Searching: The Turtles: You Baby

	The Turtles: You Baby [cached]

Searching: Stevie Wonder: Nothing's Too Good For My Baby

	Stevie Wonder: Nothing's Too Good For My Baby [cached]

Searching: Ronnie Dove: Let's Start All Over Again

	Ronnie Dove: Let's Start All over Again [cached]

Searching: Jr. Walker & The All Stars: (I'm A) Road Runner

	Jr. Walker & The All Stars: (I'm A) Road Runner [cached]

Searching: The Young Rascals: You Better Run

	The Young Rascals: You Better Run - Single Version; Mono [cached]

Searching: Bob Dylan: I Want You

	Bob Dylan: I Want You [cached]

Searching: Brian Hyland: The Joker Went Wild

	Brian Hyland: The Joker Went Wild [cached]

Searching: Dusty Springfield: All I See Is You

	Dusty Springfield: All I See Is You - Mono Version [cached]

Searching: Paul Revere & The Raiders Featuring Mark Lindsay: The Great Airplane Strike

	Paul Revere & The Raiders: The Great Airplane Strike [cached]

Searching: Percy Sledge: It Tears Me Up

	Percy Sledge: It Tears Me Up - Single Version [cached]

Searching: The Monkees: (I'm Not Your) Steppin' Stone

	The Monkees: (I'm Not Your) Steppin' Stone - 2006 Remaster [cached]

Searching: Senator Bobby Featuring Bill Minkin: Wild Thing

	Senator Bobby: Wild Thing [cached]

Searching: Smokey Robinson & The Miracles: The Love I Saw In You Was Just A Mirage

	Smokey Robinson & The Miracles: The Love I Saw In You Was Just A Mirage [cached]

Searching: Brenda & The Tabulations: Dry Your Eyes

	Brenda And The Tabulations: Dry Your Eyes [cached]

Searching: The Parade: Sunshine Girl

	The Parade: Sunshine Girl [cached]

Searching: Whistling Jack Smith: I Was Kaiser Bill's Batman

	Whistling Jack Smith: I Was Kaiser Bill's Batman [cached]

Searching: Engelbert Humperdinck: There Goes My Everything

	Engelbert Humperdinck: There Goes My Everything [cached]

Searching: Peaches & Herb: For Your Love

	Peaches & Herb: For Your Love [cached]

Searching: The Parliaments: (I Wanna) Testify

	The Parliaments: (I Wanna) Testify (Mono Single Version) [cached]

Searching: The Mamas & The Papas: Twelve Thirty (Young Girls Are Coming To The Canyon)

	The Mamas & The Papas: Twelve Thirty - Single Version [cached]

Searching: Nancy Sinatra & Lee Hazlewood: Lady Bird

	Nancy Sinatra: Lady Bird [cached]

Searching: The Young Rascals: It's Wonderful

	The Young Rascals: It's Wonderful (Single Version) [cached]

Searching: The Dells: There Is

	The Dells: There Is [cached]

Searching: Four Tops: If I Were A Carpenter

	Four Tops: If I Were A Carpenter [cached]

Searching: Jerry Butler: Never Give You Up

	Jerry Butler: Never Give You Up [cached]

Searching: The Beach Boys: Do It Again

	The Beach Boys: Do It Again - Remastered 2001 [cached]

Searching: Don Fardon: (The Lament Of The Cherokee) Indian Reservation

	Don Fardon: Indian Reservation [cached]

Searching: The Jimi Hendrix Experience: All Along The Watchtower

	The Rock Heroes: All Along The Watchtower (as made famous by Hendrix Experience, Jimi) [cached]

Searching: Johnnie Taylor: Take Care Of Your Homework

	Johnnie Taylor: Take Care Of Your Homework [cached]

Searching: The Arbors: The Letter

	The Arbors: The Letter [cached]

Searching: James Brown: I Don't Want Nobody To Give Me Nothing (Open Up The Door, I'll Get It Mysel

	James Brown: I Don't Want Nobody To Give Me Nothing (Open Up The Door I'll Get It Myself) - Pt.1 / Single Version [cached]

Searching: The Temptations: Don't Let The Joneses Get You Down

	The Temptations: Don't Let The Joneses Get You Down [cached]

Searching: Paul Revere & The Raiders Featuring Mark Lindsay: Let Me

	Paul Revere & The Raiders: Let Me! (feat. Mark Lindsay) [cached]

Searching: The 5th Dimension: Workin' On A Groovy Thing

	The 5th Dimension: Workin' On A Groovy Thing - Remastered 2000 [cached]

Searching: Jerry Butler: What's The Use Of Breaking Up

	Jerry Butler: What's The Use Of Breaking Up [cached]

Searching: Garland Green: Jealous Kind Of Fella

	Garland Green: Jealous Kind Of Fella [cached]

Searching: Michael Parks: Long Lonesome Highway

	Michael Parks: Long Lonesome Highway [cached]

Searching: Diana Ross: Reach Out And Touch (Somebody's Hand)

	Diana Ross: Reach Out And Touch (Somebody's Hand) [cached]

Searching: Neil Diamond: He Ain't Heavy...He's My Brother

	Neil Diamond: He Ain't Heavy ... He's My Brother [cached]

Searching: Runt: We Gotta Get You A Woman

	 NOT FOUND

Searching: Chicago: Free

	Chicago: To Be Free - 2002 Remaster [cached]

Searching: Tin Tin: Toast And Marmalade For Tea

	 NOT FOUND

Searching: Jackson 5: Maybe Tomorrow

	The Jackson 5: Maybe Tomorrow [cached]

Searching: Mac And Katie Kissoon: Chirpy Chirpy Cheep Cheep

	Mac & Katie Kissoon: Chirpy Chirpy Cheep Cheep [cached]

Searching: Delaney & Bonnie: Only You Know And I Know

	Delaney & Bonnie: Only You Know and I Know - Live Version [cached]

Searching: The Partridge Family Starring Shirley Jones Featuring David Cassidy: It's One Of Those Nights (Yes Love)

	The Partridge Family: It's One of Those Nights (Yes Love) [cached]

Searching: Elvis Presley: Separate Ways

	Elvis Presley: Separate Ways [cached]

Searching: Seals & Crofts: Hummingbird

	Seals and Crofts: Hummingbird [cached]

Searching: Aretha Franklin: Angel

	Aretha Franklin: Angel [cached]

Searching: Led Zeppelin: D'yer Mak'er

	Led Zeppelin: D'yer Mak'er - Remaster [cached]

Searching: The Spinners: Mighty Love - Pt. 1

	The Spinners: Mighty Love [cached]

Searching: The Righteous Brothers: Give It To The People

	The Righteous Brothers: Give It To The People [cached]

Searching: Elvis Presley: My Boy

	Elvis Presley: My Boy [cached]

Searching: John Lennon: Stand By Me

	John Lennon: Stand By Me - Remastered 2010 [cached]

Searching: ZZ Top: Tush

	ZZ Top: Tush - 2006 Remaster [cached]

Searching: America: Daisy Jane

	America: Daisy Jane [cached]

Searching: The Pointer Sisters: How Long (Betcha' Got A Chick On The Side)

	The Pointer Sisters: How Long (Betcha' Got A Chick On The Side) [cached]

Searching: George Harrison: You

	George Harrison: Got My Mind Set On You - Remastered 2004 [cached]

Searching: Esther Phillips: What A Diff'rence A Day Makes

	Esther Phillips: What a Diff'rence a Day Makes [cached]

Searching: Freddy Fender: Secret Love

	Freddy Fender: Secret Love [cached]

Searching: Fleetwood Mac: Over My Head

	Fleetwood Mac: Over My Head [cached]

Searching: Foghat: Slow Ride

	Foghat: Slow Ride [cached]

Searching: Sweet: Action

	Sweet: Action - Single Version [cached]

Searching: The O'Jays: Livin' For The Weekend

	The O'Jays: Livin' for the Weekend [cached]

Searching: Bad Company: Young Blood

	Bad Company: Young Blood - Alternative Version 2 [cached]

Searching: Rhythm Heritage: Baretta's Theme ("Keep Your Eye On The Sparrow")

	Rhythm Heritage: Baretta's Theme (Keep Your Eye On The Sparrow) [cached]

Searching: Candi Staton: Young Hearts Run Free

	Candi Staton: Young Hearts Run Free [cached]

Searching: L.T.D.: Love Ballad

	Michael Learns To Rock: Paint My Love - 2002 Digital Remaster [cached]

Searching: Olivia Newton-John: Sam

	Olivia Newton-John: Sam (Live) [cached]

Searching: Addrisi Brothers: Slow Dancin' Don't Turn Me On

	The Addrisi Brothers: Slow Dancin' Don't Turn Me On [cached]

Searching: Kenny Nolan: Love's Grown Deep

	Kenny Nolan: Love's Grown Deep [cached]

Searching: Leif Garrett: Surfin' USA

	Leif Garrett: Surfin' USA [cached]

Searching: James Taylor: Your Smiling Face

	James Taylor: Your Smiling Face [cached]

Searching: Foreigner: Long, Long Way From Home

	Foreigner: Long, Long Way from Home [cached]

Searching: Rita Coolidge: The Way You Do The Things You Do

	Rita Coolidge: The Way You Do The Things You Do [cached]

Searching: Jackson Browne: Stay/The Load-Out

	Jackson Browne: Stay - 2018 Remaster [cached]

Searching: Daryl Hall John Oates: It's A Laugh

	Daryl Hall & John Oates: It's A Laugh [cached]

Searching: Neil Diamond: Forever In Blue Jeans

	Neil Diamond: Forever In Blue Jeans [cached]

Searching: Instant Funk: I Got My Mind Made Up (You Can Get It Girl)

	Instant Funk: I Got My Mind Made Up (You Can Get It Girl) [cached]

Searching: Poco: Heart Of The Night

	Poco: Heart Of The Night [cached]

Searching: Wings: Getting Closer

	Wings: Getting Closer - Remastered 1993 [cached]

Searching: GQ: I Do Love You

	GQ: I Do Love You [cached]

Searching: Barry Manilow: When I Wanted You

	Barry Manilow: When I Wanted You [cached]

Searching: Fleetwood Mac: Think About Me

	Fleetwood Mac: Think About Me - 2015 Remaster [cached]

Searching: Commodores: Old-Fashion Love

	Commodores: Old-Fashion Love [cached]

Searching: Willie Nelson: On The Road Again

	Willie Nelson: On the Road Again [cached]

Searching: Roger Daltrey: Without Your Love

	 NOT FOUND

Searching: Olivia Newton-John & Cliff Richard: Suddenly

	Olivia Newton-John: Suddenly (feat. Cliff Richard) - From the Movie 'Xanadu' [cached]

Searching: Bruce Springsteen: Fade Away

	Bruce Springsteen: Fade Away [cached]

Searching: Christopher Cross: Say You'll Be Mine

	Christopher Cross: Say You'll Be Mine [cached]

Searching: Alabama: Feels So Right

	Alabama: Feels So Right [cached]

Searching: REO Speedwagon: In Your Letter

	REO Speedwagon: In Your Letter [cached]

Searching: Go-Go's: Our Lips Are Sealed

	The Go-Go's: Our Lips Are Sealed - Single Version [cached]

Searching: Ronnie Milsap: I Wouldn't Have Missed It For The World

	Ronnie Milsap: I Wouldn't Have Missed It For The World [cached]

Searching: Rick Springfield: Love Is Alright Tonite

	Rick Springfield: Love Is Alright Tonite [cached]

Searching: Rod Stewart: Tonight I'm Yours (Don't Hurt Me)

	Rod Stewart: Tonight I'm Yours (Don't Hurt Me) [cached]

Searching: The Rolling Stones: Hang Fire

	The Rolling Stones: Hang Fire - Remastered [cached]

Searching: Joan Jett & the Blackhearts: Do You Wanna Touch Me (Oh Yeah)

	Joan Jett & The Blackhearts: Do You Wanna Touch Me (Oh Yeah) [cached]

Searching: Billy Joel: Pressure

	Billy Joel: Pressure [cached]

Searching: Tom Petty And The Heartbreakers: You Got Lucky

	Tom Petty and the Heartbreakers: You Got Lucky [cached]

Searching: Pat Benatar: Little Too Late

	Pat Benatar: Little Too Late [cached]

Searching: The Fixx: Saved By Zero

	The Fixx: Saved By Zero [cached]

Searching: Robert Plant: Big Log

	Robert Plant: Big Log - 2006 Remaster [cached]

Searching: Thirty Eight Special: Back Where You Belong

	 NOT FOUND

Searching: Slade: Run, Runaway

	Slade: Run Runaway [cached]

Searching: Glenn Frey: Sexy Girl

	Glenn Frey: Sexy Girl [cached]

Searching: Laura Branigan: The Lucky One

	Laura Branigan: The Lucky One [cached]

Searching: Rick Springfield: Bop 'til You Drop

	Rick Springfield: Bop 'Til You Drop - from "Hard to Hold" - Original Soundtrack [cached]

Searching: The Cars: Hello Again

	The Cars: Hello Again [cached]

Searching: The Time: Jungle Love

	The Time: Jungle Love [cached]

Searching: John Fogerty: Rock And Roll Girls

	John Fogerty: Rock and Roll Girls [cached]

Searching: Daryl Hall John Oates: The Way You Do The Things You Do/My Girl

	Daryl Hall & John Oates: A Night At The Apollo Live! The Way You Do The Things You Do/My Girl - Live at the Apollo Theater, Harlem, NY - May 1985 [cached]

Searching: Olivia Newton-John: Soul Kiss
=========> Olivia Newton John: Soul Kiss

	 NOT FOUND

Searching: Elton John: Wrap Her Up

	Elton John: Wrap Her Up [cached]

Searching: a-ha: The Sun Always Shines on T.V.

	a-ha: The Sun Always Shines on T.V. [cached]

Searching: ABC: (How To Be A) Millionaire

	ABC: How To Be A Millionaire [cached]

Searching: Sade: Never As Good As The First Time

	Sade: Never as Good as the First Time [cached]

Searching: The Monkees: That Was Then, This Is Now

	The Monkees: That Was Then, This Is Now - Single Version [cached]

Searching: Steve Winwood: Freedom Overspill

	Steve Winwood: Freedom Overspill [cached]

Searching: Boston: Can'tcha Say (You Believe In Me)/Still In Love

	Boston: Can'tcha Say (You Believe In Me) / Still In Love [cached]

Searching: Lionel Richie: Se La

	Lionel Richie: Se La [cached]

Searching: Billy Idol: Sweet Sixteen

	Billy Idol: Sweet Sixteen [cached]

Searching: Surface: Happy

	Surface: Happy [cached]

Searching: The Jets: I Do You

	The Jets: I Do You [cached]

Searching: Men Without Hats: Pop Goes The World

	Men Without Hats: Pop Goes The World - Re-Record [cached]

Searching: Scarlett & Black: You Don't Know

	Scarlett & Black: You Don't Know [cached]

Searching: Henry Lee Summer: I Wish I Had A Girl

	Henry Lee Summer: I Wish I Had a Girl [cached]

Searching: Suave: My Girl

	Suave': My Girl [cached]

Searching: REO Speedwagon: Here With Me

	REO Speedwagon: Here with Me [cached]

Searching: Cinderella: Coming Home

	Cinderella: Coming Home [cached]

Searching: Sybil: Don't Make Me Over

	Sybil: Don't Make Me Over [cached]

Searching: Madonna: Oh Father

	Madonna: Oh Father [cached]

Searching: Warrant: Sometimes She Cries

	Warrant: Sometimes She Cries [cached]

Searching: Cher: Heart Of Stone

	Cher: Heart Of Stone [cached]

Searching: Giant: I'll See You In My Dreams

	GIANT: I'll See You In My Dreams [cached]

Searching: Luke Featuring The 2 Live Crew: Banned In The U.S.A.
=========> Luke: Banned In U S A

	 NOT FOUND

Searching: Father M.C.: I'll Do 4 U

	Father MC: I'll Do 4 U (Re-Recorded) [cached]

Searching: Whitney Houston: My Name Is Not Susan

	Whitney Houston: My Name Is Not Susan [cached]

Searching: D.J. Jazzy Jeff & The Fresh Prince: Ring My Bell

	DJ Jazzy Jeff & The Fresh Prince: Ring My Bell [cached]

Searching: Rod Stewart: Broken Arrow

	Rod Stewart: Broken Arrow [cached]

Searching: CeCe Peniston: We Got A Love Thang

	CeCe Peniston: We Got A Love Thang [cached]

Searching: Amy Grant: I Will Remember You

	Amy Grant: I Will Remember You [cached]

Searching: Wilson Phillips: You Won't See Me Cry

	Wilson Phillips: You Won't See Me Cry [cached]

Searching: Richard Marx: Take This Heart

	Richard Marx: Take This Heart [cached]

Searching: Damn Yankees: Where You Goin' Now

	Damn Yankees: Where You Goin' Now [cached]

Searching: Stereo MC's: Connected

	Stereo MC's: Connected [cached]

Searching: Taylor Dayne: Can't Get Enough Of Your Love

	Taylor Dayne: Can't Get Enough of Your Love [cached]

Searching: Ice Cube Featuring Das EFX: Check Yo Self

	Ice Cube: Check Yo Self - Remix [cached]

Searching: Blind Melon: No Rain

	Blind Melon: No Rain [cached]

Searching: R. Kelly: Sex Me (Parts I & II)

	R. Kelly: Sex Me (Part I) / Sex Me (Part II) [cached]

Searching: Heavy D & The Boyz: Got Me Waiting

	Heavy D & The Boyz: Got Me Waiting [cached]

Searching: Erasure: Always

	Erasure: Always [cached]

Searching: Tevin Campbell: Always In My Heart

	Tevin Campbell: Always in My Heart [cached]

Searching: Richard Marx: The Way She Loves Me

	Richard Marx: The Way She Loves Me [cached]

Searching: Ace Of Base: Living In Danger

	Ace of Base: Living in Danger [cached]

Searching: Jade: Every Day Of The Week

	Jade: Every Day of the Week [cached]

Searching: Soul Asylum: Misery

	Soul Asylum: Misery [cached]

Searching: Collective Soul: December

	Collective Soul: December [cached]

Searching: Natalie Merchant: Wonder

	Natalie Merchant: Wonder [cached]

Searching: Maxi Priest Featuring Shaggy: That Girl

	Maxi Priest: That Girl [cached]

Searching: Warren G: I Shot The Sheriff

	Warren G: I Shot The Sheriff [cached]

Searching: Will Smith: Just The Two Of Us

	Will Smith: Just The Two Of Us [cached]

Searching: Sheryl Crow: My Favorite Mistake

	Sheryl Crow: My Favorite Mistake [cached]

Searching: Fastball: Out Of My Head

	Fastball: Out Of My Head [cached]

Searching: Train: Meet Virginia

	Train: Meet Virginia [cached]

Searching: Hanson: This Time Around

	Hanson: This Time Around [cached]

Searching: Carl Thomas: I Wish

	Carl Thomas: I Wish [cached]

Searching: Westlife: Swear It Again

	Westlife: Swear It Again - Radio Edit [cached]

Searching: Lil Bow Wow Featuring Xscape: Bounce With Me
=========> Lil Bow Wow: Bounce With Me

	 NOT FOUND

Searching: Aaron Tippin: Where The Stars And Stripes And The Eagle Fly

	Aaron Tippin: Where The Stars And Stripes And The Eagle Fly [cached]

Searching: Fabolous Featuring P. Diddy & Jagged Edge: Trade It All

	Fabolous: Trade It All, Pt. 2 (feat. P. Diddy & Jagged Edge) [cached]

Searching: P!nk: Family Portrait

	P!nk: Family Portrait [cached]

Searching: Good Charlotte: Lifestyles Of The Rich And Famous

	Good Charlotte: Lifestyles of the Rich & Famous [cached]

Searching: t.A.T.u.: All The Things She Said

	t.A.T.u.: All The Things She Said [cached]

Searching: Amanda Perez: Angel

	Amanda Perez: Angel [cached]

Searching: Christina Aguilera: Fighter

	Christina Aguilera: Fighter [cached]

Searching: Jaheim: Put That Woman First

	Jaheim: Put That Woman First [cached]

Searching: Jewel: Intuition

	Jewel: Intuition [cached]

Searching: Shania Twain: Forever And For Always

	Shania Twain: Forever And For Always - Pop Red Edit [cached]

Searching: The Ataris: The Boys Of Summer

	The Ataris: The Boys of Summer [cached]

Searching: Jessica Simpson: Take My Breath Away

	Jessica Simpson: Take My Breath Away [cached]

Searching: Linkin Park: Breaking The Habit

	Linkin Park: Breaking the Habit [cached]

Searching: Chingy: Balla Baby

	Chingy: Balla Baby - Radio Edit [cached]

Searching: Seether Featuring Amy Lee: Broken

	Seether: Broken [cached]

Searching: Jay-Z/Linkin Park: Numb/Encore

	JAY-Z: Numb / Encore [cached]

Searching: Alicia Keys: Karma

	Alicia Keys: Karma [cached]

Searching: Trick Daddy Featuring Ludacris, Lil' Kim & Cee-Lo: Sugar (Gimme Some)

	Trick Daddy: Sugar (Gimme Some) [feat. Cee-Lo & Ludacris] [cached]

Searching: Howie Day: Collide

	Howie Day: Collide - Acoustic Version [cached]

Searching: 50 Cent: Window Shopper

	50 Cent: Window Shopper [cached]

Searching: Carrie Underwood: Jesus, Take The Wheel

	Carrie Underwood: Jesus, Take the Wheel [cached]

Searching: KT Tunstall: Black Horse & The Cherry Tree

	KT Tunstall: Black Horse And The Cherry Tree [cached]

Searching: Snoop Dogg Featuring R. Kelly: That's That

	Snoop Dogg: That's That Shit [cached]

Searching: R. Kelly Duet With Usher: Same Girl

	R. Kelly: Same Girl (with Usher) [cached]

Searching: 50 Cent: I Get Money

	50 Cent: I Get Money [cached]

Searching: Colbie Caillat: Realize

	Colbie Caillat: Realize [cached]

Searching: Jonas Brothers: Play My Music

	Jonas Brothers: Play My Music [cached]

Searching: The-Dream: I Luv Your Girl

	The-Dream: I Luv Your Girl [cached]

Searching: Saving Abel: Addicted

	Saving Abel: Addicted [cached]

Searching: Zac Brown Band: Chicken Fried

	Zac Brown Band: Chicken Fried [cached]

Searching: Kelly Clarkson: I Do Not Hook Up

	Kelly Clarkson: I Do Not Hook Up [cached]

Searching: Disney's Friends For Change: Send It On
=========> Disney s Friends For Change: Send It On

	 NOT FOUND

Searching: Chris Brown Featuring Lil Wayne & Swizz Beatz: I Can Transform Ya

	Chris Brown: I Can Transform Ya (feat. Swizz Beatz & Lil' Wayne) [cached]

Searching: Jack Johnson: You And Your Heart

	Jack Johnson: You And Your Heart [cached]

Searching: Glee Cast: Poker Face

	Glee Cast: Poker Face (Glee Cast Version) (feat. Idina Menzel) [cached]

Searching: Lauren Alaina: Like My Mother Does

	Lauren Alaina: Like My Mother Does - Derek Bason Mix [cached]

Searching: Dia Frampton: Inventing Shadows

	Dia Frampton: Inventing Shadows - The Voice Performance [cached]

Searching: Beyonce: Love On Top

	Beyoncé: Love On Top [cached]

Searching: Coldplay Featuring Rihanna: Princess Of China

	Coldplay: Princess of China [cached]

Searching: Carrie Underwood: Blown Away

	Carrie Underwood: Blown Away [cached]

Searching: Train: 50 Ways To Say Goodbye

	Train: 50 Ways to Say Goodbye [cached]

Searching: Of Monsters And Men: Little Talks

	Of Monsters and Men: Little Talks [cached]

Searching: fun.: Carry On

	fun.: Carry On [cached]

Searching: Miranda Lambert: Mama's Broken Heart

	Miranda Lambert: Mama's Broken Heart [cached]

Searching: Taylor Swift: 22

	Taylor Swift: 22 [cached]

Searching: Avril Lavigne: Here's To Never Growing Up

	Avril Lavigne: Here's to Never Growing Up [cached]

Searching: Rocko Featuring Future & Rick Ross: U.O.E.N.O.

	Rocko: U.O.E.N.O. (feat. Rick Ross, Future) [cached]

Searching: Drake Featuring 2 Chainz & Big Sean: All Me

	Drake: All Me [cached]

Searching: Brantley Gilbert: Bottoms Up

	Brantley Gilbert: Bottoms Up [cached]

Searching: O.T. Genasis: CoCo

	O.T. Genasis: CoCo [cached]

Searching: Sam Hunt: Take Your Time

	Sam Hunt: Take Your Time [cached]

Searching: Chris Stapleton: Tennessee Whiskey

	Chris Stapleton: Tennessee Whiskey [cached]

Searching: Shawn Mendes & Camila Cabello: I Know What You Did Last Summer

	Shawn Mendes: I Know What You Did Last Summer [cached]

Searching: Chris Brown: Back To Sleep

	Chris Brown: Back To Sleep [cached]

Searching: DJ Snake Featuring Bipolar Sunshine: Middle

	DJ Snake: Middle [cached]

Searching: Flume Featuring Kai: Never Be Like You

	Flume: Never Be Like You [cached]

Searching: X Ambassadors: Unsteady

	X Ambassadors: Unsteady [cached]

Searching: Niall Horan: This Town

	Niall Horan: This Town [cached]

Searching: Ayo & Teo: Rolex

	Ayo & Teo: Rolex [cached]

Searching: Selena Gomez: Bad Liar

	Selena Gomez: Bad Liar [cached]

Searching: Calvin Harris Featuring Pharrell Williams, Katy Perry & Big Sean: Feels

	Calvin Harris: Feels (feat. Pharrell Williams, Katy Perry & Big Sean) [cached]

Searching: Justin Bieber + BloodPop: Friends

	Justin Bieber: Friends (with BloodPop®) [cached]

Searching: Lin-Manuel Miranda Featuring Artists For Puerto Rico: Almost Like Praying

	Lin-Manuel Miranda: Almost Like Praying (feat. Artists for Puerto Rico) [cached]

Searching: Selena Gomez X Marshmello: Wolves

	Selena Gomez: Wolves [cached]

Searching: MAX Featuring gnash: Lights Down Low

	MAX: Lights Down Low [cached]

Searching: J. Cole: 1985 (Intro To The Fall Off)

	J. Cole: 1985 - Intro to “The Fall Off” [cached]

Searching: Post Malone Featuring G-Eazy & YG: Same Bitches

	Post Malone: Same Bitches (feat. G-Eazy & YG) [cached]

Searching: Drake Featuring JAY-Z: Talk Up

	Drake: Talk Up (feat. Jay-Z) [cached]

Searching: Meek Mill Featuring Rick Ross & JAY-Z: What's Free

	Meek Mill: What's Free (feat. Rick Ross & Jay Z) [cached]

Searching: Flipp Dinero: Leave Me Alone

	Flipp Dinero: Leave Me Alone [cached]

Searching: Nicki Minaj: MEGATRON

	Nicki Minaj: MEGATRON [cached]

Searching: Post Malone Featuring Future & Halsey: Die For Me

	Post Malone: Die For Me (feat. Future & Halsey) [cached]

Searching: Old Dominion: One Man Band

	Old Dominion: One Man Band [cached]

Searching: Roddy Ricch Featuring Mustard: High Fashion

	Roddy Ricch: High Fashion (feat. Mustard) [cached]

Searching: The Weeknd: After Hours

	The Weeknd: After Hours [cached]

Searching: Lil Uzi Vert: That Way

	Lil Uzi Vert: That Way - Bonus Track [cached]

Searching: YNW Melly & Juice WRLD: Suicidal

	YNW Melly: Suicidal (Remix) [feat. Juice WRLD] [cached]

Searching: Luke Combs Featuring Eric Church: Does To Me

	Luke Combs: Does To Me (feat. Eric Church) [cached]

Searching: Saweetie: Tap In

	Saweetie: Tap In [cached]
