Found 261/268 = 97%
7 not found: 
The Sandpebbles: Love Power
Johnny Rivers: Help Me Rhonda
Van Stephenson: Modern Day Delilah
Paul Young: What Becomes Of The Brokenhearted
N2U: I Miss You
Mary J. Blige Featuring Method Man: Love At 1st Sight
David Cook: I Still Haven't Found What I'm Looking For
--------- log -----------
Searching: Johnny Mathis: A Certain Smile

	Johnny Mathis: A Certain Smile - From the 20th Century Fox Film "A Certain Smile" [cached]

Searching: Buddy Knox with the Rhythm Orchids: Somebody Touched Me

	Buddy Knox: Somebody Touched Me [cached]

Searching: Harvey & The Moonglows: Ten Commandments Of Love

	Harvey & The Moonglows: Ten Commandments of Love [cached]

Searching: Ritchie Valens: La Bamba

	Ritchie Valens: La Bamba - Single Version [cached]

Searching: Connie Francis: If I Didn't Care

	Connie Francis: If I Didn't Care [cached]

Searching: The Everly Brothers: Poor Jenny

	The Everly Brothers: Poor Jenny - Original Recording Remastered [cached]

Searching: The Crests: The Angels Listened In

	The Crests: The Angels Listened In [cached]

Searching: Ray Smith: Rockin' Little Angel

	Ray Smith: Rockin' Little Angel [cached]

Searching: Perry Como: Delaware

	Perry Como: Delaware - Remastered [cached]

Searching: Frankie Avalon: Don't Throw Away All Those Teardrops

	Frankie Avalon: Don't Throw Away All Those Teardrops [cached]

Searching: Charlie Rich: Lonely Weekends

	Charlie Rich: Lonely Weekends [cached]

Searching: Jimmy Clanton: Another Sleepless Night

	Jimmy Clanton: Another Sleepless Night [cached]

Searching: The Everly Brothers: Like Strangers

	The Everly Brothers: Like Strangers - Original Recording Remastered [cached]

Searching: Damita Jo: I'll Save The Last Dance For You

	Damita Jo: I'll Save The Last Dance For You [cached]

Searching: Conway Twitty: C'est Si Bon (It's So Good)

	Conway Twitty: C'est si bon (It's So Good) - Single Version [cached]

Searching: Fats Domino: What A Price

	Fats Domino: What A Price [cached]

Searching: Shelby Flint: Angel On My Shoulder

	Shelby Flint: Angel on My Shoulder [cached]

Searching: The Diamonds: One Summer Night

	The Diamonds: One Summer Night [cached]

Searching: Fats Domino: What A Party

	Fats Domino: What A Party [cached]

Searching: Jimmy Elledge: Funny How Time Slips Away

	Jimmy Elledge: Funny How Time Slips Away [cached]

Searching: James Ray: If You Gotta Make A Fool Of Somebody

	James Ray: If You Gotta Make A Fool Of Somebody [cached]

Searching: Jimmy Dean: The Cajun Queen

	Jimmy Dean: The Cajun Queen [cached]

Searching: Fats Domino: You Win Again

	Fats Domino: Jambalaya/You Win Again - Medley/Live On The Ed Sullivan Show, March 4, 1962 [cached]

Searching: Dick and DeeDee: Tell Me

	Deke Dickerson: Tell Me How [cached]

Searching: Jimmy Soul: Twistin' Matilda (and the channel)

	Jimmy Soul: Twistin' Matilda (and the Channel) [cached]

Searching: Nathaniel Mayer And The Fabulous Twilights: Village Of Love

	Nathaniel Mayer: Village of Love [cached]

Searching: The Volume's: I Love You

	The Whispers: Love Is Where You Find It [cached]

Searching: The Shirelles: Welcome Home Baby

	The Shirelles: Welcome Home Baby [cached]

Searching: The Majors: A Wonderful Dream

	The Majors: A Wonderful Dream (Original Mix) [cached]

Searching: Carole King: It Might As Well Rain Until September

	Carole King: It Might as Well Rain Until September [cached]

Searching: Les Cooper and the Soul Rockers: Wiggle Wobble

	Les Cooper: Wiggle Wobble [cached]

Searching: Bobby Bland: Call On Me

	Bobby "Blue" Bland: Call On Me [cached]

Searching: Vince Guaraldi Trio: Cast Your Fate To The Wind

	Vince Guaraldi Trio: Cast Your Fate To The Wind [cached]

Searching: The 4 Seasons: Ain't That A Shame!

	Frankie Valli & The Four Seasons: Ain't That a Shame [cached]

Searching: Roy Orbison: Falling

	Roy Orbison: Falling [cached]

Searching: Brook Benton: My True Confession

	Brook Benton: My True Confession [cached]

Searching: Mary Wells: You Lost The Sweetest Boy

	Mary Wells: You Lost The Sweetest Boy - Single Version [cached]

Searching: Al Martino: Living A Lie

	Al Martino: Living A Lie - Remastered [cached]

Searching: Marvin Gaye: Can I Get A Witness

	Marvin Gaye: Can I Get A Witness - Mono [cached]

Searching: Nat King Cole: I Don't Want To Be Hurt Anymore

	Nat King Cole: I Don't Want To Be Hurt Anymore [cached]

Searching: Del Shannon: Handy Man

	Del Shannon: Handy Man [cached]

Searching: Marianne Faithfull: As Tears Go By

	Marianne Faithfull: As Tears Go By [cached]

Searching: Dean Martin: Send Me The Pillow You Dream On

	Dean Martin: Send Me the Pillow You Dream On [cached]

Searching: Solomon Burke: Got To Get You Off My Mind

	Solomon Burke: Got to Get You Off My Mind [cached]

Searching: Bobby Vinton: L-O-N-E-L-Y

	Bobby Vinton: L-O-N-E-L-Y [cached]

Searching: The Guess Who: Shakin' All Over

	The Guess Who: Shakin' All Over - Single Version [cached]

Searching: Petula Clark: You'd Better Come Home

	Petula Clark: You'd Better Come Home [cached]

Searching: Patty Duke: Say Something Funny

	Patty Duke: Say Something Funny [cached]

Searching: Chris Montez: Call Me

	Chris Montez: Call Me [cached]

Searching: Martha & The Vandellas: My Baby Loves Me

	Martha Reeves & The Vandellas: My Baby Loves Me - Mono Single [cached]

Searching: Norma Tanega: Walkin' My Cat Named Dog

	Norma Tanega: Walkin' My Cat Named Dog [cached]

Searching: The McCoys: Come On Let's Go

	The McCoys: Come On Let's Go [cached]

Searching: B.J. Thomas: Mama

	B.J. Thomas: Mama - Live [cached]

Searching: Dionne Warwick: Trains And Boats And Planes

	Dionne Warwick: Trains and Boats and Planes [cached]

Searching: Ronnie Dove: I Really Don't Want To Know

	Ronnie Dove: I Really Don't Want to Know [cached]

Searching: Sam The Sham and the Pharaohs: The Hair On My Chinny Chin Chin

	Sam The Sham & The Pharaohs: The Hair On My Chinny Chin Chin - Single Version [cached]

Searching: J.J. Jackson: But It's Alright

	J.J. Jackson: But It's Alright [cached]

Searching: ? (Question Mark) & The Mysterians: I Need Somebody

	? & The Mysterians: I Need Somebody [cached]

Searching: Paul Revere & The Raiders: Ups And Downs

	Paul Revere & The Raiders: Ups And Downs - Mono Version [cached]

Searching: Bunny Sigler: Let The Good Times Roll & Feel So Good

	Bunny Sigler: Let The Good Times Roll (Feel So Good) [cached]

Searching: Dusty Springfield: The Look Of Love

	Dusty Springfield: The Look Of Love - Mono Version [cached]

Searching: Neil Diamond: Kentucky Woman

	Neil Diamond: Kentucky Woman [cached]

Searching: Wilson Pickett: Stag-O-Lee

	Wilson Pickett: Stag-O-Lee - 2006 Remaster; Single Version [cached]

Searching: The Esquires: And Get Away

	The Esquires: And Get Away [cached]

Searching: The Sandpebbles: Love Power
=========> Sandpebbles: Love Power

	 NOT FOUND

Searching: Herman's Hermits: I Can Take Or Leave Your Loving

	Herman's Hermits: I Can Take or Leave Your Loving [cached]

Searching: The New Colony Six: I Will Always Think About You

	The New Colony Six: I Will Always Think About You [cached]

Searching: Max Frost And The Troopers: Shape Of Things To Come

	Max Frost & The Troopers: Shape Of Things To Come [cached]

Searching: The Impressions: Fool For You

	The Impressions: Fool for You [cached]

Searching: The Archies: Bang-Shang-A-Lang

	The Archies: Bang-Shang-a-Lang [cached]

Searching: Neil Diamond: Brother Love's Travelling Salvation Show

	Neil Diamond: Brother Love's Travelling Salvation Show [cached]

Searching: Sly & The Family Stone: Stand!

	Sly & The Family Stone: Stand! [cached]

Searching: Andy Williams: Happy Heart

	Andy Williams: Happy Heart [cached]

Searching: Buchanan Brothers: Medicine Man (Part I)

	Buchanan Brothers: Medicine Man [cached]

Searching: The Dells: I Can Sing A Rainbow/Love Is Blue

	The Dells: I Can Sing A Rainbow / Love Is Blue - Single Version [cached]

Searching: The Clique: Sugar On Sunday

	The Clique: Sugar On Sunday [cached]

Searching: The Guess Who: Undun

	The Guess Who: Undun [cached]

Searching: Lulu: Oh Me Oh My (I'm A Fool For You Baby)

	Lulu: Oh Me Oh My (I'm A Fool For You Baby) - 2007 Remastered Version [cached]

Searching: Little Sister: You're The One-Part II

	Little Sister: You're the One, Pt. 1 & 2 [cached]

Searching: Hotlegs: Neanderthal Man

	Hotlegs©: Neanderthal Man [cached]

Searching: Grand Funk Railroad: Closer To Home (I'm Your Captain)

	Grand Funk Railroad: I'm Your Captain/Closer To Home - Remastered [cached]

Searching: Teegarden & Van Winkle: God, Love And Rock & Roll

	Van Winkle Teegarden: God, Love and Rock and Roll [cached]

Searching: Isaac Hayes: Never Can Say Goodbye

	Isaac Hayes: Never Can Say Goodbye [cached]

Searching: Joe Cocker: High Time We Went/Black-Eyed Blues

	Joe Cocker: High Time We Went [cached]

Searching: Dave & Ansil Collins: Double Barrel

	Dave & Ansell Collins: Double Barrel [cached]

Searching: James Brown: Make It Funky (Part 1)

	James Brown: Make It Funky - Pt. 1 [cached]

Searching: Donnie Elbert: I Can't Help Myself (Sugar Pie, Honey Bunch)

	Donnie Elbert: Love Is Here And Now You're Gone [cached]

Searching: J.J. Cale: Crazy Mama

	J.J. Cale: Crazy Mama [cached]

Searching: Paul Simon: Me And Julio Down By The Schoolyard

	Paul Simon: Me and Julio Down by the Schoolyard [cached]

Searching: Cher: Living In A House Divided

	Cher: Living In A House Divided [cached]

Searching: The Rolling Stones: Happy

	The Rolling Stones: Happy [cached]

Searching: Gallery: I Believe In Music

	Gallery: I Believe in Music [cached]

Searching: Eagles: Peaceful Easy Feeling

	Eagles: Peaceful Easy Feeling - 2013 Remaster [cached]

Searching: Fred Wesley & The J.B.'s: Doing It To Death

	Fred Wesley & The J.B.'s: Doing It To Death [cached]

Searching: Foster Sylvers: Misdemeanor

	Foster Sylvers: Misdemeanor [cached]

Searching: Lobo: How Can I Tell Her

	Lobo: How Can I Tell Her [cached]

Searching: Conway Twitty: You've Never Been This Far Before

	Conway Twitty: You've Never Been This Far Before [cached]

Searching: Ike & Tina Turner: Nutbush City Limits

	Ike & Tina Turner: Nutbush City Limits [cached]

Searching: Commodores: Machine Gun

	Commodores: Machine Gun [cached]

Searching: Joni Mitchell: Free Man In Paris

	Joni Mitchell: Free Man in Paris [cached]

Searching: Gino Vannelli: People Gotta Move

	Gino Vannelli: People Gotta Move [cached]

Searching: Prelude: After The Goldrush

	Prelude: After the Goldrush [cached]

Searching: Shirley Brown: Woman To Woman

	Shirley Brown: Woman To Woman [cached]

Searching: Billy Preston: Struttin'

	Billy Preston: Struttin' [cached]

Searching: Helen Reddy: Emotion

	Helen Reddy: Emotion - Single Edit [cached]

Searching: Love Unlimited Orchestra: Satin Soul

	Love Unlimited Orchestra: Satin Soul [cached]

Searching: Neil Sedaka: The Immigrant

	Neil Sedaka: The Immigrant [cached]

Searching: Johnny Rivers: Help Me Rhonda

	 NOT FOUND

Searching: The Osmonds: The Proud One

	The Osmonds: The Proud One [cached]

Searching: The Manhattan Transfer: Operator

	The Manhattan Transfer: Operator [cached]

Searching: The Isley Brothers: For The Love Of You (Part 1&2)

	The Isley Brothers: For the Love of You, Pts. 1 & 2 [cached]

Searching: Gladys Knight And The Pips: Part Time Love

	Gladys Knight & The Pips: Part Time Love [cached]

Searching: Tony Orlando & Dawn: Cupid

	Tony Orlando & Dawn: Cupid [cached]

Searching: Billy Ocean: Love Really Hurts Without You

	Billy Ocean: Love Really Hurts Without You [cached]

Searching: James Taylor: Shower The People

	James Taylor: Shower the People - 2019 Remaster [cached]

Searching: Stephen Bishop: Save It For A Rainy Day

	Stephen Bishop: Save It For A Rainy Day [cached]

Searching: Boston: Long Time

	Boston: Foreplay / Long Time [cached]

Searching: Tavares: Whodunit

	Tavares: Whodunit [cached]

Searching: Elvis Presley: My Way

	Elvis Presley: My Way - Live at the Honolulu International Center [cached]

Searching: Rod Stewart: I Was Only Joking

	Rod Stewart: I Was Only Joking [cached]

Searching: Love And Kisses: Thank God It's Friday

	Love And Kisses: Thank God It's Friday - Single Version [cached]

Searching: Steely Dan: FM (No Static At All)

	Steely Dan: FM [cached]

Searching: Eddie Money: Two Tickets To Paradise

	Eddie Money: Two Tickets to Paradise [cached]

Searching: Elton John: Part-Time Love

	Elton John: Part Time Love [cached]

Searching: Eddie Money: Maybe I'm A Fool

	Eddie Money: Maybe I'm a Fool [cached]

Searching: Rod Stewart: Ain't Love A Bitch

	Rod Stewart: Ain't Love a Bitch - 2008 Remaster [cached]

Searching: Stephanie Mills: What Cha Gonna Do With My Lovin'

	Stephanie Mills: What Cha Gonna Do With My Lovin' - 12" Version [cached]

Searching: Mickey Gilley: Stand By Me

	Mickey Gilley: Stand By Me - Single Version [cached]

Searching: Amy Holland: How Do I Survive

	Amy Holland: How Do I Survive [cached]

Searching: Jackson Browne: That Girl Could Sing

	Jackson Browne: That Girl Could Sing [cached]

Searching: Randy Meisner: Deep Inside My Heart

	Randy Meisner: Deep Inside My Heart [cached]

Searching: The Jacksons: Heartbreak Hotel

	The Jacksons: This Place Hotel (a.k.a. Heartbreak Hotel) [cached]

Searching: Phil Seymour: Precious To Me

	Phil Seymour: Precious to Me [cached]

Searching: Steely Dan: Time Out Of Mind

	Steely Dan: Time Out Of Mind [cached]

Searching: Rosanne Cash: Seven Year Ache

	Rosanne Cash: Seven Year Ache [cached]

Searching: Balance: Breaking Away

	Balance: Breaking Away [cached]

Searching: Carl Carlton: She's A Bad Mama Jama (She's Built, She's Stacked)

	Carl Carlton: She's A Bad Mama Jama (She's Built, She's Stacked) [cached]

Searching: Chilliwack: My Girl (Gone, Gone, Gone)

	Chilliwack: My Girl (Gone, Gone, Gone) [cached]

Searching: The Charlie Daniels Band: Still In Saigon

	The Charlie Daniels Band: Still In Saigon [cached]

Searching: Jennifer Holliday: And I Am Telling You I'm Not Going

	Jennifer Holliday: And I Am Telling You I'm Not Going - Original Broadway Cast/1982 [cached]

Searching: Chicago: Love Me Tomorrow

	Chicago: Love Me Tomorrow [cached]

Searching: Fleetwood Mac: Love In Store

	Fleetwood Mac: Love in Store - 2016 Remaster [cached]

Searching: Little River Band: We Two

	Little River Band: We Two / Down on the Border [cached]

Searching: Shalamar: Dead Giveaway

	Shalamar: Dead Giveaway [cached]

Searching: Chaka Khan: Ain't Nobody

	Chaka Khan: Ain't Nobody [cached]

Searching: Manfred Mann's Earth Band: Runner

	Manfred Mann's Earth Band: The Runner [cached]

Searching: Paul Young: Come Back And Stay

	Paul Young: Come Back and Stay - 2008 Re-Master Version [cached]

Searching: Tony Carey: A Fine Fine Day

	Tony Carey: A Fine, Fine Day [cached]

Searching: Van Stephenson: Modern Day Delilah

	 NOT FOUND

Searching: Kenny Loggins: I'm Free (Heaven Helps The Man)

	Kenny Loggins: I'm Free (Heaven Helps the Man) - From "Footloose" Soundtrack [cached]

Searching: John Cafferty & The Beaver Brown Band: Tough All Over

	John Cafferty & the Beaver Brown Band: Tough All Over [cached]

Searching: Rick Springfield: State Of the Heart

	Rick Springfield: State of the Heart [cached]

Searching: Eurythmics: There Must Be An Angel

	Eurythmics: There Must Be an Angel (Playing With My Heart) [cached]

Searching: Don Henley: Sunset Grill

	Don Henley: Sunset Grill [cached]

Searching: Aretha Franklin: Another Night

	Aretha Franklin: Another Night - Single Mix [cached]

Searching: Robert Tepper: No Easy Way Out

	Robert Tepper: No Easy Way Out - From "Rocky IV" Soundtrack [cached]

Searching: ZZ Top: Rough Boy

	ZZ Top: Rough Boy [cached]

Searching: Van Halen: Dreams

	Van Halen: Dreams [cached]

Searching: Gavin Christopher: One Step Closer To You

	Gavin Christopher: One Step Closer To You [cached]

Searching: Van Halen: Love Walks In

	Van Halen: Love Walks In [cached]

Searching: The Robert Cray Band: Smoking Gun

	The Robert Cray Band: Smoking Gun - Live [cached]

Searching: Rick Springfield: Rock Of Life

	Rick Springfield: Rock of Life [cached]

Searching: Toto: Pamela

	TOTO: Pamela [cached]

Searching: Debbie Gibson: Staying Together

	Debbie Gibson: Staying Together [cached]

Searching: Duran Duran: All She Wants Is

	Duran Duran: All She Wants Is - 2010 Remaster [cached]

Searching: Vixen: Cryin'

	Vixen: Cryin' [cached]

Searching: Aerosmith: The Other Side

	Aerosmith: The Other Side [cached]

Searching: Gloria Estefan: Live For Loving You

	Gloria Estefan: Live For Loving You [cached]

Searching: Paul Young: What Becomes Of The Brokenhearted
=========> Paul Young: What Becomes Of Brokenhearted

	 NOT FOUND

Searching: Jade: One Woman

	Jade: One Woman [cached]

Searching: Red Hot Chili Peppers: Soul To Squeeze (From "Coneheads")

	Red Hot Chili Peppers: Soul to Squeeze [cached]

Searching: General Public: I'll Take You There (From "Threesome")
=========> General Public: I ll Take You There

	General Public: I'll Take You There - Single Version

Searching: Bone Thugs-N-Harmony: Thuggish Ruggish Bone

	Bone Thugs-N-Harmony: Thuggish Ruggish Bone [cached]

Searching: N2U: I Miss You

	 NOT FOUND

Searching: Mary J. Blige: I'm Goin' Down

	Mary J. Blige: I'm Goin' Down [cached]

Searching: Selena: Dreaming Of You

	Selena: Dreaming Of You [cached]

Searching: The Smashing Pumpkins: Bullet With Butterfly Wings

	The Smashing Pumpkins: Bullet With Butterfly Wings - Remastered 2012 [cached]

Searching: Total: No One Else

	Total: No One Else (feat. Da Brat) [cached]

Searching: Melissa Etheridge: I Want To Come Over

	Melissa Etheridge: I Want To Come Over [cached]

Searching: Jodeci: Get On Up

	Jodeci: Get On Up [cached]

Searching: SWV: Use Your Heart

	SWV: Use Your Heart [cached]

Searching: Do Or Die (Featuring Twista): Po Pimp

	Do Or Die: Po Pimp [cached]

Searching: Nas: Street Dreams

	Nas: Street Dreams [cached]

Searching: The Cranberries: When You're Gone/Free To Decide

	The Cranberries: When You're Gone [cached]

Searching: Tony Toni Tone: Thinking Of You

	Tony! Toni! Toné!: Thinking Of You [cached]

Searching: Raybon Bros.: Butterfly Kisses

	Raybon Brothers: Butterfly Kisses - Single Version [cached]

Searching: R. Kelly: When A Woman's Fed Up

	R. Kelly: When a Woman's Fed Up [cached]

Searching: Ricky Martin: Shake Your Bon-Bon

	Ricky Martin: Shake Your Bon-Bon [cached]

Searching: Chad Brock: Yes!

	Chad Brock: Yes! [cached]

Searching: SoulDecision Featuring Thrust: Faded

	SoulDecision: Faded [cached]

Searching: Erick Sermon Featuring Marvin Gaye: Music

	Erick Sermon: Music (feat. Marvin Gaye) [cached]

Searching: Willa Ford: I Wanna Be Bad

	Willa Ford: I Wanna Be Bad [cached]

Searching: Dave Matthews Band: The Space Between

	Dave Matthews Band: The Space Between [cached]

Searching: Maxwell: Lifetime

	Maxwell: Lifetime [cached]

Searching: Nelly: #1

	Nelly Furtado: Crazy - Radio 1 Live Lounge Session [cached]

Searching: Ludacris Featuring Sleepy Brown: Saturday (Oooh! Ooooh!)

	Ludacris: Saturday (Oooh! Ooooh!) [cached]

Searching: Celine Dion: A New Day Has Come

	Céline Dion: I'm Alive [cached]

Searching: Kenny Chesney: The Good Stuff

	Kenny Chesney: The Good Stuff [cached]

Searching: Styles: Good Times

	Styles P: Good Times [cached]

Searching: Toby Keith: Who's Your Daddy?

	Toby Keith: Who's Your Daddy? [cached]

Searching: Darryl Worley: Have You Forgotten?

	Darryl Worley: Have You Forgotten? [cached]

Searching: Toby Keith Duet With Willie Nelson: Beer For My Horses

	Toby Keith: Beer For My Horses [cached]

Searching: Mary J. Blige Featuring Method Man: Love At 1st Sight
=========> Mary J  Blige: Love At 1st Sight

	 NOT FOUND

Searching: Thalia Featuring Fat Joe: I Want You

	Thalia: I Want You [cached]

Searching: Dierks Bentley: What Was I Thinkin'

	Dierks Bentley: What Was I Thinkin' [cached]

Searching: Gretchen Wilson: Redneck Woman

	Gretchen Wilson: Redneck Woman [cached]

Searching: Avril Lavigne: Don't Tell Me

	Avril Lavigne: Don't Tell Me [cached]

Searching: JoJo Featuring Bow Wow: Baby It's You

	JoJo: Baby It's You - 2018 [cached]

Searching: Lil Jon & The East Side Boyz Featuring Lil Scrappy: What U Gon' Do

	Lil Jon & The East Side Boyz: What U Gon' Do [cached]

Searching: Various Artists: Across The Universe

	Various Artists: Across The Universe - Feldspar [cached]

Searching: R. Kelly: Trapped In The Closet

	R. Kelly: Trapped In the Closet (Chapters 1-5) [cached]

Searching: Mike Jones: Back Then

	Mike Jones: Back Then [cached]

Searching: Ashlee Simpson: L.O.V.E.

	Ashlee Simpson: L.O.V.E. [cached]

Searching: Red Hot Chili Peppers: Snow ((Hey Oh))

	Red Hot Chili Peppers: Snow (Hey Oh) [cached]

Searching: Bow Wow Featuring T-Pain & Johnta Austin: Outta My System

	Bow Wow: Outta My System (feat. T-Pain & Johntá Austin) [cached]

Searching: Kenny Chesney: Never Wanted Nothing More

	Kenny Chesney: Never Wanted Nothing More [cached]

Searching: Mary J. Blige: Just Fine

	Mary J. Blige: Just Fine [cached]

Searching: David Cook: I Still Haven't Found What I'm Looking For
=========> David Cook: I Still Haven t Found What I m Looking For

	 NOT FOUND

Searching: Jim Jones & Ron Browz Featuring Juelz Santana: Pop Champagne

	Jim Jones: Pop Champagne (feat. Juelz Santana) - Explicit Album Version [cached]

Searching: The-Dream: Rockin' That Thang

	The-Dream: Rockin' That Thang - Rap Remix - Bonus Track [cached]

Searching: Boys Like Girls: Love Drunk

	Boys Like Girls: Love Drunk [cached]

Searching: Green Day: 21 Guns

	Green Day: 21 Guns [cached]

Searching: New Boyz Featuring Ray J: Tie Me Down

	New Boyz: Tie Me Down (feat. Ray J) [cached]

Searching: Kanye West: POWER

	Kanye West: POWER [cached]

Searching: Kid Cudi Featuring Kanye West: Erase Me

	Kid Cudi: Erase Me - Main [cached]

Searching: Glee Cast: Dog Days Are Over

	Glee Cast: Dog Days Are Over (Glee Cast Version) [cached]

Searching: Lil Wayne Featuring Rick Ross: John

	Lil Wayne: John [cached]

Searching: Luke Bryan: Country Girl (Shake It For Me)

	Luke Bryan: Country Girl (Shake It For Me) [cached]

Searching: Glee Cast: I Feel Pretty / Unpretty

	Glee Cast: I Feel Pretty / Unpretty (Glee Cast Version) [cached]

Searching: Blake Shelton: God Gave Me You

	Blake Shelton: God Gave Me You [cached]

Searching: Luke Bryan: I Don't Want This Night To End

	Luke Bryan: I Don't Want This Night To End [cached]

Searching: Selena Gomez & The Scene: Love You Like A Love Song

	Selena Gomez & The Scene: Love You Like A Love Song [cached]

Searching: Justin Bieber Featuring Ludacris: All Around The World

	Justin Bieber: All Around The World [cached]

Searching: Little Big Town: Pontoon

	Little Big Town: Pontoon [cached]

Searching: Nicki Minaj: Va Va Voom

	Nicki Minaj: Va Va Voom [cached]

Searching: Lana Del Rey: Young And Beautiful

	Lana Del Rey: Young And Beautiful [cached]

Searching: Tim McGraw With Taylor Swift: Highway Don't Care

	Tim McGraw: Highway Don't Care [cached]

Searching: Ciara: Body Party

	Ciara: Body Party [cached]

Searching: Bruno Mars: Gorilla

	Bruno Mars: Gorilla [cached]

Searching: Eminem Featuring Sia: Guts Over Fear

	Eminem: Guts Over Fear [cached]

Searching: 5 Seconds Of Summer: She's Kinda Hot

	5 Seconds of Summer: She's Kinda Hot [cached]

Searching: Jidenna Featuring Roman GianArthur: Classic Man

	Jidenna: Classic Man (feat. Roman GianArthur) [cached]

Searching: Fall Out Boy: Uma Thurman

	Fall Out Boy: Uma Thurman [cached]

Searching: Missy Elliott Featuring Pharrell Williams: WTF (Where They From)

	Missy Elliott: WTF (Where They From) [feat. Pharrell Williams] [cached]

Searching: J. Cole: She's Mine Pt. 1

	J. Cole: She's Mine Pt. 1 [cached]

Searching: Big Sean Featuring Eminem: No Favors

	Big Sean: No Favors [cached]

Searching: Kendrick Lamar: The Heart Part 4

	Kendrick Lamar: The Heart Part 4 [cached]

Searching: Kesha: Praying

	Kesha: Praying [cached]

Searching: Logic: 44 More

	Logic: 44 More [cached]

Searching: DJ Khaled Featuring JAY Z, Future & B: Top Off

	DJ Khaled: Top Off (feat. JAY Z, Future & Beyoncé) [cached]

Searching: Kenny Chesney: Get Along

	Kenny Chesney: Get Along [cached]

Searching: Ariana Grande: Bloodline

	Ariana Grande: bloodline [cached]

Searching: Daddy Yankee & Katy Perry Featuring Snow: Con Calma

	Daddy Yankee: Con Calma - Remix [cached]

Searching: Lil Nas X & Cardi B Or Nas: Rodeo

	Lil Nas X: Rodeo - feat. Nas [cached]

Searching: Post Malone Featuring Meek Mill & Lil Baby: On The Road

	Post Malone: On The Road (feat. Meek Mill & Lil Baby) [cached]

Searching: Wale Featuring Jeremih: On Chill

	Wale: On Chill (feat. Jeremih) [cached]

Searching: Lil Uzi Vert: Homecoming

	Lil Uzi Vert: Homecoming [cached]

Searching: DaBaby: Find My Way

	DaBaby: FIND MY WAY [cached]

Searching: Pop Smoke: Dior

	Pop Smoke: Dior [cached]

Searching: Kid Cudi & Eminem: The Adventures Of Moon Man & Slim Shady

	Kid Cudi: The Adventures of Moon Man & Slim Shady (with Eminem) [cached]

Searching: Maddie & Tae: Die From A Broken Heart

	Maddie & Tae: Die From A Broken Heart [cached]

Searching: BTS: Stay

	BTS: Stay [cached]

Searching: Perry Como: (There's No Place Like) Home For The Holidays

	Perry Como: (There's No Place Like) Home for the Holidays - 1954 Version [cached]

Searching: Juice WRLD & Young Thug: Bad Boy

	Juice WRLD: Bad Boy (with Young Thug) [cached]

Searching: Rod Wave Featuring Polo G: Richer

	Rod Wave: Richer [cached]

Searching: Aventura x Bad Bunny: Volvi

	Aventura: Volví [cached]

Searching: Meek Mill Featuring Lil Baby & Lil Durk: Sharing Locations
=========> Meek Mill: Sharing Locations

	Meek Mill: Sharing Locations (feat. Lil Baby & Lil Durk)

Searching: Drake Featuring Kid Cudi: IMY2
=========> Drake: IMY2

	Drake: IMY2 (with Kid Cudi)
