Found 264/275 = 96%
11 not found: 
Pat Boone: For My Good Fortune
Duane Eddy His Twangy Guitar And The Rebels: The Lonely One
Pat Boone: For A Penny
Think: Once You Understand
Gallery: Big City Miss Ruth Ann
Disco Tex & The Sex-O-Lettes: I Wanna Dance Wit' Choo (Doo Dat Dance), Part I
ConFunkShun: Ffun
Milestone: I Care 'Bout You
Andrew Seeley: Get'cha Head In The Game
Lillywood & Robin Schulz: Prayer In C
Maroon 5: This Summer's Gonna Hurt...
--------- log -----------
Searching: Pat Boone: For My Good Fortune

	 NOT FOUND

Searching: Duane Eddy His Twangy Guitar And The Rebels: The Lonely One
=========> Duane Eddy His Twangy Guitar: Lonely One

	 NOT FOUND

Searching: Link Wray And The Wraymen: Raw-Hide
=========> Link Wray: Raw Hide

	Link Wray: Raw-Hide

Searching: Lloyd Price: Where Were You (On Our Wedding Day)?
=========> Lloyd Price: Where Were You

	Lloyd Price: Where Were You (On Our Wedding Day)

Searching: Pat Boone: For A Penny

	 NOT FOUND

Searching: Johnny And The Hurricanes: Crossfire
=========> Johnny: Crossfire

	Johnny & The Hurricanes: Crossfire

Searching: The Tempos: See You In September

	The Tempos: See You in September

Searching: Dick Flood: The Three Bells (The Jimmy Brown Story)
=========> Dick Flood: The Three Bells

	Dick Flood and His Orchestra: The Three Bells

Searching: The Clovers: Love Potion No. 9
=========> The Clovers: Love Potion No  9

	The Clovers: Love Potion No. 9 - Remastered / Single Version

Searching: Santo & Johnny: Tear Drop
=========> Santo   Johnny: Tear Drop

	Santo & Johnny: Tear Drop

Searching: Dorsey Burnette: (There Was A) Tall Oak Tree
=========> Dorsey Burnette: Tall Oak Tree

	Dorsey Burnette: Tall Oak Tree

Searching: Barrett Strong: Money (That's what I want)
=========> Barrett Strong: Money

	Barrett Strong: Money (That's What I Want) - Single Version / Mono

Searching: Al Brown's Tunetoppers Featuring Cookie Brown: The Madison
=========> Al Brown s Tunetoppers: The Madison

	Al Brown's Tunetoppers: The Madison

Searching: The Fleetwoods: Runaround

	The Fleetwoods: Runaround

Searching: Paul Anka: Hello Young Lovers

	Paul Anka et son orchestre: Hello, Young Lovers

Searching: Clyde McPhatter: Ta Ta

	Clyde McPhatter: Ta Ta

Searching: Hank Ballard And The Midnighters: The Hoochi Coochi Coo
=========> Hank Ballard: The Hoochi Coochi Coo

	Hank Ballard: The Hoochi Coochi Coo

Searching: Frank Gari: Lullaby Of Love

	Frank Gari: Lullaby of Love

Searching: The Coasters: Little Egypt (Ying-Yang)
=========> The Coasters: Little Egypt

	The Coasters: Little Egypt (Ying-Yang)

Searching: Fats Domino: It Keeps Rainin'
=========> Fats Domino: It Keeps Rainin

	Fats Domino: It Keeps Rainin'

Searching: Dinah Washington: September In The Rain

	Dinah Washington: September In The Rain

Searching: Elvis Presley With The Jordanaires: Rock-A-Hula Baby
=========> Elvis Presley: Rock A Hula Baby

	Elvis Presley: Rock-A-Hula Baby

Searching: B. Bumble & The Stingers: Nut Rocker
=========> B  Bumble   The Stingers: Nut Rocker

	B. Bumble & The Stingers: Nut Rocker (Original Mix)

Searching: Perry Como: Caterina

	Perry Como: Caterina

Searching: Chuck Jackson: Any Day Now (My Wild Beautiful Bird)
=========> Chuck Jackson: Any Day Now

	Chuck Jackson: Any Day Now

Searching: Joe Dowell: Little Red Rented Rowboat

	Joe Dowell: Little Red Rented Rowboat

Searching: Bobby Bare: Shame On Me

	Bobby Bare: Shame on Me

Searching: The 4 Seasons: Santa Claus Is Coming To Town

	Frankie Valli & The Four Seasons: Santa Claus Is Coming to Town

Searching: Bobby Rydell: Butterfly Baby

	Bobby Rydell: Butterfly Baby

Searching: The Beach Boys: Shut Down

	The Beach Boys: Shut Down (Mono)

Searching: Connie Francis: If My Pillow Could Talk

	Connie Francis: If My Pillow Could Talk

Searching: Betty Harris: Cry To Me

	Betty Harris: Cry to Me

Searching: The Beach Boys: In My Room

	The Beach Boys: In My Room - Remastered

Searching: Trini Lopez: Kansas City

	Trini Lopez: Kansas City

Searching: The Supremes: When The Lovelight Starts Shining Through His Eyes

	The Supremes: When The Lovelight Starts Shining Through His Eyes

Searching: James Brown And The Famous Flames: Oh Baby Don't You Weep (Part 1)
=========> James Brown: Oh Baby Don t You Weep

	James Brown: Oh Baby Don’t You Weep

Searching: Chubby Checker: Hey, Bobba Needle
=========> Chubby Checker: Hey  Bobba Needle

	Chubby Checker: Hey, Bobba Needle - Original Hit Recordings

Searching: Chuck Berry: Nadine (Is It You?)
=========> Chuck Berry: Nadine

	Chuck Berry: Nadine - Stereo Remix

Searching: Billy J. Kramer With The Dakotas: From A Window
=========> Billy J  Kramer: From A Window

	Billy J. Kramer: From a Window

Searching: The Ronettes: Walking In The Rain

	The Ronettes: Walking In the Rain

Searching: Matt Monro: Walk Away

	Matt Monro: Walk Away

Searching: Sue Thompson: Paper Tiger

	Sue Thompson: Paper Tiger

Searching: Chad & Jeremy: If I Loved You
=========> Chad   Jeremy: If I Loved You

	Chad & Jeremy: If I Loved You

Searching: Wayne Newton: Red Roses For A Blue Lady

	Wayne Newton: Red Roses For A Blue Lady

Searching: Gerry And The Pacemakers: It's Gonna Be Alright
=========> Gerry: It s Gonna Be Alright

	Gerry & The Pacemakers: It's Gonna Be Alright - Mono; 2002 Remaster

Searching: The Dave Clark Five: Reelin' And Rockin'
=========> The Dave Clark Five: Reelin  And Rockin

	The Dave Clark Five: Reelin' and Rockin' - 2019 - Remaster

Searching: Donovan: Catch The Wind

	Donovan: Catch the Wind

Searching: Fred Hughes: Oo Wee Baby, I Love You
=========> Fred Hughes: Oo Wee Baby  I Love You

	Fred Hughes: Oo Wee Baby, I Love You

Searching: The Kinks: Set Me Free

	The Kinks: Set Me Free

Searching: Joe Tex: I Want To (Do Everything For You)
=========> Joe Tex: I Want To

	Joe Tex: I Want To (Do Everything For You)

Searching: The Animals: It's My Life
=========> The Animals: It s My Life

	The Animals: It's My Life

Searching: Bobby Vinton: Satin Pillows

	Bobby Vinton: Satin Pillows

Searching: Bobby Goldsboro: It's Too Late
=========> Bobby Goldsboro: It s Too Late

	Bobby Goldsboro: It's Too Late

Searching: The Beatles: Rain

	The Beatles: Rain - Remastered 2009

Searching: Lee Dorsey: Holy Cow

	Lee Dorsey: Holy Cow

Searching: Wilson Pickett: Mustang Sally

	Wilson Pickett: Mustang Sally

Searching: Tommy Roe: It's Now Winters Day
=========> Tommy Roe: It s Now Winters Day

	Tommy Roe: It's Now Winter's Day

Searching: P.J. Proby: Niki Hoeky
=========> P J  Proby: Niki Hoeky

	P.J. Proby: Niki Hoeky

Searching: The Marvelettes: When You're Young And In Love
=========> The Marvelettes: When You re Young And In Love

	The Marvelettes: When You're Young And In Love

Searching: Oscar Toney, Jr.: For Your Precious Love
=========> Oscar Toney  Jr: For Your Precious Love

	Oscar Toney, Jr.: For Your Precious Love

Searching: Smokey Robinson & The Miracles: More Love
=========> Smokey Robinson   The Miracles: More Love

	Smokey Robinson & The Miracles: More Love

Searching: Simon & Garfunkel: Fakin' It
=========> Simon   Garfunkel: Fakin  It

	Simon & Garfunkel: Fakin' It

Searching: The Grass Roots: Things I Should Have Said

	The Grass Roots: Things I Should Have Said

Searching: James & Bobby Purify: Let Love Come Between Us
=========> James   Bobby Purify: Let Love Come Between Us

	James & Bobby Purify: Let Love Come Between Us

Searching: Donovan: Wear Your Love Like Heaven

	Donovan: Wear Your Love Like Heaven

Searching: Etta James: Tell Mama

	Etta James: Tell Mama

Searching: Strawberry Alarm Clock: Tomorrow

	Strawberry Alarm Clock: Tomorrow

Searching: The Mills Brothers: Cab Driver

	The Mills Brothers: Cab Driver - Single Version

Searching: Willie Mitchell: Soul Serenade

	Willie Mitchell: Soul Serenade

Searching: Bobby Vinton: Halfway To Paradise

	Bobby Vinton: Halfway To Paradise - Single Version

Searching: Frank Sinatra: Cycles

	Frank Sinatra: Cycles

Searching: Wilson Pickett: Hey Jude

	Wilson Pickett: Hey Jude

Searching: The Meters: Cissy Strut

	The Meters: Cissy Strut

Searching: The Isley Brothers: I Turned You On

	The Isley Brothers: I Turned You On

Searching: Bill Deal & The Rhondels: What Kind Of Fool Do You Think I Am
=========> Bill Deal   The Rhondels: What Kind Of Fool Do You Think I Am

	Bill Deal & The Rhondels: What Kind Of Fool (Do You Think I Am)

Searching: Glen Campbell: Try A Little Kindness

	Glen Campbell: Try A Little Kindness

Searching: Tommy James And The Shondells: She
=========> Tommy James: She

	Tommy James & The Shondells: She

Searching: Jefferson: Baby Take Me In Your Arms

	Jefferson: Baby Take Me in Your Arms

Searching: Jack Blanchard & Misty Morgan: Tennessee Bird Walk
=========> Jack Blanchard   Misty Morgan: Tennessee Bird Walk

	Jack Blanchard & Misty Morgan: Tennessee Bird Walk

Searching: Aretha Franklin with The Dixie Flyers: Spirit In The Dark
=========> Aretha Franklin: Spirit In The Dark

	Aretha Franklin: Spirit in the Dark

Searching: Christie: Yellow River

	Christie: Yellow River

Searching: Van Morrison: Blue Money

	Van Morrison: Blue Money - 1999 Remaster

Searching: Matthews' Southern Comfort: Woodstock
=========> Matthews  Southern Comfort: Woodstock

	Matthews' Southern Comfort: Woodstock

Searching: Brenda & The Tabulations: Right On The Tip Of My Tongue
=========> Brenda   The Tabulations: Right On The Tip Of My Tongue

	Brenda And The Tabulations: Right on the Tip of My Tongue

Searching: George Harrison: Bangla-Desh/Deep Blue
=========> George Harrison: Bangla

	George Harrison: Bangla Desh - Bonus Track

Searching: The Moody Blues: The Story In Your Eyes

	The Moody Blues: The Story In Your Eyes

Searching: The Raiders: Birds Of A Feather
=========> The Raiders: Birds Of A

	Paul Revere & The Raiders: Birds Of A Feather

Searching: Think: Once You Understand

	 NOT FOUND

Searching: Sly & The Family Stone: Runnin' Away
=========> Sly   The Family Stone: Runnin  Away

	Sly & The Family Stone: Runnin' Away - Single Version

Searching: The Honey Cone: The Day I Found Myself
=========> Honey Cone: Day I Found Myself

	Honey Cone: The Day I Found Myself

Searching: Cornelius Brothers & Sister Rose: Don't Ever Be Lonely (A Poor Little Fool Like Me)
=========> Cornelius Brothers   Sister Rose: Don t Ever Be Lonely

	Cornelius Brothers & Sister Rose: Don't Ever Be Lonely (A Poor Little Fool Like Me)

Searching: Nilsson: Spaceman

	Harry Nilsson: Spaceman

Searching: Gallery: Big City Miss Ruth Ann

	 NOT FOUND

Searching: The Stylistics: You'll Never Get To Heaven (If You Break My Heart)
=========> The Stylistics: You ll Never Get To Heaven

	The Stylistics: You'll Never Get To Heaven - If You Break My Heart

Searching: Donny Osmond: A Million To One/Young Love
=========> Donny Osmond: A Million To One

	Donny Osmond: A Million To One

Searching: Joe Walsh: Rocky Mountain Way

	Joe Walsh: Rocky Mountain Way

Searching: Rick Derringer: Rock And Roll, Hoochie Koo
=========> Rick Derringer: Rock And Roll  Hoochie Koo

	Rick Derringer: Rock and Roll, Hoochie Koo

Searching: The Staple Singers: Touch A Hand, Make A Friend
=========> The Staple Singers: Touch A Hand  Make A Friend

	The Staple Singers: Touch A Hand (Make A Friend)

Searching: Bachman-Turner Overdrive: Let It Ride
=========> Bachman Turner Overdrive: Let It Ride

	Bachman-Turner Overdrive: Let It Ride

Searching: Paul Davis: Ride 'em Cowboy
=========> Paul Davis: Ride  em Cowboy

	Paul Davis: Ride 'Em Cowboy

Searching: Disco Tex & The Sex-O-Lettes: I Wanna Dance Wit' Choo (Doo Dat Dance), Part I
=========> Disco Tex: I Wanna Dance Wit  Choo   Part I

	 NOT FOUND

Searching: Michael Jackson: Just A Little Bit Of You

	Michael Jackson: Just A Little Bit Of You

Searching: Paul Simon/Phoebe Snow: Gone At Last
=========> Paul Simon Phoebe Snow: Gone At Last

	Paul Simon: Gone at Last

Searching: Bruce Springsteen: Born To Run

	Bruce Springsteen: Born to Run

Searching: Olivia Newton-John: Come On Over
=========> Olivia Newton John: Come On Over

	Olivia Newton-John: Come On Over

Searching: America: Today's The Day
=========> America: Today s The Day

	America: Today's the Day

Searching: The Bar-Kays: Shake Your Rump To The Funk
=========> The Bar Kays: Shake Your Rump To The Funk

	The Bar-Kays: Shake Your Rump To The Funk

Searching: Jackson Browne: Here Come Those Tears Again

	Jackson Browne: Here Come Those Tears Again

Searching: Q: Dancin' Man
=========> Q: Dancin  Man

	Quincy Jones: Dancin' Pants

Searching: The Steve Miller Band: Jungle Love
=========> Steve Miller Band: Jungle Love

	Steve Miller Band: Jungle Love

Searching: Eric Carmen: She Did It

	Eric Carmen: She Did It

Searching: Barry Manilow: Daybreak

	Barry Manilow: Daybreak

Searching: England Dan & John Ford Coley: Gone Too Far
=========> England Dan   John Ford Coley: Gone Too Far

	England Dan & John Ford Coley: Gone Too Far - Single Version

Searching: ConFunkShun: Ffun

	 NOT FOUND

Searching: Gene Cotton: Before My Heart Finds Out

	Gene Cotton: Before My Heart Finds Out

Searching: Genesis: Follow You Follow Me

	Genesis: Follow You Follow Me - Remastered 2007

Searching: Aerosmith: Come Together

	Aerosmith: Come Together

Searching: Evelyn "Champagne" King: I Don't Know If It's Right
=========> Evelyn  Champagne  King: I Don t Know If It s Right

	Evelyn "Champagne" King: I Don't Know If It's Right

Searching: Kansas: People Of The South Wind

	Kansas: People of the South Wind

Searching: Lobo: Where Were You When I Was Falling In Love

	Lobo: Where Were You When I Was Falling In Love

Searching: Foghat: Third Time Lucky (First Time I Was A Fool)
=========> Foghat: Third Time Lucky

	Foghat: Third Time Lucky (First Time I Was a Fool) - 2016 Remaster

Searching: Pat Benatar: Heartbreaker

	Pat Benatar: Heartbreaker

Searching: Journey: Any Way You Want It

	Journey: Any Way You Want It

Searching: Paul Davis: Do Right

	Paul Davis: Do Right

Searching: The Clash: Train In Vain (Stand By Me)
=========> The Clash: Train In Vain

	The Clash: Train in Vain (Stand by Me) - Remastered

Searching: Dionne Warwick: No Night So Long

	Dionne Warwick: No Night So Long

Searching: Harry Chapin: Sequel

	Harry Chapin: Sequel

Searching: Leo Sayer: Living In A Fantasy

	Leo Sayer: Living In A Fantasy

Searching: Don McLean: Since I Don't Have You
=========> Don McLean: Since I Don t Have You

	Don McLean: Since I Don't Have You

Searching: Billy Joel: She's Got A Way
=========> Billy Joel: She s Got A Way

	Billy Joel: She's Got a Way

Searching: Cliff Richard: Daddy's Home
=========> Cliff Richard: Daddy s Home

	Cliff Richard: Daddy's Home - Live; 2001 Remaster

Searching: Sister Sledge: My Guy

	Sister Sledge: My Guy

Searching: Aldo Nova: Fantasy

	Aldo Nova: Fantasy

Searching: Patrice Rushen: Forget Me Nots

	Patrice Rushen: Forget Me Nots

Searching: Billy Idol: Hot In The City

	Billy Idol: Hot In The City

Searching: Dan Fogelberg: Missing You

	Dan Fogelberg: Missing You

Searching: Ronnie Milsap: Stranger In My House

	Ronnie Milsap: Stranger in My House (feat. Luke Bryan)

Searching: Champaign: Try Again

	Champaign: Try Again

Searching: Journey: After The Fall

	Journey: After the Fall

Searching: Eurythmics: Love Is A Stranger

	Eurythmics: Love Is A Stranger - Remastered Version

Searching: Journey: Send Her My Love

	Journey: Send Her My Love

Searching: Rick Springfield: Souls

	Rick Springfield: Souls

Searching: Paul McCartney: So Bad

	Paul McCartney: So Bad - Remastered 2015

Searching: Kenny Rogers: This Woman

	Kenny Rogers: This Woman

Searching: Berlin: No More Words

	Berlin: No More Words

Searching: Jefferson Starship: No Way Out

	Jefferson Starship: No Way Out

Searching: Lindsey Buckingham: Go Insane

	Lindsey Buckingham: Go Insane

Searching: John Parr: Naughty Naughty

	John Parr: Naughty, Naughty - Re-Recorded

Searching: John Taylor: I Do What I Do... (Theme For 9 1/2 Weeks)
=========> John Taylor: I Do What I Do

	John Taylor: I Do What I Do (Theme for 9 1/2 Weeks) - 7" Version

Searching: Prince And The Revolution: Mountains
=========> Prince: Mountains

	Prince: Mountains

Searching: Shirley Murdock: As We Lay

	Shirley Murdock: As We Lay

Searching: Paul Simon: You Can Call Me Al

	Paul Simon: You Can Call Me Al

Searching: Al Jarreau: Moonlighting (Theme)
=========> Al Jarreau: Moonlighting

	Al Jarreau: Moonlighting (Theme) - 2009 Remaster

Searching: Sammy Hagar: Give To Live

	Sammy Hagar: Give To Live

Searching: Danny Wilson: Mary's Prayer
=========> Danny Wilson: Mary s Prayer

	Danny Wilson: Mary's Prayer

Searching: Stryper: Honestly

	Stryper: Honestly

Searching: George Harrison: When We Was Fab

	George Harrison: When We Was Fab - Remastered 2004

Searching: Morris Day: Fishnet

	Morris Day: Fishnet

Searching: Climie Fisher: Love Changes (Everything)
=========> Climie Fisher: Love Changes

	Climie Fisher: Love Changes (Everything)

Searching: Sweet Sensation: Hooked On You

	Sweet Sensation: Hooked on You

Searching: Tom Petty: Runnin' Down A Dream
=========> Tom Petty: Runnin  Down A Dream

	Tom Petty: Runnin' Down A Dream

Searching: Seduction: (You're My One And Only) True Love
=========> Seduction: True Love

	Seduction: (You’re My One And Only) True Love (Re-Recorded / Remastered)

Searching: Dino: Sunshine

	Dino Sofos: Breathe Sunshine - Black Sun Empire Remix v1

Searching: The Rolling Stones: Rock And A Hard Place

	The Rolling Stones: Rock And A Hard Place

Searching: Heart: I Didn't Want To Need You
=========> Heart: I Didn t Want To Need You

	Heart: I Didn't Want To Need You

Searching: Phil Collins: Hang In Long Enough

	Phil Collins: Hang in Long Enough - 2016 Remaster

Searching: Black Box: I Don't Know Anybody Else
=========> Black Box: I Don t Know Anybody Else

	Black Box: I Don't Know Anybody Else

Searching: AC/DC: Moneytalks
=========> AC DC: Moneytalks

	AC/DC: Moneytalks

Searching: Steelheart: I'll Never Let You Go
=========> Steelheart: I ll Never Let You Go

	STEELHEART: I'll Never Let You Go

Searching: Siouxsie & The Banshees: Kiss Them For Me
=========> Siouxsie   The Banshees: Kiss Them For Me

	Siouxsie and the Banshees: Kiss Them For Me

Searching: Simply Red: Something Got Me Started

	Simply Red: Something Got Me Started - 2008 Remaster

Searching: Geto Boys: Mind Playing Tricks On Me

	Geto Boys: Mind Playing Tricks on Me

Searching: Prince And The N.P.G.: Money Don't Matter 2 Night
=========> Prince: Money Don t Matter 2 Night

	Prince: Money Don't Matter 2 Night

Searching: Genesis: Jesus He Knows Me

	Genesis: Jesus He Knows Me - Remastered 2007

Searching: Elton John: The Last Song

	Elton John: The Last Song

Searching: Sting: Fields Of Gold

	Sting: Fields Of Gold

Searching: Celine Dion And Clive Griffin: When I Fall In Love (From "Sleepless In Seattle")
=========> Celine Dion: When I Fall In Love

	Céline Dion: When I Fall In Love (feat. Clive Griffin) - from the TriStar film, Sleepless In Seattle

Searching: Color Me Badd: Time And Chance

	Color Me Badd: Time and Chance

Searching: Queen Latifah: U.N.I.T.Y.
=========> Queen Latifah: U N I T Y

	Queen Latifah: U.N.I.T.Y.

Searching: Color Me Badd: Choose

	Color Me Badd: Choose

Searching: Masta Ace Incorporated: Born To Roll

	Masta Ace Incorporated: Born To Roll - Jeep Ass Niguh Remix

Searching: Celine Dion: Misled

	Céline Dion: Misled

Searching: Ice Cube Featuring George Clinton: Bop Gun (One Nation)
=========> Ice Cube: Bop Gun

	Ice Cube: Bop Gun (One Nation)

Searching: Annie Lennox: No More "I Love You's"
=========> Annie Lennox: No More  I Love You s

	Annie Lennox: No More "I Love You's"

Searching: Blues Traveler: Hook

	Blues Traveler: Hook

Searching: No Doubt: Just A Girl

	No Doubt: Just A Girl

Searching: Natalie Merchant: Jealousy

	Natalie Merchant: Jealousy

Searching: Los Del Rio: Macarena

	Los Del Rio: Macarena

Searching: White Town: Your Woman

	White Town: Your Woman

Searching: Trisha Yearwood: How Do I Live (From "Con Air")
=========> Trisha Yearwood: How Do I Live

	Trisha Yearwood: How Do I Live

Searching: Milestone: I Care 'Bout You
=========> Milestone: I Care  Bout You

	 NOT FOUND

Searching: Aqua: Lollipop (Candyman)
=========> Aqua: Lollipop

	Aqua: Lollipop (Candyman)

Searching: Link: Whatcha Gone Do?
=========> Link: Whatcha Gone Do

	Link: Whatcha Gone Do?

Searching: Jagged Edge: Gotta Be

	Jagged Edge: I Gotta Be

Searching: Shania Twain: Man! I Feel Like A Woman!
=========> Shania Twain: Man  I Feel Like A Woman

	Shania Twain: Man! I Feel Like A Woman!

Searching: Warren G Featuring Mack 10: I Want It All
=========> Warren G: I Want It All

	Warren G: I Want It All (feat. Mack 10)

Searching: LeAnn Rimes: Big Deal

	LeAnn Rimes: Big Deal

Searching: IMx: Stay The Night

	IMx: Stay The Night - Radio Edit

Searching: Avant: Separated

	Avant: Separated

Searching: Dr. Dre Featuring Snoop Dogg: The Next Episode
=========> Dr  Dre: The Next Episode

	Dr. Dre: The Next Episode

Searching: Britney Spears: Lucky

	Britney Spears: Lucky

Searching: Vertical Horizon: You're A God
=========> Vertical Horizon: You re A God

	Vertical Horizon: You're a God

Searching: Ludacris: Southern Hospitality

	Ludacris: Southern Hospitality (Featuring Pharrell)

Searching: 3LW: No More (Baby I'ma Do Right)
=========> 3LW: No More

	3LW: No More (Baby I'ma Do Right)

Searching: Madonna: What It Feels Like For A Girl

	Madonna: What It Feels Like for a Girl

Searching: Alien Ant Farm: Smooth Criminal

	Alien Ant Farm: Smooth Criminal

Searching: Alanis Morissette: Hands Clean

	Alanis Morissette: Hands Clean

Searching: Amerie: Why Don't We Fall In Love
=========> Amerie: Why Don t We Fall In Love

	Amerie: Why Don't We Fall in Love

Searching: Kylie Minogue: Love At First Sight

	Kylie Minogue: Love at First Sight

Searching: Keith Urban: Somebody Like You

	Keith Urban: Somebody Like You

Searching: Rascal Flatts: These Days

	Rascal Flatts: These Days - Radio Edit

Searching: George Strait: She'll Leave You With A Smile
=========> George Strait: She ll Leave You With A Smile

	George Strait: She'll Leave You With A Smile - 2001 Version

Searching: Mark Wills: 19 Somethin'
=========> Mark Wills: 19 Somethin

	Mark Wills: 19 Somethin' - Greatest Hits Version

Searching: Lonestar: My Front Porch Looking In

	Lonestar: My Front Porch Looking In

Searching: matchbox twenty: Bright Lights

	Matchbox Twenty: Bright Lights

Searching: The Black Eyed Peas: Hey Mama

	The Tribute Co.: Hey Mama

Searching: Bowling For Soup: 1985

	Bowling For Soup: 1985

Searching: T.I.: U Don't Know Me
=========> T I: U Don t Know Me

	T.I.: U Don't Know Me

Searching: Destiny's Child: Girl
=========> Destiny s Child: Girl

	Destiny's Child: Girl

Searching: Brooke Valentine Featuring Lil Jon & Big Boi: Girlfight
=========> Brooke Valentine: Girlfight

	Brooke Valentine: Girlfight - Remix; feat. Lil Jon, Da Brat, Remy Ma & Miss B; Explicit

Searching: Shakira Feat. Alejandro Sanz: La Tortura
=========> Shakira: La Tortura

	Shakira: La Tortura (feat. Alejandro Sanz)

Searching: Andrew Seeley: Get'cha Head In The Game
=========> Andrew Seeley: Get cha Head In Game

	 NOT FOUND

Searching: Bow Wow Featuring J-Kwon & Jermaine Dupri: Fresh Azimiz
=========> Bow Wow: Fresh Azimiz

	Bow Wow: Fresh Azimiz (feat. J-Kwon & Jermaine Dupri)

Searching: Bon Jovi: Who Says You Can't Go Home
=========> Bon Jovi: Who Says You Can t Go Home

	Bon Jovi: Who Says You Can't Go Home

Searching: Boys Like Girls: The Great Escape

	Boys Like Girls: The Great Escape

Searching: Fabolous Featuring Jermaine Dupri: Baby Don't Go
=========> Fabolous: Baby Don t Go

	Fabolous: Baby Don't Go

Searching: Shwayze: Corona And Lime

	Shwayze: Corona And Lime

Searching: Kid Rock: All Summer Long

	Kid Rock: All Summer Long

Searching: Rob Thomas: Her Diamonds

	Rob Thomas: Her Diamonds

Searching: Taylor Swift: The Other Side Of The Door

	Taylor Swift: The Other Side Of The Door

Searching: Taylor Swift: Fifteen

	Taylor Swift: Fifteen

Searching: Timbaland Featuring Drake: Say Something
=========> Timbaland: Say Something

	Timbaland: Say Something (Featuring Drake)

Searching: Christina Aguilera: Not Myself Tonight

	Christina Aguilera: Not Myself Tonight

Searching: Glee Cast: Jessie's Girl
=========> Glee Cast: Jessie s Girl

	Glee Cast: Jessie's Girl (Glee Cast Version)

Searching: Carrie Underwood: Undo It

	Carrie Underwood: Undo It

Searching: Eminem Featuring Lil Wayne: No Love
=========> Eminem: No Love

	Eminem: No Love

Searching: Glee Cast: Telephone

	Glee Cast: Telephone (Glee Cast Version)

Searching: Kanye West Jay Z: H*A*M
=========> Kanye West Jay Z: H A M

	Kanye West: H•A•M

Searching: Colbie Caillat: I Do

	Colbie Caillat: I Do

Searching: Glee Cast Featuring Gwyneth Paltrow: Landslide
=========> Glee Cast: Landslide

	Glee Cast: Landslide (Glee Cast Version) (feat. Gwyneth Paltrow)

Searching: Jessie J Featuring B.o.B: Price Tag
=========> Jessie J: Price Tag

	Jessie J: Price Tag

Searching: The Script: For The First Time

	The Script: For the First Time

Searching: Rodney Atkins: Take A Back Road

	Rodney Atkins: Take A Back Road

Searching: Kenny Chesney: Come Over

	Kenny Chesney: Come Over

Searching: Chris Brown Featuring Nicki Minaj: Love More
=========> Chris Brown: Love More

	Chris Brown: Love More (feat. Nicki Minaj)

Searching: Sara Bareilles: Brave

	Sara Bareilles: Brave

Searching: Beyonce: Partition

	Beyoncé: Partition

Searching: Kenny Chesney: American Kids

	Kenny Chesney: American Kids

Searching: Pharrell Williams: Come Get It Bae

	Pharrell Williams: Come Get It Bae

Searching: Pitbull Featuring John Ryan: Fireball
=========> Pitbull: Fireball

	Pitbull: Fireball (feat. John Ryan)

Searching: Lillywood & Robin Schulz: Prayer In C
=========> Lillywood: Prayer In C

	 NOT FOUND

Searching: Maroon 5: This Summer's Gonna Hurt...
=========> Maroon 5: This Summer s Gonna Hurt

	 NOT FOUND

Searching: Tory Lanez: Say It

	Tory Lanez: Say It

Searching: Daya: Hide Away

	Daya: Hide Away

Searching: Troye Sivan: Youth

	Troye Sivan: YOUTH

Searching: John Legend: Love Me Now

	John Legend: Love Me Now

Searching: J. Cole: For Whom The Bell Tolls
=========> J  Cole: For Whom The Bell Tolls

	J. Cole: For Whom The Bell Tolls

Searching: Pentatonix: Hallelujah

	Pentatonix: Hallelujah

Searching: JAY-Z: The Story Of O.J.
=========> JAY Z: The Story Of O J

	JAY-Z: The Story of O.J.

Searching: Cardi B Featuring SZA: I Do
=========> Cardi B: I Do

	Cardi B: I Do (feat. SZA)

Searching: Post Malone: Zack And Codeine

	Post Malone: Zack And Codeine

Searching: Eminem: Greatest

	Eminem: Greatest

Searching: Dean Lewis: Be Alright

	Dean Lewis: Be Alright

Searching: Mustard & Migos: Pure Water
=========> Mustard   Migos: Pure Water

	Mustard: Pure Water (with Migos)

Searching: Taylor Swift: The Man

	Taylor Swift: The Man

Searching: Kanye West: On God

	Kanye West: On God

Searching: Nicki Minaj: Yikes

	Nicki Minaj: Yikes

Searching: A Boogie Wit da Hoodie Featuring Roddy Ricch, Gunna & London On Da Track: Numbers
=========> A Boogie Wit da Hoodie: Numbers

	A Boogie Wit da Hoodie: Numbers (feat. Roddy Ricch, Gunna and London On Da Track)

Searching: Lil Baby Featuring Lil Uzi Vert: Commercial
=========> Lil Baby: Commercial

	Lil Baby: Commercial

Searching: PARTYNEXTDOOR & Rihanna: Believe It
=========> PARTYNEXTDOOR   Rihanna: Believe It

	PARTYNEXTDOOR: BELIEVE IT

Searching: twenty one pilots: Level Of Concern

	Twenty One Pilots: Level of Concern

Searching: Powfu Featuring beabadoobee: Death Bed
=========> Powfu: Death Bed

	Powfu: death bed (coffee for your head)

Searching: Taylor Swift: August

	Taylor Swift: august

Searching: Luke Combs: Lovin' On You
=========> Luke Combs: Lovin  On You

	Luke Combs: Lovin' On You

Searching: surf mesa Featuring Emilee: ily
=========> surf mesa: ily

	Surf Mesa: ily (i love you baby) (feat. Emilee)
