Found 237/247 = 96%
10 not found: 
The Mark IV: I Got A Wife
Bobby Vinton: Every Day Of My Life
Cheech & Chong: Sister Mary Elephant (Shudd-Up!)
Gordon Sinclair: The Americans (A Canadian's Opinion)
Jim Stafford: Your Bulldog Drinks Champagne
Kenny Loggins: Welcome To Heartlight
Ta Mara & The Seen: Everybody Dance
Andy Taylor: Take It Easy
The U-Krew: If U Were Mine
Ludacris Co-Starring T-Pain: One More Drink
--------- log -----------
Searching: Sheb Wooley: The Purple People Eater

	Sheb Wooley: The Purple People Eater

Searching: The Rinky-Dinks: Early In The Morning
=========> The Rinky Dinks: Early In The Morning

	Bobby Darin & The Rinky-Dinks: Early in the Morning - 2006 Remaster

Searching: Johnny Cash And The Tennessee Two: The Ways Of A Woman In Love
=========> Johnny Cash: The Ways Of A Woman In Love

	Johnny Cash: The Ways of a Woman in Love

Searching: Dion & The Belmonts: No One Knows
=========> Dion   The Belmonts: No One Knows

	Dion & The Belmonts: No One Knows

Searching: Ruth Brown: This Little Girl's Gone Rockin'
=========> Ruth Brown: This Little Girl s Gone Rockin

	Ruth Brown: This Little Girl's Gone Rockin'

Searching: The Mark IV: I Got A Wife
=========> Mark IV: I Got A Wife

	 NOT FOUND

Searching: Gary Stites: Lonely For You

	Gary Stites: Lonely for You

Searching: Jacky Noguez And His Musette Orchestra: Ciao, Ciao Bambina
=========> Jacky Noguez: Ciao  Ciao Bambina

	Jacky Noguez: Ciao Ciao Bambina

Searching: Webb Pierce: I Ain't Never
=========> Webb Pierce: I Ain t Never

	Webb Pierce: I Ain't Never

Searching: Little Anthony And The Imperials: Shimmy, Shimmy, Ko-Ko-Bop
=========> Little Anthony: Shimmy  Shimmy  Ko Ko Bop

	Little Anthony & The Imperials: Shimmy Shimmy Ko Ko Bop

Searching: Jimmie Rodgers: T.L.C. Tender Love And Care
=========> Jimmie Rodgers: T L C  Tender Love And Care

	Jimmie Rodgers: T.L.C. Tender Love and Care

Searching: The Fireballs: Bulldog

	The Fireballs: Bulldog

Searching: The Four Preps: Got A Girl

	The Four Preps: Preps Hit Medley: 26 Miles / Early in the Morning / Lazy Summer Night / Got a Girl / Big Man

Searching: The Skyliners: Pennies From Heaven

	The Skyliners: Pennies From Heaven

Searching: Dinah Washington: This Bitter Earth

	Dinah Washington: This Bitter Earth

Searching: Brook Benton: Fools Rush In (Where Angels Fear To Tread)
=========> Brook Benton: Fools Rush In

	Brook Benton: Fools Rush in (Where Angels Fear to Tread)

Searching: Chubby Checker: (Dance The) Mess Around
=========> Chubby Checker: Mess Around

	Chubby Checker: Dance The Mess Around

Searching: Joe Barry: I'm A Fool To Care
=========> Joe Barry: I m A Fool To Care

	Joe Barry: I'm A Fool To Care

Searching: Solomon Burke: Just Out Of Reach (Of My Two Open Arms)
=========> Solomon Burke: Just Out Of Reach

	Solomon Burke: Just Out of Reach (Of My Two Empty Arms)

Searching: Kenny Dino: Your Ma Said You Cried In Your Sleep Last Night

	Kenny Dino: Your Mama Said You Cried in Your Sleep Last Night

Searching: Jimmy Dean: Dear Ivan

	Jimmy Dean: Dear Ivan

Searching: Arthur Alexander: You Better Move On

	Arthur Alexander: You Better Move On

Searching: Bobby Darin: What'd I Say (Part 1)
=========> Bobby Darin: What d I Say

	Bobby Darin: What'd I Say

Searching: Connie Francis: I Was Such A Fool (To Fall In Love With You)
=========> Connie Francis: I Was Such A Fool

	Connie Francis: I Was Such A Fool (To Fall In Love With You)

Searching: Johnny Tillotson: I Can't Help It (If I'm Still In Love With You)
=========> Johnny Tillotson: I Can t Help It

	Johnny Tillotson: I Can't Help It (If I'm Still in Love with You)

Searching: Jerry Wallace: Shutters And Boards

	Jerry Wallace: Shutters And Boards

Searching: The Earls: Remember Then

	The Earls: Remember Then

Searching: Lou Christie: The Gypsy Cried

	Lou Christie: The Gypsy Cried

Searching: Johnny Tillotson: Out Of My Mind

	Johnny Tillotson: Out Of My Mind

Searching: Brenda Lee: My Whole World Is Falling Down

	Brenda Lee: My Whole World Is Falling Down

Searching: Timi Yuro: Make The World Go Away

	Duffy As Timi Yuro: Make The World Go Away

Searching: Lonnie Mack: Wham!
=========> Lonnie Mack: Wham

	Lonnie Mack: Wham!

Searching: The Ronettes: Baby, I Love You
=========> The Ronettes: Baby  I Love You

	The Ronettes: Baby, I Love You

Searching: Connie Francis: Blue Winter

	Connie Francis: Blue Winter

Searching: The Swinging Blue Jeans: Hippy Hippy Shake

	The Swinging Blue Jeans: The Hippy Hippy Shake

Searching: The Beach Boys: Don't Worry Baby
=========> The Beach Boys: Don t Worry Baby

	The Beach Boys: Don't Worry Baby - Remastered 2001

Searching: The Rolling Stones: Tell Me (You're Coming Back)
=========> The Rolling Stones: Tell Me

	The Rolling Stones: Tell Me

Searching: James Brown And His Orchestra: Out Of Sight
=========> James Brown: Out Of Sight

	James Brown: Out Of Sight - Single Version

Searching: Major Lance: Rhythm

	Major Lance: Rhythm

Searching: Maxine Brown: Oh No Not My Baby

	Maxine Brown: Oh No Not My Baby

Searching: Andy Williams: Dear Heart

	Andy Williams: Dear Heart

Searching: Jerry Vale: Have You Looked Into Your Heart

	Jerry Vale: Have You Looked into Your Heart

Searching: Four Tops: Ask The Lonely

	Four Tops: Ask The Lonely

Searching: Them: Here Comes The Night

	Them: Here Comes the Night (feat. Van Morrison)

Searching: Billy Stewart: Sitting In The Park

	Billy Stewart: Sitting In The Park

Searching: Peter And Gordon: To Know You Is To Love You

	Peter And Gordon: To Know You Is to Love You

Searching: Marianne Faithfull: Summer Nights

	Marianne Faithfull: Summer Nights

Searching: Herb Alpert & The Tijuana Brass: What Now My Love
=========> Herb Alpert   The Tijuana Brass: What Now My Love

	Herb Alpert & The Tijuana Brass: So What's New?

Searching: The Rolling Stones: Lady Jane

	The Rolling Stones: Lady Jane - Mono Version

Searching: David Houston: Almost Persuaded

	David Houston: Almost Persuaded

Searching: The Mamas & The Papas: Look Through My Window
=========> The Mamas   The Papas: Look Through My Window

	The Mamas & The Papas: Look Through My Window

Searching: Mitch Ryder And The Detroit Wheels: Too Many Fish In The Sea & Three Little Fishes
=========> Mitch Ryder: Too Many Fish In The Sea   Three Little Fishes

	Mitch Ryder and The Detroit Wheels: Too Many Fish in the Sea / Three Little Fishes (Medley)

Searching: The Who: Happy Jack

	The Who: Happy Jack

Searching: The American Breed: Step Out Of Your Mind
=========> American Breed: Step Out Of Your Mind

	American Breed: Step Out Of Your Mind

Searching: Nancy Sinatra: Lightning's Girl
=========> Nancy Sinatra: Lightning s Girl

	Nancy Sinatra: Lightning's Girl

Searching: Scott McKenzie: Like An Old Time Movie

	Scott McKenzie: Like an Old Time Movie

Searching: The Box Tops: Neon Rainbow

	The Box Tops: Neon Rainbow - Remastered

Searching: Jr. Walker & The All Stars: Come See About Me
=========> Jr  Walker   The All Stars: Come See About Me

	Jr. Walker & The All Stars: Come See About Me

Searching: Bobby Vinton: Just As Much As Ever

	Bobby Vinton: Just as Much as Ever

Searching: The 4 Seasons Featuring the "Sound of Frankie Valli": Will You Love Me Tomorrow
=========> The 4 Seasons: Will You Love Me Tomorrow

	Frankie Valli & The Four Seasons: Will You Love Me Tomorrow?

Searching: Wilson Pickett: I'm A Midnight Mover
=========> Wilson Pickett: I m A Midnight Mover

	Wilson Pickett: I'm a Midnight Mover

Searching: The Moody Blues: Tuesday Afternoon (Forever Afternoon)
=========> The Moody Blues: Tuesday Afternoon

	The Moody Blues: Tuesday Afternoon (Forever Afternoon)

Searching: Marvin Gaye & Tammi Terrell: Keep On Lovin' Me Honey
=========> Marvin Gaye   Tammi Terrell: Keep On Lovin  Me Honey

	Marvin Gaye: Keep On Lovin' Me Honey

Searching: The Rascals: A Ray Of Hope

	The Rascals: A Ray of Hope

Searching: Frankie Laine: You Gave Me A Mountain

	Frankie Laine: You Gave Me a Mountain

Searching: The Beach Boys: I Can Hear Music

	The Beach Boys: I Can Hear Music

Searching: Jerry Butler: Moody Woman

	Jerry Butler: Moody Woman

Searching: The Rugbys: You, I
=========> The Rugbys: You  I

	The Rugbys: You, I

Searching: The Grass Roots: Heaven Knows

	The Grass Roots: Heaven Knows

Searching: Dusty Springfield: A Brand New Me

	Dusty Springfield: A Brand New Me - Live

Searching: James Brown: Ain't It Funky Now (Part 1)
=========> James Brown: Ain t It Funky Now

	James Brown: Ain't It Funky Now

Searching: Neil Diamond: Shilo

	Neil Diamond: Shilo

Searching: The 5th Dimension: Puppet Man

	The 5th Dimension: Puppet Man

Searching: Bobby Sherman: Hey, Mister Sun
=========> Bobby Sherman: Hey  Mister Sun

	Bobby Sherman: Hey, Mister Sun

Searching: Four Tops: It's All In The Game
=========> Four Tops: It s All In The Game

	Four Tops: It's All In The Game

Searching: The Flaming Ember: Westbound #9
=========> Flaming Ember: Westbound  9

	Flaming Ember: Westbound # 9

Searching: Freda Payne: Deeper & Deeper
=========> Freda Payne: Deeper   Deeper

	Freda Payne: Deeper And Deeper

Searching: Candi Staton: Stand By Your Man

	Candi Staton: Stand by Your Man

Searching: Chase: Get It On

	Chase: Get It On

Searching: Paul Stookey: Wedding Song (There Is Love)
=========> Paul Stookey: Wedding Song

	Noel Paul Stookey: Wedding Song (There Is Love)

Searching: Lighthouse: One Fine Morning

	lighthouse: One Fine Morning

Searching: Chicago: Questions 67 And 68/I'm A Man
=========> Chicago: Questions 67 And 68

	Chicago: Questions 67 and 68 - 2002 Remaster

Searching: Rod Stewart With Faces: (I Know) I'm Losing You
=========> Rod Stewart: I m Losing You

	Rod Stewart: (I Know) I'm Losing You

Searching: Elton John: Levon

	Elton John: Levon

Searching: Wilson Pickett: Fire And Water

	Wilson Pickett: Fire and Water

Searching: Bobby Vinton: Every Day Of My Life

	 NOT FOUND

Searching: Harry Chapin: Taxi

	Harry Chapin: Taxi

Searching: Joey Heatherton: Gone

	Joey Heatherton: Gone

Searching: Detroit Emeralds: Baby Let Me Take You (In My Arms)
=========> Detroit Emeralds: Baby Let Me Take You

	The Detroit Emeralds: Baby Let Me Take You (In My Arms)

Searching: The Isley Brothers: Pop That Thang

	The Isley Brothers: Pop That Thang

Searching: Chicago: Dialogue (Part I & II)
=========> Chicago: Dialogue

	Chicago: Dialogue (Pt. I) - 2002 Remaster

Searching: Carole King: Been To Canaan

	Carole King: Been to Canaan

Searching: Millie Jackson: Hurts So Good

	Millie Jackson: It Hurts So Good - 1

Searching: Cheech & Chong: Sister Mary Elephant (Shudd-Up!)
=========> Cheech: Sister Mary Elephant

	 NOT FOUND

Searching: Gordon Sinclair: The Americans (A Canadian's Opinion)
=========> Gordon Sinclair: Americans

	 NOT FOUND

Searching: Gene Redding: This Heart

	Gene Redding: This Heart

Searching: Charlie Rich: I Love My Friend

	Charlie Rich: I Love My Friend

Searching: Jim Stafford: Your Bulldog Drinks Champagne

	 NOT FOUND

Searching: Joni Mitchell: Big Yellow Taxi

	Joni Mitchell: Big Yellow Taxi

Searching: Cate Bros.: Union Man
=========> Cate Bros: Union Man

	Cate Brothers: Union Man

Searching: Eric Clapton: Hello Old Friend

	Eric Clapton: Hello Old Friend

Searching: Electric Light Orchestra: Do Ya

	Electric Light Orchestra: Do Ya

Searching: Wilton Place Street Band: Disco Lucy (i Love Lucy Theme)
=========> Wilton Place Street Band: Disco Lucy

	Wilton Place Street Band: Disco Lucy - De "Aquí Está Lucy"

Searching: Bob Seger: Mainstreet

	Bob Seger: Mainstreet

Searching: George Benson: The Greatest Love Of All

	George Benson: The Greatest Love of All - 2015 GH Version

Searching: Bay City Rollers: The Way I Feel Tonight

	Bay City Rollers: The Way I Feel Tonight - Single Version

Searching: Commodores: Too Hot Ta Trot

	Commodores: Too Hot Ta Trot

Searching: Lou Rawls: Lady Love

	Lou Rawls: Lady Love

Searching: Heart: Heartless

	Heart: Heartless

Searching: Barry White: Oh What A Night For Dancing

	Barry White: Oh What A Night For Dancing

Searching: Billy Joel: Only The Good Die Young

	Billy Joel: Only the Good Die Young

Searching: Roberta Flack: If Ever I See You Again

	Roberta Flack: If Ever I See You Again

Searching: Dan Fogelberg/Tim Weisberg: The Power Of Gold
=========> Dan Fogelberg Tim Weisberg: Power Of Gold

	Dan Fogelberg: Power of Gold

Searching: Queen: Bicycle Race/Fat Bottomed Girls
=========> Queen: Bicycle Race Fat Bottomed Girls

	Queen: Queen Opener : We Will Rock You, Fat Bottomed Girls, Bicycle Race

Searching: Billy Joel: Honesty

	Billy Joel: Honesty

Searching: Blondie: One Way Or Another

	Blondie: One Way Or Another - Remastered

Searching: Spyro Gyra: Morning Dance

	Spyro Gyra: Morning Dance - Live In Lakevile / 1997

Searching: Bob Dylan: Gotta Serve Somebody

	Bob Dylan: Gotta Serve Somebody

Searching: Lauren Wood: Please Don't Leave
=========> Lauren Wood: Please Don t Leave

	Lauren Wood: Please Don't Leave

Searching: Al Stewart: Midnight Rocks

	Al Stewart: Midnight Rocks

Searching: Don Williams: I Believe In You

	Don Williams: I Believe In You

Searching: The Doobie Brothers: One Step Closer

	The Doobie Brothers: One Step Closer

Searching: Ronnie Milsap: Smoky Mountain Rain

	Ronnie Milsap: Smoky Mountain Rain

Searching: John O'Banion: Love You Like I Never Loved Before
=========> John O Banion: Love You Like I Never Loved Before

	John O'Banion: Love You Like I Never Loved Before

Searching: REO Speedwagon: Don't Let Him Go
=========> REO Speedwagon: Don t Let Him Go

	REO Speedwagon: Don't Let Him Go

Searching: The Steve Miller Band: Heart Like A Wheel
=========> Steve Miller Band: Heart Like A Wheel

	Steve Miller Band: Heart Like A Wheel

Searching: Franke & The Knockouts: Without You (Not Another Lonely Night)
=========> Franke: Without You

	Cimo Fränkel: Live Without You

Searching: The Gap Band: Early In The Morning

	The Gap Band: Early In The Morning - 12" Version

Searching: Aretha Franklin: Jump To It

	Aretha Franklin: Jump To It - Original Extended Version

Searching: The J. Geils Band: I Do
=========> The J  Geils Band: I Do

	The J. Geils Band: I Don't Need You No More

Searching: Kenny Loggins: Welcome To Heartlight

	 NOT FOUND

Searching: Bee Gees: The Woman In You

	Bee Gees: The Woman In You

Searching: Bryan Adams: This Time

	Bryan Adams: This Time

Searching: Re-flex: The Politics Of Dancing
=========> Re flex: The Politics Of Dancing

	Re-Flex: The Politics of Dancing

Searching: Yes: Leave It

	Yes: Leave It

Searching: Rebbie Jackson: Centipede

	Rebbie Jackson: Centipede

Searching: Billy Ocean: Mystery Lady

	Billy Ocean: Mystery Lady

Searching: Ta Mara & The Seen: Everybody Dance
=========> Ta Mara: Everybody Dance

	 NOT FOUND

Searching: Stevie Wonder: Overjoyed

	Stevie Wonder: Overjoyed

Searching: Andy Taylor: Take It Easy

	 NOT FOUND

Searching: Benjamin Orr: Stay The Night

	Benjamin Orr: Stay the Night

Searching: Corey Hart: Can't Help Falling In Love
=========> Corey Hart: Can t Help Falling In Love

	Corey Hart: Can't Help Falling In Love

Searching: The Church: Under The Milky Way

	The Church: Under the Milky Way

Searching: Brenda K. Starr: What You See Is What You Get
=========> Brenda K  Starr: What You See Is What You Get

	Brenda K. Starr: What You See Is What You Get

Searching: Eddie Money: The Love In Your Eyes

	Eddie Money: The Love In Your Eyes

Searching: Enya: Orinoco Flow (Sail Away)
=========> Enya: Orinoco Flow

	Enya: Orinoco Flow - 2009 Remaster

Searching: Michael Damian: Was It Nothing At All

	Michael Damian: Was It Nothing At All

Searching: The U-Krew: If U Were Mine
=========> U Krew: If U Were Mine

	 NOT FOUND

Searching: After 7: Nights Like This (From "The Five Heartbeats")
=========> After 7: Nights Like This

	After 7: Nights Like This

Searching: Bob Seger & The Silver Bullet Band: The Real Love
=========> Bob Seger   The Silver Bullet Band: The Real Love

	Bob Seger: The Real Love

Searching: Aerosmith: Amazing

	Aerosmith: Amazing

Searching: Phil Collins: Everyday

	Phil Collins: Everyday - 2015 Remastered

Searching: Faith Evans: You Used To Love Me

	Faith Evans: You Used to Love Me

Searching: Coolio: Too Hot

	Coolio: Too Hot

Searching: Chantay Savage: I Will Survive

	Chantay Savage: I Will Survive

Searching: Nonchalant: 5 O'Clock
=========> Nonchalant: 5 O Clock

	Nonchalant: 5 O'clock (Joe Quixx Remix)

Searching: Garbage: Stupid Girl

	Garbage: Stupid Girl

Searching: Bryan Adams: Let's Make A Night To Remember
=========> Bryan Adams: Let s Make A Night To Remember

	Bryan Adams: Let's Make A Night To Remember

Searching: Amber: This Is Your Night

	Amber: This Is Your Night

Searching: Michael Bolton: Go The Distance (From "Hercules")
=========> Michael Bolton: Go The Distance

	Michael Bolton: Go the Distance

Searching: Mary J. Blige: Everything
=========> Mary J  Blige: Everything

	Mary J. Blige: Everything

Searching: Big Punisher Featuring Joe: Still Not A Player
=========> Big Punisher: Still Not A Player

	Big Pun: Still Not a Player (feat. Joe) - Radio Version

Searching: Savage Garden: To The Moon And Back

	Savage Garden: To the Moon & Back

Searching: matchbox 20: Back 2 Good

	Matchbox Twenty: Back 2 Good

Searching: Martina McBride: I Love You

	Martina McBride: I'm Gonna Love You Through It

Searching: Sammie: I Like It

	Sammie: I Like It

Searching: Savage Garden: Crash And Burn

	Savage Garden: Crash and Burn

Searching: Goo Goo Dolls: Broadway

	The Goo Goo Dolls: Broadway

Searching: Mandy Moore: I Wanna Be With You

	Mandy Moore: I Wanna Be With You

Searching: Kandi: Don't Think I'm Not
=========> Kandi: Don t Think I m Not

	Kandi: Don't Think I'm Not

Searching: Musiq Soulchild: Love

	Musiq Soulchild: Love

Searching: Lonestar: I'm Already There
=========> Lonestar: I m Already There

	Lonestar: I'm Already There

Searching: Ludacris Featuring Nate Dogg: Area Codes
=========> Ludacris: Area Codes

	Ludacris: Area Codes

Searching: 3 Doors Down: Be Like That

	3 Doors Down: Be Like That

Searching: Floetry: Say Yes

	Floetry: Say Yes

Searching: Staind: So Far Away

	Staind: So Far Away

Searching: Simple Plan: Perfect

	Simple Plan: Perfect

Searching: Nick Cannon Featuring R. Kelly: Gigolo
=========> Nick Cannon: Gigolo

	Nick Cannon: Gigolo (feat. R. Kelly)

Searching: Keith Urban: You'll Think Of Me
=========> Keith Urban: You ll Think Of Me

	Keith Urban: You'll Think Of Me - Single Version

Searching: John Michael Montgomery: Letters From Home

	John Michael Montgomery: Letters from Home

Searching: Lloyd Featuring Ashanti: Southside
=========> Lloyd: Southside

	Lloyd: Southside

Searching: John Legend: Ordinary People

	John Legend: Ordinary People

Searching: Nelly Featuring Jung Tru & King Jacob: Errtime
=========> Nelly: Errtime

	Nelly: Errtime

Searching: Daddy Yankee: Rompe

	Daddy Yankee: Rompe

Searching: AFI: Miss Murder

	AFI: Miss Murder

Searching: Hilary Duff: With Love

	Hilary Duff: With Love

Searching: The Red Jumpsuit Apparatus: Face Down

	The Red Jumpsuit Apparatus: Face Down

Searching: Unk: 2 Step

	Unk: 2 Step

Searching: Avril Lavigne: When You're Gone
=========> Avril Lavigne: When You re Gone

	Avril Lavigne: When You're Gone

Searching: Keyshia Cole: I Remember

	Keyshia Cole: I Remember

Searching: 2 Pistols Featuring T-Pain & Tay Dizm: She Got It
=========> 2 Pistols: She Got It

	2 Pistols: She Got It

Searching: Daughtry: Feels Like Tonight

	Daughtry: Feels Like Tonight

Searching: Gavin DeGraw: In Love With A Girl

	Gavin DeGraw: In Love With a Girl

Searching: Jennifer Hudson: Spotlight

	Jennifer Hudson: Spotlight

Searching: John Legend Featuring Andre 3000: Green Light
=========> John Legend: Green Light

	John Legend: Green Light (feat. André 3000)

Searching: Ludacris Co-Starring T-Pain: One More Drink
=========> Ludacris Co Starring T Pain: One More Drink

	 NOT FOUND

Searching: David Cook: Permanent

	David Cook: Permanent

Searching: JAY-Z: D.O.A. (Death Of Auto-Tune)
=========> JAY Z: D O A

	JAY-Z: Dirt Off Your Shoulder

Searching: New Boyz: You're A Jerk
=========> New Boyz: You re A Jerk

	New Boyz: You're a Jerk

Searching: Usher Featuring Plies: Hey Daddy (Daddy's Home)
=========> Usher: Hey Daddy

	Usher: Hey Daddy (Daddy's Home)

Searching: Michael Buble: Haven't Met You Yet
=========> Michael Buble: Haven t Met You Yet

	Michael Bublé: Haven't Met You Yet

Searching: Lee DeWyze: Beautiful Day

	Lee DeWyze: Beautiful Day

Searching: Selena Gomez & The Scene: Round & Round
=========> Selena Gomez   The Scene: Round   Round

	Selena Gomez & The Scene: Round & Round

Searching: DJ Khaled Featuring T-Pain, Ludacris, Snoop Dogg & Rick Ross: All I Do Is Win
=========> DJ Khaled: All I Do Is Win

	DJ Khaled: All I Do Is Win (feat. T-Pain, Ludacris, Snoop Dogg & Rick Ross)

Searching: Paramore: The Only Exception

	Paramore: The Only Exception

Searching: will.i.am & Nicki Minaj: Check It Out
=========> will i am   Nicki Minaj: Check It Out

	will.i.am: Check It Out

Searching: Taio Cruz Featuring Travie McCoy: Higher
=========> Taio Cruz: Higher

	Taio Cruz: Higher

Searching: Keri Hilson: Pretty Girl Rock

	Keri Hilson: Pretty Girl Rock

Searching: Rihanna Featuring Chris Brown: Birthday Cake
=========> Rihanna: Birthday Cake

	Rihanna: Birthday Cake

Searching: 2 Chainz Featuring Drake: No Lie
=========> 2 Chainz: No Lie

	2 Chainz: No Lie

Searching: Enrique Iglesias Featuring Sammy Adams: Finally Found You
=========> Enrique Iglesias: Finally Found You

	Enrique Iglesias: Finally Found You

Searching: Blake Shelton: Sure Be Cool If You Did

	Blake Shelton: Sure Be Cool If You Did

Searching: Randy Houser: Runnin' Outta Moonlight
=========> Randy Houser: Runnin  Outta Moonlight

	Randy Houser: Runnin' Outta Moonlight

Searching: Phillip Phillips: Gone, Gone, Gone
=========> Phillip Phillips: Gone  Gone  Gone

	Phillip Phillips: Gone, Gone, Gone

Searching: Justin Bieber: All That Matters

	Justin Bieber: All That Matters

Searching: Paramore: Still Into You

	Paramore: Still into You

Searching: 5 Seconds Of Summer: She Looks So Perfect

	5 Seconds of Summer: She Looks So Perfect

Searching: Nicki Minaj: Pills N Potions

	Nicki Minaj: Pills N Potions

Searching: Shawn Mendes: Life Of The Party

	Shawn Mendes: Life Of The Party

Searching: 5 Seconds Of Summer: Everything I Didn't Say
=========> 5 Seconds Of Summer: Everything I Didn t Say

	5 Seconds of Summer: Everything I Didn't Say

Searching: Tinashe Featuring ScHoolboy Q: 2 On
=========> Tinashe: 2 On

	Tinashe: 2 On (feat. ScHoolboy Q)

Searching: Katy Perry: This Is How We Do

	Katy Perry: This Is How We Do

Searching: Carrie Underwood: Something In The Water

	Carrie Underwood: Something in the Water

Searching: Jordan Smith: Mary Did You Know

	Jordan Smith: Mary Did You Know - The Voice Performance

Searching: Ruth B: Lost Boy

	Ruth B.: Lost Boy

Searching: Fifth Harmony Featuring Fetty Wap: All In My Head (Flex)
=========> Fifth Harmony: All In My Head

	Fifth Harmony: All In My Head (Flex) (feat. Fetty Wap)

Searching: Calvin Harris: My Way

	Calvin Harris: My Way

Searching: Keith Urban: Blue Ain't Your Color
=========> Keith Urban: Blue Ain t Your Color

	Keith Urban: Blue Ain't Your Color

Searching: Martin Garrix & Bebe Rexha: In The Name Of Love
=========> Martin Garrix   Bebe Rexha: In The Name Of Love

	Martin Garrix: In the Name of Love

Searching: J. Cole: Ville Mentality
=========> J  Cole: Ville Mentality

	J. Cole: Ville Mentality

Searching: Lil Uzi Vert Featuring Nicki Minaj: The Way Life Goes
=========> Lil Uzi Vert: The Way Life Goes

	Lil Uzi Vert: The Way Life Goes (feat. Oh Wonder)

Searching: Lil Pump: Esskeetit

	Lil Pump: Esskeetit

Searching: Post Malone: Over Now

	Post Malone: Over Now

Searching: Maroon 5: Wait

	Maroon 5: Wait

Searching: Kanye West Featuring PARTYNEXTDOOR: Wouldn't Leave
=========> Kanye West: Wouldn t Leave

	Kanye West: Wouldn't Leave

Searching: Travis Scott: Carousel

	Travis Scott: CAROUSEL

Searching: Eminem Featuring Royce Da 5'9: Not Alike
=========> Eminem: Not Alike

	Eminem: Not Alike (feat. Royce Da 5'9)

Searching: Lil Uzi Vert: New Patek

	Lil Uzi Vert: New Patek

Searching: Lil Wayne Featuring Sosamann: What About Me
=========> Lil Wayne: What About Me

	Lil Wayne: What About Me (feat. Sosamann)

Searching: Dan + Shay: Speechless
=========> Dan   Shay: Speechless

	Dan + Shay: Speechless

Searching: Ellie Goulding X Diplo Featuring Swae Lee: Close To Me
=========> Ellie Goulding: Close To Me

	Ellie Goulding: Close To Me (with Diplo) (feat. Swae Lee)

Searching: Sam Smith: How Do You Sleep?
=========> Sam Smith: How Do You Sleep

	Sam Smith: How Do You Sleep?

Searching: Andy Williams: Happy Holiday / The Holiday Season
=========> Andy Williams: Happy Holiday   The Holiday Season

	Andy Williams: Happy Holiday / The Holiday Season

Searching: Justin Bieber Featuring Post Malone & Clever: Forever
=========> Justin Bieber: Forever

	Justin Bieber: Forever (feat. Post Malone & Clever)

Searching: Jhene Aiko Featuring H.E.R.: B.S.
=========> Jhene Aiko: B S

	Jhené Aiko: B.S.

Searching: The Weeknd: Scared To Live

	The Weeknd: Scared To Live

Searching: AJR: Bang!
=========> AJR: Bang

	AJR: Bang!
