Found 257/266 = 97%
9 not found: 
Frank Sinatra: Ol' Mac Donald
Dale Ward: Letter From Sherry
The Unifics: Court Of Love
Rufus Thomas: (Do The) Push And Pull Part I
Stevie Woods: Steal The Night
Bingo Boys Featuring Princessa: How To Dance
Mikaila: So In Love With Two
Dixie Chicks: Travelin' Soldier
Frankie J: More Than Words
--------- log -----------
Searching: Chuck Willis: What Am I Living For

	Chuck Willis: What Am I Living For [cached]

Searching: Bobby Hendricks: Itchy Twitchy Feeling

	Bobby Hendricks: Itchy Twitchy Feeling [cached]

Searching: Jimmy Clanton: A Letter To An Angel

	Jimmy Clanton: Letter to an Angel [cached]

Searching: Donnie Owens: Need You

	Donnie Owens: Need You [cached]

Searching: Ray Peterson: The Wonder Of You

	Ray Peterson: The Wonder Of You [cached]

Searching: Carl Mann: Mona Lisa

	Carl Mann: Mona Lisa [cached]

Searching: Tony Bellus: Robbin' The Cradle

	Tony Bellus: Robbin' the Cradle [cached]

Searching: Johnny And The Hurricanes: Reveille Rock

	Johnny & The Hurricanes: Reveille Rock - Remastered [cached]

Searching: Carl Dobkins, Jr.: Lucky Devil

	Carl Dobkins, Jr.: Lucky Devil [cached]

Searching: Fats Domino: Country Boy

	Fats Domino: Country Boy [cached]

Searching: Debbie Reynolds: Am I That Easy To Forget

	Debbie Reynolds: Am I That Easy to Forget? - from "Am I That Easy to Forget?" [cached]

Searching: Johnny Mathis: Starbright

	Johnny Mathis: Starbright [cached]

Searching: Frank Sinatra: Ol' Mac Donald
=========> Frank Sinatra: Ol  Mac Donald

	 NOT FOUND

Searching: Ricky Nelson: You Are The Only One

	Ricky Nelson: You Are The Only One - Remastered [cached]

Searching: Buddy Knox: Lovey Dovey

	Buddy Knox: Lovey Dovey [cached]

Searching: Johnny Tillotson: Jimmy's Girl

	Johnny Tillotson: Jimmy's Girl [cached]

Searching: The Vibrations: The Watusi

	The Vibrations: The Watusi [cached]

Searching: Maxine Brown: Funny

	Maxine Brown: Funny [cached]

Searching: Bill Black's Combo: Ole Buttermilk Sky

	Bill Black: Ole Buttermilk Sky [cached]

Searching: Jan & Dean: Heart And Soul

	Jan & Dean: Heart And Soul [cached]

Searching: Bobby Rydell: The Fish

	Bobby Rydell: The Fish [cached]

Searching: Jerry Butler: I'm A Telling You

	Jerry Butler: I'm A-Telling You [cached]

Searching: The Platters: I'll Never Smile Again

	The Platters: I'll Never Smile Again [cached]

Searching: The Halos: Nag

	The Halos: Nag [cached]

Searching: The Dave Brubeck Quartet: Take Five

	The Dave Brubeck Quartet: Take Five [cached]

Searching: Duals: Stick Shift

	The Duals: Stick Shift [cached]

Searching: The Flares: Foot Stomping - Part 1

	The Flares: Foot Stomping - Part 1 [cached]

Searching: Roy Orbison: Candy Man

	Roy Orbison: Candy Man [cached]

Searching: George Maharis: Teach Me Tonight

	George Maharis: Teach Me Tonight [cached]

Searching: Clyde McPhatter: Little Bitty Pretty One

	Clyde McPhatter: Little Bitty Pretty One [cached]

Searching: The Dovells: Hully Gully Baby

	The Dovells: Hully Gully Baby [cached]

Searching: Brian Hyland: Warmed Over Kisses (Left Over Love)

	Brian Hyland: Warmed Over Kisses (Left Over Love) [cached]

Searching: Roy Orbison: Léah

	Roy Orbison: Leah [cached]

Searching: The Pastel Six: The Cinnamon Cinder (It's A Very Nice Dance)

	The Pastel Six: The Cinnamon Cinder (It's a Very Nice Dance) [cached]

Searching: Etta James: Pushover

	Etta James: Pushover [cached]

Searching: Rick Nelson: String Along

	Ricky Nelson: String Along [cached]

Searching: Brenda Lee: I Wonder

	Brenda Lee: I Wonder [cached]

Searching: Chubby Checker: Twist It Up

	Chubby Checker: Twist It Up [cached]

Searching: Jay & The Americans: Only In America

	Jay & The Americans: Only In America [cached]

Searching: The Busters: Bust Out

	Cobra The Rapper: Peep Out These Busters [cached]

Searching: The Drifters: I'll Take You Home

	The Drifters: I'll Take You Home - Single Version [cached]

Searching: The Angels: I Adore Him

	The Dady Brothers: Intro to Hark the Herald Angels Sing [cached]

Searching: Cliff Richard: It's All In The Game

	Cliff Richard: It's All in the Game [cached]

Searching: Dale Ward: Letter From Sherry

	 NOT FOUND

Searching: The Sapphires: Who Do You Love

	The Sapphires: Who Do You Love [cached]

Searching: Brenda Lee: Think

	Brenda Lee: I'll Only Miss Him When I Think Of Him [cached]

Searching: Pete Drake And His Talking Steel Guitar: Forever

	Pete Drake: Forever [cached]

Searching: Lenny Welch: Ebb Tide

	Lenny Welch: Ebb Tide [cached]

Searching: Connie Francis: Be Anything (But Be Mine)

	Connie Francis: Be Anything (But Be Mine) [cached]

Searching: Terry Stafford: I'll Touch A Star

	Terry Stafford: I'll Touch a Star [cached]

Searching: The Beatles: I'll Cry Instead

	The Beatles: I'll Cry Instead - Remastered 2009 [cached]

Searching: The Beatles: Slow Down

	The Beatles: Slow Down - Remastered 2009 [cached]

Searching: Jan & Dean: Sidewalk Surfin'

	Jan & Dean: Sidewalk Surfin' - Remastered [cached]

Searching: The Marvelettes: Too Many Fish In The Sea

	The Marvelettes: Too Many Fish In The Sea - Single Version [cached]

Searching: Dean Martin: You're Nobody Till Somebody Loves You

	Dean Martin: You're Nobody Till Somebody Loves You [cached]

Searching: Buck Owens: I've Got A Tiger By The Tail

	Buck Owens: I've Got A Tiger By The Tail - 2006 Remastered Version [cached]

Searching: Brenda Holloway: When I'm Gone

	Brenda Holloway: When I'm Gone [cached]

Searching: Little Milton: We're Gonna Make It

	Little Milton: We're Gonna Make It [cached]

Searching: Perry Como: Dream On Little Dreamer

	Perry Como: Dream On, Little Dreamer (with The Anita Kerr Quartet) [cached]

Searching: Marvin Gaye: Pretty Little Baby

	Marvin Gaye: Pretty Little Baby - Single Version (Mono) [cached]

Searching: Roy Orbison: Ride Away

	Roy Orbison: Ride Away - Remastered 2015 [cached]

Searching: Jody Miller: Home Of The Brave

	Jody Miller: Home Of The Brave [cached]

Searching: Dino, Desi & Billy: Not The Lovin' Kind

	Dino, Desi & Billy: Not the Lovin' Kind - 2007 Remaster [cached]

Searching: Cher: Where Do You Go

	Cher: Where Do You Go [cached]

Searching: Ronnie Dove: Kiss Away

	Ronnie Dove: Kiss Away [cached]

Searching: Tom Jones: Thunderball

	Tom Jones: Thunderball - Live [cached]

Searching: Elvis Presley: Frankie And Johnny

	Elvis Presley: Frankie and Johnny [cached]

Searching: Gene Pitney: Backstage

	Gene Pitney: Backstage [cached]

Searching: Jay & The Americans: Crying

	Jay & The Americans: Crying [cached]

Searching: Simon & Garfunkel: The Dangling Conversation

	Simon & Garfunkel: The Dangling Conversation [cached]

Searching: Frank Sinatra: Summer Wind

	Frank Sinatra: Summer Wind [cached]

Searching: Brian Hyland: Run, Run, Look And See

	Brian Hyland: Run, Run, Look And See [cached]

Searching: Otis Redding: Try A Little Tenderness

	Otis Redding: Try a Little Tenderness [cached]

Searching: The Yellow Balloon: Yellow Balloon

	The Yellow Balloon: Yellow Balloon [cached]

Searching: James & Bobby Purify: Shake A Tail Feather

	James & Bobby Purify: Shake a Tail Feather [cached]

Searching: Tommy James And The Shondells: I Like The Way

	Tommy James & The Shondells: I Like the Way [cached]

Searching: Dean Martin: In The Chapel In The Moonlight

	Dean Martin: In the Chapel in the Moonlight [cached]

Searching: Martha & The Vandellas: Love Bug Leave My Heart Alone

	Martha Reeves & The Vandellas: Love Bug Leave My Heart Alone [cached]

Searching: Engelbert Humperdinck: The Last Waltz

	Engelbert Humperdinck: The Last Waltz [cached]

Searching: Ray Charles: Yesterday

	The Ray Charles Singers: Yesterday [cached]

Searching: The Doors: Love Me Two Times

	The Doors: Love Me Two Times [cached]

Searching: The Rolling Stones: She's A Rainbow

	The Rolling Stones: She's A Rainbow [cached]

Searching: Henson Cargill: Skip A Rope

	Henson Cargill: Skip a Rope [cached]

Searching: Otis Redding: The Happy Song (Dum-Dum)

	Otis Redding: The Happy Song (Dum-Dum) [cached]

Searching: Joe Simon: (You Keep Me) Hangin' On

	Joe Simon: (You Keep Me) Hangin' on [cached]

Searching: The Who: Magic Bus

	The Who: Magic Bus - Mono Edit [cached]

Searching: The Unifics: Court Of Love
=========> Unifics: Court Of Love

	 NOT FOUND

Searching: Jose Feliciano: Hi-Heel Sneakers

	José Feliciano: High Heel Sneakers [cached]

Searching: Kasenetz-Katz Singing Orchestral Circus: Quick Joey Small (Run Joey Run)

	Kasenetz-Katz Singing Orchestral Circus: Quick Joey Small (Run Joey Run) [cached]

Searching: The Impressions: This Is My Country

	The Impressions: This Is My Country [cached]

Searching: The 5th Dimension: California Soul

	The 5th Dimension: California Soul - Remastered 2000 [cached]

Searching: Spirit: I Got A Line On You

	Spirit: I Got A Line On You [cached]

Searching: Supremes & Temptations: I'll Try Something New

	Diana Ross & The Supremes: I'll Try Something New [cached]

Searching: The Band: Up On Cripple Creek

	The Band: Up On Cripple Creek [cached]

Searching: Jimmy Cliff: Wonderful World, Beautiful People

	Jimmy Cliff: Wonderful World, Beautiful People - Single Version [cached]

Searching: Gladys Knight And The Pips: You Need Love Like I Do (Don't You)

	Gladys Knight & The Pips: You Need Love Like I Do (Don't You?) [cached]

Searching: Wilson Pickett: Sugar Sugar/Cole, Cooke & Redding

	Wilson Pickett: Sugar Sugar [cached]

Searching: Mark Lindsay: Silver Bird

	Mark Lindsay: Silver Bird [cached]

Searching: Linda Ronstadt: Long Long Time

	Linda Ronstadt: Long Long Time [cached]

Searching: Tom Jones: Can't Stop Loving You

	Tom Jones: Can't Stop Loving You [cached]

Searching: Rufus Thomas: (Do The) Push And Pull Part I
=========> Rufus Thomas: Push And Pull Part I

	 NOT FOUND

Searching: Dawn: I Play And Sing

	Tony Orlando & Dawn: I Play And Sing - Digitally Remastered 1998 [cached]

Searching: Olivia Newton-John: If Not For You

	Olivia Newton-John: If Not For You - Live [cached]

Searching: Tommy Roe: Stagger Lee

	Tommy Roe: Stagger Lee [cached]

Searching: Addrisi Brothers: We've Got To Get It On Again

	The Addrisi Brothers: We've Got to Get It On Again [cached]

Searching: Creedence Clearwater Revival: Someday Never Comes

	Creedence Clearwater Revival: Someday Never Comes [cached]

Searching: David Cassidy: How Can I Be Sure

	David Cassidy: How Can I Be Sure [cached]

Searching: The Stylistics: People Make The World Go Round

	The Stylistics: People Make The World Go Round [cached]

Searching: Joni Mitchell: You Turn Me On, I'm A Radio

	Joni Mitchell: You Turn Me On, I'm a Radio [cached]

Searching: Alice Cooper: No More Mr. Nice Guy

	Alice Cooper: No More Mr. Nice Guy [cached]

Searching: Gilbert O'Sullivan: Ooh Baby

	Gilbert O'Sullivan: Ooh Baby [cached]

Searching: Black Oak Arkansas: Jim Dandy

	Black Oak Arkansas: Jim Dandy [cached]

Searching: Billy Joel: Piano Man

	Billy Joel: Piano Man [cached]

Searching: Ozark Mountain Daredevils: If You Wanna Get To Heaven

	The Ozark Mountain Daredevils: If You Wanna Get To Heaven [cached]

Searching: Kraftwerk: Autobahn

	Kraftwerk: Autobahn - 2009 Remaster [cached]

Searching: Tavares: Remember What I Told You To Forget/My Ship

	Tavares: Remember What I Told You To Forget [cached]

Searching: Linda Ronstadt: Tracks Of My Tears

	Linda Ronstadt: Tracks of My Tears [cached]

Searching: Waylon & Willie: Good Hearted Woman

	Waylon Jennings: Good Hearted Woman [cached]

Searching: Cyndi Grecco: Making Our Dreams Come True

	Cyndi Grecco: Making Our Dreams Come True (Theme From "Laverne & Shirley") [cached]

Searching: Carpenters: I Need To Be In Love

	Carpenters: I Need To Be In Love [cached]

Searching: Natalie Cole: Sophisticated Lady (She's A Different Lady)

	Natalie Cole: Sophisticated Lady (She's A Different Lady) [cached]

Searching: Diana Ross: One Love In My Lifetime

	Diana Ross: One Love In My Lifetime [cached]

Searching: George Harrison: This Song

	George Harrison: This Song - Remastered 2004 [cached]

Searching: Smokie: Living Next Door To Alice

	Smokie: Living Next Door to Alice [cached]

Searching: Enchantment: Gloria

	Enchantment: Gloria [cached]

Searching: Deniece Williams: Free

	Deniece Williams: Free [cached]

Searching: Shalamar: Uptown Festival (Part 1)

	Shalamar: Uptown Festival - Medley [cached]

Searching: Waylon Jennings: Luckenbach, Texas (Back To The Basics Of Love)

	Waylon Jennings: Luckenbach, Texas (Back to the Basics of Love) [cached]

Searching: KISS: Christine Sixteen

	KISS: Christine Sixteen [cached]

Searching: Meco: Theme From Close Encounters

	Meco: Theme From Close Encounters [cached]

Searching: Andrew Gold: Thank You For Being A Friend

	Andrew Gold: Thank You for Being a Friend [cached]

Searching: Barbra Streisand: Songbird

	Barbra Streisand: Songbird [cached]

Searching: Wings: I've Had Enough

	Wings: I've Had Enough - Remastered 1993 [cached]

Searching: Rita Coolidge: You

	Rita Coolidge: (Your Love Has Lifted Me) Higher And Higher [cached]

Searching: Village People: Macho Man

	Village People: Macho Man [cached]

Searching: Teddy Pendergrass: Close The Door

	Teddy Pendergrass: Close the Door [cached]

Searching: Dolly Parton: Baby I'm Burnin'

	Dolly Parton: Baby I'm Burnin' [cached]

Searching: Anne Murray: Shadows In The Moonlight

	Anne Murray: Shadows In The Moonlight [cached]

Searching: The Doobie Brothers: Dependin' On You

	The Doobie Brothers: Dependin' on You [cached]

Searching: Kermit (Jim Henson): Rainbow Connection

	Kermit: Rainbow Connection - From "The Muppet Movie"/Soundtrack Version [cached]

Searching: Commodores: Wonderland

	Commodores: Wonderland [cached]

Searching: The Dirt Band: Make A Little Magic

	Nitty Gritty Dirt Band: Make A Little Magic [cached]

Searching: Jim Photoglo: Fool In Love With You

	Jim Photoglo: Fool In Love With You [cached]

Searching: Diesel: Sausalito Summernight

	Diesel: Sausalito Summernight [cached]

Searching: Stevie Woods: Steal The Night
=========> Stevie Woods: Steal Night

	 NOT FOUND

Searching: Dr. Hook: Baby Makes Her Blue Jeans Talk

	Dr. Hook: Baby Makes Her Blue Jeans Talk [cached]

Searching: Mike Post: Theme From Magnum P.i.

	Mike Post & Larry Carlton: Theme from Magnum, P. I. (feat. Larry Carlton) [cached]

Searching: Donnie Iris: My Girl

	Donnie Iris: My Girl [cached]

Searching: The Rolling Stones: Going To A Go-Go

	The Rolling Stones: Going To A Go-Go - Live / Remastered 2009 [cached]

Searching: Kim Wilde: Kids In America

	Kim Wilde: Kids In America [cached]

Searching: Juice Newton: Heart Of The Night

	Juice Newton: Heart Of The Night [cached]

Searching: ABC: Poison Arrow

	ABC: Poison Arrow [cached]

Searching: Stephen Bishop: It Might Be You

	Stephen Bishop: It Might Be You [cached]

Searching: Jeffrey Osborne: Don't You Get So Mad

	Jeffrey Osborne: Don't You Get So Mad / Really Don't Need No Light [cached]

Searching: Elton John: Kiss The Bride

	Elton John: Kiss The Bride [cached]

Searching: Jackson Browne: Tender Is The Night

	Jackson Browne: Tender Is the Night [cached]

Searching: Sheena Easton: Almost Over You

	Sheena Easton: Almost Over You [cached]

Searching: Scorpions: Rock You Like A Hurricane

	Scorpions: Rock You Like a Hurricane - 2015 - Remaster [cached]

Searching: 38 Special: Teacher Teacher

	38 Special: Teacher, Teacher [cached]

Searching: Dan Hartman: We Are The Young

	Dan Hartman: We Are the Young [cached]

Searching: The Honeydrippers: Rockin' At Midnight

	The Honeydrippers: Rockin' at Midnight - 2006 Remaster [cached]

Searching: Prince And The Revolution Duet With Apollonia: Take Me With U

	Prince: Take Me with U [cached]

Searching: John Waite: Every Step Of The Way

	John Waite: Every Step Of The Way [cached]

Searching: Starpoint: Object Of My Desire

	Starpoint: Object of My Desire [cached]

Searching: Freddie Jackson: He'll Never Love You (Like I Do)

	Freddie Jackson: He'll Never Love You (Like I Do) [cached]

Searching: Talking Heads: Wild Wild Life

	Talking Heads: Wild Wild Life - 2005 Remaster [cached]

Searching: Miami Sound Machine: Falling In Love (Uh-Oh)

	Miami Sound Machine: Falling In Love (Uh-Oh) [cached]

Searching: Alexander O'Neal: Fake

	Alexander O'Neal: Fake [cached]

Searching: Timothy B. Schmit: Boys Night Out

	Timothy B. Schmit: Boys Night Out [cached]

Searching: Robert Plant: Tall Cool One

	Robert Plant: Tall Cool One - 2006 Remaster [cached]

Searching: Huey Lewis & The News: Small World

	Huey Lewis & The News: I Want a New Drug / Small World [cached]

Searching: Barbra Streisand & Don Johnson: Till I Loved You

	Barbra Streisand: Till I Loved You (feat. Don Johnson) [cached]

Searching: Maxi Priest: Wild World

	Maxi Priest: Wild World [cached]

Searching: The Outfield: Voices Of Babylon

	The Outfield: Voices Of Babylon [cached]

Searching: Roachford: Cuddly Toy (Feel For Me)

	Roachford: Cuddly Toy [cached]

Searching: Paul McCartney: My Brave Face

	Paul McCartney: My Brave Face - Remastered 2017 [cached]

Searching: Martika: I Feel The Earth Move

	Martika: I Feel the Earth Move [cached]

Searching: George LaMond: Bad Of The Heart

	George Lamond: Bad of the Heart [cached]

Searching: The Adventures Of Stevie V: Dirty Cash (Money Talks)

	The Adventures Of Stevie V: Dirty Cash (Money Talks) - Sold Out 7 Inch Mix [cached]

Searching: Bingo Boys Featuring Princessa: How To Dance
=========> Bingo Boys: How To Dance

	 NOT FOUND

Searching: Riff: My Heart Is Failing Me

	Riff: My Heart Is Failing Me [cached]

Searching: Styx: Love At First Sight

	Styx: Love At First Sight [cached]

Searching: Robbie Nevil: Just Like You

	Robbie Nevil: Just Like You [cached]

Searching: Jodeci: Forever My Lady

	Jodeci: Forever My Lady [cached]

Searching: Das EFX: They Want EFX

	Das EFX: They Want EFX [cached]

Searching: Kenny G With Peabo Bryson: By The Time This Night Is Over

	Kenny G: By the Time This Night Is Over (with Peabo Bryson) [cached]

Searching: Tears For Fears: Break It Down Again

	Tears For Fears: Break It Down Again [cached]

Searching: Gin Blossoms: Hey Jealousy

	Gin Blossoms: Hey Jealousy [cached]

Searching: Phil Collins: Both Sides Of The Story

	Phil Collins: Both Sides Of The Story - 2015 Remastered [cached]

Searching: Gin Blossoms: Found Out About You

	Gin Blossoms: Found Out About You [cached]

Searching: Jodeci: Feenin'

	Jodeci: Feenin' [cached]

Searching: Melissa Etheridge: Come To My Window

	Melissa Etheridge: Come To My Window [cached]

Searching: Rednex: Cotton Eye Joe

	Rednex: Cotton Eye Joe [cached]

Searching: Tim McGraw: I Like It, I Love It

	Tim McGraw: I Like It, I Love It [cached]

Searching: AZ: Sugar Hill

	AZ: Sugar Hill [cached]

Searching: Jon B: Pretty Girl

	Jon B.: Pretty Girl [cached]

Searching: Brandy, Tamia, Gladys Knight & Chaka Khan: Missing You (From "Set It Off")

	Brandy: Missing You [cached]

Searching: The Blackout Allstars: I Like It

	The Blackout Allstars: I Like It (Like That) (feat. Ray Barretto, Sheila E., Tito Nieves, Tito Puente, Paquito D'Rivera, Dave Valentin & Grover Washington, Jr.) - Radio Mix [cached]

Searching: Ray J: Let It Go (From "Set It Off")

	Ray J: Let It Go [cached]

Searching: 10,000 Maniacs: More Than This

	10,000 Maniacs: More Than This [cached]

Searching: Master P Featuring Pimp C And The Shocker: I Miss My Homies

	Master P: I Miss My Homies [cached]

Searching: Shania Twain: Love Gets Me Every Time

	Shania Twain: Love Gets Me Every Time [cached]

Searching: INOJ/LATHUN: Love You Down

	INOJ: Love You Down [cached]

Searching: SWV: Rain

	SWV: Rain [cached]

Searching: Imajin Featuring Keith Murray: Shorty (You Keep Playin' With My Mind)

	Imajin: Shorty - Remix [cached]

Searching: Citizen King: Better Days (And The Bottom Drops Out)

	Citizen King: Better Days (And the Bottom Drops Out) [cached]

Searching: Backstreet Boys: Larger Than Life

	Backstreet Boys: Larger Than Life [cached]

Searching: Will Smith Featuring K-Ci: Will 2K

	Will Smith: Will 2K (feat. K-Ci) [cached]

Searching: D'Angelo: Untitled (How Does It Feel)

	D'Angelo: Untitled (How Does It Feel) [cached]

Searching: Dr. Dre Featuring Eminem: Forgot About Dre

	Dr. Dre: Forgot About Dre [cached]

Searching: Jo Dee Messina: That's The Way

	Jo Dee Messina: That's The Way [cached]

Searching: Mikaila: So In Love With Two

	 NOT FOUND

Searching: Brooks & Dunn: Ain't Nothing 'Bout You

	Brooks & Dunn: Ain't Nothing 'Bout You [cached]

Searching: Tim McGraw: Grown Men Don't Cry

	Tim McGraw: Grown Men Don't Cry [cached]

Searching: Smash Mouth: I'm A Believer

	Smash Mouth: I'm A Believer [cached]

Searching: Fabolous Featuring Nate Dogg: Can't Deny It

	Fabolous: Can't Deny It (feat. Nate Dogg) [cached]

Searching: Petey Pablo: Raise Up

	Petey Pablo: Raise Up [cached]

Searching: Jewel: Standing Still

	Jewel: Standing Still [cached]

Searching: Aaliyah: More Than A Woman

	Aaliyah: More Than A Woman [cached]

Searching: Toby Keith: Courtesy Of The Red, White And Blue (The Angry American)

	Toby Keith: Courtesy Of The Red, White And Blue (The Angry American) [cached]

Searching: Dru Hill: I Should Be...

	Dru Hill: I Should Be... [cached]

Searching: Gary Allan: Man To Man

	Gary Allan: Man To Man - Album Version/Remix [cached]

Searching: Dixie Chicks: Travelin' Soldier
=========> Dixie Chicks: Travelin  Soldier

	 NOT FOUND

Searching: Brooks & Dunn: Red Dirt Road

	Brooks & Dunn: Red Dirt Road [cached]

Searching: Twista Featuring R. Kelly: So Sexy

	Twista: So Sexy (feat. R. Kelly) [cached]

Searching: Eminem, Dr. Dre & 50 Cent: Encore

	Eminem: Encore [cached]

Searching: Frankie J: More Than Words

	 NOT FOUND

Searching: Janet & Nelly: Call On Me

	Janet Jackson: Call On Me [cached]

Searching: Christina Aguilera: Candyman

	Christina Aguilera: Candyman [cached]

Searching: Hannah Montana: Life's What You Make It

	Hannah Montana: Life's What You Make It [cached]

Searching: Good Charlotte: I Don't Wanna Be In Love (Dance Floor Anthem)

	Good Charlotte: I Don't Wanna Be In Love (Dance Floor Anthem) [cached]

Searching: Jonas Brothers: When You Look Me In The Eyes

	Jonas Brothers: When You Look Me In The Eyes [cached]

Searching: Eminem Featuring Dr. Dre: Old Time's Sake

	Eminem: Old Time's Sake [cached]

Searching: Zac Brown Band: Toes

	Zac Brown Band: Toes [cached]

Searching: John Mayer: Half Of My Heart

	John Mayer: Half of My Heart [cached]

Searching: Cascada: Evacuate The Dancefloor

	Cascada: Evacuate The Dancefloor [cached]

Searching: Lady Antebellum: American Honey

	Lady A: American Honey [cached]

Searching: Usher: There Goes My Baby

	Usher: There Goes My Baby [cached]

Searching: Drake Featuring T.I. & Swizz Beatz: Fancy

	Drake: Fancy [cached]

Searching: Coldplay: Christmas Lights

	Coldplay: Christmas Lights [cached]

Searching: Gym Class Heroes Featuring Ryan Tedder: The Fighter

	Gym Class Heroes: The Fighter (feat. Ryan Tedder) [cached]

Searching: Cassadee Pope: Over You

	Cassadee Pope: Over You - The Voice Performance [cached]

Searching: The Script Featuring will.i.am: Hall Of Fame

	The Script: Hall of Fame (feat. will.i.am) [cached]

Searching: Olly Murs Featuring Flo Rida: Troublemaker

	Olly Murs: Troublemaker (feat. Flo Rida) [cached]

Searching: Emeli Sande: Next To Me

	Emeli Sandé: Next To Me [cached]

Searching: Robin Thicke Featuring Kendrick Lamar: Give It 2 U

	Robin Thicke: Give It 2 U [cached]

Searching: Thomas Rhett: It Goes Like This

	Thomas Rhett: It Goes Like This [cached]

Searching: Rihanna: What Now

	Rihanna: What Now [cached]

Searching: Coldplay: Hymn For The Weekend

	Coldplay: Hymn for the Weekend [cached]

Searching: Calvin Harris Featuring Frank Ocean & Migos: Slide

	Calvin Harris: Slide (feat. Frank Ocean & Migos) [cached]

Searching: Nicki Minaj: Barbie Tingz

	Nicki Minaj: Barbie Tingz [cached]

Searching: Travis Scott: Yosemite

	Travis Scott: YOSEMITE [cached]

Searching: 6ix9ine Featuring Bobby Shmurda: STOOPID

	6ix9ine: STOOPID [cached]

Searching: Ariana Grande: Ghostin

	Ariana Grande: ghostin [cached]

Searching: Lee Brice: Rumor

	Lee Brooks: Rumor [cached]

Searching: Ed Sheeran Featuring Chance The Rapper & PnB Rock: Cross Me

	Ed Sheeran: Cross Me (feat. Chance the Rapper & PnB Rock) [cached]

Searching: Lil Uzi Vert: Prices

	Lil Uzi Vert: Prices [cached]

Searching: The Weeknd: Hardest To Love

	The Weeknd: Hardest To Love [cached]

Searching: Rod Wave: Heart On Ice

	Rod Wave: Heart On Ice [cached]

Searching: Drake Featuring Chris Brown: Not You Too

	Drake: Not You Too (feat. Chris Brown) [cached]

Searching: Chris Stapleton: Starting Over

	Chris Stapleton: Starting Over [cached]

Searching: Morgan Wallen: Somebody's Problem

	Morgan Wallen: Somebody’s Problem [cached]

Searching: J. Cole: the.climb.back

	Jermaine World: The Climb Back [cached]

Searching: Kali Uchis: Telepatia

	Kali Uchis: telepatía [cached]

Searching: Drake Featuring Lil Wayne & Rick Ross: You Only Live Twice
=========> Drake: You Only Live Twice

	Drake: You Only Live Twice (with Lil Wayne & Rick Ross)

Searching: Farruko: Pepas

	Farruko: Pepas [cached]
