Found 247/259 = 95%
12 not found: 
Duane Eddy His Twangy Guitar And The Rebels: Bonnie Came Back
Bob Braun: Till Death Do Us Part
Steve Lawrence: Walking Proud
Underground Sunshine: Birthday
Five Man Electrical Band: Absolutely Right
Coven: One Tin Soldier, The Legend of Billy Jack
The Hudson Brothers: Rendezvous
Ringo Starr: A Dose Of Rock 'N' Roll
Eddy Grant: Romancing The Stone
M.C. Hammer: Pumps And A Bump
Aaron Hall: All The Places (I Will Kiss You)
Jimmy Cozier: She's All I Got
--------- log -----------
Searching: Billy Vaughn And His Orchestra: La Paloma

	Billy Vaughn: La Paloma [cached]

Searching: The Jamies: Summertime, Summertime

	The Jamies: Summertime, Summertime [cached]

Searching: Eileen Rodgers: Treasure Of Your Love

	Eileen Rodgers: Treasure of Your Love [cached]

Searching: The Nu Tornados: Philadelphia U.S.A.

	Nu Tornados: Philadelphia U.S.A. [cached]

Searching: Sam Cooke: Love You Most Of All

	Sam Cooke: Love You Most Of All [cached]

Searching: Tommy Edwards: My Melancholy Baby

	Tommy Edwards: My Melancholy Baby [cached]

Searching: The Skyliners: This I Swear

	The Skyliners: This I Swear [cached]

Searching: Ronnie Hawkins and The Hawks: Mary Lou

	Ronnie Hawkins: Mary Lou [cached]

Searching: Royal Teens: Believe Me

	Royal Teens: Believe Me [cached]

Searching: Duane Eddy His Twangy Guitar And The Rebels: Bonnie Came Back
=========> Duane Eddy His Twangy Guitar: Bonnie Came Back

	 NOT FOUND

Searching: Marty Robbins: Big Iron

	Marty Robbins: Big Iron [cached]

Searching: Conway Twitty: What Am I Living For

	Conway Twitty: What Am I Living for [cached]

Searching: Garry Mills: Look For A Star - Part I

	Garry Mills: Look For A Star [cached]

Searching: Johnny Bond: Hot Rod Lincoln

	Johnny Bond: Hot Rod Lincoln [cached]

Searching: Frankie Avalon: Togetherness

	Frankie Avalon: Togetherness [cached]

Searching: Skeeter Davis: My Last Date (With You)

	Skeeter Davis: My Last Date (With You) [cached]

Searching: Jerry Wallace: There She Goes

	Jerry Wallace: There She Goes [cached]

Searching: Rochell And The Candles With Johnny Wyatt: Once Upon A Time

	Rochell & The Candles: Once Upon a Time [cached]

Searching: Elvis Presley With The Jordanaires: Wild In The Country

	Elvis Presley: Wild In the Country [cached]

Searching: The Velvets featuring Virgil Johnson: Tonight (Could Be The Night)

	The Velvets: Tonight (Could Be the Night) [cached]

Searching: Hank Ballard And The Midnighters: The Switch-A-Roo

	Hank Ballard: The Switch-A-Roo [cached]

Searching: Connie Francis: Baby's First Christmas

	Connie Francis: Baby's First Christmas [cached]

Searching: Bill Black's Combo: Twist-Her

	Bill Black's Combo: Yogi (Twist) [cached]

Searching: Jimmy Dean: To A Sleeping Beauty

	Jimmy Dean: To a Sleeping Beauty [cached]

Searching: Frankie Avalon: You Are Mine

	Frankie Avalon: You Are Mine [cached]

Searching: Roy Orbison: The Crowd

	Roy Orbison: The Crowd - with The Royal Philharmonic Orchestra [cached]

Searching: Bob Braun: Till Death Do Us Part

	 NOT FOUND

Searching: Paul Anka: Love (Makes the World Go 'round)

	Paul Anka: Puppy Love - Remix [cached]

Searching: Steve Lawrence: Don't Be Afraid, Little Darlin'

	Steve Lawrence: Don't Be Afraid Little Darling - Remastered [cached]

Searching: Andy Williams: Days Of Wine And Roses

	Andy Williams: Days of Wine and Roses [cached]

Searching: Neil Sedaka: Let's Go Steady Again

	Neil Sedaka: Let's Go Steady Again [cached]

Searching: The Shirelles: Don't Say Goodnight And Mean Goodbye

	The Shirelles: Don't Say Goodnight And Mean Goodbye [cached]

Searching: Darlene Love: Wait Til' My Bobby Gets Home

	Darlene Love: Wait Til' My Bobby Gets Home [cached]

Searching: Little Peggy March: Hello Heartache, Goodbye Love

	Little Peggy March: Hellow Heartache, Goodbye Love - Remastered [cached]

Searching: Steve Lawrence: Walking Proud

	 NOT FOUND

Searching: Garnet Mimms & The Enchanters: For Your Precious Love

	Garnet Mimms & The Enchanters: For Your Precious Love [cached]

Searching: The Beatles With Tony Sheridan: My Bonnie (My Bonnie Lies Over The Ocean)

	The Beatles: My Bonnie - Anthology 1 Version [cached]

Searching: The Vibrations: My Girl Sloopy

	The Vibrations: My Girl Sloopy - Live At The Uptown Philadelphia 1964 [cached]

Searching: Rick Nelson: The Very Thought Of You

	Ricky Nelson: The Very Thought Of You [cached]

Searching: Rita Pavone: Remember Me

	Rita Pavone: Remember Me - Dance [cached]

Searching: Cilla Black: You're My World

	Cilla Black: You're My World (Il Mio Mondo) - Alternate Take [cached]

Searching: The Rolling Stones: It's All Over Now

	The Rolling Stones: It's All Over Now - Mono Version [cached]

Searching: The Temptations: Girl (Why You Wanna Make Me Blue)

	The Temptations: My Girl [cached]

Searching: Marianne Faithfull: Come And Stay With Me

	Marianne Faithfull: Come And Stay With Me [cached]

Searching: Billy Stewart: I Do Love You

	Billy Stewart: Sitting In The Park [cached]

Searching: Sam The Sham and the Pharaohs: Ju Ju Hand

	Sam The Sham & The Pharaohs: Ju Ju Hand - Single Version [cached]

Searching: Johnny Rivers: Where Have All The Flowers Gone

	Johnny Rivers: Where Have All The Flowers Gone [cached]

Searching: The Five Americans: I See The Light

	The Five Americans: I See the Light (Rerecord) [cached]

Searching: Roger Miller: Husbands And Wives

	Roger Miller: Husbands And Wives [cached]

Searching: Len Barry: Somewhere

	Len Barry: Somewhere [cached]

Searching: Bobby Fuller Four: Love's Made A Fool Of You

	The Bobby Fuller Four: Love's Made a Fool of You [cached]

Searching: Walter Wanderley: Summer Samba (So Nice)

	Walter Wanderley: Summer Samba [cached]

Searching: Nino Tempo & April Stevens: All Strung Out

	Nino Tempo & April Stevens: All Strung Out [cached]

Searching: Dionne Warwick: I Just Don't Know What To Do With Myself

	Dionne Warwick: I Just Don't Know What to Do with Myself [cached]

Searching: Margaret Whiting: The Wheel Of Hurt

	Margaret Whiting: Somewhere There's Love [cached]

Searching: The Sopwith "Camel": Hello Hello

	Sopwith Camel: Hello, Hello [cached]

Searching: Otis & Carla: Tramp

	Otis Redding: Tramp [cached]

Searching: Petula Clark: The Cat In The Window (The Bird In The Sky)

	Petula Clark: The Cat In The Window (The Bird In The Sky) [cached]

Searching: The Mamas & The Papas: Glad To Be Unhappy

	The Mamas & The Papas: Glad To Be Unhappy - Single Version [cached]

Searching: Glen Campbell: By The Time I Get To Phoenix

	Glen Campbell: By The Time I Get To Phoenix - Remastered 2001 [cached]

Searching: Nancy Sinatra & Lee Hazlewood: Some Velvet Morning

	Nancy Sinatra: Some Velvet Morning [cached]

Searching: Madeline Bell: I'm Gonna Make You Love Me

	Madeline Bell: I'm Gonna Make You Love Me [cached]

Searching: Donovan: Jennifer Juniper

	Donovan: Jennifer Juniper [cached]

Searching: The Box Tops: Choo Choo Train

	The Box Tops: Choo Choo Train - Mono Single Version [cached]

Searching: The Intruders: (Love Is Like A) Baseball Game

	The Intruders: Love Is Like a Baseball Game [cached]

Searching: The Temptations: Please Return Your Love To Me

	The Temptations: Please Return Your Love To Me [cached]

Searching: Smokey Robinson & The Miracles: Special Occasion

	Smokey Robinson & The Miracles: Special Occasion [cached]

Searching: Betty Everett: There'll Come A Time

	Betty Everett: There'll Come A Time [cached]

Searching: Glen Campbell: Where's The Playground Susie

	Glen Campbell: Where's The Playground Susie - Remastered 2001 [cached]

Searching: Underground Sunshine: Birthday

	 NOT FOUND

Searching: The Rascals: Carry Me Back

	The Rascals: Carry Me Back [cached]

Searching: Kenny Rogers & The First Edition: Reuben James

	Kenny Rogers & The First Edition: Reuben James [cached]

Searching: The Flaming Ember: Mind, Body and Soul

	Flaming Ember: Mind Body And Soul [cached]

Searching: Stevie Wonder: Never Had A Dream Come True

	Stevie Wonder: Never Had A Dream Come True [cached]

Searching: B.J. Thomas: Everybody's Out Of Town

	B.J. Thomas: Everybody's Out Of Town [cached]

Searching: Canned Heat: Let's Work Together

	Canned Heat: Let's Work Together - Long Version / Bonus Track [cached]

Searching: Edwin Starr: Stop The War Now

	Edwin Starr: Stop The War Now [cached]

Searching: The Chi-lites: (For God's Sake) Give More Power To The People

	The Chi-Lites: (For God's Sake) Give More Power To The People [cached]

Searching: Tom Jones: Puppet Man/Resurrection Shuffle

	Tom Jones: Puppet Man [cached]

Searching: Kris Kristofferson: Loving Her Was Easier (Than Anything I'll Ever Do Again)

	Kris Kristofferson: Loving Her Was Easier (Than Anything I'll Ever Do Again) [cached]

Searching: Five Man Electrical Band: Absolutely Right

	 NOT FOUND

Searching: Coven: One Tin Soldier, The Legend of Billy Jack
=========> Coven: One Tin Soldier  Legend of Billy Jack

	 NOT FOUND

Searching: Mickey Newbury: An American Trilogy

	Mickey Newbury: An American Trilogy [cached]

Searching: Aretha Franklin: All The Kings Horses

	Aretha Franklin: All the King's Horses [cached]

Searching: Alice Cooper: Elected

	Alice Cooper: Elected [cached]

Searching: The Hollies: Long Dark Road

	The Hollies: Long Dark Road - 1999 Remaster [cached]

Searching: James Brown: The Payback - Part I

	James Brown: The Payback, Part I [cached]

Searching: Lamont Dozier: Fish Ain't Bitin'

	Lamont Dozier: Fish Ain't Bitin' [cached]

Searching: Tower Of Power: Don't Change Horses (In The Middle Of A Stream)

	Tower Of Power: Don't Change Horses (In the Middle of a Stream) [cached]

Searching: Eric Clapton: Willie And The Hand Jive

	Eric Clapton: Willie And The Hand Jive [cached]

Searching: Cat Stevens: Ready

	Yusuf / Cat Stevens: Ready [cached]

Searching: Gordon Lightfoot: Rainy Day People

	Gordon Lightfoot: Rainy Day People [cached]

Searching: The Temptations: Shakey Ground

	The Temptations: Shakey Ground [cached]

Searching: Smokey Robinson: Baby That's Backatcha

	Smokey Robinson: Baby That's Backatcha [cached]

Searching: The Hudson Brothers: Rendezvous
=========> Hudson Brothers: Rendezvous

	 NOT FOUND

Searching: 5000 Volts: I'm On Fire

	5000 Volts: I'm On Fire [cached]

Searching: George Baker Selection: Paloma Blanca

	George Baker Selection: Paloma Blanca [cached]

Searching: Ringo Starr: A Dose Of Rock 'N' Roll
=========> Ringo Starr: A Dose Of Rock  N  Roll

	 NOT FOUND

Searching: Dean Friedman: Ariel

	Dean Friedman: Ariel [cached]

Searching: Bee Gees: Edge Of The Universe

	Bee Gees: Edge Of The Universe [cached]

Searching: Steely Dan: Josie

	Steely Dan: Josie [cached]

Searching: Talking Heads: Take Me To The River

	Talking Heads: Take Me to the River - 2005 Remaster [cached]

Searching: Gonzalez: Haven't Stopped Dancing Yet

	Gonzalez: I Haven't Stopped Dancing Yet (Bounus Track Hit Single Version) [cached]

Searching: Herbie Mann: Superman

	Herbie Mann: Superman [cached]

Searching: Tycoon: Such A Woman

	Tycoon: Such a Woman [cached]

Searching: Blackfoot: Highway Song

	Blackfoot: Highway Song [cached]

Searching: Cheap Trick: Dream Police

	Cheap Trick: Dream Police [cached]

Searching: Styx: Why Me

	Styx: Why Me [cached]

Searching: Toto: 99

	TOTO: 99 [cached]

Searching: The Rolling Stones: She's So Cold

	The Rolling Stones: She's So Cold - Remastered [cached]

Searching: Robbie Patton: Don't Give It Up

	Robbie Patton: Don't Give It Up [cached]

Searching: Stacy Lattisaw: Love On A Two Way Street

	Stacy Lattisaw: Love on a Two Way Street [cached]

Searching: Genesis: Abacab

	Genesis: Abacab - 2007 Digital Remaster [cached]

Searching: Skyy: Call Me

	Skyy: Call Me [cached]

Searching: Foreigner: Juke Box Hero

	Foreigner: Juke Box Hero [cached]

Searching: Loverboy: When It's Over

	Loverboy: When It's Over - Remastered 2006 [cached]

Searching: Foreigner: Break It Up

	Foreigner: Break It Up [cached]

Searching: REO Speedwagon: Sweet Time

	REO Speedwagon: Sweet Time [cached]

Searching: Donald Fagen: I.g.y. (what A Beautiful World)

	Donald Fagen: I.G.Y. [cached]

Searching: Saga: On The Loose

	Saga: On The Loose [cached]

Searching: Barry Manilow: Some Kind Of Friend

	Barry Manilow: Some Kind of Friend [cached]

Searching: A Flock Of Seagulls: Wishing (If I Had A Photograph Of You)

	A Flock Of Seagulls: Wishing (If I Had a Photograph of You) [cached]

Searching: Deborah Allen: Baby I Lied

	Deborah Allen: Baby I Lied [cached]

Searching: Tina Turner: Let's Stay Together

	Tina Turner: Let's Stay Together - 2015 Remaster [cached]

Searching: Laid Back: White Horse

	Laid Back: White Horse [cached]

Searching: Rick Springfield: Don't Walk Away

	Rick Springfield: Don't Walk Away [cached]

Searching: Eddy Grant: Romancing The Stone
=========> Eddy Grant: Romancing Stone

	 NOT FOUND

Searching: Sammy Hagar: I Can't Drive 55

	Sammy Hagar: I Can't Drive 55 [cached]

Searching: Eric Clapton: Forever Man

	Eric Clapton: Forever Man - 2015 Remaster [cached]

Searching: Rick Springfield: Celebrate Youth

	Rick Springfield: Celebrate Youth [cached]

Searching: The Beach Boys: Getcha Back

	The Beach Boys: Getcha Back [cached]

Searching: Corey Hart: Boy In The Box

	Corey Hart: Boy In The Box [cached]

Searching: Orchestral Manoeuvres In The Dark: So In Love

	Orchestral Manoeuvres In The Dark: So In Love [cached]

Searching: Pete Townshend: Face The Face

	Pete Townshend: Face The Face [cached]

Searching: Cherrelle With Alexander O'Neal: Saturday Love

	Cherrelle: Saturday Love [cached]

Searching: Starship: Tomorrow Doesn't Matter Tonight

	Starship: Tomorrow Doesn't Matter Tonight [cached]

Searching: Peter Gabriel: In Your Eyes (Theme From "Say Anything")

	Peter Gabriel: In Your Eyes [cached]

Searching: 'Til Tuesday: What About Love

	'Til Tuesday: What About Love [cached]

Searching: Psychedelic Furs: Heartbreak Beat

	The Psychedelic Furs: Heartbreak Beat [cached]

Searching: Bryan Adams: Hearts On Fire

	Bryan Adams: Hearts On Fire [cached]

Searching: Laura Branigan: Power Of Love

	Laura Branigan: Power of Love [cached]

Searching: Basia: Time And Tide

	Basia: Time and Tide [cached]

Searching: Vixen: Edge Of A Broken Heart

	Vixen: Edge Of A Broken Heart [cached]

Searching: Ivan Neville: Not Just Another Girl

	Ivan Neville: Not Just Another Girl [cached]

Searching: Winger: Seventeen

	Winger: Seventeen [cached]

Searching: Real Life: Send Me An Angel '89

	Real Life: Send Me An Angel '89 [cached]

Searching: The 2 Live Crew: Me So Horny

	2 LIVE CREW: Me So Horny [cached]

Searching: Salt-N-Pepa: Expression

	Salt-N-Pepa: Expression [cached]

Searching: Bell Biv DeVoe: B.B.D. (I Thought It Was Me)?

	Bell Biv DeVoe: B.B.D. (I Thought It Was Me)? [cached]

Searching: Debbie Gibson: Anything Is Possible

	Debbie Gibson: Anything Is Possible [cached]

Searching: Monie Love Featuring True Image: It's A Shame (My Sister)

	Monie Love: It's a Shame (My Sister) [cached]

Searching: The Black Crowes: Hard To Handle

	The Black Crowes: Hard To Handle [cached]

Searching: Stacy Earl: Love Me All Up

	Stacy Earl: Love Me All Up [cached]

Searching: The Storm: I've Got A Lot To Learn About Love

	The Storm: I've Got A Lot To Learn About Love [cached]

Searching: RTZ: Until Your Love Comes Back Around

	Rtz: Until Your Love Comes Back Around [cached]

Searching: Lidell Townsell: Nu Nu

	Lidell Townsell: Nu Nu - Radio Apella [cached]

Searching: Vanessa Williams: Just For Tonight

	Vanessa Williams: Just For Tonight [cached]

Searching: Michael Jackson: Jam

	Michael Jackson: Jam [cached]

Searching: Dan Baird: I Love You Period

	Dan Baird and Homemade Sin: I Love You Period [cached]

Searching: Silk: Girl U For Me/Lose Control

	Silk: Girl U for Me [cached]

Searching: Gabrielle: Dreams

	Gabrielle: Dreams [cached]

Searching: Joshua Kadison: Jessie

	Joshua Kadison: Jessie [cached]

Searching: M.C. Hammer: Pumps And A Bump
=========> M C  Hammer: Pumps And A Bump

	 NOT FOUND

Searching: Aretha Franklin: Willing To Forgive

	Aretha Franklin: Willing to Forgive [cached]

Searching: Ahmad: Back In The Day

	Ahmad Lewis: Back in the Day - Remix [cached]

Searching: Firehouse: I Live My Life For You

	Firehouse: I Live My Life for You [cached]

Searching: Da Brat: Give It 2 You

	Da Brat: Give It 2 You [cached]

Searching: Planet Soul: Set U Free

	Planet Soul: Set U Free [cached]

Searching: LeAnn Rimes: Blue

	LeAnn Rimes: Blue [cached]

Searching: Whitney Houston: Why Does It Hurt So Bad (From "Waiting To Exhale")

	Whitney Houston: Why Does It Hurt So Bad - from Waiting to Exhale - Original Soundtrack [cached]

Searching: U2: Staring At The Sun

	U2: Staring At The Sun [cached]

Searching: K-Ci & JoJo: You Bring Me Up

	K-Ci & JoJo: You Bring Me Up [cached]

Searching: The Notorious B.I.G.: Going Back To Cali

	The Notorious B.I.G.: Going Back to Cali - 2014 Remaster [cached]

Searching: Aretha Franklin: A Rose Is Still A Rose

	Aretha Franklin: A Rose Is Still a Rose [cached]

Searching: Luke Featuring No Good But So Good: Raise The Roof

	Luke: Raise the Roof [cached]

Searching: Cleopatra: Cleopatra's Theme

	Cleopatra: Cleopatra's Theme [cached]

Searching: Aaron Hall: All The Places (I Will Kiss You)
=========> Aaron Hall: All Places

	 NOT FOUND

Searching: Ice Cube Featuring Mr. Short Khop: Pushin' Weight

	Ice Cube: Pushin' Weight [cached]

Searching: Vengaboys: We Like To Party!

	Vengaboys: We like to Party! (The Vengabus) Six Flags [cached]

Searching: Q-Tip: Vivrant Thing

	Q-Tip: Vivrant Thing - Club Mix [cached]

Searching: Eve: Gotta Man

	Eve: Gotta Man [cached]

Searching: Da Brat Featuring Tyrese: What'Chu Like

	Da Brat: What'chu Like (feat. Tyrese) [cached]

Searching: Son By Four: Purest Of Pain (A Puro Dolor)

	Son By Four: Purest of Pain - English Version [cached]

Searching: Avant Featuring KeKe Wyatt: My First Love

	Avant: My First Love [cached]

Searching: Jaheim: Could It Be

	Jaheim: Could It Be - Anything You Want Remix [cached]

Searching: QB Finest Featuring Nas & Bravehearts: Oochie Wally

	QB Finest: Oochie Wally [cached]

Searching: Kenny Chesney: Don't Happen Twice

	Kenny Chesney: Don't Happen Twice [cached]

Searching: Jimmy Cozier: She's All I Got
=========> Jimmy Cozier: She s All I Got

	 NOT FOUND

Searching: Luther Vandross: Take You Out

	Luther Vandross: Take You Out - Radio Edit [cached]

Searching: Cyndi Thomson: What I Really Meant To Say

	Cyndi Thomson: What I Really Meant To Say [cached]

Searching: Busta Rhymes: Break Ya Neck

	Busta Rhymes: Break Ya Neck [cached]

Searching: Toby Keith: My List

	Toby Keith: My List [cached]

Searching: Tim McGraw: Unbroken

	Tim McGraw: Unbroken [cached]

Searching: Tracy Byrd: Ten Rounds With Jose Cuervo

	Tracy Byrd: Ten Rounds with Jose Cuervo - Recall Mix [cached]

Searching: Bone Crusher Featuring Killer Mike & T.I.: Never Scared

	Bone Crusher: Never Scared (feat. Killer Mike & T.I.) - Club Mix [cached]

Searching: Toby Keith: I Love This Bar

	Toby Keith: I Love This Bar [cached]

Searching: Kenny Chesney & Uncle Kracker: When The Sun Goes Down

	Kenny Chesney: When the Sun Goes Down [cached]

Searching: Beenie Man Featuring Ms. Thing: Dude

	Beenie Man: Dude [cached]

Searching: LL Cool J Featuring 7 Aurelius: Hush

	LL Cool J: Hush [cached]

Searching: Kanye West Featuring Adam Levine: Heard 'Em Say

	Kanye West: Heard 'Em Say [cached]

Searching: Gavin DeGraw: We Belong Together

	Gavin DeGraw: We Belong Together [cached]

Searching: The White Stripes: Icky Thump

	The White Stripes: Icky Thump [cached]

Searching: Ne-Yo: Do You

	YoungBoy Never Broke Again: Green Dot [cached]

Searching: Lifehouse: First Time

	Lifehouse: First Time [cached]

Searching: Paramore: Misery Business

	Paramore: Misery Business [cached]

Searching: Santana Featuring Chad Kroeger: Into The Night

	Santana: Into the Night (feat. Chad Kroeger) [cached]

Searching: Jesse McCartney Featuring Ludacris: How Do You Sleep?

	Jesse McCartney: How Do You Sleep? - Radio Edit Remix [cached]

Searching: Zac Brown Band: Whatever It Is

	Zac Brown Band: Whatever It Is [cached]

Searching: Taylor Swift: Superstar

	Taylor Swift: SuperStar [cached]

Searching: Justin Bieber: Favorite Girl

	Justin Bieber: Favorite Girl [cached]

Searching: Birdman Featuring Lil Wayne & Drake: Money To Blow

	Birdman: Money To Blow - Street Version [cached]

Searching: Glee Cast Featuring Neil Patrick Harris: Dream On

	Glee Cast: Dream On (Glee Cast Version) (feat. Neil Patrick Harris) [cached]

Searching: Glee Cast: The Only Exception

	Glee Cast: The Only Exception (Glee Cast Version) [cached]

Searching: Tim McGraw: Felt Good On My Lips

	Tim McGraw: Felt Good On My Lips - Live Video Version [cached]

Searching: Nicki Minaj: Right Thru Me

	Nicki Minaj: Right Thru Me [cached]

Searching: Chris Brown Featuring Justin Bieber: Next To You

	Chris Brown: Next To You (feat. Justin Bieber) [cached]

Searching: New Boyz Featuring The Cataracs & Dev: Backseat

	New Boyz: Backseat (feat. The Cataracs & Dev) [cached]

Searching: Taylor Swift: Superman

	Taylor Swift: Superman [cached]

Searching: Glee Cast Featuring 2Cellos: Smooth Criminal

	Glee Cast: Smooth Criminal (Glee Cast Version) (feat. 2CELLOS) [cached]

Searching: Glee Cast: Somebody That I Used To Know

	Glee Cast: Somebody That I Used To Know (Glee Cast Version) [cached]

Searching: Havana Brown Featuring Pitbull: We Run The Night

	Havana Brown: We Run The Night [cached]

Searching: Gary Allan: Every Storm (Runs Out Of Rain)

	Gary Allan: Every Storm (Runs Out Of Rain) [cached]

Searching: Kendrick Lamar Featuring Drake: Poetic Justice

	Kendrick Lamar: Poetic Justice [cached]

Searching: Zach Sobiech: Clouds

	Zach Sobiech: Clouds [cached]

Searching: Jason Aldean: Night Train

	Jason Aldean: Night Train [cached]

Searching: Keith Urban And Miranda Lambert: We Were Us

	Keith Urban: We Were Us [cached]

Searching: Jason Derulo: Marry Me

	Jason Derulo: Marry Me [cached]

Searching: Lil Wayne Featuring Drake: Believe Me

	Lil Wayne: Believe Me [cached]

Searching: PSY Featuring Snoop Dogg: Hangover

	PSY: Hangover [cached]

Searching: Jake Owen: Beachin'

	Jake Owen: Beachin' [cached]

Searching: Demi Lovato Featuring Cher Lloyd: Really Don't Care

	Demi Lovato: Really Don't Care [cached]

Searching: Jimmy Fallon Featuring will.i.am: EW!

	Jimmy Fallon: EW! [cached]

Searching: Pentatonix: Mary, Did You Know?

	Pentatonix: Mary, Did You Know? [cached]

Searching: Drake: Energy

	Drake: Energy [cached]

Searching: Trey Songz: Slow Motion

	Trey Songz: Slow Motion [cached]

Searching: Luke Bryan: Kick The Dust Up

	Luke Bryan: Kick The Dust Up [cached]

Searching: Rich Homie Quan: Flex (Ooh Ooh Ooh)

	Rich Homie Quan: Flex (Ooh, Ooh, Ooh) [cached]

Searching: Sam Hunt: House Party

	Sam Hunt: House Party [cached]

Searching: Bryson Tiller: Exchange

	Bryson Tiller: Exchange [cached]

Searching: Kungs vs Cookin' On 3 Burners: This Girl

	Kungs: This Girl (Kungs Vs. Cookin' On 3 Burners) [cached]

Searching: Adele: Water Under The Bridge

	Adele: Water Under the Bridge [cached]

Searching: Rae Sremmurd: Swang

	Rae Sremmurd: Swang [cached]

Searching: Kane Brown Featuring Lauren Alaina: What Ifs

	Kane Brown: What Ifs (feat. Lauren Alaina) [cached]

Searching: The Weeknd: Try Me

	The Weeknd: Try Me [cached]

Searching: Calvin Harris & Dua Lipa: One Kiss

	Calvin Harris: One Kiss (with Dua Lipa) [cached]

Searching: Travis Scott: R.I.P Screw

	Travis Scott: R.I.P. SCREW [cached]

Searching: Lil Wayne Featuring Nicki Minaj: Dark Side Of The Moon

	Lil Wayne: Dark Side Of The Moon (feat. Nicki Minaj) [cached]

Searching: Future & Juice WRLD: Fine China

	Future: Fine China [cached]

Searching: Bazzi Featuring Camila Cabello: Beautiful

	Bazzi: Beautiful (feat. Camila Cabello) [cached]

Searching: Ariana Grande: Fake Smile

	Ariana Grande: fake smile [cached]

Searching: Nipsey Hussle Featuring Roddy Ricch & Hit-Boy: Racks In The Middle

	Nipsey Hussle: Racks in the Middle (feat. Roddy Ricch and Hit-Boy) [cached]

Searching: City Girls: Act Up

	City Girls: Act Up [cached]

Searching: Halsey: You Should Be Sad

	Halsey: You should be sad [cached]

Searching: Lil Uzi Vert & 21 Savage: Yessirskiii

	Lil Uzi Vert: Yessirskiii [cached]

Searching: Black Eyed Peas X J Balvin: RITMO (Bad Boys For Life)

	Black Eyed Peas: RITMO (Bad Boys For Life) [cached]

Searching: Sam Hunt: Hard To Forget

	Sam Hunt: Hard To Forget [cached]

Searching: Miranda Lambert: Bluebird

	Miranda Lambert: Bluebird [cached]

Searching: Taylor Swift: Mirrorball

	Taylor Swift: mirrorball [cached]

Searching: 21 Savage & Metro Boomin Featuring Young Thug: Rich N*gga Sh*t

	21 Savage: Rich N*gga Sh*t (feat. Young Thug) [cached]
