Found 263/282 = 93%
19 not found: 
Duane Eddy His Twangy Guitar And The Rebels: Ramrod
The Exotic Sounds of Martin Denny: The Enchanted Sea
Valjean on Piano: Theme From Ben Casey
SSgt Barry Sadler: The "A" Team
The Kingpins: Ode To Billie Joe
Bobby Russell: Saturday Morning Confusion
Bullet: White Lies, Blue Eyes
Celebration featuring Mike Love: Almost Summer
James Last Band: The Seduction (Love Theme)
Fred Knoblock & Susan Anton: Killin' Time
Eddie Schwartz: All Our Tomorrows
Randy Meisner: Never Been In Love
Tami Show: The Truth
Jeremy Jordan: Wannagirl
Andy Griggs: You Won't Ever Be Lonely
JAY-Z: Jigga My N****
Zac Efron, Andrew Seeley & Vanessa Anne Hudgens: Start Of Something New
David Cook: The World I Know
XXXTENTACION Featuring Trippie Redd: F**k Love
--------- log -----------
Searching: Jimmie Rodgers: Secretly

	Jimmie Rodgers: Secretly [cached]

Searching: Duane Eddy His Twangy Guitar And The Rebels: Ramrod
=========> Duane Eddy His Twangy Guitar: Ramrod

	 NOT FOUND

Searching: Jack Scott: With Your Love

	Jack Scott: With Your Love [cached]

Searching: The Cadillacs: Peek-A-Boo

	The Cadillacs: Peek A Boo [cached]

Searching: Conway Twitty: The Story Of My Love

	Conway Twitty: The Story Of My Love [cached]

Searching: The Crests: Six Nights A Week

	The Crests: Six Nights a Week - Rerecorded [cached]

Searching: Billy Storm: I've Come Of Age

	Billy Storm: I’ve Come of Age [cached]

Searching: Sam Cooke: Only Sixteen

	Sam Cooke: Only Sixteen [cached]

Searching: Tommy Facenda: High School U.S.A.

	Tommy Facenda: High School U.S.A. [cached]

Searching: The Exotic Sounds of Martin Denny: The Enchanted Sea
=========> Exotic Sounds of Martin Denny: Enchanted Sea

	 NOT FOUND

Searching: The Fleetwoods: Outside My Window

	The Fleetwoods: Outside My Window [cached]

Searching: Jessie Hill: Ooh Poo Pah Doo - Part II

	Jessie Hill: Ooh Poo Pah Doo Part II [cached]

Searching: Freddy Cannon: Jump Over

	Freddy Cannon: Jump Over [cached]

Searching: Hank Ballard And The Midnighters: The Twist

	Hank Ballard: The Twist [cached]

Searching: The Innocents: Honest I Do

	The Innocents: Honest I Do [cached]

Searching: Neil Sedaka: Run Samson Run

	Neil Sedaka: Run Samson Run [cached]

Searching: Ray Charles: Ruby

	Cletus Charles Ray: Ruby Don't Take Your Love To Town [cached]

Searching: The Innocents: Gee Whiz

	The Innocents: Gee Whiz [cached]

Searching: Billy Vaughn And His Orchestra: Wheels

	Billy Vaughn: Wheels [cached]

Searching: Brook Benton: For My Baby

	Brook Benton: For My Baby [cached]

Searching: The Regents: Runaround

	The Regents: Runaround [cached]

Searching: Del Shannon: So Long Baby

	Del Shannon: So Long Baby [cached]

Searching: Gary U.S. Bonds: School Is In

	Gary U.S. Bonds: School Is In [cached]

Searching: Bobby Bland: Turn On Your Love Light

	Bobby "Blue" Bland: Turn On Your Love Light [cached]

Searching: The Drifters: When My Little Girl Is Smiling

	The Drifters: When My Little Girl Is Smiling - Single Version [cached]

Searching: Valjean on Piano: Theme From Ben Casey

	 NOT FOUND

Searching: The Belmonts: Come On Little Angel

	The Belmonts: Come on Little Angel [cached]

Searching: Trade Martin: That Stranger Used To Be My Girl

	Trade Martin: That Stranger Used to Be My Girl [cached]

Searching: Duane Eddy and the Rebelettes: Boss Guitar

	Duane Eddy: Boss Guitar [cached]

Searching: Brook Benton: I Got What I Wanted

	Brook Benton: I Got What I Wanted [cached]

Searching: Jan & Dean: Linda

	Jan & Dean: Linda [cached]

Searching: Steve & Eydie: I Want To Stay Here

	Steve Lawrence: I Just Want to Stay Here and Love You [cached]

Searching: Connie Francis: Your Other Love

	Connie Francis: Your Other Love [cached]

Searching: Gloria Lynne: I Wish You Love

	Gloria Lynne: I Wish You Love [cached]

Searching: The Rip Chords: Three Window Coupe

	The Rip Chords: Three Window Coupe [cached]

Searching: The 4 Seasons: Alone

	Frankie Valli & The Four Seasons: Alone [cached]

Searching: Andy Williams: On The Street Where You Live

	Andy Williams: On the Street Where You Live - Single Version [cached]

Searching: Unit Four plus Two: Concrete And Clay

	Unit 4 + 2: Concrete And Clay [cached]

Searching: Solomon Burke: Tonight's The Night

	Solomon Burke: Tonight's the Night [cached]

Searching: Lee Dorsey: Ride Your Pony

	Lee Dorsey: Ride Your Pony [cached]

Searching: Gene Pitney: Looking Through The Eyes Of Love

	Gene Pitney: Looking Through The Eyes Of Love [cached]

Searching: Frank Sinatra: It Was A Very Good Year

	Frank Sinatra: It Was A Very Good Year [cached]

Searching: SSgt Barry Sadler: The "A" Team
=========> SSgt Barry Sadler: A  Team

	 NOT FOUND

Searching: The Dave Clark Five: Please Tell Me Why

	The Dave Clark Five: Please Tell Me Why - 2019 - Remaster [cached]

Searching: The Grass Roots: Where Were You When I Needed You

	The Grass Roots: Where Were You When I Needed You - 1967 Version [cached]

Searching: Barbara Lewis: Make Me Belong To You

	Barbara Lewis: Make Me Belong to You [cached]

Searching: Herb Alpert & The Tijuana Brass: Flamingo

	Herb Alpert & The Tijuana Brass: Flamingo [cached]

Searching: Gerry And The Pacemakers: Girl On A Swing

	Gerry & The Pacemakers: Girl On a Swing - 2008 - Remaster [cached]

Searching: Eddie Floyd: Knock On Wood

	Eddie Floyd: Knock on Wood [cached]

Searching: The Hollies: Pay You Back With Interest

	The Hollies: Pay You Back With Interest - Mono; 1999 Remaster [cached]

Searching: The Kingpins: Ode To Billie Joe
=========> Kingpins: Ode To Billie Joe

	 NOT FOUND

Searching: James Brown And The Famous Flames: I Can't Stand Myself (When You Touch Me)

	James Brown: I Can't Stand Myself (When You Touch Me) [cached]

Searching: Diana Ross & The Supremes: Forever Came Today

	Diana Ross & The Supremes: Forever Came Today [cached]

Searching: Elvis Presley With The Jordanaires: U.S. Male

	Elvis Presley: U.S. Male [cached]

Searching: Ray Stevens: Mr. Businessman

	Ray Stevens: Mr. Businessman [cached]

Searching: B.J. Thomas: The Eyes Of A New York Woman

	B.J. Thomas: The Eyes of a New York Woman [cached]

Searching: The Grass Roots: Bella Linda

	The Grass Roots: Bella Linda [cached]

Searching: The Box Tops: Sweet Cream Ladies, Forward March

	The Box Tops: Sweet Cream Ladies, Forward March - Digitally Remastered: 1996 [cached]

Searching: Cream: Crossroads

	Cream: Crossroads - Live [cached]

Searching: Aretha Franklin: I Can't See Myself Leaving You

	Aretha Franklin: I Can't See Myself Leaving You [cached]

Searching: Johnny Adams: Reconsider Me

	Johnny Adams: Reconsider Me [cached]

Searching: Crosby, Stills & Nash: Marrakesh Express

	Crosby, Stills & Nash: Marrakesh Express [cached]

Searching: Wind: Make Believe

	Wind: Make Believe [cached]

Searching: Lawrence Reynolds: Jesus Is A Soul Man

	Lawrence Reynolds: Jesus Is a Soul Man [cached]

Searching: Rufus Thomas: Do The Funky Chicken

	Rufus Thomas: Do The Funky Chicken [cached]

Searching: El Chicano: Viva Tirado - Part I

	El Chicano: Viva Tirado [cached]

Searching: The Impressions: Check Out Your Mind

	The Impressions: Check Out Your Mind [cached]

Searching: Bread: Let Your Love Go

	Bread: Let Your Love Go [cached]

Searching: Johnnie Taylor: Jody's Got Your Girl And Gone

	Johnnie Taylor: Jody's Got Your Girl And Gone [cached]

Searching: Yvonne Elliman: I Don't Know How To Love Him

	Yvonne Elliman: I Don't Know How To Love Him - From "Jesus Christ Superstar" Soundtrack [cached]

Searching: The Rolling Stones: Wild Horses

	The Rolling Stones: Wild Horses - 2009 Mix [cached]

Searching: Bobby Russell: Saturday Morning Confusion

	 NOT FOUND

Searching: The 8th Day: You've Got To Crawl (Before You Walk)

	The 8th Day: You've Got to Crawl (Before You Walk) [cached]

Searching: Van Morrison: Wild Night

	Van Morrison: Wild Night [cached]

Searching: Bullet: White Lies, Blue Eyes
=========> Bullet: White Lies  Blue Eyes

	 NOT FOUND

Searching: Wings: Mary Had A Little Lamb/Little Woman Love

	Wings: Mary Had A Little Lamb - 2018 Remaster [cached]

Searching: The Partridge Family Starring Shirley Jones Featuring David Cassidy: Breaking Up Is Hard To Do

	The Partridge Family: Breaking up Is Hard to Do [cached]

Searching: Ronnie Dyson: One Man Band (Plays All Alone)

	Ronnie Dyson: One Man Band (Plays All Alone) - Single Version [cached]

Searching: Jackson 5: Hallelujah Day

	The Jackson 5: Hallelujah Day [cached]

Searching: First Choice: Armed And Extremely Dangerous

	First Choice: Armed and Extremely Dangerous [cached]

Searching: Jeanne Pruett: Satin Sheets

	Jeanne Pruett: Satin Sheets [cached]

Searching: Gladys Knight And The Pips: Where Peaceful Waters Flow

	Gladys Knight & The Pips: Where Peaceful Waters Flow [cached]

Searching: Carole King: You Light Up My Life/Believe In Humanity

	Carole King: You Light Up My Life [cached]

Searching: Jackson 5: Get It Together

	The Jackson 5: Get It Together [cached]

Searching: Merle Haggard: If We Make It Through December

	Merle Haggard: If We Make It Through December [cached]

Searching: B.B. King: I Like To Live The Love

	B.B. King: I Like To Live The Love [cached]

Searching: Eddie Kendricks: Son Of Sagittarius

	Eddie Kendricks: Son Of Sagittarius [cached]

Searching: Marvin Gaye: Distant Lover

	Marvin Gaye: Distant Lover [cached]

Searching: Andy Kim: Fire, Baby I'm On Fire

	Andy Kim: Fire Baby, I'm On Fire [cached]

Searching: The Guess Who: Dancin' Fool

	The Guess Who: Dancin' Fool - Remastered [cached]

Searching: Barbara Mason: From His Woman To You

	Barbara Mason: From His Woman to You [cached]

Searching: David Bowie: Young Americans

	David Bowie: Young Americans - 2016 Remaster [cached]

Searching: Hot Chocolate: Disco Queen

	Hot Chocolate: Disco Queen [cached]

Searching: Al Green: Full Of Fire

	Al Green: Full of Fire [cached]

Searching: Carole King: Only Love Is Real

	Carole King: Only Love Is Real [cached]

Searching: Elvis Presley: Hurt/for The Heart

	Elvis Presley: Hurt [cached]

Searching: Bay City Rollers: Rock And Roll Love Letter

	Bay City Rollers: Rock and Roll Love Letter [cached]

Searching: Aretha Franklin: Something He Can Feel

	Aretha Franklin: Something He Can Feel [cached]

Searching: Little River Band: It's A Long Way There

	Little River Band: It's A Long Way There - 2010 Digital Remaster [cached]

Searching: Elton John: Bite Your Lip (Get up and dance!)

	Elton John: Bite Your Lip (Get Up And Dance!) [cached]

Searching: The Jacksons: Show You The Way To Go

	The Jacksons: Show You the Way to Go [cached]

Searching: Daryl Hall John Oates: Back Together Again

	Daryl Hall & John Oates: Back Together Again [cached]

Searching: Maynard Ferguson: Gonna Fly Now (Theme From "Rocky")

	Maynard Ferguson: Gonna Fly Now [cached]

Searching: Kenny Rogers: Daytime Friends

	Kenny Rogers: Daytime Friends [cached]

Searching: Seals & Crofts: My Fair Share

	Seals and Crofts: My Fair Share (The Love Them from "One on One") [cached]

Searching: Kansas: Point Of Know Return

	Kansas: Point of Know Return [cached]

Searching: Rod Stewart: Hot Legs

	Rod Stewart: Hot Legs [cached]

Searching: Rubicon: I'm Gonna Take Care Of Everything

	Rubicon: I'm Gonna Take Care of Everything [cached]

Searching: Celebration featuring Mike Love: Almost Summer
=========> Celebration: Almost Summer

	 NOT FOUND

Searching: Funkadelic: One Nation Under A Groove - Part I

	Funkadelic: One Nation Under a Groove (2015 Remaster - Album Version) [cached]

Searching: Gerry Rafferty: Home And Dry

	Gerry Rafferty: Home and Dry [cached]

Searching: Bob Seger & The Silver Bullet Band: Old Time Rock & Roll

	Bob Seger: Old Time Rock & Roll [cached]

Searching: James Taylor: Up On The Roof

	James Taylor: Up On The Roof [cached]

Searching: John Stewart: Midnight Wind

	John Stewart: Midnight Wind [cached]

Searching: John Cougar: I Need A Lover

	John Mellencamp: I Need A Lover [cached]

Searching: The O'Jays: Forever Mine

	The O'Jays: Forever Mine [cached]

Searching: James Last Band: The Seduction (Love Theme)
=========> James Last Band: Seduction

	 NOT FOUND

Searching: The Whispers: Lady

	The Night Flight Orchestra: Lady Jade [cached]

Searching: Fred Knoblock & Susan Anton: Killin' Time
=========> Fred Knoblock: Killin  Time

	 NOT FOUND

Searching: Elvis Presley: Guitar Man

	Elvis Presley: Trouble / Guitar Man - Live from the '68 Comeback Special [cached]

Searching: The Whispers: It's A Love Thing

	The Whispers: It's A Love Thing [cached]

Searching: Quincy Jones: Ai No Corrida (I-No-Ko-ree-da)

	Quincy Jones: Ai No Corrida [cached]

Searching: Pure Prairie League: Still Right Here In My Heart

	Pure Prairie League: Still Right Here In My Heart [cached]

Searching: Kim Carnes: Draw Of The Cards

	Kim Carnes: Draw Of The Cards [cached]

Searching: Eddie Schwartz: All Our Tomorrows

	 NOT FOUND

Searching: Stars On: Stars on 45 III

	Stars On 45: 'Stars On' Theme - Original Single Edit [cached]

Searching: Leslie Pearl: If The Love Fits Wear It

	Leslie Pearl: If The Love Fits Wear It [cached]

Searching: Randy Meisner: Never Been In Love

	 NOT FOUND

Searching: The Who: Athena

	The Who: Athena [cached]

Searching: Jefferson Starship: Be My Lady

	Jefferson Starship: Be My Lady [cached]

Searching: Oxo: Whirly Girl

	OXO: Whirly Girl [cached]

Searching: Jim Capaldi: That's Love

	Jim Capaldi: That's Love [cached]

Searching: Men At Work: Dr. Heckyll & Mr. Jive

	Men At Work: Dr. Heckyll & Mr. Jive [cached]

Searching: Def Leppard: Foolin'

	Def Leppard: Foolin' [cached]

Searching: Pretenders: Show Me

	Pretenders: Show Me - 2007 Remaster [cached]

Searching: The Firm: Radioactive

	The Firm: Radioactive [cached]

Searching: Supertramp: Cannonball

	Supertramp: Cannonball [cached]

Searching: UB40: I Got You Babe

	UB40: I Got You Babe [cached]

Searching: Pat Benatar: Sex As A Weapon

	Pat Benatar: Sex As A Weapon [cached]

Searching: Marilyn Martin: Night Moves

	Marilyn Martin: Night Moves [cached]

Searching: Simple Minds: All The Things She Said

	Simple Minds: All The Things She Said [cached]

Searching: The Rolling Stones: One Hit (To The Body)

	The Rolling Stones: One Hit (To The Body) - Remastered [cached]

Searching: John Mellencamp: Rumbleseat

	John Mellencamp: Rumbleseat [cached]

Searching: Simply Red: Money$ Too Tight (To Mention)

	Simply Red: Money's Too Tight (To Mention) - 2008 Remaster [cached]

Searching: Nu Shooz: Point Of No Return

	Nu Shooz: Point of No Return [cached]

Searching: Aretha Franklin: Jimmy Lee

	Aretha Franklin: Jimmy Lee [cached]

Searching: Alexander O'Neal Featuring Cherrelle: Never Knew Love Like This

	Alexander O'Neal: Never Knew Love Like This [cached]

Searching: Paul Carrack: One Good Reason

	Paul Carrack: One Good Reason [cached]

Searching: Kylie Minogue: I Should Be So Lucky

	Kylie Minogue: I Should Be So Lucky [cached]

Searching: The Escape Club: Shake For The Sheik

	The Escape Club: Shake for the Sheik [cached]

Searching: Michael Morales: What I Like About You

	Michael Morales: What I Like About You [cached]

Searching: Thompson Twins: Sugar Daddy

	Thompson Twins: Sugar Daddy [cached]

Searching: Depeche Mode: Personal Jesus

	Depeche Mode: Personal Jesus - Single Version [cached]

Searching: Whitesnake: The Deeper The Love

	Whitesnake: The Deeper The Love - 2020 Remix [cached]

Searching: Faster Pussycat: House Of Pain

	Faster Pussycat: House of Pain [cached]

Searching: Elton John: Club At The End Of The Street

	Elton John: Club At The End Of The Street [cached]

Searching: Information Society: Think

	Information Society: Think [cached]

Searching: Johnny Gill: Fairweather Friend

	Johnny Gill: Fairweather Friend [cached]

Searching: Robert Palmer: You're Amazing

	Robert Palmer: You're Amazing [cached]

Searching: Iggy Pop With Kate Pierson: Candy

	Iggy Pop: Candy [cached]

Searching: Nelson: Only Time Will Tell

	Nelson: Only Time Will Tell [cached]

Searching: Tom Petty And The Heartbreakers: Learning To Fly

	Tom Petty and the Heartbreakers: Learning To Fly [cached]

Searching: Tami Show: The Truth
=========> Tami Show: Truth

	 NOT FOUND

Searching: Bad Company: Walk Through Fire

	Bad Company: Walk Through Fire [cached]

Searching: Russ Irwin: My Heart Belongs To You

	Russ Irwin: My Heart Belongs To You [cached]

Searching: Natural Selection: Hearts Don't Think (They Feel)

	Natural Selection: Heart's Don't Think (They Feel) [cached]

Searching: P.M. Dawn: Paper Doll

	P.M. Dawn: Paper Doll [cached]

Searching: Ozzy Osbourne: Mama, I'm Coming Home

	Ozzy Osbourne: Mama, I'm Coming Home [cached]

Searching: The B-52s: Good Stuff

	The B-52's: Good Stuff [cached]

Searching: INXS: Not Enough Time

	INXS: Not Enough Time [cached]

Searching: Expose: I Wish The Phone Would Ring

	Exposé: I Wish The Phone Would Ring [cached]

Searching: R.E.M.: Drive

	R.E.M.: Drive [cached]

Searching: Sade: No Ordinary Love

	Sade: No Ordinary Love [cached]

Searching: Mary J. Blige: Sweet Thing

	Mary J. Blige: Sweet Thing [cached]

Searching: Jeremy Jordan: Wannagirl

	 NOT FOUND

Searching: New Order: Regret

	New Order: Regret - 2015 Remaster [cached]

Searching: Rick Astley: Hopelessly

	Rick Astley: Hopelessly [cached]

Searching: 12 Gauge: Dunkie Butt (Please Please Please)

	12 Gauge: Dunkie Butt [cached]

Searching: Gerald Levert: I'd Give Anything

	Gerald Levert: I'd Give Anything [cached]

Searching: B.M.U. (Black Men United): U Will Know (From "Jason's Lyric")

	B.M.U. (Black Men United): U Will Know - Extended Version [cached]

Searching: Zhane: Shame (From "A Low Down Dirty Shame")

	Zhané: Shame [cached]

Searching: Toni Braxton: I Belong To You/How Many Ways

	Toni Braxton: I Belong to You [cached]

Searching: Paula Abdul: My Love Is For Real

	Paula Abdul: My Love Is For Real [cached]

Searching: Bush: Glycerine

	Bush: Glycerine - Remastered [cached]

Searching: Montell Jordan Featuring Slick Rick: I Like (From "The Nutty Professor")

	Montell Jordan: I Like [cached]

Searching: Bee Gees: Alone

	Bee Gees: Alone [cached]

Searching: Mary J. Blige: I Can Love You

	Mary J. Blige: I Can Love You [cached]

Searching: Metallica: The Memory Remains

	Metallica: The Memory Remains [cached]

Searching: Sarah McLachlan: Sweet Surrender

	Sarah McLachlan: Sweet Surrender [cached]

Searching: Queen Pen Featuring Eric Williams: All My Love

	Queen Pen: All My Love [cached]

Searching: Canibus: Second Round K.O.

	Canibus: Second Round K.O. [cached]

Searching: Beastie Boys: Intergalactic

	Beastie Boys: Intergalactic - Remastered [cached]

Searching: Eve 6: Inside Out

	Eve 6: Inside Out [cached]

Searching: Mya: My First Night With You

	Mýa: My First Night With You [cached]

Searching: Andy Griggs: You Won't Ever Be Lonely
=========> Andy Griggs: You Won t Ever Be Lonely

	 NOT FOUND

Searching: Jo Dee Messina: Lesson In Leavin'

	Jo Dee Messina: Lesson In Leavin' [cached]

Searching: JAY-Z: Jigga My N****
=========> JAY Z: Jigga My N

	 NOT FOUND

Searching: Tim McGraw: Something Like That

	Tim McGraw: Something Like That [cached]

Searching: Counting Crows: Hanginaround

	Counting Crows: Hanginaround [cached]

Searching: Mary Mary: Shackles (Praise You)

	Mary Mary: Shackles (Praise You) [cached]

Searching: Mariah Carey Featuring Snoop Dogg: Crybaby

	Mariah Carey: Crybaby (feat. Snoop Dogg) [cached]

Searching: ATC: Around The World (La La La La La)

	ATC: Around the World [cached]

Searching: Jessica Andrews: Who I Am

	Jessica Andrews: Who I Am [cached]

Searching: Backstreet Boys: Drowning

	Backstreet Boys: Drowning [cached]

Searching: Toby Keith: I Wanna Talk About Me

	Toby Keith: I Wanna Talk About Me [cached]

Searching: Janet Featuring Missy Elliott, P. Diddy & Carly Simon: Son Of A Gun

	Janet Jackson: Son Of A Gun (I Betcha Think This Song Is About You) [cached]

Searching: Alan Jackson: Where Were You (When The World Stopped Turning)

	Alan Jackson: Where Were You (When the World Stopped Turning) [cached]

Searching: P.O.D.: Youth Of The Nation

	P.O.D.: Youth of the Nation [cached]

Searching: Jaheim Featuring Next: Anything

	Jaheim: Could It Be - Anything You Want Remix [cached]

Searching: Alan Jackson: Drive (For Daddy Gene)

	Alan Jackson: Drive (For Daddy Gene) [cached]

Searching: Wyclef Jean Featuring Claudette Ortiz: Two Wrongs

	Wyclef Jean: Two Wrongs (feat. Claudette Ortiz) [cached]

Searching: Beenie Man Featuring Janet: Feel It Boy

	Beenie Man: Feel It Boy [cached]

Searching: Darryl Worley: I Miss My Friend

	Darryl Worley: I Miss My Friend [cached]

Searching: Diamond Rio: Beautiful Mess

	Diamond Rio: Beautiful Mess [cached]

Searching: TLC: Girl Talk

	TLC: Girl Talk - Radio Mix [cached]

Searching: Jaheim Featuring Tha Rayne: Fabulous

	Jaheim: Fabulous [cached]

Searching: Blake Shelton: The Baby

	Blake Shelton: The Baby [cached]

Searching: Smilez & Southstar: Tell Me (What's Goin' On)

	Smilez and Southstar: Tell Me [cached]

Searching: Kenny Chesney: Big Star

	Kenny Chesney: Big Star (with Taylor Swift) - Live [cached]

Searching: Kenny Chesney: No Shoes, No Shirt, No Problems

	Kenny Chesney: No Shoes, No Shirt, No Problems [cached]

Searching: Toby Keith: American Soldier

	Toby Keith: American Soldier [cached]

Searching: Five For Fighting: 100 Years

	Five For Fighting: 100 Years [cached]

Searching: Mase Featuring P. Diddy: Breathe, Stretch, Shake

	Mase: Breathe, Stretch, Shake (feat. P. Diddy) [cached]

Searching: Blake Shelton: Some Beach

	Blake Shelton: Some Beach [cached]

Searching: Toby Keith: As Good As I Once Was

	Toby Keith: As Good As I Once Was [cached]

Searching: Brad Paisley: Alcohol

	Brad Paisley: Alcohol [cached]

Searching: Zac Efron, Andrew Seeley & Vanessa Anne Hudgens: Start Of Something New
=========> Zac Efron  Andrew Seeley: Start Of Something New

	 NOT FOUND

Searching: Matisyahu: King Without A Crown

	Matisyahu: King Without a Crown [cached]

Searching: Rascal Flatts: My Wish

	Rascal Flatts: My Wish [cached]

Searching: Lil Scrappy Featuring Young Buck: Money In The Bank

	Lil Scrappy: Money in the Bank (feat. Young Buck) - Remix [cached]

Searching: The Pussycat Dolls Featuring Timbaland: Wait A Minute

	The Pussycat Dolls: Wait A Minute [cached]

Searching: DJ Khaled Featuring T.I., Akon, Rick Ross, Fat Joe, Lil' Wayne & Baby: We Takin' Over

	DJ Khaled: We Takin' Over [cached]

Searching: Taylor Swift: Picture To Burn

	Taylor Swift: Picture To Burn [cached]

Searching: David Cook: The World I Know
=========> David Cook: World I Know

	 NOT FOUND

Searching: Keyshia Cole: Heaven Sent

	Keyshia Cole: Heaven Sent [cached]

Searching: Brad Paisley: Then

	Brad Paisley: Then [cached]

Searching: Green Day: Know Your Enemy

	Green Day: Know Your Enemy [cached]

Searching: Glee Cast: Somebody To Love

	Glee Cast: Somebody To Love (Glee Cast Version) - Cover of Queen Song [cached]

Searching: 50 Cent Featuring Ne-Yo: Baby By Me

	50 Cent: Baby By Me [cached]

Searching: Jamie Foxx Featuring Justin Timberlake & T .I.: Winner

	Jamie Foxx: Winner (feat. Justin Timberlake & T.I.) [cached]

Searching: Miranda Lambert: The House That Built Me

	Miranda Lambert: The House That Built Me [cached]

Searching: Cali Swag District: Teach Me How To Dougie

	Cali Swag District: Teach Me How to Dougie [cached]

Searching: Glee Cast: Billionaire

	Glee Cast: Billionaire (Glee Cast Version) [cached]

Searching: Hot Chelle Rae Featuring New Boyz: I Like It Like That

	Hot Chelle Rae: I Like It Like That (feat. New Boyz) [cached]

Searching: Glee Cast: Without You

	Glee Cast: Without You (Glee Cast Version) [cached]

Searching: Kirko Bangz: Drank In My Cup

	Kirko Bangz: Drank in My Cup [cached]

Searching: The Band Perry: Better Dig Two

	The Band Perry: Better Dig Two [cached]

Searching: Florida Georgia Line: Round Here

	Florida Georgia Line: Round Here [cached]

Searching: Blake Shelton: Mine Would Be You

	Blake Shelton: Mine Would Be You [cached]

Searching: Florida Georgia Line: Stay

	Florida Georgia Line: Stay [cached]

Searching: Cole Swindell: Chillin' It

	Cole Swindell: Chillin' It [cached]

Searching: 5 Seconds Of Summer: Kiss Me Kiss Me

	5 Seconds of Summer: Kiss Me Kiss Me [cached]

Searching: Imagine Dragons: I Bet My Life

	Imagine Dragons: I Bet My Life [cached]

Searching: Big Sean Featuring Drake: Blessings

	Big Sean: Blessings [cached]

Searching: Future Featuring Drake: Where Ya At

	Future: Where Ya At (feat. Drake) [cached]

Searching: Beyonce Featuring Jack White: Don't Hurt Yourself

	Beyoncé: Don't Hurt Yourself (feat. Jack White) [cached]

Searching: Daya: Sit Still, Look Pretty

	Daya: Sit Still, Look Pretty [cached]

Searching: Drake Featuring 21 Savage: Sneakin'

	Drake: Sneakin’ [cached]

Searching: BTS Featuring Desiigner: MIC Drop

	BTS: MIC Drop (Steve Aoki Remix) [Full Length Edition] [cached]

Searching: Jason Aldean: You Make It Easy

	Jason Aldean: You Make It Easy [cached]

Searching: Cardi B Featuring Kehlani: Ring

	Cardi B: Ring (feat. Kehlani) [cached]

Searching: Famous Dex: Japan

	Famous Dex: JAPAN [cached]

Searching: J. Cole Featuring kiLL edward: The Cut Off

	J. Cole: The Cut Off (feat. kiLL edward) [cached]

Searching: Rae Sremmurd & Juicy J: Powerglide

	Rae Sremmurd: Powerglide (feat. Juicy J) - From SR3MM [cached]

Searching: Kanye West: I Thought About Killing You

	Kanye West: I Thought About Killing You [cached]

Searching: XXXTENTACION Featuring Trippie Redd: F**k Love
=========> XXXTENTACION: F  k Love

	 NOT FOUND

Searching: Drake: Summer Games

	Drake: Summer Games [cached]

Searching: Lil Baby: Close Friends

	Lil Baby: Close Friends (Lil Baby & Gunna) [cached]

Searching: XXXTENTACION x Lil Pump Featuring Maluma & Swae Lee: Arms Around You

	XXXTENTACION: Arms Around You (feat. Maluma & Swae Lee) [cached]

Searching: Kane Brown: Lose It

	Kane Brown: Lose It [cached]

Searching: Gene Autry: Here Comes Santa Claus (Right Down Santa Claus Lane)

	Gene Autry: Here Comes Santa Claus (Right Down Santa Claus Lane) - 1947 Version [cached]

Searching: Marshmello: Alone

	Marshmello: Alone [cached]

Searching: Lil Uzi Vert: Sanguine Paradise

	Lil Uzi Vert: Sanguine Paradise [cached]

Searching: Taylor Swift: I Forgot That You Existed

	Taylor Swift: I Forgot That You Existed [cached]

Searching: DaBaby Featuring Lil Baby & Moneybagg Yo: TOES

	DaBaby: TOES (feat. Lil Baby & Moneybagg Yo) [cached]

Searching: Eminem: Darkness

	Eminem: Darkness [cached]

Searching: YoungBoy Never Broke Again: Lil Top

	YoungBoy Never Broke Again: My Window (feat. Lil Wayne) [cached]

Searching: Lil Baby Featuring Future: Live Off My Closet

	Lil Baby: Live Off My Closet (feat. Future) [cached]

Searching: Lil Uzi Vert: POP

	Lil Uzi Vert: POP [cached]

Searching: The Weeknd: Too Late

	The Weeknd: Too Late [cached]

Searching: Megan Thee Stallion: Girls In The Hood

	Megan Thee Stallion: Girls in the Hood [cached]

Searching: Machine Gun Kelly X blackbear: My Ex's Best Friend

	Machine Gun Kelly: my ex's best friend (with blackbear) [cached]
