Found 495/503 = 98%
8 not found: 
Freddie Cannon: Way Down Yonder In New Orleans
Shirley Ellis: The Name Game
Chairman Of The Board: Give Me Just A Little More Time
John Lennon Plastic Ono Band: Imagine
Paul McCartney And Wings: Junior's Farm/Sally G
The S.O.S. Band: Take Your Time (Do It Right) Part 1
Olivia Newton-John: Heart Attack
Frankie J Featuring Baby Bash: Obsession (No Es Amor)
--------- log -----------
Searching: Bobby Darin: Splish Splash

	Bobby Darin: Splish Splash

Searching: Jack Scott: My True Love

	Jack Scott: My True Love

Searching: Cozy Cole: Topsy II

	Cozy Cole: Topsy II

Searching: David Seville And The Chipmunks: Alvin's Harmonica
=========> David Seville: Alvin s Harmonica

	David Seville: Alvin's Harmonica - Remastered 1999

Searching: Brook Benton: It's Just A Matter Of Time
=========> Brook Benton: It s Just A Matter Of Time

	Brook Benton: It's Just a Matter of Time - Rerecorded

Searching: Dodie Stevens: Pink Shoe Laces

	Dodie Stevens: Pink Shoe Laces

Searching: Fabian: Tiger

	Fabian: Tiger

Searching: Carl Dobkins, Jr.: My Heart Is An Open Book
=========> Carl Dobkins  Jr: My Heart Is An Open Book

	Carl Dobkins, Jr.: If You Don't Want My Lovin'

Searching: Sammy Turner: Lavender-Blue
=========> Sammy Turner: Lavender Blue

	Sammy Turner: Lavender Blue

Searching: Lloyd Price: I'm Gonna Get Married
=========> Lloyd Price: I m Gonna Get Married

	Lloyd Price: I'm Gonna Get Married

Searching: Miss Toni Fisher: The Big Hurt

	Toni Fisher, Miss: The Big Hurt

Searching: Freddie Cannon: Way Down Yonder In New Orleans

	 NOT FOUND

Searching: Dion & The Belmonts: Where Or When
=========> Dion   The Belmonts: Where Or When

	Dion & The Belmonts: Where Or When

Searching: Johnny Horton: Sink The Bismark

	Johnny Horton: Sink the Bismark

Searching: Connie Stevens: Sixteen Reasons

	Connie Stevens: Sixteen Reasons

Searching: Jimmy Jones: Good Timin'
=========> Jimmy Jones: Good Timin

	Jimmy Jones: Good Timin'

Searching: Jack Scott: Burning Bridges

	Jack Scott: Burning Bridges - Remastered

Searching: Joe Jones: You Talk Too Much

	Joe Jones: You Talk Too Much

Searching: Kathy Young With The Innocents: A Thousand Stars
=========> Kathy Young: A Thousand Stars

	Kathy Young & The Innocents: A Thousand Stars

Searching: The Capris: There's A Moon Out Tonight
=========> The Capris: There s A Moon Out Tonight

	The Capris: There's A Moon Out Tonight

Searching: The String-A-Longs: Wheels
=========> The String A Longs: Wheels

	The String-A-Longs: Wheels

Searching: Marty Robbins: Don't Worry
=========> Marty Robbins: Don t Worry

	Marty Robbins: Don't Worry

Searching: The Shirelles: Dedicated To The One I Love

	The Shirelles: Dedicated to the One I Love - Remastered

Searching: Linda Scott: I've Told Every Little Star
=========> Linda Scott: I ve Told Every Little Star

	Linda Scott: I've Told Every Little Star

Searching: Gene McDaniels: A Hundred Pounds Of Clay

	Gene McDaniels: A Hundred Pounds Of Clay

Searching: Mar-Keys: Last Night
=========> Mar Keys: Last Night

	Mark Ronson: Truth (feat. Alicia Keys & The Last Artful, Dodgr)

Searching: The Jive Five With Joe Rene And Orchestra: My True Story
=========> The Jive Five: My True Story

	The Jive Five: My True Story

Searching: Brenda Lee: Fool #1
=========> Brenda Lee: Fool  1

	Brenda Lee: Fool #1

Searching: James Darren: Goodbye Cruel World

	James Darren: Goodbye Cruel World

Searching: Barbara George: I Know (You Don't Love Me No More)
=========> Barbara George: I Know

	Barbara George: I know (You Don't Love Me No More)

Searching: Sue Thompson: Norman

	Sue Thompson: Norman

Searching: Chubby Checker (with Dee Dee Sharp): Slow Twistin'
=========> Chubby Checker: Slow Twistin

	Chubby Checker: Slow Twistin'

Searching: Dion: Lovers Who Wander

	Dion: Lovers Who Wander

Searching: Johnny Tillotson: It Keeps Right On A-Hurtin'
=========> Johnny Tillotson: It Keeps Right On A Hurtin

	Johnny Tillotson: It Keeps Right on a-Hurtin' - Remastered

Searching: Freddy Cannon: Palisades Park

	Freddy Cannon: Palisades Park

Searching: Brian Hyland: Sealed With A Kiss

	Brian Hyland: Sealed With A Kiss

Searching: Bobby Darin: Things

	Bobby Darin: Things

Searching: Booker T. & The MG's: Green Onions
=========> Booker T    The MG s: Green Onions

	Booker T. & the M.G.'s: Green Onions

Searching: The Contours: Do You Love Me

	The Contours: Do You Love Me

Searching: Brenda Lee: All Alone Am I

	Brenda Lee: All Alone Am I

Searching: Marcie Blane: Bobby's Girl
=========> Marcie Blane: Bobby s Girl

	Marcie Blane: Bobby's Girl - Previously Unreleased Demo - Stereo

Searching: Brook Benton: Hotel Happiness

	Brook Benton: Hotel Happiness

Searching: Bobby Vee: The Night Has A Thousand Eyes

	Bobby Vee: The Night Has A Thousand Eyes

Searching: The Cascades: Rhythm Of The Rain

	The Cascades: Rhythm of the Rain

Searching: Bobby Darin: You're The Reason I'm Living
=========> Bobby Darin: You re The Reason I m Living

	Bobby Darin: You're The Reason I'm Living - Remastered

Searching: The Orlons: South Street

	The Orlons: South Street

Searching: The Beach Boys: Surfin' U.S.A.
=========> The Beach Boys: Surfin  U S A

	The Beach Boys: Surfin' U.S.A. - Remastered

Searching: Al Martino: I Love You Because

	Al Martino: I Love You Because

Searching: The Crystals: Da Doo Ron Ron (When He Walked Me Home)
=========> The Crystals: Da Doo Ron Ron

	The Crystals: Da Doo Ron Ron (When He Walked Me Home)

Searching: The Dovells: You Can't Sit Down
=========> The Dovells: You Can t Sit Down

	The Dovells: You Can't Sit Down

Searching: Barbara Lewis: Hello Stranger

	Barbara Lewis: Hello Stranger

Searching: Bobby Vinton: Blue On Blue

	Bobby Vinton: Blue on Blue

Searching: Rolf Harris: Tie Me Kangaroo Down, Sport
=========> Rolf Harris: Tie Me Kangaroo Down  Sport

	Rolf Harris: Tie Me Kangaroo Down Sport

Searching: Elvis Presley With The Jordanaires: (You're the) Devil In Disguise
=========> Elvis Presley: Devil In Disguise

	Elvis Presley: (You're The) Devil in Disguise

Searching: The 4 Seasons: Candy Girl

	Frankie Valli & The Four Seasons: Candy Girl

Searching: Trini Lopez: If I Had A Hammer

	Trini Lopez: If I Had a Hammer

Searching: Tommy Roe: Everybody

	Tommy Roe: Everybody (Revisited)

Searching: The Caravelles: You Don't Have To Be A Baby To Cry
=========> The Caravelles: You Don t Have To Be A Baby To Cry

	The Caravelles: You Don't Have to Be a Baby to Cry

Searching: The Murmaids: Popsicles And Icicles

	The Murmaids: Popsicles And Icicles

Searching: The Marketts: Out Of Limits

	The Marketts: Out of Limits

Searching: The 4 Seasons: Dawn (Go Away)
=========> The 4 Seasons: Dawn

	Frankie Valli & The Four Seasons: Dawn (Go Away)

Searching: The Beatles: Please Please Me

	The Beatles: Please Please Me - Remastered 2009

Searching: Terry Stafford: Suspicion

	Terry Stafford: Suspicion

Searching: The Ray Charles Singers: Love Me With All Your Heart (Cuando Calienta El Sol)
=========> Ray Charles Singers: Love Me With All Your Heart

	Ray Charles Singers: Love Me With All Your Heart (Cuando Caliente El Sol)

Searching: Jan & Dean: The Little Old Lady (From Pasadena)
=========> Jan   Dean: The Little Old Lady

	Jan & Dean: The Little Old Lady (From Pasadena)

Searching: The Dave Clark Five: Because

	The Dave Clark Five: Because - 2019 - Remaster

Searching: Jay & The Americans: Come A Little Bit Closer
=========> Jay   The Americans: Come A Little Bit Closer

	Jay & The Americans: Come A Little Bit Closer

Searching: The Searchers: Love Potion Number Nine

	The Searchers: Love Potion Number Nine - Stereo Version

Searching: Shirley Ellis: The Name Game
=========> Shirley Ellis: Name Game

	 NOT FOUND

Searching: Jewel Akens: The Birds And The Bees

	Jewel Akens: The Birds and the Bees

Searching: Petula Clark: I Know A Place

	Petula Clark: I Know a Place

Searching: Elvis Presley With The Jordanaires: Crying In The Chapel
=========> Elvis Presley: Crying In The Chapel

	Elvis Presley: Crying In the Chapel

Searching: Tom Jones: What's New Pussycat?
=========> Tom Jones: What s New Pussycat

	Tom Jones: What's New Pussycat?

Searching: The Beach Boys: California Girls

	The Beach Boys: California Girls - Remix/Remastered

Searching: We Five: You Were On My Mind

	We Five: You Were On My Mind

Searching: The 4 Seasons Featuring the "Sound of Frankie Valli": Let's Hang On!
=========> The 4 Seasons: Let s Hang On

	Frankie Valli & The Four Seasons: Let's Hang On

Searching: James Brown And The Famous Flames: I Got You (I Feel Good)
=========> James Brown: I Got You

	James Brown & The Famous Flames: I Got You (I Feel Good)

Searching: Gary Lewis And The Playboys: She's Just My Style
=========> Gary Lewis: She s Just My Style

	Gary Lewis & The Playboys: She's Just My Style - Remastered

Searching: The T-Bones: No Matter What Shape (Your Stomach's In)
=========> The T Bones: No Matter What Shape

	The T-Bones: No Matter What Shape (Your Stomach's In)

Searching: Stevie Wonder: Uptight (Everything's Alright)
=========> Stevie Wonder: Uptight

	Stevie Wonder: Uptight (Everything's Alright)

Searching: Herman's Hermits: Listen People
=========> Herman s Hermits: Listen People

	Herman's Hermits: Listen People

Searching: The Beatles: Nowhere Man

	The Beatles: Nowhere Man - Remastered 2009

Searching: Johnny Rivers: Secret Agent Man

	Johnny Rivers: Secret Agent Man - From "Secret Agent" CBS TV Show

Searching: The Beach Boys: Sloop John B

	The Beach Boys: Sloop John B - Remastered

Searching: Simon & Garfunkel: I Am A Rock
=========> Simon   Garfunkel: I Am A Rock

	Simon & Garfunkel: I Am a Rock

Searching: Napoleon XIV: They're Coming To Take Me Away, Ha-Haaa!
=========> Napoleon XIV: They re Coming To Take Me Away  Ha Haaa

	Napoleon XIV: They're Coming to Take Me Away, Ha-Haaa!

Searching: The Happenings: See You In September

	The Happenings: See You in September

Searching: The Temptations: Beauty Is Only Skin Deep

	The Temptations: Beauty Is Only Skin Deep - Mono SIngle

Searching: Johnny Rivers: Baby I Need Your Lovin'
=========> Johnny Rivers: Baby I Need Your Lovin

	Johnny Rivers: Baby, I Need Your Lovin'

Searching: Petula Clark: This Is My Song

	Petula Clark: This Is My Song

Searching: The Happenings: I Got Rhythm

	The Happenings: I Got Rhythm

Searching: The Turtles: She'd Rather Be With Me
=========> The Turtles: She d Rather Be With Me

	The Turtles: She'd Rather Be With Me

Searching: The Monkees: Pleasant Valley Sunday

	The Monkees: Pleasant Valley Sunday - 2007 Remaster

Searching: Bobby Vee And The Strangers: Come Back When You Grow Up
=========> Bobby Vee: Come Back When You Grow Up

	Bobby Vee: Come Back When You Grow Up

Searching: Vikki Carr: It Must Be Him

	Vikki Carr: It Must Be Him

Searching: Classics IV: Spooky

	Classics IV: Spooky

Searching: The Monkees: Valleri

	The Monkees: Valleri - First Recorded Version; 2006 Remaster

Searching: The Rascals: A Beautiful Morning

	The Rascals: A Beautiful Morning - Single Version

Searching: Tommy James And The Shondells: Mony Mony
=========> Tommy James: Mony Mony

	Tommy James & The Shondells: Mony Mony

Searching: The Rolling Stones: Jumpin' Jack Flash
=========> The Rolling Stones: Jumpin  Jack Flash

	The Rolling Stones: Jumpin' Jack Flash - Mono

Searching: The 5th Dimension: Stoned Soul Picnic

	The 5th Dimension: Stoned Soul Picnic - Remastered 2000

Searching: Jose Feliciano: Light My Fire

	José Feliciano: Light My Fire

Searching: Steppenwolf: Magic Carpet Ride

	Steppenwolf: Magic Carpet Ride

Searching: Glen Campbell: Wichita Lineman

	Glen Campbell: Wichita Lineman - Remastered 2001

Searching: Young-Holt Unlimited: Soulful Strut
=========> Young Holt Unlimited: Soulful Strut

	Young-Holt Unlimited: Soulful Strut

Searching: Brooklyn Bridge: Worst That Could Happen

	Brooklyn Bridge: Worst That Could Happen

Searching: The Doors: Touch Me

	The Doors: Touch Me

Searching: The Foundations: Build Me Up Buttercup

	The Foundations: Build Me Up Buttercup

Searching: The Zombies: Time Of The Season

	The Zombies: Time of the Season - Mono Version

Searching: The Friends Of Distinction: Grazing In The Grass

	The Friends Of Distinction: Grazing In the Grass

Searching: Elvis Presley: In The Ghetto

	Elvis Presley: In the Ghetto

Searching: Oliver: Good Morning Starshine

	Oliver: Good Morning Starshine

Searching: Bobby Sherman: Little Woman

	Bobby Sherman: Little Woman

Searching: The Beatles: Something

	The Beatles: Something - Remastered 2009

Searching: Creedence Clearwater Revival: Down On The Corner/Fortunate Son
=========> Creedence Clearwater Revival: Down On Corner

	Creedence Clearwater Revival: Down On The Corner

Searching: Chairman Of The Board: Give Me Just A Little More Time
=========> Chairman Of Board: Give Me Just A Little More Time

	 NOT FOUND

Searching: John Ono Lennon: Instant Karma (We All Shine On)
=========> John Ono Lennon: Instant Karma

	John Lennon: Instant Karma! (We All Shine On) - Ultimate Mix

Searching: Norman Greenbaum: Spirit In The Sky

	Norman Greenbaum: Spirit In The Sky

Searching: Tyrone Davis: Turn Back The Hands Of Time

	Tyrone Davis: Turn Back The Hands Of Time

Searching: The Moments: Love On A Two-Way Street
=========> The Moments: Love On A Two Way Street

	The Moments: Love On a Two Way Street

Searching: The Temptations: Ball Of Confusion (That's What The World Is Today)
=========> The Temptations: Ball Of Confusion

	The Temptations: Ball Of Confusion (That's What The World Is Today) - Single Version / Mono

Searching: Freda Payne: Band Of Gold

	Freda Payne: Band Of Gold (Single Mix)

Searching: Stevie Wonder: Signed, Sealed, Delivered I'm Yours
=========> Stevie Wonder: Signed  Sealed  Delivered I m Yours

	Stevie Wonder: Signed, Sealed, Delivered (I'm Yours)

Searching: Eric Burdon And War: Spill The Wine

	Eric Burdon: Spill The Wine

Searching: Mungo Jerry: In The Summertime

	Mungo Jerry: In the Summertime

Searching: Dawn: Candida

	The Dawn: Candida

Searching: Sugarloaf: Green-Eyed Lady
=========> Sugarloaf: Green Eyed Lady

	Sugarloaf: Green-Eyed Lady

Searching: James Taylor: Fire And Rain

	James Taylor: Fire and Rain - 2019 Remaster

Searching: Brian Hyland: Gypsy Woman

	Brian Hyland: Gypsy Woman

Searching: Bee Gees: Lonely Days

	Bee Gees: Lonely Days

Searching: Lynn Anderson: Rose Garden

	Lynn Anderson: Rose Garden

Searching: Carpenters: For All We Know

	Carpenters: For All We Know - From "Lovers And Other Strangers" Soundtrack

Searching: Cornelius Brothers & Sister Rose: Treat Her Like A Lady
=========> Cornelius Brothers   Sister Rose: Treat Her Like A Lady

	Cornelius Brothers & Sister Rose: Treat Her Like A Lady

Searching: Five Man Electrical Band: Signs

	Five Man Electrical Band: Signs

Searching: The Undisputed Truth: Smiling Faces Sometimes

	The Undisputed Truth: Smiling Faces Sometimes

Searching: Bill Withers: Ain't No Sunshine
=========> Bill Withers: Ain t No Sunshine

	Bill Withers: Ain't No Sunshine

Searching: Joan Baez: The Night They Drove Old Dixie Down

	Joan Baez: The Night They Drove Old Dixie Down

Searching: The Osmonds: Yo-Yo
=========> The Osmonds: Yo Yo

	The Osmonds: Yo-Yo

Searching: John Lennon Plastic Ono Band: Imagine

	 NOT FOUND

Searching: Bread: Baby I'm - A Want You
=========> Bread: Baby I m   A Want You

	Bread: Baby I'm-a Want You

Searching: The Chi-lites: Have You Seen Her
=========> The Chi lites: Have You Seen Her

	The Chi-Lites: Have You Seen Her

Searching: Climax: Precious And Few

	Climax: Precious and Few

Searching: Robert John: The Lion Sleeps Tonight

	Robert John: The Lion Sleeps Tonight

Searching: Donny Osmond: Puppy Love

	Donny Osmond: Puppy Love

Searching: The Stylistics Featuring Russell Thompkins,Jr.: Betcha By Golly, Wow
=========> The Stylistics: Betcha By Golly  Wow

	The Stylistics: Betcha By Golly, Wow

Searching: Luther Ingram: (If Loving You Is Wrong) I Don't Want To Be Right
=========> Luther Ingram: I Don t Want To Be Right

	Luther Ingram: (If Loving You Is Wrong) I Don't Want to Be Right

Searching: Al Green: I'm Still In Love With You
=========> Al Green: I m Still In Love With You

	Al Green: I'm Still in Love with You

Searching: Chicago: Saturday In The Park

	Chicago: Saturday In the Park

Searching: The O'Jays: Back Stabbers
=========> The O Jays: Back Stabbers

	The O'Jays: Back Stabbers

Searching: The Main Ingredient: Everybody Plays The Fool

	The Main Ingredient: Everybody Plays the Fool - Remastered

Searching: The Spinners: I'll Be Around
=========> The Spinners: I ll Be Around

	The Spinners: I'll Be Around

Searching: Harold Melvin And The Blue Notes: If You Don't Know Me By Now
=========> Harold Melvin: If You Don t Know Me By Now

	Harold Melvin & The Blue Notes: If You Don't Know Me by Now (feat. Teddy Pendergrass)

Searching: Al Green: You Ought To Be With Me

	Al Green: You Ought to Be with Me

Searching: Timmy Thomas: Why Can't We Live Together
=========> Timmy Thomas: Why Can t We Live Together

	Timmy Thomas: Why Can't We Live Together

Searching: Hurricane Smith: Oh, Babe, What Would You Say?
=========> Hurricane Smith: Oh  Babe  What Would You Say

	Hurricane Smith: Oh, Babe What Would You Say

Searching: Edward Bear: Last Song

	Edward Bear: Last Song

Searching: Carpenters: Sing

	Carpenters: Sing

Searching: The Sweet: Little Willy

	Brian Connolly (The Sweet): Little Willy

Searching: Sylvia (r&b): Pillow Talk
=========> Sylvia: Pillow Talk

	Sylvia: Pillow Talk

Searching: Barry White: I'm Gonna Love You Just A Little More Baby
=========> Barry White: I m Gonna Love You Just A Little More Baby

	Barry White: I'm Gonna Love You Just A Little More Baby

Searching: Three Dog Night: Shambala

	Three Dog Night: Shambala - Single Version

Searching: Dawn Featuring Tony Orlando: Say, Has Anybody Seen My Sweet Gypsy Rose
=========> Dawn: Say  Has Anybody Seen My Sweet Gypsy Rose

	Dawn: Say, Has Anybody Seen My Sweet Gypsy Rose (feat. Tony Orlando) - Digitally Remastered 1998

Searching: The DeFranco Family featuring Tony DeFranco: Heartbeat - It's A Lovebeat
=========> The DeFranco Family: Heartbeat   It s A Lovebeat

	The DeFranco Family: Heartbeat It's A Love Beat

Searching: Helen Reddy: Leave Me Alone (ruby Red Dress)
=========> Helen Reddy: Leave Me Alone

	Helen Reddy: Leave Me Alone (Ruby Red Dress)

Searching: Brownsville Station: Smokin' In The Boy's Room
=========> Brownsville Station: Smokin  In The Boy s Room

	Brownsville Station: Smokin' in the Boy's Room

Searching: Aretha Franklin: Until You Come Back To Me (That's What I'm Gonna Do)
=========> Aretha Franklin: Until You Come Back To Me

	Aretha Franklin: Until You Come Back to Me (That's What I'm Gonna Do)

Searching: Jim Stafford: Spiders & Snakes
=========> Jim Stafford: Spiders   Snakes

	Jim Stafford: Spiders & Snakes

Searching: Gladys Knight And The Pips: Best Thing That Ever Happened To Me
=========> Gladys Knight: Best Thing That Ever Happened To Me

	Gladys Knight & The Pips: Best Thing That Ever Happened to Me

Searching: Marvin Hamlisch/"The Sting": The Entertainer
=========> Marvin Hamlisch  The Sting: The Entertainer

	Marvin Hamlisch: The Entertainer - The Sting/Soundtrack Version/Orchestra Version

Searching: The Righteous Brothers: Rock And Roll Heaven

	The Righteous Brothers: Rock And Roll Heaven

Searching: Rufus Featuring Chaka Khan: Tell Me Something Good
=========> Rufus: Tell Me Something Good

	Rufus & Chaka Khan: Tell Me Something Good

Searching: Bobby Vinton: My Melody Of Love

	Bobby Vinton: My Melody Of Love

Searching: Paul McCartney And Wings: Junior's Farm/Sally G
=========> Paul McCartney: Junior s Farm

	 NOT FOUND

Searching: Stevie Wonder: Boogie On Reggae Woman

	Stevie Wonder: Boogie On Reggae Woman

Searching: Grand Funk: Some Kind Of Wonderful

	Grand Funk Railroad: Some Kind Of Wonderful - Remastered 1999

Searching: Ringo Starr: No No Song/snookeroo
=========> Ringo Starr: No No Song

	Ringo Starr: No-No Song

Searching: Ozark Mountain Daredevils: Jackie Blue

	The Ozark Mountain Daredevils: Jackie Blue

Searching: Ace: How Long

	Ace: How Long

Searching: Michael Murphey: Wildfire

	Michael Martin Murphey: Wildfire

Searching: Olivia Newton-John: Please Mr. Please
=========> Olivia Newton John: Please Mr  Please

	Olivia Newton-John: Please Mr. Please

Searching: Janis Ian: At Seventeen

	Janis Ian: At Seventeen - Remastered

Searching: Jefferson Starship: Miracles

	Jefferson Starship: Miracles

Searching: The 4 Seasons: Who Loves You

	Frankie Valli & The Four Seasons: Who Loves You

Searching: Jigsaw: Sky High

	Jigsaw: Sky High

Searching: Hot Chocolate: You Sexy Thing

	Hot Chocolate: You Sexy Thing

Searching: Captain & Tennille: Lonely Night (angel Face)
=========> Captain   Tennille: Lonely Night

	Captain & Tennille: Lonely Night (Angel Face)

Searching: Elvin Bishop: Fooled Around And Fell In Love

	Elvin Bishop: Fooled Around And Fell In Love

Searching: Dorothy Moore: Misty Blue

	Dorothy Moore: Misty Blue

Searching: The Brothers Johnson: I'll Be Good To You
=========> The Brothers Johnson: I ll Be Good To You

	The Brothers Johnson: I'll Be Good To You

Searching: Starbuck: Moonlight Feels Right

	Starbuck: Moonlight Feels Right

Searching: Wings: Let 'em In
=========> Wings: Let  em In

	Wings: Let 'Em In - Remastered 2014

Searching: Boz Scaggs: Lowdown

	Boz Scaggs: Lowdown

Searching: Bee Gees: Love So Right

	Bee Gees: Love So Right

Searching: Brick: Dazz

	Brick: Dazz - Single Version

Searching: Kenny Nolan: I Like Dreamin'
=========> Kenny Nolan: I Like Dreamin

	Kenny Nolan: I Like Dreamin' - Demo Version

Searching: Climax Blues Band: Couldn't Get It Right
=========> Climax Blues Band: Couldn t Get It Right

	Climax Blues Band: Couldn't Get It Right

Searching: Fleetwood Mac: Don't Stop
=========> Fleetwood Mac: Don t Stop

	Fleetwood Mac: Don't Stop - 2004 Remaster

Searching: Shaun Cassidy: That's Rock 'N' Roll
=========> Shaun Cassidy: That s Rock  N  Roll

	Shaun Cassidy: That's Rock 'N' Roll

Searching: Linda Ronstadt: Blue Bayou

	Linda Ronstadt: Blue Bayou

Searching: Dolly Parton: Here You Come Again

	Dolly Parton: Here You Come Again

Searching: Billy Joel: Just The Way You Are

	Billy Joel: Just the Way You Are

Searching: Dan Hill: Sometimes When We Touch

	Dan Hill: Sometimes When We Touch

Searching: Samantha Sang: Emotion

	Samantha Sang: Emotion

Searching: Eric Clapton: Lay Down Sally

	Eric Clapton: Lay Down Sally

Searching: Barry Manilow: Can't Smile Without You
=========> Barry Manilow: Can t Smile Without You

	Barry Manilow: Can't Smile Without You

Searching: Bonnie Tyler: It's A Heartache
=========> Bonnie Tyler: It s A Heartache

	Bonnie Tyler: It's a Heartache

Searching: ABBA: Take A Chance On Me

	ABBA: Take A Chance On Me

Searching: Donna Summer: Last Dance

	Donna Summer: Last Dance - Single Version

Searching: Foreigner: Hot Blooded

	Foreigner: Hot Blooded

Searching: Olivia Newton-John: Hopelessly Devoted To You
=========> Olivia Newton John: Hopelessly Devoted To You

	Olivia Newton-John: Hopelessly Devoted To You - From “Grease”

Searching: Little River Band: Reminiscing

	Little River Band: Reminiscing - Remastered

Searching: Ambrosia: How Much I Feel

	Ambrosia: How Much I Feel

Searching: Billy Joel: My Life

	Billy Joel: My Life

Searching: Olivia Newton-John: A Little More Love
=========> Olivia Newton John: A Little More Love

	Olivia Newton-John: A Little More Love (Live)

Searching: Frank Mills: Music Box Dancer

	Frank Mills: Music Box Dancer

Searching: Village People: In The Navy

	Village People: In the Navy - Original Version 1979

Searching: Barbra Streisand: The Main Event/Fight
=========> Barbra Streisand: The Main Event Fight

	Barbra Streisand: The Main Event/Fight

Searching: The Charlie Daniels Band: The Devil Went Down To Georgia

	The Charlie Daniels Band: The Devil Went Down to Georgia

Searching: Kenny Rogers: Coward Of The County

	Kenny Rogers: Coward Of The County

Searching: Air Supply: Lost In Love

	Air Supply: Lost In Love

Searching: Ambrosia: Biggest Part Of Me

	Ambrosia: Biggest Part of Me

Searching: Bette Midler: The Rose

	Bette Midler: The Rose

Searching: Elton John: Little Jeannie

	Elton John: Little Jeannie

Searching: The S.O.S. Band: Take Your Time (Do It Right) Part 1
=========> S O S  Band: Take Your Time  Part 1

	 NOT FOUND

Searching: The Rolling Stones: Emotional Rescue

	The Rolling Stones: Emotional Rescue - Remastered 2009

Searching: The Pointer Sisters: He's So Shy
=========> The Pointer Sisters: He s So Shy

	The Pointer Sisters: He's so Shy

Searching: Donna Summer: The Wanderer

	Donna Summer: The Wanderer - Figo Sound Full Mix

Searching: Barbra Streisand & Barry Gibb: Guilty
=========> Barbra Streisand   Barry Gibb: Guilty

	Barbra Streisand: Guilty (feat. Barry Gibb)

Searching: Styx: The Best Of Times

	Styx: The Best Of Times

Searching: A Taste Of Honey: Sukiyaki

	A Taste Of Honey: Sukiyaki - Remastered

Searching: Kenny Rogers: I Don't Need You
=========> Kenny Rogers: I Don t Need You

	Kenny Rogers: I Don't Need You

Searching: Stevie Nicks With Tom Petty And The Heartbreakers: Stop Draggin' My Heart Around
=========> Stevie Nicks: Stop Draggin  My Heart Around

	Stevie Nicks: Stop Draggin' My Heart Around (with Tom Petty and The Heartbreakers) - 2016 Remaster

Searching: The Police: Every Little Thing She Does Is Magic

	The Police: Every Little Thing She Does Is Magic

Searching: Earth, Wind & Fire: Let's Groove
=========> Earth  Wind   Fire: Let s Groove

	Earth, Wind & Fire: Let's Groove

Searching: Quarterflash: Harden My Heart

	Quarterflash: Harden My Heart

Searching: Charlene: I've Never Been To Me
=========> Charlene: I ve Never Been To Me

	Charlene: I've Never Been To Me

Searching: The Alan Parsons Project: Eye In The Sky

	The Alan Parsons Project: Eye In The Sky

Searching: Olivia Newton-John: Heart Attack
=========> Olivia Newton John: Heart Attack

	 NOT FOUND

Searching: Don Henley: Dirty Laundry

	Don Henley: Dirty Laundry

Searching: Marvin Gaye: Sexual Healing

	Marvin Gaye: Sexual Healing

Searching: Stray Cats: Stray Cat Strut

	Stray Cats: Stray Cat Strut

Searching: Duran Duran: Hungry Like The Wolf

	Duran Duran: Hungry Like the Wolf - 2009 Remaster

Searching: Styx: Mr. Roboto
=========> Styx: Mr  Roboto

	Styx: Mr. Roboto

Searching: Men At Work: Overkill

	Men At Work: Overkill

Searching: Donna Summer: She Works Hard For The Money

	Donna Summer: She Works Hard For The Money

Searching: Men Without Hats: The Safety Dance

	Men Without Hats: The Safety Dance

Searching: The Police: King Of Pain

	The Police: King Of Pain

Searching: Billy Joel: Uptown Girl

	Billy Joel: Uptown Girl

Searching: Duran Duran: Union Of The Snake

	Duran Duran: Union of the Snake - 2010 Remaster

Searching: The Romantics: Talking In Your Sleep

	The Romantics: Talking In Your Sleep

Searching: Thompson Twins: Hold Me Now

	Thompson Twins: Hold Me Now

Searching: Steve Perry: Oh, Sherrie
=========> Steve Perry: Oh  Sherrie

	Steve Perry: Oh Sherrie

Searching: The Pointer Sisters: Jump (for My Love)
=========> The Pointer Sisters: Jump

	The Pointer Sisters: Jump (Original Mix)

Searching: The Jacksons: State of Shock

	The Jacksons: State of Shock

Searching: Lionel Richie: Stuck On You

	Lionel Richie: Stuck On You

Searching: Cyndi Lauper: She Bop

	Cyndi Lauper: She Bop

Searching: The Cars: Drive

	The Cars: Drive

Searching: Chicago: Hard Habit To Break

	Chicago: Hard Habit to Break - 2006 Remaster

Searching: Chaka Khan: I Feel For You

	Chaka Khan: I Feel for You

Searching: The Honeydrippers: Sea Of Love

	The Honeydrippers: Sea of Love - 2006 Remaster

Searching: Chicago: You're The Inspiration
=========> Chicago: You re The Inspiration

	Chicago: You're the Inspiration - 2006 Remaster

Searching: David Lee Roth: California Girls

	David Lee Roth: California Girls

Searching: Commodores: Nightshift

	Commodores: Nightshift

Searching: Debarge: Rhythm Of The Night

	DeBarge: Rhythm Of The Night

Searching: Murray Head: One Night In Bangkok

	Murray Head: One Night In Bangkok - From “Chess” / Remastered 2016

Searching: Harold Faltermeyer: Axel F

	Harold Faltermeyer: Axel F

Searching: Whitney Houston: You Give Good Love

	Whitney Houston: You Give Good Love

Searching: Sting: If You Love Somebody Set Them Free

	Sting: If You Love Somebody Set Them Free

Searching: Corey Hart: Never Surrender

	Corey Hart: Never Surrender

Searching: Aretha Franklin: Freeway Of Love

	Aretha Franklin: Freeway Of Love

Searching: Wham!: Freedom
=========> Wham: Freedom

	Wham!: Freedom

Searching: Tears For Fears: Head Over Heels

	Tears For Fears: Head Over Heels - Dave Bascombe 7" N.Mix

Searching: Simple Minds: Alive & Kicking
=========> Simple Minds: Alive   Kicking

	Simple Minds: Alive And Kicking

Searching: Wham!: I'm Your Man
=========> Wham: I m Your Man

	Wham!: I'm Your Man

Searching: Atlantic Starr: Secret Lovers

	Atlantic Starr: Secret Lovers

Searching: Van Halen: Why Can't This Be Love
=========> Van Halen: Why Can t This Be Love

	Van Halen: Why Can't This Be Love

Searching: Nu Shooz: I Can't Wait
=========> Nu Shooz: I Can t Wait

	Nu Shooz: I Can't Wait

Searching: The Jets: Crush On You

	The Jets: Crush On You

Searching: El DeBarge: Who's Johnny ("Short Circuit" Theme)
=========> El DeBarge: Who s Johnny

	El DeBarge: Who's Johnny

Searching: Janet Jackson: Nasty

	Janet Jackson: Nasty

Searching: Belinda Carlisle: Mad About You

	Belinda Carlisle: Mad About You

Searching: Stacey Q: Two Of Hearts

	Stacey Q: Two of Hearts

Searching: Madonna: True Blue

	Madonna: True Blue

Searching: Huey Lewis & The News: Hip To Be Square
=========> Huey Lewis   The News: Hip To Be Square

	Huey Lewis & The News: Hip To Be Square

Searching: Cyndi Lauper: Change Of Heart

	Cyndi Lauper: Change of Heart

Searching: Chicago: Will You Still Love Me?
=========> Chicago: Will You Still Love Me

	Chicago: Will You Still Love Me? - Alternate

Searching: The Jets: You Got It All

	The Jets: You Got It All

Searching: Genesis: Tonight, Tonight, Tonight
=========> Genesis: Tonight  Tonight  Tonight

	Genesis: Tonight, Tonight, Tonight - Remastered 2007

Searching: Prince: Sign 'O' The Times
=========> Prince: Sign  O  The Times

	Prince: Sign 'O' the Times

Searching: Chris de Burgh: The Lady In Red

	Chris de Burgh: The Lady In Red

Searching: Genesis: In Too Deep

	Genesis: In Too Deep - Remastered 2007

Searching: Suzanne Vega: Luka

	Suzanne Vega: Luka

Searching: Richard Marx: Don't Mean Nothing
=========> Richard Marx: Don t Mean Nothing

	Richard Marx: Don't Mean Nothing

Searching: Europe: Carrie

	Europe: Carrie

Searching: Richard Marx: Should've Known Better
=========> Richard Marx: Should ve Known Better

	Richard Marx: Should've Known Better

Searching: Roger: I Want To Be Your Man

	Roger: I Want to Be Your Man

Searching: Patrick Swayze (Featuring Wendy Fraser): She's Like The Wind
=========> Patrick Swayze: She s Like The Wind

	Patrick Swayze: She's Like the Wind (feat. Wendy Fraser)

Searching: Debbie Gibson: Out Of The Blue

	Debbie Gibson: Out of the Blue

Searching: Aerosmith: Angel

	Aerosmith: Angel

Searching: Samantha Fox: Naughty Girls (Need Love Too)
=========> Samantha Fox: Naughty Girls

	Samantha Fox: Naughty Girls (Need Love Too)

Searching: Daryl Hall John Oates: Everything Your Heart Desires

	Daryl Hall & John Oates: Everything Your Heart Desires

Searching: INXS: New Sensation

	INXS: New Sensation

Searching: Eric Carmen: Make Me Lose Control

	Eric Carmen: Make Me Lose Control

Searching: Gloria Estefan & Miami Sound Machine: 1-2-3
=========> Gloria Estefan   Miami Sound Machine: 1 2 3

	Gloria Estefan: 1-2-3

Searching: Chicago: I Don't Wanna Live Without Your Love
=========> Chicago: I Don t Wanna Live Without Your Love

	Chicago: I Don't Wanna Live Without Your Love

Searching: Huey Lewis & The News: Perfect World
=========> Huey Lewis   The News: Perfect World

	Huey Lewis & The News: Perfect World - Single Edit

Searching: Taylor Dayne: I'll Always Love You
=========> Taylor Dayne: I ll Always Love You

	Taylor Dayne: I'll Always Love You

Searching: Information Society: What's On Your Mind (Pure Energy)
=========> Information Society: What s On Your Mind

	Information Society: What's on Your Mind (Pure Energy)

Searching: Kylie Minogue: The Loco-Motion
=========> Kylie Minogue: The Loco Motion

	Kylie Minogue: The Loco-Motion

Searching: U2: Desire

	U2: Desire

Searching: Breathe: How Can I Fall?
=========> Breathe: How Can I Fall

	Breathe: How Can I Fall ?

Searching: Anita Baker: Giving You The Best That I Got

	Anita Baker: Giving You the Best That I Got - Single Version

Searching: Def Leppard: Armageddon It

	Def Leppard: Armageddon It - Remastered 2017

Searching: White Lion: When The Children Cry

	White Lion: When the Children Cry

Searching: Bon Jovi: Born To Be My Baby

	Bon Jovi: Born To Be My Baby

Searching: New Kids On The Block: You Got It (The Right Stuff)
=========> New Kids On The Block: You Got It

	New Kids On The Block: You Got It (The Right Stuff)

Searching: Bobby Brown: Roni

	Bobby Brown: Roni

Searching: Tone-Loc: Funky Cold Medina
=========> Tone Loc: Funky Cold Medina

	Tone-Loc: Funky Cold Medina

Searching: Bobby Brown: Every Little Step

	Bobby Brown: Every Little Step

Searching: Neneh Cherry: Buffalo Stance

	Neneh Cherry: Buffalo Stance

Searching: Love And Rockets: So Alive

	Love and Rockets: So Alive

Searching: Cher: If I Could Turn Back Time

	Cher: If I Could Turn Back Time

Searching: The B-52s: Love Shack
=========> The B 52s: Love Shack

	The B-52's: Love Shack

Searching: Paula Abdul: (It's Just) The Way That You Love Me
=========> Paula Abdul: The Way That You Love Me

	Paula Abdul: The Way That You Love Me

Searching: Rod Stewart: Downtown Train

	Rod Stewart: Downtown Train

Searching: The B-52s: Roam
=========> The B 52s: Roam

	The B-52's: Roam

Searching: Phil Collins: I Wish It Would Rain Down

	Phil Collins: I Wish It Would Rain Down - 2016 Remaster

Searching: Lisa Stansfield: All Around The World

	Lisa Stansfield: All Around the World - Remastered

Searching: Michael Bolton: How Can We Be Lovers

	Michael Bolton: How Can We Be Lovers

Searching: Bell Biv DeVoe: Poison

	Bell Biv DeVoe: Poison

Searching: Johnny Gill: Rub You The Right Way

	Johnny Gill: Rub You The Right Way

Searching: Poison: Unskinny Bop

	Poison: Unskinny Bop

Searching: Bell Biv DeVoe: Do Me!
=========> Bell Biv DeVoe: Do Me

	Bell Biv DeVoe: Do Me!

Searching: Damn Yankees: High Enough

	Damn Yankees: High Enough

Searching: Styx: Show Me The Way

	Styx: Show Me The Way

Searching: Tracie Spencer: This House

	Tracie Spencer: This House

Searching: Tara Kemp: Hold You Tight

	Tara Kemp: Hold You Tight

Searching: C+C Music Factory/F. Williams: Here We Go
=========> C C Music Factory F  Williams: Here We Go

	C & C Music Factory: Here We Go, Let's Rock & Roll (feat. Freedom Williams)

Searching: Boyz II Men: Motownphilly

	Boyz II Men: Motownphilly

Searching: Prince And The N.P.G.: Diamonds And Pearls
=========> Prince: Diamonds And Pearls

	Prince: Diamonds and Pearls

Searching: Michael Jackson: Remember The Time

	Michael Jackson: Remember the Time

Searching: Atlantic Starr: Masterpiece

	Atlantic Starr: Masterpiece

Searching: Guns N' Roses: November Rain
=========> Guns N  Roses: November Rain

	Guns N' Roses: November Rain

Searching: Bobby Brown: Humpin' Around
=========> Bobby Brown: Humpin  Around

	Bobby Brown: Humpin' Around

Searching: House Of Pain: Jump Around

	House Of Pain: Jump Around

Searching: Madonna: Erotica

	Madonna: Erotica

Searching: P.M. Dawn: I'd Die Without You (From "Boomerang")
=========> P M  Dawn: I d Die Without You

	P.M. Dawn: I'd Die Without You

Searching: Boyz II Men: In The Still Of The Nite (From "The Jacksons")
=========> Boyz II Men: In The Still Of The Nite

	Boyz II Men: In The Still Of The Nite (I'll Remember)

Searching: Duran Duran: Ordinary World

	Duran Duran: Ordinary World

Searching: Vanessa Williams/Brian McKnight: Love Is (From "Beverly Hills, 90210")
=========> Vanessa Williams Brian McKnight: Love Is

	Vanessa Williams And Brian McKnight: Love Is

Searching: H-Town: Knockin' Da Boots
=========> H Town: Knockin  Da Boots

	H-Town: Knockin' da Boots

Searching: The Proclaimers: I'm Gonna Be (500 Miles)
=========> The Proclaimers: I m Gonna Be

	The Proclaimers: I'm Gonna Be (500 Miles)

Searching: Billy Joel: The River Of Dreams

	Billy Joel: The River of Dreams

Searching: Toni Braxton: Breathe Again

	Toni Braxton: Breathe Again

Searching: Salt-N-Pepa Featuring En Vogue: Whatta Man
=========> Salt N Pepa: Whatta Man

	Salt-N-Pepa: Whatta Man

Searching: Mariah Carey: Without You/Never Forget You
=========> Mariah Carey: Without You

	Mariah Carey: Without You

Searching: Prince: The Most Beautiful Girl In The World

	The Prince Tribute Band: The Most Beautiful Girl In The World

Searching: Coolio: Fantastic Voyage

	Coolio: Fantastic Voyage

Searching: John Mellencamp With Me'Shell Ndegeocello: Wild Night
=========> John Mellencamp: Wild Night

	John Mellencamp: Wild Night

Searching: Changing Faces: Stroke You Up

	Changing Faces: Stroke You Up - Extended Remix

Searching: Madonna: Secret

	Madonna: Secret

Searching: Real McCoy: Another Night

	Real McCoy: Another Night

Searching: Real McCoy: Run Away

	Real McCoy: Run Away

Searching: Method Man Featuring Mary J. Blige: I'll Be There For You/You're All I Need To Get By
=========> Method Man: I ll Be There For You You re All I Need To Get By

	Method Man: I'll Be There For You/You're All I Need To Get By - Puff Daddy Mix

Searching: Shaggy: Boombastic/In The Summertime
=========> Shaggy: Boombastic

	Shaggy: Boombastic

Searching: Janet Jackson: Runaway

	Janet Jackson: Runaway

Searching: LL Cool J: Hey Lover

	LL Cool J: Hey Lover

Searching: Tracy Chapman: Give Me One Reason

	Tracy Chapman: Give Me One Reason

Searching: Quad City DJ's: C'mon N' Ride It (The Train)
=========> Quad City DJ s: C mon N  Ride It

	Quad City DJ's: C'mon N' Ride It (The Train) - Radio Mix

Searching: LL Cool J: Loungin

	LL Cool J: Loungin (Who Do Ya Luv) - Remix

Searching: New Edition: Hit Me Off

	New Edition: Hit Me Off

Searching: Keith Sweat Featuring Athena Cage: Nobody
=========> Keith Sweat: Nobody

	Keith Sweat: Nobody (feat. Athena Cage)

Searching: Spice Girls: Say You'll Be There
=========> Spice Girls: Say You ll Be There

	Spice Girls: Say You'll Be There

Searching: Destiny's Child: No, No, No
=========> Destiny s Child: No  No  No

	Destiny's Child: Rudolph The Red-Nosed Reindeer - Single Version

Searching: Janet Featuring BLACKstreet: I Get Lonely
=========> Janet: I Get Lonely

	Janet Jackson: I Get Lonely

Searching: Sarah McLachlan: Adia

	Sarah McLachlan: Adia

Searching: Jennifer Paige: Crush

	Jennifer Paige: Crush

Searching: Dru Hill Featuring Redman: How Deep Is Your Love
=========> Dru Hill: How Deep Is Your Love

	Dru Hill: How Deep Is Your Love

Searching: 98 Degrees: Because Of You

	98º: Because of You (Acoustic)

Searching: Sugar Ray: Every Morning

	Sugar Ray: Every Morning

Searching: Busta Rhymes Featuring Janet: What's It Gonna Be?!
=========> Busta Rhymes: What s It Gonna Be

	Busta Rhymes: What's It Gonna Be?! (feat. Janet Jackson)

Searching: LFO: Summer Girls

	LFO: Summer Girls

Searching: Lou Bega: Mambo No. 5 (A Little Bit Of...)
=========> Lou Bega: Mambo No  5

	Lou Bega: Mambo No. 5 (a Little Bit of...)

Searching: Marc Anthony: I Need To Know

	Marc Anthony: I Need to Know

Searching: Jessica Simpson: I Wanna Love You Forever

	Jessica Simpson: I Wanna Love You Forever

Searching: Sisqo: Thong Song

	Sisqo: Thong Song

Searching: Christina Aguilera: I Turn To You

	Christina Aguilera: I Turn to You

Searching: Destiny's Child: Jumpin', Jumpin'
=========> Destiny s Child: Jumpin   Jumpin

	Destiny's Child: Jumpin', Jumpin'

Searching: 3 Doors Down: Kryptonite

	3 Doors Down: Kryptonite

Searching: Jennifer Lopez: Love Don't Cost A Thing
=========> Jennifer Lopez: Love Don t Cost A Thing

	Jennifer Lopez: Love Don't Cost a Thing

Searching: Dido: Thank You

	Dido: Thank You

Searching: Nelly Featuring City Spud: Ride Wit Me
=========> Nelly: Ride Wit Me

	Nelly: Ride Wit Me

Searching: Lil' Romeo: My Baby
=========> Lil  Romeo: My Baby

	Lil' Romeo: My Baby

Searching: O-Town: All Or Nothing
=========> O Town: All Or Nothing

	O-Town: All or Nothing

Searching: Janet: Someone To Call My Lover

	Janet Jackson: Someone To Call My Lover

Searching: Jagged Edge With Nelly: Where The Party At
=========> Jagged Edge: Where The Party At

	Jagged Edge: Where the Party At (feat. Nelly)

Searching: Enrique Iglesias: Hero

	Enrique Iglesias: Hero

Searching: Usher: U Don't Have To Call
=========> Usher: U Don t Have To Call

	Usher: U Don't Have to Call

Searching: Chad Kroeger Featuring Josey Scott: Hero
=========> Chad Kroeger: Hero

	Chad Kroeger: Hero (feat. Josey Scott)

Searching: Cam'Ron Featuring Juelz Santana, Freekey Zekey & Toya: Hey Ma
=========> Cam Ron: Hey Ma

	Cam’ron: Hey Ma

Searching: No Doubt Featuring Lady Saw: Underneath It All
=========> No Doubt: Underneath It All

	No Doubt: Underneath It All

Searching: Jennifer Lopez Featuring Styles & Jadakiss: Jenny From The Block
=========> Jennifer Lopez: Jenny From The Block

	Jennifer Lopez: Jenny from the Block (feat. Jadakiss & Styles P.) - Track Masters Remix

Searching: Nelly Featuring Kyjuan, Ali & Murphy Lee: Air Force Ones
=========> Nelly: Air Force Ones

	Nelly: Air Force Ones

Searching: Justin Timberlake: Cry Me A River

	Justin Timberlake: Cry Me a River

Searching: Aaliyah: Miss You

	Aaliyah: If Your Girl Only Knew (feat Timbaland and Missy Elliott)

Searching: Busta Rhymes & Mariah Carey Featuring The Flipmode Squad: I Know What You Want
=========> Busta Rhymes   Mariah Carey: I Know What You Want

	Busta Rhymes: I Know What You Want (feat. Flipmode Squad)

Searching: Lumidee: Never Leave You - Uh Ooh, Uh Oooh!
=========> Lumidee: Never Leave You

	Lumidee: Never Leave You (Uh Oooh, Uh Oooh)

Searching: 50 Cent: P.I.M.P.
=========> 50 Cent: P I M P

	50 Cent: P.I.M.P.

Searching: Chingy Featuring Ludacris & Snoop Dogg: Holidae In
=========> Chingy: Holidae In

	Chingy: Holidae In

Searching: Kelis: Milkshake

	Kelis: Milkshake

Searching: Alicia Keys: You Don't Know My Name
=========> Alicia Keys: You Don t Know My Name

	Alicia Keys: You Don't Know My Name

Searching: Beyonce: Naughty Girl

	Beyoncé: Naughty Girl

Searching: Destiny's Child: Lose My Breath
=========> Destiny s Child: Lose My Breath

	Destiny's Child: Lose My Breath

Searching: Nelly Featuring Tim McGraw: Over And Over
=========> Nelly: Over And Over

	Nelly: Over And Over

Searching: Lil Jon & The East Side Boyz Featuring Usher & Ludacris: Lovers And Friends
=========> Lil Jon   The East Side Boyz: Lovers And Friends

	Lil Jon & The East Side Boyz: Lovers And Friends

Searching: Destiny's Child Featuring T.I. & Lil Wayne: Soldier
=========> Destiny s Child: Soldier

	Destiny's Child: Soldier (feat. T.I. & Lil' Wayne)

Searching: 50 Cent: Disco Inferno

	50 Cent: Disco Inferno

Searching: Frankie J Featuring Baby Bash: Obsession (No Es Amor)
=========> Frankie J: Obsession

	 NOT FOUND

Searching: 50 Cent: Just A Lil Bit

	50 Cent: Just A Lil Bit

Searching: The Black Eyed Peas: Don't Phunk With My Heart
=========> The Black Eyed Peas: Don t Phunk With My Heart

	The Hit Co., The Tribute Co.: Don't Phunk With My Heart

Searching: Missy Elliott Featuring Ciara & Fat Man Scoop: Lose Control
=========> Missy Elliott: Lose Control

	Missy Elliott: Lose Control (feat. Ciara & Fat Man Scoop)

Searching: Bow Wow Featuring Ciara: Like You
=========> Bow Wow: Like You

	Bow Wow: Like You (feat. Ciara)

Searching: The Black Eyed Peas: My Humps

	The Tribute Co.: My Humps

Searching: Mary J. Blige: Be Without You
=========> Mary J  Blige: Be Without You

	Mary J. Blige: Be Without You - Kendu Mix

Searching: T.I.: What You Know
=========> T I: What You Know

	The Sweetgreens: You Don't Know What Love Is

Searching: Yung Joc: It's Goin' Down
=========> Yung Joc: It s Goin  Down

	Yung Joc: It's Goin' Down (feat. Nitti)

Searching: Cassie: Me & U
=========> Cassie: Me   U

	Cassie: Me & U

Searching: Sean Paul Feat. Keyshia Cole: (When You Gonna) Give It Up To Me
=========> Sean Paul: Give It Up To Me

	Sean Paul: (When You Gonna) Give It Up to Me (feat. Keyshia Cole) - Radio Version

Searching: The Pussycat Dolls Featuring Snoop Dogg: Buttons
=========> The Pussycat Dolls: Buttons

	The Pussycat Dolls: Buttons

Searching: JoJo: Too Little Too Late

	JoJo: Too Little Too Late

Searching: The Fray: How To Save A Life

	The Fray: How to Save a Life

Searching: Hinder: Lips Of An Angel

	Hinder: Lips Of An Angel

Searching: Beyonce & Shakira: Beautiful Liar
=========> Beyonce   Shakira: Beautiful Liar

	Beyoncé: Beautiful Liar

Searching: Timbaland Featuring Keri Hilson: The Way I Are
=========> Timbaland: The Way I Are

	Timbaland: The Way I Are

Searching: Britney Spears: Gimme More

	Britney Spears: Gimme More

Searching: Rihanna: Don't Stop The Music
=========> Rihanna: Don t Stop The Music

	Rihanna: Don't Stop The Music

Searching: Ray J & Yung Berg: Sexy Can I
=========> Ray J   Yung Berg: Sexy Can I

	Ray J: Sexy Can I

Searching: Madonna Featuring Justin Timberlake & Timbaland: 4 Minutes
=========> Madonna: 4 Minutes

	Madonna: 4 Minutes (feat. Justin Timberlake & Timbaland)

Searching: Jordin Sparks Duet With Chris Brown: No Air
=========> Jordin Sparks: No Air

	Jordin Sparks: No Air (feat. Chris Brown)

Searching: David Cook: The Time Of My Life

	David Cook: The Time of My Life

Searching: Kanye West: Love Lockdown

	Kanye West: Love Lockdown

Searching: Beyonce: If I Were A Boy

	Beyoncé: If I Were a Boy

Searching: Katy Perry: Hot N Cold

	Katy Perry: Hot N Cold

Searching: Britney Spears: Circus

	Britney Spears: Circus

Searching: Soulja Boy Tell 'em Featuring Sammie: Kiss Me Thru The Phone
=========> Soulja Boy Tell  em: Kiss Me Thru The Phone

	Soulja Boy: Kiss Me Thru The Phone

Searching: Kid Cudi: Day 'N' Nite
=========> Kid Cudi: Day  N  Nite

	Kid Cudi: Day 'N' Nite (Nightmare)

Searching: Keri Hilson Featuring Kanye West & Ne-Yo: Knock You Down
=========> Keri Hilson: Knock You Down

	Keri Hilson: Knock You Down

Searching: Lady Gaga Featuring Beyonce: Telephone
=========> Lady Gaga: Telephone

	Lady Gaga: Telephone

Searching: Train: Hey, Soul Sister
=========> Train: Hey  Soul Sister

	Train: Hey, Soul Sister

Searching: Taylor Swift: Mine

	Taylor Swift: Mine

Searching: Nelly: Just A Dream

	Nelly: Just A Dream

Searching: The Black Eyed Peas: Just Can't Get Enough
=========> The Black Eyed Peas: Just Can t Get Enough

	The Singles: Just Can't Get Enough (The Black Eyed Peas Remake) - Instrumental

Searching: Britney Spears Featuring Nicki Minaj & Ke$ha: Till The World Ends
=========> Britney Spears: Till The World Ends

	Britney Spears: Till the World Ends

Searching: Jennifer Lopez Featuring Pitbull: On The Floor
=========> Jennifer Lopez: On The Floor

	Jennifer Lopez: On The Floor - Radio Edit

Searching: Lady Gaga: The Edge Of Glory

	Lady Gaga: The Edge Of Glory

Searching: Nicki Minaj: Super Bass

	Nicki Minaj: Super Bass

Searching: Lil Wayne Featuring Drake: She Will
=========> Lil Wayne: She Will

	Lil Wayne: She Will

Searching: Foster The People: Pumped Up Kicks

	Foster The People: Pumped Up Kicks

Searching: Bruno Mars: It Will Rain

	Bruno Mars: It Will Rain

Searching: Katy Perry: The One That Got Away

	Katy Perry: The One That Got Away

Searching: Flo Rida: Good Feeling

	Flo Rida: Good Feeling

Searching: The Wanted: Glad You Came

	The Wanted: Glad You Came

Searching: fun.: Some Nights
=========> fun: Some Nights

	fun.: Some Nights

Searching: One Direction: Live While We're Young
=========> One Direction: Live While We re Young

	One Direction: Live While We're Young

Searching: The Lumineers: Ho Hey

	The Lumineers: Ho Hey

Searching: will.i.am & Britney Spears: Scream & Shout
=========> will i am   Britney Spears: Scream   Shout

	will.i.am: Scream & Shout

Searching: Rihanna Featuring Mikky Ekko: Stay
=========> Rihanna: Stay

	Rihanna: Stay

Searching: Justin Timberlake Featuring JAY Z: Suit & Tie
=========> Justin Timberlake: Suit   Tie

	Justin Timberlake: Suit & Tie (feat. Jay-Z)

Searching: Imagine Dragons: Radioactive

	Imagine Dragons: Radioactive

Searching: Eminem: Berzerk

	Eminem: Berzerk

Searching: Jason Derulo Featuring 2 Chainz: Talk Dirty
=========> Jason Derulo: Talk Dirty

	Jason Derulo: Talk Dirty (feat. 2 Chainz)

Searching: Jessie J, Ariana Grande & Nicki Minaj: Bang Bang
=========> Jessie J  Ariana Grande   Nicki Minaj: Bang Bang

	Jessie J: Bang Bang

Searching: Iggy Azalea Featuring Rita Ora: Black Widow
=========> Iggy Azalea: Black Widow

	Iggy Azalea: Black Widow

Searching: Tove Lo: Habits (Stay High)
=========> Tove Lo: Habits

	Tove Lo: Habits (Stay High)

Searching: Maroon 5: Animals

	Maroon 5: Animals

Searching: Ellie Goulding: Love Me Like You Do

	Ellie Goulding: Love Me Like You Do - From "Fifty Shades Of Grey"

Searching: The Weeknd: Earned It (Fifty Shades Of Grey)
=========> The Weeknd: Earned It

	The Weeknd: Earned It (Fifty Shades Of Grey) - From The "Fifty Shades Of Grey" Soundtrack

Searching: Silento: Watch Me

	Silentó: Watch Me (Whip / Nae Nae)

Searching: One Direction: Drag Me Down

	One Direction: Drag Me Down

Searching: Meghan Trainor: No

	Meghan Trainor: NO

Searching: The Chainsmokers Featuring Daya: Don't Let Me Down
=========> The Chainsmokers: Don t Let Me Down

	The Chainsmokers: Don't Let Me Down

Searching: Calvin Harris Featuring Rihanna: This Is What You Came For
=========> Calvin Harris: This Is What You Came For

	Calvin Harris: This Is What You Came For (feat. Rihanna)

Searching: The Chainsmokers & Coldplay: Something Just Like This
=========> The Chainsmokers   Coldplay: Something Just Like This

	The Chainsmokers: Something Just Like This

Searching: French Montana Featuring Swae Lee: Unforgettable
=========> French Montana: Unforgettable

	French Montana: Unforgettable

Searching: Logic Featuring Alessia Cara & Khalid: 1-800-273-8255
=========> Logic: 1 800 273 8255

	Logic: 1-800-273-8255

Searching: J Balvin & Willy William Featuring Beyonce: Mi Gente
=========> J Balvin   Willy William: Mi Gente

	J Balvin: Mi Gente

Searching: Lil Pump: Gucci Gang

	Lil Pump: Gucci Gang

Searching: Bruno Mars & Cardi B: Finesse
=========> Bruno Mars   Cardi B: Finesse

	Bruno Mars: Finesse - Remix; feat. Cardi B

Searching: Ariana Grande: No Tears Left To Cry

	Ariana Grande: no tears left to cry

Searching: 6ix9ine Featuring Nicki Minaj & Murda Beatz: FEFE
=========> 6ix9ine: FEFE

	6ix9ine: FEFE

Searching: Eminem: Killshot

	Eminem: Killshot

Searching: Post Malone: Better Now

	Post Malone: Better Now

Searching: Cardi B & Bruno Mars: Please Me
=========> Cardi B   Bruno Mars: Please Me

	Cardi B: Please Me

Searching: Khalid: Talk

	Khalid: Talk (feat. Disclosure)

Searching: Post Malone Featuring Young Thug: Goodbyes
=========> Post Malone: Goodbyes

	Post Malone: Goodbyes (feat. Young Thug)

Searching: Lizzo: Good As Hell

	Lizzo: Good as Hell (feat. Ariana Grande) - Remix

Searching: Bobby Helms: Jingle Bell Rock

	Bobby Helms: Jingle Bell Rock

Searching: Eminem Featuring Juice WRLD: Godzilla
=========> Eminem: Godzilla

	Eminem: Godzilla (feat. Juice WRLD)

Searching: 6ix9ine: Gooba

	6ix9ine: GOOBA

Searching: Lil Baby: The Bigger Picture

	Lil Baby: The Bigger Picture

Searching: DJ Khaled Featuring Drake: Popstar
=========> DJ Khaled: Popstar

	DJ Khaled: POPSTAR (feat. Drake)

Searching: Justin Bieber Featuring Chance The Rapper: Holy
=========> Justin Bieber: Holy

	Justin Bieber: Holy (feat. Chance The Rapper)

Searching: Gabby Barrett Featuring Charlie Puth: I Hope
=========> Gabby Barrett: I Hope

	Gabby Barrett: I Hope
