Found 237/246 = 96%
9 not found: 
Duane Eddy His Twangy Guitar And The Rebels: "Yep!"
Frank Sinatra "and a bunch of kids": High Hopes
Frank Gari: Princess
Mama Cass: It's Getting Better
Plastic Ono Band: Cold Turkey
Cat Stevens: Moon Shadow
Olivia Newton-John: Let It Shine/He Ain't Heavy...He's My Brother
Livingston Taylor: I Will Be In Love With You
Keith Urban: Sweet Thing
--------- log -----------
Searching: Dean Martin: Angel Baby

	Dean Martin: Angel Baby - 1998 Remaster [cached]

Searching: Raymond Lefevre and His Orchestra: The Day The Rains Came

	Raymond Lefevre Orchestra: The Day The Rains Came [cached]

Searching: Connie Francis: Fallin'

	Connie Francis: Fallin' [cached]

Searching: Duane Eddy His Twangy Guitar And The Rebels: "Yep!"
=========> Duane Eddy His Twangy Guitar: Yep

	 NOT FOUND

Searching: Marv Johnson: Come To Me

	Marv Johnson: Come To Me [cached]

Searching: The Mickey Mozart Quintet: Little Dipper

	The Mickey Mozart Quintet: Little Dipper [cached]

Searching: Anita Bryant: Till There Was You

	Anita Bryant: Till There Was You - Remastered [cached]

Searching: Frank Sinatra "and a bunch of kids": High Hopes
=========> Frank Sinatra  and a bunch of kids: High Hopes

	 NOT FOUND

Searching: Cliff Richard and The Drifters: Living Doll

	Cliff Richard & The Shadows: Living Doll [cached]

Searching: Nat King Cole: Time And The River

	Nat King Cole: Time And The River [cached]

Searching: The Champs: Too Much Tequila

	The Champs: Too Much Tequila [cached]

Searching: Monty Kelly And His Orchestra: Summer Set

	Monty Kelly & His Orchestra: Summer Set [cached]

Searching: Ray Bryant Combo: The Madison Time - Part I

	Ray Bryant Combo: The Madison Time, Part 1 [cached]

Searching: Dion & The Belmonts: When You Wish Upon A Star

	Dion & The Belmonts: When You Wish Upon A Star [cached]

Searching: The Flamingos: Nobody Loves Me Like You

	The Flamingos: Nobody Loves Me Like You [cached]

Searching: Walter Brennan With Billy Vaughn and his Orchestra: Dutchman's Gold

	Walter Brennan: Dutchman's Gold [cached]

Searching: Dinah Washington: Love Walked In

	Dinah Washington: Love Walked In [cached]

Searching: Tobin Mathews & Co.: Ruby Duby Du

	Tobin Mathews Orchestra: Ruby Duby Du [cached]

Searching: The Platters: If I Didn't Care

	The Platters: If I Didn't Care [cached]

Searching: Ramrods: (Ghost) Riders In The Sky

	Ramrods: Ghost Riders in the Sky [cached]

Searching: Kathy Young With The Innocents: Happy Birthday Blues

	Kathy Young: Happy Birthday Blues [cached]

Searching: Etta James: Trust In Me

	Etta James: Trust In Me [cached]

Searching: Jerry Lee Lewis And His Pumping Piano: What'd I Say

	Jerry Lee Lewis: What'd I Say [cached]

Searching: Frank Gari: Princess

	 NOT FOUND

Searching: The Fleetwoods: (He's) The Great Impostor

	The Fleetwoods: He's the Great Impostor [cached]

Searching: Fats Domino: Jambalaya (On The Bayou)

	Fats Domino: Jambalaya (On The Bayou) [cached]

Searching: Bobby Darin: Multiplication

	Bobby Darin: Multiplication [cached]

Searching: Eddie Holland: Jamie

	Eddie Holland: Jamie [cached]

Searching: Nelson Riddle: Route 66 Theme

	Nelson Riddle: The Theme From Route 66 [cached]

Searching: Elvis Presley With The Jordanaires: King Of The Whole Wide World

	Elvis Presley: King of the Whole Wide World [cached]

Searching: Bobby "Boris" Pickett And The Crypt-Kickers: Monsters' Holiday

	Bobby "Boris" Pickett: Monster's Holiday [cached]

Searching: Marvin Gaye: Hitch Hike

	Marvin Gaye: Hitch Hike [cached]

Searching: Johnny Mathis: Every Step Of The Way

	Johnny Mathis: Every Step of the Way [cached]

Searching: Garnet Mimms & The Enchanters: Baby Don't You Weep

	Garnet Mimms & The Enchanters: Baby Don't You Weep [cached]

Searching: The Trashmen: Bird Dance Beat

	The Trashmen: Bird Dance Beat [cached]

Searching: The Serendipity Singers: Beans In My Ears

	The Serendipity Singers: Beans In My Ears [cached]

Searching: Al (He's the King) Hirt: Sugar Lips

	Al Hirt: Sugar Lips [cached]

Searching: Billy J. Kramer With The Dakotas: I'll Keep You Satisfied

	Billy J. Kramer: I'll Keep You Satisfied [cached]

Searching: Jack Jones: Dear Heart

	Jack Jones: Dear Heart [cached]

Searching: Peter, Paul & Mary: For Lovin' Me

	Peter, Paul and Mary: For Lovin' Me - 2004 Remaster [cached]

Searching: Del Shannon: Stranger In Town

	Del Shannon: Stranger in Town [cached]

Searching: Cannibal And The Headhunters: Land Of 1000 Dances

	Cannibal & The Headhunters: Land of 1000 Dances [cached]

Searching: Vic Damone: You Were Only Fooling (While I Was Falling In Love)

	Vic Damone: You Were Only Fooling (While I Was Falling in Love) [cached]

Searching: The 4 Seasons Featuring the "Sound of Frankie Valli": Girl Come Running

	Frankie Valli & The Four Seasons: Girl Come Running - 2006 Remaster [cached]

Searching: Jan & Dean: I Found A Girl

	Jan & Dean: I Found A Girl [cached]

Searching: The Strangeloves: Night Time

	The Strangeloves: Night Time [cached]

Searching: Al Martino: Think I'll Go Somewhere And Cry Myself To Sleep

	Al Martino: Think I'll Go Somewhere and Cry Myself to Sleep - Remastered [cached]

Searching: The Tokens: I Hear Trumpets Blow

	The Tokens: I Hear Trumpets Blow [cached]

Searching: Garnet Mimms: I'll Take Good Care Of You

	Garnet Mimms: I'll Take Good Care Of You [cached]

Searching: Vic Dana: I Love You Drops

	Vic Dana: I Love You Drops [cached]

Searching: Chad & Jeremy: Distant Shores

	Chad & Jeremy: Distant Shores [cached]

Searching: The Righteous Brothers: Go Ahead And Cry

	The Righteous Brothers: Go Ahead And Cry [cached]

Searching: The Sandpipers: Louie, Louie

	The Sandpipers: Louie, Louie [cached]

Searching: The Yardbirds: Happenings Ten Years Time Ago

	The Yardbirds: Happenings Ten Years Time Ago - Mono [cached]

Searching: The Byrds: My Back Pages

	The Byrds: My Back Pages [cached]

Searching: Frank Sinatra: The World We Knew (Over And Over)

	Frank Sinatra: The World We Knew (Over And Over) [cached]

Searching: Otis & Carla: Knock On Wood

	Otis Redding: Knock on Wood [cached]

Searching: Mitch Ryder: What Now My Love

	Mitch Ryder and The Detroit Wheels: What Now My Love [cached]

Searching: The 4 Seasons Featuring the "Sound of Frankie Valli": Watch The Flowers Grow

	Frankie Valli & The Four Seasons: Watch the Flowers Grow - 2007 Remaster [cached]

Searching: Spanky And Our Gang: Sunday Mornin'

	Spanky & Our Gang: Sunday Mornin' [cached]

Searching: Diana Ross & The Supremes: Some Things You Never Get Used To

	Diana Ross & The Supremes: Some Things You Never Get Used To - Single Version [cached]

Searching: Iron Butterfly: In-A-Gadda-Da-Vida

	Iron Butterfly: In-A-Gadda-Da-Vida - Single Version [cached]

Searching: Marvin Gaye & Tammi Terrell: Good Lovin' Ain't Easy To Come By

	Marvin Gaye: Good Lovin' Ain't Easy To Come By [cached]

Searching: Ohio Express: Mercy

	Ohio Express: Mercy [cached]

Searching: James Brown: The Popcorn

	James Brown: The Popcorn [cached]

Searching: Mama Cass: It's Getting Better
=========> Mama Cass: It s Getting Better

	 NOT FOUND

Searching: Creedence Clearwater Revival: Commotion

	Creedence Clearwater Revival: Commotion [cached]

Searching: Isaac Hayes: Walk On By

	Isaac Hayes: Walk On By [cached]

Searching: Harlow Wilcox and the Oakies: Groovy Grubworm

	Harlow Wilcox: Groovy Grubworm [cached]

Searching: Plastic Ono Band: Cold Turkey

	 NOT FOUND

Searching: Joe Cocker: She Came In Through The Bathroom Window

	Joe Cocker: She Came In Through The Bathroom Window [cached]

Searching: Neil Diamond: Soolaimón (African Trilogy II)

	Neil Diamond: Soolaimon [cached]

Searching: The Lost Generation: The Sly, Slick, And The Wicked

	The Lost Generation: The Sly, Slick And The Wicked [cached]

Searching: Crosby, Stills, Nash & Young: Our House

	Crosby, Stills, Nash & Young: Our House [cached]

Searching: Jackie Moore: Precious, Precious

	Jackie Moore: Precious, Precious [cached]

Searching: Cat Stevens: Moon Shadow

	 NOT FOUND

Searching: The Dells: The Love We Had (Stays On My Mind)

	The Dells: The Love We Had (Stays on My Mind) [cached]

Searching: The Temptations: Take A Look Around

	The Temptations: Take A Look Around - Extended Version [cached]

Searching: Isaac Hayes: Do Your Thing

	Isaac Hayes: Do Your Thing [cached]

Searching: The J. Geils Band: Give It To Me

	The J. Geils Band: Give It to Me [cached]

Searching: The Chi-lites: Stoned Out Of My Mind

	The Chi-Lites: Stoned Out Of My Mind [cached]

Searching: Cross Country: In The Midnight Hour

	Cross Country: In the Midnight Hour [cached]

Searching: Roberta Flack: Jesse

	Roberta Flack: Jesse [cached]

Searching: Isaac Hayes: "Joy" Pt. I

	Isaac Hayes: Joy - Pt. 1 [cached]

Searching: Jimmy Buffett: Come Monday

	Jimmy Buffett: Come Monday [cached]

Searching: Al Wilson: La La Peace Song

	Al Wilson: La La Peace Song [cached]

Searching: Benny Bell: Shaving Cream

	Joel Samberg & Benny Bell: Holiday Shaving Cream [cached]

Searching: Melissa Manchester: Just Too Many People

	Melissa Manchester: Just Too Many People [cached]

Searching: Olivia Newton-John: Let It Shine/He Ain't Heavy...He's My Brother
=========> Olivia Newton John: Let It Shine

	 NOT FOUND

Searching: Roxy Music: Love Is The Drug

	Roxy Music: Love Is The Drug [cached]

Searching: Jigsaw: Love Fire

	Jigsaw: Love Fire [cached]

Searching: Ohio Players: Fopp

	Ohio Players: Fopp - Single Version [cached]

Searching: The Brothers Johnson: Get The Funk Out Ma Face

	The Brothers Johnson: Get The Funk Out Ma Face [cached]

Searching: The Salsoul Orchestra: Nice 'N' Naasty

	The Salsoul Orchestra: Nice 'N' Naasty [cached]

Searching: Rufus Featuring Chaka Khan: At Midnight (My Love Will Lift You Up)

	Rufus: At Midnight (My Love Will Lift You Up) [cached]

Searching: Rod Stewart: The Killing Of Georgie (Part I And II)

	Rod Stewart: The Killing of Georgie (Pt. I and II) - 2009 Remaster [cached]

Searching: Carole King: Hard Rock Cafe

	Carole King: Hard Rock Café [cached]

Searching: Ted Nugent: Cat Scratch Fever

	Ted Nugent: Cat Scratch Fever [cached]

Searching: Bill Withers: Lovely Day

	Bill Withers: Lovely Day [cached]

Searching: Wet Willie: Street Corner Serenade

	Wet Willie: Street Corner Serenade [cached]

Searching: Boney M: Rivers Of Babylon

	Boney M.: Rivers of Babylon [cached]

Searching: The Kinks: A Rock 'N' Roll Fantasy

	The Kinks: A Rock 'n' Roll Fantasy [cached]

Searching: David Gates: Took The Last Train

	David Gates: Took the Last Train [cached]

Searching: Livingston Taylor: I Will Be In Love With You

	 NOT FOUND

Searching: Eddie Rabbitt: Every Which Way But Loose

	Eddie Rabbitt: Every Which Way but Loose - 2009 Remaster [cached]

Searching: The Pointer Sisters: Happiness

	The Pointer Sisters: Happiness [cached]

Searching: Rockets: Oh Well

	The Rockets: Oh Well [cached]

Searching: Moon Martin: Rolene

	Moon Martin: Rolene [cached]

Searching: Brenda Russell: So Good, So Right

	Brenda Russell: So Good, So Right [cached]

Searching: Herb Alpert: Rotation

	Herb Alpert: Rotation [cached]

Searching: Rufus And Chaka Khan: Do You Love What You Feel

	Rufus & Chaka Khan: Do You Love What You Feel [cached]

Searching: The Manhattan Transfer: Twilight Zone/Twilight Tone

	The Manhattan Transfer: Twilight Zone/Twilight Tone [cached]

Searching: Ray Parker Jr. & Raydio: Two Places At The Same Time

	Ray Parker Jr.: It's Time to Party Now [cached]

Searching: Eric Clapton And His Band: Tulsa Time/Cocaine

	Eric Clapton: Tulsa Time [cached]

Searching: Daryl Hall John Oates: How Does It Feel To Be Back

	Daryl Hall & John Oates: How Does It Feel To Be Back [cached]

Searching: Carole Bayer Sager: Stronger Than Before

	Carole Bayer Sager: Stronger Than Before [cached]

Searching: Frankie Smith: Double Dutch Bus

	Frankie Smith: Double Dutch Bus [cached]

Searching: Bee Gees: He's A Liar

	Bee Gees: He's A Liar [cached]

Searching: Junior: Mama Used To Say

	Junior: Mama Used To Say [cached]

Searching: Sheena Easton: When He Shines

	Sheena Easton: When He Shines [cached]

Searching: Toto: Make Believe

	TOTO: Make Believe [cached]

Searching: Kool & The Gang: Let's Go Dancin' (ooh La, La, La)

	Kool & The Gang: Let's Go Dancin' (Ooh La, La, La) [cached]

Searching: A Flock Of Seagulls: Space Age Love Song

	A Flock Of Seagulls: Space Age Love Song [cached]

Searching: Steel Breeze: Dreamin' Is Easy

	Steel Breeze: Dreamin' Is Easy [cached]

Searching: Thompson Twins: Lies

	Thompson Twins: Lies [cached]

Searching: Patrick Simmons: So Wrong

	Patrick Simmons: So Wrong [cached]

Searching: INXS: The One Thing

	INXS: The One Thing [cached]

Searching: George Benson: Lady Love Me (One More Time)

	George Benson: Lady Love Me (One More Time) [cached]

Searching: The Human League: Mirror Man

	The Human League: Mirror Man [cached]

Searching: Jeffrey Osborne: Stay With Me Tonight

	Jeffrey Osborne: Stay With Me Tonight [cached]

Searching: Christine McVie: Love Will Show Us How

	Christine McVie: Love Will Show Us How [cached]

Searching: Toto: Stranger In Town

	TOTO: Stranger In Town [cached]

Searching: Greg Kihn: Lucky

	Greg Kihn: Lucky [cached]

Searching: Daryl Hall John Oates: Possession Obsession

	Daryl Hall & John Oates: Possession Obsession [cached]

Searching: Kate Bush: Running Up That Hill

	Kate Bush: Running Up That Hill (A Deal With God) [cached]

Searching: Corey Hart: Everything In My Heart

	Corey Hart: Everything In My Heart [cached]

Searching: Jackson Browne: For America

	Jackson Browne: For America [cached]

Searching: Tina Turner: Two People

	Tina Turner: Two People [cached]

Searching: Europe: Rock The Night

	Europe: Rock the Night [cached]

Searching: Yes: Love Will Find A Way

	Yes: Love Will Find a Way [cached]

Searching: J.J. Fad: Supersonic

	J.J. Fad: Supersonic [cached]

Searching: The Moody Blues: I Know You're Out There Somewhere

	The Moody Blues: I Know You're Out There Somewhere [cached]

Searching: Terence Trent D'Arby: Dance Little Sister

	Terence Trent D'Arby: Dance Little Sister [cached]

Searching: Luther Vandross: She Won't Talk To Me

	Luther Vandross: She Won't Talk To Me [cached]

Searching: The Bangles: Be With You

	The Bangles: Be With You - Single Mix [cached]

Searching: Howard Jones: The Prisoner

	Howard Jones: The Prisoner - Live at Siyan [cached]

Searching: Great White: The Angel Song

	Great White: The Angel Song [cached]

Searching: Belinda Carlisle: Summer Rain

	Belinda Carlisle: Summer Rain [cached]

Searching: The B-52s: Deadbeat Club

	The B-52's: Deadbeat Club [cached]

Searching: Babyface: My Kinda Girl

	Babyface: My Kinda Girl [cached]

Searching: Susanna Hoffs: My Side Of The Bed

	Susanna Hoffs: My Side of the Bed [cached]

Searching: The Black Crowes: She Talks To Angels

	The Black Crowes: She Talks To Angels [cached]

Searching: Linear: T.L.C.

	Linearwave: Hot Chocolate by the Fireplace [cached]

Searching: Wilson Phillips: Give It Up

	Wilson Phillips: Give It Up [cached]

Searching: Del Amitri: Always The Last To Know

	Del Amitri: Always The Last To Know - Single Mix [cached]

Searching: TLC: Hat 2 Da Back

	TLC: Hat 2 da Back [cached]

Searching: R.E.M.: Man On The Moon

	R.E.M.: Man On The Moon [cached]

Searching: Elton John: Simple Life

	Elton John: Simple Life [cached]

Searching: George Michael & Queen: Somebody To Love

	George Michael: Somebody to Love [cached]

Searching: Hi-Five: Never Should've Let You Go (From "Sister Act 2")

	Hi-Five: Never Should've Let You Go [cached]

Searching: Ice Cube: You Know How We Do It

	Ice Cube: You Know How We Do It - Remastered [cached]

Searching: Van Halen: Can't Stop Lovin' You

	Van Halen: Can't Stop Lovin' You [cached]

Searching: Better Than Ezra: Good

	Better Than Ezra: Good [cached]

Searching: Bush: Comedown

	Bush: Comedown - Remastered [cached]

Searching: Ace Of Base: Lucky Love

	Ace of Base: Lucky Love [cached]

Searching: Michael Jackson: They Don't Care About Us

	Michael Jackson: They Don't Care About Us [cached]

Searching: All-4-One: Someday (From "The Hunchback Of Notre Dame")

	All-4-One: Someday [cached]

Searching: Da Brat: Sittin' On Top Of The World

	Da Brat: Sittin' On Top Of The World [cached]

Searching: The Prodigy: Firestarter

	The Prodigy: Firestarter [cached]

Searching: DJ Kool: Let Me Clear My Throat

	DJ Kool: Let Me Clear My Throat - Old School Reunion Remix '96 [cached]

Searching: The Lox: If You Think I'm Jiggy

	The LOX: If You Think I'm Jiggy [cached]

Searching: Tamia: So Into You

	Tamia: So Into You [cached]

Searching: Steve Wariner: Two Teardrops

	Steve Wariner: Two Teardrops [cached]

Searching: Mint Condition: If You Love Me

	Mint Condition: If You Love Me [cached]

Searching: Brad Paisley: He Didn't Have To Be

	Brad Paisley: He Didn't Have to Be [cached]

Searching: Backstreet Boys: The One

	Backstreet Boys: Get Down (You're the One for Me) - LP Edit No Rap [cached]

Searching: Lonestar: What About Now

	Lonestar: What About Now [cached]

Searching: Fuel: Hemorrhage (In My Hands)

	Fuel: Hemorrhage (In My Hands) [cached]

Searching: OutKast: So Fresh, So Clean

	Outkast: So Fresh, So Clean [cached]

Searching: Ray J Featuring Lil' Kim: Wait A Minute

	Ray J: Wait a Minute (feat. Lil' Kim) [cached]

Searching: Eve 6: Here's To The Night

	Eve 6: Here's to the Night [cached]

Searching: Glenn Lewis: Don't You Forget It

	Glenn Lewis: Don't You Forget It [cached]

Searching: Clipse: Grindin'

	Clipse: Grindin' [cached]

Searching: Vanessa Carlton: Ordinary Day

	Vanessa Carlton: Ordinary Day [cached]

Searching: Norah Jones: Don't Know Why

	Norah Jones: Don't Know Why [cached]

Searching: B2K: Girlfriend

	B2K: Girlfriend [cached]

Searching: Rascal Flatts: Love You Out Loud

	Rascal Flatts: Love You Out Loud [cached]

Searching: Keith Urban: Who Wouldn't Wanna Be Me

	Keith Urban: Who Wouldn't Wanna Be Me [cached]

Searching: Stacie Orrico: (There's Gotta Be) More To Life

	Stacie Orrico: (There's Gotta Be) More To Life [cached]

Searching: T.I.: Rubber Band Man

	T.I.: Rubber Band Man [cached]

Searching: JAY-Z: 99 Problems

	JAY-Z: 99 Problems [cached]

Searching: Montgomery Gentry: If You Ever Stop Loving Me

	Montgomery Gentry: If You Ever Stop Loving Me [cached]

Searching: Ying Yang Twins Featuring Trick Daddy: Whats Happnin!

	Ying Yang Twins: Whats Happnin! (Feat. Trick Daddy) [cached]

Searching: Tim McGraw: Back When

	Tim McGraw: Back When [cached]

Searching: Darryl Worley: Awful, Beautiful Life

	Darryl Worley: Awful Beautiful Life [cached]

Searching: Brad Paisley: Mud On The Tires

	Brad Paisley: Mud on the Tires [cached]

Searching: Gavin DeGraw: Chariot

	Gavin DeGraw: Chariot [cached]

Searching: Akon: Belly Dancer (Bananza)

	Akon: Bananza (Belly Dancer) [cached]

Searching: Keyshia Cole: I Should Have Cheated

	Keyshia Cole: I Should Have Cheated [cached]

Searching: Trace Adkins: Honky Tonk Badonkadonk

	Trace Adkins: Honky Tonk Badonkadonk [cached]

Searching: Crime Mob Featuring Lil Scrappy: Rock Yo Hips

	Crime Mob: Rock Yo Hips [cached]

Searching: Kelly Rowland Featuring Eve: Like This

	Kelly Rowland: Like This [cached]

Searching: The-Dream: Falsetto

	The-Dream: Falsetto [cached]

Searching: Joe Jonas: Gotta Find You

	Joe Jonas: Gotta Find You - From "Camp Rock"/Soundtrack Version [cached]

Searching: Pitbull Featuring Lil Jon: Krazy

	Pitbull: Krazy (feat. Lil Jon) [cached]

Searching: Keith Urban: Sweet Thing

	 NOT FOUND

Searching: Darius Rucker: Alright

	Darius Rucker: Alright [cached]

Searching: Glee Cast: It's My Life / Confessions Part II

	Glee Cast: It's My Life / Confessions Part II (Glee Cast Version) [cached]

Searching: Taylor Swift: Come In With The Rain

	Taylor Swift: Come In With The Rain [cached]

Searching: Adam Lambert: If I Had You

	Adam Lambert: If I Had You [cached]

Searching: Rick Ross Featuring Drake & Chrisette Michele: Aston Martin Music

	Rick Ross: Aston Martin Music [cached]

Searching: The Lonely Island Featuring Akon: I Just Had Sex

	The Lonely Island: I Just Had Sex [cached]

Searching: Mike Posner Featuring Lil Wayne: Bow Chicka Wow Wow

	Mike Posner: Bow Chicka Wow Wow [cached]

Searching: Big Sean Featuring Chris Brown: My Last

	Big Sean: My Last [cached]

Searching: Pitbull Featuring Marc Anthony: Rain Over Me

	Pitbull: Rain Over Me (feat. Marc Anthony) [cached]

Searching: Eli Young Band: Crazy Girl

	Eli Young Band: Crazy Girl [cached]

Searching: Taylor Swift Featuring The Civil Wars: Safe & Sound

	Taylor Swift: Safe & Sound - from The Hunger Games Soundtrack [cached]

Searching: Linkin Park: Burn It Down

	Linkin Park: BURN IT DOWN [cached]

Searching: Brett Eldredge: Don't Ya

	Brett Eldredge: Don't Ya [cached]

Searching: Sevyn Streeter Featuring Chris Brown: It Won't Stop

	Sevyn Streeter: It Won't Stop (feat. Chris Brown) - EP Version [cached]

Searching: John Newman: Love Me Again

	John Newman: Love Me Again [cached]

Searching: Pitbull Featuring G.R.L.: Wild Wild Love

	Pitbull: Wild Wild Love (feat. G.R.L.) [cached]

Searching: Sam Hunt: Leave The Night On

	Sam Hunt: Leave The Night On [cached]

Searching: Vance Joy: Riptide

	Vance Joy: Riptide [cached]

Searching: Rae Sremmurd Featuring Nicki Minaj & Young Thug: Throw Sum Mo

	Rae Sremmurd: Throw Sum Mo [cached]

Searching: Hailee Steinfeld: Love Myself

	Hailee Steinfeld: Love Myself [cached]

Searching: Luke Bryan: Strip It Down

	Luke Bryan: Strip It Down [cached]

Searching: Jordan Smith: Great Is Thy Faithfulness

	Jordan Smith: Great Is Thy Faithfulness - The Voice Performance [cached]

Searching: Tim McGraw: Humble And Kind

	Tim McGraw: Humble And Kind [cached]

Searching: DJ Khaled Featuring Jay Z & Future: I Got The Keys

	DJ Khaled: I Got the Keys (feat. Jay-Z & Future) [cached]

Searching: Florida Georgia Line Featuring Tim McGraw: May We All

	Florida Georgia Line: May We All [cached]

Searching: J. Cole: Foldin Clothes

	J. Cole: Foldin Clothes [cached]

Searching: Marshmello Featuring Khalid: Silence

	Marshmello: Silence [cached]

Searching: Thomas Rhett: Marry Me

	Thomas Rhett: Marry Me [cached]

Searching: J. Cole: Brackets

	J. Cole: BRACKETS [cached]

Searching: Drake: Blue Tint

	Drake: Blue Tint [cached]

Searching: Travis Scott: Wake Up

	Travis Scott: WAKE UP [cached]

Searching: 6ix9ine Featuring Anuel AA: BEBE

	6ix9ine: BEBE [cached]

Searching: Meek Mill Featuring Cardi B: On Me

	Meek Mill: All Eyes on You (feat. Chris Brown & Nicki Minaj) [cached]

Searching: Selena Gomez: Rare

	Selena Gomez: Rare [cached]

Searching: Ingrid Andress: More Hearts Than Mine

	Ingrid Andress: More Hearts Than Mine [cached]

Searching: Drake: Time Flies

	Drake: Time Flies [cached]

Searching: Polo G Featuring Juice WRLD: Flex

	Polo G: Flex (feat. Juice WRLD) [cached]

Searching: Megan Thee Stallion Featuring Young Thug: Don't Stop

	Megan Thee Stallion: Don’t Stop (feat. Young Thug) [cached]

Searching: Luke Combs: Better Together

	Luke Combs: Better Together [cached]

Searching: Lil Baby: On Me

	Lil Baby: On Me [cached]
