Found 233/248 = 94%
15 not found: 
Pat Boone: Gee, But It's Lonely
Sam Cooke: Everybody Likes To Cha Cha Cha
Patti Page: One Of Us (Will Weep Tonight)
The Leaves: Hey Joe
Ray Charles: Let's Go Get Stoned
Vincent Bell: Airport Love Theme (Gwen And Vern)
John & Ernest: Super Fly Meets Shaft
Olivia Newton-John: Livin' In Desperate Times
Denise Lopez: Sayin' Sorry (Don't Make It Right)
Michael Damian: Cover Of Love
Indecent Obsession: Tell Me Something
Various Artists: ESPN Presents The Jock Jam
Ol Skool [Featuring Keith Sweat & Xscape]: Am I Dreaming
Dixie Chicks: Without You
Zac Efron & Vanessa Anne Hudgens: You Are The Music In Me
--------- log -----------
Searching: Pat Boone: Gee, But It's Lonely
=========> Pat Boone: Gee  But It s Lonely

	 NOT FOUND

Searching: Fabian: I'm A Man

	Fabian: I'm A Man [cached]

Searching: Tab Hunter: (I'll Be With You In) Apple Blossom Time

	Tab Hunter: Apple Blossom Time [cached]

Searching: Sam Cooke: Everybody Likes To Cha Cha Cha

	 NOT FOUND

Searching: Jesse Belvin: Guess Who

	Jesse Belvin: Guess Who [cached]

Searching: Rocco Granata and the International Quintet: Marina

	Rocco Granata: Marina [cached]

Searching: Rod Lauren: If I Had A Girl

	Rod Lauren: If I Had a Girl [cached]

Searching: Fabian: About This Thing Called Love

	Fabian: About This Thing Called Love [cached]

Searching: Patti Page: One Of Us (Will Weep Tonight)
=========> Patti Page: One Of Us

	 NOT FOUND

Searching: Bobby Marchan: There's Something On Your Mind (Part 2)

	Bobby Marchan: There is Something on Your Mind, Pt. 2 [cached]

Searching: Marty Robbins: Is There Any Chance

	Marty Robbins: Is There Any Chance [cached]

Searching: Teresa Brewer: Anymore

	Teresa Brewer: Anymore [cached]

Searching: Jim Reeves: Am I Losing You

	Jim Reeves: Am I Losing You [cached]

Searching: Donnie Brooks: Doll House

	Donnie Brooks: Doll House [cached]

Searching: Mantovani & His Orch.: Main Theme from Exodus (Ari's Theme)

	Mantovani et son orchestre: Main Themes - From "Exodus" [cached]

Searching: Sam Cooke: That's It - I Quit - I'm Movin' On

	Sam Cooke: That's It - I Quit - I'm Movin' On [cached]

Searching: Bert Kaempfert And His Orchestra: Tenderly

	Bert Kaempfert: Tenderly [cached]

Searching: Gene McDaniels: A Tear

	Gene McDaniels: Another Tear Falls - Remastered [cached]

Searching: The Blue Jays: Lover's Island

	The Blue Jays: Lover's Island [cached]

Searching: Brenda Lee: Anybody But Me

	Brenda Lee: Anybody But Me [cached]

Searching: The Marketts: Surfer's Stomp

	The Marketts: Surfer's Stomp [cached]

Searching: Elvis Presley With The Jordanaires: Anything That's Part Of You

	Elvis Presley: Anything That's Part of You [cached]

Searching: Sue Thompson: Have A Good Time

	Sue Thompson: Have A Good Time [cached]

Searching: Gene McDaniels: Spanish Lace

	Gene McDaniels: Spanish Lace - Remastered [cached]

Searching: The Miracles: A Love She Can Count On

	Smokey Robinson & The Miracles: A Love She Can Count On - Alternate Stereo Mix [cached]

Searching: Dion: Be Careful Of Stones That You Throw

	Dion: Be Careful of Stones That You Throw [cached]

Searching: Diane Ray: Please Don't Talk To The Lifeguard

	Diane Ray: Please Don't Talk to the Lifeguard [cached]

Searching: Jerry Butler: Need To Belong

	Jerry Butler: Need To Belong [cached]

Searching: Henry Mancini And His Orchestra: The Pink Panther Theme

	Henry Mancini: Pink Panther Theme [cached]

Searching: Willie Mitchell: 20-75

	Willie Mitchell: 20-75 [cached]

Searching: Sam Cooke: Cousin Of Mine

	Sam Cooke: Cousin Of Mine [cached]

Searching: The Everly Brothers: Gone, Gone, Gone

	The Everly Brothers: Gone, Gone, Gone - Remastered Version [cached]

Searching: Johnny Tillotson: She Understands Me

	Johnny Tillotson: She Understands Me [cached]

Searching: Roger Miller: Do-Wacka-Do

	Roger Miller: Do Wacka Do [cached]

Searching: Adam Faith With The Roulettes: It's Alright

	Adam Faith: It's Alright - Mono Version; 2011 Remaster [cached]

Searching: Sam Cooke: A Change Is Gonna Come

	Sam Cooke: A Change Is Gonna Come [cached]

Searching: Gene Pitney: I Must Be Seeing Things

	Gene Pitney: I Must Be Seeing Things [cached]

Searching: Tony Clarke: The Entertainer

	Tony Clarke: The Entertainer [cached]

Searching: Roger Miller: Kansas City Star

	Roger Miller: Kansas City Star [cached]

Searching: We Five: Let's Get Together

	We Five: Let's Get Together [cached]

Searching: Roy Orbison: Breakin' Up Is Breakin' My Heart

	Roy Orbison: Breakin' Up Is Breakin' My Heart [cached]

Searching: Sir Douglas Quintet: The Rains Came

	Sir Douglas Quintet: The Rains Came [cached]

Searching: Otis Redding: Satisfaction

	Otis Redding: (I Can't Get No) Satisfaction [cached]

Searching: The Platters: I Love You 1000 Times

	The Platters: I Love You 1000 Times [cached]

Searching: The Leaves: Hey Joe
=========> Leaves: Hey Joe

	 NOT FOUND

Searching: Ray Charles: Let's Go Get Stoned
=========> Ray Charles: Let s Go Get Stoned

	 NOT FOUND

Searching: Tommy James And The Shondells: It's Only Love

	Tommy James & The Shondells: It's Only Love [cached]

Searching: Jimmy Castor: Hey, Leroy, Your Mama's Callin' You

	Jimmy Castor: Hey Leroy, Your Mama's Callin' You [cached]

Searching: Jr. Walker & The All Stars: Pucker Up Buttercup

	Jr. Walker & The All Stars: Pucker Up Buttercup [cached]

Searching: Sandy Posey: What A Woman In Love Won't Do

	Sandy Posey: What a Woman in Love Won't Do [cached]

Searching: Peter And Gordon: Sunday For Tea

	Peter And Gordon: Sunday for Tea - Stereo; 2011 Remaster [cached]

Searching: Arthur Conley: Shake, Rattle & Roll

	Arthur Conley: Shake, Rattle & Roll [cached]

Searching: Spanky And Our Gang: Making Every Minute Count

	Spanky & Our Gang: Making Every Minute Count [cached]

Searching: Jimmie Rodgers: Child Of Clay

	Jimmie Rodgers: Child Of Clay [cached]

Searching: The Beach Boys: Wild Honey

	The Beach Boys: Wild Honey - Remastered [cached]

Searching: Petula Clark: The Other Man's Grass Is Always Greener

	Petula Clark: The Other Man's Grass Is Always Greener [cached]

Searching: Peaches & Herb: Two Little Kids

	Peaches & Herb: Two Little Kids [cached]

Searching: Smokey Robinson & The Miracles: Yester Love

	Smokey Robinson & The Miracles: Yester Love [cached]

Searching: Peggy Scott & Jo Jo Benson: Lover's Holiday

	Peggy Scott: Lover's Holiday [cached]

Searching: Jr. Walker & The All Stars: Hip City - Pt. 2

	Jr. Walker & The All Stars: Hip City - Pt. 2 [cached]

Searching: Andy Kim: Shoot'em Up, Baby

	Andy Kim: Shoot 'Em Up Baby [cached]

Searching: Engelbert Humperdinck: Les Bicyclettes De Belsize

	Engelbert Humperdinck: Les Bicyclettes de Belsize [cached]

Searching: James Brown: Goodbye My Love

	James Brown: Goodbye My Love [cached]

Searching: Aretha Franklin: My Song

	Aretha Franklin: My Song [cached]

Searching: Clarence Carter: Snatching It Back

	Clarence Carter: Snatching It Back [cached]

Searching: The Grass Roots: The River Is Wide

	The Grass Roots: The River Is Wide [cached]

Searching: Dusty Springfield: The Windmills Of Your Mind

	Dusty Springfield: The Windmills Of Your Mind [cached]

Searching: Diana Ross & The Supremes: No Matter What Sign You Are

	Diana Ross & The Supremes: No Matter What Sign You Are [cached]

Searching: Steppenwolf: Move Over

	Steppenwolf: Move Over [cached]

Searching: The Intrigues: In A Moment

	The Intrigues: In a Moment [cached]

Searching: Bobbie Gentry: Fancy

	Bobbie Gentry: Fancy [cached]

Searching: Vincent Bell: Airport Love Theme (Gwen And Vern)
=========> Vincent Bell: Airport Love Theme

	 NOT FOUND

Searching: Mashmakhan: As The Years Go By

	Mashmakhan: As the Years Go By [cached]

Searching: Francis Lai And His Orchestra: Theme From Love Story

	Francis Lai: Theme From Love Story [cached]

Searching: Glen Campbell: Dream Baby (How Long Must I Dream)

	Glen Campbell: Dream Baby (How Long Must I Dream) [cached]

Searching: Rufus Thomas: The Breakdown (Part I)

	Rufus Thomas: The Breakdown - Pt. 1 [cached]

Searching: James Taylor: Long Ago And Far Away

	James Taylor: Long Ago and Far Away [cached]

Searching: Melanie: Ring The Living Bell

	Melanie: Ring the Living Bell [cached]

Searching: Neil Young: Old Man

	Neil Young: Old Man - 2009 Remaster [cached]

Searching: Bobby Womack & Peace: Harry Hippie

	Bobby Womack: Harry Hippie [cached]

Searching: Barbara Mason: Give Me Your Love

	Barbara Mason: Give Me Your Love - Remastered [cached]

Searching: Bill Withers: Kissing My Love

	Bill Withers: Kissing My Love [cached]

Searching: Neil Diamond: "Cherry Cherry" from Hot August Night

	Neil Diamond: Cherry, Cherry - Live At Madison Square Garden / 2008 [cached]

Searching: John & Ernest: Super Fly Meets Shaft
=========> John: Super Fly Meets Shaft

	 NOT FOUND

Searching: Cat Stevens: The Hurt

	Yusuf / Cat Stevens: The Hurt [cached]

Searching: Ohio Players: Ecstasy

	Ohio Players: Ecstasy [cached]

Searching: Natural Four: Can This Be Real

	The Natural Four: Can This Be Real? [cached]

Searching: Albert Hammond: I'm A Train

	Albert Hammond: I'm a Train [cached]

Searching: James Brown: Papa Don't Take No Mess (Part I)

	James Brown: Papa Don't Take No Mess - Pt. 1 [cached]

Searching: Brownsville Station: Kings Of The Party

	Brownsville Station: Kings of the Party [cached]

Searching: Latimore: Let's Straighten It Out

	Latimore: Let's Straighten It Out [cached]

Searching: Dan Fogelberg: Part Of The Plan

	Dan Fogelberg: Part of the Plan [cached]

Searching: Bob Dylan: Tangled Up In Blue

	Bob Dylan: Tangled up in Blue [cached]

Searching: Ringo Starr: It's All Down To Goodnight Vienna/Oo-Wee

	Ringo Starr: (It's All Down To) Goodnight Vienna - Single Version [cached]

Searching: B.T. Express: Give It What You Got/Peace Pipe

	B.T. Express: Give It What You Got [cached]

Searching: KISS: Shout It Out Loud

	KISS: Shout It Out Loud [cached]

Searching: Elvis Presley: Moody Blue/she Thinks I Still Care

	Elvis Presley: Moody Blue [cached]

Searching: Facts Of Life: Sometimes

	The Facts of Life: Sometimes [cached]

Searching: Hot Chocolate: So You Win Again

	Hot Chocolate: So You Win Again [cached]

Searching: Linda Ronstadt: Poor Poor Pitiful Me

	Linda Ronstadt: Poor, Poor Pitiful Me [cached]

Searching: Shaun Cassidy: Do You Believe In Magic

	Shaun Cassidy: Do You Believe In Magic [cached]

Searching: Bob Welch: Hot Love, Cold World

	Bob Welch: Hot Love, Cold World [cached]

Searching: Boston: A Man I'll Never Be

	Boston: A Man I'll Never Be [cached]

Searching: The Rolling Stones: Shattered

	The Rolling Stones: Shattered - Remastered [cached]

Searching: Barbara Mandrell: (If Loving You Is Wrong) I Don't Want To Be Right

	Barbara Mandrell: (If Loving You Is Wrong) I Don't Want To Be Right [cached]

Searching: Jay Ferguson: Shakedown Cruise

	Jay Ferguson: Shakedown Cruise [cached]

Searching: Elton John: Victim Of Love

	Elton John: Victim Of Love - Remastered [cached]

Searching: Smokey Robinson: Let Me Be The Clock

	Smokey Robinson: Let Me Be The Clock [cached]

Searching: Bernadette Peters: Gee Whiz

	Bernadette Peters: Gee Whiz [cached]

Searching: Photoglo: We Were Meant To Be Lovers

	Jim Photoglo: We Were Meant To Be Lovers [cached]

Searching: Linda Ronstadt: I Can't Let Go

	Linda Ronstadt: I Can't Let Go [cached]

Searching: Robert John: Hey There Lonely Girl

	Robert John: Hey There Lonely Girl [cached]

Searching: The Charlie Daniels Band: The Legend Of Wooley Swamp

	The Charlie Daniels Band: The Legend Of Wooley Swamp [cached]

Searching: Outlaws: (Ghost) Riders In The Sky

	The Outlaws: (Ghost) Riders In the Sky - Digitally Remastered, 1996 [cached]

Searching: Tom Tom Club: Genius Of Love

	Tom Tom Club: Genius Of Love [cached]

Searching: John Denver: Shanghai Breezes

	John Denver: Shanghai Breezes - Live 1995 [cached]

Searching: Larry Elgart And His Manhattan Swing Orchestra: Hooked On Swing

	Larry Elgartand His Orchestra: Hooked On Swing [cached]

Searching: Glenn Frey: I Found Somebody

	Glenn Frey: I Found Somebody [cached]

Searching: The Gap Band: You Dropped A Bomb On Me

	The Gap Band: You Dropped A Bomb On Me [cached]

Searching: Supertramp Featuring Rick Davies: My Kind Of Lady

	Supertramp: My Kind Of Lady [cached]

Searching: Debarge: I Like It

	DeBarge: I Like It [cached]

Searching: Diana Ross: Pieces Of Ice

	Diana Ross: Pieces of Ice [cached]

Searching: Quiet Riot: Bang Your Head (Metal Health)

	Quiet Riot: Metal Health (Bang Your Head) [cached]

Searching: Olivia Newton-John: Livin' In Desperate Times
=========> Olivia Newton John: Livin  In Desperate Times

	 NOT FOUND

Searching: Talk Talk: It's My Life

	Talk Talk: It's My Life - 1997 Remaster [cached]

Searching: John Cafferty & The Beaver Brown Band: Tender Years

	John Cafferty: Tender Years (John Cafferty) [cached]

Searching: Alison Moyet: Invisible

	Alison Moyet: Invisible - Single Version [cached]

Searching: Thompson Twins: Get That Love

	Thompson Twins: Get That Love [cached]

Searching: The Outfield: Since You've Been Gone

	The Outfield: Since You've Been Gone [cached]

Searching: Swing Out Sister: Twilight World

	Swing Out Sister: Twilight World - Superb, Superb, Mix [cached]

Searching: LL Cool J: Going Back To Cali (From "Less Than Zero")

	LL Cool J: Going Back To Cali [cached]

Searching: Bryan Ferry: Kiss And Tell (From "Bright Lights, Big City")

	Bryan Ferry: Kiss & Tell [cached]

Searching: Glass Tiger: I'm Still Searching

	Glass Tiger: I'm Still Searching [cached]

Searching: Denise Lopez: Sayin' Sorry (Don't Make It Right)
=========> Denise Lopez: Sayin  Sorry

	 NOT FOUND

Searching: Johnny Hates Jazz: I Don't Want To Be A Hero

	Johnny Hates Jazz: I Don't Want To Be A Hero - 2008 Digital Remaster [cached]

Searching: Europe: Superstitious

	Europe: Superstitious [cached]

Searching: Daryl Hall John Oates: Downtown Life

	Daryl Hall & John Oates: Downtown Life [cached]

Searching: The Art Of Noise Featuring Tom Jones: Kiss

	The Art Of Noise: Kiss (feat. Tom Jones) [cached]

Searching: Samantha Fox: I Only Wanna Be With You

	Samantha Fox: I Only Wanna Be With You [cached]

Searching: Michael Damian: Cover Of Love

	 NOT FOUND

Searching: Living Colour: Glamour Boys

	Living Colour: Glamour Boys [cached]

Searching: Paul Carrack: I Live By The Groove

	Paul Carrack: I Live by the Groove [cached]

Searching: Quincy Jones: The Secret Garden

	Quincy Jones: The Secret Garden (Sweet Seduction Suite) [cached]

Searching: Lightning Seeds: Pure

	The Lightning Seeds: Pure [cached]

Searching: Indecent Obsession: Tell Me Something

	 NOT FOUND

Searching: Dino: Gentle

	Dino Romeo: Gentlee (Me 200) [cached]

Searching: Michel'le: Something In My Heart

	Michel'le: Something in My Heart [cached]

Searching: Bryan Adams: There Will Never Be Another Tonight

	Bryan Adams: There Will Never Be Another Tonight [cached]

Searching: Shanice: Silent Prayer

	Shanice: Silent Prayer [cached]

Searching: Men At Large: So Alone

	Men At Large: So Alone - Remastered [cached]

Searching: R. Kelly & Public Announcement: Dedicated

	R. Kelly: Dedicated [cached]

Searching: Whitney Houston: Run To You

	Whitney Houston: Run to You [cached]

Searching: Big Daddy Kane Feat. Spinderella, L. Williams & K. Anderson: Very Special

	Big Daddy Kane: Very Special [cached]

Searching: Tony Toni Tone: (Lay Your Head On My) Pillow

	Tony! Toni! Toné!: (Lay Your Head On My) Pillow [cached]

Searching: Prince: Letitgo

	Prince: Letitgo [cached]

Searching: Eagles: Get Over It

	Eagles: Get Over It [cached]

Searching: The Human League: Tell Me When

	The Human League: Tell Me When [cached]

Searching: Shania Twain: Any Man Of Mine/Whose Bed Have Your Boots Been Under?

	Shania Twain: Any Man Of Mine [cached]

Searching: After 7: 'Til You Do Me Right

	After 7: 'Til You Do Me Right [cached]

Searching: Jodeci: Love U 4 Life

	Jodeci: Love U 4 Life [cached]

Searching: Pearl Jam: Who You Are

	Pearl Jam: Who You Are [cached]

Searching: Various Artists: ESPN Presents The Jock Jam
=========> Various Artists: ESPN Presents Jock Jam

	 NOT FOUND

Searching: Rome: Do You Like This

	Rome: Do You Like This [cached]

Searching: Ol Skool [Featuring Keith Sweat & Xscape]: Am I Dreaming
=========> Ol Skool  Featuring Keith Sweat: Am I Dreaming

	 NOT FOUND

Searching: 69 Boyz: Woof Woof

	69 Boyz: Woof Woof [cached]

Searching: Clint Black: When I Said I Do

	Clint Black: When I Said I Do (with Lisa Hartman Black) [cached]

Searching: Reba: What Do You Say

	Reba McEntire: What Do You Say [cached]

Searching: Toby Keith: How Do You Like Me Now?!

	Toby Keith: How Do You Like Me Now?! [cached]

Searching: George Strait: The Best Day

	George Strait: The Best Day [cached]

Searching: Dixie Chicks: Without You

	 NOT FOUND

Searching: Musiq: Just Friends (Sunny)

	Musiq Soulchild: Just Friends (Sunny) [cached]

Searching: Babyface: There She Goes

	Babyface: There She Goes [cached]

Searching: The Wiseguys: Start The Commotion

	The Wiseguys: Start the Commotion [cached]

Searching: Lenny Kravitz: Dig In

	Lenny Kravitz: Dig In [cached]

Searching: Martina McBride: Blessed

	Martina McBride: Blessed [cached]

Searching: Tweet: Call Me

	Tweet: Call Me [cached]

Searching: Audioslave: Like A Stone

	Audioslave: Like a Stone [cached]

Searching: Diamond Rio: I Believe

	Diamond Rio: I Believe [cached]

Searching: Randy Travis: Three Wooden Crosses

	Randy Travis: Three Wooden Crosses [cached]

Searching: Brad Paisley: Celebrity

	Brad Paisley: Celebrity [cached]

Searching: Toby Keith: Whiskey Girl

	Toby Keith: Whiskey Girl [cached]

Searching: Keith Urban: Days Go By

	Keith Urban: Days Go By [cached]

Searching: Juvenile, Wacko & Skip: Nolia Clap

	Juvenile, Wacko, & Skip: Nolia Clap [cached]

Searching: U2: Vertigo

	U2: Vertigo [cached]

Searching: Twista Featuring Faith Evans: Hope

	Twista: Hope [cached]

Searching: Maroon 5: Sunday Morning

	Maroon 5: Sunday Morning [cached]

Searching: Nine Inch Nails: The Hand That Feeds

	Nine Inch Nails: The Hand That Feeds [cached]

Searching: Lil' Kim: Lighters Up

	Lil' Kim: Lighters Up [cached]

Searching: Dierks Bentley: Come A Little Closer

	Dierks Bentley: Come A Little Closer [cached]

Searching: Saving Jane: Girl Next Door

	Saving Jane: Girl Next Door - Artist Choice Version [cached]

Searching: Shawnna: Gettin' Some

	Shawnna: Gettin' Some [cached]

Searching: LeToya: Torn

	LeToya: Torn [cached]

Searching: Blue October: Hate Me

	Blue October: Hate Me [cached]

Searching: Keith Urban: Once In A Lifetime

	Keith Urban: Once In A Lifetime [cached]

Searching: Jonas Brothers: Year 3000

	Jonas Brothers: Year 3000 [cached]

Searching: Hinder: Better Than Me

	Hinder: Better Than Me [cached]

Searching: Zac Efron & Vanessa Anne Hudgens: You Are The Music In Me
=========> Zac Efron: You Are Music In Me

	 NOT FOUND

Searching: will.i.am: I Got It From My Mama

	will.i.am: I Got It From My Mama [cached]

Searching: Jennifer Lopez: Do It Well

	Jennifer Lopez: Do It Well [cached]

Searching: Shawty Lo: Dey Know

	Shawty Lo: Dey Know [cached]

Searching: Metallica: The Day That Never Comes

	Metallica: The Day That Never Comes [cached]

Searching: Jazmine Sullivan: Bust Your Windows

	Jazmine Sullivan: Bust Your Windows [cached]

Searching: Akon Featuring Lil Wayne & Young Jeezy: I'm So Paid

	Akon: I'm So Paid [cached]

Searching: Plies Featuring Chris J: Put It On Ya

	Plies: Put It on Ya (feat. Chris J) [cached]

Searching: Usher: Papers

	Usher: Papers [cached]

Searching: Glee Cast: Defying Gravity

	Glee Cast: Defying Gravity (Glee Cast Version) [cached]

Searching: Leona Lewis: Happy

	Leona Lewis: Happy [cached]

Searching: Glee Cast Featuring Idina Menzel: I Dreamed A Dream

	Glee Cast: I Dreamed A Dream (Glee Cast Version) (feat. Idina Menzel) [cached]

Searching: David Guetta & Chris Willis Featuring Fergie & LMFAO: Gettin' Over You

	David Guetta: Gettin' Over You (feat. Fergie & LMFAO) [cached]

Searching: Uncle Kracker: Smile

	Uncle Kracker: Smile [cached]

Searching: Jay Sean Featuring Nicki Minaj: 2012 (It Ain't The End)

	Jay Sean: 2012 (It Ain't The End) [cached]

Searching: Glee Cast: Start Me Up / Livin' On A Prayer

	Glee Cast: Start Me Up / Livin' On A Prayer (Glee Cast Version) [cached]

Searching: Kenny Chesney: Somewhere With You

	Kenny Chesney: Somewhere With You [cached]

Searching: Jason Aldean With Kelly Clarkson: Don't You Wanna Stay

	Jason Aldean: Don't You Wanna Stay (with Kelly Clarkson) [cached]

Searching: Rascal Flatts: I Won't Let Go

	Rascal Flatts: I Won't Let Go [cached]

Searching: Rihanna Featuring Jay-Z: Talk That Talk

	Rihanna: Talk That Talk [cached]

Searching: Lady Antebellum: We Owned The Night

	Lady A: We Owned The Night [cached]

Searching: Christina Perri: A Thousand Years

	Christina Perri: A Thousand Years [cached]

Searching: Chris Brown: Fine China

	Chris Brown: Fine China [cached]

Searching: Luke Bryan: Drink A Beer

	Luke Bryan: Drink A Beer [cached]

Searching: Christina Perri: Human

	Christina Perri: human [cached]

Searching: KONGOS: Come With Me Now

	KONGOS: Come with Me Now [cached]

Searching: Lady Antebellum: Bartender

	Lady A: Bartender [cached]

Searching: One Direction: Night Changes

	One Direction: Night Changes [cached]

Searching: Alesso Featuring Tove Lo: Heroes (We Could Be)

	Alesso: Heroes (we could be) [cached]

Searching: Mumford & Sons: Believe

	Mumford & Sons: Believe [cached]

Searching: Nicki Minaj: The Night Is Still Young

	Nicki Minaj: The Night Is Still Young [cached]

Searching: Justin Bieber Featuring Halsey: The Feeling

	Justin Bieber: The Feeling [cached]

Searching: Cole Swindell: You Should Be Here

	Cole Swindell: You Should Be Here [cached]

Searching: The Weeknd: Reminder

	The Weeknd: Reminder [cached]

Searching: Luke Combs: Hurricane

	Luke Combs: Hurricane [cached]

Searching: Kodak Black Featuring XXXTENTACION: Roll In Peace

	Kodak Black: Roll in Peace (feat. XXXTENTACION) [cached]

Searching: YoungBoy Never Broke Again: Outside Today

	YoungBoy Never Broke Again: Outside Today [cached]

Searching: Travis Scott: No Bystanders

	Travis Scott: NO BYSTANDERS [cached]

Searching: Meek Mill Featuring Jeremih & PnB Rock: Dangerous

	Meek Mill: Dangerous (feat. Jeremih and PnB Rock) [cached]

Searching: Luke Combs: She Got The Best Of Me

	Luke Combs: She Got the Best of Me [cached]

Searching: Billie Eilish: Wish You Were Gay

	Billie Eilish: wish you were gay [cached]

Searching: Calboy: Envy Me

	Calboy: Envy Me [cached]

Searching: Marshmello Featuring CHVRCHES: Here With Me

	Marshmello: Here With Me [cached]

Searching: Dan + Shay: All To Myself

	Dan + Shay: All To Myself [cached]

Searching: Luke Bryan: Knockin' Boots

	Luke Bryan: Knockin' Boots [cached]

Searching: Eminem Featuring Ed Sheeran: Those Kinda Nights

	Eminem: Those Kinda Nights (feat. Ed Sheeran) [cached]

Searching: Megan Thee Stallion: B.I.T.C.H.

	Megan Thee Stallion: B.I.T.C.H. [cached]

Searching: Lil Baby: Emotionally Scarred

	Lil Baby: Emotionally Scarred [cached]

Searching: Travis Denning: After A Few

	Travis Denning: After A Few [cached]

Searching: Pop Smoke: Got It On Me

	Pop Smoke: Got It On Me [cached]

Searching: Russell Dickerson: Love You Like I Used To

	Russell Dickerson: Love You Like I Used To [cached]

Searching: Future & Lil Uzi Vert: Drankin N Smokin

	Future: Drankin N Smokin [cached]
