Found 228/248 = 92%
20 not found: 
Johnny Maestro The Voice Of The Crests: What A Surprise
Bunker Hill: Hide & Go Seek, Part I
Little Stevie Wonder: Workout Stevie, Workout
Brenda Lee: Rusty Bells
Ray Charles: In The Heat Of The Night
Joe Cocker: Feeling Alright
Billy "Crash" Craddock: Ruby, Baby
Boomer Castleman: Judy Mae
AWB: School Boy Crush
Gene Cotton: You've Got Me Runnin'
Wings: Girls' School
The Afternoon Delights: General Hospi-tale
Culture Club: Mistake No. 3
The Barbusters (Joan Jett And The Blackhearts): Light Of Day
Patty Smyth: No Mistakes
The B.C. 52's: (Meet) The Flintstones (From "The Flintstones")
P. Diddy, Black Rob & Mark Curry: Bad Boy For Life
Panjabi MC Featuring Jay-Z: Beware Of The Boys (Mundian To Bach Ke)
Brooke Hogan Featuring Paul Wall: About Us
Ludacris Co-Starring Chris Brown & Sean Garrett: What Them Girls Like
--------- log -----------
Searching: Tony And Joe: The Freeze

	Tony & Joe: The Freeze [cached]

Searching: Sam Cooke: Win Your Love For Me

	Sam Cooke: Win Your Love For Me [cached]

Searching: The Five Blobs: The Blob

	The Five Blobs: The Blob [cached]

Searching: Perry Como: Love Makes The World Go 'round

	Perry Como: Love Makes The World Go 'Round (Yeah Yeah) [cached]

Searching: Joni James: There Must Be A Way

	Joni James: There Must Be A Way [cached]

Searching: Paul Anka: I Miss You So

	Paul Anka et son orchestre: I Miss You So [cached]

Searching: LaVern Baker: I Waited Too Long

	LaVern Baker: I Waited Too Long [cached]

Searching: Jimmy Clanton: My Own True Love

	Jimmy Clanton: My Own True Love [cached]

Searching: Fats Domino: I've Been Around

	Fats Domino: I've Been Around [cached]

Searching: The Drifters: (If You Cry) True Love, True Love

	The Drifters: (If You Cry) True Love, True Love - Single Version [cached]

Searching: Dee Clark: How About That

	Dee Clark: How About That [cached]

Searching: David Seville And The Chipmunks: Alvin's Orchestra

	David Seville: Alvin's Orchestra [cached]

Searching: James Brown And The Famous Flames: Think

	James Brown & The Famous Flames: Think [cached]

Searching: Etta James: All I Could Do Was Cry

	Etta James: All I Could Do Was Cry [cached]

Searching: Charlie Ryan and the Timberline Riders: Hot Rod Lincoln

	Charlie Ryan: Hot Rod Lincoln [cached]

Searching: Brenda Lee: I'm Learning About Love

	Brenda Lee: I'm Learning About Love [cached]

Searching: Fats Domino: Ain't That Just Like A Woman

	Fats Domino: Ain't That Just Like A Woman [cached]

Searching: Bobby Vee: Stayin' In

	Bobby Vee: Stayin' In [cached]

Searching: Hank Ballard And The Midnighters: The Continental Walk

	Hank Ballard & The Midnighters: The Continental Walk [cached]

Searching: Johnny Maestro The Voice Of The Crests: What A Surprise
=========> Johnny Maestro Voice Of Crests: What A Surprise

	 NOT FOUND

Searching: Mary Wells: I Don't Want To Take A Chance

	Mary Wells: I Don't Want To Take A Chance [cached]

Searching: Little Joey And The Flips: Bongo Stomp

	Little Joey & The Flips: Bongo Stomp [cached]

Searching: Duane Eddy: The Ballad Of Paladin

	Duane Eddy: The Ballad Of Paladin [cached]

Searching: Bunker Hill: Hide & Go Seek, Part I
=========> Bunker Hill: Hide   Go Seek  Part I

	 NOT FOUND

Searching: Roy Orbison: Workin' For The Man

	Roy Orbison: Working for the Man [cached]

Searching: Bobby Vinton: Trouble Is My Middle Name

	Bobby Vinton: Trouble Is My Middle Name [cached]

Searching: Bobby Bland: That's The Way Love Is

	Bobby "Blue" Bland: That's The Way Love Is [cached]

Searching: Henry Mancini And His Orchestra: Days Of Wine And Roses

	Henry Mancini: Days Of Wine And Roses - REMASTERED [cached]

Searching: Jackie Wilson: Shake! Shake! Shake!

	Jackie Wilson: Shake A Leg - Bonus Track [cached]

Searching: The Kingston Trio: Desert Pete

	The Kingston Trio: Desert Pete - 1990 Digital Remaster [cached]

Searching: Little Stevie Wonder: Workout Stevie, Workout
=========> Little Stevie Wonder: Workout Stevie  Workout

	 NOT FOUND

Searching: Dee Dee Sharp: Wild!

	Dee Dee Sharp: Wild! [cached]

Searching: Neil Sedaka: Bad Girl

	Neil Sedaka: Bad Girl - Remastered [cached]

Searching: The Cookies: Girls Grow Up Faster Than Boys

	The Cookies: Girls Grow Up Faster Than Boys [cached]

Searching: Bobby Bare: Miller's Cave

	Bobby Bare: Miller's Cave [cached]

Searching: Peter, Paul & Mary: Tell It On The Mountain

	Peter, Paul and Mary: Tell It on the Mountain [cached]

Searching: Solomon Burke: Goodbye Baby (Baby Goodbye)

	Solomon Burke: Goodbye Baby (Baby Goodbye) [cached]

Searching: The Temptations: I'll Be In Trouble

	The Temptations: I'll Be In Trouble [cached]

Searching: The Bachelors: I Believe

	The Bachelors: I Believe [cached]

Searching: The Chartbusters: She's The One

	The Chartbusters: She's the One [cached]

Searching: Al Martino: Always Together

	Al Martino: Always Together - Remastered [cached]

Searching: The Drifters: I've Got Sand In My Shoes

	The Drifters: I've Got Sand in My Shoes - Single Version [cached]

Searching: Tony Bennett: Who Can I Turn To (When Nobody Needs Me)

	Tony Bennett: Who Can I Turn To (When Nobody Needs Me) [cached]

Searching: The Waikikis: Hawaii Tattoo

	The Waikikis: Hawaii Tattoo [cached]

Searching: Fontella Bass & Bobby McClure: Don't Mess Up A Good Thing

	Fontella Bass: Don't Mess Up A Good Thing [cached]

Searching: Bert Kaempfert And His Orchestra: Three O'Clock In The Morning

	Bert Kaempfert: Three O'Clock in the Morning [cached]

Searching: Sam The Sham and the Pharaohs: Ring Dang Doo

	Sam The Sham & The Pharaohs: Ring Dang Doo [cached]

Searching: Brenda Lee: Rusty Bells

	 NOT FOUND

Searching: Them: Mystic Eyes

	Them: Mystic Eyes (feat. Van Morrison) - Mono Version [cached]

Searching: The Impressions: You've Been Cheatin'

	The Impressions: You've Been Cheatin' [cached]

Searching: Elvis Presley With The Jordanaires: Tell Me Why

	Elvis Presley: Tell Me Why [cached]

Searching: The Shangri-Las: Long Live Our Love

	The Shangri-Las: Long Live Our Love [cached]

Searching: Chris Montez: There Will Never Be Another You

	Chris Montez: There Will Never Be Another You [cached]

Searching: Love: 7 And 7 Is

	Love: Seven and Seven Is [cached]

Searching: Bob Dylan: Just Like A Woman

	Bob Dylan: Just Like a Woman [cached]

Searching: Elvis Presley With The Jordanaires and The Imperials Quartet: Indescribably Blue

	Elvis Presley: Indescribably Blue [cached]

Searching: Marvin Gaye: Your Unchanging Love

	Marvin Gaye: Your Unchanging Love - Mono [cached]

Searching: Ray Charles: In The Heat Of The Night
=========> Ray Charles: In Heat Of Night

	 NOT FOUND

Searching: King Curtis: Memphis Soul Stew

	King Curtis: Memphis Soul Stew [cached]

Searching: Soul Survivors: Explosion (In Your Soul)

	The Soul Survivors: Explosion in Your Soul [cached]

Searching: Joe Tex: Men Are Gettin' Scarce

	Joe Tex: Men Are Gettin' Scarce [cached]

Searching: Bobby Vinton: Take Good Care Of My Baby

	Bobby Vinton: Take Good Care of My Baby [cached]

Searching: Betty Wright: Girls Can't Do What The Guys Do

	Betty Wright: Girls Can't Do What the Guys Do [cached]

Searching: Ohio Express: Down At Lulu's

	Ohio Express: Down At Lulu's [cached]

Searching: Dionne Warwick: Who Is Gonna Love Me?

	Dionne Warwick: Who is Gonna Love Me? [cached]

Searching: Donovan: Lalena

	Donovan: Lalena - Single Version [cached]

Searching: Andy Williams with the St. Charles Borromeo Choir: Battle Hymn Of The Republic

	Andy Williams: Battle Hymn of the Republic (with The St. Charles Borromeo Choir) [cached]

Searching: Smokey Robinson & The Miracles: Abraham, Martin And John

	Smokey Robinson & The Miracles: Abraham, Martin And John [cached]

Searching: Rick Nelson: She Belongs To Me

	Ricky Nelson: She Belongs To Me [cached]

Searching: The Temptations: Ungena Za Ulimwengu (Unite The World)

	The Temptations: Ungena Za Ulimwengu (Unite The World) [cached]

Searching: Kenny Rogers & The First Edition: Heed The Call

	Kenny Rogers & The First Edition: Heed The Call [cached]

Searching: Neil Young: Only Love Can Break Your Heart

	Neil Young: Only Love Can Break Your Heart [cached]

Searching: Liz Damon's Orient Express: 1900 Yesterday

	Liz Damon's Orient Express: 1900 Yesterday [cached]

Searching: Elvis Presley: Where Did They Go, Lord/Rags To Riches

	Elvis Presley: Where Did They Go, Lord - Takes 2-3 [cached]

Searching: Dawn: Summer Sand

	Tony Orlando & Dawn: Summer Sand [cached]

Searching: Sweathog: Hallelujah

	Sweathog: Hallelujah [cached]

Searching: Bob Dylan: George Jackson

	Bob Dylan: George Jackson - Acoustic Version [cached]

Searching: Joe Cocker: Feeling Alright

	 NOT FOUND

Searching: Gladys Knight And The Pips: Help Me Make It Through The Night

	Gladys Knight & The Pips: Help Me Make It Through The Night [cached]

Searching: Stevie Wonder: Superwoman (Where Were You When I Needed You)

	Stevie Wonder: Superwoman (Where Were You When I Needed You) [cached]

Searching: Aretha Franklin: Master Of Eyes (The Deepness Of Your Eyes)

	Aretha Franklin: Master of Eyes (The Deepness of Your Eyes) [cached]

Searching: The Chi-lites: A Letter To Myself

	The Chi-Lites: A Letter To Myself [cached]

Searching: The Staple Singers: Oh La De Da

	The Staple Singers: Oh La De Da [cached]

Searching: The O'Jays: Time To Get Down

	The O'Jays: Time to Get Down [cached]

Searching: Looking Glass: Jimmy Loves Mary-Anne

	Looking Glass: Jimmy Loves Mary-Anne [cached]

Searching: Four Tops: Sweet Understanding Love

	Four Tops: Sweet Understanding Love [cached]

Searching: Dickie Goodman: Energy Crisis '74

	Dickie Goodman: Energy Crisis '74 - Dickie Goodman Original [cached]

Searching: War: Ballero

	War: Ballero [cached]

Searching: Edgar Winter: River's Risin'

	The Edgar Winter Group: River's Risin' [cached]

Searching: Earth, Wind & Fire: Devotion

	Earth, Wind & Fire: Devotion [cached]

Searching: Three Dog Night: Play Something Sweet (Brickyard Blues)

	Three Dog Night: Play Something Sweet (Brickyard Blues) - Single Version [cached]

Searching: Billy "Crash" Craddock: Ruby, Baby
=========> Billy  Crash  Craddock: Ruby  Baby

	 NOT FOUND

Searching: Bobby Vinton: Beer Barrel Polka/Dick And Jane

	Bobby Vinton: Beer Barrel Polka [cached]

Searching: Boomer Castleman: Judy Mae

	 NOT FOUND

Searching: Cat Stevens: Two Fine People

	Yusuf / Cat Stevens: Two Fine People - Live From the United States, 1976 [cached]

Searching: Ohio Players: Sweet Sticky Thing

	Ohio Players: Sweet Sticky Thing [cached]

Searching: Al Martino: Volare

	Al Martino: Volare (Nel blu di pinto di blu) [cached]

Searching: AWB: School Boy Crush

	 NOT FOUND

Searching: Bob Dylan: Hurricane (Part 1)

	Bob Dylan: Hurricane [cached]

Searching: Bachman-Turner Overdrive: Take It Like A Man

	Bachman-Turner Overdrive: Take It Like A Man [cached]

Searching: Paul Anka: Anytime (i'll Be There)

	Paul Anka: Anytime (I'll Be There) [cached]

Searching: Johnnie Taylor: Somebody's Gettin' It

	Johnnie Taylor: Somebody's Gettin' It [cached]

Searching: Olivia Newton-John: Don't Stop Believin'

	Olivia Newton-John: Don't Stop Believin' - Live [cached]

Searching: Gene Cotton: You've Got Me Runnin'
=========> Gene Cotton: You ve Got Me Runnin

	 NOT FOUND

Searching: Starz: Cherry Baby

	Starz: Cherry Baby [cached]

Searching: Cat Stevens: (Remember The Days Of The) Old Schoolyard

	Yusuf / Cat Stevens: (Remember the Days of the) Old Schoolyard [cached]

Searching: Foghat: I Just Want To Make Love To You

	Foghat: I Just Want to Make Love to You - 2016 Remaster [cached]

Searching: Wings: Girls' School
=========> Wings: Girls  School

	 NOT FOUND

Searching: Enchantment: It's You That I Need

	Enchantment: It's You That I Need [cached]

Searching: Gordon Lightfoot: The Circle Is Small (I Can See It In Your Eyes)

	Gordon Lightfoot: The Circle Is Small [cached]

Searching: Bruce Springsteen: Prove It All Night

	Bruce Springsteen: Prove It All Night [cached]

Searching: Lindisfarne: Run For Home

	Lindisfarne: Run for Home [cached]

Searching: Giorgio Moroder: Chase

	Giorgio Moroder: Chase [cached]

Searching: McGuinn, Clark & Hillman: Don't You Write Her Off

	McGuinn, Clark & Hillman: Don't You Write Her Off [cached]

Searching: The Babys: Back On My Feet Again

	The Babys: Back on My Feet Again [cached]

Searching: Heart: Even It Up

	Heart: Even It Up [cached]

Searching: Anne Murray: Could I Have This Dance

	Anne Murray: Could I Have This Dance - Remastered 1994 [cached]

Searching: Donna Summer: Cold Love

	Donna Summer: Cold Love [cached]

Searching: Michael Stanley Band: He Can't Love You

	Michael Stanley Band: He Can't Love You (Remastered) [cached]

Searching: The Afternoon Delights: General Hospi-tale
=========> Afternoon Delights: General Hospi

	 NOT FOUND

Searching: Luther Vandross: Never Too Much

	Luther Vandross: Never Too Much [cached]

Searching: Survivor: Poor Man's Son

	Survivor: Poor Man's Son [cached]

Searching: Del Shannon: Sea Of Love

	Del Shannon: Sea of Love [cached]

Searching: Chilliwack: I Believe

	Chilliwack: I Believe [cached]

Searching: Smokey Robinson: Tell Me Tomorrow - Part I

	Smokey Robinson: Tell Me Tomorrow [cached]

Searching: Heart: This Man Is Mine

	Heart: This Man Is Mine [cached]

Searching: Daryl Hall John Oates: Your Imagination

	Daryl Hall & John Oates: Your Imagination [cached]

Searching: Tavares: A Penny For Your Thoughts

	Tavares: A Penny for Your Thoughts [cached]

Searching: Donna Summer: The Woman In Me

	Donna Summer: The Woman in Me [cached]

Searching: Christopher Cross: No Time For Talk

	Christopher Cross: No Time for Talk [cached]

Searching: America: The Border

	America: The Border [cached]

Searching: Madness: It Must Be Love

	Madness: It Must Be Love [cached]

Searching: Stevie Nicks: Nightbird

	Stevie Nicks: Nightbird - 2016 Remaster [cached]

Searching: Matthew Wilder: The Kid's American

	Matthew Wilder: The Kid's American [cached]

Searching: Howard Jones: What Is Love

	Howard Jones: What Is Love? - Extended Mix [cached]

Searching: Tony Carey: The First Day Of Summer

	Tony Carey: The First Day Of Summer [cached]

Searching: Tommy Shaw: Girls With Guns

	Tommy Shaw: Girls With Guns - Live [cached]

Searching: U2: (Pride) In The Name Of Love

	U2: Pride (In The Name Of Love) - Remastered 2009 [cached]

Searching: Culture Club: Mistake No. 3
=========> Culture Club: Mistake No  3

	 NOT FOUND

Searching: The Cars: Why Can't I Have You

	The Cars: Why Can't I Have You [cached]

Searching: Arcadia: Goodbye Is Forever

	Arcadia: Goodbye Is Forever - 2010 Remaster [cached]

Searching: Robert Palmer: Hyperactive

	Robert Palmer: Hyperactive [cached]

Searching: Daryl Hall: Foolish Pride

	Daryl Hall: Foolish Pride [cached]

Searching: The Pointer Sisters: Goldmine

	The Pointer Sisters: Goldmine [cached]

Searching: The Barbusters (Joan Jett And The Blackhearts): Light Of Day
=========> Barbusters: Light Of Day

	 NOT FOUND

Searching: Restless Heart: I'll Still Be Loving You

	Restless Heart: I'll Still Be Loving You [cached]

Searching: Cheap Trick: Ghost Town

	Cheap Trick: Ghost Town [cached]

Searching: Young M.C.: Principal's Office

	Young MC: Principal's Office [cached]

Searching: Fleetwood Mac: Save Me

	Fleetwood Mac: Save Me - 2018 Remaster [cached]

Searching: L.A. Guns: The Ballad Of Jayne

	L.A. Guns: The Ballad Of Jayne [cached]

Searching: Cher: The Shoop Shoop Song (It's In His Kiss)

	Cher: The Shoop Shoop Song (It's In His Kiss) [cached]

Searching: 38 Special: The Sound Of Your Voice

	38 Special: The Sound Of Your Voice [cached]

Searching: Guns N' Roses: Live And Let Die

	Guns N' Roses: Live And Let Die [cached]

Searching: Shabba Ranks (Featuring Johnny Gill): Slow And Sexy

	Shabba Ranks: Slow & Sexy (feat. Johnny Gill) [cached]

Searching: Toni Braxton: Love Shoulda Brought You Home (From "Boomerang")

	Toni Braxton: Love Shoulda Brought You Home [cached]

Searching: Patty Smyth: No Mistakes

	 NOT FOUND

Searching: Intro: Come Inside

	Intro: Come Inside [cached]

Searching: Mint Condition: U Send Me Swingin'

	Mint Condition: U Send Me Swingin' [cached]

Searching: The B.C. 52's: (Meet) The Flintstones (From "The Flintstones")
=========> B C  52 s: Flintstones

	 NOT FOUND

Searching: Toad The Wet Sprocket: Fall Down

	Toad The Wet Sprocket: Fall Down [cached]

Searching: Public Enemy: Give It Up

	Public Enemy: Give It Up [cached]

Searching: Bonnie Raitt: You Got It (From "Boys On The Side")

	Bonnie Raitt: You Got to Know How - Remastered Version [cached]

Searching: Seal: Don't Cry

	Seal: Don't Cry [cached]

Searching: Lost Boyz: Renee

	Lost Boyz: Renee [cached]

Searching: Nate Dogg Featuring Snoop Doggy Dogg: Never Leave Me Alone

	Nate Dogg: Never Leave Me Alone [cached]

Searching: 112: Come See Me

	112: Come See Me [cached]

Searching: Kenny Lattimore: For You

	Kenny Lattimore: For You [cached]

Searching: En Vogue: Too Gone, Too Long

	En Vogue: Too Gone, Too Long [cached]

Searching: Faith Hill: Let Me Let Go

	Faith Hill: Let's Go to Vegas [cached]

Searching: John Michael Montgomery: Hold On To Me

	John Michael Montgomery: Hold on to Me [cached]

Searching: Blessid Union Of Souls: Hey Leonardo (She Likes Me For Me)

	Blessid Union Of Souls: Hey Leonardo (She Likes Me for Me) - Live [cached]

Searching: Destiny's Child: Bug A Boo

	Destiny's Child: Bug a Boo (H-Town Screwed Mix) [cached]

Searching: Ol' Dirty Bastard Featuring Kelis: Got Your Money

	Ol' Dirty Bastard: Got Your Money (feat. Kelis) [cached]

Searching: Bon Jovi: It's My Life

	Bon Jovi: It's My Life [cached]

Searching: P!nk: You Make Me Sick

	P!nk: You Make Me Sick - Radio Mix [cached]

Searching: Travis Tritt: It's A Great Day To Be Alive

	Travis Tritt: It's A Great Day To Be Alive [cached]

Searching: P. Diddy, Black Rob & Mark Curry: Bad Boy For Life
=========> P  Diddy  Black Rob: Bad Boy For Life

	 NOT FOUND

Searching: Brooks & Dunn: Only In America

	Brooks & Dunn: Only in America [cached]

Searching: Fabolous: Young'n (Holla Back)

	Fabolous: Young'n [cached]

Searching: Tim McGraw: The Cowboy In Me

	Tim McGraw: The Cowboy In Me [cached]

Searching: Ginuwine: Stingy

	Ginuwine: Stingy [cached]

Searching: Faith Hill: Cry

	Faith Hill: Cry [cached]

Searching: Baby Featuring P. Diddy: Do That...

	Yung Baby Tate: Do Me Like That (feat. Buddy) [from Insecure: Music From The HBO Original Series, Season 4] [cached]

Searching: Panjabi MC Featuring Jay-Z: Beware Of The Boys (Mundian To Bach Ke)
=========> Panjabi MC: Beware Of Boys

	 NOT FOUND

Searching: John Mayer: Bigger Than My Body

	John Mayer: Bigger Than My Body [cached]

Searching: Christina Aguilera: The Voice Within

	Christina Aguilera: The Voice Within [cached]

Searching: Westside Connection Featuring Nate Dogg: Gangsta Nation

	Westside Connection: Gangsta Nation [cached]

Searching: Sara Evans: Suds In The Bucket

	Sara Evans: Suds in the Bucket [cached]

Searching: Lonestar: Mr. Mom

	Lonestar: Mr. Mom [cached]

Searching: Kenny Chesney: The Woman With You

	Kenny Chesney: The Woman with You [cached]

Searching: Keith Urban: You're My Better Half

	Keith Urban: You're My Better Half [cached]

Searching: My Chemical Romance: Helena (So Long & Goodnight)

	My Chemical Romance: Helena [cached]

Searching: Cast Of Rent: Seasons Of Love

	Cast Of Rent: Seasons of Love - From the Motion Picture RENT [cached]

Searching: Sheryl Crow & Sting: Always On Your Side

	Sheryl Crow: Always On Your Side [cached]

Searching: Rodney Atkins: If You're Going Through Hell (Before The Devil Even Knows)

	Rodney Atkins: If You're Going Through Hell (Before The Devil Even Knows) [cached]

Searching: Brooke Hogan Featuring Paul Wall: About Us
=========> Brooke Hogan: About Us

	 NOT FOUND

Searching: Jesse McCartney: Right Where You Want Me

	Jesse McCartney: Right Where You Want Me - Radio Edit Version [cached]

Searching: Cassidy Featuring Swizz Beatz: My Drink N' My 2 Step

	Cassidy: My Drink N' My 2 Step (feat. Swizz Beatz) [cached]

Searching: Bow Wow & Omarion: Girlfriend

	Bow Wow: Girlfriend [cached]

Searching: Mario: Crying Out For Me

	Mario: Crying Out For Me [cached]

Searching: George Strait: I Saw God Today

	George Strait: I Saw God Today [cached]

Searching: Lifehouse: Whatever It Takes

	Lifehouse: Whatever It Takes [cached]

Searching: Brad Paisley: I'm Still A Guy

	Brad Paisley: I'm Still a Guy [cached]

Searching: Cast Of Camp Rock: We Rock

	Cast Of Camp Rock: We Rock [cached]

Searching: Taylor Swift: Should've Said No

	Taylor Swift: Should've Said No [cached]

Searching: Yung Berg Featuring Casha: The Business

	Yung Berg: The Business (featuring Casha) [cached]

Searching: Ludacris Co-Starring Chris Brown & Sean Garrett: What Them Girls Like
=========> Ludacris Co Starring Chris Brown: What Them Girls Like

	 NOT FOUND

Searching: Montgomery Gentry: Roll With Me

	Montgomery Gentry: Roll with Me [cached]

Searching: Paramore: Decode

	Paramore: Decode - Twilight Soundtrack Version [cached]

Searching: Lil Wayne: Hot Revolver

	Lil Wayne: Hot Revolver [cached]

Searching: Sugarland: It Happens

	Sugarland: It Happens [cached]

Searching: Maxwell: Pretty Wings

	Maxwell: Pretty Wings - uncut [cached]

Searching: Chris Young: Gettin' You Home

	Chris Young: Gettin' You Home [cached]

Searching: T-Pain Featuring Chris Brown: Best Love Song

	T-Pain: Best Love Song (feat. Chris Brown) [cached]

Searching: Glee Cast: Light Up The World

	Glee Cast: Light Up The World (Glee Cast Version) [cached]

Searching: Kenny Chesney Featuring Grace Potter: You And Tequila

	Kenny Chesney: You and Tequila [cached]

Searching: Lil Wayne: Blunt Blowin

	Lil Wayne: Blunt Blowin [cached]

Searching: Lee Brice: A Woman Like You

	Lee Brice: A Woman Like You [cached]

Searching: Tyga Featuring Lil Wayne: Faded

	Tyga: Faded [cached]

Searching: Dierks Bentley: 5-1-5-0

	Dierks Bentley: 5-1-5-0 [cached]

Searching: One Direction: Little Things

	One Direction: Little Things [cached]

Searching: Ace Hood Featuring Future & Rick Ross: Bugatti

	Ace Hood: Bugatti [cached]

Searching: Keith Urban: Little Bit Of Everything

	Keith Urban: Little Bit Of Everything [cached]

Searching: Lee Brice: I Don't Dance

	Lee Brice: I Don't Dance [cached]

Searching: T.I. Featuring Iggy Azalea: No Mediocre

	T.I.: No Mediocre (feat. Iggy Azalea) [cached]

Searching: Fetty Wap: Again

	Fetty Wap: Again [cached]

Searching: Chris Young: I'm Comin' Over

	Chris Young: I'm Comin' Over [cached]

Searching: Drake: Hype

	Drake: Hype [cached]

Searching: Skrillex & Rick Ross: Purple Lamborghini

	Skrillex: Purple Lamborghini (with Rick Ross) [cached]

Searching: Kendrick Lamar Featuring U2: XXX.

	Kendrick Lamar: XXX. FEAT. U2. [cached]

Searching: YFN Lucci Featuring PnB Rock: Everyday We Lit

	YFN Lucci: Everyday We Lit (feat. PnB Rock) [cached]

Searching: Bruno Mars: Versace On The Floor

	Bruno Mars: Versace on the Floor [cached]

Searching: Luke Combs: When It Rains It Pours

	Luke Combs: When It Rains It Pours [cached]

Searching: SZA: The Weekend

	SZA: The Weekend - Funk Wav Remix [cached]

Searching: Mac Miller: Self Care

	Mac Miller: Self Care [cached]

Searching: Normani: Motivation

	Normani: Motivation [cached]

Searching: Post Malone: I'm Gonna Be

	Post Malone: I'm Gonna Be [cached]

Searching: Kanye West Featuring Ty Dolla $ign & Ant Clemons: Everything We Need

	Kanye West: Everything We Need [cached]

Searching: Bad Bunny: Vete

	Bad Bunny: Vete [cached]

Searching: Lil Wayne Featuring Big Sean & Lil Baby: I Do It

	Lil Wayne: I Do It (ft. Big Sean, Lil Baby) [cached]

Searching: Bad Bunny: La Dificil

	Bad Bunny: La Difícil [cached]

Searching: Lil Uzi Vert: Bigger Than Life

	Lil Uzi Vert: Bigger Than Life [cached]

Searching: Jonas Brothers Featuring Karol G: X

	Jonas Brothers: X (with KAROL G) [cached]

Searching: Lady Gaga & BLACKPINK: Sour Candy

	Lady Gaga: Sour Candy (with BLACKPINK) [cached]

Searching: BLACKPINK: How You Like That

	BLACKPINK: How You Like That [cached]

Searching: 21 Savage & Metro Boomin: Many Men

	21 Savage: Many Men [cached]

Searching: HARDY Featuring Lauren Alaina & Devin Dawson: One Beer

	HARDY: ONE BEER (feat. Lauren Alaina & Devin Dawson) [cached]

Searching: Michael Buble: It's Beginning To Look A Lot Like Christmas

	Michael Bublé: It's Beginning to Look a Lot like Christmas [cached]
