Found 238/248 = 96%
10 not found: 
Adrian Kimberly: The Graduation Song... Pomp And Circumstance
Andy Williams: Wrong For Each Other
Mary Wells: Use Your Head
Sam Neely: You Can Have Her
John Miles: Slowdown
Dr. Hook: Girls Can Get It
Sneaker: More Than Just The Two Of Us
Sharon Bryant: Let Go
Natalie Cole: Wild Women Do (From "Pretty Woman")
Dixie Chicks: You Were Mine
--------- log -----------
Searching: Elvis Presley With The Jordanaires: Don't Ask Me Why

	Elvis Presley: Don't Ask Me Why [cached]

Searching: Betty Madigan: Dance Everyone Dance

	Betty Madigan: Dance Everyone Dance - Remastered [cached]

Searching: Pat Boone: I'll Remember Tonight

	Pat Boone: I'll Remember Tonight - Live [cached]

Searching: Connie Francis: You're Gonna Miss Me

	Connie Francis: You're Gonna Miss Me [cached]

Searching: Kitty Kallen: If I Give My Heart To You

	Kitty Kallen: If I Give My Heart to You - Single Version [cached]

Searching: Dancer, Prancer And Nervous: The Happy Reindeer

	Dancer Prancer And Nervous: The Happy Reindeer [cached]

Searching: Jackie Wilson: Talk That Talk

	Jackie Wilson: Talk That Talk [cached]

Searching: Freddy Cannon: Chattanooga Shoe Shine Boy

	Freddy Cannon: Chattanooga Shoe Shine Boy [cached]

Searching: Jack Scott: Oh, Little One

	Jack Scott: Oh, Little One [cached]

Searching: Ricky Nelson: Yes Sir, That's My Baby

	Ricky Nelson: Yes Sir, That's My Baby - Remastered [cached]

Searching: Etta James: My Dearest Darling

	Etta James: My Dearest Darling [cached]

Searching: Marty Robbins: Ballad Of The Alamo

	Marty Robbins: Ballad Of The Alamo [cached]

Searching: Connie Francis: No One

	Connie Francis: Who's Sorry Now [cached]

Searching: Dee Clark: Your Friends

	Dee Clark: Your Friends [cached]

Searching: Adrian Kimberly: The Graduation Song... Pomp And Circumstance
=========> Adrian Kimberly: Graduation Song    Pomp And Circumstance

	 NOT FOUND

Searching: Slim Harpo: Rainin' In My Heart

	Slim Harpo: Rainin' In My Heart [cached]

Searching: Frank Sinatra: Pocketful Of Miracles

	Frank Sinatra: Pocketful Of Miracles [cached]

Searching: Jackie Wilson: The Greatest Hurt

	Jackie Wilson: The Greatest Hurt [cached]

Searching: The Marvelettes: Twistin' Postman

	The Marvelettes: Twistin' Postman [cached]

Searching: The Paris Sisters: He Knows I Love Him Too Much

	The Paris Sisters: He Knows I Love Him Too Much [cached]

Searching: Etta James: Stop The Wedding

	Etta James: Stop the Wedding [cached]

Searching: LaVern Baker: See See Rider

	LaVern Baker: See See Rider [cached]

Searching: Bobby Vee: Be True To Yourself

	Bobby Vee: Be True To Yourself [cached]

Searching: Patti LaBelle And The Blue Belles: You'll Never Walk Alone

	Patti LaBelle: You'll Never Walk Alone - Remastered [cached]

Searching: Elvis Presley With The Jordanaires: Kiss Me Quick

	Elvis Presley: Kiss Me Quick [cached]

Searching: Andy Williams: Wrong For Each Other

	 NOT FOUND

Searching: B.B. King: Rock Me Baby

	B.B. King: Rock Me Baby [cached]

Searching: The Ronettes: Do I Love You?

	The Ronettes: Do I Love You? [cached]

Searching: The Searchers: Some Day We're Gonna Love Again

	Mike Pender's Searchers: Some Day We're Gonna Love Again [cached]

Searching: Dionne Warwick: You'll Never Get To Heaven (If You Break My Heart)

	Dionne Warwick: You'll Never Get to Heaven If You Break My Heart [cached]

Searching: Nat King Cole: I Don't Want To See Tomorrow

	Nat King Cole: I Don't Want To See Tomorrow [cached]

Searching: Martha & The Vandellas: Wild One

	Martha Reeves & The Vandellas: Wild One [cached]

Searching: Mary Wells: Use Your Head

	 NOT FOUND

Searching: Tony Bennett: If I Ruled The World

	Tony Bennett: If I Ruled the World (with Céline Dion) [cached]

Searching: The Marvelettes: I'll Keep Holding On

	The Marvelettes: I'll Keep Holding On - Single Version [cached]

Searching: Roger Miller: One Dyin' And A Buryin'

	Roger Miller: One Dyin' And A Buryin' [cached]

Searching: The Kinks: Who'll Be The Next In Line

	The Kinks: Who'll Be the Next In Line [cached]

Searching: Little Anthony And The Imperials: I Miss You So

	Little Anthony & The Imperials: I Miss You So [cached]

Searching: The Animals: Inside-Looking Out

	The Animals: Inside Looking Out [cached]

Searching: Just Us: I Can't Grow Peaches On A Cherry Tree

	Just Us: I Can't Grow Peaches on a Cherry Tree [cached]

Searching: Frank Gallop: The Ballad Of Irving

	Frank Gallop: The Ballad of Irving [cached]

Searching: B.J. Thomas And The Triumphs: Billy And Sue

	B.J. Thomas: Billy & Sue [cached]

Searching: The Innocence: There's Got To Be A Word!

	The Innocence: There's Got To Be A Word [cached]

Searching: Andy Williams: Music To Watch Girls By

	Andy Williams: Music to Watch Girls By [cached]

Searching: Brenton Wood: The Oogum Boogum Song

	Brenton Wood: The Oogum Boogum Song [cached]

Searching: The Beatles: Baby You're A Rich Man

	The Beatles: Baby, You're A Rich Man - Remastered 2009 [cached]

Searching: Procol Harum: Homburg

	Procol Harum: Homburg - Single Version - 2009 Remaster - Mono [cached]

Searching: The 5th Dimension: Paper Cup

	The 5th Dimension: Paper Cup - Digitally Remastered 1997 [cached]

Searching: Brenton Wood: Baby You Got It

	Brenton Wood: Baby You Got It [cached]

Searching: Vikki Carr: The Lesson

	Vikki Carr: The Lesson - Bonus Track [cached]

Searching: Marvin Gaye: You

	Marvin Gaye: How Sweet It Is (To Be Loved By You) [cached]

Searching: The Monkees: Tapioca Tundra

	The Monkees: Tapioca Tundra [cached]

Searching: The Fantastic Johnny C: Hitch It To The Horse

	The Fantastic Johnny C: Hitch It To The Horse [cached]

Searching: Jackie Wilson: I Get The Sweetest Feeling

	Jackie Wilson: I Get The Sweetest Feeling [cached]

Searching: The Meters: Sophisticated Cissy

	The Meters: Sophisticated Cissy [cached]

Searching: The Vogues: No, Not Much

	The Vogues: No Not Much [cached]

Searching: Tyrone Davis: Is It Something You've Got

	Tyrone Davis: Is It Something That You've Got? [cached]

Searching: Bobby Vinton: To Know You Is To Love You

	Bobby Vinton: To Know You Is to Love You [cached]

Searching: The Flirtations: Nothing But A Heartache

	The Flirtations: Nothing But A Heartache [cached]

Searching: Bobby Vinton: The Days Of Sand And Shovels

	Bobby Vinton: The Days of Sand and Shovels [cached]

Searching: O.C. Smith: Daddy's Little Man

	O.C. Smith: Daddy's Little Man [cached]

Searching: Nilsson: I Guess The Lord Must Be In New York City

	Harry Nilsson: I Guess the Lord Must Be in New York City [cached]

Searching: The Original Caste: One Tin Soldier

	The Original Caste: One Tin Soldier - Theme from Billy Jack [cached]

Searching: Lenny Welch: Breaking Up Is Hard To Do

	Lenny Welch: Breaking Up Is Hard to Do [cached]

Searching: Ike & Tina Turner & The Ikettes: I Want To Take You Higher

	Ike & Tina Turner: I Want To Take You Higher [cached]

Searching: The Flaming Ember: I'm Not My Brothers Keeper

	Flaming Ember: I'm Not My Brothers Keeper [cached]

Searching: James Brown: Get Up, Get Into It, Get Involved (Pt. 1)

	James Brown: Get Up, Get Into It, Get Involved - Pt. 1 & 2 / Mono [cached]

Searching: The Mike Curb Congregation: Burning Bridges

	Mike Curb Congregation: Burning Bridges - Re-Recorded In Stereo [cached]

Searching: Elton John: Friends

	Elton John: Friends Never Say Goodbye - From "The Road To El Dorado" Soundtrack [cached]

Searching: Nilsson: Me And My Arrow

	Harry Nilsson: Me and My Arrow [cached]

Searching: B.J. Thomas: Mighty Clouds Of Joy

	B.J. Thomas: Mighty Clouds of Joy [cached]

Searching: The Who: Behind Blue Eyes

	The Who: Behind Blue Eyes [cached]

Searching: The Grass Roots: Glory Bound

	The Grass Roots: Glory Bound [cached]

Searching: Andy Williams: Love Theme From "The Godfather" (Speak Softly Love)

	Andy Williams: Speak Softly Love - Love Theme from "The Godfather" [cached]

Searching: The Band: Don't Do It

	Jack and the Ripper Girl: Relax - Don't Do It [cached]

Searching: Lighthouse: Sunny Days

	lighthouse: Sunny Days [cached]

Searching: Bee Gees: Alive

	Bee Gees: Stayin Alive [cached]

Searching: Diana Ross: Good Morning Heartache

	Diana Ross: Good Morning Heartache [cached]

Searching: The Dells: Give Your Baby A Standing Ovation

	The Dells: Give Your Baby A Standing Ovation [cached]

Searching: Neil Diamond: Be

	Neil Diamond: Girl, You'll Be A Woman Soon [cached]

Searching: Ian Thomas: Painted Ladies

	Ian Thomas: Painted Ladies [cached]

Searching: Wednesday: Last Kiss

	Wednesday: Last Kiss [cached]

Searching: Johnnie Taylor: We're Getting Careless With Our Love

	Johnnie Taylor: We're Getting Careless With Our Love [cached]

Searching: Bloodstone: Outside Woman

	Bloodstone: Outside Woman [cached]

Searching: Garfunkel: Second Avenue

	Art Garfunkel: Second Avenue [cached]

Searching: Sam Neely: You Can Have Her

	 NOT FOUND

Searching: Billy Joel: The Entertainer

	Billy Joel: The Entertainer [cached]

Searching: Neil Diamond: I've Been This Way Before

	Neil Diamond: I’ve Been This Way Before - Classic Diamonds [cached]

Searching: Tony Orlando & Dawn: You're All I Need To Get By

	Tony Orlando & Dawn: You'Re All I Need To Get By [cached]

Searching: The Outlaws: There Goes Another Love Song

	The Outlaws: There Goes Another Love Song [cached]

Searching: Todd Rundgren: Good Vibrations

	Todd Rundgren: Good Vibrations [cached]

Searching: Eric Carmen: Sunrise

	Eric Carmen: Sunrise [cached]

Searching: Tavares: Don't Take Away The Music

	Tavares: Don't Take Away The Music [cached]

Searching: Foghat: Drivin' Wheel

	Foghat: Drivin' Wheel [cached]

Searching: John Travolta: All Strung Out On You

	John Travolta: All Strung out on You [cached]

Searching: Firefall: Cinderella

	Firefall: Cinderella [cached]

Searching: John Miles: Slowdown

	 NOT FOUND

Searching: Elton John: Ego

	Elton John: Ego [cached]

Searching: Cheryl Ladd: Think It Over

	Cheryl Ladd: Think It Over [cached]

Searching: Heart: Dog + Butterfly

	Heart: Dog & Butterfly [cached]

Searching: Chuck Brown & The Soul Searchers: Bustin' Loose

	Chuck Brown and the Soul Searchers: Bustin' Loose [cached]

Searching: April Wine: Roller

	April Wine: Roller - Remastered [cached]

Searching: Thelma Houston: Saturday Night, Sunday Morning

	Thelma Houston: Saturday Night, Sunday Morning [cached]

Searching: Nigel Olsson: Little Bit Of Soap

	Nigel Olsson: A Little Bit of Soap [cached]

Searching: Yvonne Elliman: Love Pains

	Yvonne Elliman: Love Pains - Extended 12" Version [cached]

Searching: Tom Johnston: Savannah Nights

	Tom Johnston: Savannah Nights [cached]

Searching: John Stewart: Lost Her In The Sun

	John Stewart: Lost Her In The Sun [cached]

Searching: ZZ Top: I Thank You

	ZZ Top: I Thank You [cached]

Searching: Cliff Richard: Carrie

	Cliff Richard: Carrie - 2001 Remaster [cached]

Searching: Jermaine Jackson: You're Supposed To Keep Your Love For Me

	Jermaine Jackson: You're Supposed To Keep Your Love For Me [cached]

Searching: Pure Prairie League: I'm Almost Ready

	Pure Prairie League: I'm Almost Ready [cached]

Searching: Dr. Hook: Girls Can Get It
=========> Dr  Hook: Girls Can Get It

	 NOT FOUND

Searching: Journey: The Party's Over (Hopelessly In Love)

	Journey: The Party's Over (Hopelessly in Love) [cached]

Searching: Anne Murray: Blessed Are The Believers

	Anne Murray: Blessed Are The Believers [cached]

Searching: Joe Walsh: A Life Of Illusion

	Joe Walsh: A Life of Illusion [cached]

Searching: Elton John: Chloe

	Elton John: Carla/Etude - Fanfare - Chloe - Remastered 2003 [cached]

Searching: Sneaker: More Than Just The Two Of Us
=========> Sneaker: More Than Just Two Of Us

	 NOT FOUND

Searching: Chris de Burgh: Don't Pay The Ferryman

	Chris de Burgh: Don't Pay The Ferryman [cached]

Searching: Michael Sembello: Automatic Man

	Michael Sembello: Automatic Man [cached]

Searching: Loverboy: Queen Of The Broken Hearts

	Loverboy: Queen Of The Broken Hearts [cached]

Searching: Asia: The Smile Has Left Your Eyes

	Asia: The Smile Has Left Your Eyes [cached]

Searching: Bonnie Tyler: Holding Out For A Hero

	Bonnie Tyler: Holding Out for a Hero - From "Footloose" Soundtrack [cached]

Searching: The Alan Parsons Project: Prime Time

	The Alan Parsons Project: Prime Time [cached]

Searching: Spandau Ballet: Only When You Leave

	Spandau Ballet: Only When You Leave [cached]

Searching: Sheila E.: The Belle Of St. Mark

	Sheila E.: The Belle of St. Mark [cached]

Searching: Don Henley: Not Enough Love In The World

	Don Henley: Not Enough Love In The World [cached]

Searching: Lisa Lisa And Clult Jam With Full Force: I Wonder If I Take You Home

	Lisa Lisa & Cult Jam: I Wonder If I Take You Home [cached]

Searching: REO Speedwagon: Live Every Moment

	REO Speedwagon: Live Every Moment [cached]

Searching: Michael McDonald: No Lookin' Back

	Michael McDonald: No Lookin' Back [cached]

Searching: The Power Station: Communication

	The Power Station: Communication - 2005 Remaster [cached]

Searching: Billy Joel: The Night Is Still Young

	Billy Joel: The Night Is Still Young [cached]

Searching: Ray Parker Jr.: Girls Are More Fun

	Ray Parker Jr.: Girls Are More Fun - Single Version [cached]

Searching: Honeymoon Suite: Feel It Again

	Honeymoon Suite: Feel It Again [cached]

Searching: Art Of Noise With Max Headroom: Paranoimia

	The Art Of Noise: Paranoimia (feat. Max Headroom) - 7" Mix; 2017 Remaster [cached]

Searching: Glass Tiger: I Will Be There

	Glass Tiger: I Will Be There [cached]

Searching: Van Halen: Black And Blue

	Van Halen: Black and Blue [cached]

Searching: Robbie Nevil: Back On Holiday

	Robbie Nevil: Back On Holiday [cached]

Searching: De La Soul: Me Myself And I

	De La Soul: Me Myself And I [cached]

Searching: Sharon Bryant: Let Go

	 NOT FOUND

Searching: Natalie Cole: Wild Women Do (From "Pretty Woman")
=========> Natalie Cole: Wild Women Do

	 NOT FOUND

Searching: Breathe Featuring David Glasper: Does She Love That Man?

	Breathe: Does She Love That Man? [cached]

Searching: Tony Toni Tone: It Never Rains (In Southern California)

	Tony! Toni! Toné!: It Never Rains (In Southern California) [cached]

Searching: Ralph Tresvant: Stone Cold Gentleman

	Ralph Tresvant: Stone Cold Gentleman [cached]

Searching: Jasmine Guy: Just Want To Hold You

	Jasmine Guy: Just Want to Hold You [cached]

Searching: The Party: In My Dreams

	The Party: In My Dreams [cached]

Searching: Metallica: Nothing Else Matters

	Metallica: Nothing Else Matters [cached]

Searching: Bonnie Raitt: Not The Only One

	Bonnie Raitt: Not The Only One - Radio Edit [cached]

Searching: Annie Lennox: Why

	Annie Lennox: Why [cached]

Searching: The S.O.U.L. S.Y.S.T.E.M.: It's Gonna Be A Lovely Day

	S.O.U.L. S.Y.S.T.E.M.: It's Gonna Be A Lovely Day [cached]

Searching: Def Leppard: Stand Up (Kick Love Into Motion)

	Def Leppard: Stand Up (Kick Love Into Motion) [cached]

Searching: Radiohead: Creep

	Radiohead: Creep [cached]

Searching: Dr. Dre: Let Me Ride

	Dr. Dre: Let Me Ride [cached]

Searching: M People: Moving On Up

	M People: Moving on Up [cached]

Searching: Shai: The Place Where You Belong (From "Beverly Hills Cop III")

	Shai: The Place Where You Belong [cached]

Searching: BLACKstreet: Booti Call

	Blackstreet: Booti Call [cached]

Searching: Kut Klose: I Like

	Kut Klose: I Like [cached]

Searching: Brandy: Best Friend

	Brandy: Best Friend [cached]

Searching: Elton John: Blessed

	Elton John: Blessed [cached]

Searching: The Roots: What They Do

	The Roots: What They Do [cached]

Searching: Rampage Featuring Billy Lawrence: Take It To The Streets

	Rampage & Billy Lawrence: Take It to the Streets [cached]

Searching: LeAnn Rimes: You Light Up My Life

	LeAnn Rimes: You Light Up My Life [cached]

Searching: Mya Featuring Silkk The Shocker: Movin' On

	Mýa: Movin' On [cached]

Searching: Jo Dee Messina: Stand Beside Me

	Jo Dee Messina: Stand Beside Me [cached]

Searching: Dixie Chicks: You Were Mine

	 NOT FOUND

Searching: Mark Wills: Wish You Were Here

	Mark Wills: Wish You Were Here [cached]

Searching: Kenny Chesney: You Had Me From Hello

	Kenny Chesney: You Had Me from Hello [cached]

Searching: Eve Featuring Faith Evans: Love Is Blind

	Eve: Love Is Blind [cached]

Searching: J-Shin Featuring LaTocha Scott: One Night Stand

	J-Shin: One Night Stand (feat. LaTocha Scott of Xscape) [cached]

Searching: Kenny Chesney: I Lost It

	Kenny Chesney: I Lost It [cached]

Searching: Sara Evans: Born To Fly

	Sara Evans: Born to Fly [cached]

Searching: 98 Degrees: My Everything

	98º: My Everything [cached]

Searching: The Corrs: Breathless

	The Corrs: Breathless [cached]

Searching: Alan Jackson: Where I Come From

	Alan Jackson: Where I Come From [cached]

Searching: George Strait: Run

	George Strait: Run [cached]

Searching: R. Kelly: The World's Greatest

	R. Kelly: The World's Greatest [cached]

Searching: B2K: Gots Ta Be

	B2K: Gots Ta Be [cached]

Searching: Red Hot Chili Peppers: By The Way

	Red Hot Chili Peppers: By the Way [cached]

Searching: Shania Twain: I'm Gonna Getcha Good!

	Shania Twain: I'm Gonna Getcha Good! - Red Single Edit [cached]

Searching: Emerson Drive: Fall Into Me

	Emerson Drive: Fall into Me [cached]

Searching: Rascal Flatts: I Melt

	Rascal Flatts: I Melt [cached]

Searching: Young Buck: Let Me In

	Young Buck: Let Me In [cached]

Searching: Eminem: Like Toy Soldiers

	Eminem: Like Toy Soldiers [cached]

Searching: Cassidy: I'm A Hustla

	Cassidy: I'm A Hustla - Street Mix/ Dirty Version [cached]

Searching: Keith Urban: Making Memories Of Us

	Keith Urban: Making Memories Of Us [cached]

Searching: Alicia Keys: Unbreakable

	Alicia Keys: Unbreakable - Unplugged Live at the Brooklyn Academy of Music, Brooklyn, NY - July 2005 [cached]

Searching: High School Musical Cast: We're All In This Together

	High School Musical Cast: We're All In This Together - From "High School Musical"/Soundtrack Version [cached]

Searching: Kenny Chesney: Summertime

	Kenny Chesney: Summertime [cached]

Searching: The Wreckers: Leave The Pieces

	The Wreckers: Leave the Pieces [cached]

Searching: Heartland: I Loved Her First

	Heartland: I Loved Her First [cached]

Searching: Augustana: Boston

	Augustana: Boston [cached]

Searching: Down A.K.A. Kilo: Lean Like A Cholo

	Down A.K.A Kilo: Lean Like A Cholo [cached]

Searching: Zac Efron & Vanessa Anne Hudgens: Gotta Go My Own Way

	Zac Efron: Gotta Go My Own Way [cached]

Searching: T.I. Featuring Wyclef Jean: You Know What It Is

	T.I.: You Know What It Is [cached]

Searching: Guns N' Roses: Chinese Democracy

	Guns N' Roses: Chinese Democracy [cached]

Searching: Brandy: Right Here (Departed)

	Brandy: Right Here (Departed) [cached]

Searching: Plain White T's: 1, 2, 3, 4

	Plain White T's: 1, 2, 3, 4 [cached]

Searching: Keith Urban: Only You Can Love Me This Way

	Keith Urban: Only You Can Love Me This Way - Live At Broken Radio, San Francisco, CA/2009/iTunes Original [cached]

Searching: Glee Cast: Sweet Caroline

	Glee Cast: Sweet Caroline (Glee Cast Version) [cached]

Searching: Taylor Swift: Forever & Always

	Taylor Swift: Forever & Always [cached]

Searching: Luke Bryan: Do I

	Luke Bryan: I Don't Want This Night To End [cached]

Searching: John Mayer: Heartbreak Warfare

	John Mayer: Heartbreak Warfare [cached]

Searching: Joe Nichols: Gimmie That Girl

	Joe Nichols: Gimmie That Girl [cached]

Searching: Nickelback: This Afternoon

	Nickelback: This Afternoon [cached]

Searching: Jaron And The Long Road To Love: Pray For You

	Jaron And The Long Road To Love: Pray For You [cached]

Searching: Zac Brown Band: Free

	Zac Brown Band: Free [cached]

Searching: Soulja Boy Tell'em: Pretty Boy Swag

	Soulja Boy: Pretty Boy Swag [cached]

Searching: Train: If It's Love

	Train: If It's Love [cached]

Searching: Dr. Dre Featuring Snoop Dogg & Akon: Kush

	Dr. Dre: Kush - Main [cached]

Searching: Train: Marry Me

	Train: Marry Me [cached]

Searching: Glee Cast: Firework

	Glee Cast: Firework (Glee Cast Version) [cached]

Searching: Sara Evans: A Little Bit Stronger

	Sara Evans: A Little Bit Stronger [cached]

Searching: Glee Cast: Friday

	Glee Cast: Last Friday Night (Glee Cast Version) (feat. Darren Criss) [cached]

Searching: Lady Antebellum: Wanted You More

	Lady A: Wanted You More [cached]

Searching: Chris Young: You

	Chris Brown: Go Crazy (Remix) (feat. Young Thug, Future, Lil Durk & Mulatto) [cached]

Searching: No Doubt: Settle Down

	No Doubt: Settle Down [cached]

Searching: Gloriana: (Kissed You) Good Night

	Gloriana: (Kissed You) Good Night [cached]

Searching: Christina Aguilera: Your Body

	Christina Aguilera: Your Body [cached]

Searching: Labrinth Featuring Emeli Sande: Beneath Your Beautiful

	Labrinth: Beneath Your Beautiful (feat. Emeli Sandé) [cached]

Searching: Carrie Underwood: See You Again

	Carrie Underwood: See You Again [cached]

Searching: Katy Perry: Walking On Air

	Katy Perry: Walking On Air [cached]

Searching: Taylor Swift: Sweeter Than Fiction

	Taylor Swift: Sweeter Than Fiction - From "One Chance" Soundtrack [cached]

Searching: Jerrod Niemann: Drink To That All Night

	Jerrod Niemann: Drink to That All Night [cached]

Searching: 5 Seconds Of Summer: Good Girls

	5 Seconds of Summer: Good Girls [cached]

Searching: Lorde: Yellow Flicker Beat

	Lorde: Yellow Flicker Beat [cached]

Searching: Ed Sheeran: Make It Rain

	Ed Sheeran: Make It Rain [cached]

Searching: Craig Wayne Boyd: My Baby's Got A Smile On Her Face

	Craig Wayne Boyd: My Baby’s Got A Smile On Her Face [cached]

Searching: Kanye West: Famous

	Kanye West: Famous [cached]

Searching: Fergie: M.I.L.F. $

	Fergie: M.I.L.F. $ [cached]

Searching: Desiigner: Tiimmy Turner

	Desiigner: Tiimmy Turner [cached]

Searching: The Weeknd: Six Feet Under

	The Weeknd: Six Feet Under [cached]

Searching: J. Cole: She's Mine Pt. 2

	J. Cole: She's Mine Pt. 1 [cached]

Searching: Little Big Town: Better Man

	Little Big Town: Better Man [cached]

Searching: XXXTENTACION: Look At Me!

	XXXTENTACION: Look At Me! [cached]

Searching: Post Malone: Candy Paint

	Post Malone: Candy Paint [cached]

Searching: Luke Combs: One Number Away

	Luke Combs: One Number Away [cached]

Searching: Sech, Darell, Nicky Jam, Ozuna & Anuel AA: Otro Trago

	Sech: Otro Trago - Remix [cached]

Searching: Post Malone Featuring SZA: Staring At The Sun

	Post Malone: Staring At The Sun (feat. SZA) [cached]

Searching: YNW Melly & 9lokknine: 223's

	YNW Melly: 223's (feat. 9lokknine) [cached]

Searching: Halsey: Graveyard

	Halsey: Graveyard [cached]

Searching: Demi Lovato: Anyone

	Demi Lovato: Anyone [cached]

Searching: Sam Hunt: Kinfolks

	Sam Hunt: Kinfolks [cached]

Searching: Lil Uzi Vert: Celebration Station

	Lil Uzi Vert: Celebration Station [cached]

Searching: Drake Featuring Fivio Foreign & Sosa Geek: Demons

	Drake: Demons (feat. Fivio Foreign & Sosa Geek) [cached]

Searching: Future Featuring YoungBoy Never Broke Again: Trillionaire

	Future: Trillionaire (feat. Youngboy Never Broke Again) [cached]

Searching: Pop Smoke Featuring Quavo: Aim For The Moon

	Pop Smoke: Aim For The Moon (feat. Quavo) [cached]

Searching: Juice WRLD: Stay High

	Juice WRLD: Stay High [cached]

Searching: Jack Harlow: Tyler Herro

	Jack Harlow: Tyler Herro [cached]

Searching: Taylor Swift Featuring HAIM: No Body, No Crime

	Taylor Swift: no body, no crime (feat. HAIM) [cached]
