Found 249/265 = 94%
16 not found: 
Conway Twitty: Is A Blue Bird Blue
Frankie Laine: Making Memories
Moms Mabley: Abraham, Martin And John
Elvis Presley: Clean Up Your Own Back Yard
Alice Cooper: Hello Hurray
The Road Apples: Let's Live Together
Meco: Themes From The Wizard Of Oz
Paul Anka: This Is Love
Herman Brood: Saturdaynight
Meco: Pop Goes The Movies Part I
The West Coast Rap All-Stars: We're All In the Same Gang
The Fixx: How Much Is Enough
Lina Santiago: Feels So Good (Show Me Your Love)
Purple Ribbon All-Stars: Kryptonite (I'm On It)
Lucas Grabeel & Ashley Tisdale: What I've Been Looking For
Young Jeezy Featuring Plies: Lose My Mind
--------- log -----------
Searching: Eddie Cochran: C'mon Everybody

	Eddie Cochran: C’Mon Everybody [cached]

Searching: Johnny Mathis: Someone

	Johnny Mathis: Someone [cached]

Searching: Jack Scott: The Way I Walk

	Jack Scott: The Way I Walk [cached]

Searching: The Revels: Midnight Stroll

	The Revels: Midnight Stroll [cached]

Searching: Hugo & Luigi: Just Come Home

	Hugo & Luigi: Just Come Home [cached]

Searching: Joni James: Little Things Mean A Lot

	Joni James: Little Things Mean A Lot [cached]

Searching: Percy Faith And His Orchestra: Theme For Young Lovers

	Percy Faith & His Orchestra: Theme for Young Lovers [cached]

Searching: Conway Twitty: Is A Blue Bird Blue

	 NOT FOUND

Searching: Al Caiola And His Orchestra: The Magnificent Seven

	Al Caiola: The Magnificent Seven [cached]

Searching: H.B. Barnum: Lost Love

	HB Barnum: Lost Love [cached]

Searching: The String-A-Longs: Brass Buttons

	The String-A-Longs: Brass Buttons [cached]

Searching: Donnie and The Dreamers: Count Every Star

	Donnie: Count Every Star [cached]

Searching: Roy Drusky: Three Hearts In A Tangle

	Roy Drusky: Three Hearts In A Tangle [cached]

Searching: Freddy Cannon: Transistor Sister

	Freddy Cannon: Transistor Sister [cached]

Searching: Paul Anka: Kissin' On The Phone

	Paul Anka: Kissin' on the Phone [cached]

Searching: Ray Stevens: Jeremiah Peabody's Poly Unsaturated Quick Dissolving Fast Acting Pleasant T

	Ray Stevens: Jeremiah Peabody's Poly Unsaturated Quick Dissolving Fast Acting Pleasant Tasting Green And Purple Pills [cached]

Searching: Pat Boone: Johnny Will

	Pat Boone: Johnny Will [cached]

Searching: Johnny Tillotson: Dreamy Eyes

	Johnny Tillotson: Dreamy Eyes [cached]

Searching: The Miracles: What's So Good About Good-by

	The Miracles: What's So Good About Good Bye [cached]

Searching: Leroy Van Dyke: If A Woman Answers (Hang Up The Phone)

	Leroy Van Dyke: If a Woman Answers [cached]

Searching: James Brown And The Famous Flames: Night Train

	James Brown: Night Train [cached]

Searching: Peter, Paul & Mary: Lemon Tree

	Peter, Paul and Mary: Lemon Tree - 2004 Remaster [cached]

Searching: Tommy Roe: Susie Darlin'

	Tommy Roe: Susie Darlin' [cached]

Searching: The Sherrys: Pop Pop Pop - Pie

	The Sherrys: Pop Pop Pop-Pie [cached]

Searching: Boots Randolph and his Combo: Yakety Sax

	Boots Randolph: Yakety Sax [cached]

Searching: Fats Domino: Red Sails In The Sunset

	Fats Domino: Red Sails In the Sunset [cached]

Searching: Peter, Paul & Mary: Stewball

	Peter, Paul and Mary: Stewball [cached]

Searching: The Miracles: I Gotta Dance To Keep From Crying

	The Miracles: I Gotta Dance To Keep From Crying [cached]

Searching: Dean And Jean: Tra La La La Suzy

	Dean & Jean: Tra La La La Suzy [cached]

Searching: Steve & Eydie: I Can't Stop Talking About You

	Steve Lawrence: I Can't Stop Talking about You [cached]

Searching: Brook Benton: Going Going Gone

	Brook Benton: Going Going Gone [cached]

Searching: Johnny Cash: Understand Your Man

	Johnny Cash: Understand Your Man - Stereo Version [cached]

Searching: The Beatles: Thank You Girl

	The Beatles: Thank You Girl - Remastered 2009 [cached]

Searching: Sam Cooke: Tennessee Waltz

	Sam Cooke: Tennessee Waltz [cached]

Searching: The Miracles: That's What Love Is Made Of

	The Miracles: That's What Love Is Made Of [cached]

Searching: Don Covay & The Goodtimers: Mercy, Mercy

	Don Covay: Mercy, Mercy [cached]

Searching: The Searchers: When You Walk In The Room

	The Searchers: When You Walk In the Room - Mono Version [cached]

Searching: The Ventures: Slaughter On Tenth Avenue

	The Ventures: Slaughter On Tenth Avenue [cached]

Searching: Eddie Rambeau: Concrete And Clay

	Eddie Rambeau: Concrete & Clay [cached]

Searching: The Spinners: I'll Always Love You

	The Spinners: I'll Always Love You [cached]

Searching: Chad & Jeremy: I Don't Wanna Lose You Baby

	Chad & Jeremy: I Don't Wanna Lose You Baby [cached]

Searching: Johnny Tillotson: Heartaches By The Number

	Johnny Tillotson: Heartaches By The Number [cached]

Searching: Otis Redding: Respect

	Otis Redding: Respect - Mono; 2008 Remaster [cached]

Searching: Johnny Rivers: Under Your Spell Again

	Johnny Rivers: Under Your Spell Again [cached]

Searching: Neal Hefti: Batman Theme

	Neal Hefti & his Orchestra and Chorus: Batman Theme - from "Batman" A Greenway Production in association with Twentieth Century-Fox Television [cached]

Searching: Dean Martin: Come Running Back

	Dean Martin: Come Running Back [cached]

Searching: Johnny Sea: Day For Decision

	Johnny Sea: Day for Decision [cached]

Searching: Jack Jones: The Impossible Dream (The Quest)

	Jack Jones: The Impossible Dream [cached]

Searching: The Association: Pandora's Golden Heebie Jeebies

	The Association: Pandora's Golden Heebie Jeebies - Remastered Version [cached]

Searching: Bobby Goldsboro: Blue Autumn

	Bobby Goldsboro: Blue Autumn [cached]

Searching: James Darren: All

	James Darren: All The Way [cached]

Searching: Herman's Hermits: No Milk Today

	Herman's Hermits: No Milk Today - Mono Version [cached]

Searching: Joe Tex: Show Me

	Joe Tex: Show Me [cached]

Searching: Frankie Laine: Making Memories

	 NOT FOUND

Searching: The Dave Clark Five: You Must Have Been A Beautiful Baby

	The Dave Clark Five: You Must Have Been a Beautiful Baby - 2019 - Remaster [cached]

Searching: Herb Alpert & The Tijuana Brass: A Banda (Ah Bahn-da)

	Herb Alpert & The Tijuana Brass: A Banda [cached]

Searching: Peter, Paul & Mary: Too Much Of Nothing

	Peter, Paul and Mary: Too Much of Nothing - 2004 Remaster [cached]

Searching: Etta James: Security

	Etta James: Security [cached]

Searching: Bobby Vee: My Girl/Hey Girl

	Bobby Vee: My Girl/Hey Girl [cached]

Searching: Ray Charles: Eleanor Rigby

	Ray Charles: Eleanor Rigby [cached]

Searching: Stevie Wonder: You Met Your Match

	Stevie Wonder: You Met Your Match [cached]

Searching: Tom Jones: Help Yourself

	Tom Jones: Help Yourself [cached]

Searching: The Delfonics: Break Your Promise

	The Delfonics: Break Your Promise - Remastered [cached]

Searching: The Delfonics: Ready Or Not Here I Come (Can't Hide From Love)

	The Delfonics: Ready or Not Here I Come (Can't Hide from Love) [cached]

Searching: The Royal Guardsmen: Baby Let's Wait

	The Royal Guardsmen: Baby Let's Wait [cached]

Searching: Donovan: To Susan On The West Coast Waiting

	Donovan: To Susan On The West Coast Waiting [cached]

Searching: Elvis Presley: Memories

	Elvis Presley: Memories - Live from the '68 Comeback Special [cached]

Searching: The Beatles With Billy Preston: Don't Let Me Down

	The Beatles: Don't Let Me Down - Remastered 2009 [cached]

Searching: Bill Deal & The Rhondels: I've Been Hurt

	Bill Deal & The Rhondels: I've Been Hurt [cached]

Searching: Dyke And The Blazers: We Got More Soul

	Dyke & The Blazers: We Got More Soul [cached]

Searching: Vikki Carr: With Pen In Hand

	Vikki Carr: With Pen In Hand [cached]

Searching: Moms Mabley: Abraham, Martin And John
=========> Moms Mabley: Abraham  Martin And John

	 NOT FOUND

Searching: Elvis Presley: Clean Up Your Own Back Yard

	 NOT FOUND

Searching: Glen Campbell: True Grit

	Glen Campbell: True Grit [cached]

Searching: Oliver: Sunday Mornin'

	Oliver Wallace: Sunday/The Rat/Morning Paper [cached]

Searching: Steppenwolf: Hey Lawdy Mama

	Steppenwolf: Hey Lawdy Mama - Single Version [cached]

Searching: The Grass Roots: Baby Hold On

	The Grass Roots: Baby Hold On [cached]

Searching: Chicago: Lowdown

	Chicago: Lowdown - 2002 Remaster [cached]

Searching: James Brown: Escape-ism (Part 1)

	James Brown: Escape-Ism - Pt. 1 [cached]

Searching: Graham Nash: Chicago

	Graham Nash: Chicago [cached]

Searching: War: All Day Music

	War: All Day Music [cached]

Searching: James Brown: I'm A Greedy Man - Part I

	James Brown: I'm A Greedy Man - Pt. 1 [cached]

Searching: Melanie: The Nickel Song

	Melanie: The Nickel Song [cached]

Searching: Gary Glitter: I Didn't Know I Loved You (Till I Saw You Rock And Roll)

	Gary Glitter: I Didn't Know I Loved You (Till I Saw You Rock & Roll) [cached]

Searching: The Doobie Brothers: Jesus Is Just Alright

	The Doobie Brothers: Jesus Is Just Alright with Me - 2007 Remaster [cached]

Searching: America: Don't Cross The River

	America: Don't Cross the River [cached]

Searching: Alice Cooper: Hello Hurray

	 NOT FOUND

Searching: The New Birth: I Can Understand It

	The New Birth: I Can Understand It [cached]

Searching: Raspberries: Let's Pretend

	Raspberries: Let's Pretend [cached]

Searching: Manu Dibango: Soul Makossa

	Manu Dibango: Soul Makossa [cached]

Searching: The Temptations: Hey Girl (i Like Your Style)

	The Temptations: Hey Girl (I Like Your Style) [cached]

Searching: Tavares: Check It Out

	Tavares: Check It Out [cached]

Searching: Paul Simon: American Tune

	Paul Simon: American Tune [cached]

Searching: The Main Ingredient: Happiness Is Just Around The Bend

	The Main Ingredient: Happiness Is Just Around the Bend [cached]

Searching: Atlanta Rhythm Section: Doraville

	Atlanta Rhythm Section: Doraville [cached]

Searching: Supertramp: Bloody Well Right

	Supertramp: Bloody Well Right [cached]

Searching: Elvis Presley: T-R-O-U-B-L-E

	Elvis Presley: T-R-O-U-B-L-E [cached]

Searching: Kool & The Gang: Spirit Of The Boogie/Summer Madness

	Kool & The Gang: Spirit Of The Boogie [cached]

Searching: Helen Reddy: Bluebird

	Helen Reddy: Bluebird [cached]

Searching: Joan Baez: Diamonds And Rust

	Joan Baez: Diamonds And Rust [cached]

Searching: The Road Apples: Let's Live Together
=========> Road Apples: Let s Live Together

	 NOT FOUND

Searching: The Trammps: Hold Back The Night

	The Trammps: Hold Back the Night [cached]

Searching: Jimmy Dean: I.O.U.

	Jimmy Dean: I. O. U. [cached]

Searching: Heart: Crazy On You

	Heart: Crazy On You [cached]

Searching: Paul Davis: Superstar

	Paul Davis: Superstar [cached]

Searching: Carpenters: All You Get From Love Is A Love Song

	Carpenters: All You Get From Love Is A Love Song [cached]

Searching: KC And The Sunshine Band: Boogie Shoes

	KC & The Sunshine Band: Boogie Shoes - 2004 Remaster [cached]

Searching: KC And The Sunshine Band: It's The Same Old Song

	KC & The Sunshine Band: It's the Same Old Song [cached]

Searching: Electric Light Orchestra: Mr. Blue Sky

	Electric Light Orchestra: Mr. Blue Sky [cached]

Searching: Meco: Themes From The Wizard Of Oz
=========> Meco: Themes From Wizard Of Oz

	 NOT FOUND

Searching: Paul Anka: This Is Love

	 NOT FOUND

Searching: The Cars: My Best Friend's Girl

	The Cars: My Best Friend's Girl [cached]

Searching: The J. Geils Band: One Last Kiss

	The J. Geils Band: One Last Kiss [cached]

Searching: Herman Brood: Saturdaynight

	 NOT FOUND

Searching: Cheap Trick: Ain't That A Shame

	Cheap Trick: Ain't That a Shame - Live at Nippon Budokan, Tokyo, JPN - April 1978 [cached]

Searching: Jimmy Buffett: Fins

	Jimmy Buffett: Fins [cached]

Searching: Santana: You Know That I Love You

	Santana: You Know That I Love You [cached]

Searching: Nicolette Larson & Michael McDonald: Let Me Go, Love

	Nicolette Larson: Let Me Go, Love [cached]

Searching: Bette Midler: When A Man Loves A Woman

	Bette Midler: When a Man Loves a Woman [cached]

Searching: Wayne Newton: Years

	Wayne Newton: Years [cached]

Searching: Firefall: Headed For A Fall

	Firefall: Headed for a Fall [cached]

Searching: AC/DC: You Shook Me All Night Long

	AC/DC: You Shook Me All Night Long [cached]

Searching: Loverboy: Turn Me Loose

	Loverboy: Turn Me Loose [cached]

Searching: The Tubes: Don't Want To Wait Anymore

	The Tubes: Don't Want To Wait Anymore [cached]

Searching: Billy Squier: In The Dark

	Billy Squier: In The Dark - Remastered [cached]

Searching: Meco: Pop Goes The Movies Part I
=========> Meco: Pop Goes Movies Part I

	 NOT FOUND

Searching: Eddie Rabbitt: I Don't Know Where To Start

	Eddie Rabbitt: I Don't Know Where To Start [cached]

Searching: Neil Diamond: Be Mine Tonight

	Neil Diamond: Be Mine Tonight [cached]

Searching: Ray Parker Jr.: Bad Boy

	Ray Parker Jr.: Bad Boy [cached]

Searching: Neil Diamond: I'm Alive

	Neil Diamond: I'm Alive [cached]

Searching: Joan Jett & the Blackhearts: Fake Friends

	Joan Jett & The Blackhearts: Fake Friends [cached]

Searching: Little River Band: You're Driving Me Out Of My Mind

	Little River Band: You're Driving Me Out Of My Mind - Remastered 2010 [cached]

Searching: Rod Stewart: What Am I Gonna Do (I'm So In Love With You)

	Rod Stewart: What Am I Gonna Do (I'm so in Love with You) - 2008 Remaster [cached]

Searching: Stray Cats: I Won't Stand In Your Way

	Stray Cats: I Won't Stand in Your Way [cached]

Searching: Rockwell: Obscene Phone Caller

	Rockwell: Obscene Phone Caller [cached]

Searching: Romeo Void: A Girl In Trouble (Is A Temporary Thing)

	Romeo Void: A Girl in Trouble (Is a Temporary Thing) [cached]

Searching: Eric Carmen: I Wanna Hear It From Your Lips

	Eric Carmen: I Wanna Hear It From Your Lips [cached]

Searching: New Edition: Lost In Love

	New Edition: Lost In Love [cached]

Searching: Cock Robin: When Your Heart Is Weak

	Cock Robin: When Your Heart Is Weak [cached]

Searching: Device: Hanging On A Heart Attack

	Device: Hanging On a Heart Attack [cached]

Searching: ZZ Top: Velcro Fly

	ZZ Top: Velcro Fly [cached]

Searching: Stacey Q: We Connect

	Stacey Q: We Connect [cached]

Searching: Herb Alpert: Making Love In The Rain

	Herb Alpert: Making Love In The Rain [cached]

Searching: Wa Wa Nee: Sugar Free

	Wa Wa Nee: Sugar Free [cached]

Searching: E.U.: Da'Butt (From The "School Daze" Soundtrack)

	Pamp & Da Knox: Butta (DanceWorks! Raise It Up Mix) [cached]

Searching: Boz Scaggs: Heart Of Mine

	Boz Scaggs: Heart of Mine [cached]

Searching: Nia Peeples: Trouble

	Nia Peeples: Trouble [cached]

Searching: Bruce Hornsby & The Range: Look Out Any Window

	Bruce Hornsby: Look Out Any Window [cached]

Searching: Four Tops: Indestructible

	Four Tops: Indestructible [cached]

Searching: Van Halen: Feels So Good

	Van Halen: Feels so Good [cached]

Searching: Tiffany: Radio Romance

	Tiffany: Radio Romance [cached]

Searching: Metallica: One

	Metallica: One [cached]

Searching: Whistle: Always And Forever

	Whistle: Always And Forever [cached]

Searching: Del Amitri: Kiss This Thing Goodbye

	Del Amitri: Kiss This Thing Goodbye [cached]

Searching: The West Coast Rap All-Stars: We're All In the Same Gang
=========> West Coast Rap All Stars: We re All In Same Gang

	 NOT FOUND

Searching: Snap!: Ooops Up

	SNAP!: Ooops Up [cached]

Searching: Lisette Melendez: Together Forever

	Lisette Melendez: Together Forever [cached]

Searching: The Fixx: How Much Is Enough
=========> Fixx: How Much Is Enough

	 NOT FOUND

Searching: LaTour: People Are Still Having Sex

	Latour: People Are Still Having Sex [cached]

Searching: Celine Dion: (If There Was) Any Other Way

	Céline Dion: (If There Was) Any Other Way [cached]

Searching: Poison: Life Goes On

	Poison: Life Goes On - Remastered [cached]

Searching: Billy Falcon: Power Windows

	Billy Falcon: Power Windows [cached]

Searching: Metallica: The Unforgiven

	Metallica: The Unforgiven [cached]

Searching: "Weird Al" Yankovic: Smells Like Nirvana

	"Weird Al" Yankovic: Smells Like Nirvana [cached]

Searching: Peter Cetera: Restless Heart

	Peter Cetera: Restless Heart [cached]

Searching: The Soup Dragons: Divine Thing

	The Soup Dragons: Divine Thing - Remastered [cached]

Searching: U2: Who's Gonna Ride Your Wild Horses

	U2: Who's Gonna Ride Your Wild Horses [cached]

Searching: MC Lyte: Ruffneck

	MC Lyte: Ruffneck [cached]

Searching: Shaquille O'Neal: (I Know I Got) Skillz

	Shaquille O'Neal: (I Know I Got) Skillz (feat. Def Jef) [cached]

Searching: Lina Santiago: Feels So Good (Show Me Your Love)
=========> Lina Santiago: Feels So Good

	 NOT FOUND

Searching: Delinquent Habits: Tres Delinquentes

	Delinquent Habits: Tres Delinquentes - Radio Version [cached]

Searching: OutKast: ATLiens

	Outkast: ATLiens [cached]

Searching: Allure Featuring NAS: Head Over Heels

	Allure: Head Over Heels (feat. Nas) [cached]

Searching: Aerosmith: Falling In Love (Is Hard On The Knees)

	Aerosmith: Falling In Love (Is Hard On The Knees) [cached]

Searching: Le Click: Call Me

	Le Click: Call Me [cached]

Searching: Warren G Featuring Ronald Isley: Smokin' Me Out

	Warren G: Smokin' Me Out [cached]

Searching: 702: All I Want (From "GOOD Burger")

	702: All I Want [cached]

Searching: Refugee Camp All Stars Featuring Pras (With Ky-mani): Avenues

	Refugee Camp All-Stars: Avenues (feat. Pras with Ky-Mani) - Instrumental [cached]

Searching: H-Town: They Like It Slow

	H-Town: They Like It Slow [cached]

Searching: Backstreet Boys: I'll Never Break Your Heart

	Backstreet Boys: I'll Never Break Your Heart [cached]

Searching: Brian McKnight Featuring Tone & Kobe Bryant: Hold Me

	Brian McKnight: Hold Me [cached]

Searching: Ja Rule: Holla Holla

	Ja Rule: Holla Holla [cached]

Searching: Lauryn Hill: Everything Is Everything

	Ms. Lauryn Hill: Everything Is Everything [cached]

Searching: Ice Cube Featuring Mack 10 & Ms. Toi: You Can Do It

	Ice Cube: You Can Do It [cached]

Searching: Aaliyah: I Don't Wanna

	Aaliyah: I Don't Wanna [cached]

Searching: Aaron Carter: Aaron's Party (Come Get It)

	Aaron Carter: Aaron's Party (Come Get It) [cached]

Searching: John Michael Montgomery: The Little Girl

	John Michael Montgomery: The Little Girl (feat. Alison Krauss & Dan Tyminski) [cached]

Searching: Phil Vassar: Just Another Day In Paradise

	Phil Vassar: Just Another Day In Paradise [cached]

Searching: Sara Evans: I Could Not Ask For More

	Sara Evans: I Could Not Ask for More [cached]

Searching: Jamie O'Neal: When I Think About Angels

	Jamie O'Neal: When I Think About Angels 2.0 [cached]

Searching: Keith Urban: Where The Blacktop Ends

	Keith Urban: Where The Blacktop Ends [cached]

Searching: Brad Paisley: Wrapped Around

	Brad Paisley: Wrapped Around [cached]

Searching: Jermaine Dupri & Ludacris: Welcome To Atlanta

	Jermaine Dupri: Welcome to Atlanta (feat. Ludacris) [cached]

Searching: Chris Cagle: I Breathe In, I Breathe Out

	Chris Cagle: I Breathe In, I Breathe Out [cached]

Searching: Kenny Chesney: Young

	Kenny Chesney: Young [cached]

Searching: Steve Azar: I Don't Have To Be Me ('til Monday)

	Steve Azar: I Don't Have To Be Me ('Til Monday) - Single Version [cached]

Searching: Emerson Drive: I Should Be Sleeping

	Emerson Drive: I Should Be Sleeping [cached]

Searching: Sara Evans: I Keep Looking

	Sara Evans: I Keep Looking [cached]

Searching: Alan Jackson: Work In Progress

	Alan Jackson: Work In Progress [cached]

Searching: Lasgo: Something

	Lasgo: Something [cached]

Searching: JC Chasez: Blowin' Me Up (With Her Love)

	JC Chasez: Blowin' Me Up (With Her Love) [cached]

Searching: Britney Spears Featuring Madonna: Me Against The Music

	Britney Spears: Me Against the Music (feat. Madonna) - LP Version / Video Mix [cached]

Searching: Brad Paisley: Little Moments

	Brad Paisley: Little Moments [cached]

Searching: Hilary Duff: Come Clean

	Hilary Duff: Come Clean [cached]

Searching: Mis-Teeq: Scandalous

	Mis-Teeq: Scandalous - U.S. Radio Edit [cached]

Searching: Reba McEntire: Somebody

	Reba McEntire: Somebody Should Leave [cached]

Searching: T.I.: Let's Get Away

	T.I.: Let's Get Away [cached]

Searching: George Strait: I Hate Everything

	George Strait: I Hate Everything - 50 Number Ones Version [cached]

Searching: Sugarland: Something More

	Sugarland: Something More [cached]

Searching: Teairra Mari: Make Her Feel Good

	Teairra Marí: Make Her Feel Good [cached]

Searching: Purple Ribbon All-Stars: Kryptonite (I'm On It)
=========> Purple Ribbon All Stars: Kryptonite

	 NOT FOUND

Searching: Lucas Grabeel & Ashley Tisdale: What I've Been Looking For
=========> Lucas Grabeel: What I ve Been Looking For

	 NOT FOUND

Searching: E-40 Featuring Keak Da Sneak: Tell Me When To Go

	E-40: Tell Me When to Go (feat. Keak da Sneak) [cached]

Searching: 50 Cent & Olivia: Best Friend

	50 Cent: Best Friend - Remix [cached]

Searching: Paul Wall: Girl

	Paul Wall: Girl [cached]

Searching: George Strait: Give It Away

	George Strait: Give It Away [cached]

Searching: Tim McGraw: My Little Girl

	Tim McGraw: My Little Girl [cached]

Searching: Mario Vazquez: Gallery

	Mario Vazquez: Gallery [cached]

Searching: Brad Paisley: She's Everything

	Brad Paisley: She's Everything [cached]

Searching: Darius Rucker: Don't Think I Don't Think About It

	Darius Rucker: Don't Think I Don't Think About It [cached]

Searching: Dierks Bentley: Sideways

	Dierks Bentley: Sideways [cached]

Searching: Toby Keith: American Ride

	Toby Keith: American Ride [cached]

Searching: Jesse McCartney Featuring T-Pain: Body Language

	Jesse McCartney: Body Language [cached]

Searching: Snoop Dogg Featuring The-Dream: Gangsta Luv

	Snoop Dogg: Gangsta Luv [cached]

Searching: Josh Turner: Why Don't We Just Dance

	Josh Turner: Why Don't We Just Dance [cached]

Searching: Glee Cast Featuring Jonathan Groff: Hello

	Glee Cast: Hello (Glee Cast Version) (feat. Jonathan Groff) [cached]

Searching: Young Jeezy Featuring Plies: Lose My Mind
=========> Young Jeezy: Lose My Mind

	 NOT FOUND

Searching: Selena Gomez & The Scene: A Year Without Rain

	Selena Gomez & The Scene: A Year Without Rain [cached]

Searching: Steven Tyler: (It) Feels So Good

	Steven Tyler: (It) Feels So Good [cached]

Searching: Zac Brown Band: Keep Me In Mind

	Zac Brown Band: Keep Me in Mind [cached]

Searching: Miranda Lambert: Over You

	Miranda Lambert: Over You [cached]

Searching: Trey Songz: Heart Attack

	Trey Songz: Heart Attack [cached]

Searching: The FiNATTiCZ: Don't Drop That Thun Thun!

	Finatticz: Don't Drop That Thun Thun [cached]

Searching: David Nail: Whatever She's Got

	David Nail: Whatever She's Got [cached]

Searching: Blake Shelton: Doin' What She Likes

	Blake Shelton: Doin' What She Likes [cached]

Searching: Miranda Lambert: Automatic

	Miranda Lambert: Automatic [cached]

Searching: Drake: 0 To 100 / The Catch Up

	Drake: 0 To 100 / The Catch Up [cached]

Searching: Kanye West Featuring Paul McCartney: Only One

	Kanye West: Only One [cached]

Searching: Zac Brown Band: Homegrown

	Zac Brown Band: Homegrown [cached]

Searching: Brett Eldredge: Drunk On Your Love

	Brett Eldredge: Drunk on Your Love [cached]

Searching: Dierks Bentley: Somewhere On A Beach

	Dierks Bentley: Somewhere On A Beach [cached]

Searching: Beyonce Featuring Kendrick Lamar: Freedom

	Beyoncé: Freedom (feat. Kendrick Lamar) [cached]

Searching: O.T. Genasis Featuring Young Dolph: Cut It

	O.T. Genasis: Cut It (feat. Young Dolph) [cached]

Searching: Kelsea Ballerini: Peter Pan

	Kelsea Ballerini: Peter Pan [cached]

Searching: Drake: Teenage Fever

	Drake: Teenage Fever [cached]

Searching: Kendrick Lamar: Feel.

	Kendrick Lamar: FEEL. [cached]

Searching: JAY-Z: 4:44

	JAY-Z: 4:44 [cached]

Searching: 21 Savage, Offset & Metro Boomin Featuring Travis Scott: Ghostface Killers

	21 Savage: Ghostface Killers [cached]

Searching: The Weeknd Featuring Gesaffelstein: I Was Never There

	The Weeknd: I Was Never There [cached]

Searching: Luke Bryan: Sunrise, Sunburn, Sunset

	Luke Bryan: Sunrise, Sunburn, Sunset [cached]

Searching: Bebe Rexha: I'm A Mess

	Bebe Rexha: I'm a Mess [cached]

Searching: Chris Brown: Undecided

	Chris Brown: Undecided [cached]

Searching: Billie Eilish: Xanny

	Billie Eilish: xanny [cached]

Searching: Drake: Omerta

	Drake: Omertà [cached]

Searching: Kane Brown: Homesick

	Kane Brown: Homesick [cached]

Searching: Playboi Carti: @ MEH

	Playboi Carti: @ MEH [cached]

Searching: Drake: When To Say When

	Drake: When To Say When [cached]

Searching: Juice WRLD: Fighting Demons

	Juice WRLD: Fighting Demons [cached]

Searching: Taylor Swift: Seven

	Taylor Swift: seven [cached]

Searching: YoungBoy Never Broke Again Featuring Lil Wayne: My Window

	YoungBoy Never Broke Again: My Window (feat. Lil Wayne) [cached]

Searching: Sada Baby Featuring Nicki Minaj: Whole Lotta Choppas

	Sada Baby: Whole Lotta Choppas [cached]

Searching: Ariana Grande Featuring The Weeknd: Off The Table

	Ariana Grande: off the table (with The Weeknd) [cached]

Searching: Mike WiLL Made-It, Nicki Minaj & YoungBoy Never Broke Again: What That Speed Bout!?

	Mike WiLL Made-It: What That Speed Bout!? [cached]

Searching: Moneybagg Yo: Shottas (Lala)

	Moneybagg Yo: Shottas (Lala) [cached]

Searching: Drake: The Remorse

	Drake: The Remorse
