Found 248/269 = 92%
21 not found: 
Cozy Cole: Turvy II
Bob Beckham: Crazy Arms
Connie Francis: Drownin' My Sorrows
The Brass Ring featuring Phil Bodner: The Dis-Advantages Of You
Bobby Russell: 1432 Franklin Pike Circle Hero
The Unifics: The Beginning Of My End
Donovan/Jeff Beck Group: Goo Goo Barabajagal (Love Is Hot)
Mama Cass Elliot: Make Your Own Kind Of Music
Ray Charles: Don't Change On Me
The Ray Charles Orchestra: Booty Butt
Harry Chapin: WOLD
Neil Sedaka: Steppin' Out
Felix Cavaliere: Only A Lonely Heart Sees
Rick Pinette & Oak: King Of The Hill
Peter Wolf: I Need You Tonight
The Kane Gang: Motortown
Johnny Kemp: Birthday Suit (From "Sing")
Dixie Chicks: There's Your Trouble
Noreaga: SuperThug (What What)
David Archuleta: Imagine
Casper Magico, Nio Garcia, Darell, Nicky Jam, Ozuna & Bad Bunny: Te Bote
--------- log -----------
Searching: Gerry Granahan: No Chemise, Please

	Gerry Granahan: No Chemise Please [cached]

Searching: Cozy Cole: Turvy II

	 NOT FOUND

Searching: Eugene Church and The Fellows: Pretty Girls Everywhere

	Eugene Church: Pretty Girls Everywhere [cached]

Searching: Jimmie Rodgers: I'm Never Gonna Tell

	Jimmie Rodgers: I'm Never Gonna Tell [cached]

Searching: The Wailers: Tall Cool One

	The Wailers: Tall Cool One [cached]

Searching: Connie Francis: God Bless America

	Connie Francis: God Bless America [cached]

Searching: The Coasters: Run Red Run

	The Coasters: Run Red Run [cached]

Searching: Jerry Wallace: Little Coco Palm

	Jerry Wallace: Little Coco Palm [cached]

Searching: Bob Beckham: Crazy Arms

	 NOT FOUND

Searching: Annette With The Afterbeats: Train Of Love

	Annette Funicello: Train Of Love [cached]

Searching: The Platters Featuring Tony Williams: Red Sails In The Sunset

	The Platters: Red Sails In The Sunset [cached]

Searching: Etta Jones: Don't Go To Strangers

	Etta Jones: Don't Go To Strangers [cached]

Searching: Chuck Jackson: I Don't Want To Cry

	Chuck Jackson: I Don't Want To Cry [cached]

Searching: Eddie Harris: Exodus

	Eddie Harris: Exodus [cached]

Searching: Dion: The Majestic

	Dion: The Majestic [cached]

Searching: Floyd Cramer: Chattanooga Choo Choo

	Floyd Cramer: Chattanooga Choo Choo [cached]

Searching: Ace Cannon: Blues (Stay Away From Me)

	Ace Cannon: Sunday Blues [cached]

Searching: Dinah Washington: Where Are You

	Dinah Washington: Where Are You? - 2002 Remaster [cached]

Searching: The Shirelles: Stop The Music

	The Shirelles: Stop The Music [cached]

Searching: The Fleetwoods: Lovers By Night, Strangers By Day

	The Fleetwoods: Lovers By Night, Strangers By Day [cached]

Searching: Mel Torme: Comin' Home Baby

	Mel Tormé: Comin' Home Baby [cached]

Searching: Joey Dee & the Starliters: Hot Pastrami With Mashed Potatoes - Part I

	Joey Dee & The Starliters: (Hot Pastrami With) Mashed Potatoes [cached]

Searching: The 4 Seasons: Marlena

	Frankie Valli & The Four Seasons: Marlena [cached]

Searching: Connie Francis: Drownin' My Sorrows
=========> Connie Francis: Drownin  My Sorrows

	 NOT FOUND

Searching: The 4 Seasons: New Mexican Rose

	Frankie Valli & The Four Seasons: New Mexican Rose [cached]

Searching: The Chiffons: I Have A Boyfriend

	The Chiffons: I Have A Boyfriend [cached]

Searching: Henry Mancini And His Orchestra: Charade

	Henry Mancini: Latin Snowfall (From Charade) [cached]

Searching: Tommy Roe: Come On

	Tommy Roe: Come On [cached]

Searching: The Devotions: Rip Van Winkle

	The Devotions: Rip Van Winkle [cached]

Searching: Sammy Kaye And His Orchestra: Charade

	Sammy Kaye: Charade [cached]

Searching: Johnny Tillotson: I Rise, I Fall

	Johnny Tillotson: I Rise, I Fall [cached]

Searching: The Ikettes: Peaches "N" Cream

	The Ikettes: Peaches 'n' Cream [cached]

Searching: Freddie And The Dreamers: I Understand (Just How You Feel)

	Freddie & The Dreamers: I Understand - Stereo; 1999 Remaster [cached]

Searching: Andy Williams: ......And Roses And Roses

	Andy Williams: Days of Wine and Roses [cached]

Searching: Jr. Walker & The All Stars: Do The Boomerang

	Jr. Walker & The All Stars: Do The Boomerang [cached]

Searching: Martha & The Vandellas: You've Been In Love Too Long

	Martha Reeves & The Vandellas: You've Been In Love Too Long - Single Version [cached]

Searching: The Jive Five: I'm A Happy Man

	The Jive Five: I'm A Happy Man [cached]

Searching: The Spokesmen: The Dawn Of Correction

	The Spokesmen: The Dawn of Correction [cached]

Searching: Eddy Arnold: I Want To Go With You

	Eddy Arnold: I Want to Go with You - Remix Version [cached]

Searching: The Kinks: Dedicated Follower Of Fashion

	The Kinks: Dedicated Follower of Fashion - Mono Mix [cached]

Searching: Nancy Sinatra: Friday's Child

	Nancy Sinatra: Friday's Child [cached]

Searching: The Byrds: Mr. Spaceman

	The Byrds: Mr. Spaceman [cached]

Searching: Chris Montez: Time After Time

	Chris Montez: Time After Time [cached]

Searching: The Seeds: Pushin' Too Hard

	The Seeds: Pushin' Too Hard [cached]

Searching: The Brass Ring featuring Phil Bodner: The Dis-Advantages Of You
=========> Brass Ring: Dis

	 NOT FOUND

Searching: The Mojo Men: Sit Down, I Think I Love You

	The Mojo Men: Sit Down I Think I Love You - Single Version [cached]

Searching: The Tokens: Portrait Of My Love

	The Tokens: Portrait of My Love [cached]

Searching: The Five Americans: Sound Of Love

	The Five Americans: Sound of Love [cached]

Searching: Crispian St. Peters: You Were On My Mind

	Crispian St. Peters: You Were on my Mind [cached]

Searching: The Five Americans: Zip Code

	The Five Americans: Zip Code [cached]

Searching: The Tremeloes: Even The Bad Times Are Good

	The Tremeloes: Even the Bad Times Are Good [cached]

Searching: The Sunshine Company: Back On The Street Again

	The Sunshine Company: Back On the Street Again [cached]

Searching: James Brown And The Famous Flames: There Was A Time

	James Brown & The Famous Flames: There Was A Time - Kenny Dope Remix [cached]

Searching: Billy Vera & Judy Clay: Country Girl - City Man

	Billy Vera & The Beaters: Country Girl-City Man [cached]

Searching: Glen Campbell: I Wanna Live

	Glen Campbell: I Wanna Live - Remastered 2003 [cached]

Searching: Otis Redding: Amen

	Otis Redding: Amen [cached]

Searching: Bobby Russell: 1432 Franklin Pike Circle Hero

	 NOT FOUND

Searching: Bobby Goldsboro: The Straight Life

	Bobby Goldsboro: The Straight Life [cached]

Searching: The Unifics: The Beginning Of My End
=========> Unifics: Beginning Of My End

	 NOT FOUND

Searching: Glen Campbell & Bobbie Gentry: Let It Be Me

	Glen Campbell: Let It Be Me [cached]

Searching: Johnnie Taylor: Testify (I Wonna)

	Johnnie Taylor: Testify (I Wonna) [cached]

Searching: Donovan/Jeff Beck Group: Goo Goo Barabajagal (Love Is Hot)
=========> Donovan: Goo Goo Barabajagal

	 NOT FOUND

Searching: Dyke And The Blazers: Let A Woman Be A Woman - Let A Man Be A Man

	Dyke & The Blazers: Let A Woman Be A Woman - Let A Man Be A Man [cached]

Searching: Andy Kim: So Good Together

	Andy Kim: So Good Together [cached]

Searching: Mama Cass Elliot: Make Your Own Kind Of Music

	 NOT FOUND

Searching: Johnny Cash & June Carter: If I Were A Carpenter

	Johnny Cash: If I Were a Carpenter [cached]

Searching: Street People: Jennifer Tomkins

	Street People: Jennifer Tomkins [cached]

Searching: Crabby Appleton: Go Back

	Crabby Appleton: Go Back [cached]

Searching: Neil Diamond: Do It

	Neil Diamond: Do It [cached]

Searching: Bloodrock: D.O.A.

	Bloodrock: D.O.A. [cached]

Searching: Ray Charles: Don't Change On Me
=========> Ray Charles: Don t Change On Me

	 NOT FOUND

Searching: The Ray Charles Orchestra: Booty Butt
=========> Ray Charles Orchestra: Booty Butt

	 NOT FOUND

Searching: Elvis Presley: I'm Leavin'

	Elvis Presley: I'm Leavin' [cached]

Searching: The Glass Bottle: I Ain't Got Time Anymore

	The Glass Bottle: I Ain't Got Time Anymore [cached]

Searching: Laura Lee: Women's Love Rights

	Laura Lee: Women’s Love Rights [cached]

Searching: Detroit Emeralds: You Want It, You Got It

	The Detroit Emeralds: Baby Let Me Take You (In My Arms) [cached]

Searching: Santana: No One To Depend On

	Santana: No One to Depend On [cached]

Searching: Graham Nash & David Crosby: Immigration Man

	Graham Nash: Immigration Man [cached]

Searching: Melanie: Bitter Bad

	Melanie: Bitter Bad [cached]

Searching: The Osmonds: Goin' Home

	The Osmonds: Goin' Home [cached]

Searching: The Intruders: I'll Always Love My Mama (Part I)

	The Intruders: I'll Always Love My Mama [cached]

Searching: The Osmonds: Let Me In

	The Osmonds: Let Me In [cached]

Searching: Harry Chapin: WOLD

	 NOT FOUND

Searching: The Soul Children: I'll Be The Other Woman

	The Soul Children: I'll Be The Other Woman [cached]

Searching: Blue Magic: Three Ring Circus

	Blue Magic: Three Ring Circus [cached]

Searching: George Harrison: Ding Dong; Ding Dong

	George Harrison: Ding Dong, Ding Dong [cached]

Searching: Bad Company: Good Lovin' Gone Bad

	Bad Company: Good Lovin' Gone Bad - 2015 Remaster [cached]

Searching: Aerosmith: Sweet Emotion

	Aerosmith: Sweet Emotion [cached]

Searching: New Birth: Dream Merchant

	The New Birth: Dream Merchant [cached]

Searching: Smokey Robinson: The Agony And The Ecstasy

	Smokey Robinson: The Agony And The Ecstasy [cached]

Searching: The Spinners: Love Or Leave

	The Spinners: Love or Leave [cached]

Searching: Eddie Kendricks: He's A Friend

	Eddie Kendricks: He's A Friend [cached]

Searching: Larry Santos: We Can't Hide It Anymore

	Larry Santos: We Can't Hide It Anymore [cached]

Searching: Frankie Valli: Fallen Angel

	Frankie Valli: Fallen Angel [cached]

Searching: Neil Sedaka: Steppin' Out
=========> Neil Sedaka: Steppin  Out

	 NOT FOUND

Searching: John Denver: Like A Sad Song

	John Denver: Like a Sad Song [cached]

Searching: Styx: Mademoiselle

	Styx: Mademoiselle [cached]

Searching: Cerrone: Love In 'C' Minor - Pt. I

	Cerrone: Love in C Minor [cached]

Searching: C.J. & Company: Devil's Gun

	C.J. & Co.: Devil's Gun [cached]

Searching: Alan Parsons: I Wouldn't Want To Be Like You

	The Alan Parsons Project: I Wouldn't Want to Be Like You [cached]

Searching: Stevie Wonder: As

	Stevie Wonder: As [cached]

Searching: Leo Sayer: Easy To Love

	Leo Sayer: Easy To Love [cached]

Searching: Van Halen: You Really Got Me

	Van Halen: You Really Got Me - 2015 Remaster [cached]

Searching: The Michael Zager Band: Let's All Chant

	The Michael Zager Band: Let's All Chant [cached]

Searching: Foghat: Stone Blue

	Foghat: Stone Blue [cached]

Searching: Gene Cotton With Kim Carnes: You're A Part Of Me

	Gene Cotton: You're a Part of Me [cached]

Searching: Carly Simon & James Taylor: Devoted To You

	Carly Simon: Devoted to You [cached]

Searching: Switch: There'll Never Be

	Switch: There'll Never Be [cached]

Searching: Sylvester: You Make Me Feel (Mighty Real)

	Sylvester: You Make Me Feel (Mighty Real) [cached]

Searching: Ironhorse: Sweet Lui-Louise

	Ironhorse: Sweet Lui-Louise [cached]

Searching: Ashford & Simpson: Found A Cure

	Ashford & Simpson: Found a Cure - 12" Disco Mix [cached]

Searching: The Crusaders: Street Life

	The Crusaders: Street Life - Single Edit [cached]

Searching: Sugarhill Gang: Rapper's Delight

	The Sugarhill Gang: Rapper's Delight - Single Version [cached]

Searching: Kenny Loggins: Keep The Fire

	Kenny Loggins: Keep the Fire [cached]

Searching: Felix Cavaliere: Only A Lonely Heart Sees

	 NOT FOUND

Searching: Dolly Parton: Starting Over Again

	Dolly Parton: Starting over Again [cached]

Searching: Barry Manilow: I Don't Want To Walk Without You

	Barry Manilow: I Don't Want To Walk Without You [cached]

Searching: Rick Pinette & Oak: King Of The Hill
=========> Rick Pinette: King Of Hill

	 NOT FOUND

Searching: Donna Summer: Walk Away

	Donna Summer: Walk Away [cached]

Searching: Billy Joel: Sometimes A Fantasy

	Billy Joel: Sometimes a Fantasy [cached]

Searching: The Vapors: Turning Japanese

	The Vapors: Turning Japanese [cached]

Searching: John Denver: Some Days Are Diamonds (Some Days Are Stone)

	John Denver: Some Days Are Diamonds (Some Days Are Stone) [cached]

Searching: Don McLean: Castles In The Air

	Don McLean: Castles in the Air [cached]

Searching: David Lasley: If I Had My Wish Tonight

	David Lasley: If I Had My Wish Tonight [cached]

Searching: Huey Lewis & The News: Hope You Love Me Like You Say You Do

	Huey Lewis & The News: Hope You Love Me Like You Say You Do [cached]

Searching: Marshall Crenshaw: Someday, Someway

	Marshall Crenshaw: Someday, Someway - Remastered [cached]

Searching: Kim Carnes: Does It Make You Remember

	Kim Carnes: Does It Make You Remember [cached]

Searching: Pia Zadora: The Clapping Song

	Pia Zadora: Clapping Song [cached]

Searching: Billy Idol: White Wedding

	Billy Idol: White Wedding - Pt. 1 [cached]

Searching: Martin Briley: The Salt In My Tears

	Martin Briley: The Salt In My Tears [cached]

Searching: Rita Coolidge: All Time High

	Rita Coolidge: All Time High - From The "Octopussy" Soundtrack [cached]

Searching: Elvis Costello And The Attractions: Everyday I Write The Book

	Elvis Costello & The Attractions: Everyday I Write The Book [cached]

Searching: Joboxers: Just Got Lucky

	JoBoxers: Just Got Lucky [cached]

Searching: The Motels: Remember The Night

	The Motels: Remember The Nights [cached]

Searching: Rick James: 17

	Rick James: 17 [cached]

Searching: Sam Harris: Sugar Don't Bite

	Sam Harris: Sugar Don't Bite (2014 Acoustic Version) [cached]

Searching: Peter Wolf: I Need You Tonight

	 NOT FOUND

Searching: Pat Benatar: Ooh Ooh Song

	Pat Benatar: Ooh Ooh Song [cached]

Searching: The Time: The Bird

	The Time: The Bird [cached]

Searching: Robert Plant: Little By Little

	Robert Plant: Little by Little - 2006 Remaster [cached]

Searching: The Dream Academy: The Love Parade

	The Dream Academy: The Love Parade [cached]

Searching: Jennifer Rush (Duet With Elton John): Flames Of Paradise

	Jennifer Rush: Flames of Paradise (with Elton John) [cached]

Searching: Wang Chung: Hypnotize Me (From "Innerspace")

	Wang Chung: Hypnotize Me [cached]

Searching: Gloria Estefan & Miami Sound Machine: Betcha Say That

	Gloria Estefan And Miami Sound Machine: Betcha Say That [cached]

Searching: The Kane Gang: Motortown
=========> Kane Gang: Motortown

	 NOT FOUND

Searching: Pretty Poison: Nightime

	Pretty Poison: Nightime [cached]

Searching: Bardeux: When We Kiss

	Bardeux: When We Kiss [cached]

Searching: Rob Base & D.J. E-Z Rock: It Takes Two

	Rob Base & DJ EZ Rock: It Takes Two [cached]

Searching: Cinderella: The Last Mile

	Cinderella: The Last Mile [cached]

Searching: Johnny Kemp: Birthday Suit (From "Sing")
=========> Johnny Kemp: Birthday Suit

	 NOT FOUND

Searching: Beastie Boys: Hey Ladies

	Beastie Boys: Hey Ladies [cached]

Searching: Prince With Sheena Easton: The Arms Of Orion

	Prince: The Arms of Orion [cached]

Searching: Tears For Fears: Woman In Chains

	Tears For Fears: Woman In Chains [cached]

Searching: Joan Jett: Dirty Deeds

	Joan Jett & The Blackhearts: Dirty Deeds [cached]

Searching: The Brat Pack: You're The Only Woman

	The Brat Pack: You're The Only Woman [cached]

Searching: Alannah Myles: Love Is

	Alannah Myles: Love Is [cached]

Searching: Michael Bolton: Georgia On My Mind

	Michael Bolton: Georgia On My Mind [cached]

Searching: Cinderella: Shelter Me

	Cinderella: Shelter Me [cached]

Searching: Yo-Yo Featuring Ice Cube: You Can't Play With My Yo-Yo

	Yo-Yo: You Can't Play with My Yo-Yo (feat. Ice Cube) [cached]

Searching: John Mellencamp: Again Tonight

	John Mellencamp: Again Tonight [cached]

Searching: Roxette: Church Of Your Heart

	Roxette: Church Of Your Heart [cached]

Searching: Def Leppard: Make Love Like A Man

	Def Leppard: Make Love Like A Man [cached]

Searching: Prince And The New Power Generation: My Name Is Prince

	Prince: My Name Is Prince [cached]

Searching: Celine Dion: Love Can Move Mountains

	Céline Dion: Love Can Move Mountains [cached]

Searching: Madonna: Bad Girl

	Madonna: Bad Girl [cached]

Searching: Sunscreem: Love U More

	Sunscreem: Love U More [cached]

Searching: En Vogue: Love Don't Love You

	En Vogue: Love Don't Love You [cached]

Searching: Lisa Keith: Better Than You

	Lisa Keith: Better Than You [cached]

Searching: Rod Stewart: Having A Party

	Rod Stewart: Having a Party (with Ronnie Wood) - Live Unplugged; 2008 Remaster [cached]

Searching: Anita Baker: Body & Soul

	Anita Baker: Body and Soul - Radio Edit [cached]

Searching: Rappin' 4-Tay: Playaz Club

	Rappin' 4-Tay: Playaz Club [cached]

Searching: Sheryl Crow: Can't Cry Anymore

	Sheryl Crow: Can't Cry Anymore [cached]

Searching: Immature: Please Don't Go

	Immature: Please Don't Go - Radio Edit [cached]

Searching: The Smashing Pumpkins: Tonight, Tonight

	The Smashing Pumpkins: Tonight, Tonight - Remastered 2012 [cached]

Searching: Maxwell: Ascension (Don't Ever Wonder)

	Maxwell: Ascension (Don't Ever Wonder) [cached]

Searching: Luscious Jackson: Naked Eye

	Luscious Jackson: Naked Eye [cached]

Searching: Imani Coppola: Legend Of A Cowgirl

	Imani Coppola: Legend of a Cowgirl [cached]

Searching: All Saints: I Know Where It's At

	All Saints: I Know Where It's At [cached]

Searching: Dixie Chicks: There's Your Trouble
=========> Dixie Chicks: There s Your Trouble

	 NOT FOUND

Searching: Tyrese: Nobody Else

	Tyrese: Nobody Else [cached]

Searching: Noreaga: SuperThug (What What)
=========> Noreaga: SuperThug

	 NOT FOUND

Searching: Voices Of Theory: Wherever You Go

	Voices of Theory: Wherever You Go [cached]

Searching: Brooks & Dunn: Husbands And Wives

	Brooks & Dunn: Husbands And Wives [cached]

Searching: Martina McBride: Wrong Again

	Martina McBride: Wrong Again [cached]

Searching: New Radicals: You Get What You Give

	New Radicals: You Get What You Give [cached]

Searching: Diamond Rio: Unbelievable

	Diamond Rio: Unbelievable [cached]

Searching: Eminem: My Name Is

	Eminem: My Name Is [cached]

Searching: Fatboy Slim: Praise You

	Fatboy Slim: Praise You - Radio Edit [cached]

Searching: Chely Wright: Single White Female

	Chely Wright: Single White Female [cached]

Searching: B.G. Featuring Baby, Turk, Mannie Fresh, Juvenile & Lil' Wayne: Bling Bling

	B.G.: Bling Bling [cached]

Searching: Mark Wills: Back At One

	Mark Wills: Back At One [cached]

Searching: Lucy Pearl: Dance Tonight

	Lucy Pearl: Dance Tonight [cached]

Searching: R. Kelly: Feelin' On Yo Booty

	R. Kelly: Feelin' On Yo Booty [cached]

Searching: David Ball: Riding With Private Malone

	David Ball: Riding With Private Malone [cached]

Searching: Jo Dee Messina With Tim McGraw: Bring On The Rain

	Jo Dee Messina: Bring On The Rain [cached]

Searching: Lonestar: Not A Day Goes By

	Lonestar: Not A Day Goes By [cached]

Searching: Erick Sermon Featuring Redman: React

	Erick Sermon: React - Mixed [cached]

Searching: LL Cool J Featuring Amerie: Paradise

	LL Cool J: Paradise [cached]

Searching: Michelle Branch: Breathe

	Michelle Branch: Breathe [cached]

Searching: Young Gunz Featuring Rell: No Better Love

	Young Gunz: No Better Love [cached]

Searching: Brandy Featuring Kanye West: Talk About Our Love

	Brandy: Talk About Our Love (feat. Kanye West) [cached]

Searching: Terri Clark: Girls Lie Too

	Terri Clark: Girls Lie Too - Greatest Hits Version [cached]

Searching: Lil Rob: Summer Nights

	Lil Rob: Summer Nights [cached]

Searching: Goo Goo Dolls: Better Days

	The Goo Goo Dolls: Better Days [cached]

Searching: Rihanna: If It's Lovin' That You Want

	Rihanna: If It's Lovin' That You Want [cached]

Searching: Keith Urban: Tonight I Wanna Cry

	Keith Urban: Tonight I Wanna Cry [cached]

Searching: Rodney Atkins: Watching You

	Rodney Atkins: Watching You [cached]

Searching: Musiq Soulchild: Buddy

	Musiq Soulchild: Buddy [cached]

Searching: Big & Rich: Lost In This Moment

	Big & Rich: Lost in This Moment [cached]

Searching: Pitbull Featuring Lil Jon: The Anthem

	Pitbull: The Anthem [cached]

Searching: David Archuleta: Imagine

	 NOT FOUND

Searching: New Kids On The Block: Summertime

	New Kids On The Block: Summertime [cached]

Searching: Jimmy Wayne: Do You Believe Me Now

	Jimmy Wayne: Do You Believe Me Now [cached]

Searching: Shontelle: T-Shirt

	Shontelle: T-Shirt [cached]

Searching: O.A.R.: Shattered (Turn The Car Around)

	O.A.R.: Shattered (Turn The Car Around) [cached]

Searching: Toby Keith: God Love Her

	Toby Keith: God Love Her [cached]

Searching: Darius Rucker: It Won't Be Like This For Long

	Darius Rucker: It Won't Be Like This For Long [cached]

Searching: Gucci Mane Featuring Plies Or OJ Da Juiceman: Wasted

	Gucci Mane: Wasted (feat. Plies) [cached]

Searching: Daughtry: Life After You

	Daughtry: Life After You [cached]

Searching: Sean Kingston Featuring Nicki Minaj: Letting Go (Dutty Love)

	Sean Kingston: Letting Go (Dutty Love) featuring Nicki Minaj (feat. Nicki Minaj) [cached]

Searching: Glee Cast: I Want To Hold Your Hand

	Glee Cast: I Want To Hold Your Hand (Glee Cast Version) [cached]

Searching: Daughtry: September

	Daughtry: September [cached]

Searching: Glee Cast: Raise Your Glass

	Glee Cast: Raise Your Glass (Glee Cast Version) (feat. Darren Criss) [cached]

Searching: Miguel: Sure Thing

	Miguel: Sure Thing [cached]

Searching: Paramore: Monster

	Paramore: Monster - Transformers Soundtrack Version [cached]

Searching: Chris Young: Tomorrow

	Chris Young: Tomorrow [cached]

Searching: will.i.am Featuring Mick Jagger & Jennifer Lopez: T.H.E (The Hardest Ever)

	will.i.am: T.H.E (The Hardest Ever) [cached]

Searching: Ca$h Out: Cashin' Out

	Ca$h Out: Cashin' Out [cached]

Searching: French Montana Featuring Rick Ross, Drake, Lil Wayne: Pop That

	French Montana: Pop That [cached]

Searching: OneRepublic: Feel Again

	OneRepublic: Feel Again [cached]

Searching: Trinidad James: All Gold Everything

	Trinidad James: All Gold Everything [cached]

Searching: Justin Timberlake: TKO

	Justin Timberlake: TKO [cached]

Searching: Parmalee: Carolina

	Parmalee: Carolina [cached]

Searching: Demi Lovato: Neon Lights

	Demi Lovato: Neon Lights [cached]

Searching: Eric Church: Give Me Back My Hometown

	Eric Church: Give Me Back My Hometown [cached]

Searching: Rae Sremmurd: No Flex Zone

	Rae Sremmurd: No Flex Zone [cached]

Searching: Thomas Rhett: Crash And Burn

	Thomas Rhett: Crash and Burn [cached]

Searching: J. Cole: No Role Modelz

	J. Cole: No Role Modelz [cached]

Searching: Blake Shelton: Came Here To Forget

	Blake Shelton: Came Here to Forget [cached]

Searching: French Montana Featuring Drake: No Shopping

	French Montana: No Shopping (feat. Drake) [cached]

Searching: Lukas Graham: Mama Said

	Lukas Graham: Mama Said [cached]

Searching: 21 Savage & Metro Boomin Featuring Future: X

	21 Savage: X (feat. Future) [cached]

Searching: Drake Featuring 2 Chainz & Young Thug: Sacrifices

	Drake: Sacrifices [cached]

Searching: Drake: Signs

	Drake: Signs [cached]

Searching: Dustin Lynch: Small Town Boy

	Dustin Lynch: Small Town Boy [cached]

Searching: Migos: Narcos

	Migos: Narcos [cached]

Searching: N*E*R*D & Rihanna: Lemon

	N.E.R.D: Lemon [cached]

Searching: Pitbull x El Chombo x Karol G Featuring Cutty Ranks: Dame Tu Cosita

	Pitbull: Dame Tu Cosita - Radio Version [cached]

Searching: Casper Magico, Nio Garcia, Darell, Nicky Jam, Ozuna & Bad Bunny: Te Bote
=========> Casper Magico  Nio Garcia  Darell  Nicky Jam  Ozuna: Te Bote

	 NOT FOUND

Searching: Kanye West: No Mistakes

	Kanye West: No Mistakes [cached]

Searching: Drake: Is There More

	Drake: Is There More [cached]

Searching: Travis Scott: 5% Tint

	Travis Scott: 5% TINT [cached]

Searching: Thomas Rhett: Life Changes

	Thomas Rhett: Life Changes [cached]

Searching: Lil Wayne Featuring Reginae Carter: Famous

	Lil Wayne: Famous (feat. Reginae Carter) [cached]

Searching: Lady Gaga: I'll Never Love Again

	Lady Gaga: I'll Never Love Again - Film Version - Radio Edit [cached]

Searching: Kane Brown: Good As You

	Kane Brown: Good as You [cached]

Searching: NLE Choppa: Shotta Flow

	NLE Choppa: Shotta Flow (Feat. Blueface) [Remix] [cached]

Searching: Megan Thee Stallion Featuring DaBaby: Cash Shit

	Megan Thee Stallion: Cash Shit (feat. DaBaby) [cached]

Searching: Matt Stell: Prayed For You

	Matt Stell: Prayed For You [cached]

Searching: Marshmello & Kane Brown: One Thing Right

	Marshmello: One Thing Right [cached]

Searching: Kanye West: God Is

	Kanye West: Follow God [cached]

Searching: Chris Brown Featuring Gunna: Heat

	Chris Brown: Heat (feat. Gunna) [cached]

Searching: Eminem Featuring Young M.A: Unaccommodating

	Eminem: Unaccommodating (feat. Young M.A) [cached]

Searching: Lil Uzi Vert: You Better Move

	Lil Uzi Vert: You Better Move [cached]

Searching: Sam Smith & Demi Lovato: I'm Ready

	Sam Smith: I’m Ready (with Demi Lovato) [cached]

Searching: Thomas Rhett Featuring Jon Pardi: Beer Can't Fix

	Thomas Rhett: Beer Can’t Fix [cached]

Searching: Marshmello & Demi Lovato: OK Not To Be OK

	Marshmello: OK Not To Be OK [cached]

Searching: Blake Shelton Featuring Gwen Stefani: Happy Anywhere

	Blake Shelton: Happy Anywhere (feat. Gwen Stefani) [cached]

Searching: Parker McCollum: Pretty Heart

	Parker McCollum: Pretty Heart [cached]
