Found 242/260 = 93%
18 not found: 
The Ames Brothers: Red River Rose
Duane Eddy His Twangy Guitar And The Rebels: Some Kind-A Earthquake
The Chicago Loop: (When She Needs Good Lovin') She Comes To Me
Brenda Lee: Ride, Ride, Ride
C Company Featuring Terry Nelson: Battle Hymn Of Lt. Calley
Joe Stampley: Soul Song
The Blue Ridge Rangers: Hearts Of Stone
Jim Stafford: I Got Stoned And I Missed It
John Valenti: Anything You Want
Stallion: Old Fashioned Boy (You're The One)
Donnie Iris: Love Is Like A Rock
Haircut One Hundred: Love Plus One
Barry Gibb: Shine Shine
One 2 Many: Downtown
Scarface: I Never Seen A Man Cry (aka I Seen A Man Die)
Andy Griggs: She's More
Kris Allen: Ain't No Sunshine
Sawyer Fredericks: Please
--------- log -----------
Searching: Bobby Freeman: Betty Lou Got A New Pair Of Shoes

	Bobby Freeman: Betty Lou Got a New Pair of Shoes [cached]

Searching: The Ames Brothers: Red River Rose
=========> Ames Brothers: Red River Rose

	 NOT FOUND

Searching: Billy Vaughn And His Orchestra: Blue Hawaii

	Billy Vaughn: Blue Hawaii [cached]

Searching: Chuck Berry: Back In The U.S.A.

	Chuck Berry: Back In The U.S.A. [cached]

Searching: Jackie Wilson: You Better Know It

	Jackie Wilson: You Better Know It [cached]

Searching: Duane Eddy His Twangy Guitar And The Rebels: Some Kind-A Earthquake
=========> Duane Eddy His Twangy Guitar: Some Kind

	 NOT FOUND

Searching: Jimmy Reed: Baby What You Want Me To Do

	Jimmy Reed: Baby What You Want Me To Do [cached]

Searching: Brook Benton: The Ties That Bind

	Brook Benton: The Ties That Bind [cached]

Searching: Jim Reeves: I'm Gettin' Better

	Jim Reeves: I'm Gettin' Better [cached]

Searching: The Kingston Trio: Bad Man Blunder

	The Kingston Trio: Bad Man's Blunder - Remastered [cached]

Searching: Bobby Freeman: (I Do The) Shimmy Shimmy

	Bobby Freeman: I Do the Shimmy Shimmy [cached]

Searching: Wanda Jackson: Let's Have A Party

	Wanda Jackson: Let's Have A Party [cached]

Searching: The Playmates: Wait For Me

	The Playmates: Wait for Me [cached]

Searching: The Coasters: Wait A Minute

	The Coasters: Wait a Minute [cached]

Searching: Ferrante & Teicher: (Love Theme From) One Eyed Jacks

	Ferrante & Teicher: One Eyed Jacks (Love Theme From One Eyed Jacks) [cached]

Searching: LaVern Baker: Saved

	LaVern Baker: Saved [cached]

Searching: Andy Williams: The Bilbao Song

	Andy Williams: The Bilbao Song [cached]

Searching: Les Paul And Mary Ford: Jura (I Swear I Love You)

	Les Paul: Jura (I Swear I Love You) [cached]

Searching: Jackie Wilson: Years From Now

	Jackie Wilson: Years from Now [cached]

Searching: Aretha Franklin: Rock-A-Bye Your Baby With A Dixie Melody

	Aretha Franklin: Rock-A-Bye Your Baby with a Dixie Melody [cached]

Searching: The Dovells: (Do The New) Continental

	The Dovells: Do The New Continental [cached]

Searching: Etta James: Something's Got A Hold On Me

	Etta James: Something's Got A Hold On Me [cached]

Searching: Toni Fisher: West Of The Wall

	Toni Fisher: West Of The Wall [cached]

Searching: Solomon Burke: If You Need Me

	Solomon Burke: If You Need Me [cached]

Searching: The Duprees featuring Joey Vann: Why Don't You Believe Me

	The Duprees: Why Don't You Believe Me [cached]

Searching: Patti LaBelle And The Blue Belles: Down The Aisle (Wedding Song)

	Patti LaBelle: Down The Aisle [cached]

Searching: Johnny Tillotson: Worried Guy

	Johnny Tillotson: Worried Guy [cached]

Searching: Jan & Dean: The New Girl In School

	Jan & Dean: The New Girl In School [cached]

Searching: Lesley Gore: I Don't Wanna Be A Loser

	Lesley Gore: I Don't Wanna Be A Loser [cached]

Searching: Patty & The Emblems: Mixed-Up, Shook-Up, Girl

	Patty & The Emblems: Mixed-Up, Shook-Up Girl [cached]

Searching: The Marvelows: I Do

	The Marvelows: I Do [cached]

Searching: Gene Pitney: Princess In Rags

	Gene Pitney: Princess In Rags [cached]

Searching: Fontella Bass: Recovery

	Fontella Bass: Recovery [cached]

Searching: Jimmie Rodgers: It's Over

	Jimmie Rodgers: It's Over [cached]

Searching: The Chicago Loop: (When She Needs Good Lovin') She Comes To Me
=========> Chicago Loop: She Comes To Me

	 NOT FOUND

Searching: The Outsiders: Help Me Girl

	The Outsiders: Help Me Girl [cached]

Searching: Brenda Lee: Ride, Ride, Ride
=========> Brenda Lee: Ride  Ride  Ride

	 NOT FOUND

Searching: Herb Alpert & The Tijuana Brass: Wade In The Water

	Herb Alpert & The Tijuana Brass: Wade In The Water [cached]

Searching: Keith: Tell Me To My Face

	Keith: Tell Me To My Face [cached]

Searching: Roger Miller: Walkin' In The Sunshine

	Roger Miller: Walking In The Sunshine [cached]

Searching: Booker T. & The MG's: Hip Hug-Her

	Booker T. & the M.G.'s: Hip Hug-Her [cached]

Searching: Harpers Bizarre: Come To The Sunshine

	Harpers Bizarre: Come to the Sunshine - Remastered Version [cached]

Searching: Sammy Davis Jr.: Don't Blame The Children

	Sammy Davis Jr.: Don't Blame the Children - 2016 Remaster [cached]

Searching: Davie Allan And The Arrows: Blue's Theme

	Davie Allan & The Arrows: Blue's Theme - From The Wild Angels [cached]

Searching: Bobby Vee And The Strangers: Beautiful People

	Bobby Vee: Beautiful People [cached]

Searching: The Balloon Farm: A Question Of Temperature

	Balloon Farm: A Question of Temperature [cached]

Searching: Raymond Lefevre and His Orchestra: Ame Caline (Soul Coaxing)

	Raymond Lefèvre: Soul Coaxing (Ame Caline) [cached]

Searching: Petula Clark: Don't Give Up

	Petula Clark: Don't Give Up [cached]

Searching: The Box Tops: I Met Her In Church

	The Box Tops: I Met Her In Church [cached]

Searching: 1910 Fruitgum Co.: Goody Goody Gumdrops

	1910 Fruitgum Company: Goody Goody Gumdrops [cached]

Searching: The Chambers Brothers: I Can't Turn You Loose

	The Chambers Brothers: I Can't Turn You Loose [cached]

Searching: Peggy Scott & Jo Jo Benson: Soulshake

	Peggy Scott: Soulshake [cached]

Searching: Bee Gees: First Of May

	Bee Gees: First Of May [cached]

Searching: Dionne Warwick: The April Fools

	Dionne Warwick: The April Fools [cached]

Searching: Booker T. & The MG's: Mrs. Robinson

	Booker T. & the M.G.'s: Mrs. Robinson - Instrumental [cached]

Searching: The Who: I'm Free

	The Who: I'm Free [cached]

Searching: James Brown: World (Part 1)

	James Brown & The Famous Flames: It's A Man's, Man's, Man's World [cached]

Searching: Smokey Robinson & The Miracles: Here I Go Again

	Smokey Robinson & The Miracles: Here I Go Again [cached]

Searching: Isaac Hayes: By The Time I Get To Phoenix

	Isaac Hayes: By The Time I Get To Phoenix [cached]

Searching: Thunderclap Newman: Something In The Air

	Thunderclap Newman: Something In The Air [cached]

Searching: Smokey Robinson & The Miracles: Point It Out

	Smokey Robinson & The Miracles: Point It Out - Single Version / Mono [cached]

Searching: Johnnie Taylor: Steal Away

	Johnnie Taylor: Steal Away [cached]

Searching: Five Flights Up: Do What You Wanna Do

	Five Flights Up: Do What You Wanna Do [cached]

Searching: Dionne Warwick: Make It Easy On Yourself

	Dionne Warwick: Make It Easy on Yourself [cached]

Searching: Aretha Franklin: Border Song (Holy Moses)/You And Me

	Aretha Franklin: Border Song (Holy Moses) [cached]

Searching: James Taylor: Country Road

	James Taylor: Country Road - 2019 Remaster [cached]

Searching: Stephen Stills: Sit Yourself Down

	Stephen Stills: Sit Yourself Down [cached]

Searching: C Company Featuring Terry Nelson: Battle Hymn Of Lt. Calley
=========> C Company: Battle Hymn Of Lt  Calley

	 NOT FOUND

Searching: Bread: Mother Freedom

	Bread: Mother Freedom [cached]

Searching: The 5th Dimension: Together Let's Find Love

	The 5th Dimension: Together Let's Find Love - Digitally Remastered 1997 [cached]

Searching: David Cassidy: Could It Be Forever

	David Cassidy: Could It Be Forever - remastered [cached]

Searching: The Supremes: Automatically Sunshine

	The Supremes: Automatically Sunshine [cached]

Searching: Barbra Streisand: Sweet Inspiration/Where You Lead

	Barbra Streisand: Medley: Sweet Inspiration / Where You Lead [cached]

Searching: Michael Murphey: Geronimo's Cadillac

	Michael Martin Murphey: Geronimo's Cadillac [cached]

Searching: Mott The Hoople: All The Young Dudes

	Mott The Hoople: All the Young Dudes [cached]

Searching: Cornelius Brothers & Sister Rose: I'm Never Gonna Be Alone Anymore

	Cornelius Brothers & Sister Rose: I'm Never Gonna Be Alone Anymore [cached]

Searching: Joe Stampley: Soul Song

	 NOT FOUND

Searching: Jim Croce: One Less Set Of Footsteps

	Jim Croce: One Less Set of Footsteps [cached]

Searching: Joe Simon: Step By Step

	Joe Simon: Step by Step [cached]

Searching: The Blue Ridge Rangers: Hearts Of Stone
=========> Blue Ridge Rangers: Hearts Of Stone

	 NOT FOUND

Searching: Edward Bear: Close Your Eyes

	Edward Bear: Close Your Eyes [cached]

Searching: Carole King: Corazón

	Carole King: Corazón [cached]

Searching: Billy Paul: Thanks For Saving My Life

	Billy Paul: Thanks for Saving My Life [cached]

Searching: Lobo: Standing At The End Of The Line

	Lobo: Standing at the End of the Line [cached]

Searching: The Rubettes: Sugar Baby Love

	The Rubettes: Sugar Baby Love [cached]

Searching: Marilyn Sellars: One Day At A Time

	Marilyn Sellars: One Day At A Time [cached]

Searching: Kool & The Gang: Higher Plane

	Kool & The Gang: Higher Plane [cached]

Searching: The Manhattans: Don't Take Your Love

	The Manhattans: Don't Take Your Love [cached]

Searching: George McCrae: I Get Lifted

	George McCrae: I Get Lifted [cached]

Searching: The Spinners: Living A Little, Laughing A Little

	The Spinners: Living a Little Laughing a Little [cached]

Searching: Tanya Tucker: Lizzie And The Rainman

	Tanya Tucker: Lizzie And The Rainman - Single Version [cached]

Searching: Steely Dan: Black Friday

	Steely Dan: Black Friday [cached]

Searching: The Temptations: Glasshouse

	The Temptations: Glasshouse [cached]

Searching: Jim Stafford: I Got Stoned And I Missed It

	 NOT FOUND

Searching: Henry Gross: Springtime Mama

	Henry Gross: Springtime Mama [cached]

Searching: The Alan Parsons Project: (The System Of) Doctor Tarr And Professor Fether

	The Alan Parsons Project: (The System Of) Doctor Tarr And Professor Fether - 1987 Remix [cached]

Searching: John Valenti: Anything You Want

	 NOT FOUND

Searching: Al Green: Keep Me Cryin'

	Al Green: Keep Me Cryin' [cached]

Searching: The Doobie Brothers: It Keeps You Runnin'

	The Doobie Brothers: It Keeps You Runnin' [cached]

Searching: KC And The Sunshine Band: I Like To Do It

	KC & The Sunshine Band: I Like to Do It [cached]

Searching: Latimore: Somethin' 'bout 'cha

	Latimore: Something 'Bout 'Cha [cached]

Searching: Stallion: Old Fashioned Boy (You're The One)
=========> Stallion: Old Fashioned Boy

	 NOT FOUND

Searching: Mac McAnally: It's A Crazy World

	Mac McAnally: It's a Crazy World [cached]

Searching: Jimmy Buffett: Changes In Latitudes, Changes In Attitudes

	Jimmy Buffett: Changes In Latitudes, Changes In Attitudes [cached]

Searching: Donna Summer: I Love You

	Donna Summer: Love Is In Control (Finger On The Trigger) - Chromeo & Oliver Remix [cached]

Searching: Dolly Parton: Heartbreaker

	Dolly Parton: Heartbreaker [cached]

Searching: Dobie Gray: You Can Do It

	Dobie Gray: Honey, You Can't Take It Back [cached]

Searching: Blues Brothers: Rubber Biscuit

	The Blues Brothers: Rubber Biscuit - Live [cached]

Searching: Pink Lady: Kiss In The Dark

	Pink Lady: Kiss In The Dark(キッス・イン・ザ・ダーク) [cached]

Searching: Bram Tchaikovsky: Girl Of My Dreams

	Bram Tchaikovsky: Girl of My Dreams [cached]

Searching: Electric Light Orchestra: Confusion

	Electric Light Orchestra: Confusion [cached]

Searching: Niteflyte: If You Want It

	Niteflyte: If You Want It [cached]

Searching: Barbra Streisand: Kiss Me In The Rain

	Barbra Streisand: Kiss Me In the Rain [cached]

Searching: Rodney Crowell: Ashes By Now

	Rodney Crowell: Ashes by Now [cached]

Searching: The Cars: Touch And Go

	The Cars: Touch and Go [cached]

Searching: Teena Marie: I Need Your Lovin'

	Teena Marie: I Need Your Lovin' [cached]

Searching: AC/DC: Back In Black

	AC/DC: Back In Black [cached]

Searching: Firefall: Staying With It

	Firefall: Staying with It [cached]

Searching: Emmylou Harris: Mister Sandman

	Emmylou Harris: Mister Sandman [cached]

Searching: The Rovers: Wasn't That A Party

	The Irish Rovers: Wasn’t That a Party [cached]

Searching: T.G. Sheppard: I Loved 'em Every One

	T.G. Sheppard: I Loved 'Em Every One [cached]

Searching: Burton Cummings: You Saved My Soul

	Burton Cummings: You Saved My Soul [cached]

Searching: Chris Christian: I Want You, I Need You

	Chris Christian: I Want You, I Need You [cached]

Searching: Donnie Iris: Love Is Like A Rock

	 NOT FOUND

Searching: Blondie: Island Of Lost Souls

	Blondie: Island Of Lost Souls [cached]

Searching: Eye To Eye: Nice Girls

	Eye To Eye: Nice Girls [cached]

Searching: Haircut One Hundred: Love Plus One

	 NOT FOUND

Searching: Herb Alpert: Route 101

	Herb Alpert: Route 101 [cached]

Searching: Tane Cain: Holdin' On

	Tane Cain: Holdin' On [cached]

Searching: Paul Carrack: I Need You

	Paul Carrack: I Don't Want Your Love (I Need Your Love) - Remastered [cached]

Searching: Linda Ronstadt: I Knew You When

	Linda Ronstadt: I Knew You When [cached]

Searching: ZZ Top: Gimme All Your Lovin

	ZZ Top: Gimme All Your Lovin' [cached]

Searching: Kenny Rogers: All My Life

	Kenny Rogers: All My Life [cached]

Searching: Joan Jett & the Blackhearts: Everyday People

	Joan Jett & The Blackhearts: Everyday People [cached]

Searching: Naked Eyes: When The Lights Go Out

	Naked Eyes: When the Lights Go out - 2018 Remaster [cached]

Searching: Irene Cara: The Dream

	Irene Cara: The Dream - Hold On to Your Dream [cached]

Searching: The Romantics: One In A Million

	The Romantics: One in a Million [cached]

Searching: Icicle Works: Whisper To A Scream (Birds Fly)

	The Icicle Works: Birds Fly (Whisper to a Scream) [cached]

Searching: Robin Gibb: Boys Do Fall In Love

	Robin Gibb: Boys Do Fall In Love [cached]

Searching: Slade: My, Oh My

	Slade: My Oh My [cached]

Searching: Barry Gibb: Shine Shine

	 NOT FOUND

Searching: John Waite: Tears

	John Waite: Tears [cached]

Searching: Tina Turner: Show Some Respect

	Tina Turner: Show Some Respect - 2015 Remaster [cached]

Searching: Katrina And The Waves: Do You Want Crying

	Katrina & The Waves: Do You Want Crying [cached]

Searching: Tom Petty & The Heartbreakers With Stevie Nicks: Needles And Pins

	Tom Petty and the Heartbreakers: Needles And Pins - Live At The The Forum/1981 [cached]

Searching: Models: Out Of Mind Out Of Sight

	Models: Out Of Mind Out Of Sight [cached]

Searching: David & David: Welcome To The Boomtown

	David & David: Welcome To The Boomtown [cached]

Searching: Anita Baker: Caught Up In The Rapture

	Anita Baker: Caught Up in the Rapture [cached]

Searching: Billy Idol: Don't Need A Gun

	Billy Idol: Don't Need A Gun - Remastered [cached]

Searching: Kylie Minogue: It's No Secret

	Kylie Minogue: It's No Secret [cached]

Searching: One 2 Many: Downtown

	 NOT FOUND

Searching: Stevie B: In My Eyes

	Stevie B: In My Eyes [cached]

Searching: Whitesnake: Fool For Your Loving

	Whitesnake: Fool for Your Loving - 2011 Remaster [cached]

Searching: Corey Hart: A Little Love

	Corey Hart: A Little Love [cached]

Searching: Billy Joel: And So It Goes

	Billy Joel: And So It Goes [cached]

Searching: Lisa Lisa And Cult Jam: Let The Beat Hit 'Em

	Lisa Lisa & Cult Jam: Let the Beat Hit 'Em [cached]

Searching: Shabba Ranks (Featuring Maxi Priest): Housecall

	Shabba Ranks: Housecall [cached]

Searching: Cher: Save Up All Your Tears

	Cher: Save Up All Your Tears [cached]

Searching: Motley Crue: Home Sweet Home

	Mötley Crüe: Home Sweet Home [cached]

Searching: Gerald Levert (Duet With Eddie Levert): Baby Hold On To Me

	Gerald Levert & Eddie Levert: Baby Hold on to Me - Slow Jams Version [cached]

Searching: The Smithereens: Too Much Passion

	The Smithereens: Too Much Passion [cached]

Searching: Rozalla: Everybody's Free (To Feel Good)

	Rozalla: Everybody's Free (Single Version) [cached]

Searching: Father M.C.: Everything's Gonna Be Alright

	Father MC: Everything's Gonna Be Alright - Remastered [cached]

Searching: Depeche Mode: I Feel You

	Depeche Mode: I Feel You [cached]

Searching: OutKast: Player's Ball

	Outkast: Player's Ball [cached]

Searching: Da Brat: Fa All Y'all

	Da Brat: Fa All Y'All [cached]

Searching: Scarface: I Never Seen A Man Cry (aka I Seen A Man Die)
=========> Scarface: I Never Seen A Man Cry

	 NOT FOUND

Searching: Amy Grant With Vince Gill: House Of Love

	Amy Grant: House Of Love [cached]

Searching: Raekwon: Incarcerated Scarfaces/Ice Cream

	Raekwon: Incarcerated Scarfaces [cached]

Searching: Immature (Featuring Smooth): We Got It

	Immature: We Got It - DJ Jam Remix Edit [cached]

Searching: H-Town: A Thin Line Between Love & Hate (From "A Thin Line...")

	H-Town: A Thin Line Between Love & Hate (feat. Shirley Murdock) [cached]

Searching: Jars Of Clay: Flood

	Jars Of Clay: Flood [cached]

Searching: Quad City DJ's: Space Jam (From "Space Jam")

	Quad City DJ's: Space Jam [cached]

Searching: Mack 10: Backyard Boogie

	Mack 10: Backyard Boogie [cached]

Searching: Alana Davis: 32 Flavors

	Alana Davis: 32 Flavors [cached]

Searching: Timbaland & Magoo: Clock Strikes

	Timbaland & Magoo: Clock Strikes [cached]

Searching: Tamia: Imagination

	Tamia: Imagination [cached]

Searching: Collin Raye: Someone You Used To Know

	Collin Raye: Someone You Used To Know [cached]

Searching: Tim McGraw: For A Little While

	Tim McGraw: For A Little While [cached]

Searching: Sara Evans: No Place That Far

	Sara Evans: No Place That Far [cached]

Searching: Collin Raye: Anyone Else

	Collin Raye: Anyone Else [cached]

Searching: Martina McBride: Whatever You Say

	Martina McBride: Whatever You Say [cached]

Searching: Edwin McCain: I Could Not Ask For More

	Edwin McCain: I Could Not Ask for More [cached]

Searching: Andy Griggs: She's More
=========> Andy Griggs: She s More

	 NOT FOUND

Searching: Alan Jackson: It Must Be Love

	Alan Jackson: It Must Be Love [cached]

Searching: Keith Urban: But For The Grace Of God

	Keith Urban: But For The Grace Of God [cached]

Searching: Montgomery Gentry: She Couldn't Change Me

	Montgomery Gentry: She Couldn't Change Me [cached]

Searching: Mystikal: Bouncin' Back (Bumpin' Me Against The Wall)

	Mystikal: Bouncin' Back (Bumpin' Me Against the Wall) (feat. Pharrell Williams) - Extended Version [cached]

Searching: Phil Vassar: That's When I Love You

	Phil Vassar: That's When I Love You [cached]

Searching: B2K: Uh Huh

	B2K: Uh Huh [cached]

Searching: Gary Allan: The One

	Gary Allan: The One [cached]

Searching: Madonna: American Life

	Madonna: American Life [cached]

Searching: Lil' Mo Featuring Fabolous: 4 Ever

	Lil' Mo: 4Ever (feat. Fabolous) [cached]

Searching: Clay Aiken: Invisible

	Clay Aiken: Invisible [cached]

Searching: Avant: Don't Take Your Love Away

	Avant: Don't Take Your Love Away [cached]

Searching: Yellowcard: Ocean Avenue

	Yellowcard: Ocean Avenue [cached]

Searching: Goo Goo Dolls: Give A Little Bit

	The Goo Goo Dolls: Give a Little Bit [cached]

Searching: Jet: Look What You've Done

	Jet: Look What You've Done - UK Acoustic Version [cached]

Searching: Brooks & Dunn: Play Something Country

	Brooks & Dunn: Play Something Country [cached]

Searching: INXS: Pretty Vegas

	INXS: Pretty Vegas [cached]

Searching: Kenny Chesney: Who You'd Be Today

	Kenny Chesney: Who You'd Be Today [cached]

Searching: Tim McGraw: When The Stars Go Blue

	Tim McGraw: When The Stars Go Blue [cached]

Searching: Lyfe Jennings: S.E.X.

	Lyfe Jennings: S.E.X. (feat. LaLa Brown) [cached]

Searching: Carrie Underwood: Wasted

	Carrie Underwood: Wasted [cached]

Searching: Eve: Tambourine

	Eve: Tambourine [cached]

Searching: Foo Fighters: The Pretender

	Foo Fighters: The Pretender [cached]

Searching: Ingrid Michaelson: The Way I Am

	Ingrid Michaelson: The Way I Am [cached]

Searching: Billy Ray Cyrus With Miley Cyrus: Ready, Set, Don't Go

	Billy Ray Cyrus: Ready, Set, Don't Go [cached]

Searching: Fat Joe Featuring J. Holiday: I Won't Tell

	Fat Joe: I Won't Tell [cached]

Searching: Radiohead: Nude

	Radiohead: Nude [cached]

Searching: Ashanti: The Way That I Love You

	Ashanti: The Way That I Love You [cached]

Searching: Flobots: Handlebars

	Flobots: Handlebars [cached]

Searching: Jazmine Sullivan: Need U Bad

	Jazmine Sullivan: Need U Bad [cached]

Searching: U2: Get On Your Boots

	U2: Get On Your Boots [cached]

Searching: Dave Matthews Band: Funny The Way It Is

	Dave Matthews Band: Funny the Way It Is [cached]

Searching: Jonas Brothers: Paranoid

	Jonas Brothers: Paranoid [cached]

Searching: Kris Allen: Ain't No Sunshine
=========> Kris Allen: Ain t No Sunshine

	 NOT FOUND

Searching: Rascal Flatts: Summer Nights

	Rascal Flatts: Summer Nights [cached]

Searching: Muse: Uprising

	Muse: Uprising [cached]

Searching: Justin Bieber: Love Me

	Justin Bieber: Love Me [cached]

Searching: Jay-Z + Swizz Beatz: On To The Next One

	JAY-Z: On To The Next One [cached]

Searching: Spose: I'm Awesome

	Spose: I'm Awesome [cached]

Searching: Timbaland Featuring Katy Perry: If We Ever Meet Again

	Timbaland: If We Ever Meet Again (Featuring Katy Perry) [cached]

Searching: Glee Cast: Faithfully

	Glee Cast: Faithfully (Glee Cast Version) [cached]

Searching: Luke Bryan: Rain Is A Good Thing

	Luke Bryan: Rain Is A Good Thing [cached]

Searching: Blake Shelton: All About Tonight

	Blake Shelton: All About Tonight [cached]

Searching: Kings Of Leon: Radioactive

	Kings of Leon: Radioactive [cached]

Searching: Glee Cast: One Of Us

	Glee Cast: One Of Us (Glee Cast Version) [cached]

Searching: Darius Rucker: Come Back Song

	Darius Rucker: Come Back Song [cached]

Searching: Glee Cast: Blackbird

	Glee Cast: Blackbird (Glee Cast Version) [cached]

Searching: Rihanna: California King Bed

	Rihanna: California King Bed [cached]

Searching: The Band Perry: All Your Life

	The Band Perry: All Your Life [cached]

Searching: Ke$ha Featuring Lil Wayne, Wiz Khalifa, T.I. & Andre 3000: Sleazy Remix 2.0 Get Sleazier

	Kesha: Sleazy REMIX 2.0 Get Sleazier (feat. Lil' Wayne, Wiz Khalifa, T.I. & André 3000) [cached]

Searching: Chris Brown Featuring Kevin K-MAC McCall: Strip

	Chris Brown: Strip (feat. Kevin McCall) [cached]

Searching: Cassadee Pope: Wasting All These Tears

	Cassadee Pope: Wasting All These Tears [cached]

Searching: DJ Khaled Featuring Drake, Rick Ross & Lil Wayne: No New Friends (SFTB Remix)

	DJ Khaled: No New Friends - SFTB Remix [cached]

Searching: Ed Sheeran: Afire Love

	Ed Sheeran: Afire Love [cached]

Searching: Sawyer Fredericks: Please

	 NOT FOUND

Searching: Rachel Platten: Stand By You

	Rachel Platten: Stand By You [cached]

Searching: Kanye West: Father Stretch My Hands Pt. 1

	Kanye West: Father Stretch My Hands Pt. 1 [cached]

Searching: Beyonce: Pray You Catch Me

	Beyoncé: Pray You Catch Me [cached]

Searching: Luke Bryan: Huntin', Fishin' & Lovin' Every Day

	Luke Bryan: Huntin', Fishin' And Lovin' Every Day [cached]

Searching: Future Featuring Rihanna: Selfish

	Future: Selfish (feat. Rihanna) [cached]

Searching: Jon Pardi: Dirt On My Boots

	Jon Pardi: Dirt On My Boots [cached]

Searching: Kendrick Lamar: Pride.

	Kendrick Lamar: PRIDE. [cached]

Searching: Drake: That's How You Feel

	Drake: That’s How You Feel [cached]

Searching: XXXTENTACION: whoa (mind in awe)

	XXXTENTACION: whoa (mind in awe) [cached]

Searching: Jimmie Allen: Best Shot

	Jimmie Allen: Best Shot [cached]

Searching: Summer Walker X Drake: Girls Need Love

	Summer Walker: Girls Need Love [cached]

Searching: Ed Sheeran & Travis Scott: Antisocial

	Ed Sheeran: Antisocial (with Travis Scott) [cached]

Searching: Post Malone: Allergic

	Post Malone: Allergic [cached]

Searching: NLE Choppa: Camelot

	NLE Choppa: Camelot [cached]

Searching: Kanye West Featuring Clipse & Kenny G: Use This Gospel

	Kanye West: Use This Gospel [cached]

Searching: Lil Uzi Vert: I'm Sorry

	Lil Uzi Vert: I'm Sorry [cached]

Searching: Jordan Davis: Slow Dance In A Parking Lot

	Jordan Davis: Slow Dance In A Parking Lot [cached]

Searching: Beyonce: Black Parade

	Beyoncé: BLACK PARADE [cached]

Searching: Pop Smoke: Gangstas

	Pop Smoke: Gangstas [cached]

Searching: Taylor Swift: Invisible String

	Taylor Swift: invisible string [cached]

Searching: Why Don't We: Fallin'

	Why Don't We: Fallin’ (Adrenaline) [cached]

Searching: Lil Nas X: Holiday

	Lil Nas X: HOLIDAY [cached]
