Found 240/260 = 92%
20 not found: 
The Ames Brothers: China Doll
Paul Dino: Ginnie Bell
Ray Charles: My Heart Cries For You
Earl-Jean: I'm Into Somethin' Good
Bobby Vinton: What Color (Is A Man)
Verdelle Smith: Tar And Cement
The Hesitations: Born Free
Vik Venus Alias: Your Main Moon Man: Moonflight
Chairman Of The Board: (You've Got Me) Dangling On A String
Chairman Of The Board: Everything's Tuesday
Little Jimmy Osmond with The Mike Curb Congregation: Long Haired Lover From Liverpool
Stevie Woods: Just Can't Win 'em All
Barry Manilow: Oh Julie
Olivia Newton-John: Tied Up
Jeffrey Osborne: The Borderlines
Bourgeois Tagg: I Don't Mind At All
Salt-N-Pepa: Ain't Nuthin' But A She Thing
Dixie Chicks: If I Fall You're Going Down With Me
Lil Boosie Featuring Foxx & Webbie: Wipe Me Down
Lil Wayne Featuring 2 Chainz: Rich As F**k
--------- log -----------
Searching: Teresa Brewer: The Hula Hoop Song

	Teresa Brewer: The Hula Hoop Song [cached]

Searching: Johnny Cash: All Over Again

	Johnny Cash: All Over Again [cached]

Searching: Jimmy Clanton: A Part Of Me

	Jimmy Clanton: A Part of Me [cached]

Searching: Big Bopper: Big Bopper's Wedding

	The Big Bopper: Big Bopper's Wedding [cached]

Searching: The Applejacks: Rocka-Conga

	The Applejacks: Rocka-Conga [cached]

Searching: Bobby Darin: Plain Jane

	Bobby Darin: Plain Jane [cached]

Searching: Marty Robbins: The Hanging Tree

	Marty Robbins: The Hanging Tree [cached]

Searching: Brook Benton: So Close

	Brook Benton: So Close [cached]

Searching: Chubby Checker: The Class

	Chubby Checker: The Twist [cached]

Searching: Clyde McPhatter: Since You've Been Gone

	Clyde McPhatter: Since You've Been Gone [cached]

Searching: The Coasters: I'm A Hog For You

	The Coasters: I'm a Hog for You - 2007 Remaster Stereo; Remastered [cached]

Searching: Frank Sinatra: Talk To Me

	Frank Sinatra: Talk To Me Baby [cached]

Searching: Ricky Nelson: Mighty Good

	Ricky Nelson: Mighty Good - Remastered [cached]

Searching: The Ames Brothers: China Doll
=========> Ames Brothers: China Doll

	 NOT FOUND

Searching: Buster Brown: Fannie Mae

	Buster Brown: Fannie Mae [cached]

Searching: Little Willie John: Heartbreak (It's Hurtin' Me)

	Little Willie John: Heartbreak (It's Hurtin' Me) [cached]

Searching: Dion & The Belmonts: In The Still Of The Night

	Dion & The Belmonts: In The Still Of The Night [cached]

Searching: Jack Scott: It Only Happened Yesterday

	Jack Scott: It Only Happened Yesterday - Remastered [cached]

Searching: Fats Domino: Natural Born Lover

	Fats Domino: Natural Born Lover [cached]

Searching: Joni James: My Last Date (With You)

	Joni James: My Last Date (With You) [cached]

Searching: Paul Dino: Ginnie Bell

	 NOT FOUND

Searching: Paul Revere & The Raiders: Like, Long Hair

	Paul Revere & The Raiders: Like Long Hair (Original 1960 Single Version) [cached]

Searching: The Chimes: I'm In The Mood For Love

	The Chimes: I'm In The Mood For Love [cached]

Searching: The Starlets: Better Tell Him No

	The Starlets: Better Tell Him No [cached]

Searching: Del Shannon: Hey! Little Girl

	Del Shannon: Hey! Little Girl [cached]

Searching: Ike & Tina Turner: Poor Fool

	Ike & Tina Turner: Poor Fool [cached]

Searching: The Angels: Cry Baby Cry

	The Angels: Cry Baby Cry [cached]

Searching: Andy Williams: Stranger On The Shore

	Andy Williams: Stranger on the Shore - Single Version [cached]

Searching: Jo Ann Campbell: I'm The Girl From Wolverton Mountain

	Jo Ann Campbell: I'm the Girl from Wolverton Mountain [cached]

Searching: Bobby Vinton: I Love You The Way You Are

	Bobby Vinton: I Love You the Way You Are [cached]

Searching: Walter Brennan: Mama Sang A Song

	Walter Brennan: Mama Sang a Song [cached]

Searching: Bobby Vinton: Let's Kiss And Make Up

	Bobby Vinton: Let's Kiss and Make Up [cached]

Searching: Bob B. Soxx And The Blue Jeans: Why Do Lovers Break Each Other's Heart?

	Bob B. Soxx & The Blue Jeans: Why Do Lovers Break Each Others Hearts? [cached]

Searching: Big Dee Irwin (with Little Eva): Swinging On A Star

	Big Dee Irwin: Swinging on a Star [cached]

Searching: The Glencoves: Hootenanny

	The Glencoves: Hootenanny [cached]

Searching: Barbara Lewis: Puppy Love

	Barbara Lewis: Puppy Love [cached]

Searching: Ray Charles: My Heart Cries For You

	 NOT FOUND

Searching: Dusty Springfield: Stay Awhile

	Dusty Springfield: Stay Awhile [cached]

Searching: Gladys Knight And The Pips: Giving Up

	Gladys Knight & The Pips: Giving Up [cached]

Searching: Earl-Jean: I'm Into Somethin' Good
=========> Earl Jean: I m Into Somethin  Good

	 NOT FOUND

Searching: Mickey Lee Lane: Shaggy Dog

	Mickey Lee Lane: Shaggy Dog [cached]

Searching: The Beau Brummels: You Tell Me Why

	The Beau Brummels: You Tell Me Why [cached]

Searching: Bobby Vinton: What Color (Is A Man)
=========> Bobby Vinton: What Color

	 NOT FOUND

Searching: Mel Carter: (All Of A Sudden) My Heart Sings

	Mel Carter: (All of a Sudden) My Heart Sings [cached]

Searching: Billy Joe Royal: I've Got To Be Somebody

	Billy Joe Royal: I've Got to Be Somebody [cached]

Searching: Herb Alpert & The Tijuana Brass: Tijuana Taxi

	Herb Alpert & The Tijuana Brass: Tijuana Taxi [cached]

Searching: The Bachelors: Love Me With All Of Your Heart

	The Bachelors: Love Me With All Your Heart [cached]

Searching: Verdelle Smith: Tar And Cement

	 NOT FOUND

Searching: James & Bobby Purify: Wish You Didn't Have To Go

	James & Bobby Purify: Wish You Didn't Have to Go [cached]

Searching: Dean Martin: Little Ole Wine Drinker, Me

	Dean Martin: Little Ole Wine Drinker, Me [cached]

Searching: Elvis Presley: Big Boss Man

	Elvis Presley: Big Boss Man [cached]

Searching: Jerry Butler: Mr. Dream Merchant

	Jerry Butler: Mr. Dream Merchant [cached]

Searching: Kenny O'Dell: Beautiful People

	Kenny O'Dell: Beautiful People [cached]

Searching: The Hesitations: Born Free
=========> Hesitations: Born Free

	 NOT FOUND

Searching: Vanilla Fudge: Take Me For A Little While

	Vanilla Fudge: a) Take Me For A Little While b) RYFI (Illusions Of My Childhood-Part Three) [cached]

Searching: Tommy James And The Shondells: Do Something To Me

	Tommy James & The Shondells: Do Something to Me [cached]

Searching: Deep Purple: Kentucky Woman

	Deep Purple: Kentucky Woman [cached]

Searching: The Dells: Does Anybody Know I'm Here

	The Dells: Does Anybody Know I'm Here? [cached]

Searching: Bettye Swann: Don't Touch Me

	Bettye Swann: Don't Touch Me [cached]

Searching: Perry Como: Seattle

	Perry Como: Seattle [cached]

Searching: 1910 Fruitgum Co.: Special Delivery

	1910 Fruitgum Company: Special Delivery - Remastered [cached]

Searching: Dick Hyman & His Electric Eclectics: The Minotaur

	Dick Hyman: The Minotaur [cached]

Searching: Vik Venus Alias: Your Main Moon Man: Moonflight
=========> Vik Venus Alias  Your Main Moon Man: Moonflight

	 NOT FOUND

Searching: Engelbert Humperdinck: I'm A Better Man

	Engelbert Humperdinck: I'm A Better Man (For Having Loved You) [cached]

Searching: Chairman Of The Board: (You've Got Me) Dangling On A String
=========> Chairman Of Board: Dangling On A String

	 NOT FOUND

Searching: Sly & The Family Stone: I Want To Take You Higher

	Sly & The Family Stone: I Want to Take You Higher [cached]

Searching: Chairman Of The Board: Everything's Tuesday
=========> Chairman Of Board: Everything s Tuesday

	 NOT FOUND

Searching: B.J. Thomas: Most Of All

	B.J. Thomas: Most Of All [cached]

Searching: The People's Choice: I Likes To Do It

	The People's Choice - Paul Simpson Mix: I Likes To Do It - Extended Mix [cached]

Searching: Diana Ross: Surrender

	Diana Ross: Surrender - Eric Kupper Remix [cached]

Searching: Four Tops: MacArthur Park (Part II)

	Four Tops: MacArthur Park [cached]

Searching: Buffy Sainte-Marie: Mister Can't You See

	Buffy Sainte-Marie: Mister Can't You See [cached]

Searching: Little Jimmy Osmond with The Mike Curb Congregation: Long Haired Lover From Liverpool
=========> Little Jimmy Osmond: Long Haired Lover From Liverpool

	 NOT FOUND

Searching: The Staple Singers: This World

	The Staple Singers: This World [cached]

Searching: Jerry Wallace: If You Leave Me Tonight I'll Cry

	Jerry Wallace: If You Leave Me Tonight I'll Cry [cached]

Searching: David Cassidy: Rock Me Baby

	David Cassidy: Rock Me Baby [cached]

Searching: Isaac Hayes: Theme From The Men

	Isaac Hayes: Theme From "The Men" [cached]

Searching: Johnny Rivers: Blue Suede Shoes

	Johnny Rivers: Blue Suede Shoes [cached]

Searching: B.B. King: To Know You Is To Love You

	B.B. King: To Know You Is To Love You [cached]

Searching: Ann Peebles: I Can't Stand The Rain

	Ann Peebles: I Can't Stand the Rain [cached]

Searching: Garfunkel: I Shall Sing

	Art Garfunkel: I Shall Sing [cached]

Searching: Jackson 5: Whatever You Got, I Want

	The Jackson 5: Whatever You Got, I Want [cached]

Searching: Led Zeppelin: Trampled Under Foot

	Led Zeppelin: Trampled Under Foot - 1990 Remaster [cached]

Searching: Travis Wammack: (Shu-Doo-Pa-Poo-Poop) Love Being Your Fool

	Travis Wammack: Love Being Your Fool [cached]

Searching: Graham Central Station: Your Love

	Graham Central Station: Your Love [cached]

Searching: The Marshall Tucker Band: Fire On The Mountain

	The Marshall Tucker Band: Fire on the Mountain [cached]

Searching: Boz Scaggs: It's Over

	Boz Scaggs: It's Over [cached]

Searching: The 4 Seasons: Silver Star

	Frankie Valli & The Four Seasons: Silver Star [cached]

Searching: Donny Osmond: C'mon Marianne

	Donny Osmond: C'mon Marianne [cached]

Searching: Tyrone Davis: Give It Up (turn It Loose)

	Tyrone Davis: Give It Up (Turn It Loose) [cached]

Searching: John Travolta: Whenever I'm Away From You

	John Travolta: Whenever I'm Away From You [cached]

Searching: Aerosmith: Back In The Saddle

	Aerosmith: Back In the Saddle [cached]

Searching: Starbuck: Everybody Be Dancin'

	Starbuck: Everybody Be Dancin' [cached]

Searching: Boston: Peace Of Mind

	Boston: Peace of Mind [cached]

Searching: Leo Sayer: Thunder In My Heart

	Leo Sayer: Thunder In My Heart [cached]

Searching: Donny & Marie Osmond: (You're My) Soul And Inspiration

	Donny & Marie Osmond: (You're My) Soul And Inspiration [cached]

Searching: Rufus/Chaka Khan: Stay

	Rufus: Stay - Live Version [cached]

Searching: Chic: Everybody Dance

	CHIC: Everybody Dance - 2018 Remaster [cached]

Searching: Jimmy "Bo" Horne: Dance Across The Floor

	Jimmy "Bo" Horne: Dance Across The Floor [cached]

Searching: Commodores: Flying High

	Commodores: Flying High [cached]

Searching: Donny & Marie Osmond: On The Shelf

	Donny & Marie Osmond: On The Shelf [cached]

Searching: Glen Campbell: Can You Fool

	Glen Campbell: Can You Fool - Remastered 2003 [cached]

Searching: The Jones Girls: You Gonna Make Me Love Somebody Else

	The Jones Girls: You Gonna Make Me Love Somebody Else [cached]

Searching: Triumph: Hold On

	Triumph: Hold On [cached]

Searching: Blackfoot: Train, Train

	Blackfoot: Train, Train [cached]

Searching: Rita Coolidge: I'd Rather Leave While I'm In Love

	Rita Coolidge: I'd Rather Leave While I'm In Love [cached]

Searching: The Knack: Baby Talks Dirty

	The Knack: Baby Talks Dirty - Remastered [cached]

Searching: The J. Geils Band: Love Stinks

	The J. Geils Band: Love Stinks [cached]

Searching: Tommy Tutone: Angel Say No

	Tommy Tutone: Angel Say No [cached]

Searching: Livingston Taylor: First Time Love

	Livingston Taylor: First Time Love [cached]

Searching: Nielsen/Pearson: If You Should Sail

	Nielsen & Pearson: If You Should Sail [cached]

Searching: Pat Benatar: Promises In The Dark

	Pat Benatar: Promises In The Dark [cached]

Searching: Electric Light Orchestra: Twilight

	Electric Light Orchestra: Twilight [cached]

Searching: Ringo Starr: Wrack My Brain

	Ringo Starr: Wrack My Brain [cached]

Searching: Stevie Woods: Just Can't Win 'em All
=========> Stevie Woods: Just Can t Win  em All

	 NOT FOUND

Searching: Atlantic Starr: Circles

	Atlantic Starr: Circles [cached]

Searching: Dionne Warwick & Johnny Mathis: Friends In Love

	Dionne Warwick: Friends in Love (with Johnny Mathis) [cached]

Searching: Van Halen: Dancing In The Street

	Van Halen: Dancing in the Street - 2015 Remaster [cached]

Searching: Ray Parker Jr.: Let Me Go

	Ray Parker Jr.: Let Me Go - Single Version [cached]

Searching: Barry Manilow: Oh Julie

	 NOT FOUND

Searching: 38 Special: You Keep Runnin' Away

	38 Special: You Keep Runnin' Away [cached]

Searching: Air Supply: Young Love

	Air Supply: Young Love [cached]

Searching: Air Supply: Two Less Lonely People In The World

	Air Supply: Two Less Lonely People In the World [cached]

Searching: Olivia Newton-John: Tied Up
=========> Olivia Newton John: Tied Up

	 NOT FOUND

Searching: Jefferson Starship: Winds Of Change

	Jefferson Starship: Winds of Change [cached]

Searching: Alabama: The Closer You Get

	Alabama: The Closer You Get [cached]

Searching: Charlie: It's Inevitable

	Charlie: It's Inevitable [cached]

Searching: Wang Chung: Don't Let Go

	Wang Chung: Don't Let Go [cached]

Searching: Michael Jackson: Farewell My Summer Love

	Michael Jackson: Farewell My Summer Love [cached]

Searching: Face To Face: 10-9-8

	Face To Face: 10-9-8 [cached]

Searching: Sammy Hagar: Two Sides Of Love

	Sammy Hagar: Two Sides Of Love [cached]

Searching: Elton John: In Neon

	Elton John: In Neon [cached]

Searching: Jeffrey Osborne: The Borderlines
=========> Jeffrey Osborne: Borderlines

	 NOT FOUND

Searching: Mick Jagger: Lucky In Love

	Mick Jagger: Lucky In Love [cached]

Searching: Artists United Against Apartheid: Sun City

	Artists United Against Apartheid: Sun City [cached]

Searching: New Edition: A Little Bit Of Love (Is All It Takes)

	New Edition: A Little Bit Of Love [cached]

Searching: Hooters: Where Do The Children Go

	The Hooters: Where Do the Children Go [cached]

Searching: Toto: Without Your Love

	TOTO: Without Your Love [cached]

Searching: Cutting Crew: One For The Mockingbird

	Cutting Crew: One For The Mockingbird [cached]

Searching: Loverboy: Notorious

	Loverboy: Notorious [cached]

Searching: Bourgeois Tagg: I Don't Mind At All
=========> Bourgeois Tagg: I Don t Mind At All

	 NOT FOUND

Searching: Dan Reed Network: Ritual

	Dan Reed Network: Ritual [cached]

Searching: Corey Hart: In Your Soul

	Corey Hart: In Your Soul [cached]

Searching: Tracie Spencer: Symptoms Of True Love

	Tracie Spencer: Symptoms Of True Love [cached]

Searching: Rick Astley: Giving Up On Love

	Rick Astley: Giving Up on Love - 7" Pop Version [cached]

Searching: The Cover Girls: My Heart Skips A Beat

	The Cover Girls: My Heart Skips A Beat [cached]

Searching: The Smithereens: A Girl Like You

	The Smithereens: A Girl Like You [cached]

Searching: Electronic: Getting Away With It

	Electronic: Getting Away with It - 2013 Remaster [cached]

Searching: En Vogue: Lies

	En Vogue: Lies - 2020 Remaster [cached]

Searching: Poison: Ride The Wind

	Poison: Ride The Wind [cached]

Searching: Kane Roberts: Does Anybody Really Fall In Love Anymore?

	Kane Roberts: Does Anybody Really Fall in Love Anymore [cached]

Searching: Kym Sims: Too Blind To See It

	Kym Sims: Too Blind to See It [cached]

Searching: The Shamen: Move Any Mountain

	The Shamen: Move Any Mountain - Beat Edit [cached]

Searching: Cause And Effect: You Think You Know Her

	Cause & Effect: You Think You Know Her [cached]

Searching: k.d. lang: Constant Craving

	k.d. lang: Constant Craving [cached]

Searching: Bad Company: How About That

	Bad Company: How About That [cached]

Searching: Hi-Five: Quality Time

	Hi-Five: Quality Time [cached]

Searching: Bell Biv DeVoe: Something In Your Eyes

	Bell Biv DeVoe: Something In Your Eyes [cached]

Searching: Meat Loaf: Objects In The Rear View Mirror May Appear Closer Than...

	Meat Loaf: Objects In The Rear View Mirror May Appear Closer Than They Are [cached]

Searching: Sting: When We Dance

	Sting: When We Dance [cached]

Searching: Changing Faces: Foolin' Around

	Changing Faces: Foolin' Around [cached]

Searching: Andru Donalds: Mishale

	Andru Donalds: Mishale [cached]

Searching: Craig Mack: Get Down

	Craig Mack: Get Down [cached]

Searching: 2 Unlimited: Get Ready For This

	2 Unlimited: Get Ready for This - Radio Edit [cached]

Searching: Salt-N-Pepa: Ain't Nuthin' But A She Thing
=========> Salt N Pepa: Ain t Nuthin  But A She Thing

	 NOT FOUND

Searching: Tina Arena: Chains

	Tina Arena: Chains [cached]

Searching: Hootie & The Blowfish: Tucker's Town

	Hootie & The Blowfish: Tucker's Town [cached]

Searching: Mack 10 & Tha Dogg Pound: Nothin' But The Cavi Hit (From "Rhyme & Reason")

	Mack 10: Nothin' But The Cavi Hit [cached]

Searching: Depeche Mode: It's No Good

	Depeche Mode: It's No Good [cached]

Searching: Diana King: I Say A Little Prayer

	Diana King: I Say A Little Prayer [cached]

Searching: Playa: Cheers 2 U

	Playa: Cheers 2 U [cached]

Searching: matchbox 20: Real World

	Matchbox Twenty: Real World [cached]

Searching: Ty Herndon: It Must Be Love

	Ty Herndon: It Must Be Love - Single Version [cached]

Searching: George Strait: Meanwhile

	George Strait: Meanwhile [cached]

Searching: Lee Ann Womack: I'll Think Of A Reason Later

	Lee Ann Womack: I'll Think Of A Reason Later [cached]

Searching: Joe Diffie: A Night To Remember

	Joe Diffie: A Night To Remember [cached]

Searching: Vitamin C: Graduation (Friends Forever)

	Vitamin C: Graduation (Friends Forever) [cached]

Searching: No Doubt: Simple Kind Of Life

	No Doubt: Simple Kind Of Life [cached]

Searching: Rascal Flatts: Prayin' For Daylight

	Rascal Flatts: Prayin' For Daylight [cached]

Searching: Billy Gilman: One Voice

	Billy Gilman: One Voice [cached]

Searching: Wyclef Jean Featuring Mary J. Blige: 911

	Wyclef Jean: 911 (feat. Mary J. Blige) [cached]

Searching: Tank: Maybe I Deserve

	Tank: Maybe I Deserve [cached]

Searching: Dixie Chicks: If I Fall You're Going Down With Me
=========> Dixie Chicks: If I Fall You re Going Down With Me

	 NOT FOUND

Searching: Tim McGraw: Angry All The Time

	Tim McGraw: Angry All The Time [cached]

Searching: Faith Evans: You Gets No Love

	Faith Evans: You Gets No Love - Remix [cached]

Searching: Aaron Lines: You Can't Hide Beautiful

	Aaron Lines: You Can't Hide Beautiful [cached]

Searching: Keith Urban: Raining On Sunday

	Keith Urban: Raining On Sunday [cached]

Searching: Joe Budden: Pump It Up

	Joe Budden: Pump It Up [cached]

Searching: Korn: Did My Time

	Korn: Did My Time [cached]

Searching: Luther Vandross: Dance With My Father

	Luther Vandross: Dance With My Father [cached]

Searching: George Strait: Cowboys Like Us

	George Strait: Cowboys Like Us [cached]

Searching: Terri Clark: I Wanna Do It All

	Terri Clark: I Wanna Do It All [cached]

Searching: Lonestar: Let's Be Us Again

	Lonestar: Let's Be Us Again [cached]

Searching: Phil Vassar: In A Real Love

	Phil Vassar: In a Real Love [cached]

Searching: Brooks & Dunn: That's What It's All About

	Brooks & Dunn: That's What It's All About [cached]

Searching: Sugarland: Baby Girl

	Sugarland: Baby Girl - 2nd Version/Remix/Album Version [cached]

Searching: Rascal Flatts: Fast Cars And Freedom

	Rascal Flatts: Fast Cars And Freedom [cached]

Searching: Sara Evans: A Real Fine Place To Start

	Sara Evans: A Real Fine Place to Start [cached]

Searching: Jack Johnson: Upside Down

	Jack Johnson: Upside Down [cached]

Searching: Josh Turner: Your Man

	Josh Turner: Your Man [cached]

Searching: OK Go: Here It Goes Again

	OK Go: Here It Goes Again [cached]

Searching: Lil Boosie Featuring Foxx & Webbie: Wipe Me Down
=========> Lil Boosie: Wipe Me Down

	 NOT FOUND

Searching: Gorilla Zoe: Hood Figga

	Gorilla Zoe: Hood Figga [cached]

Searching: Birdman Featuring Lil Wayne: Pop Bottles

	Birdman: Pop Bottles - Main [cached]

Searching: DJ Khaled Feat. Akon, Plies, Young Jeezy, Rick Ross, Ace Hood, Trick Daddy & Lil' Boosie: Out Here Grindin

	DJ Khaled: Out Here Grindin' [cached]

Searching: T-Pain Featuring Chris Brown: Freeze

	T-Pain: Freeze (feat. Chris Brown) [cached]

Searching: Ester Dean Featuring Chris Brown: Drop It Low

	Ester Dean: Drop It Low [cached]

Searching: Miranda Lambert: White Liar

	Miranda Lambert: White Liar [cached]

Searching: Reba: Consider Me Gone

	Reba McEntire: Consider Me Gone [cached]

Searching: T.I. Featuring Keri Hilson: Got Your Back

	T.I.: Got Your Back [cached]

Searching: Shakira Featuring Freshlyground: Waka Waka (This Time For Africa)

	Shakira: Waka Waka (This Time for Africa) [The Official 2010 FIFA World Cup (TM) Song] (feat. Freshlyground) [cached]

Searching: Glee Cast: Listen

	Glee Cast: Listen to Your Heart (Glee Cast Version) [cached]

Searching: Glee Cast: Stop! In The Name Of Love / Free Your Mind

	Glee Cast: Stop! In The Name Of Love / Free Your Mind (Glee Cast Version) [cached]

Searching: Glee Cast: (I've Had) The Time Of My Life

	Glee Cast: (I've Had) The Time Of My Life (Glee Cast Version) [cached]

Searching: Plain White T's: Rhythm of Love

	Plain White T's: Rhythm Of Love [cached]

Searching: Glee Cast: Thriller / Heads Will Roll

	Glee Cast: Thriller / Heads Will Roll (Glee Cast Version) [cached]

Searching: Brad Paisley Featuring Alabama: Old Alabama

	Brad Paisley: Old Alabama (feat. Alabama) [cached]

Searching: Red Hot Chili Peppers: The Adventures Of Rain Dance Maggie

	Red Hot Chili Peppers: The Adventures of Rain Dance Maggie [cached]

Searching: New Boyz Feat. Chris Brown: Better With The Lights Off

	New Boyz: Better with the Lights Off (feat. Chris Brown) [cached]

Searching: Jason Aldean: Tattoos On This Town

	Jason Aldean: Tattoos on This Town [cached]

Searching: Wale Featuring Miguel: Lotus Flower Bomb

	Wale: Lotus Flower Bomb (feat. Miguel) [cached]

Searching: Outasight: Tonight Is The Night

	Outasight: Tonight Is the Night [cached]

Searching: Lil Wayne Featuring Big Sean: My Homies Still

	Lil Wayne: My Homies Still [cached]

Searching: Lil Wayne Featuring 2 Chainz: Rich As F**k
=========> Lil Wayne: Rich As F  k

	 NOT FOUND

Searching: Big Sean Featuring Lil Wayne & Jhene Aiko: Beware

	Big Sean: Beware [cached]

Searching: Demi Lovato: Let It Go

	Demi Lovato: Let It Go - From "Frozen / Single Version [cached]

Searching: Jason Aldean: When She Says Baby

	Jason Aldean: When She Says Baby [cached]

Searching: Rascal Flatts: Rewind

	Rascal Flatts: Rewind [cached]

Searching: ScHoolboy Q Featuring BJ The Chicago Kid: Studio

	ScHoolboy Q: Studio [cached]

Searching: Tim McGraw: Shotgun Rider

	Tim McGraw: Shotgun Rider [cached]

Searching: Blake Shelton: Sangria

	Blake Shelton: Sangria [cached]

Searching: Dove Cameron, Cameron Boyce, Booboo Stewart & Sofia Carson: Rotten To The Core

	Dove Cameron: Rotten to the Core [cached]

Searching: N.W.A: Straight Outta Compton

	N.W.A.: Straight Outta Compton [cached]

Searching: Luke Bryan Featuring Karen Fairchild: Home Alone Tonight

	Luke Bryan: Home Alone Tonight [cached]

Searching: Beyonce: All Night

	Beyoncé: All Night [cached]

Searching: Drake Featuring Future: Grammys

	Drake: Grammys [cached]

Searching: Big Sean: Moves

	Big Sean: Moves [cached]

Searching: Drake: Blem

	Drake: Blem [cached]

Searching: Keith Urban Featuring Carrie Underwood: The Fighter

	Keith Urban: The Fighter [cached]

Searching: A Boogie Wit da Hoodie Featuring Kodak Black: Drowning

	A Boogie Wit da Hoodie: Drowning (feat. Kodak Black) [cached]

Searching: Future Featuring Nicki Minaj: You Da Baddest

	Future: You Da Baddest (feat. Nicki Minaj) [cached]

Searching: Cheat Codes Featuring Demi Lovato: No Promises

	Cheat Codes: No Promises (feat. Demi Lovato) [cached]

Searching: Cardi B: Get Up 10

	Cardi B: Get Up 10 [cached]

Searching: Drake: Peak

	Drake: Peak [cached]

Searching: Travis Scott: Can't Say

	Travis Scott: CAN'T SAY [cached]

Searching: Metro Boomin Featuring 21 Savage: Don't Come Out The House

	Metro Boomin: Don't Come Out The House (with 21 Savage) [cached]

Searching: A Boogie Wit da Hoodie Featuring 6ix9ine: Swervin

	A Boogie Wit da Hoodie: Swervin (feat. 6ix9ine) [cached]

Searching: Logic: Keanu Reeves

	Logic: Keanu Reeves [cached]

Searching: Ariana Grande: In My Head

	Ariana Grande: in my head [cached]

Searching: Juice WRLD: Hear Me Calling

	Juice WRLD: Hear Me Calling [cached]

Searching: Chase Rice: Eyes On You

	Chase Rice: Eyes On You [cached]

Searching: Taylor Swift: The Archer

	Taylor Swift: The Archer [cached]

Searching: JACKBOYS Featuring Young Thug: Out West

	JACKBOYS: OUT WEST (feat. Young Thug) [cached]

Searching: Mac Miller: Blue World

	Mac Miller: Blue World [cached]

Searching: G Herbo Featuring Chance The Rapper, Juice WRLD & Lil Uzi Vert: PTSD

	G Herbo: PTSD [cached]

Searching: Gunna Featuring Young Thug: Dollaz On My Head

	Gunna: DOLLAZ ON MY HEAD (feat. Young Thug) [cached]

Searching: NLE Choppa Featuring Roddy Ricch: Walk Em Down

	NLE Choppa: Walk Em Down (feat. Roddy Ricch) [cached]

Searching: Kenny Chesney: Here And Now

	Kenny Chesney: Here And Now [cached]

Searching: Juice WRLD & Trippie Redd: Tell Me U Luv Me

	Juice WRLD: Tell Me U Luv Me (with Trippie Redd) [cached]

Searching: Calvin Harris X The Weeknd: Over Now

	Calvin Harris: Over Now (with The Weeknd) [cached]
