Found 244/266 = 92%
22 not found: 
Pat Boone: That's How Much I Love You
Patti Page: Fibbin'
Ray Charles and his Orchestra: Baby, Don't You Cry (The New Swingova Rhythm)
Freddy Scott: Are You Lonely For Me
Frankie Laine: I'll Take Care Of Your Cares
Bull & The Matadors: The Funky Judge
Mary Hopkin: Temma Harbour
Johnnie Taylor: I Am Somebody Part II
The Nite-Liters: K-Jee
The Grass Roots: The Runway
AWB: If I Ever Lose This Heaven
Marie Osmond: This Is The Way That I Feel
Elton John: (Sartorial Eloquence) Don't Ya Wanna Play This Game No More?
John Hunter: Tragedy
Dan Hartman: Second Nature
Boy Meets Girl: Oh Girl
Harriet: Temple Of Love
Peach Union: On My Own
Dixie Chicks: Ready To Run
R. Kelly & Jay-Z: Big Chips
American Idol Finalists Season 4: When You Tell Me That You Love Me
Lil Wayne Featuring Snoop Dogg: Dope N****z
--------- log -----------
Searching: Pat Boone: That's How Much I Love You
=========> Pat Boone: That s How Much I Love You

	 NOT FOUND

Searching: Patti Page: Fibbin'
=========> Patti Page: Fibbin

	 NOT FOUND

Searching: Quaker City Boys: Teasin'

	The Quaker City Boys: Teasin' [cached]

Searching: Billy Williams: Nola

	Billy Williams: Nola [cached]

Searching: The Fleetwoods: Graduation's Here

	The Fleetwoods: Graduation's Here [cached]

Searching: Jane Morgan: With Open Arms

	Jane Morgan: With Open Arms [cached]

Searching: Bob McFadden And Dor: The Mummy

	Bob Mcfadden & Dor: The Mummy [cached]

Searching: Fireballs: Torquay

	The Fireballs: Torquay [cached]

Searching: Frankie Avalon: Swingin' On A Rainbow

	Frankie Avalon: Swingin' On A Rainbow [cached]

Searching: Fabian: String Along

	Fabian: String Along [cached]

Searching: Skeeter Davis: (I Can't Help You) I'm Falling Too

	Skeeter Davis: (I Can't Help You) I'm Falling Too [cached]

Searching: The Shirelles: Tonights The Night

	The Shirelles: Tonight's The Night [cached]

Searching: Gene Pitney: (I Wanna) Love My Life Away

	Gene Pitney: (I Wanna) Love My Life Away [cached]

Searching: Hank Ballard And The Midnighters: Let's Go Again (Where We Went Last Night)

	Hank Ballard & The Midnighters: Let's Go Again [cached]

Searching: Duane Eddy: Theme From Dixie

	Duane Eddy: Theme From Dixie [cached]

Searching: Tony Orlando: Halfway To Paradise

	Tony Orlando: Halfway To Paradise [cached]

Searching: Etta James: Don't Cry, Baby

	Etta James: Don't Cry Baby [cached]

Searching: Ral Donner: Please Don't Go

	Ral Donner: Please Don't Go [cached]

Searching: David Seville And The Chipmunks: The Chipmunk Song (Christmas Don't Be Late)

	David Seville and The Chipmunks: The Chipmunk Song (Christmas Don’t Be Late) [cached]

Searching: The Miracles: I'll Try Something New

	The Miracles: I'll Try Something New [cached]

Searching: James Darren: Mary's Little Lamb

	James Darren: Mary's Little Lamb [cached]

Searching: Andy Williams: Don't You Believe It

	Andy Williams: Don't You Believe It [cached]

Searching: Burl Ives: Mary Ann Regrets

	Burl Ives: Mary Ann Regrets [cached]

Searching: Darlene Love: (Today I Met) The Boy I'm Gonna Marry

	Darlene Love: (Today I Met) The Boy I'm Gonna Marry [cached]

Searching: Paul Anka: Remember Diana

	Paul Anka: Remember Diana [cached]

Searching: Perry Como: (I Love You) Don't You Forget It

	Perry Como: I Love You And Don't You Forget It [cached]

Searching: Jack Nitzsche: The Lonely Surfer

	Jack Nitzsche: The Lonely Surfer [cached]

Searching: Ray Charles and his Orchestra: Baby, Don't You Cry (The New Swingova Rhythm)
=========> Ray Charles: Baby  Don t You Cry

	 NOT FOUND

Searching: The Carefrees: We Love You Beatles

	Carefrees: We Love You Beatles [cached]

Searching: The Ronettes: (The Best Part Of) Breakin' Up

	The Ronettes: (The Best Part Of) Breakin' Up [cached]

Searching: Bobby Goldsboro: Whenever He Holds You

	Bobby Goldsboro: Whenever He Holds You [cached]

Searching: Gene Chandler: Bless Our Love

	Gene Chandler: God Bless Our Love [cached]

Searching: The Dixie Cups: You Should Have Seen The Way He Looked At Me

	The Dixie Cups: You Should Have Seen the Way He Looked at Me [cached]

Searching: The Beatles: I Don't Want To Spoil The Party

	The Beatles: I Don't Want To Spoil The Party - Remastered 2009 [cached]

Searching: Bob Dylan: Subterranean Homesick Blues

	Bob Dylan: Subterranean Homesick Blues [cached]

Searching: Roy Orbison: (Say) You're My Girl

	Roy Orbison: (Say) You're My Girl [cached]

Searching: The Strangeloves: Cara-Lin

	The Strangeloves: Cara-Lin [cached]

Searching: Roy Head: Just A Little Bit

	Roy Head: Just A Little Bit [cached]

Searching: The Viscounts: Harlem Nocturne

	The Viscounts: Harlem Nocturne - Single Version [cached]

Searching: Dionne Warwick: Are You There (With Another Girl)

	Dionne Warwick: Are You There With Another Girl [cached]

Searching: Frankie Valli: (You're Gonna) Hurt Yourself

	Frankie Valli: (You're Gonna) Hurt Yourself [cached]

Searching: Buddy Starcher: History Repeats Itself

	Buddy Starcher: History Repeats Itself [cached]

Searching: Trini Lopez: I'm Comin' Home, Cindy

	Trini Lopez: I'm Coming Home, Cindy [cached]

Searching: Roy Orbison: Twinkle Toes

	Roy Orbison: Twinkle Toes - Remastered 2015 [cached]

Searching: Joe Tex: S.Y.S.L.J.F.M. (The Letter Song)

	Joe Tex: S. Y. S. L. J. F. M. (The Letter Song) [cached]

Searching: The Shadows Of Knight: Oh Yeah

	The Shadows Of Knight: Oh Yeah [cached]

Searching: The Beach Boys: God Only Knows

	The Beach Boys: God Only Knows - Remastered [cached]

Searching: Bobby Hebb: A Satisfied Mind

	Bobby Hebb: A Satisfied Mind [cached]

Searching: Keith: Ain't Gonna Lie

	Keith: Ain't Gonna Lie [cached]

Searching: Freddy Scott: Are You Lonely For Me

	 NOT FOUND

Searching: Frankie Laine: I'll Take Care Of Your Cares
=========> Frankie Laine: I ll Take Care Of Your Cares

	 NOT FOUND

Searching: Jack Jones: Lady

	Jack Jones: Lady [cached]

Searching: The Monkees: The Girl I Knew Somewhere

	The Monkees: The Girl I Knew Somewhere [cached]

Searching: Gary Lewis And The Playboys: Girls In Love

	Gary Lewis & The Playboys: Girls In Love [cached]

Searching: Tommy Boyce & Bobby Hart: Out & About

	Tommy Boyce: Out & About [cached]

Searching: The Critters: Don't Let The Rain Fall Down On Me

	The Critters: Don't Let the Rain Fall Down on Me [cached]

Searching: Gladys Knight And The Pips: Everybody Needs Love

	Gladys Knight & The Pips: Everybody Needs Love [cached]

Searching: Herman's Hermits: Museum

	Herman's Hermits: Museum - 2003 Remaster [cached]

Searching: Brenda Holloway: You've Made Me So Very Happy

	Brenda Holloway: You've Made Me So Very Happy - Single Version [cached]

Searching: Jay And The Techniques: Strawberry Shortcake

	Jaye Cooley: Strawberry Shortcake [cached]

Searching: The American Breed: Green Light

	American Breed: Green Light [cached]

Searching: Roger Miller: Little Green Apples

	Roger Miller: Little Green Apples - Single Version [cached]

Searching: The Doors: The Unknown Soldier

	The Doors: The Unknown Soldier [cached]

Searching: B.B. King: Paying The Cost To Be The Boss

	B.B. King: Paying The Cost To Be The Boss [cached]

Searching: The Association: Time For Livin'

	The Association: Time for Livin' [cached]

Searching: Glen Campbell: Gentle On My Mind

	Glen Campbell: Gentle On My Mind - Remastered 2001 [cached]

Searching: Bull & The Matadors: The Funky Judge
=========> Bull: Funky Judge

	 NOT FOUND

Searching: The Tymes: People

	The Tymes: People [cached]

Searching: Jerry Butler: Are You Happy

	Jerry Butler: Are You Happy [cached]

Searching: The Rascals: Heaven

	The Rascals: Heaven [cached]

Searching: Bill Deal & The Rhondels: May I

	Bill Deal: May I [cached]

Searching: Stevie Wonder: I Don't Know Why

	Stevie Wonder: I Don't Know Why [cached]

Searching: The Emotions: So I Can Love You

	The Emotions: So I Can Love You [cached]

Searching: Johnny Nash: Cupid

	Johnny Nash: Cupid [cached]

Searching: Steppenwolf: Monster

	Steppenwolf: Monster / Suicide / America - Medley [cached]

Searching: Mary Hopkin: Temma Harbour

	 NOT FOUND

Searching: Van Morrison: Come Running

	Van Morrison: Come Running - 2013 Remaster [cached]

Searching: Johnnie Taylor: I Am Somebody Part II

	 NOT FOUND

Searching: The Stylistics: Stop, Look, Listen (To Your Heart)

	The Stylistics: Stop, Look, Listen (To Your Heart) [cached]

Searching: Sounds Of Sunshine: Love Means (You Never Have To Say You're Sorry)

	Sounds of Sunshine: Love Means... [cached]

Searching: The Nite-Liters: K-Jee
=========> Nite Liters: K

	 NOT FOUND

Searching: Dawn Featuring Tony Orlando: What Are You Doing Sunday

	Tony Orlando & Dawn: What Are You Doing Sunday - Remastered [cached]

Searching: Freddie North: She's All I Got

	Freddie North: She's All I Got [cached]

Searching: Lee Michaels: Can I Get A Witness

	Lee Michaels: Can I Get a Witness [cached]

Searching: The J. Geils Band: Looking For A Love

	The J. Geils Band: Looking for a Love - Live [cached]

Searching: The Grass Roots: The Runway
=========> Grass Roots: Runway

	 NOT FOUND

Searching: Uriah Heep: Easy Livin

	Uriah Heep: Easy Livin' [cached]

Searching: Emerson, Lake & Palmer: From The Beginning

	Emerson, Lake & Palmer: From the Beginning - 2015 - Remaster [cached]

Searching: Dennis Yost And The Classics IV: What Am I Crying For?

	Dennis Yost: What Am I Crying For [cached]

Searching: The Who: The Relay

	The Who: Relay - The BBC Session [cached]

Searching: The Partridge Family Starring Shirley Jones Featuring David Cassidy: Looking Through The Eyes Of Love

	The Partridge Family: Looking Through the Eyes of Love [cached]

Searching: Jim Stafford: Swamp Witch

	Jim Stafford: Swamp Witch [cached]

Searching: Curtis Mayfield: Future Shock

	Curtis Mayfield: Future Shock [cached]

Searching: The Persuaders: Some Guys Have All The Luck

	The Persuaders: Some Guys Have All the Luck [cached]

Searching: Elvis Presley: I've Got A Thing About You Baby/Take Good Care Of Her

	Elvis Presley: I've Got a Thing About You Baby - with The Royal Philharmonic Orchestra [cached]

Searching: The Guess Who: Star Baby

	The Guess Who: Star Baby - 2003 Remastered [cached]

Searching: Bill Haley And His Comets: Rock Around The Clock

	Bill Haley & His Comets: (We're Gonna) Rock Around The Clock [cached]

Searching: Nilsson: Daybreak

	Harry Nilsson: Daybreak - Single Version [cached]

Searching: Melba Montgomery: No Charge

	Melba Montgomery: No Charge [cached]

Searching: Bo Donaldson And The Heywoods: The Heartbreak Kid

	Bo Donaldson & The Heywoods: The Heartbreak Kid [cached]

Searching: Moments: Look At Me (I'm In Love)

	Instrumental Piano Moments: Look at Me [cached]

Searching: AWB: If I Ever Lose This Heaven

	 NOT FOUND

Searching: Wings: Letting Go

	Wings: Letting Go - Remastered 2014 [cached]

Searching: Art Garfunkel: Break Away

	Art Garfunkel: Break Away [cached]

Searching: Michael Murphey: Renegade

	Michael Martin Murphey: Rhymes of the Renegades [cached]

Searching: Earth, Wind & Fire: Can't Hide Love

	Earth, Wind & Fire: Can't Hide Love [cached]

Searching: Rufus Featuring Chaka Khan: Dance Wit Me

	Rufus & Chaka Khan: Dance Wit Me [cached]

Searching: Daryl Hall John Oates: Do What You Want, Be What You Are

	Daryl Hall & John Oates: Do What You Want, Be What You Are [cached]

Searching: Commodores: Fancy Dancer

	Commodores: Fancy Dancer [cached]

Searching: Silvetti: Spring Rain

	Silvetti: Spring Rain [cached]

Searching: Ambrosia: Magical Mystery Tour

	Ambrosia: Magical Mystery Tour [cached]

Searching: Marie Osmond: This Is The Way That I Feel
=========> Marie Osmond: This Is Way That I Feel

	 NOT FOUND

Searching: Glen Campbell: Sunflower

	Glen Campbell: Sunflower [cached]

Searching: Rose Royce: Do Your Dance - Part 1

	Rose Royce: Do Your Dance [cached]

Searching: War: Galaxy

	War: Galaxy [cached]

Searching: KISS: Rocket Ride

	KISS: Rocket Ride [cached]

Searching: Rare Earth: Warm Ride

	Rare Earth: Warm Ride [cached]

Searching: Dave Mason: Will You Still Love Me Tomorrow

	Dave Mason: Will You Still Love Me Tomorrow? [cached]

Searching: The Moody Blues: Steppin' In A Slide Zone

	The Moody Blues: Steppin' In A Slide Zone [cached]

Searching: Meat Loaf: Paradise By The Dashboard Light

	Meat Loaf: Paradise By the Dashboard Light [cached]

Searching: Wings: London Town

	Wings: London Town - Remastered 1993 [cached]

Searching: Meat Loaf: You Took The Words Right Out Of My Mouth

	Meat Loaf: You Took The Words Right Out of My Mouth (Hot Summer Night) [cached]

Searching: Bellamy Brothers: If I Said You Have A Beautiful Body Would You Hold It Against Me

	The Bellamy Brothers: If I Said You Have a Beautiful Body (Would You Hold It Against Me) - Rerecorded [cached]

Searching: Mary Macgregor: Good Friend

	Mary MacGregor: Good Friend [cached]

Searching: Melissa Manchester: Pretty Girls

	Melissa Manchester: Pretty Girls [cached]

Searching: Richie Furay: I Still Have Dreams

	Richie Furay: I Still Have Dreams [cached]

Searching: Electric Light Orchestra: Last Train To London

	Electric Light Orchestra: Last Train to London [cached]

Searching: The Isley Brothers: Don't Say Goodnight (It's Time For Love) (Parts 1 & 2)

	The Isley Brothers: Don't Say Goodnight (It's Time for Love), Pts. 1 & 2 [cached]

Searching: Spider: New Romance (It's A Mystery)

	Spider: New Romance - It's A Mystery [cached]

Searching: Blondie: Atomic

	Blondie: Atomic - Remastered [cached]

Searching: Elton John: (Sartorial Eloquence) Don't Ya Wanna Play This Game No More?
=========> Elton John: Don t Ya Wanna Play This Game No More

	 NOT FOUND

Searching: Bette Midler: My Mother's Eyes

	Bette Midler: My Mother's Eyes - Live [cached]

Searching: Blues Brothers: Who's Making Love

	The Blues Brothers: Who's Making Love [cached]

Searching: Get Wet: Just So Lonely

	Get Wet: Just So Lonely [cached]

Searching: Billy & The Beaters: I Can Take Care Of Myself

	Billy Vera & The Beaters: I Can Take Care of Myself [cached]

Searching: Kool & The Gang: Jones Vs. Jones

	Kool & The Gang: Jones Vs. Jones [cached]

Searching: Point Blank: Nicole

	Point Blank: Nicole [cached]

Searching: The Allman Brothers Band: Straight From The Heart

	Allman Brothers Band: Straight from the Heart [cached]

Searching: Prism: Don't Let Him Know

	Prism: Don't Let Him Know [cached]

Searching: Cheri: Murphy's Law

	Geraldine Hunt feat. Freddie James & Rosalind aka Cheri: Murphy's Law [cached]

Searching: Jeffrey Osborne: I Really Don't Need No Light

	Jeffrey Osborne: I Really Don't Need No Light [cached]

Searching: Barry Manilow: Memory

	Barry Manilow: Memory [cached]

Searching: Vandenberg: Burning Heart

	Vandenberg: Burning Heart [cached]

Searching: Phil Collins: I Don't Care Anymore

	Phil Collins: I Don't Care Anymore - 2016 Remaster [cached]

Searching: Pat Benatar: Looking For A Stranger

	Pat Benatar: Looking For A Stranger [cached]

Searching: Dave Edmunds: Slipping Away

	Dave Edmunds: Slipping Away [cached]

Searching: Michael Stanley Band: My Town

	Michael Stanley Band: My Town (Remastered) [cached]

Searching: Robert Plant: In The Mood

	Robert Plant: In the Mood - 2006 Remaster [cached]

Searching: Bon Jovi: Runaway

	Bon Jovi: Runaway [cached]

Searching: Naked Eyes: (what) In The Name Of Love

	Naked Eyes: (What) In the Name of Love [cached]

Searching: John Hunter: Tragedy

	 NOT FOUND

Searching: Dan Hartman: Second Nature

	 NOT FOUND

Searching: Boy Meets Girl: Oh Girl

	 NOT FOUND

Searching: Graham Parker & The Shot: Wake Up (Next To You)

	Graham Parker: Wake Up (Next to You) [cached]

Searching: Animotion: Let Him Go

	Animotion: Let Him Go [cached]

Searching: Duran Duran: Skin Trade

	Duran Duran: Skin Trade - 2010 Remaster [cached]

Searching: Club Nouveau: Why You Treat Me So Bad

	Club Nouveau: Why You Treat Me So Bad [cached]

Searching: Go West: Don't Look Down - The Sequel

	Go West: Don't Look Down (The Sequel) [cached]

Searching: Mick Jagger: Let's Work

	Mick Jagger: Let's Work [cached]

Searching: Ziggy Marley And The Melody Makers: Tomorrow People

	Ziggy Marley & The Melody Makers: Tomorrow People [cached]

Searching: Tina Turner: Steamy Windows

	Tina Turner: Steamy Windows [cached]

Searching: Poco: Nothin' To Hide

	Poco: Nothin' To Hide [cached]

Searching: Slaughter: Spend My Life

	Slaughter: Spend My Life - Remastered [cached]

Searching: Chicago: Chasin' The Wind

	Chicago: Chasin' the Wind - 2009 Remaster [cached]

Searching: Harriet: Temple Of Love

	 NOT FOUND

Searching: Stereo MC's: Elevate My Mind

	Stereo MC's: Elevate My Mind [cached]

Searching: Lighter Shade Of Brown: On A Sunday Afternoon

	Lighter Shade Of Brown: On A Sunday Afternoon [cached]

Searching: R. Kelly & Public Announcement: Honey Love

	R. Kelly: Honey Love [cached]

Searching: Fu-Schnickens W/ Shaquille O'Neal: What's Up Doc? (Can We Rock)

	FU-Schnickens: What's Up Doc? (Can We Rock) (with Shaquille O'Neal) - K-Cut's Fat Trac Remix [cached]

Searching: Def Leppard: Miss You In A Heartbeat

	Def Leppard: Miss You In A Heartbeat - Revised Version [cached]

Searching: Heart: Will You Be There (In The Morning)

	Heart: Will You Be There (In The Morning) [cached]

Searching: Rappin' 4-Tay Featuring The Spinners: I'll Be Around

	Rappin' 4-Tay: I'll Be Around [cached]

Searching: Adam Ant: Wonderful

	Adam Ant: Wonderful [cached]

Searching: Goodie Mob: Cell Therapy

	Goodie Mob: Cell Therapy [cached]

Searching: Seven Mary Three: Cumbersome

	Seven Mary Three: Cumbersome [cached]

Searching: Lionel Richie: Don't Wanna Lose You

	Lionel Richie: Don't Wanna Lose You [cached]

Searching: The Smashing Pumpkins: Thirty-Three

	The Smashing Pumpkins: Thirty-Three - Remastered 2012 [cached]

Searching: Zhane: Request Line

	Zhané: Request Line [cached]

Searching: Brownstone: 5 Miles To Empty

	Brownstone: 5 Miles To Empty - Radio Edit [cached]

Searching: Blessid Union Of Souls: I Wanna Be There

	Blessid Union Of Souls: I Wanna Be There [cached]

Searching: Peach Union: On My Own

	 NOT FOUND

Searching: DMX Featuring Sheek Of The Lox: Get At Me Dog

	DMX: Get At Me Dog [cached]

Searching: Rod Stewart: Ooh La La

	Rod Stewart: Ooh La La [cached]

Searching: Clay Walker: You're Beginning To Get To Me

	Clay Walker: You're Beginning to Get to Me [cached]

Searching: The Roots Featuring Erykah Badu: You Got Me

	The Roots: You Got Me [cached]

Searching: Chad Brock: Ordinary Life

	Chad Brock: Ordinary Life [cached]

Searching: Dave Hollister: My Favorite Girl

	Dave Hollister: My Favorite Girl [cached]

Searching: Alan Jackson: Little Man

	Alan Jackson: Little Man [cached]

Searching: Dixie Chicks: Ready To Run

	 NOT FOUND

Searching: Lonestar: Smile

	Lonestar: Smile [cached]

Searching: Public Announcement: Mamacita

	Public Announcement: Mamacita [cached]

Searching: Lonestar: Tell Her

	Lonestar: Tell Her [cached]

Searching: Faith Hill: If My Heart Had Wings

	Faith Hill: If My Heart Had Wings [cached]

Searching: Dream: This Is Me

	Dream: This Is Me [cached]

Searching: 112: Dance With Me

	112: Dance With Me [cached]

Searching: Travis Tritt: Love Of A Woman

	Travis Tritt: Love of a Woman [cached]

Searching: Brooks & Dunn: The Long Goodbye

	Brooks & Dunn: The Long Goodbye [cached]

Searching: Tommy Shane Steiner: What If She's An Angel

	Tommy Shane Steiner: What If She's An Angel [cached]

Searching: Dave Matthews Band: Where Are You Going

	Dave Matthews Band: Where Are You Going [cached]

Searching: Vivian Green: Emotional Rollercoaster

	Vivian Green: Emotional Rollercoaster - Above & Beyond Mix [cached]

Searching: Martina McBride: This One's For The Girls

	Martina McBride: This One's for the Girls [cached]

Searching: Marques Houston Featuring Joe Budden & Pied Piper: Clubbin

	Marques Houston: Clubbin' [cached]

Searching: Pat Green: Wave On Wave

	Pat Green: Wave on Wave [cached]

Searching: Brooks & Dunn: You Can't Take The Honky Tonk Out Of The Girl

	Brooks & Dunn: You Can't Take the Honky Tonk out of the Girl [cached]

Searching: Martina McBride: In My Daughter's Eyes

	Martina McBride: In My Daughter's Eyes [cached]

Searching: Counting Crows: Accidentally In Love

	Counting Crows: Accidentally In Love - From "Shrek 2" Soundtrack [cached]

Searching: Gretchen Wilson: Here For The Party

	Gretchen Wilson: Here for the Party [cached]

Searching: R. Kelly & Jay-Z: Big Chips
=========> R  Kelly: Big Chips

	 NOT FOUND

Searching: Rupee: Tempted To Touch

	Rupee: Tempted To Touch [cached]

Searching: Gretchen Wilson: When I Think About Cheatin'

	Gretchen Wilson: When I Think About Cheatin' [cached]

Searching: Josh Gracin: Nothin' To Lose

	Josh Gracin: Nothin' To Lose [cached]

Searching: American Idol Finalists Season 4: When You Tell Me That You Love Me

	 NOT FOUND

Searching: Frankie J: How To Deal

	Frankie J: How To Deal [cached]

Searching: Billy Currington: Must Be Doin' Somethin' Right

	Billy Currington: Must Be Doin' Somethin' Right [cached]

Searching: Ludacris & Field Mob Featuring Jamie Foxx: Georgia

	Ludacris: Georgia [cached]

Searching: Brad Paisley Featuring Dolly Parton: When I Get Where I'm Going

	Brad Paisley: When I Get Where I'm Going (feat. Dolly Parton) [cached]

Searching: Stone Sour: Through Glass

	Stone Sour: Through Glass [cached]

Searching: Good Charlotte Featuring M. Shadows And Synyster Gates: The River

	Good Charlotte: The River [cached]

Searching: Brad Paisley: Online

	Brad Paisley: Online [cached]

Searching: Cherish Featuring Yung Joc: Killa

	Cherish: Killa [cached]

Searching: Maino Featuring T-Pain: All The Above

	Maino: All the Above (feat. T-Pain) [cached]

Searching: The Ting Tings: That's Not My Name

	The Ting Tings: That's Not My Name [cached]

Searching: Beyonce: Ego

	Beyoncé: Ego [cached]

Searching: Jason Aldean: My Kinda Party

	Jason Aldean: My Kinda Party [cached]

Searching: Michael Jackson Duet With Akon: Hold My Hand

	Michael Jackson: Hold My Hand (with Akon) [cached]

Searching: Nicole Scherzinger Featuring 50 Cent: Right There

	Nicole Scherzinger: Right There [cached]

Searching: Dierks Bentley: Am I The Only One

	Dierks Bentley: Am I The Only One [cached]

Searching: Blake Shelton: Drink On It

	Blake Shelton: Drink on It [cached]

Searching: One Direction: One Thing

	One Direction: One Thing [cached]

Searching: JAY-Z: Tom Ford

	JAY-Z: Tom Ford [cached]

Searching: Billy Currington: Hey Girl

	Billy Currington: Hey Girl [cached]

Searching: Joe Nichols: Sunny And 75

	Joe Nichols: Sunny and 75 [cached]

Searching: Blake Shelton Featuring Gwen Sebastian: My Eyes

	Blake Shelton: My Eyes (feat. Gwen Sebastian) [cached]

Searching: "Weird Al" Yankovic: Word Crimes

	"Weird Al" Yankovic: Word Crimes [cached]

Searching: Kendrick Lamar: i

	Kendrick Lamar: i [cached]

Searching: DJ Khaled Featuring Chris Brown, August Alsina, Future & Jeremih: Hold You Down

	DJ Khaled: Hold You Down (feat. Chris Brown, August Alsina, Future & Jeremih) [cached]

Searching: Milky Chance: Stolen Dance

	Milky Chance: Stolen Dance [cached]

Searching: Carly Rae Jepsen: I Really Like You

	Carly Rae Jepsen: I Really Like You [cached]

Searching: Nicki Minaj Featuring Beyonce: Feeling Myself

	Nicki Minaj: Feeling Myself [cached]

Searching: Selena Gomez: Kill Em With Kindness

	Selena Gomez: Kill Em With Kindness [cached]

Searching: Lady Gaga: The Cure

	Lady Gaga: The Cure [cached]

Searching: Thomas Rhett Featuring Maren Morris: Craving You

	Thomas Rhett: Craving You [cached]

Searching: Dylan Scott: My Girl

	Dylan Scott: My Girl [cached]

Searching: Cardi B Featuring Chance The Rapper: Best Life

	Cardi B: Best Life (feat. Chance The Rapper) [cached]

Searching: KIDS SEE GHOSTS: Reborn

	KIDS SEE GHOSTS: Reborn [cached]

Searching: Eminem: Normal

	Eminem: Normal [cached]

Searching: Lil Wayne Featuring Snoop Dogg: Dope N****z
=========> Lil Wayne: Dope N    z

	 NOT FOUND

Searching: Meek Mill Featuring Fabolous & Anuel AA: Uptown Vibes

	Meek Mill: Uptown Vibes (feat. Fabolous & Anuel AA) [cached]

Searching: Mitchell Tenpenny: Drunk Me

	Mitchell Tenpenny: Drunk Me [cached]

Searching: Lil Skies: I

	Lil Skies: I [cached]

Searching: Offset Featuring Cardi B: Clout

	Offset: Clout (feat. Cardi B) [cached]

Searching: Rick Ross Featuring Drake: Gold Roses

	Rick Ross: Gold Roses (feat. Drake) [cached]

Searching: Chris Lane: I Don't Know About You

	Chris Lane: I Don't Know About You [cached]

Searching: Lil Uzi Vert: Venetia

	Lil Uzi Vert: Venetia [cached]

Searching: Jake Owen: Homemade

	Jake Owen: Homemade [cached]

Searching: The Weeknd: Escape From LA

	The Weeknd: Escape From LA [cached]

Searching: Drake: Landed

	Drake: Landed [cached]

Searching: BENEE Featuring Gus Dapperton: Supalonely

	BENEE: Supalonely [cached]

Searching: Diplo Presents Thomas Wesley Featuring Morgan Wallen: Heartless

	Diplo: Heartless (feat. Morgan Wallen) [cached]

Searching: Pop Smoke: 44 Bulldog

	Pop Smoke: 44 BullDog [cached]

Searching: Taylor Swift: This Is Me Trying

	Taylor Swift: this is me trying [cached]

Searching: Taylor Swift: 'Tis The Damn Season

	Taylor Swift: ‘tis the damn season [cached]

Searching: Donny Hathaway: This Christmas

	Donny Hathaway: This Christmas [cached]

Searching: Sam Smith: Diamonds

	Sam Smith: Diamonds [cached]

Searching: Lil Durk Featuring Lil Baby: Finesse Out The Gang Way

	Lil Durk: Finesse Out The Gang Way (feat. Lil Baby) [cached]

Searching: Kelsea Ballerini: Hole In The Bottle

	Kelsea Ballerini: hole in the bottle (with Shania Twain) [cached]
