Found 224/242 = 93%
18 not found: 
Bobby Hamilton: Crazy Eyes For You
Andy Williams: Ain't It True
Bobby Vinton: Dum-De-Da
The Young Holt Trio: Wack Wack
Gunhill Road: Back When My Hair Was Short
Henhouse Five Plus Too: In The Mood
Exile: You Thrill Me
Bonnie Pointer: I Can't Help Myself (Sugar Pie, Honey Bunch)
ConFunkShun: Too Tight
Sonny Charles: Put It In A Magazine
Kim Carnes: Invisible Hands
Joyce Kennedy & Jeffrey Osborne: The Last Time I Made Love
Boy George: Live My Life (From The Film "Hiding Out")
The Puppies: Funky Y-2-C
T-Boz: Touch Myself (From "Fled")
Tim McGraw: Red Rag Top
Matthew Schuler: Hallelujah
Matt McAndrew: The Blower's Daughter
--------- log -----------
Searching: Bobby Hamilton: Crazy Eyes For You

	 NOT FOUND

Searching: The Everly Brothers: Love Of My Life

	The Everly Brothers: Love of My Life - Original Hit Recording Remastered (Not the Warner Re-Record) [cached]

Searching: Dion & The Belmonts: Don't Pity Me

	Dion & The Belmonts: Don't Pity Me [cached]

Searching: Teresa Brewer: Heavenly Lover

	Teresa Brewer: Heavenly Lover [cached]

Searching: Jimmie Rodgers: Wonderful You

	Jimmie Rodgers: Wonderful You [cached]

Searching: Ray Charles and his Orchestra: I'm Movin' On

	Ray Charles: I'm Movin' On [cached]

Searching: Lloyd Price and His Orchestra: No If's - No And's

	Lloyd Price: No If's - No And's [cached]

Searching: Ray Charles and his Orchestra: Sticks And Stones

	Ray Charles & Friends: Sticks & Stones [cached]

Searching: Paul Anka: I Love You In The Same Old Way

	Paul Anka: I Love You In The Same Old Way [cached]

Searching: Brenda Lee: Just A Little

	Brenda Lee: Just A Little Talk With Jesus - Live [cached]

Searching: Jackie Wilson: Your One And Only Love

	Jackie Wilson: Your One And Only Love [cached]

Searching: James Brown And The Famous Flames: Bewildered

	James Brown & The Famous Flames: Bewildered [cached]

Searching: Bobby Darin: Nature Boy

	Bobby Darin: Nature Boy [cached]

Searching: Don Shirley Trio: Water Boy

	Don Shirley Trio: Water Boy [cached]

Searching: The Chipmunks With David Seville: The Alvin Twist

	Alvin & The Chipmunks: The Alvin Twist [cached]

Searching: The Champs: Limbo Rock

	The Champs: Limbo Rock [cached]

Searching: Baby Washington: That's How Heartaches Are Made

	Baby Washington: That's How Heartaches Are Made [cached]

Searching: The Olympics: The Bounce

	The Olympics: The Bounce [cached]

Searching: Mary Wells: Your Old Stand By

	Mary Wells: Your Old Stand By - Single Version [cached]

Searching: The Pixies Three: Birthday Party

	The Pixies Three: Birthday Party [cached]

Searching: The Chiffons: A Love So Fine

	The Chiffons: A Love So Fine [cached]

Searching: Chubby Checker: Lazy Elsie Molly

	Chubby Checker: Lazy Elsie Molly [cached]

Searching: Millie Small: Sweet William

	Millie Small: Sweet William [cached]

Searching: Ronnie Dove: Say You

	Ronnie Dove: Say You [cached]

Searching: Gene Chandler: What Now

	Gene Chandler: What Now [cached]

Searching: The Newbeats: Break Away (From That Boy)

	The Newbeats: Break Away (From That Boy) [cached]

Searching: Major Lance: Come See

	Major Lance: Come See [cached]

Searching: Allan Sherman: Crazy Downtown

	Allan Sherman: Downtown, Crazy Downtown [cached]

Searching: Chubby Checker: Let's Do The Freddie

	Chubby Checker: Let's Do The Freddie [cached]

Searching: The Byrds: All I Really Want To Do

	The Byrds: All I Really Want to Do [cached]

Searching: Andy Williams: Ain't It True
=========> Andy Williams: Ain t It True

	 NOT FOUND

Searching: Bobby Vinton: Dum-De-Da
=========> Bobby Vinton: Dum

	 NOT FOUND

Searching: Eddy Arnold: The Last Word In Lonesome Is Me

	Eddy Arnold: The Last Word in Lonesome Is Me [cached]

Searching: Roger Miller: You Can't Roller Skate In A Buffalo Herd

	Roger Miller: You Can't Roller Skate In A Buffalo Herd [cached]

Searching: Elvis Presley With The Jordanaires: Spinout

	Elvis Presley: Spinout [cached]

Searching: The Young Holt Trio: Wack Wack
=========> Young Holt Trio: Wack Wack

	 NOT FOUND

Searching: Dusty Springfield: I'll Try Anything

	Dusty Springfield: I'll Try Anything (To Get You) [cached]

Searching: The Everly Brothers: Bowling Green

	The Everly Brothers: Bowling Green - Remastered Version [cached]

Searching: Percy Sledge: Love Me Tender

	Percy Sledge: Love Me Tender [cached]

Searching: James Brown And The Famous Flames: Get It Together (Part 1)

	James Brown & The Famous Flames: Get It Together - Pt. 1 [cached]

Searching: O.C. Smith: The Son Of Hickory Holler's Tramp

	O.C. Smith: The Son of Hickory Holler's Tramp [cached]

Searching: The Who: Call Me Lightning

	The Who: Call Me Lightning [cached]

Searching: The Hollies: Jennifer Eccles

	The Hollies: Jennifer Eccles [cached]

Searching: Gladys Knight And The Pips: It Should Have Been Me

	Gladys Knight & The Pips: It Should Have Been Me [cached]

Searching: Eddie Floyd: I've Never Found A Girl (To Love Me Like You Do)

	Eddie Floyd: I've Never Found A Girl (To Love Me Like You Do) [cached]

Searching: The Avant-Garde: Naturally Stoned

	avante-garde: Naturally Stoned [cached]

Searching: Clarence Reid: Nobody But You Babe

	Clarence Reid: Nobody but You Babe [cached]

Searching: The Delfonics: You Got Yours And I'll Get Mine

	The Delfonics: You've Got Yours and I'll Get Mine [cached]

Searching: Keith Barbour: Echo Park

	Keith Barbour: Echo Park [cached]

Searching: Jackie DeShannon: Love Will Find A Way

	Jackie DeShannon: Love Will Find A Way - 2005 Digital Remaster [cached]

Searching: James Brown: Let A Man Come In And Do The Popcorn (Part Two)

	James Brown: Intro/ It's A New Day (So Let A Man Come In And Do The Popcorn) - Live At The Apollo Theater/1971 [cached]

Searching: The Archies: Who's Your Baby?

	The Archies: Who's Your Baby [cached]

Searching: Glen Campbell: Oh Happy Day

	Glen Campbell: Oh Happy Day [cached]

Searching: Marvin Gaye: The End Of Our Road

	Marvin Gaye: The End Of Our Road [cached]

Searching: The Delfonics: Trying To Make A Fool Of Me

	The Delfonics: Trying to Make a Fool of Me [cached]

Searching: Joe Simon: Your Time To Cry

	Joe Simon: Your Time to Cry [cached]

Searching: Four Tops: Just Seven Numbers (Can Straighten Out My Life)

	Four Tops: Just Seven Numbers (Can Straighten Out My Life) [cached]

Searching: B.B. King: Ask Me No Questions

	B.B. King: Ask Me No Questions - Single Version [cached]

Searching: Ashton, Gardner & Dyke: Resurrection Shuffle

	Ashton, Gardner & Dyke: Resurrection Shuffle - Remastered [cached]

Searching: Barbra Streisand: Where You Lead

	Barbra Streisand: Where You Lead [cached]

Searching: Tommy James: I'm Comin' Home

	Tommy James: I'm Comin' Home [cached]

Searching: Fanny: Charity Ball

	Fanny: Charity Ball - Single Version [cached]

Searching: Ten Years After: I'd Love To Change The World

	Ten Years After: I'd Love to Change the World - 2004 Remaster [cached]

Searching: Yes: Your Move (I've Seen All Good People)

	Yes: I've Seen All Good People: a. Your Move, b. All Good People - 2003 Remaster [cached]

Searching: Jerry Lee Lewis: Me And Bobby McGee

	Jerry Lee Lewis: Me And Bobby McGee [cached]

Searching: Elvis Presley: Until It's Time For You To Go

	Elvis Presley: Until It's Time for You to Go [cached]

Searching: James Brown: King Heroin

	James Brown: King Heroin [cached]

Searching: Beverly Bremers: We're Free

	Beverly Bremers: We’re Free [cached]

Searching: Rod Stewart: Angel

	Rod Stewart: Angel [cached]

Searching: Luther Ingram: I'll Be Your Shelter (In Time Of Storm)

	Luther Ingram: I'll Be Your Shelter [cached]

Searching: Gunhill Road: Back When My Hair Was Short

	 NOT FOUND

Searching: The Temptations: The Plastic Man

	The Temptations: Plastic Man [cached]

Searching: Bette Midler: Friends/chapel Of Love

	Bette Midler: The Friendship Theme [cached]

Searching: El Chicano: Tell Her She's Lovely

	El Chicano: Tell Her She's Lovely [cached]

Searching: Curtis Mayfield: Kung Fu

	Curtis Mayfield: Kung Fu [cached]

Searching: The Temptations: Happy People

	The Temptations: Happy People [cached]

Searching: C.W. McCall: Wolf Creek Pass

	C.W. McCall: Wolf Creek Pass [cached]

Searching: Marie Osmond: Who's Sorry Now

	Marie Osmond: Who's Sorry Now [cached]

Searching: Barry White: I'll Do For You Anything You Want Me To

	Barry White: I'll Do For You Anything You Want Me To - Single Version [cached]

Searching: The Doobie Brothers: Sweet Maxine

	The Doobie Brothers: Sweet Maxine [cached]

Searching: Stampeders: Hit The Road Jack

	Stampeders: Hit the Road Jack [cached]

Searching: Paul Simon: Still Crazy After All These Years

	Paul Simon: Still Crazy After All These Years [cached]

Searching: The Supremes: I'm Gonna Let My Heart Do The Walking

	The Supremes: I'm Gonna Let My Heart Do The Walking [cached]

Searching: Red Sovine: Teddy Bear

	Red Sovine: Teddy Bear [cached]

Searching: Average White Band: Queen Of My Soul

	Average White Band: Queen Of My Soul [cached]

Searching: Henhouse Five Plus Too: In The Mood
=========> Henhouse Five Plus Too: In Mood

	 NOT FOUND

Searching: Manfred Mann's Earth Band: Spirit In The Night

	Manfred Mann's Earth Band: Spirits in the Night [cached]

Searching: 10cc: People In Love

	10cc: People In Love [cached]

Searching: The Isley Brothers: Livin' In The Life

	The Isley Brothers: Livin' In the Life [cached]

Searching: Tom Petty And The Heartbreakers: Breakdown

	Tom Petty and the Heartbreakers: Breakdown [cached]

Searching: Gene Cotton: Like A Sunday In Salem (The Amos & Andy Song)

	Gene Cotton: Like a Sunday In Salem [cached]

Searching: Captain & Tennille: You Need A Woman Tonight

	Captain & Tennille: You Need A Woman Tonight [cached]

Searching: Exile: You Thrill Me

	 NOT FOUND

Searching: Eric Clapton And His Band: Watch Out For Lucy

	Eric Clapton: Watch Out For Lucy [cached]

Searching: Sylvester: I (Who Have Nothing)

	Sylvester: I Need Somebody To Love Tonight [cached]

Searching: The Beach Boys: Good Timin'

	The Beach Boys: Good Timin' [cached]

Searching: New England: Don't Ever Wanna Lose Ya

	New England: Don't Ever Wanna Lose Ya [cached]

Searching: Bette Midler: Married Men

	Bette Midler: Married Men [cached]

Searching: Rickie Lee Jones: Young Blood

	Rickie Lee Jones: Young Blood [cached]

Searching: The Buggles: Video Killed The Radio Star

	The Buggles: Video Killed The Radio Star [cached]

Searching: Bonnie Pointer: I Can't Help Myself (Sugar Pie, Honey Bunch)
=========> Bonnie Pointer: I Can t Help Myself

	 NOT FOUND

Searching: Alice Cooper: Clones (We're All)

	Alice Cooper: Clones (We're All) [cached]

Searching: Change: A Lover's Holiday

	Change: A Lover's Holiday - Single Version [cached]

Searching: Kansas: Hold On

	Kansas: Hold On [cached]

Searching: Paul Simon: One-Trick Pony

	Paul Simon: One-Trick Pony - Live at the Agora Theatre, Cleveland, OH - September 1979 [cached]

Searching: L.T.D.: Shine On

	John Lennon: Instant Karma! (We All Shine On) - Ultimate Mix [cached]

Searching: ConFunkShun: Too Tight

	 NOT FOUND

Searching: Donna Summer: Who Do You Think You're Foolin'

	Donna Summer: Who Do You Think You're Foolin [cached]

Searching: Andy Gibb: Me (Without You)

	Andy Gibb: Rest Your Love On Me [cached]

Searching: Stephanie Mills Featuring Teddy Pendergrass: Two Hearts

	Stephanie Mills: Two Hearts - Single Version [cached]

Searching: Rick James: Give It To Me Baby

	Rick James: Give It To Me Baby [cached]

Searching: Evelyn King: I'm In Love

	Evelyn "Champagne" King: I'm In Love [cached]

Searching: Blue Oyster Cult: Burnin' For You

	Blue Öyster Cult: Burnin' for You [cached]

Searching: Genesis: Man On The Corner

	Genesis: Man On The Corner - Remaster 2007 [cached]

Searching: Rainbow: Stone Cold

	Rainbow: Stone Cold [cached]

Searching: The J. Geils Band: Angel In Blue

	The J. Geils Band: Angel In Blue [cached]

Searching: Paul Davis: Love Or Let Me Be Lonely

	Paul Davis: Love or Let Me Be Lonely [cached]

Searching: Willie Nelson: Let It Be Me

	Willie Nelson: Let It Be Me [cached]

Searching: Sonny Charles: Put It In A Magazine

	 NOT FOUND

Searching: Night Ranger: Don't Tell Me You Love Me

	Night Ranger: Don't Tell Me You Love Me [cached]

Searching: Diana Ross: So Close

	Diana Ross: So Close [cached]

Searching: Paul Anka: Hold Me 'til The Mornin' Comes

	Paul Anka: Hold Me 'Til The Morning Comes (with Peter Cetera) [cached]

Searching: Rick James: Cold Blooded

	Rick James: Cold Blooded [cached]

Searching: Stacy Lattisaw: Miracles

	Stacy Lattisaw: Miracles [cached]

Searching: The Manhattan Transfer: Spice Of Life

	The Manhattan Transfer: Spice of Life - Remastered [cached]

Searching: Kim Carnes: Invisible Hands

	 NOT FOUND

Searching: Barbra Streisand: The Way He Makes Me Feel

	Barbra Streisand: The Way He Makes Me Feel [cached]

Searching: Real Life: Catch Me I'm Falling

	Real Life: Catch Me I'm Falling [cached]

Searching: Styx: Music Time

	Styx: Music Time [cached]

Searching: Joyce Kennedy & Jeffrey Osborne: The Last Time I Made Love
=========> Joyce Kennedy: Last Time I Made Love

	 NOT FOUND

Searching: Steve Perry: Strung Out

	Steve Perry: Strung Out [cached]

Searching: Kenny Loggins: Forever

	Kenny Loggins: Forever [cached]

Searching: Ratt: Lay It Down

	Ratt: Lay It Down [cached]

Searching: Laura Branigan: Spanish Eddie

	Laura Branigan: Spanish Eddie [cached]

Searching: The Communards: Don't Leave Me This Way

	The Communards: Don't Leave Me This Way (with Sarah Jane Morris) [cached]

Searching: The Cure: Just Like Heaven

	The Cure: Just Like Heaven [cached]

Searching: Yes: Rhythm Of Love

	Yes: Rhythm of Love [cached]

Searching: Boy George: Live My Life (From The Film "Hiding Out")
=========> Boy George: Live My Life

	 NOT FOUND

Searching: The Cover Girls: Promise Me

	The Cover Girls: Promise Me [cached]

Searching: Eurythmics: Don't Ask Me Why

	Eurythmics: Don't Ask Me Why - Remastered Version [cached]

Searching: Shana: I Want You

	Shana: I Want You [cached]

Searching: Lou Gramm: True Blue Love

	Lou Gramm: True Blue Love [cached]

Searching: Timmy T.: Time After Time

	Timmy T: Time After Time [cached]

Searching: Simple Minds: See The Lights

	Simple Minds: See The Lights - 2002 Digital Remaster [cached]

Searching: Keith Washington: Kissing You

	Keith Washington: Kissing You [cached]

Searching: Desmond Child: Love On A Rooftop

	Desmond Child: Love on a Rooftop [cached]

Searching: Jomanda: Got A Love For You

	Jomanda: Got a Love for You - Hurley's House Mix [cached]

Searching: Digital Underground: Kiss You Back

	Digital Underground: Kiss You Back - Single Version [cached]

Searching: Shabba Ranks: Mr. Loverman (From "Deep Cover")

	Shabba Ranks: Mr. Loverman (feat. Chevelle Franklin) [cached]

Searching: Geto Boys: Six Feet Deep

	Geto Boys: Six Feet Deep [cached]

Searching: David Ball: Thinkin' Problem

	David Ball: Thinkin' Problem [cached]

Searching: Zhane: Sending My Love

	Zhané: Sending My Love [cached]

Searching: The Puppies: Funky Y-2-C
=========> Puppies: Funky Y

	 NOT FOUND

Searching: Heavy D & The Boyz: Nuttin' But Love

	Heavy D & The Boyz: Nuttin' But Love [cached]

Searching: C+C Music Factory: Do You Wanna Get Funky

	C & C Music Factory: Do You Wanna Get Funky? [cached]

Searching: T-Boz: Touch Myself (From "Fled")
=========> T Boz: Touch Myself

	 NOT FOUND

Searching: Melissa Etheridge: Nowhere To Go

	Melissa Etheridge: Nowhere To Go [cached]

Searching: Gloria Estefan: I'm Not Giving You Up

	Gloria Estefan: I'm Not Giving You Up [cached]

Searching: Crystal Waters: Say... If You Feel Alright

	Crystal Waters: Say...If You Feel Alright [cached]

Searching: Westside Connection: Gangstas Make The World Go Round

	Westside Connection: Gangstas Make The World Go Round [cached]

Searching: Shania Twain: Don't Be Stupid (You Know I Love You)

	Shania Twain: Don't Be Stupid (You Know I Love You) [cached]

Searching: Beenie Man: Who Am I

	Beenie Man: Who Am I [cached]

Searching: Terri Clark: You're Easy On The Eyes

	Terri Clark: You're Easy On The Eyes [cached]

Searching: Sisqo Featuring Make It Hot: Got To Get It

	Sisqo: Got To Get It [cached]

Searching: Tracy Lawrence: Lessons Learned

	Tracy Lawrence: Lessons Learned - Dance Club Sampler Mix [cached]

Searching: Kenny Rogers With Alison Krauss & Billy Dean: Buy Me A Rose

	Kenny Rogers: Buy Me A Rose [cached]

Searching: Clay Walker: The Chain Of Love

	Clay Walker: The Chain of Love [cached]

Searching: Baha Men: Who Let The Dogs Out

	Baha Men: Who Let The Dogs Out [cached]

Searching: George Strait: Go On

	George Strait: I Just Can't Go On Dying Like This [cached]

Searching: Jamie O'Neal: There Is No Arizona

	Jamie O'Neal: There Is No Arizona 2.0 [cached]

Searching: Ja Rule Featuring Lil' Mo: I Cry

	Ja Rule: I Cry [cached]

Searching: Montgomery Gentry: My Town

	Montgomery Gentry: My Town [cached]

Searching: Tim McGraw: Red Rag Top

	 NOT FOUND

Searching: Sleepy Brown Featuring OutKast: I Can't Wait

	Sleepy Brown: I Can't Wait [cached]

Searching: Buddy Jewell: Sweet Southern Comfort

	Buddy Jewell: Sweet Southern Comfort [cached]

Searching: Simple Plan: Welcome To My Life

	Simple Plan: Welcome to My Life [cached]

Searching: Nivea Featuring Lil Jon & YoungBloodZ: Okay

	Nivea: Okay (feat. Lil Jon & YoungBloodZ) [cached]

Searching: Lyfe Jennings: Must Be Nice

	Lyfe Jennings: Must Be Nice [cached]

Searching: Five For Fighting: The Riddle

	Five For Fighting: The Riddle [cached]

Searching: Steve Holy: Brand New Girlfriend

	Steve Holy: Brand New Girlfriend [cached]

Searching: Taylor Swift: Tim McGraw

	Taylor Swift: Tim McGraw [cached]

Searching: Brad Paisley: Ticks

	Brad Paisley: Ticks [cached]

Searching: Ciara Featuring 50 Cent: Can't Leave 'Em Alone

	Ciara: Can't Leave 'Em Alone (feat. 50 Cent) [cached]

Searching: Brad Paisley: Letter To Me

	Brad Paisley: Letter to Me [cached]

Searching: Rodney Atkins: Cleaning This Gun (Come On In Boy)

	Rodney Atkins: Cleaning This Gun (Come On In Boy) [cached]

Searching: Nelly Featuring Fergie: Party People

	Nelly: Party People - Dirty Version [cached]

Searching: Coldplay: Violet Hill

	Coldplay: Violet Hill [cached]

Searching: Flyleaf: All Around Me

	Flyleaf: All Around Me [cached]

Searching: Alan Jackson: Good Time

	Alan Jackson: Good Time [cached]

Searching: Coldplay With Jay-Z: Lost!

	Coldplay: Lost! [cached]

Searching: Jessie James: Wanted

	Jessie James Decker: Wanted [cached]

Searching: Breaking Benjamin: I Will Not Bow

	Breaking Benjamin: I Will Not Bow [cached]

Searching: Drake Featuring Lil Wayne & Young Jeezy: I'm Going In

	Christopher Drake: I'm Going to Kill Everyone In This Room / Ace the Cloak [cached]

Searching: Glee Cast: Halo / Walking On Sunshine

	Glee Cast: Halo / Walking On Sunshine (Glee Cast Version) [cached]

Searching: Chamillionaire: Good Morning

	Chamillionaire: Good Morning [cached]

Searching: Jason Aldean: The Truth

	Jason Aldean: The Truth [cached]

Searching: Blake Shelton Featuring Trace Adkins: Hillbilly Bone

	Blake Shelton: Hillbilly Bone (feat. Trace Adkins) [cached]

Searching: Zac Brown Band: Highway 20 Ride

	Zac Brown Band: Highway 20 Ride [cached]

Searching: Usher Featuring Nicki Minaj: Lil Freak

	Usher: Lil Freak (feat. Nicki Minaj) [cached]

Searching: Glee Cast: Just The Way You Are

	Glee Cast: Just The Way You Are (Glee Cast Version) [cached]

Searching: Glee Cast: Pretending

	Glee Cast: Pretending (Glee Cast Version) [cached]

Searching: Lupe Fiasco Featuring Trey Songz: Out Of My Head

	Lupe Fiasco: Out of My Head (feat. Trey Songz) [cached]

Searching: Toby Keith: Made In America

	Toby Keith: Made in America [cached]

Searching: Eric Church: Drink In My Hand

	Eric Church: Drink In My Hand [cached]

Searching: Kenny Chesney & Tim McGraw: Feel Like A Rock Star

	Kenny Chesney: Feel Like a Rock Star (Duet with Tim McGraw) [cached]

Searching: matchbox twenty: She's So Mean

	Matchbox Twenty: She's so Mean [cached]

Searching: Dustin Lynch: Cowboys And Angels

	Dustin Lynch: Cowboys and Angels [cached]

Searching: Cassadee Pope: Stupid Boy

	Cassadee Pope: Stupid Boy - The Voice Performance [cached]

Searching: Jason Aldean With Luke Bryan & Eric Church: The Only Way I Know

	Jason Aldean: The Only Way I Know (with Luke Bryan & Eric Church) [cached]

Searching: Ke$ha Featuring will.i.am Or Juicy J: Crazy Kids

	Kesha: Crazy Kids [cached]

Searching: Matthew Schuler: Hallelujah

	 NOT FOUND

Searching: Zendaya: Replay

	Zendaya: Replay [cached]

Searching: Dierks Bentley: I Hold On

	Dierks Bentley: I Hold On [cached]

Searching: Little Big Town: Day Drinking

	Little Big Town: Day Drinking [cached]

Searching: Matt McAndrew: The Blower's Daughter
=========> Matt McAndrew: Blower s Daughter

	 NOT FOUND

Searching: Fifth Harmony: Sledgehammer

	Fifth Harmony: Sledgehammer [cached]

Searching: Panic! At The Disco: Hallelujah

	Panic! At The Disco: Hallelujah [cached]

Searching: Florida Georgia Line: Sippin' On Fire

	Florida Georgia Line: Sippin’ On Fire [cached]

Searching: Echosmith: Bright

	Echosmith: Bright [cached]

Searching: Pitbull Featuring Chris Brown: Fun

	Pitbull: Fun (feat. Chris Brown) [cached]

Searching: Meek Mill Featuring Drake: R.I.C.O.

	Meek Mill: R.I.C.O. (feat. Drake) [cached]

Searching: Zac Brown Band: Loving You Easy

	Zac Brown Band: Loving You Easy [cached]

Searching: Keith Urban: John Cougar, John Deere, John 3:16

	Keith Urban: John Cougar, John Deere, John 3:16 [cached]

Searching: David Bowie: Lazarus

	David Bowie: Lazarus [cached]

Searching: Chris Young Duet With Cassadee Pope: Think Of You

	Chris Young: Think of You [cached]

Searching: Drake: Still Here

	Drake: Still Here [cached]

Searching: ScHoolboy Q Featuring Kanye West: THat Part

	ScHoolboy Q: THat Part [cached]

Searching: Lil Uzi Vert: You Was Right

	Lil Uzi Vert: You Was Right [cached]

Searching: Chris Brown Featuring Usher & Gucci Mane: Party

	Chris Brown: Party (feat. Usher & Gucci Mane) [cached]

Searching: Drake Featuring Giggs: No Long Talk

	Drake: No Long Talk [cached]

Searching: Louis Tomlinson Featuring Bebe Rexha & Digital Farm Animals: Back To You

	Louis Tomlinson: Back to You (feat. Bebe Rexha & Digital Farm Animals) [cached]

Searching: blackbear: Do Re Mi

	blackbear: do re mi [cached]

Searching: Hailee Steinfeld & Alesso Featuring Florida Georgia Line & Watt: Let Me Go

	Hailee Steinfeld: Let Me Go (with Alesso, Florida Georgia Line & watt) [cached]

Searching: Post Malone: 92 Explorer

	Post Malone: 92 Explorer [cached]

Searching: Pardison Fontaine Featuring Cardi B: Backin' It Up

	Pardison Fontaine: Backin' It Up (feat. Cardi B) [cached]

Searching: Jason Aldean: Rearview Town

	Jason Aldean: Rearview Town [cached]

Searching: Lady Antebellum: What If I Never Get Over You

	Lady A: What If I Never Get Over You [cached]

Searching: Jhene Aiko: P*$$y Fairy (OTW)

	Jhené Aiko: P*$$Y Fairy (OTW) [cached]

Searching: Katy Perry: Daisies

	Katy Perry: Daisies [cached]

Searching: Florida Georgia Line: I Love My Country

	Florida Georgia Line: I Love My Country [cached]

Searching: Ariana Grande: pov

	Ariana Grande: pov [cached]

Searching: Taylor Swift: Gold Rush

	Taylor Swift: gold rush [cached]
