Found 241/261 = 92%
20 not found: 
The Baja Marimba Band: Comin' In The Back Door
The Angels: Wow Wow Wee (He's The Boy For Me)
Timmy Shaw: Gonna Send You Back To Georgia (A City Slick)
The Royalettes: It's Gonna Take A Miracle
Dee Dee Warwick: I Want To Be With You
The Buckinghams: Laudy Miss Claudy
Al Greene & The Soul Mate's: Back Up Train
Richard Cocciante: When Love Has Gone Away
Cheech & Chong: Bloat On Featuring the Bloaters
Johnny Rivers: Curious Mind (Um, Um, Um, Um, Um, Um)
Allan Clarke: (I Will Be Your) Shadow In The Street
Linda Clifford: Bridge Over Troubled Water
Mac McAnally: Minimum Love
The Chicago Bears Shufflin' Crew: The Super Bowl Shuffle
Thirty Eight Special: Back To Paradise (From "Revenge Of The Nerds II")
PC Quest: After The Summer's Gone
Dixie Chicks: Wide Open Spaces
The Used And My Chemical Romance: Under Pressure
Paula DeAnda Featuring Baby Bash: Doing Too Much
Keyshia Cole Introducing Amina: Shoulda Let You Go
--------- log -----------
Searching: Bobby Day: Over And Over

	Bobby Day: Over And Over [cached]

Searching: Nat King Cole: Come Closer To Me (Acercate Mas)

	Nat King Cole: Acercate Mas (Come Closer To Me) [cached]

Searching: Little Richard: Baby Face

	Little Richard: Baby Face - Remastered [cached]

Searching: Frank Sinatra: Mr. Success

	Frank Sinatra: Mr. Success [cached]

Searching: Jimmy Darren: Gidget

	Jimmy Darren: Gidget - From "Gidget" [cached]

Searching: The Platters: Remember When

	The Platters: Remember When [cached]

Searching: The Spacemen: The Clouds

	The Spacemen: The Clouds [cached]

Searching: Stonewall Jackson: Mary Don't You Weep

	Stonewall Jackson: Mary Don't You Weep [cached]

Searching: Jimmie Rodgers: Waltzing Matilda

	Jimmie Rodgers: Waltzing Matilda [cached]

Searching: Sarah Vaughan: Eternally

	Sarah Vaughan: Eternally [cached]

Searching: Paul Anka: Something Happened

	Paul Anka: Something Happened [cached]

Searching: Charles Wolcott: Ruby Duby Du From Key Witness

	Charles Wolcott: Ruby Duby Du - From "Key Witness" [cached]

Searching: Lenny Miles: Don't Believe Him, Donna

	Lenny Miles: Don't Believe Him Donna [cached]

Searching: Cannonball Adderley Orchestra: African Waltz

	Cannonball Adderley: African Waltz [cached]

Searching: The Everly Brothers: Stick With Me Baby

	The Everly Brothers: Stick with Me Baby [cached]

Searching: The Chanters: No, No, No

	The Chanters: No, No, No [cached]

Searching: The Shirelles: A Thing Of The Past

	The Shirelles: A Thing Of The Past [cached]

Searching: Bill Black's Combo: Movin'

	Bill Black's Combo: Movin' [cached]

Searching: James Ray: Itty Bitty Pieces

	James Ray: Itty Bitty Pieces [cached]

Searching: Linda Scott: Count Every Star

	Linda Scott: Count Every Star [cached]

Searching: Bobby Curtola: Fortuneteller

	Bobby Curtola: Fortuneteller [cached]

Searching: Ray Charles: Born To Lose

	Ray Charles: Born To Lose [cached]

Searching: Ketty Lester: But Not For Me

	Ketty Lester: But Not for Me - Remastered [cached]

Searching: Jimmy Dean: Steel Men

	Jimmy Dean: Steel Men [cached]

Searching: Carla Thomas: I'll Bring It Home To You

	Carla Thomas: I'll Bring It Home To You [cached]

Searching: The Raindrops: What A Guy

	The Raindrops: What a Guy [cached]

Searching: Skeeter Davis: I'm Saving My Love

	Skeeter Davis: I'm Saving My Love [cached]

Searching: The Baja Marimba Band: Comin' In The Back Door
=========> Baja Marimba Band: Comin  In Back Door

	 NOT FOUND

Searching: The Angels: Wow Wow Wee (He's The Boy For Me)
=========> Angels: Wow Wow Wee

	 NOT FOUND

Searching: Timmy Shaw: Gonna Send You Back To Georgia (A City Slick)
=========> Timmy Shaw: Gonna Send You Back To Georgia

	 NOT FOUND

Searching: The Beatles: From Me To You

	The Beatles: From Me To You - Mono / Remastered [cached]

Searching: The Contours: Can You Do It

	The Contours: Can You Do It [cached]

Searching: The Tams: Hey Girl Don't Bother Me

	The Tams: Hey Girl Don't Bother Me [cached]

Searching: Dusty Springfield: All Cried Out

	Dusty Springfield: All Cried Out - Live On The Ed Sullivan Show, May 2, 1965 [cached]

Searching: Mitty Collier: I Had A Talk With My Man

	Mitty Collier: I Had A Talk With My Man [cached]

Searching: Al Martino: We Could

	Al Martino: We Could [cached]

Searching: Chuck Berry: Promised Land

	Chuck Berry: Promised Land [cached]

Searching: Otis Redding: Mr. Pitiful

	Otis Redding: Mr. Pitiful [cached]

Searching: Sam Cooke: It's Got The Whole World Shakin'

	Sam Cooke: It's Got The Whole World Shakin' [cached]

Searching: The Royalettes: It's Gonna Take A Miracle
=========> Royalettes: It s Gonna Take A Miracle

	 NOT FOUND

Searching: The C.O.D.'s: Michael

	The Cog is Dead: Michael Byrd the Flying Man [cached]

Searching: The Sunrays: Andrea

	The Sunrays: Andrea [cached]

Searching: Freddy Cannon: The Dedication Song

	Freddy Cannon: The Dedication Song [cached]

Searching: Dean Martin: A Million And One

	Dean Martin: A Million and One [cached]

Searching: Dee Dee Warwick: I Want To Be With You

	 NOT FOUND

Searching: Elvis Presley With The Jordanaires: All That I Am

	Elvis Presley: All That I Am [cached]

Searching: The Buckinghams: Laudy Miss Claudy
=========> Buckinghams: Laudy Miss Claudy

	 NOT FOUND

Searching: The Seeds: Can't Seem To Make You Mine

	The Seeds: Can't Seem To Make You Mine [cached]

Searching: Mitch Ryder: Joy

	Mitch Ryder: Joy [cached]

Searching: James & Bobby Purify: I Take What I Want

	James & Bobby Purify: I Take What I Want [cached]

Searching: The Happenings: Why Do Fools Fall In Love

	The Happenings: Why Do Fools Fall In Love? [cached]

Searching: Al Greene & The Soul Mate's: Back Up Train
=========> Al Greene: Back Up Train

	 NOT FOUND

Searching: Lalo Schifrin: Mission-Impossible

	Lalo Schifrin: Mission: Impossible [cached]

Searching: Gladys Knight And The Pips: I Wish It Would Rain

	Gladys Knight & The Pips: I Wish It Would Rain [cached]

Searching: Otis Redding: I've Got Dreams To Remember

	Otis Redding: I've Got Dreams to Remember [cached]

Searching: Sam & Dave: Soul Sister, Brown Sugar

	Sam & Dave: Soul Sister, Brown Sugar [cached]

Searching: Brenda Lee: Johnny One Time

	Brenda Lee: Johnny One Time [cached]

Searching: Johnny Rivers: Muddy River

	Johnny Rivers: Muddy River [cached]

Searching: James Brown: Lowdown Popcorn

	James Brown: Lowdown Popcorn [cached]

Searching: Joe South and The Believers: Don't It Make You Want To Go Home

	Joe South: Don't It Make You Want To Go Home - Remastered 2002 [cached]

Searching: Janis Joplin: Kozmic Blues

	Janis Joplin: Kozmic Blues [cached]

Searching: Merle Haggard And The Strangers: Okie From Muskogee

	Merle Haggard: Okie From Muskogee [cached]

Searching: The Cuff Links: When Julie Comes Around

	The Cuff Links: When Julie Comes Around

Searching: Marvin Gaye: How Can I Forget/Gonna Give Her All The Love I've Got

	Marvin Gaye: How Can I Forget - Stereo Version [cached]

Searching: Gary Puckett And The Union Gap: Let's Give Adam And Eve Another Chance

	Gary Puckett & The Union Gap: Let's Give Adam And Eve Another Chance [cached]

Searching: Bob Dylan: Wigwam

	Bob Dylan: Wigwam [cached]

Searching: Ray Charles: If You Were Mine

	Ray Charles: If You Were Mine

Searching: Bob Dylan: Watching The River Flow

	Bob Dylan: Watching the River Flow - Single Version [cached]

Searching: Tom Jones: Till

	Tom Jones: Till [cached]

Searching: Tommy James: Nothing To Hide

	Tommy James: Nothing to Hide [cached]

Searching: Richard Harris: My Boy

	Richard Harris: My Boy [cached]

Searching: Hamilton, Joe Frank & Reynolds: Daisy Mae

	Hamilton, Joe Frank & Reynolds: Daisy Mae [cached]

Searching: Elton John: Tiny Dancer

	Elton John: Tiny Dancer [cached]

Searching: Joe Tex: You Said A Bad Word

	Joe Tex: You said a bad word [cached]

Searching: Donna Fargo: Superman

	Donna Fargo: Superman [cached]

Searching: Jerry Lee Lewis: Drinking Wine Spo-dee O'dee

	Jerry Lee Lewis: Drinking Wine, Spo-Dee-O-Dee [cached]

Searching: The Independents: Baby I've Been Missing You

	The Independents: Baby I've Been Missing You [cached]

Searching: Deodato: Rhapsody In Blue

	Deodato: Rhapsody In Blue [cached]

Searching: Elvis Presley: Raised On Rock/For Ol' Times Sake

	Elvis Presley: Raised on Rock [cached]

Searching: Bobby Bare: Daddy What If

	Bobby Bare: Daddy What If [cached]

Searching: Four Tops: One Chain Don't Make No Prison

	Four Tops: One Chain Don't Make No Prison [cached]

Searching: ZZ Top: La Grange

	ZZ Top: La Grange - 2005 Remaster [cached]

Searching: Paper Lace: The Black-Eyed Boys

	Paper Lace: The Black-Eyed Boys [cached]

Searching: The Stylistics: Heavy Fallin' Out

	The Stylistics: Heavy Fallin' Out [cached]

Searching: David Bowie: Changes

	David Bowie: Changes - 2015 Remaster [cached]

Searching: Flash Cadillac And The Continental Kids: Good Times, Rock & Roll

	Flash Cadillac & The Continental Kids: Good Times, Rock & Roll [cached]

Searching: Willie Hutch: Love Power

	Willie Hutch: Love Power [cached]

Searching: Hagood Hardy: The Homecoming

	Hagood Hardy: The Homecoming [cached]

Searching: Cat Stevens: Banapple Gas

	Yusuf / Cat Stevens: Banapple Gas [cached]

Searching: Richard Cocciante: When Love Has Gone Away

	 NOT FOUND

Searching: Cheech & Chong: Framed

	Cheech & Chong: Framed [cached]

Searching: Rick Springfield: Take A Hand

	Rick Springfield: Take a Hand [cached]

Searching: Teddy Pendergrass: I Don't Love You Anymore

	Teddy Pendergrass: I Don't Love You Anymore [cached]

Searching: Celi Bee & The Buzzy Bunch: Superman

	Celi Bee: Superman [cached]

Searching: Bob Seger: Rock And Roll Never Forgets

	Bob Seger: Rock And Roll Never Forgets [cached]

Searching: Johnny Guitar Watson: A Real Mother For Ya

	Johnny "Guitar" Watson: A Real Mother For Ya [cached]

Searching: First Choice: Doctor Love

	First Choice: Doctor Love [cached]

Searching: Cheech & Chong: Bloat On Featuring the Bloaters
=========> Cheech: Bloat On

	 NOT FOUND

Searching: Peter Frampton: Tried To Love

	Peter Frampton: Tried To Love [cached]

Searching: Johnny Rivers: Curious Mind (Um, Um, Um, Um, Um, Um)
=========> Johnny Rivers: Curious Mind

	 NOT FOUND

Searching: Allan Clarke: (I Will Be Your) Shadow In The Street
=========> Allan Clarke: Shadow In Street

	 NOT FOUND

Searching: Tom Petty And The Heartbreakers: I Need To Know

	Tom Petty and the Heartbreakers: I Need to Know [cached]

Searching: Dan Hill: All I See Is Your Face

	Dan Hill: All I See Is Your Face [cached]

Searching: Diana Ross & Michael Jackson: Ease On Down The Road

	Diana Ross: Ease On Down The Road #1 - From "The Wiz" Soundtrack [cached]

Searching: Rick James: Mary Jane

	Rick James: Mary Jane [cached]

Searching: Styx: Sing For The Day

	Styx: Sing For The Day [cached]

Searching: Voyage: Souvenirs

	Voyage: Souvenirs [cached]

Searching: Gary's Gang: Keep On Dancin'

	Gary's Gang: Keep On Dancin' - Original Mix [cached]

Searching: Linda Clifford: Bridge Over Troubled Water

	 NOT FOUND

Searching: The Cars: Good Times Roll

	The Cars: Good Times Roll [cached]

Searching: The Kinks: (Wish I Could Fly Like) Superman

	The Kinks: (Wish I Could Fly Like) Superman [cached]

Searching: Billy Thorpe: Children Of The Sun

	Billy Thorpe: Children Of The Sun [cached]

Searching: The Cars: It's All I Can Do

	The Cars: It's All I Can Do [cached]

Searching: Suzi Quatro: She's In Love With You

	Suzi Quatro: She's in Love with You - 2017 Remaster [cached]

Searching: Robert John: Lonely Eyes

	Robert John: Lonely Eyes [cached]

Searching: Dann Rogers: Looks Like Love Again

	Dann Rogers: Looks Like Love Again [cached]

Searching: Foreigner: Women

	Foreigner: Women [cached]

Searching: Linda Clifford: Red Light

	Linda Clifford: Red Light [cached]

Searching: Dolly Parton: But You Know I Love You

	Dolly Parton: But You Know I Love You [cached]

Searching: Cliff Richard: Give A Little Bit More

	Cliff Richard: Give a Little Bit More - 2001 Remaster [cached]

Searching: Gino Vannelli: Nightwalker

	Gino Vannelli: Nightwalker [cached]

Searching: George Duke: Shine On

	George Duke: Shine On [cached]

Searching: A Taste Of Honey: I'll Try Something New

	A Taste Of Honey: I'll Try Something New - 2002 Digital Remaster / 24-Bit Mastering [cached]

Searching: The Cars: Since You're Gone

	The Cars: Since You're Gone [cached]

Searching: Huey Lewis & The News: Workin' For A Livin'

	Huey Lewis & The News: Workin' for a Livin' [cached]

Searching: Donna Summer: State Of Independence

	Donna Summer: State of Independence [cached]

Searching: Chilliwack: Whatcha Gonna Do

	Chilliwack: Whatcha Gonna Do [cached]

Searching: Glenn Frey: All Those Lies

	Glenn Frey: All Those Lies [cached]

Searching: Dionne Warwick: Take The Short Way Home

	Dionne Warwick: Take the Short Way Home [cached]

Searching: Mac McAnally: Minimum Love

	 NOT FOUND

Searching: Scandal Featuring Patty Smyth: Hands Tied

	Scandal: Hands Tied [cached]

Searching: The Kinks: Do It Again

	The Kinks: Do It Again [cached]

Searching: Scandal Featuring Patty Smyth: Beat Of A Heart

	Scandal: Beat of a Heart [cached]

Searching: Jermaine Stewart: The Word Is Out

	Jermaine Stewart: The Word Is Out [cached]

Searching: Go West: We Close Our Eyes

	Go West: We Close Our Eyes [cached]

Searching: Patti LaBelle: Stir It Up

	Patti LaBelle: Stir It Up - From "Beverly Hills Cop" Soundtrack [cached]

Searching: Wang Chung: To Live And Die In L.A.

	Wang Chung: To Live And Die In L.A. - From "To Live And Die In L.A." Soundtrack [cached]

Searching: The Chicago Bears Shufflin' Crew: The Super Bowl Shuffle
=========> Chicago Bears Shufflin  Crew: Super Bowl Shuffle

	 NOT FOUND

Searching: Psychedelic Furs: Pretty In Pink

	The Psychedelic Furs: Pretty in Pink [cached]

Searching: Mary Jane Girls: Walk Like A Man (From "A Fine Mess")

	Mary Jane Girls: Walk Like A Man [cached]

Searching: Five Star: Can't Wait Another Minute

	Five Star: Can't Wait Another Minute [cached]

Searching: Freddie Jackson: Tasty Love

	Freddie Jackson: Tasty Love [cached]

Searching: Thirty Eight Special: Back To Paradise (From "Revenge Of The Nerds II")
=========> Thirty Eight Special: Back To Paradise

	 NOT FOUND

Searching: So: Are You Sure

	Sonny Green: Are You Sure [cached]

Searching: Nu Shooz: Should I Say Yes?

	Nu Shooz: Should I Say Yes? [cached]

Searching: Paula Abdul: Knocked Out

	Paula Abdul: Knocked Out [cached]

Searching: Kim Wilde: You Came

	Kim Wilde: You Came - Single Version [cached]

Searching: Aretha Franklin/Whitney Houston: It Isn't, It Wasn't, It Ain't Never Gonna Be

	Aretha Franklin: It Isn't, It Wasn't, It Ain't Never Gonna Be (with Whitney Houston) - Album Edit [cached]

Searching: Soulsister: The Way To Your Heart

	Soulsister: The Way to Your Heart [cached]

Searching: Daryl Hall John Oates: Don't Hold Back Your Love

	Daryl Hall & John Oates: Don't Hold Back Your Love [cached]

Searching: Winger: Easy Come Easy Go

	Winger: Easy Come Easy Go [cached]

Searching: Guy: Let's Chill

	Guy: Let's Chill [cached]

Searching: PC Quest: After The Summer's Gone
=========> PC Quest: After Summer s Gone

	 NOT FOUND

Searching: The Farm: Groovy Train

	The Farm: Groovy Train [cached]

Searching: Jodeci: Stay

	Jodeci: Stay [cached]

Searching: Haddaway: Life (Everybody Needs Somebody To Love)

	Haddaway: Life (Radio Edit) [cached]

Searching: CeCe Peniston: I'm Not Over You

	CeCe Peniston: I'm Not Over You [cached]

Searching: Wet Wet Wet: Love Is All Around

	Wet Wet Wet: Love Is All Around - From "Four Weddings And A Funeral" [cached]

Searching: Nine Inch Nails: Closer

	Nine Inch Nails: Closer [cached]

Searching: Toad The Wet Sprocket: Something's Always Wrong

	Toad The Wet Sprocket: Something's Always Wrong [cached]

Searching: John Mellencamp: Dance Naked

	John Mellencamp: Dance Naked [cached]

Searching: Bone Thugs-N-Harmony Featuring Eazy-E: Foe Tha Love Of $

	Bone Thugs-N-Harmony: Foe Tha Love of $ [cached]

Searching: The Tony Rich Project: Like A Woman

	The Tony Rich Project: Like A Woman [cached]

Searching: Gina Thompson: The Things That You Do

	Gina Thompson: The Things That You Do [cached]

Searching: The Wonders: That Thing You Do! (From "That Thing You Do!")

	The Wonders: That Thing You Do! [cached]

Searching: Donna Lewis: Without Love

	Donna Lewis: Without Love [cached]

Searching: Jon Secada: Too Late, Too Soon

	Jon Secada: Too Late, Too Soon [cached]

Searching: No Mercy: When I Die

	No Mercy: When I Die [cached]

Searching: Cam'Ron Featuring Mase: Horse & Carriage

	Cam’ron: Horse & Carriage (feat. Mase) [cached]

Searching: Mia X Featuring Charlie Wilson: Whatcha Wanna Do?

	Mia X: Whatcha Wanna Do [cached]

Searching: Dixie Chicks: Wide Open Spaces

	 NOT FOUND

Searching: BlackHawk: There You Have It

	BlackHawk: There You Have It [cached]

Searching: Lila McCann: With You

	Lila McCann: With You [cached]

Searching: Mandy Moore: Candy

	Mandy Moore: Candy [cached]

Searching: American Hi-Fi: Flavor Of The Weak

	American Hi-Fi: Flavor Of The Weak [cached]

Searching: P.O.D.: Alive

	P.O.D.: Alive - Chris Lord-Alge Mix [cached]

Searching: Rascal Flatts: I'm Movin' On

	Rascal Flatts: I'm Movin' On [cached]

Searching: Paulina Rubio: Don't Say Goodbye

	Paulina Rubio: Don't Say Goodbye [cached]

Searching: Oakenfold Featuring Shifty Shellshock: Starry Eyed Surprise

	Paul Oakenfold: Starry Eyed Surprise [cached]

Searching: Chris Cagle: What A Beautiful Day

	Chris Cagle: What A Beautiful Day - Final Version [cached]

Searching: Mary J. Blige Featuring Eve: Not Today

	Mary J. Blige: Not Today [cached]

Searching: Sarah McLachlan: Fallen

	Sarah McLachlan: Fallen (Album Mix) [cached]

Searching: Brad Paisley Featuring Alison Krauss: Whiskey Lullaby

	Brad Paisley: Whiskey Lullaby (feat. Alison Krauss) [cached]

Searching: Avril Lavigne: Nobody's Home

	Avril Lavigne: Nobody's Home [cached]

Searching: The Used And My Chemical Romance: Under Pressure
=========> Used: Under Pressure

	 NOT FOUND

Searching: Fantasia: Free Yourself

	Fantasia: Free Yourself (feat. Missy Elliott) [cached]

Searching: Montgomery Gentry: Something To Be Proud Of

	Montgomery Gentry: Something to Be Proud Of [cached]

Searching: Ying Yang Twins Featuring Pitbull: Shake

	Ying Yang Twins: Salt Shaker [cached]

Searching: Chamillionaire Featuring Lil' Flip: Turn It Up

	Chamillionaire: Turn It Up [cached]

Searching: Juvenile: Rodeo

	JUVENILE: Rodeo [cached]

Searching: Pearl Jam: World Wide Suicide

	Pearl Jam: World Wide Suicide [cached]

Searching: Busta Rhymes Featuring will.i.am & Kelis: I Love My B****

	Busta Rhymes: I Love My Bitch [cached]

Searching: Paula DeAnda Featuring Baby Bash: Doing Too Much
=========> Paula DeAnda: Doing Too Much

	 NOT FOUND

Searching: Kenny Chesney: You Save Me

	Kenny Chesney: You Save Me [cached]

Searching: Cherish: Unappreciated

	Cherish: Unappreciated [cached]

Searching: Nas Featuring will.i.am: Hip Hop Is Dead

	Nas: Hip Hop Is Dead [cached]

Searching: Mat Kearney: Nothing Left To Lose

	Mat Kearney: Nothing Left to Lose [cached]

Searching: Kanye West: Can't Tell Me Nothing

	Kanye West: Can't Tell Me Nothing [cached]

Searching: Tim McGraw: If You're Reading This

	Tim McGraw: If You're Reading This [cached]

Searching: DJ Felli Fel Featuring Diddy, Akon, Ludacris & Lil Jon: Get Buck In Here

	DJ Felli Fel: Get Buck In Here [cached]

Searching: Keyshia Cole Introducing Amina: Shoulda Let You Go

	 NOT FOUND

Searching: Blake Shelton: Home

	Blake Shelton: Home (feat. Michael Bublé) [cached]

Searching: Rick Ross Featuring Nelly & Avery Storm: Here I Am

	Rick Ross: Here I Am [cached]

Searching: Kenny Chesney With The Wailers: Everybody Wants To Go To Heaven

	Kenny Chesney: Everybody Wants to Go to Heaven (with The Wailers) [cached]

Searching: Sugarland: Already Gone

	Sugarland: Already Gone [cached]

Searching: Demi Lovato: Don't Forget

	Demi Lovato: Don't Forget [cached]

Searching: Snoop Dogg: I Wanna Rock

	Snoop Dogg: I Wanna Rock [cached]

Searching: Carrie Underwood: Temporary Home

	Carrie Underwood: Temporary Home [cached]

Searching: Billy Currington: Pretty Good At Drinkin' Beer

	Billy Currington: Pretty Good At Drinkin' Beer [cached]

Searching: Glee Cast: River Deep, Mountain High

	Glee Cast: River Deep, Mountain High (Glee Cast Version) [cached]

Searching: Taylor Swift: The Story Of Us

	Taylor Swift: The Story Of Us [cached]

Searching: Glee Cast: One Love (People Get Ready)

	Glee Cast: One Love (People Get Ready) (Glee Cast Version) [cached]

Searching: Jennifer Lopez Featuring Lil Wayne: I'm Into You

	Jennifer Lopez: I'm Into You [cached]

Searching: Afrojack Featuring Eva Simons: Take Over Control

	Afrojack: Take Over Control (feat. Eva Simons) - Radio Edit [cached]

Searching: Daughtry: Crawling Back To You

	Daughtry: Crawling Back To You [cached]

Searching: Jake Owen: Alone With You

	Jake Owen: Alone With You [cached]

Searching: Carrie Underwood: Two Black Cadillacs

	Carrie Underwood: Two Black Cadillacs [cached]

Searching: Kip Moore: Hey Pretty Girl

	Kip Moore: Hey Pretty Girl [cached]

Searching: Justin Bieber: Recovery

	Justin Bieber: Recovery [cached]

Searching: Eli Young Band: Drunk Last Night

	Eli Young Band: Drunk Last Night [cached]

Searching: Justin Bieber Featuring Chance The Rapper: Confident

	Justin Bieber: Confident - Single Version [cached]

Searching: Keith Urban: Cop Car

	Keith Urban: Cop Car [cached]

Searching: Thomas Rhett: Get Me Some Of That

	Thomas Rhett: Get Me Some Of That [cached]

Searching: Joe Nichols: Yeah

	Joe Nichols: Yeah [cached]

Searching: Tim McGraw Featuring Faith Hill: Meanwhile Back At Mama's

	Tim McGraw: Meanwhile Back At Mama's [cached]

Searching: Beyonce Featuring Nicki Minaj Or Chimamanda Ngozi Adichie: ***Flawless

	Beyoncé: Flawless Remix (feat. Nicki Minaj) [cached]

Searching: Luke Bryan: I See You

	Luke Bryan: I See You [cached]

Searching: Bandit Gang Marco Featuring Dro: Nasty

	Bandit Gang Marco: Nasty (feat. Dro) [cached]

Searching: Chris Janson: Buy Me A Boat

	Chris Janson: Buy Me a Boat [cached]

Searching: Beyonce: Daddy Lessons

	Beyoncé: Daddy Lessons [cached]

Searching: Thomas Rhett: T-Shirt

	Thomas Rhett: T-Shirt [cached]

Searching: Future: Wicked

	Future: Wicked [cached]

Searching: Kehlani: Gangsta

	Kehlani: Gangsta [cached]

Searching: Gucci Mane Featuring Drake: Both

	Gucci Mane: Both (feat. Drake) [cached]

Searching: Auli'i Cravalho: How Far I'll Go

	Auli'i Cravalho: How Far I'll Go [cached]

Searching: Train: Play That Song

	Train: Play That Song [cached]

Searching: Ed Sheeran: How Would You Feel (Paean)

	Ed Sheeran: How Would You Feel (Paean) [cached]

Searching: Rich The Kid Featuring Kendrick Lamar: New Freezer

	Rich The Kid: New Freezer (feat. Kendrick Lamar) [cached]

Searching: J. Cole: Window Pain (Outro)

	J. Cole: Window Pain - Outro [cached]

Searching: Nicky Jam x J Balvin: X

	Nicky Jam: X [cached]

Searching: Juice WRLD: All Girls Are The Same

	Juice WRLD: All Girls Are The Same [cached]

Searching: Drake Featuring Static Major & Ty Dolla $ign: After Dark

	Drake: After Dark (feat. Static Major & Ty Dolla $ign) [cached]

Searching: Travis Scott: NC-17

	Travis Scott: NC-17 [cached]

Searching: Lady Gaga: Always Remember Us This Way

	Lady Gaga: Always Remember Us This Way [cached]

Searching: Juice WRLD: Empty

	Juice WRLD: Empty [cached]

Searching: Billie Eilish: You Should See Me In A Crown

	Billie Eilish: you should see me in a crown [cached]

Searching: BLACKPINK: Kill This Love

	BLACKPINK: Kill This Love [cached]

Searching: NF: Time

	NF: Time [cached]

Searching: Doja Cat & Tyga: Juicy

	Doja Cat: Juicy [cached]

Searching: Gunna Featuring Roddy Ricch: Cooler Than A Bitch

	Gunna: COOLER THAN A BITCH (feat. Roddy Ricch) [cached]

Searching: Pop Smoke: Something Special

	Pop Smoke: Something Special [cached]

Searching: Chris Janson: Done

	Chris Janson: Done [cached]

Searching: Maroon 5: Nobody's Love

	Maroon 5: Nobody's Love [cached]

Searching: Lil Baby: Errbody

	Lil Baby: Errbody [cached]

Searching: Kid Cudi: Tequila Shots

	Kid Cudi: Tequila Shots [cached]

Searching: Miranda Lambert: Settling Down

	Miranda Lambert: Settling Down [cached]

Searching: Nio Garcia X J Balvin X Bad Bunny: AM

	Nio Garcia: AM Remix [cached]

Searching: The Kid LAROI Featuring Polo G & Stunna Gambino: Not Sober

	The Kid LAROI: NOT SOBER (feat. Polo G & Stunna Gambino) [cached]

Searching: Justin Moore: We Didn't Have Much

	Justin Moore: We Didn't Have Much [cached]

Searching: Dua Lipa: Love Again

	Dua Lipa: Love Again [cached]

Searching: Luke Combs: Cold As You

	Luke Combs: Cold As You [cached]
