Found 245/266 = 92%
21 not found: 
Patti Page: Trust In Me
Freddie Cannon: Okefenokee
The "You Know Who" Group!: Roses Are Red My Love
Billy Vera: With Pen In Hand
Carroll O'Connor And Jean Stapleton (As The Bunkers): Those Were The Days
Sam Neely: Rosalie
Starbuck: I Got To Know
Johnny Bristol: Do It To My Mind
Wild Cherry: Baby Don't You Know
B.J. Thomas: Everybody Loves A Rain Song
Joey Travolta: I Don't Wanna Go
Bonnie Boyer: Got To Give In To Love
Don Felder: Heavy Metal (Takin' A Ride)
Chef Raekwon: Glaciers Of Ice/Criminology
3rd Party: Can U Feel It
Andy Griggs: She Thinks She Needs Me
Chris Daughtry: Wanted Dead Or Alive
Lumidee Featuring Tony Sunshine: She's Like The Wind
American Idol Top 8: Shout To The Lord
Sugarland Featuring Little Big Town & Jake Owen: Life In A Northern Town
Lauren Duski: Deja Vu
--------- log -----------
Searching: Clyde McPhatter: Come What May

	Clyde McPhatter: Come What May [cached]

Searching: Doris Day: Tunnel Of Love

	Doris Day: Tunnel of Love [cached]

Searching: June Valli: The Wedding

	June Valli: The Wedding [cached]

Searching: Patti Page: Trust In Me

	 NOT FOUND

Searching: Don Gibson: Who Cares

	Don Gibson: Who Cares [cached]

Searching: Johnny Nash: As Time Goes By

	Johnny Nash: As Time Goes By [cached]

Searching: Carl Smith: Ten Thousand Drums

	Carl Smith: Ten Thousand Drums [cached]

Searching: Johnny Cash: I Got Stripes

	Johnny Cash: I Got Stripes [cached]

Searching: Freddie Cannon: Okefenokee

	 NOT FOUND

Searching: Lloyd Price and His Orchestra: Wont'cha Come Home

	Lloyd Price: Wont'cha Come Home [cached]

Searching: Dorothy Collins: Baciare Baciare (Kissing Kissing)

	Dorothy Collins: Baciare, Baciare - Remastered [cached]

Searching: Lloyd Price and His Orchestra: For Love

	Lloyd Price: For Love [cached]

Searching: Jeanne Black: Lisa

	Jeanne Black: Lisa [cached]

Searching: Dee Clark: You're Looking Good

	Dee Clark: You're Looking Good - Remastered [cached]

Searching: James Booker: Gonzo

	James Booker: Gonzo's Blue Dream - Live At The Maple Leaf Bar, New Orleans, LA / 1977-1982 [cached]

Searching: Chubby Checker: Good, Good Lovin'

	Chubby Checker: Good, Good Lovin' - Original Hit Recordings [cached]

Searching: Si Zentner And His Orchestra: Up A Lazy River

	Si Zentner: Up A Lazy River [cached]

Searching: Brook Benton: Walk On The Wild Side

	Brook Benton: Walk On The Wild Side [cached]

Searching: Johnny Crawford: Patti Ann

	Johnny Crawford: Patti Ann [cached]

Searching: Connie Stevens: Mr. Songwriter

	Connie Stevens: Mr. Songwriter (Single Version) [cached]

Searching: Jimmie Rodgers: No One Will Ever Know

	Jimmie Rodgers: No One Will Ever Know [cached]

Searching: Bobby Bland: Stormy Monday Blues

	Bobby "Blue" Bland: Stormy Monday Blues - Single Version / Stereo [cached]

Searching: Chris Montez: Some Kinda Fun

	Chris Montez: Some Kinda Fun [cached]

Searching: The Contours: Shake Sherry

	The Contours: Shake Sherry [cached]

Searching: The Alley Cats: Puddin N' Tain (Ask Me Again, I'll Tell You The Same)

	The Alley Cats: Puddin' N' Tain [cached]

Searching: Arthur Lyman Group: Love For Sale

	Arthur Lyman Group: Love for Sale [cached]

Searching: Dee Dee Sharp: Rock Me In The Cradle Of Love

	Dee Dee Sharp: Rock Me In The Cradle Of Love [cached]

Searching: Barbara Lewis: Straighten Up Your Heart

	Barbara Lewis: Straighten up Your Heart [cached]

Searching: Bobby Darin: Treat My Baby Good

	Bobby Darin: Treat My Baby Good [cached]

Searching: The Chad Mitchell Trio: The Marvelous Toy

	Chad Mitchell Trio: The Marvelous Toy [cached]

Searching: The Drifters: Vaya Con Dios

	The Drifters: Vaya Con Dios [cached]

Searching: Bobby Rydell: Make Me Forget

	Bobby Rydell: Make Me Forget [cached]

Searching: The Swinging Blue Jeans: Good Golly Miss Molly

	The Swinging Blue Jeans: Good Golly Miss Molly [cached]

Searching: Brook Benton: Too Late To Turn Back Now

	Brook Benton: It's Too Late To Turn Back Now [cached]

Searching: Trini Lopez: What Have I Got Of My Own

	Trini Lopez: What Have I Got of My Own [cached]

Searching: Rene & Rene: Angelito

	Rene y Rene: Angelito [cached]

Searching: Eydie Gorme: I Want You To Meet My Baby

	Eydie Gormé: I Want You To Meet My Baby [cached]

Searching: The Tokens: He's In Town

	The Tokens: He's In Town [cached]

Searching: Del Shannon: Do You Want To Dance

	Del Shannon with Orchestra: Do You Want To Dance [cached]

Searching: Four Tops: Without The One You Love (Life's Not Worth While)

	Four Tops: Without The One You Love (Life's Not Worthwhile) [cached]

Searching: The "You Know Who" Group!: Roses Are Red My Love
=========> You Know Who  Group: Roses Are Red My Love

	 NOT FOUND

Searching: The Animals: Boom Boom

	The Animals: Boom Boom [cached]

Searching: The Drifters: At The Club

	The Drifters: At the Club - Single Version [cached]

Searching: Connie Francis: Whose Heart Are You Breaking Tonight

	Connie Francis: Whose Heart Are You Breaking Tonight? [cached]

Searching: Johnny Bond: 10 Little Bottles

	Johnny Bond: Ten Little Bottles [cached]

Searching: Little Milton: Who's Cheating Who?

	Little Milton: Who's Cheating Who? [cached]

Searching: Jr. Walker & The All Stars: Cleo's Back

	Jr. Walker & The All Stars: Cleo's Back [cached]

Searching: The Packers: Hole In The Wall

	The Packers: Hole in the Wall [cached]

Searching: Eddy Arnold: The Tip Of My Fingers

	Eddy Arnold: The Tip of My Fingers [cached]

Searching: The Standells: Sometimes Good Guys Don't Wear White

	The Standells: Sometimes Good Guys Don't Wear White [cached]

Searching: The Young Rascals: Come On Up

	The Young Rascals: Come on Up - Single Version [cached]

Searching: The Troggs: I Can't Control Myself

	The Troggs: I Can't Control Myself [cached]

Searching: Gary Lewis And The Playboys: The Loser (With A Broken Heart)

	Gary Lewis & The Playboys: The Loser (With A Broken Heart) - Mono [cached]

Searching: The Righteous Brothers: Melancholy Music Man

	The Righteous Brothers: Melancholy Music Man - Single Version [cached]

Searching: Harpers Bizarre: Anything Goes

	Harpers Bizarre: Anything Goes - Remastered Version [cached]

Searching: Tommy James And The Shondells: Out Of The Blue

	Tommy James & The Shondells: Out of the Blue [cached]

Searching: The Dave Clark Five: Everybody Knows

	The Dave Clark Five: Everybody Knows - 2019 - Remaster [cached]

Searching: Billy Vera: With Pen In Hand

	 NOT FOUND

Searching: Spanky And Our Gang: Give A Damn

	Spanky & Our Gang: Give A Damn [cached]

Searching: Bill Medley: Brown Eyed Woman

	Bill Medley: Brown Eyed Woman - Re-Recorded In Stereo [cached]

Searching: Big Brother And The Holding Company: Down On Me

	Big Brother & The Holding Company: Down On Me [cached]

Searching: Dean Martin: Not Enough Indians

	Dean Martin: Not Enough Indians [cached]

Searching: Bobby Womack: California Dreamin'

	Bobby Womack: California Dreamin' [cached]

Searching: Dionne Warwick: Odds And Ends

	Dionne Warwick: Odds and Ends - Alternate Version [cached]

Searching: Johnnie Taylor: Love Bones

	Johnnie Taylor: Love Bones [cached]

Searching: The Dells: Oh What A Day

	The Dells: Oh, What A Day [cached]

Searching: Smith: Take A Look Around

	Smith: Take A Look Around [cached]

Searching: The Shocking Blue: Mighty Joe

	Shocking Blue: Mighty Joe [cached]

Searching: The 5th Dimension: The Girls' Song

	The 5th Dimension: The Girls' Song - Remastered 2000 [cached]

Searching: Engelbert Humperdinck: My Marie

	Engelbert Humperdinck: My Marie [cached]

Searching: Dionne Warwick: Paper Mache

	Dionne Warwick: Paper Mache [cached]

Searching: Delaney & Bonnie & Friends: Soul Shake

	Delaney & Bonnie: Soul Shake [cached]

Searching: Dionne Warwick: The Green Grass Starts To Grow

	Dionne Warwick: The Green Grass Starts to Grow [cached]

Searching: John Lennon/Plastic Ono Band Yoko Ono/Plastic Ono Band: Mother

	John Lennon: Mother - Ultimate Mix [cached]

Searching: The Guess Who: Hang On To Your Life

	The Guess Who: Hang On To Your Life [cached]

Searching: Detroit Emeralds: Do Me Right

	The Detroit Emeralds: Do Me Right [cached]

Searching: Hudson and Landry: Ajax Liquor Store

	Hudson & Landry: Ajax Liquor Store [cached]

Searching: Stephen Stills: Change Partners

	Stephen Stills: Change Partners [cached]

Searching: Engelbert Humperdinck: Another Time, Another Place

	Engelbert Humperdinck: Another Time, Another Place [cached]

Searching: Carroll O'Connor And Jean Stapleton (As The Bunkers): Those Were The Days
=========> Carroll O Connor: Those Were Days

	 NOT FOUND

Searching: Jerry Lee Lewis: Chantilly Lace

	Jerry Lee Lewis: Chantilly Lace [cached]

Searching: James Brown: There It Is (Part 1)

	James Brown: There It Is - Live At Apollo Theater, New York, 1972 [cached]

Searching: Sam Neely: Rosalie

	 NOT FOUND

Searching: The Dramatics: Hey You! Get Off My Mountain

	The Dramatics: Hey You! Get Off My Mountain [cached]

Searching: The Manhattans: There's No Me Without You

	The Manhattans: There's No Me Without You [cached]

Searching: Bloodstone: Never Let You Go

	Bloodstone: Never Let You Go [cached]

Searching: The Temptations: Heavenly

	The Temptations: Heavenly [cached]

Searching: Lobo: Rings

	Lobo: Rings [cached]

Searching: William DeVaughn: Blood Is Thicker Than Water

	William DeVaughn: Blood Is Thicker Than Water [cached]

Searching: Bimbo Jet: El Bimbo

	Bimbo Jet: El Bimbo - Remasterisé en 2019 [cached]

Searching: Bob Seger: Katmandu

	Bob Seger: Katmandu [cached]

Searching: Crown Heights Affair: Dreaming A Dream

	Crown Heights Affair: Dreaming a Dream - Goes Dancin' Mix [cached]

Searching: Bachman-Turner Overdrive: Down To The Line

	Bachman-Turner Overdrive: Down To The Line [cached]

Searching: Creedence Clearwater Revival Featuring John Fogerty: I Heard It Through The Grapevine

	Creedence Clearwater Revival: I Heard It Through The Grapevine - Edit [cached]

Searching: Michael Franks: Popsicle Toes

	Michael Franks: Popsicle Toes [cached]

Searching: Neil Diamond: Don't Think....Feel

	Neil Diamond: Don't Think...Feel [cached]

Searching: Starbuck: I Got To Know

	 NOT FOUND

Searching: Johnny Bristol: Do It To My Mind

	 NOT FOUND

Searching: Wild Cherry: Baby Don't You Know
=========> Wild Cherry: Baby Don t You Know

	 NOT FOUND

Searching: Donna Summer: Spring Affair/Winter Melody

	Donna Summer: Spring Affair [cached]

Searching: Gary Wright: Phantom Writer

	Gary Wright: Phantom Writer - Remastered Version [cached]

Searching: The Spinners: You're Throwing A Good Love Away

	The Spinners: You're Throwing a Good Love Away [cached]

Searching: Crosby, Stills & Nash: Fair Game

	Crosby, Stills & Nash: Fair Game [cached]

Searching: Millie Jackson: If You're Not Back In Love By Monday

	Millie Jackson: If You're Not Back in Love by Monday [cached]

Searching: B.J. Thomas: Everybody Loves A Rain Song
=========> B J  Thomas: Everybody Loves A Rain Song

	 NOT FOUND

Searching: Bunny Sigler: Let Me Party With You (Part 1) (Party, Party, Party)

	Bunny Sigler: Let Me Party With You [cached]

Searching: Joey Travolta: I Don't Wanna Go
=========> Joey Travolta: I Don t Wanna Go

	 NOT FOUND

Searching: Teri DeSario: Ain't Nothing Gonna Keep Me From You
=========> Teri DeSario: Ain t Nothing Gonna Keep Me From You

	Teri DeSario: Ain’t Nothing Gonna Keep Me From You

Searching: Atlanta Rhythm Section: Champagne Jam

	Atlanta Rhythm Section: Champagne Jam [cached]

Searching: Joe Cocker: Fun Time

	Joe Cocker: Fun Time [cached]

Searching: Marshall Hain: Dancing In The City

	Marshall Hain: Dancing in the City [cached]

Searching: Firefall: Goodbye, I Love You

	Firefall: Goodbye, I Love You [cached]

Searching: Bonnie Boyer: Got To Give In To Love

	 NOT FOUND

Searching: Mass Production: Firecracker

	Mass Production: Firecracker [cached]

Searching: Louise Goffin: Remember (Walking In The Sand)

	Louise Goffin: I Can't Remember Why [cached]

Searching: Chic: My Forbidden Lover

	CHIC: My Forbidden Lover [cached]

Searching: Ronnie Milsap: Get It Up

	Ronnie Milsap: Get It Up [cached]

Searching: 38 Special: Rockin' Into The Night

	38 Special: Rockin' Into The Night [cached]

Searching: Korona: Let Me Be

	Korona: Let Me Be [cached]

Searching: Mac Davis: It's Hard To Be Humble

	Mac Davis: It's Hard to Be Humble [cached]

Searching: The Temptations: Power

	The Temptations: Power [cached]

Searching: The Kings: Switchin' To Glide/This Beat Goes On

	The Kings: This Beat Goes On/Switchin' to Glide (Original Demo) [cached]

Searching: Spider: It Didn't Take Long

	Spider: It Didn't Take Long [cached]

Searching: Debbie Harry: Backfired

	Debbie Harry: Backfired [cached]

Searching: Don Felder: Heavy Metal (Takin' A Ride)
=========> Don Felder: Heavy Metal

	 NOT FOUND

Searching: Devo: Working In The Coal Mine

	DEVO: Working In The Coal Mine [cached]

Searching: Al Jarreau: Breakin' Away

	Al Jarreau: Breakin' Away [cached]

Searching: Teddy Pendergrass: You're My Latest, My Greatest Inspiration

	Teddy Pendergrass: You're My Latest, Greatest Inspiration [cached]

Searching: Sammy Hagar: I'll Fall In Love Again

	Sammy Hagar: I'll Fall In Love Again [cached]

Searching: John Anderson: Swingin'

	John Anderson: Swingin' [cached]

Searching: George Benson: Inside Love (so Personal)

	George Benson: Livin' Inside Your Love [cached]

Searching: Donna Summer: Unconditional Love

	Donna Summer: Unconditional Love [cached]

Searching: Rick James And Smokey Robinson: Ebony Eyes

	Rick James: Ebony Eyes [cached]

Searching: Frankie Goes To Hollywood: Two Tribes

	Frankie Goes To Hollywood: Two Tribes [cached]

Searching: Commodores: Animal Instinct

	Commodores: Animal Instinct [cached]

Searching: Loose Ends: Hangin' On A String

	Loose Ends: Hangin' On A String - Original [cached]

Searching: Barbra Streisand: Somewhere

	Barbra Streisand: Somewhere (feat. Josh Groban) [cached]

Searching: Wax: Right Between The Eyes

	Wax: Right Between the Eyes [cached]

Searching: El DeBarge: Love Always

	El DeBarge: Love Always [cached]

Searching: Sheena Easton: So Far So Good (From "About Last Night")

	Sheena Easton: So Far So Good - 1993 Remastered Version [cached]

Searching: Paul Lekakis: Boom Boom (Let's Go Back To My Room)

	Paul Lekakis: Boom Boom [cached]

Searching: Dan Hill: Never Thought (That I Could Love)

	Dan Hill: Never Thought [cached]

Searching: Stevie B: Spring Love (Come Back To Me)

	Stevie B: Spring Love - Rerecorded [cached]

Searching: Fleetwood Mac: As Long As You Follow

	Fleetwood Mac: As Long as You Follow [cached]

Searching: Regina Belle: Make It Like It Was

	Regina Belle: Make It Like It Was [cached]

Searching: Elton John: You Gotta Love Someone

	Elton John: You Gotta Love Someone [cached]

Searching: Alexander O'Neal: All True Man

	Alexander O'Neal: All True Man [cached]

Searching: Gloria Estefan: Can't Forget You

	Gloria Estefan: Can't Forget You [cached]

Searching: The Outfield: Closer To Me

	The Outfield: Closer To Me [cached]

Searching: R. Kelly & Public Announcement: Slow Dance (Hey Mr. DJ)

	R. Kelly: Slow Dance [cached]

Searching: Neneh Cherry: Buddy X

	Neneh Cherry: Buddy X '99 - Dreem House Edit [cached]

Searching: Restless Heart Featuring Warren Hill: Tell Me What You Dream

	Restless Heart: Tell Me What You Dream [cached]

Searching: Clint Black With Wynonna: A Bad Goodbye

	Clint Black: A Bad Goodbye (with Wynonna) [cached]

Searching: Das EFX: Freakit

	Das EFX: Freakit [cached]

Searching: Zapp & Roger: Slow And Easy

	Zapp: Slow and Easy [cached]

Searching: Danzig: Mother

	Danzig: Mother [cached]

Searching: Lighter Shade Of Brown: Hey D.J. (From "Mi Vida Loca")

	Lighter Shade Of Brown: Hey D.J. [cached]

Searching: Live: Selling The Drama

	Live: Selling The Drama [cached]

Searching: Terror Fabulous Featuring Nadine Sutherland: Action

	Terror Fabulous feat Nadine Sutherland: Action [cached]

Searching: BLACKstreet: Joy

	Blackstreet: Joy [cached]

Searching: Chef Raekwon: Glaciers Of Ice/Criminology
=========> Chef Raekwon: Glaciers Of Ice

	 NOT FOUND

Searching: Shai: Come With Me

	Shaila Dúrcal: Come With Me [cached]

Searching: Bush: Machinehead (From "Fear")

	Bush: Machinehead - Remastered [cached]

Searching: Amanda Marshall: Birmingham

	Amanda Marshall: Birmingham [cached]

Searching: Johnny Gill Featuring Roger Troutman: It's Your Body

	Johnny Gill: It's Your Body [cached]

Searching: Bill Engvall With Special Guest Travis Tritt: Here's Your Sign (Get The Picture)

	Bill Engvall: Here's Your Sign [cached]

Searching: 3rd Party: Can U Feel It

	 NOT FOUND

Searching: Jo Dee Messina: I'm Alright

	Jo Dee Messina: I'm Alright [cached]

Searching: Lee Ann Womack: A Little Past Little Rock

	Lee Ann Womack: A Little Past Little Rock [cached]

Searching: Alan Jackson: Right On The Money

	Alan Jackson: Right On the Money [cached]

Searching: Alan Jackson: Gone Crazy

	Alan Jackson: Gone Crazy [cached]

Searching: SHeDAISY: Little Good-Byes

	SHeDAISY: Little Good-Byes [cached]

Searching: Alan Jackson: Pop A Top

	Alan Jackson: Pop a Top [cached]

Searching: Black Rob: Whoa!

	Black Rob: Whoa! [cached]

Searching: Collin Raye: Couldn't Last A Moment

	Collin Raye: Couldn't Last A Moment [cached]

Searching: SHeDAISY: I Will...But

	SHeDAISY: I Will... But [cached]

Searching: Jill Scott: A Long Walk

	Jill Scott: A Long Walk [cached]

Searching: Nas: One Mic

	Nas: One Mic [cached]

Searching: Pearl Jam: I Am Mine

	Pearl Jam: I Am Mine [cached]

Searching: Foo Fighters: All My Life

	Foo Fighters: All My Life [cached]

Searching: Good Charlotte: The Anthem

	Good Charlotte: The Anthem [cached]

Searching: Andy Griggs: She Thinks She Needs Me

	 NOT FOUND

Searching: The White Stripes: Blue Orchid

	The White Stripes: Blue Orchid [cached]

Searching: Kanye West: Diamonds From Sierra Leone

	Kanye West: Diamonds From Sierra Leone - Remix [cached]

Searching: High School Musical Cast: Stick To The Status Quo

	High School Musical Cast: Stick to the Status Quo - From "High School Musical"/Soundtrack Version [cached]

Searching: Jason Aldean: Why

	Jason Aldean: Why [cached]

Searching: Chris Daughtry: Wanted Dead Or Alive

	 NOT FOUND

Searching: Frankie J Featuring Mannie Fresh & Chamillionaire: That Girl

	Frankie J: That Girl (feat. Mannie Fresh & Chamillionaire) [cached]

Searching: Josh Turner: Would You Go With Me

	Josh Turner: Would You Go With Me [cached]

Searching: Keith Urban: Stupid Boy

	Keith Urban: Stupid Boy [cached]

Searching: Lumidee Featuring Tony Sunshine: She's Like The Wind
=========> Lumidee: She s Like Wind

	 NOT FOUND

Searching: Nelly: Wadsyaname

	Nelly: Wadsyaname - Dirty Edit [cached]

Searching: Boys Like Girls: Hero/Heroine

	Boys Like Girls: Hero / Heroine [cached]

Searching: Gary Allan: Watching Airplanes

	Gary Allan: Watching Airplanes [cached]

Searching: American Idol Top 8: Shout To The Lord
=========> American Idol Top 8: Shout To Lord

	 NOT FOUND

Searching: Britney Spears: Break The Ice

	Britney Spears: Break the Ice [cached]

Searching: Chris Brown: Take You Down

	Chris Brown: Take You Down [cached]

Searching: Sugarland Featuring Little Big Town & Jake Owen: Life In A Northern Town
=========> Sugarland: Life In A Northern Town

	 NOT FOUND

Searching: Demi Lovato: Get Back

	Demi Lovato: Get Back [cached]

Searching: Blake Shelton: She Wouldn't Be Gone

	Blake Shelton: She Wouldn't Be Gone [cached]

Searching: Kid Cudi Featuring Kanye West & Common: Make Her Say

	Kid Cudi: Make Her Say [cached]

Searching: Melanie Fiona: It Kills Me

	Melanie Fiona: It Kills Me [cached]

Searching: Trey Songz: Neighbors Know My Name

	Trey Songz: Neighbors Know My Name [cached]

Searching: Trey Songz: Can't Be Friends

	Trey Songz: Can't Be Friends [cached]

Searching: Chris Brown Featuring Benny Benassi: Beautiful People

	Chris Brown: Beautiful People (feat. Benny Benassi) [cached]

Searching: Iyaz Featuring Travie McCoy: Pretty Girls

	Iyaz: Pretty Girls (feat. Travie McCoy) [cached]

Searching: Rascal Flatts Featuring Natasha Bedingfield: Easy

	Rascal Flatts: Easy [cached]

Searching: Blake Shelton: Over

	Blake Shelton: Over [cached]

Searching: Trey Songz Featuring T.I.: 2 Reasons

	Trey Songz: 2 Reasons (feat. T.I.) [cached]

Searching: George Strait: Give It All We Got Tonight

	George Strait: Give It All We Got Tonight [cached]

Searching: The Band Perry: DONE.

	The Band Perry: DONE. [cached]

Searching: Jhene Aiko: The Worst

	Jhené Aiko: The Worst [cached]

Searching: Fifth Harmony: Bo$$

	Fifth Harmony: BO$$ [cached]

Searching: Wiz Khalifa: We Dem Boyz

	Wiz Khalifa: We Dem Boyz [cached]

Searching: Luke Bryan: Roller Coaster

	Luke Bryan: Roller Coaster [cached]

Searching: Blake Shelton: Neon Light

	Blake Shelton: Neon Light [cached]

Searching: Trey Songz Featuring Nicki Minaj: Touchin, Lovin

	Trey Songz: Touchin, Lovin (feat. Nicki Minaj) [cached]

Searching: Eric Church: Talladega

	Eric Church: Talladega [cached]

Searching: Prince Royce Featuring Snoop Dogg: Stuck On A Feeling

	Prince Royce: Stuck On a Feeling (feat. Snoop Dogg) [cached]

Searching: Thomas Rhett: Make Me Wanna

	Thomas Rhett: Make Me Wanna [cached]

Searching: Ciara: I Bet

	Ciara: I Bet [cached]

Searching: Cole Swindell: Ain't Worth The Whiskey

	Cole Swindell: Ain't Worth the Whiskey [cached]

Searching: Kid Ink Featuring DeJ Loaf: Be Real

	Kid Ink: Be Real (feat. DeJ Loaf) [cached]

Searching: Flo Rida Featuring Robin Thicke & Verdine White: I Don't Like It, I Love It

	Flo Rida: I Don't Like It, I Love It (feat. Robin Thicke & Verdine White) [cached]

Searching: Carrie Underwood: Smoke Break

	Carrie Underwood: Smoke Break [cached]

Searching: Justin Bieber: Purpose

	Justin Bieber: Purpose [cached]

Searching: Ellie Goulding: Something In The Way You Move

	Ellie Goulding: Something In The Way You Move [cached]

Searching: Ariana Grande: Be Alright

	Ariana Grande: Be Alright [cached]

Searching: Jason Aldean: Lights Come On

	Jason Aldean: Lights Come On [cached]

Searching: Beyonce: Sandcastles

	Beyoncé: Sandcastles [cached]

Searching: Carrie Underwood: Church Bells

	Carrie Underwood: Church Bells [cached]

Searching: Young Thug And Travis Scott Featuring Quavo: Pick Up The Phone

	Young Thug: pick up the phone [cached]

Searching: Chance The Rapper Featuring Lil Wayne & 2 Chainz: No Problem

	Chance the Rapper: No Problem (feat. Lil Wayne & 2 Chainz) [cached]

Searching: The Weeknd: Die For You

	The Weeknd: Die For You [cached]

Searching: 21 Savage & Metro Boomin: No Heart

	21 Savage: No Heart [cached]

Searching: Bebe Rexha: I Got You

	Bebe Rexha: I Got You [cached]

Searching: Lauren Duski: Deja Vu

	 NOT FOUND

Searching: 6ix9ine, Fetty Wap & A Boogie Wit da Hoodie: KEKE

	6ix9ine: KEKE [cached]

Searching: The Weeknd Featuring Gesaffelstein: Hurt You

	The Weeknd: Hurt You [cached]

Searching: Cardi B: Bickenhead

	Cardi B: Bickenhead [cached]

Searching: Luke Bryan: Most People Are Good

	Luke Bryan: Most People Are Good [cached]

Searching: Daddy Yankee: Dura

	Daddy Yankee: Dura [cached]

Searching: Jake Owen: I Was Jack (You Were Diane)

	Jake Owen: I Was Jack (You Were Diane) [cached]

Searching: Travis Scott: Who? What!

	Travis Scott: WHO? WHAT! [cached]

Searching: Eminem: Venom

	Eminem: Venom - Music From The Motion Picture [cached]

Searching: 6ix9ine Featuring Nicki Minaj & Kanye West: MAMA

	6ix9ine: MAMA [cached]

Searching: Tory Lanez & Rich The Kid: Talk To Me

	Tory Lanez: TAlk tO Me (with Rich The Kid feat. Lil Wayne) - Remix [cached]

Searching: Mark Ronson Featuring Miley Cyrus: Nothing Breaks Like A Heart

	Mark Ronson: Nothing Breaks Like a Heart (feat. Miley Cyrus) [cached]

Searching: Future: Crushed Up

	Future: Crushed Up [cached]

Searching: Billie Eilish: My Strange Addiction

	Billie Eilish: my strange addiction [cached]

Searching: DJ Khaled Featuring SZA: Just Us

	DJ Khaled: Just Us (feat. SZA) [cached]

Searching: Eric Church: Some Of It

	Eric Church: Some Of It [cached]

Searching: Anuel AA, Daddy Yankee, Karol G, Ozuna & J Balvin: China

	Anuel AA: China [cached]

Searching: DaBaby & Nicki Minaj: iPHONE

	DaBaby: iPHONE (with Nicki Minaj) [cached]

Searching: Don Toliver: No Idea

	Don Toliver: No Idea [cached]

Searching: Frank Sinatra: Jingle Bells

	Frank Sinatra: Jingle Bells [cached]

Searching: H.E.R. Featuring YG: Slide

	H.E.R.: Slide (Remix) (feat. Pop Smoke, A Boogie Wit da Hoodie & Chris Brown) [cached]

Searching: Lil Durk Featuring Lil Baby & Polo G: 3 Headed Goat

	Lil Durk: 3 Headed Goat (feat. Lil Baby & Polo G) [cached]

Searching: Pop Smoke: Yea Yea

	Pop Smoke: Yea Yea [cached]

Searching: Ariana Grande: Just Like Magic

	Ariana Grande: just like magic [cached]

Searching: Nat King Cole: Deck The Halls

	Nat King Cole: Deck The Halls [cached]

Searching: Justin Bieber Featuring Khalid: As I Am

	Justin Bieber: As I Am (feat. Khalid) [cached]

Searching: DJ Khaled Featuring Post Malone, Megan Thee Stallion, Lil Baby & DaBaby: I Did It

	DJ Khaled: I DID IT (feat. Post Malone, Megan Thee Stallion, Lil Baby & DaBaby) [cached]

Searching: Lil Baby, Lil Durk & Meek Mill: Still Runnin

	Lil Baby: Still Runnin (feat. Meek Mill) [cached]

Searching: Jordan Davis: Almost Maybes

	Jordan Davis: Almost Maybes [cached]

Searching: Kanye West: 24

	Kanye West: 24
