Found 236/259 = 91%
23 not found: 
Duane Eddy His Twangy Guitar And The Rebels: The Quiet Three
Patti Page: You'll Answer To Me
Ray Charles: Makin' Whoopee
Frank Sinatra: Anytime At All
Jack Jones: Seein' The Right Love Go Wrong
Every Mothers' Son: Put Your Mind At Ease
Ray Charles: Understanding
Steam: I've Gotta Make You Love Me
Sami Jo: It Could Have Been Me
Charlie Kulis: Runaway
Bill Cosby: Yes, Yes, Yes
The Heart And Soul Orchestra: Love In 'C' Minor
Stillwater: Mind Bender
Glenn Sutton: The Football Card
El DeBarge With DeBarge: You Wear It Well
The Police: Don't Stand So Close To Me '86
Blue Train: All I Need Is You
Icy Blu: I Wanna Be Your Girl
M.C. Hammer: It's All Good
Dixie Chicks: Tonight The Heartache's On Me
Zac Efron: Bet On It
Enur Featuring Natasja: Calabria 2008
Future Featuring Pharrell, Pusha T & Casino: Move That Doh
--------- log -----------
Searching: Gino & Gina: (It's Been A Long Time) Pretty Baby

	Gino & Gina: (It's Been a Long Time) Pretty Baby [cached]

Searching: Don Gibson: Give Myself A Party

	Don Gibson: Give Myself A Party - Re-Recorded In Stereo [cached]

Searching: Bernie Lowe Orchestra: Sing Sing Sing

	Bernie Lowe Orchestra: Sing Sing Sing [cached]

Searching: Andre Previn With David Rose: Like Young

	André Previn: Like Young [cached]

Searching: Duane Eddy His Twangy Guitar And The Rebels: The Quiet Three
=========> Duane Eddy His Twangy Guitar: Quiet Three

	 NOT FOUND

Searching: Ray Sharpe: Linda Lu

	Ray Sharpe: Linda Lu [cached]

Searching: Bill Haley And His Comets: Joey's Song

	Bill Haley & His Comets: Joey's Song - Single Version [cached]

Searching: Bobby Rydell: I Dig Girls

	Bobby Rydell: I Dig Girls [cached]

Searching: The Knockouts: Darling Lorraine

	The Knockouts: Darling Lorraine [cached]

Searching: Sammy Turner: Paradise

	Sammy Turner: Paradise [cached]

Searching: LaVern Baker: Bumble Bee

	LaVern Baker: Bumble Bee [cached]

Searching: Mickey & Sylvia: What Would I Do

	Mickey & Sylvia: What Would I Do [cached]

Searching: Bobby Bland: I Pity The Fool

	Bobby "Blue" Bland: I'll Take Care Of You [cached]

Searching: Chuck Jackson: (It Never Happens) In Real Life

	Chuck Jackson: In Real Life [cached]

Searching: Patti Page: You'll Answer To Me
=========> Patti Page: You ll Answer To Me

	 NOT FOUND

Searching: Curtis Lee: Under The Moon Of Love

	Curtis Lee (With The Halos): Under The Moon Of Love [cached]

Searching: Barbara George: You Talk About Love

	Barbara George: You Talk About Love [cached]

Searching: Paul Anka: Every Night (Without You)

	Paul Anka: Every Night (Without You) [cached]

Searching: Shelley Fabares: The Things We Did Last Summer

	Shelley Fabares: The Things We Did Last Summer [cached]

Searching: Marvin Gaye: Stubborn Kind Of Fellow

	Marvin Gaye: Stubborn Kind Of Fellow [cached]

Searching: Steve Alaimo: Every Day I Have To Cry

	Steve Alaimo: Every Day I Have To Cry [cached]

Searching: Lou Christie: How Many Teardrops

	Lou Christie: How Many Teardrops (Original Mix) [cached]

Searching: Connie Francis: In The Summer Of His Years

	Connie Francis: In The Summer Of His Years [cached]

Searching: Soul Sisters: I Can't Stand It

	The Soul Sisters: I Can't Stand It [cached]

Searching: The Kingsmen: Little Latin Lupe Lu

	The Kingsmen: Little Latin Lupe Lu [cached]

Searching: Ray Charles: Makin' Whoopee
=========> Ray Charles: Makin  Whoopee

	 NOT FOUND

Searching: Joe Tex: You Better Get It

	Joe Tex: You Better Get It [cached]

Searching: Frank Sinatra: Anytime At All

	 NOT FOUND

Searching: Bobbi Martin: I Can't Stop Thinking Of You

	Bobbi Martin: I Can't Stop Thinking Of You [cached]

Searching: The Beatles: Yes It Is

	The Beatles: Yes It Is - Remastered 2009 [cached]

Searching: Jack Jones: Seein' The Right Love Go Wrong
=========> Jack Jones: Seein  Right Love Go Wrong

	 NOT FOUND

Searching: Chuck Jackson: If I Didn't Love You

	Chuck Jackson: If I Didn't Love You [cached]

Searching: Paul Revere & The Raiders: Steppin' Out

	Paul Revere & The Raiders: Steppin' Out [cached]

Searching: The Gants: Road Runner

	The Gants: Road Runner [cached]

Searching: Roy Orbison: Crawling Back

	Roy Orbison: Crawling Back [cached]

Searching: The McCoys: Up And Down

	The McCoys: Up And Down [cached]

Searching: Johnny Cash: The One On The Right Is On The Left

	Johnny Cash: The One on the Right Is on the Left [cached]

Searching: The Knickerbockers: One Track Mind

	The Knickerbockers: One Track Mind [cached]

Searching: The Miracles: Whole Lot Of Shakin' In My Heart (Since I Met You)

	Smokey Robinson & The Miracles: Whole Lot Of Shakin' In My Heart (Since I Met You) [cached]

Searching: Nancy Sinatra: In Our Time

	Nancy Sinatra: In Our Time [cached]

Searching: Terry Knight and The Pack: I (Who Have Nothing)

	Terry Knight: The Shut-In [cached]

Searching: James Brown And The Famous Flames: Let Yourself Go

	James Brown & The Famous Flames: Let Yourself Go - Single Version [cached]

Searching: The Royal Guardsmen: Airplane Song (My Airplane)

	The Royal Guardsmen: Airplane Song [cached]

Searching: Every Mothers' Son: Put Your Mind At Ease
=========> Every Mothers  Son: Put Your Mind At Ease

	 NOT FOUND

Searching: Dean Martin: In The Misty Moonlight

	Dean Martin: In the Misty Moonlight [cached]

Searching: Bobby Vee And The Strangers: Maybe Just Today

	Bobby Vee: Maybe Just Today [cached]

Searching: The Lemon Pipers: Rice Is Nice

	The Lemon Pipers: Rice Is Nice - Single Mix [cached]

Searching: Peaches & Herb: United

	Peaches & Herb: (We'll Be) United [cached]

Searching: Ray Charles: Understanding

	 NOT FOUND

Searching: Shadows Of Knight: Shake

	The Shadows Of Knight: Shake - Live

Searching: The Goodees: Condition Red

	The Goodees: Condition Red [cached]

Searching: Rhinoceros: Apricot Brandy

	Rhinoceros: Apricot Brandy [cached]

Searching: Bobby Goldsboro: I'm A Drifter

	Bobby Goldsboro: I'm a Drifter [cached]

Searching: Candi Staton: I'd Rather Be An Old Man's Sweetheart (Than A Young Man's Fool)

	Candi Staton: I'd Rather Be an Old Man's Sweetheart (Than a Young Man's Fool) [cached]

Searching: Brooklyn Bridge: Your Husband - My Wife

	The Brooklyn Bridge: Your Husband-My Wife [cached]

Searching: Supremes & Temptations: The Weight

	Diana Ross & The Supremes: The Weight [cached]

Searching: Clarence Carter: Doin' Our Thing

	Clarence Carter: Doin' Our Thing [cached]

Searching: Steam: I've Gotta Make You Love Me
=========> Steam: I ve Gotta Make You Love Me

	 NOT FOUND

Searching: Bobby Vinton: My Elusive Dreams

	Bobby Vinton: My Elusive Dreams [cached]

Searching: Jerry Butler: I Could Write A Book

	Jerry Butler: I Could Write A Book [cached]

Searching: Smokey Robinson & The Miracles: Who's Gonna Take The Blame

	Smokey Robinson & The Miracles: Who's Gonna Take The Blame [cached]

Searching: Norman Greenbaum: Canned Ham

	Norman Greenbaum: Canned Ham [cached]

Searching: Johnny Cash: Sunday Morning Coming Down

	Johnny Cash: Sunday Morning Coming Down - Live at Ryman Auditorium, Nashville, TN - July 1970 [cached]

Searching: Lobo: She Didn't Do Magic/I'm The Only One

	Lobo: She Didn't Do Magic [cached]

Searching: Hamilton, Joe Frank & Reynolds: Annabella

	Hamilton, Joe Frank & Reynolds: Annabella [cached]

Searching: B.B. King: Ain't Nobody Home

	B.B. King: Ain't Nobody Home [cached]

Searching: Frank Mills: Love Me, Love Me Love

	Frank Mills: Love Me Love Me Love [cached]

Searching: Denise LaSalle: Now Run And Tell That

	Denise LaSalle: Now Run and Tell That [cached]

Searching: Giorgio: Son Of My Father

	Giorgio Moroder: Son of My Father - Remastered [cached]

Searching: Jr. Walker & The All Stars: Walk In The Night

	Jr. Walker & The All Stars: Walk In The Night [cached]

Searching: Smokey Robinson & The Miracles: We've Come Too Far To End It Now

	Smokey Robinson & The Miracles: We've Come Too Far To End It Now [cached]

Searching: Yes: America

	Yes: America - 2003 Remaster [cached]

Searching: Cher: Don't Hide Your Love

	Cher: Don't Hide Your Love [cached]

Searching: Jermaine Jackson: That's How Love Goes

	Jermaine Jackson: That's How Love Goes [cached]

Searching: Betty Wright: Baby Sitter

	Betty Wright: Baby Sitter [cached]

Searching: The Main Ingredient: You've Got To Take It (If You Want It)

	The Main Ingredient: You've Got To Take It (If You Want It) [cached]

Searching: Bettye Swann: Today I Started Loving You Again

	Bettye Swann: Today I Started Loving You Again [cached]

Searching: Tanya Tucker: Would You Lay With Me (in A Field Of Stone)

	Tanya Tucker: Would You Lay with Me (In a Field of Stone) [cached]

Searching: Joe Cocker: Put Out The Light

	Joe Cocker: Put Out The Light [cached]

Searching: Diana Ross & Marvin Gaye: Don't Knock My Love

	Diana Ross: Don't Knock My Love [cached]

Searching: Sami Jo: It Could Have Been Me

	 NOT FOUND

Searching: Brother To Brother: In The Bottle

	Brother to Brother: In the Bottle [cached]

Searching: Charlie Kulis: Runaway

	 NOT FOUND

Searching: Gary Toms Empire: 7-6-5-4-3-2-1 (Blow Your Whistle)

	Gary Toms Empire: 7-6-5-4-3-2-1 (Blow Your Whistle) [cached]

Searching: Van Mccoy: Change With The Times

	Van McCoy: Change With The Times [cached]

Searching: Bill Cosby: Yes, Yes, Yes
=========> Bill Cosby: Yes  Yes  Yes

	 NOT FOUND

Searching: Carly Simon: It Keeps You Runnin'

	Carly Simon: It Keeps You Runnin' [cached]

Searching: John Handy: Hard Work

	John Handy: Hard Work [cached]

Searching: The Osmonds: I Can't Live A Dream

	The Osmonds: I Can't Live A Dream [cached]

Searching: The Manhattans: I Kinda Miss You

	The Manhattans: I Kinda Miss You [cached]

Searching: The Heart And Soul Orchestra: Love In 'C' Minor
=========> Heart: Love In  C  Minor

	 NOT FOUND

Searching: Mary Macgregor: This Girl (Has Turned Into A Woman)

	Mary MacGregor: This Girl (Has Turned into a Woman) [cached]

Searching: T-Connection: Do What You Wanna Do

	T-Connection: Do What You Wanna Do [cached]

Searching: Brownsville Station: Lady (put The Light On Me)

	Brownsville Station: Lovin' Lady Lee [cached]

Searching: Dr. Hook: Walk Right In

	Dr. Hook: Walk Right In [cached]

Searching: Stillwater: Mind Bender

	 NOT FOUND

Searching: Head East: Since You Been Gone

	Head East: Since You Been Gone [cached]

Searching: Paul Stanley: Hold Me, Touch Me

	Paul Stanley: Hold Me, Touch Me (Think Of Me When We're Apart) [cached]

Searching: Glenn Sutton: The Football Card
=========> Glenn Sutton: Football Card

	 NOT FOUND

Searching: Pablo Cruise: I Go To Rio

	Pablo Cruise: I Go To Rio [cached]

Searching: Boston: Feelin' Satisfied

	Boston: Feelin' Satisfied [cached]

Searching: Eddie Money: Get A Move On

	Eddie Money: Get a Move On - Single Version [cached]

Searching: Rod Stewart: I Don't Want To Talk About It

	Rod Stewart: I Don't Want to Talk About It - 2008 Remaster [cached]

Searching: David Gates: Where Does The Lovin' Go

	David Gates: Where Does the Lovin' Go [cached]

Searching: Player: It's For You

	Player: It's For You [cached]

Searching: Gladys Knight And The Pips: Landlord

	Gladys Knight & The Pips: Landlord [cached]

Searching: Rita Coolidge: Fool That I Am

	Rita Coolidge: Fool That I Am [cached]

Searching: Phoebe Snow: Games

	Phoebe Snow: Games [cached]

Searching: Aretha Franklin And George Benson: Love All The Hurt Away

	Aretha Franklin: Love All the Hurt Away [cached]

Searching: The Police: Secret Journey

	The Police: Secret Journey [cached]

Searching: Bertie Higgins: Just Another Day In Paradise

	Bertie Higgins: Just Another Day in Paradise [cached]

Searching: Charlene & Stevie Wonder: Used To Be

	Charlene: Used To Be [cached]

Searching: The Weather Girls: It's Raining Men

	The Weather Girls: It's Raining Men [cached]

Searching: Sammy Hagar: Never Give Up

	Sammy Hagar: Never Give Up [cached]

Searching: Walter Egan: Fool Moon Fire

	Walter Egan: Fool Moon Fire [cached]

Searching: New Edition: Candy Girl

	New Edition: Candy Girl [cached]

Searching: Louise Tucker: Midnight Blue

	Louise Tucker: Midnight Blue - Original Version 1982 [cached]

Searching: Bonnie Tyler: Take Me Back

	Bonnie Tyler: Take Me Back [cached]

Searching: Patti LaBelle: If Only You Knew

	Patti LaBelle: If Only You Knew [cached]

Searching: Billy Idol: Rebel Yell

	Billy Idol: Rebel Yell [cached]

Searching: Shannon: Give Me Tonight

	Shannon: Give Me Tonight [cached]

Searching: Nik Kershaw: Wouldn't It Be Good

	Nik Kershaw: Wouldn't It Be Good [cached]

Searching: Teddy Pendergrass And Whitney Houston: Hold Me

	Teddy Pendergrass: Hold Me - 45 Version [cached]

Searching: Santana: Say It Again

	Santana: Say It Again [cached]

Searching: Philip Bailey: Walking On The Chinese Wall

	Philip Bailey: Walking on the Chinese Wall [cached]

Searching: El DeBarge With DeBarge: You Wear It Well
=========> El DeBarge: You Wear It Well

	 NOT FOUND

Searching: Prince And The Revolution: America

	Prince: America [cached]

Searching: Asia: Go

	Asia: Go [cached]

Searching: Meli'sa Morgan: Do Me Baby

	Meli'sa Morgan: Do Me Baby [cached]

Searching: Starpoint: Restless

	Starpoint: Restless [cached]

Searching: The Police: Don't Stand So Close To Me '86
=========> Police: Don t Stand So Close To Me  86

	 NOT FOUND

Searching: Bruce Springsteen: Fire

	Bruce Springsteen: I'm On Fire [cached]

Searching: Herb Alpert: Keep Your Eye On Me

	Herb Alpert: Keep Your Eye On Me [cached]

Searching: Starship: Beat Patrol

	Starship: Beat Patrol [cached]

Searching: Eurythmics: I Need A Man

	Eurythmics: I Need A Man - Remastered Version [cached]

Searching: The Cure: Fascination Street

	The Cure: Fascination Street - Remastered [cached]

Searching: The Cult: Fire Woman

	The Cult: Fire Woman [cached]

Searching: Stage Dolls: Love Cries

	Stage Dolls: Love Cries [cached]

Searching: Tom Petty: A Face In The Crowd

	Tom Petty: A Face In The Crowd [cached]

Searching: Kaoma: Lambada

	Kaoma: Lambada - Original Version 1989 [cached]

Searching: Robert Plant: Hurting Kind (I've Got My Eyes On You)

	Robert Plant: Hurting Kind (I've Got My Eyes on You) - 2006 Remaster [cached]

Searching: Tony Toni Tone: The Blues

	Tony! Toni! Toné!: The Blues [cached]

Searching: Sydney Youngblood: I'd Rather Go Blind

	Sydney Youngblood: I'd Rather Go Blind [cached]

Searching: 2nu: This Is Ponderous

	2NU: This Is Ponderous [cached]

Searching: George Michael: Mother's Pride

	George Michael: Mothers Pride [cached]

Searching: INXS: Bitter Tears

	INXS: Bitter Tears [cached]

Searching: Or-N-More (Featuring Father M.C.): Everyotherday

	Or-N-More: Everyotherday [cached]

Searching: K.M.C. KRU: The Devil Came Up To Michigan

	K.M.C. Kru: The Devil Came Up To Michigan [cached]

Searching: Blue Train: All I Need Is You

	 NOT FOUND

Searching: Icy Blu: I Wanna Be Your Girl

	 NOT FOUND

Searching: INXS: Beautiful Girl

	INXS: Beautiful Girl [cached]

Searching: Levert: ABC-123

	Levert: ABC-123 [cached]

Searching: Alan Jackson: Chattahoochee

	Alan Jackson: Chattahoochee [cached]

Searching: M.C. Hammer: It's All Good
=========> M C  Hammer: It s All Good

	 NOT FOUND

Searching: Morrissey: The More You Ignore Me, The Closer I Get

	Morrissey: The More You Ignore Me the Closer I Get [cached]

Searching: Xscape: Love On My Mind

	Xscape: Love On My Mind [cached]

Searching: Fun Factory: Close To You

	Fun Factory: Close To You [cached]

Searching: Madonna: Human Nature

	Madonna: Human Nature [cached]

Searching: Immature: Feel The Funk (From "Dangerous Minds")

	Immature: Feel The Funk [cached]

Searching: Blahzay Blahzay: Danger

	Blahzay Blahzay: Danger - Original Mix [cached]

Searching: Boyz II Men: I Remember

	Boyz II Men: In The Still Of The Nite (I'll Remember) [cached]

Searching: Billie Ray Martin: Your Loving Arms

	Billie Ray Martin: Your Loving Arms [cached]

Searching: R.E.M.: Bittersweet Me

	Riverdale Cast: Bittersweet Symphony (feat. Ashleigh Murray & Camila Mendes) [cached]

Searching: LL Cool J: Ain't Nobody (From "Beavis And Butt-Head Do America")

	LL Cool J: Ain't Nobody [cached]

Searching: John Mellencamp: Just Another Day

	John Mellencamp: Just Another Day - Single Version [cached]

Searching: Nine Inch Nails: The Perfect Drug (From "Lost Highway")

	Nine Inch Nails: The Perfect Drug [cached]

Searching: Gina G: Gimme Some Love

	Gina G: Gimme Some Love [cached]

Searching: 4.0: Have A Little Mercy

	4.0: Have A Little Mercy [cached]

Searching: K-Ci & JoJo: Last Night's Letter

	K-Ci & JoJo: Last Night's Letter [cached]

Searching: Meredith Brooks: What Would Happen

	Meredith Brooks: What Would Happen [cached]

Searching: Sweetbox: Everything's Gonna Be Alright

	Sweetbox: Everything's Gonna Be Alright [cached]

Searching: Billy Ray Cyrus: Busy Man

	Billy Ray Cyrus: Busy Man [cached]

Searching: Dixie Chicks: Tonight The Heartache's On Me
=========> Dixie Chicks: Tonight Heartache s On Me

	 NOT FOUND

Searching: Faith Hill: The Secret Of Life

	Faith Hill: The Secret of Life [cached]

Searching: Montgomery Gentry: Lonely And Gone

	Montgomery Gentry: Lonely and Gone [cached]

Searching: Jo Dee Messina: Downtime

	Jo Dee Messina: Downtime [cached]

Searching: Garth Brooks: Wrapped Up In You

	Brandon Garth: Wrapped Up In You [cached]

Searching: iio: Rapture (Tastes So Sweet)

	iio: Rapture (feat.Nadia Ali) [cached]

Searching: Big Tymers Featuring Tateeze, Boo & Gotti: Oh Yeah!

	Big Tymers: Oh Yeah! [cached]

Searching: Busta Rhymes Featuring Spliff Star: Make It Clap

	Busta Rhymes: Make It Clap (feat. Sean Paul & Spliff Starr) - Remix Album Version [cached]

Searching: Juvenile Featuring Mannie Fresh: In My Life

	JUVENILE: In My Life [cached]

Searching: Sara Evans: Perfect

	Sara Evans: Perfect [cached]

Searching: Alan Jackson: Too Much Of A Good Thing

	Alan Jackson: Too Much of a Good Thing [cached]

Searching: Snoop Dogg Featuring Charlie Wilson & Justin Timberlake: Signs

	Snoop Dogg: Signs [cached]

Searching: Bowling For Soup: Almost

	Bowling For Soup: Almost [cached]

Searching: Little Big Town: Boondocks

	Little Big Town: Boondocks [cached]

Searching: The Game: Let's Ride

	The Game: Let's Ride [cached]

Searching: Michael Buble: Everything

	Michael Bublé: Everything [cached]

Searching: Rascal Flatts: Stand

	Rascal Flatts: Stand [cached]

Searching: Mario: How Do I Breathe

	Mario: How Do I Breathe [cached]

Searching: Gym Class Heroes: Clothes Off!!

	Gym Class Heroes: Clothes Off!! [cached]

Searching: Zac Efron: Bet On It

	 NOT FOUND

Searching: Dierks Bentley: Free And Easy (Down The Road I Go)

	Dierks Bentley: Free And Easy (Down The Road I Go) [cached]

Searching: Enur Featuring Natasja: Calabria 2008
=========> Enur: Calabria 2008

	 NOT FOUND

Searching: Kenny Chesney: Better As A Memory

	Kenny Chesney: Better As A Memory [cached]

Searching: Shwayze Featuring Cisco Adler: Buzzin'

	Shwayze: Buzzin' [cached]

Searching: Kellie Pickler: Best Days Of Your Life

	Kellie Pickler: Best Days of Your Life [cached]

Searching: Glee Cast: Take A Bow

	Glee Cast: Take A Bow (Glee Cast Version) [cached]

Searching: General Larry Platt: Pants On The Ground

	General Larry Platt: Pants On The Ground [cached]

Searching: Roscoe Dash Featuring Soulja Boy Tell'em: All The Way Turnt Up

	Roscoe Dash: All The Way Turnt Up [cached]

Searching: David Guetta Featuring Kid Cudi: Memories

	David Guetta: Memories (feat. Kid Cudi) [cached]

Searching: Blake Shelton: Who Are You When I'm Not Looking

	Blake Shelton: Who Are You When I'm Not Looking [cached]

Searching: Billy Currington: Let Me Down Easy

	Billy Currington: Let Me Down Easy [cached]

Searching: Martin Solveig & Dragonette: Hello

	Martin Solveig: Hello - Why Are We Whispering Remix [cached]

Searching: George Strait: Here For A Good Time

	George Strait: Here For A Good Time [cached]

Searching: Lady Antebellum: Dancin' Away With My Heart

	Lady A: Dancin' Away With My Heart [cached]

Searching: LoveRance Featuring IamSu & Skipper or 50 Cent: UP!

	LoveRance: UP! (Beat The P*ssy UP) [Street] [cached]

Searching: Usher Featuring Rick Ross: Lemme See

	Usher: Lemme See (feat. Rick Ross) [cached]

Searching: One Direction: Kiss You

	One Direction: Kiss You [cached]

Searching: Kenny Chesney: Pirate Flag

	Kenny Chesney: Pirate Flag [cached]

Searching: Jake Owen: Anywhere With You

	Jake Owen: Anywhere With You [cached]

Searching: Brad Paisley: Beat This Summer

	Brad Paisley: Beat This Summer [cached]

Searching: Beyonce: Get Me Bodied

	Beyoncé: Get Me Bodied - Homecoming Live [cached]

Searching: Lady Antebellum: Compass

	Lady A: Compass [cached]

Searching: Future Featuring Pharrell, Pusha T & Casino: Move That Doh
=========> Future: Move That Doh

	 NOT FOUND

Searching: Gwen Stefani: Baby Don't Lie

	Gwen Stefani: Baby Don't Lie [cached]

Searching: Canaan Smith: Love You Like That

	Canaan Smith: Love You Like That [cached]

Searching: Jason Aldean: Tonight Looks Good On You

	Jason Aldean: Tonight Looks Good on You [cached]

Searching: Brothers Osborne: Stay A Little Longer

	Brothers Osborne: Stay A Little Longer [cached]

Searching: Taylor Swift: New Romantics

	Taylor Swift: New Romantics [cached]

Searching: Kevin Gates: Really Really

	Kevin Gates: Really Really [cached]

Searching: Cole Swindell: Middle Of A Memory

	Cole Swindell: Middle of a Memory [cached]

Searching: The Weeknd Featuring Future: All I Know

	The Weeknd: All I Know [cached]

Searching: Brett Eldredge: Wanna Be That Song

	Brett Eldredge: Wanna Be That Song [cached]

Searching: Noah Cyrus Featuring Labrinth: Make Me (Cry)

	Noah Cyrus: Make Me (Cry) [cached]

Searching: Future: Draco

	Future: Draco [cached]

Searching: Katy Perry Featuring Nicki Minaj: Swish Swish

	Katy Perry: Swish Swish [cached]

Searching: Florida Georgia Line Featuring Backstreet Boys: God, Your Mama, And Me

	Florida Georgia Line: God, Your Mama, And Me [cached]

Searching: Old Dominion: No Such Thing As A Broken Heart

	Old Dominion: No Such Thing as a Broken Heart [cached]

Searching: Kodak Black: Transportin'

	Kodak Black: Transportin' [cached]

Searching: Chris Brown Featuring Yo Gotti, A Boogie Wit da Hoodie & Kodak Black: Pills And Automobiles

	Chris Brown: Pills & Automobiles (feat. Yo Gotti, A Boogie Wit Da Hoodie & Kodak Black) [cached]

Searching: YBN Nahmir: Rubbin Off The Paint

	YBN Nahmir: Rubbin off the Paint [cached]

Searching: Brett Young: Like I Loved You

	Brett Young: Like I Loved You [cached]

Searching: Meghan Trainor: No Excuses

	Meghan Trainor: No Excuses [cached]

Searching: J. Cole Featuring kiLL edward: Friends

	J. Cole: FRIENDS (feat. kiLL edward) [cached]

Searching: Post Malone: Otherside

	Post Malone: Otherside [cached]

Searching: Playboi Carti Featuring Lil Uzi Vert: Shoota

	Playboi Carti: Shoota [cached]

Searching: 6ix9ine Featuring DJ SPINKING: TATI

	6ix9ine: TATI [cached]

Searching: Trippie Redd: Taking A Walk

	Trippie Redd: Taking A Walk [cached]

Searching: Bryce Vine: Drew Barrymore

	Bryce Vine: Drew Barrymore [cached]

Searching: Lil Baby: Pure Cocaine

	Lil Baby: Pure Cocaine [cached]

Searching: Kodak Black: Calling My Spirit

	Kodak Black: Calling My Spirit [cached]

Searching: Jason Aldean: Girl Like You

	Jason Aldean: Girl Like You [cached]

Searching: Jordan Davis: Take It From Me

	Jordan Davis: Take It From Me [cached]

Searching: Yo Gotti Featuring Lil Baby: Put A Date On It

	Yo Gotti: Put a Date On It (feat. Lil Baby) [cached]

Searching: Billie Eilish: All The Good Girls Go To Hell

	Billie Eilish: all the good girls go to hell [cached]

Searching: Justin Moore: The Ones That Didn't Make It Back Home

	Justin Moore: The Ones That Didn’t Make It Back Home [cached]

Searching: Idina Menzel & AURORA: Into The Unknown

	Idina Menzel: Into the Unknown [cached]

Searching: Sam Smith: To Die For

	Sam Smith: To Die For [cached]

Searching: Russ & BIA: BEST ON EARTH

	Russ: BEST ON EARTH (feat. BIA) - Bonus [cached]

Searching: Luke Bryan: What She Wants Tonight

	Luke Bryan: What She Wants Tonight [cached]

Searching: Juice WRLD: Screw Juice

	Juice WRLD: Screw Juice [cached]

Searching: Conan Gray: Heather

	Conan Gray: Heather [cached]

Searching: Future & Lil Uzi Vert: Stripes Like Burberry

	Future: Stripes Like Burberry [cached]

Searching: Jackson 5: Santa Claus Is Comin' To Town

	The Jackson 5: Santa Claus Is Coming To Town [cached]

Searching: Morgan Wallen: 865

	Morgan Wallen: 865 [cached]

Searching: DMX: X Gon' Give It To Ya

	DMX: X Gon' Give It To Ya [cached]

Searching: Young Thug & Gunna Featuring Travis Scott: Diamonds Dancing

	Young Stoner Life: Diamonds Dancing (feat. Travis Scott) [cached]

Searching: Lil Baby & Lil Durk: Who I Want

	Lil Baby: Who I Want [cached]
