Found 221/250 = 88%
29 not found: 
Jimmy Darren: Angel Face
Nat King Cole-Stan Kenton: My Love
Pat Boone: Alabam
Brenda Lee: She'll Never Know
The High Keyes: Que Sera, Sera (Whatever Will Be, Will Be)
Bill Black's Combo: Monkey-Shine
The Monarchs: Look Homeward Angel
Brenda Lee: When You Loved Me
Shannon: Abergavenny
Charlie Rich: She Called Me Baby
The Joneses: Sugar Pie Guy Pt. 1
Ron Banks And The Dramatics: Me And Mrs. Jones
Frank Sinatra: I Believe I'm Gonna Love You
The Don Harrison Band: Sixteen Tons
Demis Roussos: That Once In A Lifetime
Funky Communication Committee: Baby I Want You
Ray, Goodman & Brown: My Prayer
Streek: One More Night
Richard "Dimples" Fields: If It Ain't One Thing...It's Another
Walter Murphy: Themes From E.T. (The Extra-Terrestrial)
Ric Ocasek: Something To Grab For
The Jets: Private Number
Snoop Dogg Presents Tha Eastsidaz: G'd Up
Cash Money Millionaires: Project Chick
Josh Gracin: Stay With Me (Brass Bed)
David Cook: Billie Jean
Hot Stylz Featuring Yung Joc: Lookin Boy
Sheryl Crow, Kid Rock & Keith Urban: Lean On Me
Young Thug: Stoner
--------- log -----------
Searching: Dion & The Belmonts: I Wonder Why

	Dion & The Belmonts: I Wonder Why [cached]

Searching: Perry Como: Mandolins In The Moonlight

	Perry Como: Mandolins In The Moonlight [cached]

Searching: Chuck Berry: Sweet Little Rock And Roller

	Chuck Berry: Sweet Little Rock And Roller [cached]

Searching: Augie Rios: ¿Dònde Està Santa Claus? (Where Is Santa Claus?)

	Augie Rios: ¿Donde Esta Santa Claus? [cached]

Searching: Johnny Cash And The Tennessee Two: It's Just About Time

	Johnny Cash: It's Just About Time [cached]

Searching: Cookie And His Cupcakes: Matilda

	Cookie & The Cupcakes: Matilda [cached]

Searching: The Rivieras: Moonlight Serenade

	The Rivieras: Moonlight Serenade [cached]

Searching: Perry Como: I Know

	Perry Como: I Know What God Is [cached]

Searching: Jimmy Darren: Angel Face

	 NOT FOUND

Searching: The Isley Brothers: Shout - Part 1

	The Isley Brothers: Shout (Parts 1 & 2) - Digitally Mastered 1988 [cached]

Searching: Tommy Edwards: (New In) The Ways Of Love

	Tommy Edwards: (New In) The Ways Of Love [cached]

Searching: The Coasters: What About Us

	The Coasters: What About Us.wav [cached]

Searching: Frank Chacksfield And His Orch.: On The Beach

	Frank Chacksfield & His Orchestra: Song Of The Island / On The Beach At Bali Bali - Frank Chacksfield and his Orchestra [cached]

Searching: Gary Stites: Lawdy Miss Clawdy

	Gary Stites: Lawdy Miss Clawdy [cached]

Searching: The Browns Featuring Jim Edward Brown: Teen-Ex

	The Browns: Teen-Ex [cached]

Searching: Nat King Cole-Stan Kenton: My Love
=========> Nat King Cole Stan Kenton: My Love

	 NOT FOUND

Searching: Johnny Mathis: My Love For You

	Johnny Mathis: My Love for You [cached]

Searching: Pat Boone: Alabam

	 NOT FOUND

Searching: The Olympics: Dance By The Light Of The Moon

	The Olympics: Dance by the Light of the Moon [cached]

Searching: Frankie Avalon: A Perfect Love

	Frankie Avalon: A Perfect Love [cached]

Searching: Etta James: At Last

	Etta James: At Last [cached]

Searching: Jimmy Charles: The Age For Love

	Jimmy McHugh: I’m in the mood for Love [cached]

Searching: James Brown And The Famous Flames: I Don't Mind

	James Brown: I Don't Mind - Live At The Apollo Theater/1962 [cached]

Searching: Ernie Fields: The Charleston

	Ernie Fields: The Charleston [cached]

Searching: Freddy King: San-Ho-Zay

	Freddy King: San-Ho-Zay [cached]

Searching: Vic Dana: I Will

	Vic Dana: I Will [cached]

Searching: Jimmy Norman: I Don't Love You No More (I Don't Care About You)

	Jimmy Norman: I Don´t Love You No More [cached]

Searching: Brenda Lee: She'll Never Know
=========> Brenda Lee: She ll Never Know

	 NOT FOUND

Searching: Rick Nelson: You Don't Love Me Anymore (And I Can Tell)

	Ricky Nelson: You Don't Love Me Anymore (And I Can Tell) [cached]

Searching: Gene Chandler: Rainbow

	Gene Chandler: Rainbow [cached]

Searching: Neil Sedaka: The Dreamer

	Neil Sedaka: The Dreamer [cached]

Searching: The High Keyes: Que Sera, Sera (Whatever Will Be, Will Be)
=========> High Keyes: Que Sera  Sera

	 NOT FOUND

Searching: Bill Black's Combo: Monkey-Shine
=========> Bill Black s Combo: Monkey

	 NOT FOUND

Searching: Ruby And The Romantics: Young Wings Can Fly (Higher Than You Know)

	Ruby And The Romantics: Young Wings Can Fly (Higher Thank You Know) [cached]

Searching: The Marvelettes: As Long As I Know He's Mine

	The Marvelettes: As Long As I Know He's Mine - Single Version/Stereo [cached]

Searching: Skeeter Davis: He Says The Same Things To Me

	Skeeter Davis: He Says the Same Things to Me [cached]

Searching: The Monarchs: Look Homeward Angel
=========> Monarchs: Look Homeward Angel

	 NOT FOUND

Searching: Brook Benton: Another Cup Of Coffee

	Brook Benton: Another Cup Of Coffee [cached]

Searching: Bernadette Carroll: Party Girl

	Bernadette Carroll: Party Girl [cached]

Searching: Brenda Lee: When You Loved Me

	 NOT FOUND

Searching: Rick Nelson: There's Nothing I Can Say

	Ricky Nelson: There's Nothing I Can Say [cached]

Searching: Chuck Jackson: Since I Don't Have You

	Chuck Jackson: Since I Don't Have You [cached]

Searching: The Contours: Can You Jerk Like Me

	The Contours: Can You Jerk Like Me [cached]

Searching: Al (He's the King) Hirt: Fancy Pants

	Al Hirt: Fancy Pants [cached]

Searching: Tom and Jerrio: Boo-Ga-Loo

	Tom Doolie: Blue Book [cached]

Searching: Billy J. Kramer With The Dakotas: Trains And Boats And Planes

	Billy J. Kramer: Trains and Boats and Planes [cached]

Searching: The Righteous Brothers: Hung On You

	The Righteous Brothers: Hung On You [cached]

Searching: The Kingsmen: Annie Fanny

	The Kingsmen: Little Annie Fanny [cached]

Searching: Herb Alpert & The Tijuana Brass: 3rd Man Theme

	Herb Alpert & The Tijuana Brass: 3rd Man Theme [cached]

Searching: The Beatles: Act Naturally

	The Beatles: Act Naturally - Remastered 2009 [cached]

Searching: Connie Francis: Jealous Heart

	Connie Francis: Jealous Heart [cached]

Searching: Pozo Seco Singers: Time

	Pozo Seco Singers: Time [cached]

Searching: Marvin Gaye: Little Darling, I Need You

	Marvin Gaye: Little Darling (I Need You) [cached]

Searching: Sergio Mendes & Brasil '66: Mas Que Nada

	Sergio Mendes & Brasil '66: Mas Que Nada [cached]

Searching: The Righteous Brothers: On This Side Of Goodbye

	The Righteous Brothers: On This Side Of Goodbye [cached]

Searching: Otis Redding: Shake

	Otis Redding: Shake - 2008 Remaster [cached]

Searching: The Spencer Davis Group: Somebody Help Me

	The Spencer Davis Group: Somebody Help Me [cached]

Searching: The Beach Boys: Friends

	The Beach Boys: Friends - Remastered 2001 [cached]

Searching: The Association: Six Man Band

	The Association: Six Man Band [cached]

Searching: The Vogues: Woman Helping Man

	The Vogues: Woman Helping Man - Remastered Version [cached]

Searching: Joe Tex: Buying A Book

	Joe Tex: Buying a book [cached]

Searching: O.C. Smith: Friend, Lover, Woman, Wife

	O.C. Smith: Friend, Lover, Woman, Wife [cached]

Searching: The Vogues: Moments To Remember

	The Vogues: Moments to Remember - Remastered Version [cached]

Searching: Shannon: Abergavenny

	 NOT FOUND

Searching: The Intruders: Sad Girl

	The Intruders: Sad Girl [cached]

Searching: The Lettermen: Traces/Memories Medley

	The Lettermen: Traces/Memories (Medley) - Remastered [cached]

Searching: Vic Dana: If I Never Knew Your Name

	Vic Dana: If I Never Knew Your Name [cached]

Searching: Tommy James And The Shondells: Come To Me

	Tommy James: Come to Me [cached]

Searching: Little Richard: Freedom Blues

	Little Richard: Freedom Blues [cached]

Searching: Engelbert Humperdinck: Sweetheart

	Engelbert Humperdinck: Sweetheart [cached]

Searching: Jim Ed Brown: Morning

	Jim Ed Brown: Morning [cached]

Searching: Grand Funk Railroad: Mean Mistreater

	Grand Funk Railroad: Mean Mistreater - Remastered [cached]

Searching: McGuinness Flint: When I'm Dead And Gone

	McGuinness Flint: When I'm Dead And Gone - Remastered [cached]

Searching: John Denver: Friends With You

	John Denver: Friends with You [cached]

Searching: Van Morrison: Tupelo Honey

	Van Morrison: Tupelo Honey [cached]

Searching: The Guess Who: Heartbroken Bopper

	The Guess Who: Heartbroken Bopper - Remastered [cached]

Searching: Led Zeppelin: Rock And Roll

	Led Zeppelin: Rock and Roll - Remaster [cached]

Searching: The Chi-lites: The Coldest Days Of My Life (Part 1)

	The Chi-Lites: The Coldest Days Of My Life [cached]

Searching: Bill Withers: Let Us Love

	Bill Withers: Let Us Love - Live at Carnegie Hall, New York, NY - October 1972 [cached]

Searching: Afrique: Soul Makossa

	Afrique: Soul Makossa [cached]

Searching: David Gates: Clouds

	David Gates: Suite: Clouds, Rain [cached]

Searching: The Chi-lites: I Found Sunshine

	The Chi-Lites: I Found Sunshine - Live [cached]

Searching: Charlie Rich: I Don't See Me In Your Eyes Anymore

	Charlie Rich: I Don't See Me in Your Eyes Anymore [cached]

Searching: Ohio Players: Jive Turkey (Part 1)

	Ohio Players: Jive Turkey [cached]

Searching: Aretha Franklin: Ain't Nothing Like The Real Thing

	Aretha Franklin: Ain't Nothing Like the Real Thing [cached]

Searching: Charlie Rich: She Called Me Baby

	 NOT FOUND

Searching: The Joneses: Sugar Pie Guy Pt. 1
=========> Joneses: Sugar Pie Guy Pt  1

	 NOT FOUND

Searching: The Stylistics: Star On A TV Show

	The Stylistics: Star On A TV Show [cached]

Searching: Gladys Knight And The Pips: Love Finds It's Own Way

	Gladys Knight & The Pips: Love Finds Its Own Way [cached]

Searching: Ron Banks And The Dramatics: Me And Mrs. Jones
=========> Ron Banks: Me And Mrs  Jones

	 NOT FOUND

Searching: Justin Hayward & John Lodge: I Dreamed Last Night

	Justin Hayward: I Dreamed Last Night [cached]

Searching: Linda Ronstadt: It Doesn't Matter Anymore/When Will I Be Loved

	Linda Ronstadt: It Doesn't Matter Anymore [cached]

Searching: Frank Sinatra: I Believe I'm Gonna Love You
=========> Frank Sinatra: I Believe I m Gonna Love You

	 NOT FOUND

Searching: Diana Ross: I Thought It Took A Little Time (But Today I Fell In Love)

	Diana Ross: I Thought It Took A Little Time (But Today I Fell In Love) [cached]

Searching: David Ruffin: Heavy Love

	David Ruffin: Heavy Love [cached]

Searching: The Don Harrison Band: Sixteen Tons
=========> Don Harrison Band: Sixteen Tons

	 NOT FOUND

Searching: The Isley Brothers: Who Loves You Better - Part 1

	The Isley Brothers: Who Loves You Better [cached]

Searching: Sons Of Champlin: Hold On

	The Sons Of Champlin: Hold On [cached]

Searching: Gladys Knight And The Pips: So Sad The Song

	Gladys Knight & The Pips: So Sad the Song [cached]

Searching: The Originals: Down To Love Town

	The Originals: Down To Love Town [cached]

Searching: Thelma Houston: If It's The Last Thing I Do

	Thelma Houston: If It's The Last Thing I Do [cached]

Searching: Plastic Bertrand: Ca Plane Pour Moi

	Plastic Bertrand: Ca plane pour moi [cached]

Searching: Demis Roussos: That Once In A Lifetime

	 NOT FOUND

Searching: Johnny Mathis & Deniece Williams: You're All I Need To Get By

	Johnny Mathis: You're All I Need to Get By [cached]

Searching: John Travolta: Greased Lightnin'

	John Travolta: Greased Lightnin' [cached]

Searching: Leo Sayer: Raining In My Heart

	Leo Sayer: Raining In My Heart [cached]

Searching: Justin Hayward: Forever Autumn

	Justin Hayward: Forever Autumn [cached]

Searching: Gene Simmons: Radioactive

	Gene Simmons: Radioactive [cached]

Searching: Melba Moore: You Stepped Into My Life

	Melba Moore: You Stepped Into My Life [cached]

Searching: Third World: Now That We Found Love

	Third World: Now That We've Found Love - Single Version [cached]

Searching: Nicolette Larson: Rhumba Girl

	Nicolette Larson: Rhumba Girl [cached]

Searching: Narada Michael Walden: I Don't Want Nobody Else (To Dance With You)

	Narada Michael Walden: I Don't Want Nobody Else (To Dance with You) [cached]

Searching: Funky Communication Committee: Baby I Want You

	 NOT FOUND

Searching: KISS: Sure Know Something

	KISS: Sure Know Something [cached]

Searching: AC/DC: Highway To Hell

	AC/DC: Highway to Hell [cached]

Searching: Tavares: Bad Times

	Tavares: Bad Times [cached]

Searching: Roberta Flack With Donny Hathaway: You Are My Heaven

	Roberta Flack: You Are My Heaven (feat. Donny Hathaway) [cached]

Searching: KISS: Shandi

	KISS: Shandi [cached]

Searching: Ray, Goodman & Brown: My Prayer
=========> Ray  Goodman: My Prayer

	 NOT FOUND

Searching: Climax Blues Band: Gotta Have More Love

	Climax Blues Band: Gotta Have More Love [cached]

Searching: Streek: One More Night

	 NOT FOUND

Searching: Jennifer Warnes: Could It Be Love

	Jennifer Warnes: Could It Be Love [cached]

Searching: Richard "Dimples" Fields: If It Ain't One Thing...It's Another
=========> Richard  Dimples  Fields: If It Ain t One Thing   It s Another

	 NOT FOUND

Searching: Walter Murphy: Themes From E.T. (The Extra-Terrestrial)
=========> Walter Murphy: Themes From E T

	 NOT FOUND

Searching: Steve Winwood: Still In The Game

	Steve Winwood: Still In The Game [cached]

Searching: Kenny Rogers: A Love Song

	Kenny Rogers: A Love Song [cached]

Searching: Joni Mitchell: (you're So Square) Baby, I Don't Care

	Joni Mitchell: (You're So Square) Baby, I Don't Care [cached]

Searching: Ric Ocasek: Something To Grab For

	 NOT FOUND

Searching: Cameo: She's Strange

	Cameo: She's Strange [cached]

Searching: The Jacksons: Body

	The Jacksons: Shake Your Body (Down to the Ground) - Single Edit [cached]

Searching: Men At Work: Everything I Need

	Men At Work: Everything I Need [cached]

Searching: "Weird Al" Yankovic: Like A Surgeon

	"Weird Al" Yankovic: Like a Surgeon [cached]

Searching: Rene & Angela: I'll Be Good

	Rene & Angela: I'll Be Good [cached]

Searching: The Jets: Private Number
=========> Jets: Private Number

	 NOT FOUND

Searching: The Temptations: Lady Soul

	The Temptations: Lady Soul [cached]

Searching: Lone Justice: Shelter

	Lone Justice: Shelter [cached]

Searching: INXS & Jimmy Barnes: Good Times (From "The Lost Boys")

	INXS: Good Times (with Jimmy Barnes) [cached]

Searching: Noel: Silent Morning

	Noel: Silent Morning [cached]

Searching: Bananarama: I Can't Help It

	Bananarama: I Can't Help It [cached]

Searching: Tony Toni Tone: Little Walter

	Tony! Toni! Toné!: Little Walter [cached]

Searching: Huey Lewis & The News: Give Me The Keys (And I'll Drive You Crazy)

	Huey Lewis & The News: Give Me The Keys (And I'll Drive You Crazy) [cached]

Searching: Kenny G: We've Saved The Best For Last

	Kenny G: We've Saved the Best for Last [cached]

Searching: Skyy: Real Love

	Skyy: Real Love [cached]

Searching: Midnight Oil: Blue Sky Mine

	Midnight Oil: Blue Sky Mine - 2011 Remaster [cached]

Searching: Enuff Z'Nuff: Fly High Michelle

	Enuff Z'Nuff: Fly High Michelle [cached]

Searching: Troop: All I Do Is Think Of You

	Troop: All I Do Is Think of You [cached]

Searching: Deee-Lite: Power Of Love

	Deee-Lite: Power of Love [cached]

Searching: Daryl Braithwaite: Higher Than Hope

	Daryl Braithwaite: Higher Than Hope - Single Edit - 2007 Remastered [cached]

Searching: Salt-N-Pepa: You Showed Me

	Salt-N-Pepa: You Showed Me [cached]

Searching: Giggles: What Goes Around Comes Around

	Giggles: What Goes Around Comes Around [cached]

Searching: Al B. Sure!: Right Now

	Al B. Sure!: Right Now [cached]

Searching: Bizarre Inc: I'm Gonna Get You

	Bizarre Inc: Bizarre Inc - I'm Gonna Get You (Steve Zest Remix) [cached]

Searching: A Tribe Called Quest: Award Tour

	A Tribe Called Quest: Award Tour [cached]

Searching: Shaquille O'Neal: I'm Outstanding

	Shaquille O'Neal: I'm Outstanding [cached]

Searching: Meat Puppets: Backwater

	Meat Puppets: Backwater [cached]

Searching: R.E.M.: Strange Currencies

	R.E.M.: Strange Currencies [cached]

Searching: L.A.D.: Ridin' Low

	L.a.d.: Riding Low (feat. Darvy Traylor) - Cruzin' Remix [cached]

Searching: Tevin Campbell: Back To The World

	Tevin Campbell: Back to the World [cached]

Searching: The Isley Brothers Featuring Angela Winbush: Floatin' On Your Love

	The Isley Brothers: Floatin' On Your Love [cached]

Searching: Depeche Mode: Barrel Of A Gun

	Depeche Mode: Barrel of a Gun [cached]

Searching: Somethin' For The People: All I Do

	Somethin' For The People: All I Do [cached]

Searching: Pearl Jam: Wishlist

	Pearl Jam: Wishlist [cached]

Searching: Myron: Destiny

	Myron: Destiny - Remix [cached]

Searching: Swirl 360: Hey Now Now

	Swirl 360: Hey Now Now [cached]

Searching: BLACKstreet With Janet: Girlfriend/Boyfriend

	Blackstreet: Girlfriend/ Boyfriend [cached]

Searching: Ty Herndon: Hands Of A Working Man

	Ty Herndon: Hands Of A Working Man [cached]

Searching: Snoop Dogg Presents Tha Eastsidaz: G'd Up
=========> Snoop Dogg Presents Tha Eastsidaz: G d Up

	 NOT FOUND

Searching: Ideal Featuring Lil' Mo: Whatever

	Ideal: Whatever - Radio Edit [cached]

Searching: Carl Thomas: Emotional

	Carl Thomas: Emotional [cached]

Searching: Cash Money Millionaires: Project Chick

	 NOT FOUND

Searching: Eve: Who's That Girl?

	Eve: Who's That Girl? [cached]

Searching: India.Arie: Video

	India.Arie: Video [cached]

Searching: Trick Pony: On A Night Like This

	Trick Pony: On a Night Like This [cached]

Searching: Martina McBride: Concrete Angel

	Martina McBride: Concrete Angel [cached]

Searching: Montgomery Gentry: Speed

	Montgomery Gentry: Speed [cached]

Searching: Gwen Stefani: What You Waiting For?

	Gwen Stefani: What You Waiting For? [cached]

Searching: Faith Evans: Again

	Faith Evans: Again [cached]

Searching: Dierks Bentley: Lot Of Leavin' Left To Do

	Dierks Bentley: Lot Of Leavin' Left To Do [cached]

Searching: Marques Houston: Naked

	Marques Houston: Naked [cached]

Searching: Josh Gracin: Stay With Me (Brass Bed)
=========> Josh Gracin: Stay With Me

	 NOT FOUND

Searching: Toby Keith: Get Drunk And Be Somebody

	Toby Keith: Get Drunk And Be Somebody [cached]

Searching: Phil Vassar: Last Day Of My Life

	Phil Vassar: Last Day Of My Life [cached]

Searching: Hannah Montana: If We Were A Movie

	Hannah Montana: If We Were A Movie [cached]

Searching: Diddy Featuring Christina Aguilera: Tell Me

	Diddy: Tell Me (feat. Christina Aguilera) [cached]

Searching: Jack Johnson: If I Had Eyes

	Jack Johnson: If I Had Eyes [cached]

Searching: Kenny Chesney Duet With George Strait: Shiftwork

	Kenny Chesney: Shiftwork (with George Strait) - Duet With George Strait [cached]

Searching: David Cook: Billie Jean

	 NOT FOUND

Searching: Hot Stylz Featuring Yung Joc: Lookin Boy
=========> Hot Stylz: Lookin Boy

	 NOT FOUND

Searching: Tim McGraw: Let It Go

	Tim McGraw: Let It Go [cached]

Searching: Miranda Cosgrove: About You Now

	Miranda Cosgrove: About You Now [cached]

Searching: Kenny Chesney With Mac McAnally: Down The Road

	Kenny Chesney: Down the Road [cached]

Searching: Brooke White: Hold Up My Heart

	Brooke White: Hold Up My Heart [cached]

Searching: Yung L.A. Featuring Young Dro & T.I.: Ain't I

	Yung L.A.: Ain't I [cached]

Searching: Sheryl Crow, Kid Rock & Keith Urban: Lean On Me
=========> Sheryl Crow  Kid Rock: Lean On Me

	 NOT FOUND

Searching: Rodney Atkins: Farmer's Daughter

	Rodney Atkins: Farmer's Daughter [cached]

Searching: Glee Cast: When I Get You Alone

	Glee Cast: When I Get You Alone (Glee Cast Version) (feat. Darren Criss) [cached]

Searching: Glee Cast: Baby

	Glee Cast: Baby, It's Cold Outside (feat. Darren Criss) [cached]

Searching: Colbie Caillat: Brighter Than The Sun

	Colbie Caillat: Brighter Than The Sun [cached]

Searching: 2 Chainz Featuring Kanye West: Birthday Song

	2 Chainz: Birthday Song [cached]

Searching: Miranda Lambert: Fastest Girl In Town

	Miranda Lambert: Fastest Girl in Town [cached]

Searching: Ellie Goulding: Anything Could Happen

	Ellie Goulding: Anything Could Happen [cached]

Searching: Lee Brice: I Drive Your Truck

	Lee Brice: I Drive Your Truck [cached]

Searching: Justin Bieber: Roller Coaster

	Justin Bieber: Roller Coaster [cached]

Searching: Zac Brown Band: Sweet Annie

	Zac Brown Band: Sweet Annie [cached]

Searching: Eric Paslay: Friday Night

	Eric Paslay: Friday Night [cached]

Searching: Young Thug: Stoner

	 NOT FOUND

Searching: 5 Seconds Of Summer: Don't Stop

	5 Seconds of Summer: Don't Stop [cached]

Searching: Blake Shelton Featuring Ashley Monroe: Lonely Tonight

	Blake Shelton: Lonely Tonight (feat. Ashley Monroe) [cached]

Searching: Empire Cast Featuring Jussie Smollett & Yazz: You're So Beautiful

	Empire Cast: You're So Beautiful (feat. Jussie Smollett and Yazz) [cached]

Searching: A Thousand Horses: Smoke

	A Thousand Horses: Smoke [cached]

Searching: Eminem: Phenomenal

	Eminem: Phenomenal [cached]

Searching: Carrie Underwood: Little Toy Guns

	Carrie Underwood: Little Toy Guns [cached]

Searching: The Weeknd Featuring Lana Del Rey: Prisoner

	The Weeknd: Prisoner [cached]

Searching: DeJ Loaf Featuring Big Sean: Back Up

	DeJ Loaf: Back Up (feat. Big Sean) [cached]

Searching: Beyonce: Love Drought

	Beyoncé: Love Drought [cached]

Searching: Drake Featuring PARTYNEXTDOOR: With You

	Drake: With You [cached]

Searching: Miranda Lambert: Vice

	Miranda Lambert: Vice [cached]

Searching: Kanye West: Fade

	Kanye West: Fade [cached]

Searching: Brett Young: Sleep Without You

	Brett Young: Sleep Without You [cached]

Searching: The Weeknd: Secrets

	The Weeknd: Secrets [cached]

Searching: Chris Young Featuring Vince Gill: Sober Saturday Night

	Chris Young: Sober Saturday Night (feat. Vince Gill) [cached]

Searching: Camila Cabello: Crying In The Club

	Camila Cabello: Crying in the Club [cached]

Searching: JAY-Z Featuring Damian "Jr. Gong" Marely: Bam

	JAY-Z: Bam [cached]

Searching: Billy Currington: Do I Make You Wanna

	Billy Currington: Do I Make You Wanna [cached]

Searching: Thomas Rhett: Unforgettable

	Thomas Rhett: Unforgettable [cached]

Searching: Jon Pardi: Heartache On The Dance Floor

	Jon Pardi: Heartache On The Dance Floor [cached]

Searching: Kelly Clarkson: Love So Soft

	Kelly Clarkson: Love So Soft [cached]

Searching: Luis Fonsi & Demi Lovato: Echame La Culpa

	Luis Fonsi: Échame La Culpa [cached]

Searching: Carrie Underwood Featuring Ludacris: The Champion

	Carrie Underwood: The Champion [cached]

Searching: J. Cole: Once An Addict (Interlude)

	J. Cole: Once an Addict - Interlude [cached]

Searching: Post Malone: Blame It On Me

	Post Malone: Blame It On Me [cached]

Searching: KIDS SEE GHOSTS: Feel The Love

	KIDS SEE GHOSTS: Feel The Love [cached]

Searching: Demi Lovato: Sober

	Demi Lovato: Sober [cached]

Searching: Travis Scott: Skeletons

	Travis Scott: SKELETONS [cached]

Searching: French Montana Featuring Drake: No Stylist

	French Montana: No Stylist (feat. Drake) [cached]

Searching: Lil Wayne: Open Letter

	Lil Wayne: Open Letter [cached]

Searching: Future Featuring Travis Scott: First Off

	Future: First Off (feat. Travis Scott) [cached]

Searching: Juice WRLD: Fast

	Juice WRLD: Fast [cached]

Searching: Chris Stapleton: Millionaire

	Chris Stapleton: Millionaire [cached]

Searching: Kelsea Ballerini: Miss Me More

	Kelsea Ballerini: Miss Me More [cached]

Searching: Miley Cyrus: Slide Away

	Miley Cyrus: Slide Away [cached]

Searching: DaBaby: OFF THE RIP

	DaBaby: OFF THE RIP [cached]

Searching: Dustin Lynch: Ridin' Roads

	Dustin Lynch: Ridin’ Roads [cached]

Searching: YoungBoy Never Broke Again: Red Eye

	YoungBoy Never Broke Again: Red Eye [cached]

Searching: Juice WRLD: I Want It

	Juice WRLD: I Want It [cached]

Searching: Taylor Swift: Mad Woman

	Taylor Swift: mad woman [cached]

Searching: Polo G: Epidemic

	Polo G: Epidemic [cached]

Searching: Ariana Grande: Shut Up

	Ariana Grande: shut up [cached]

Searching: King Von: Took Her To The O

	King Von: Took Her To The O [cached]

Searching: The Beach Boys: Little Saint Nick

	The Beach Boys: Little Saint Nick - 1991 Remix
