Found 242/256 = 95%
14 not found: 
Brenda Lee: Alone With You
Frankie Laine: You Wanted Someone To Play With (I Wanted Someone To Love)
Bert Sommer: We're All Playing In The Same Band
Wayne Newton: Can't You Hear The Song?
Billy Preston: You're So Unique
The O'Jays: Sunshine Part II
Michel Polnareff: If You Only Believe (Jesus For Tonite)
Paul Anka: I've Been Waiting For You All Of My Life
Lanier & Co.: After I Cry Tonight
Bronski Beat: Small Town Boy
Frankie Goes To Hollywood: Welcome To The Pleasure Dome
Thirty Eight Special: Somebody Like You
Jeffrey Osborne: She's On The Left
Wild Orchid: Talk To Me
--------- log -----------
Searching: Dean Martin: Return To Me

	Dean Martin: Return To Me (Ritorna-Me) - 1997 Remaster [cached]

Searching: Enoch Light & The Light Brigade: I Want To Be Happy Cha Cha

	Enoch Light: I Want To Be Happy Cha Cha [cached]

Searching: James Brown And The Famous Flames: Try Me

	James Brown: Try Me [cached]

Searching: Eddy Arnold: Tennessee Stud

	Eddy Arnold: Tennessee Stud - Remastered [cached]

Searching: Dion & The Belmonts: Every Little Thing I Do

	Dion & The Belmonts: Every Little Thing I Do [cached]

Searching: Gene & Eunice: Poco-Loco

	Gene & Eunice: Poco-Loco [cached]

Searching: Clyde McPhatter: Let's Try Again

	Clyde McPhatter: Let's Try Again [cached]

Searching: Santo & Johnny: Caravan

	Santo & Johnny: Caravan - Remastered [cached]

Searching: Johnny And The Hurricanes: Down Yonder

	Johnny & The Hurricanes: Down Yonder [cached]

Searching: Dorsey Burnette: Hey Little One

	Dorsey Burnette: Hey Little One [cached]

Searching: Jon Thomas and Orchestra: Heartbreak (It's Hurtin' Me)

	Jon Thomas: Heartbreak (It's Hurtin' Me) [cached]

Searching: Shirley & Lee: Let The Good Times Roll

	Shirley & Lee: Let The Good Times Roll [cached]

Searching: Little Willie John: Walk Slow

	Little Willie John: Walk Slow [cached]

Searching: The Pentagons: To Be Loved (Forever)

	The Pentagons: To Be Loved (Forever) [cached]

Searching: Bert Kaempfert And His Orchestra: Now And Forever

	Bert Kaempfert: Now And Forever [cached]

Searching: Tommy Hunt: Human

	Tommy Hunt: Human [cached]

Searching: Roger Williams: Maria

	Roger Williams: Maria [cached]

Searching: James Brown And The Famous Flames: Lost Someone

	James Brown & The Famous Flames: Lost Someone [cached]

Searching: The Marketts: Balboa Blue

	The Marketts: Balboa Blue [cached]

Searching: Lawrence Welk And His Orchestra: Baby Elephant Walk

	Lawrence Welk and His Orchestra: Baby Elephant Walk [cached]

Searching: The Rivingtons: Papa-Oom-Mow-Mow

	The Rivingtons: Papa-Oom-Mow-Mow [cached]

Searching: Bo Diddley: You Can't Judge A Book By The Cover

	Bo Diddley: You Can't Judge A Book By It's Cover [cached]

Searching: The Everly Brothers: Don't Ask Me To Be Friends

	The Everly Brothers: Don't Ask Me to Be Friends - 2003 Remaster [cached]

Searching: Rick Nelson: That's All

	Ricky Nelson: That's All She Wrote [cached]

Searching: Little Eva: Old Smokey Locomotion

	Little Eva: Old Smokey Locomotion [cached]

Searching: Dion: Come Go With Me

	Dion: Come Go With Me [cached]

Searching: Al Casey: Surfin' Hootenanny

	Al Casey: Surfin' Hootenanny [cached]

Searching: Freddie Scott: I Got A Woman

	Freddie Scott: I Got a Woman [cached]

Searching: Rufus Thomas: Can Your Monkey Do The Dog

	Rufus Thomas: Can Your Monkey Do The Dog [cached]

Searching: The Beatles: You Can't Do That

	The Beatles: You Can't Do That - Remastered 2009 [cached]

Searching: Sugar Pie DeSanto: Slip-In Mules (No High Heel Sneakers)

	Sugar Pie DeSanto: Slip-In Mules [cached]

Searching: Skeeter Davis: Gonna Get Along Without You Now

	Skeeter Davis: Gonna Get Along Without You Now [cached]

Searching: Brenda Lee: Alone With You

	 NOT FOUND

Searching: The Rolling Stones: Not Fade Away

	The Rolling Stones: Not Fade Away - Mono Version [cached]

Searching: The Marvelettes: You're My Remedy

	The Marvelettes: You're My Remedy - Single Version / Stereo [cached]

Searching: Ruby And The Romantics: When You're Young And In Love

	Ruby And The Romantics: When You're Young And In Love [cached]

Searching: The Honeycombs: I Can't Stop

	The Honeycombs: I Can't Stop [cached]

Searching: Connie Francis: For Mama (La Mamma)

	Connie Francis: For Mama (La Mama) [cached]

Searching: The O'Jays: Lipstick Traces (On A Cigarette)

	The O'Jays: Lipstick Traces (On A Cigarette) [cached]

Searching: Gerry And The Pacemakers: You'll Never Walk Alone

	Gerry & The Pacemakers: You'll Never Walk Alone - Mono; 2002 Remaster [cached]

Searching: The Impressions: Meeting Over Yonder

	The Impressions: Meeting Over Yonder [cached]

Searching: Freddie And The Dreamers: A Little You

	Freddie Jackson: Have Yourself a Merry Little Christmas (Interlude) [cached]

Searching: Hedgehoppers Anonymous: It's Good News Week

	Hedgehoppers Anonymous: It's Good News Week - Remastered [cached]

Searching: Edwin Starr: Stop Her On Sight (S.O.S.)

	Edwin Starr: Stop Her On The Sight (S.O.S.) [cached]

Searching: The Drifters: Memories Are Made Of This

	The Drifters: Memories Are Made of This [cached]

Searching: The Marvelettes: You're The One

	The Marvelettes: The One Who Really Loves You [cached]

Searching: The Vogues: Please Mr. Sun

	The Vogues: Please Mr. Sun [cached]

Searching: The Dave Clark Five: Nineteen Days

	The Dave Clark Five: Nineteen Days - 2019 - Remaster [cached]

Searching: The Intruders: Together

	The Intruders: Together [cached]

Searching: Frankie Laine: You Wanted Someone To Play With (I Wanted Someone To Love)
=========> Frankie Laine: You Wanted Someone To Play With

	 NOT FOUND

Searching: The Lovin' Spoonful: Money

	The Lovin' Spoonful: Money - 2003 Remaster [cached]

Searching: Tommy James And The Shondells: Get Out Now

	Tommy James & The Shondells: Get Out Now [cached]

Searching: Sam & Dave: You Don't Know What You Mean To Me

	Sam & Dave: You Don't Know What You Mean to Me [cached]

Searching: The Turtles: The Story Of Rock And Roll

	The Turtles: The Story Of Rock And Roll [cached]

Searching: The Rolling Stones: Street Fighting Man

	The Rolling Stones: Street Fighting Man - 50th Anniversary Edition [cached]

Searching: Bill Medley: Peace Brother Peace

	Bill Medley: Peace Brother Peace [cached]

Searching: Autry Inman: Ballad Of Two Brothers

	Autry Inman: Ballad of Two Brothers [cached]

Searching: Bobby Taylor & The Vancouvers: Malinda

	Bobby Taylor & The Vancouvers: Malinda [cached]

Searching: Tom Jones: A Minute Of Your Time

	Tom Jones: A Minute Of Your Time [cached]

Searching: Otis Redding: A Lover's Question

	Otis Redding: A Lover's Question [cached]

Searching: The Brooklyn Bridge Featuring Johnny Maestro: Welcome Me Love

	Brooklyn Bridge: Welcome Me Love [cached]

Searching: Johnnie Taylor: I Could Never Be President

	Johnnie Taylor: I Could Never Be President [cached]

Searching: Grand Funk Railroad: Time Machine

	Grand Funk Railroad: Time Machine [cached]

Searching: Rick Nelson: Easy To Be Free

	Ricky Nelson: Easy To Be Free [cached]

Searching: Eddie Holman: Don't Stop Now/Since I Don't Have You

	Eddie Holman: Don't Stop Now [cached]

Searching: The Boys In The Band: (How Bout A Little Hand For) The Boys In The Band

	New Kids On The Block: Boys In The Band (Boy Band Anthem) [cached]

Searching: B.B. King: Hummingbird

	B.B. King: Hummingbird [cached]

Searching: Bert Sommer: We're All Playing In The Same Band
=========> Bert Sommer: We re All Playing In Same Band

	 NOT FOUND

Searching: The Three Degrees: I Do Take You

	The Three Degrees: I Do Take You [cached]

Searching: Emerson, Lake & Palmer: Lucky Man

	Emerson, Lake & Palmer: Lucky Man - 2012 Remastered Version [cached]

Searching: Isaac Hayes: Let's Stay Together

	Isaac Hayes: Let's Stay Together [cached]

Searching: Jerry Wallace: To Get To You

	Jerry Wallace: To Get To You [cached]

Searching: Candi Staton: In The Ghetto

	Candi Staton: In the Ghetto [cached]

Searching: Jackson Browne: Rock Me On The Water

	Jackson Browne: Rock Me on the Water [cached]

Searching: Wayne Newton: Can't You Hear The Song?
=========> Wayne Newton: Can t You Hear Song

	 NOT FOUND

Searching: Eric Clapton: Let It Rain

	Eric Clapton: Let It Rain [cached]

Searching: Cymande: The Message

	Cymande: The Message [cached]

Searching: Faces: Cindy Incidentally

	Faces: Cindy Incidentally [cached]

Searching: Albert Hammond: The Free Electric Band

	Albert Hammond: The Free Electric Band [cached]

Searching: Shirley Bassey: Never, Never, Never (Grande, Grande, Grande)

	Shirley Bassey: Never, Never, Never (Grande, Grande, Grande) [cached]

Searching: Smokey Robinson: Sweet Harmony

	Smokey Robinson: Sweet Harmony [cached]

Searching: Sutherland Brothers And Quiver: (I Don't Want To Love You But) You Got Me Anyway

	Sutherland Brothers & Quiver: You Got Me Anyway (Live) [cached]

Searching: Alice Cooper: Teenage Lament '74

	Alice Cooper: Teenage Lament '74 [cached]

Searching: Billy Preston: You're So Unique
=========> Billy Preston: You re So Unique

	 NOT FOUND

Searching: Brownsville Station: I'm The Leader Of The Gang

	Brownsville Station: I'm the Leader of the Gang [cached]

Searching: Johnny Bristol: You And I

	Johnny Bristol: You And I [cached]

Searching: The O'Jays: Sunshine Part II
=========> O Jays: Sunshine Part II

	 NOT FOUND

Searching: Carl Douglas: Dance The Kung Fu

	Carl Douglas: Dance the Kung Fu [cached]

Searching: Ecstasy, Passion & Pain: One Beautiful Day

	Ecstasy, Passion & Pain: One Beautiful Day [cached]

Searching: Labelle: What Can I Do For You?

	LaBelle: What Can I Do For You? [cached]

Searching: Rufus Featuring Chaka Khan: Please Pardon Me (You Remind Me Of A Friend)

	Rufus: Please Pardon Me (You Remind Me Of A Friend) [cached]

Searching: Syl Johnson: Take Me To The River

	Syl Johnson: Take Me to the River [cached]

Searching: Al Green: Oh Me, Oh My (Dreams In My Arms)

	Al Green: Oh Me Oh My (Dreams in My Arms) [cached]

Searching: Purple Reign: This Old Man

	Purple Reign: This Old Man [cached]

Searching: Penny Mclean: Lady Bump

	Penny McLean: Lady Bump [cached]

Searching: Michel Polnareff: If You Only Believe (Jesus For Tonite)
=========> Michel Polnareff: If You Only Believe

	 NOT FOUND

Searching: Shirley & Squirrely: Hey Shirley (This Is Squirrely)

	Shirley Ye: hey boy [cached]

Searching: Love Unlimited Orchestra: My Sweet Summer Suite

	Love Unlimited Orchestra: My Sweet Summer Suite [cached]

Searching: Dickie Goodman: Kong

	Dickie Goodman: Kong - ipod edit [cached]

Searching: Undisputed Truth: You + Me = Love/Let's Go Down To The Disco

	The Undisputed Truth: You + Me = Love (12" Single Version) [cached]

Searching: The Kinks: Sleepwalker

	The Kinks: Sleepwalker [cached]

Searching: LeBlanc & Carr: Something About You

	LeBlanc And Carr: Something About You - 2013 Japan Remaster [cached]

Searching: The Doobie Brothers: Little Darling (i Need You)

	The Doobie Brothers: Little Darling (I Need You) [cached]

Searching: KC And The Sunshine Band: Wrap Your Arms Around Me

	KC & The Sunshine Band: Wrap Your Arms Around Me [cached]

Searching: Firefall: So Long

	Firefall: So Long [cached]

Searching: Cooper Brothers: The Dream Never Dies

	The Cooper Brothers: The Dream Never Dies [cached]

Searching: Gino Soccio: Dancer

	Gino Soccio: Dancer [cached]

Searching: Toto: Georgy Porgy

	TOTO: Georgy Porgy [cached]

Searching: Carly Simon: Vengeance

	Carly Simon: Vengeance [cached]

Searching: Teddy Pendergrass: Turn Off The Lights

	Teddy Pendergrass: Turn off the Lights [cached]

Searching: Frank Mills: Peter Piper

	Frank Mills: The Peter Piper Theme [cached]

Searching: Red Rider: White Hot

	Red Rider: White Hot [cached]

Searching: Poco: Under The Gun

	Poco: Under The Gun [cached]

Searching: Peter Gabriel: Games Without Frontiers

	Peter Gabriel: Games Without Frontiers [cached]

Searching: Cheap Trick: Stop This Game

	Cheap Trick: Stop This Game [cached]

Searching: Earth, Wind & Fire: You

	Earth, Wind & Fire: Got to Get You Into My Life [cached]

Searching: Paul Anka: I've Been Waiting For You All Of My Life
=========> Paul Anka: I ve Been Waiting For You All Of My Life

	 NOT FOUND

Searching: Steve Winwood: Arc Of A Diver

	Steve Winwood: Arc Of A Diver [cached]

Searching: Barbra Streisand: Promises

	Barbra Streisand: Promises [cached]

Searching: Jefferson Starship: Stranger

	Jefferson Starship: Stranger [cached]

Searching: Greg Lake: Let Me Love You Once

	Greg Lake: Let Me Love You Once [cached]

Searching: Bob Seger & The Silver Bullet Band: Feel Like A Number

	Bob Seger: Feel Like A Number [cached]

Searching: Player: If Looks Could Kill

	Player: If Looks Could Kill [cached]

Searching: Afrika Bambaataa & The Soul Sonic Force: Planet Rock

	Afrika Bambaataa: Planet Rock - Recorded Dio in Digital Vocal Mix [cached]

Searching: Lanier & Co.: After I Cry Tonight
=========> Lanier: After I Cry Tonight

	 NOT FOUND

Searching: Don Henley: I Can't Stand Still

	Don Henley: I Can't Stand Still [cached]

Searching: Smokey Robinson & Barbara Mitchell: Blame It On Love

	Smokey Robinson: Blame It On Love [cached]

Searching: Styx: High Time

	Styx: High Time [cached]

Searching: The Animals: The Night

	The Animals: The Night [cached]

Searching: The Pointer Sisters: I Need You

	The Pointer Sisters: I Need You [cached]

Searching: Jeffrey Osborne: We're Going All The Way

	Jeffrey Osborne: We're Going All The Way [cached]

Searching: Dan Fogelberg: Believe In Me

	Dan Fogelberg: Believe In Me [cached]

Searching: Yarbrough & Peoples: Don't Waste Your Time

	Yarbrough & Peoples: Don't Waste Your Time [cached]

Searching: Bon Jovi: She Don't Know Me

	Bon Jovi: She Don't Know Me [cached]

Searching: Maria Vidal: Body Rock

	Maria Vidal: Body Rock [cached]

Searching: Roger Hodgson: Had A Dream (Sleeping With The Enemy)

	Roger Hodgson: Had A Dream (Sleeping With The Enemy) [cached]

Searching: George Benson: 20/20

	George Benson: Turn Your Love Around - 2015 GH Version [cached]

Searching: The Temptations: Treat Her Like A Lady

	The Temptations: Treat Her Like A Lady - Single Version [cached]

Searching: Bronski Beat: Small Town Boy

	 NOT FOUND

Searching: Frankie Goes To Hollywood: Welcome To The Pleasure Dome
=========> Frankie Goes To Hollywood: Welcome To Pleasure Dome

	 NOT FOUND

Searching: Jeff Beck & Rod Stewart: People Get Ready

	Jeff Beck: People Get Ready [cached]

Searching: Cheech & Chong: Born In East L.A.

	Cheech & Chong: Born in East La (Jfl 2010) [cached]

Searching: Roger Daltrey: After The Fire

	Roger Daltrey: After The Fire [cached]

Searching: Thirty Eight Special: Somebody Like You

	 NOT FOUND

Searching: Stacy Lattisaw: Nail It To The Wall

	Stacy Lattisaw: Nail It To The Wall [cached]

Searching: Beastie Boys: Brass Monkey

	Beastie Boys: Brass Monkey [cached]

Searching: The Breakfast Club: Kiss And Tell

	Breakfast Club: Kiss And Tell [cached]

Searching: Laura Branigan: Shattered Glass

	Laura Branigan: Shattered Glass [cached]

Searching: Donna Summer: Dinner With Gershwin

	Donna Summer: Dinner with Gershwin [cached]

Searching: Whitesnake: Give Me All Your Love

	Whitesnake: Give Me All Your Love - 2017 Remaster [cached]

Searching: Bananarama: Love In The First Degree

	Bananarama: Love in the First Degree [cached]

Searching: Jeffrey Osborne: She's On The Left
=========> Jeffrey Osborne: She s On Left

	 NOT FOUND

Searching: SaFire: Boy, I've Been Told

	Safire: Boy I've Been Told [cached]

Searching: Tracy Chapman: Baby Can I Hold You

	Tracy Chapman: Baby Can I Hold You [cached]

Searching: Tommy Conwell And The Young Rumblers: If We Never Meet Again

	Tommy Conwell: If We Never Meet Again - Single Version [cached]

Searching: Edie Brickell & New Bohemians: Circle

	Edie Brickell & New Bohemians: Circle [cached]

Searching: John Mellencamp: Jackie Brown

	John Mellencamp: Jackie Brown [cached]

Searching: Leila K With Rob 'N' Raz: Got To Get

	Leila K: Got to Get - Nordik Beats Version [cached]

Searching: Gloria Estefan: Oye Mi Canto (Hear My Voice)

	Gloria Estefan: Oye Mi Canto - Single Version [cached]

Searching: Don Henley: How Bad Do You Want It?

	Don Henley: How Bad Do You Want It? [cached]

Searching: LL Cool J: The Boomin' System

	LL Cool J: The Boomin' System [cached]

Searching: Don Henley: New York Minute

	Don Henley: New York Minute [cached]

Searching: Tony Toni Tone: Whatever You Want

	Tony! Toni! Toné!: Whatever You Want [cached]

Searching: Tracie Spencer: Love Me

	Tracie Spencer: Love Me [cached]

Searching: Rod Stewart: Your Song

	Rod Stewart: Have Yourself A Merry Little Christmas [cached]

Searching: The Black Crowes: Remedy

	The Black Crowes: Remedy [cached]

Searching: A.L.T. And The Lost Civilization: Tequila

	Cali Y El Dandee: Tequila Sunrise [cached]

Searching: Gloria Estefan: I See Your Smile

	Gloria Estefan: I See Your Smile [cached]

Searching: II D Extreme: Cry No More

	II D'Extreme: Cry No More [cached]

Searching: John Mellencamp: Human Wheels

	John Mellencamp: Human Wheels [cached]

Searching: Keith Sweat: How Do You Like It?

	Keith Sweat: Interlude (How Do You like It?) [cached]

Searching: Aerosmith: Blind Man

	Aerosmith: Blind Man [cached]

Searching: P.M. Dawn: Downtown Venus

	P.M. Dawn: Downtown Venus [cached]

Searching: Genius/GZA: Liquid Swords

	Heza Genius: The HZA (The Liquid Swordsman) [cached]

Searching: Tyler Collins: Never Alone (Eeyore's Lullaby)

	Tyler Collins: Never Alone (Eeyore's Lullaby) [cached]

Searching: Deborah Cox: Where Do We Go From Here

	Deborah Cox: Where Do We Go from Here [cached]

Searching: Better Than Ezra: Desperately Wanting

	Better Than Ezra: Desperately Wanting [cached]

Searching: Wild Orchid: Talk To Me

	 NOT FOUND

Searching: Blessid Union Of Souls: Light In Your Eyes

	Blessid Union Of Souls: Light In Your Eyes [cached]

Searching: La Bouche: You Won't Forget Me

	La Bouche: You Won't Forget Me [cached]

Searching: Color Me Badd: Remember When

	Color Me Badd: Remember When [cached]

Searching: Ginuwine: None Of Ur Friends Business

	Ginuwine: None Of Ur Friends Business [cached]

Searching: Coldplay: Yellow

	Coldplay: Yellow [cached]

Searching: matchbox twenty: Mad Season

	Matchbox Twenty: Mad Season [cached]

Searching: Tyrese: I Like Them Girls

	Tyrese: I Like Them Girls [cached]

Searching: Brooks & Dunn: My Heart Is Lost To You

	Brooks & Dunn: My Heart Is Lost To You [cached]

Searching: Christina Aguilera Featuring Redman: Dirrty

	Christina Aguilera: Dirrty (feat. Redman) [cached]

Searching: Phil Vassar: American Child

	Phil Vassar: American Child [cached]

Searching: David Banner Featuring Lil' Flip: Like A Pimp

	David Banner: Like A Pimp [cached]

Searching: Linkin Park: Faint

	Linkin Park: Faint [cached]

Searching: Good Charlotte: Girls And Boys

	Good Charlotte: Girls & Boys [cached]

Searching: Joe: More & More

	Tony Joe White: Ten More Miles to Louisiana [cached]

Searching: Nickelback: Feelin' Way Too Damn Good

	Nickelback: Feelin' Way Too Damn Good [cached]

Searching: Kenny Chesney: Anything But Mine

	Kenny Chesney: Anything But Mine [cached]

Searching: Paul McCartney With U2: Sgt. Pepper's Lonely Hearts Club Band

	Paul McCartney: Sgt. Pepper's Lonely Hearts Club Band/Helter Skelter - Recorded At Abbey Road Studios, London [cached]

Searching: Tony Yayo Featuring 50 Cent: So Seductive

	Tony Yayo: So Seductive [cached]

Searching: P.O.D.: Goodbye For Now

	P.O.D.: Goodbye for Now [cached]

Searching: Kenny Chesney: Living In Fast Forward

	Kenny Chesney: Living in Fast Forward [cached]

Searching: Rob Thomas: Ever The Same

	Rob Thomas: Ever the Same [cached]

Searching: Taking Back Sunday: MakeDamnSure

	Taking Back Sunday: MakeDamnSure [cached]

Searching: Missy Elliott: We Run This

	Missy Elliott: We Run This - without Manicure Interlude [cached]

Searching: Monica Featuring Dem Franchize Boyz: Everytime Tha Beat Drop

	Monica: Everytime Tha Beat Drop (feat. Dem Franchize Boyz) [cached]

Searching: Dierks Bentley: Every Mile A Memory

	Dierks Bentley: Every Mile A Memory [cached]

Searching: Keith Urban: I Told You So

	Keith Urban: I Told You So [cached]

Searching: Toby Keith: Love Me If You Can

	Toby Keith: Love Me If You Can [cached]

Searching: Maroon 5: Won't Go Home Without You

	Maroon 5: Won't Go Home Without You [cached]

Searching: Soulja Boy Tell'em Featuring Arab: YAHHH!

	Soulja Boy: Yahhh! [cached]

Searching: Phil Vassar: Love Is A Beautiful Thing

	Phil Vassar: Love Is a Beautiful Thing [cached]

Searching: Keith Anderson: I Still Miss You

	Keith Anderson: I Still Miss You [cached]

Searching: Jason Mraz & Colbie Caillat: Lucky

	Jason Mraz: Lucky [cached]

Searching: Young Money Featuring Gucci Mane: Steady Mobbin'

	Young Money: Steady Mobbin [cached]

Searching: Chris Young: The Man I Want To Be

	Chris Young: The Man I Want to Be [cached]

Searching: Colbie Caillat: I Never Told You

	Colbie Caillat: I Never Told You [cached]

Searching: Rascal Flatts: Why Wait

	Rascal Flatts: Why Wait [cached]

Searching: Glee Cast: Happy Days Are Here Again / Get Happy

	Glee Cast: Happy Days Are Here Again / Get Happy (Glee Cast Version) [cached]

Searching: Brad Paisley: Anything Like Me

	Brad Paisley: Anything Like Me [cached]

Searching: Bow Wow Featuring Lil Wayne: Sweat

	Bow Wow: Sweat [cached]

Searching: T-Pain Featuring Lil Wayne: Bang Bang Pow Pow

	T-Pain: Bang Bang Pow Pow (feat. Lil' Wayne) [cached]

Searching: Nicki Minaj Featuring 2 Chainz: Beez In The Trap

	Nicki Minaj: Beez In The Trap [cached]

Searching: Zac Brown Band: Goodbye In Her Eyes

	Zac Brown Band: Goodbye in Her Eyes [cached]

Searching: August Alsina Featuring Trinidad James: I Luv This Sh*t

	August Alsina: I Luv This Shit [cached]

Searching: John Mayer Featuring Katy Perry: Who You Love

	John Mayer: Who You Love (feat. Katy Perry) [cached]

Searching: Ty Dolla $ign Featuring Wiz Khalifa & DJ Mustard: Or Nah

	Ty Dolla $ign: Or Nah (feat. The Weeknd, Wiz Khalifa & DJ Mustard) - Remix [cached]

Searching: Chris Young: Who I Am With You

	Chris Young: Who I Am With You [cached]

Searching: Taylor Swift: Welcome To New York

	Taylor Swift: Welcome To New York [cached]

Searching: Brett Eldredge: Lose My Mind

	Brett Eldredge: Lose My Mind [cached]

Searching: Rudimental Featuring Ed Sheeran: Lay It All On Me

	Rudimental: Lay It All on Me (feat. Ed Sheeran) [cached]

Searching: Fall Out Boy: Irresistible

	Fall Out Boy: Irresistible [cached]

Searching: Dan + Shay: From The Ground Up

	Dan + Shay: From the Ground Up [cached]

Searching: The Weeknd: True Colors

	The Weeknd: True Colors [cached]

Searching: Carrie Underwood: Dirty Laundry

	Carrie Underwood: Dirty Laundry [cached]

Searching: Future Featuring The Weeknd: Comin Out Strong

	Future: Comin Out Strong (feat. The Weeknd) [cached]

Searching: Drake Featuring Giggs: KMT

	Drake: KMT [cached]

Searching: Tee Grizzley: First Day Out

	Tee Grizzley: First Day Out [cached]

Searching: Maluma: Felices Los 4

	Maluma: Felices los 4 [cached]

Searching: Migos Featuring 21 Savage: BBO (Bad Bitches Only)

	Migos: BBO (Bad Bitches Only) [cached]

Searching: Macklemore Featuring Kesha: Good Old Days

	Macklemore: Good Old Days (feat. Kesha) [cached]

Searching: Carrie Underwood: Cry Pretty

	Carrie Underwood: Cry Pretty [cached]

Searching: Travis Scott: Astrothunder

	Travis Scott: ASTROTHUNDER [cached]

Searching: Dylan Scott: Hooked

	Dylan Scott: Hooked [cached]

Searching: Old Dominion: Hotel Key

	Old Dominion: Hotel Key [cached]

Searching: Quavo Featuring Drake: Flip The Switch

	Quavo: FLIP THE SWITCH (feat. Drake) [cached]

Searching: Shawn Mendes X Zedd: Lost In Japan

	Shawn Mendes: Lost In Japan [cached]

Searching: NF: Lie

	NF: Lie [cached]

Searching: XXXTENTACION: Guardian Angel

	XXXTENTACION: Guardian angel [cached]

Searching: Ariana Grande: Make Up

	Ariana Grande: make up [cached]

Searching: 5 Seconds Of Summer: Easier

	5 Seconds of Summer: Easier [cached]

Searching: YK Osiris: Worth It

	YK Osiris: Worth It [cached]

Searching: Chris Janson: Good Vibes

	Chris Janson: Good Vibes [cached]

Searching: JACKBOYS & Sheck Wes: GANG GANG

	JACKBOYS: GANG GANG [cached]

Searching: Mac Miller: Circles

	Mac Miller: Circles [cached]

Searching: Migos, Young Thug & Travis Scott: g n f (Give No Fxk)

	Migos: Give No Fxk [cached]

Searching: Lil Baby & 42 Dugg: Grace

	Lil Baby: Grace (feat. 42 Dugg) [cached]

Searching: Bryson Tiller Featuring Drake: Outta Time

	Bryson Tiller: Outta Time (feat. Drake) [cached]

Searching: Matt Stell: Everywhere But On

	Matt Stell: Everywhere But On [cached]

Searching: Dan + Shay: Take Me Home For Christmas

	Dan + Shay: Take Me Home For Christmas [cached]
