Found 224/245 = 91%
21 not found: 
Pat Boone: Good Rockin' Tonight
Patti Page: The Boys' Night Out
Nat King Cole: My True Carrie, Love
Bobby Bland: Ain't Doing Too Bad (Part 1)
Pat Boone: Wish You Were Here, Buddy
Al Kent: You've Got To Pay The Price
Paul Kelly: Stealing In The Name Of The Lord
Seatrain: 13 Questions
Clean Living: In Heaven There Is No Beer
Stealers Wheel: Everyone's Agreed That Everything Will Turn Out Fine
Captain & Tennille: Por Amor Viviremos
Wildfire: Here Comes Summer
Kate Taylor: It's In His Kiss (The Shoop Shoop Song)
Ray Stevens: I Need Your Help Barry Manilow
Saint Tropez: One More Minute
The Doolittle Band: Who Were You Thinkin' Of
Jennifer Holliday: I Am Love
Willie Max Featuring Raphael Saadiq: Can't Get Enough
DMX Featuring Sisqo: What You Want
KCamp Featuring 2 Chainz: Cut Her Off
Lin-Manuel Miranda & Ben Platt: Found / Tonight
--------- log -----------
Searching: The Everly Brothers: All I Have To Do Is Dream

	The Everly Brothers: All I Have to Do Is Dream [cached]

Searching: Pat Boone: Good Rockin' Tonight
=========> Pat Boone: Good Rockin  Tonight

	 NOT FOUND

Searching: Clyde McPhatter: Lovey Dovey

	Clyde McPhatter: Lovey Dovey [cached]

Searching: The Strangers: The Caterpillar Crawl

	The Strangers: The Caterpillar Crawl [cached]

Searching: Chet Atkins: Boo Boo Stick Beat

	Chet Atkins: Boo Boo Stick Beat [cached]

Searching: Santo & Johnny: Twistin' Bells

	Santo & Johnny: Twistin' Bells [cached]

Searching: The Miracles: Ain't It, Baby

	The Miracles: Ain't It Baby [cached]

Searching: Kay Starr: Foolin' Around

	Kay Starr: Foolin' Around [cached]

Searching: The Roommates: Glory Of Love

	The Roommates: Glory Of Love [cached]

Searching: Hank Ballard And The Midnighters: Nothing But Good

	Hank Ballard & The Midnighters: Nothing but Good [cached]

Searching: James Brown And The Famous Flames: Baby, You're Right

	James Brown & The Famous Flames: Baby You're Right [cached]

Searching: The Rays: Magic Moon (Clair De Lune)

	The Rays: Magic Moon (Clair De Lune) [cached]

Searching: Patti Page: The Boys' Night Out
=========> Patti Page: Boys  Night Out

	 NOT FOUND

Searching: Gene Chandler: You Threw A Lucky Punch

	Gene Chandler: You Threw a Lucky Punch [cached]

Searching: The Beach Boys: Ten Little Indians

	The Beach Boys: Ten Little Indians - Mono/Remastered 2001 [cached]

Searching: The Marvelettes: Strange I Know

	The Marvelettes: Strange I Know - Stereo Version [cached]

Searching: Floyd Cramer: Java

	Floyd Cramer: Java [cached]

Searching: Rick Nelson: I Got A Woman

	Ricky Nelson: I Got A Woman [cached]

Searching: The Righteous Brothers: Little Latin Lupe Lu

	The Righteous Brothers: Little Latin Lupe Lu [cached]

Searching: Kirby St. Romain: Summer's Comin'

	Kirby St. Romain: Summer's Comin' [cached]

Searching: Wilson Pickett: It's Too Late

	Wilson Pickett: It's Too Late [cached]

Searching: The Surfaris: Point Panic

	The Surfaris: Point Panic [cached]

Searching: Solomon Burke: You're Good For Me

	Solomon Burke: You're Good for Me [cached]

Searching: The Girlfriends: My One And Only, Jimmy Boy

	The Girlfriends: My One and Only Jimmy Boy [cached]

Searching: Gene Pitney: That Girl Belongs To Yesterday

	Gene Pitney: That Girl Belongs To Yesterday [cached]

Searching: Nat King Cole: My True Carrie, Love
=========> Nat King Cole: My True Carrie  Love

	 NOT FOUND

Searching: Lou Johnson: (There's) Always Something There To Remind Me

	Lou Johnson: There's Always Something There to Remind Me [cached]

Searching: Rufus Thomas: Jump Back

	Rufus Thomas: Jump Back [cached]

Searching: Bobby Bland: Ain't Doing Too Bad (Part 1)
=========> Bobby Bland: Ain t Doing Too Bad

	 NOT FOUND

Searching: The Chiffons: Nobody Knows What's Goin' On (In My Mind But Me)

	The Chiffons: Nobody Knows What's Going On (In My Mind But Me) [cached]

Searching: Sonny & Cher: Have I Stayed Too Long

	Sonny & Cher: Have I Stayed Too Long - LP / Single Version [cached]

Searching: The Bachelors: Can I Trust You?

	The Bachelors: Can I Trust You [cached]

Searching: Mel Carter: You You You

	Mel Carter: You You You [cached]

Searching: The Cryan' Shames: Sugar And Spice

	The Cryan Shames: Sugar and Spice [cached]

Searching: Alvin Cash & The Registers: The Philly Freeze

	Alvin Cash: The Philly Freeze [cached]

Searching: The Five Stairsteps: World Of Fantasy

	The Five Stairsteps: World Of Fantasy - Buddha Remastered 2001 [cached]

Searching: Andy Williams: In The Arms Of Love

	Andy Williams: In The Arms of Love [cached]

Searching: Ramsey Lewis: Up Tight

	Ramsey Lewis: Up Tight [cached]

Searching: Pat Boone: Wish You Were Here, Buddy
=========> Pat Boone: Wish You Were Here  Buddy

	 NOT FOUND

Searching: Dionne Warwick: Another Night

	Dionne Warwick: Another Night [cached]

Searching: Nancy Sinatra with Lee Hazlewood: Summer Wine

	Nancy Sinatra: Summer Wine [cached]

Searching: Tom Jones: Funny Familiar Forgotten Feelings

	Tom Jones: Funny Familiar Forgotten Feelings [cached]

Searching: Solomon Burke: Take Me (Just As I Am)

	Solomon Burke: Take Me Just as I Am [cached]

Searching: Al Kent: You've Got To Pay The Price
=========> Al Kent: You ve Got To Pay Price

	 NOT FOUND

Searching: Ramsey Lewis: Soul Man

	Ramsey Lewis: Soul Man [cached]

Searching: Dusty Springfield: What's It Gonna Be

	Dusty Springfield: What's It Gonna Be [cached]

Searching: Joe Simon: No Sad Songs

	Joe Simon: No Sad Songs [cached]

Searching: Jackie Wilson & Count Basie: For Your Precious Love

	Jackie Wilson: For Your Precious Love [cached]

Searching: Johnny Rivers: Look To Your Soul

	Johnny Rivers: Look To Your Soul - Remastered [cached]

Searching: Robert John: If You Don't Want My Love

	Robert John: If You Don't Want My Love [cached]

Searching: Four Tops: Yesterday's Dreams

	Four Tops: Yesterday's Dreams [cached]

Searching: Andy Kim: Rainbow Ride

	Andy Kim: Rainbow Ride [cached]

Searching: The Grass Roots: Lovin' Things

	The Grass Roots: Lovin' Things [cached]

Searching: Peaches & Herb: When He Touches Me (Nothing Else Matters)

	Peaches & Herb: When She Touches Me (Nothing Else Matters) [cached]

Searching: Thee Prophets: Playgirl

	Thee Prophets: Playgirl [cached]

Searching: Carla Thomas: I Like What You're Doing (To Me)

	Carla Thomas: I Like What You're Doing (To Me) [cached]

Searching: Dennis Yost And The Classics IV: Change Of Heart

	Dennis Yost: Change Of Heart [cached]

Searching: Gloria Taylor: You Got To Pay The Price

	Gloria Taylor: You've Gotta Pay the Price [cached]

Searching: Marvin Gaye & Tammi Terrell: What You Gave Me

	Marvin Gaye: What You Gave Me [cached]

Searching: Paul Kelly: Stealing In The Name Of The Lord
=========> Paul Kelly: Stealing In Name Of Lord

	 NOT FOUND

Searching: Tommy Roe: We Can Make Music

	Tommy Roe: We Can Make Music [cached]

Searching: Quicksilver Messenger Service: Fresh Air

	Quicksilver Messenger Service: Fresh Air - Remastered [cached]

Searching: Jake Holmes: So Close

	Jake Holmes: So Close [cached]

Searching: Free: Stealer

	Free: The Stealer [cached]

Searching: The Main Ingredient: I'm So Proud

	The Main Ingredient: I'm So Proud [cached]

Searching: Seatrain: 13 Questions

	 NOT FOUND

Searching: Chee-Chee & Peppy: I Know I'm In Love

	Chee Chee: I Know I'm In Love [cached]

Searching: The Isley Brothers: Spill The Wine

	The Isley Brothers: Spill the Wine [cached]

Searching: Joan Baez: Let It Be

	Joan Baez: Let It Be [cached]

Searching: Smokey Robinson & The Miracles: Satisfaction

	Smokey Robinson & The Miracles: Satisfaction [cached]

Searching: The Nite-Liters: Afro-Strut

	The Nite-Liters: Afro Strut - Remastered 2002 [cached]

Searching: Alice Cooper: Be My Lover

	Alice Cooper: Be My Lover [cached]

Searching: Clean Living: In Heaven There Is No Beer

	 NOT FOUND

Searching: Hurricane Smith: Who Was It?

	Hurricane Smith: Who Was It? [cached]

Searching: Stealers Wheel: Everyone's Agreed That Everything Will Turn Out Fine
=========> Stealers Wheel: Everyone s Agreed That Everything Will Turn Out Fine

	 NOT FOUND

Searching: Dottie West: Country Sunshine

	Dottie West: Country Sunshine [cached]

Searching: Kris Kristofferson & Rita Coolidge: A Song I'd Like To Sing

	Kris Kristofferson: A Song I'd Like To Sing [cached]

Searching: Cozy Powell: Dance With The Devil

	Cozy Powell: Dance with the Devil [cached]

Searching: Graham Central Station: Can You Handle It?

	Graham Central Station: Can You Handle It? [cached]

Searching: The Steve Miller Band: Living In The U.s.a.

	Steve Miller Band: Living In The U.S.A. [cached]

Searching: Charlie Rich: My Elusive Dreams

	Charlie Rich: My Elusive Dreams [cached]

Searching: The Beach Boys: Sail On Sailor

	The Beach Boys: Sail On, Sailor - Remastered 2000 [cached]

Searching: Captain & Tennille: Por Amor Viviremos
=========> Captain: Por Amor Viviremos

	 NOT FOUND

Searching: James Taylor: Mexico

	James Taylor: Mexico - 2019 Remaster [cached]

Searching: Tony Orlando & Dawn: Skybird

	Tony Orlando & Dawn: Skybird [cached]

Searching: Jefferson Starship: Play On Love

	Jefferson Starship: Play on Love [cached]

Searching: Marmalade: Falling Apart At The Seams

	Marmalade: Falling Apart At the Seams [cached]

Searching: Gallagher And Lyle: I Wanna Stay With You

	Gallagher And Lyle: I Wanna Stay With You [cached]

Searching: The Rolling Stones: Hot Stuff/fool To Cry

	The Rolling Stones: Hot Stuff - Remastered 2009 [cached]

Searching: Crown Heights Affair: Foxy Lady

	Crown Heights Affair: Foxy Lady [cached]

Searching: David Ruffin: Everything's Coming Up Love

	David Ruffin: Everything's Coming Up Love - Single Version [cached]

Searching: The O'Jays: Message In Our Music

	The O'Jays: Message in Our Music [cached]

Searching: Natalie Cole: Mr. Melody

	Natalie Cole: Mr. Melody [cached]

Searching: The Beatles: Ob-la-di, Ob-la-da

	The Beatles: Ob-La-Di, Ob-La-Da - Remastered 2009 [cached]

Searching: Queen: Tie Your Mother Down

	Queen: Tie Your Mother Down - Remastered 2011 [cached]

Searching: Chicago: You Are On My Mind

	Chicago: You Are on My Mind [cached]

Searching: Wildfire: Here Comes Summer

	 NOT FOUND

Searching: Kate Taylor: It's In His Kiss (The Shoop Shoop Song)
=========> Kate Taylor: It s In His Kiss

	 NOT FOUND

Searching: Al Martino: The Next Hundred Years

	Al Martino: The Next Hundred Years [cached]

Searching: Boz Scaggs: Hollywood

	Boz Scaggs: Hollywood [cached]

Searching: Diana Ross: Your Love Is So Good For Me

	Diana Ross: Your Love Is So Good For Me [cached]

Searching: Leif Garrett: The Wanderer

	Leif Garrett: The Wanderer [cached]

Searching: Diana Ross: You Got It

	Diana Ross: You Got It [cached]

Searching: England Dan & John Ford Coley: You Can't Dance

	England Dan & John Ford Coley: You Can't Dance [cached]

Searching: The Spinners: If You Wanna Do A Dance

	The Spinners: If You Wanna Do a Dance (Single Version) [cached]

Searching: L.T.D.: Holding On (When Love Is Gone)

	Avril Lavigne: Keep Holding On [cached]

Searching: Ray Stevens: I Need Your Help Barry Manilow

	 NOT FOUND

Searching: Saint Tropez: One More Minute

	 NOT FOUND

Searching: Cher: Wasn't It Good

	Cher: Wasn't It Good [cached]

Searching: Mistress: Mistrusted Love

	Mistress: Mistrusted Love [cached]

Searching: George Burns: I Wish I Was Eighteen Again

	George Burns: I Wish I Was Eighteen Again [cached]

Searching: The Romantics: What I Like About You

	The Romantics: What I Like About You [cached]

Searching: Leon Haywood: Don't Push It Don't Force It

	Leon Haywood: Don't Push It Don't Force It [cached]

Searching: The Doolittle Band: Who Were You Thinkin' Of
=========> Doolittle Band: Who Were You Thinkin  Of

	 NOT FOUND

Searching: Squeeze: Tempted

	Squeeze: Tempted [cached]

Searching: Joey Scarbury: When She Dances

	Joey Scarbury: When She Dances [cached]

Searching: Sheila: Little Darlin'

	Sheila: Little Darlin' [cached]

Searching: Rod Stewart: How Long

	Rod Stewart: How Long - 2008 Remaster [cached]

Searching: Evelyn King: Betcha She Don't Love You

	Evelyn "Champagne" King: Betcha She Don't Love You [cached]

Searching: Sparks & Jane Wiedlin: Cool Places

	Sparks: Cool Places [cached]

Searching: Bee Gees: Someone Belonging To Someone

	Bee Gees: Someone Belonging To Someone [cached]

Searching: Jennifer Holliday: I Am Love

	 NOT FOUND

Searching: KISS: Heaven's On fire

	KISS: Heaven's On Fire [cached]

Searching: Shannon: Do You Wanna Get Away

	Shannon: Do You Wanna Get Away [cached]

Searching: Howard Jones: Like To Get To Know You Well

	Howard Jones: Like To Get To Know You Well [cached]

Searching: The Gregg Allman Band: I'm No Angel

	The Gregg Allman Band: I'm No Angel [cached]

Searching: Heart: I Want You So Bad

	Heart: I Want You So Bad [cached]

Searching: Elisa Fiorillo: Forgive Me For Dreaming

	Elisa Fiorillo: Forgive Me For Dreaming [cached]

Searching: Will To Power: Say It's Gonna Rain

	Will To Power: Say It's Gonna Rain [cached]

Searching: Boy Meets Girl: Bring Down The Moon

	Boy Meets Girl: Bring Down the Moon [cached]

Searching: Carly Simon: Let The River Run (Theme From "Working Girl")

	Carly Simon: Let the River Run [cached]

Searching: Christopher Williams: Talk To Myself

	Christopher Williams: Talk To Myself [cached]

Searching: Bonnie Raitt: Have A Heart

	Bonnie Raitt: Have A Heart [cached]

Searching: The Cover Girls: All That Glitters Isn't Gold

	The Cover Girls: All That Glitters Isn't Gold [cached]

Searching: Jane Child: Welcome To The Real World

	Jane Child: Welcome to the Real World [cached]

Searching: Danger Danger: Bang Bang

	Danger Danger: Bang Bang [cached]

Searching: George LaMond (Duet With Brenda K. Starr): No Matter What

	George Lamond: No Matter What [cached]

Searching: Sandee: Love Desire

	Sandee: Love Desire [cached]

Searching: The La's: There She Goes

	The La's: There She Goes [cached]

Searching: RTZ: Face The Music

	Rtz: Face the Music [cached]

Searching: DJ Quik: Tonite

	DJ Quik: Tonite [cached]

Searching: Lisette Melendez: A Day In My Life (Without You)

	Lisette Melendez: A Day In My Life [cached]

Searching: Boyz II Men: Please Don't Go

	Boyz II Men: Please Don't Go [cached]

Searching: Mitch Malloy: Anything At All

	Mitch Malloy: Anything At All [cached]

Searching: 2 Unlimited: Twilight Zone

	2 Unlimited: Twilight Zone [cached]

Searching: Marky Mark & The Funky Bunch: You Gotta Believe

	Marky Mark And The Funky Bunch: You Gotta Believe [cached]

Searching: Annie Lennox: Little Bird

	Annie Lennox: Little Bird [cached]

Searching: FRENTE!: Bizarre Love Triangle

	Frente!: Bizarre Love Triangle [cached]

Searching: Fugees: Nappy Heads

	Fugees: Nappy Heads - Remix [cached]

Searching: Brownstone: Grapevyne

	Brownstone: Grapevyne [cached]

Searching: The Bucketheads: The Bomb! (These Sounds Fall Into My Mind)

	The Bucketheads: The Bomb (These Sounds Fall Into My Mind) [cached]

Searching: Sophie B. Hawkins: Only Love (The Ballad Of Sleeping Beauty)

	Sophie B. Hawkins: Only Love (The Ballad of Sleeping Beauty) [cached]

Searching: R.E.M.: E-Bow The Letter

	R.E.M.: E-Bow The Letter [cached]

Searching: Jocelyn Enriquez: Do You Miss Me

	Jocelyn Enriquez: Do You Miss Me [cached]

Searching: Donell Jones: Knocks Me Off My Feet

	Donell Jones: Knocks Me Off My Feet [cached]

Searching: Smooth: Strawberries

	Smooth: Strawberries - Computer Love Remix [cached]

Searching: Tori Amos: Spark

	Tori Amos: Spark [cached]

Searching: Willie Max Featuring Raphael Saadiq: Can't Get Enough
=========> Willie Max: Can t Get Enough

	 NOT FOUND

Searching: Aaron Tippin: For You I Will

	Aaron Tippin: For You I Will [cached]

Searching: Ginuwine: What's So Different

	Ginuwine: What's So Different? [cached]

Searching: Sheryl Crow: Anything But Down

	Sheryl Crow: Anything But Down [cached]

Searching: Shania Twain: You've Got A Way

	Shania Twain: You've Got A Way [cached]

Searching: Lenny Kravitz: American Woman

	Lenny Kravitz: American Woman [cached]

Searching: 98 Degrees: This Gift

	98º: This Gift [cached]

Searching: Elton John: Someday Out Of The Blue

	Elton John: Someday Out Of The Blue (Theme From El Dorado) - From "The Road To El Dorado" Soundtrack [cached]

Searching: Pearl Jam: Nothing As It Seems

	Pearl Jam: Nothing As It Seems [cached]

Searching: Clay Davidson: Unconditional

	Clay Davidson: Unconditional [cached]

Searching: DMX Featuring Sisqo: What You Want
=========> DMX: What You Want

	 NOT FOUND

Searching: Samantha Mumba: Baby, Come Over (This Is Our Night)

	Samantha Mumba: Baby Come On Over [cached]

Searching: Reba: I'm A Survivor

	Reba McEntire: I'm A Survivor [cached]

Searching: Ruff Endz: Someone To Love You

	Ruff Endz: Someone To Love You [cached]

Searching: Red Hot Chili Peppers: The Zephyr Song

	Red Hot Chili Peppers: The Zephyr Song [cached]

Searching: The Isley Brothers Featuring Ronald Isley: What Would You Do?

	The Isley Brothers: What Would You Do? [cached]

Searching: Kimberley Locke: 8th World Wonder

	Kimberley Locke: 8th World Wonder [cached]

Searching: Dierks Bentley: How Am I Doin'

	Dierks Bentley: How Am I Doin' [cached]

Searching: Simple Plan: Untitled (How Can This Happen To Me?)

	Simple Plan: Untitled (How Could This Happen to Me?) [cached]

Searching: Pharrell Featuring Gwen Stefani: Can I Have It Like That

	Pharrell Williams: Can I Have It Like That [cached]

Searching: Gwen Stefani: Crash

	Gwen Stefani: Crash [cached]

Searching: Carrie Underwood: Don't Forget To Remember Me

	Carrie Underwood: Don't Forget to Remember Me [cached]

Searching: Lily Allen: Smile

	Lily Allen: Smile [cached]

Searching: Bobby Valentino Featuring Timbaland: Anonymous

	Bobby V.: Anonymous - Main [cached]

Searching: George Strait: How 'Bout Them Cowgirls

	George Strait: How 'Bout Them Cowgirls [cached]

Searching: Slim Featuring Yung Joc: So Fly

	Slim Beezy: So Fly [cached]

Searching: Jamie Foxx Featuring T.I.: Just Like Me

	Jamie Foxx: Just Like Me (feat. T.I.) [cached]

Searching: Jonas Brothers: Lovebug

	Jonas Brothers: Lovebug [cached]

Searching: Alan Jackson: Country Boy

	Alan Jackson: Country Boy [cached]

Searching: GS Boyz: Stanky Legg

	GS Boyz: Stanky Legg - Main Edit [cached]

Searching: Tim McGraw: Southern Voice

	Tim McGraw: Southern Voice [cached]

Searching: Glee Cast: Hello Goodbye

	Glee Cast: Hello, Goodbye (Glee Cast Version) [cached]

Searching: Lloyd Banks Featuring Juelz Santana: Beamer, Benz, Or Bentley

	Lloyd Banks: Beamer, Benz, Or Bentley [cached]

Searching: 3OH!3: Touchin On My

	3OH!3: Touchin on My [cached]

Searching: Drake Featuring Nicki Minaj: Up All Night

	Drake: Up All Night [cached]

Searching: Glee Cast: Sing

	Glee Cast: Singing In The Rain / Umbrella (Glee Cast Version) (feat. Gwyneth Paltrow) [cached]

Searching: Glee Cast: Don't You Want Me

	Glee Cast: Don't You Want Me (Glee Cast Version) (feat. Darren Criss) [cached]

Searching: Nicki Minaj: Did It On'em

	Nicki Minaj: Did It On’em [cached]

Searching: Glee Cast: Jar Of Hearts

	Glee Cast: Jar Of Hearts (Glee Cast Version) [cached]

Searching: Justin Moore: If Heaven Wasn't So Far Away

	Justin Moore: If Heaven Wasn't So Far Away [cached]

Searching: Wale Featuring Jeremih & Rick Ross: That Way

	Wale: That Way (feat. Jeremih & Rick Ross) [cached]

Searching: LMFAO: Sorry For Party Rocking

	LMFAO: Sorry For Party Rocking [cached]

Searching: Brantley Gilbert: You Don't Know Her Like I Do

	Brantley Gilbert: You Don't Know Her Like I Do [cached]

Searching: Bridgit Mendler: Ready Or Not

	Bridgit Mendler: Ready or Not [cached]

Searching: Thompson Square: If I Didn't Have You

	Thompson Square: If I Didn't Have You [cached]

Searching: Kristen Bell & Santino Fontana: Love Is An Open Door

	Kristen Bell: Love Is an Open Door - From "Frozen"/Soundtrack Version [cached]

Searching: Austin Mahone Featuring Pitbull: Mmm Yeah

	Austin Mahone: Mmm Yeah (feat. Pitbull) [cached]

Searching: Justin Moore: Lettin' The Night Roll

	Justin Moore: Lettin' The Night Roll [cached]

Searching: KCamp Featuring 2 Chainz: Cut Her Off
=========> KCamp: Cut Her Off

	 NOT FOUND

Searching: Tiesto Featuring Matthew Koma: Wasted

	Tiësto: Wasted [cached]

Searching: Ariana Grande Featuring Big Sean: Best Mistake

	Ariana Grande: Best Mistake [cached]

Searching: Keith Urban: Somewhere In My Car

	Keith Urban: Somewhere In My Car [cached]

Searching: Common & John Legend: Glory

	Common: Glory (From the Motion Picture Selma) [cached]

Searching: Rae Sremmurd: This Could Be Us

	Rae Sremmurd: This Could Be Us [cached]

Searching: Justin Bieber Featuring Big Sean: No Pressure

	Justin Bieber: No Pressure [cached]

Searching: Granger Smith: Backroad Song

	Granger Smith: Backroad Song [cached]

Searching: Drake: Childs Play

	Drake: Childs Play [cached]

Searching: Meek Mill Featuring Tory Lanez: Litty

	Meek Mill: Litty (feat. Tory Lanez) [cached]

Searching: Lil Yachty: 1 Night

	Lil Yachty: One Night [cached]

Searching: Ed Sheeran: Dive

	Ed Sheeran: Dive [cached]

Searching: Drake: Jorja Interlude

	Drake: Jorja Interlude [cached]

Searching: Lil Uzi Vert: Sauce It Up

	Lil Uzi Vert: Sauce It Up [cached]

Searching: Macklemore Featuring Skylar Grey: Glorious

	Macklemore: Glorious (feat. Skylar Grey) [cached]

Searching: Russell Dickerson: Yours

	Russell Dickerson: Yours [cached]

Searching: Ozuna & Romeo Santos: El Farsante

	Ozuna: El Farsante - Remix [cached]

Searching: ScHoolboy Q, 2 Chainz & Saudi: X

	ScHoolboy Q: X (with 2 Chainz & Saudi) [cached]

Searching: Lin-Manuel Miranda & Ben Platt: Found / Tonight
=========> Lin Manuel Miranda: Found

	 NOT FOUND

Searching: Dua Lipa: IDGAF

	Dua Lipa: IDGAF [cached]

Searching: Morgan Wallen Featuring Florida Georgia Line: Up Down

	Morgan Wallen: Up Down (feat. Florida Georgia Line) [cached]

Searching: Cole Swindell: Break Up In The End

	Cole Swindell: Break Up in the End [cached]

Searching: Offset: Red Room

	Offset: Red Room [cached]

Searching: Offset Featuring Travis Scott & 21 Savage: Legacy

	Offset: Legacy (feat. Travis Scott & 21 Savage) [cached]

Searching: P!nk: Walk Me Home

	P!nk: Walk Me Home [cached]

Searching: YG, Tyga & Jon Z: Go Loko

	YG: Go Loko (feat. Tyga, Jon Z) [cached]

Searching: Sarah Jeffery: Queen Of Mean

	Sarah Jeffery: Queen of Mean [cached]

Searching: Taylor Swift: Miss Americana & The Heartbreak Prince

	Taylor Swift: Miss Americana & The Heartbreak Prince [cached]

Searching: DaBaby Featuring Kevin Gates: POP STAR

	DaBaby: POP STAR (feat. Kevin Gates) [cached]

Searching: Cole Swindell: Love You Too Late

	Cole Swindell: Love You Too Late [cached]

Searching: A Boogie Wit da Hoodie Featuring Lil Uzi Vert: Reply

	A Boogie Wit da Hoodie: Reply (feat. Lil Uzi Vert) [cached]

Searching: Thurl Ravenscroft: You're A Mean One, Mr. Grinch

	Thurl Ravenscroft: You're A Mean One, Mr. Grinch - From Dr. Seuss' 'How The Grinch Stole Christmas' [cached]

Searching: Ed Sheeran Featuring Camila Cabello & Cardi B: South Of The Border

	Ed Sheeran: South of the Border (feat. Camila Cabello & Cardi B) [cached]

Searching: Jimmie Allen: Make Me Want To

	Jimmie Allen: Make Me Want To [cached]

Searching: Bad Bunny & Sech: Ignorantes

	Bad Bunny: Ignorantes [cached]

Searching: Kanye West Featuring Travis Scott: Wash Us In The Blood

	Kanye West: Wash Us In The Blood [cached]

Searching: Pop Smoke Featuring Rowdy Rebel: Make It Rain

	Pop Smoke: Make It Rain [cached]

Searching: Money Man Featuring Lil Baby: 24

	Money Man: 24 [cached]

Searching: Ariana Grande: Nasty

	Ariana Grande: nasty [cached]

Searching: Kid Cudi: She Knows This

	Kid Cudi: She Knows This [cached]
