Found 418/424 = 99%
6 not found: 
Rick Nelson: Teen Age Idol
Dave Loggins: Please Come To Boston
Olivia Newton-John: Make A Move On Me
The KLF: 3 A.M. Eternal
Garth Brooks as Chris Gaines: Lost In You
Missy "Misdemeanor" Elliott Featuring NAS, EVE & Q-Tip: Hot Boyz
--------- log -----------
Searching: Kalin Twins: When

	Kalin Twins: When [cached]

Searching: Robin Luke: Susie Darlin'

	Robin Luke: Susie Darlin' [cached]

Searching: Chris Barber's Jazz Band: Petite Fleur (Little Flower)

	Chris Barber's Jazz Band: Petite Fleur [cached]

Searching: Thomas Wayne With the Delons: Tragedy

	Thomas Wayne: Tragedy [cached]

Searching: The Virtues: Guitar Boogie Shuffle

	Frank Virture and The Virtues: Guitar Boogie Shuffle [cached]

Searching: Dion & The Belmonts: A Teenager In Love

	Dion & The Belmonts: A Teenager In Love [cached]

Searching: Connie Francis: Lipstick On Your Collar

	Connie Francis: Lipstick On Your Collar [cached]

Searching: Johnny And The Hurricanes: Red River Rock

	Johnny & The Hurricanes: Red River Rock - Rock Version of 'Red River Valley' [cached]

Searching: Andy Williams: Lonely Street

	Andy Williams: Lonely Street [cached]

Searching: Jimmy Clanton: Go, Jimmy, Go

	Jimmy Clanton: Go, Jimmy, Go [cached]

Searching: Jack Scott: What In The World's Come Over You

	Jack Scott: What in the World's Come Over You - Remastered 1990 [cached]

Searching: Dinah Washington & Brook Benton: Baby (You've Got What It Takes)

	Dinah Washington: Baby (You've Got What It Takes) [cached]

Searching: The Browns Featuring Jim Edward Brown: The Old Lamplighter

	The Browns: The Old Lamplighter [cached]

Searching: Anita Bryant: Paper Roses

	Anita Bryant: Paper Roses - Remastered [cached]

Searching: Bobby Rydell: Swingin' School

	Bobby Rydell: Swingin' School [cached]

Searching: The Fendermen: Mule Skinner Blues

	The Fendermen: Mule Skinner Blues [cached]

Searching: Jimmy Charles and The Revelletts: A Million To One

	Jimmy Charles: A Million To One [cached]

Searching: Lolita: Sailor (Your Home Is The Sea)

	Lolita: Sailor (Your Home Is The Sea) [cached]

Searching: Rosie And The Originals: Angel Baby

	Rosie & The Originals: Angel Baby [cached]

Searching: Elvis Presley: I Feel So Bad

	Elvis Presley: I Feel so Bad [cached]

Searching: Adam Wade: The Writing On The Wall

	Adam Wade: The Writing On The Wall [cached]

Searching: Del Shannon: Hats Off To Larry

	Del Shannon: Hats off to Larry [cached]

Searching: Gary U.S. Bonds: School Is Out

	Gary U.S. Bonds: School Is Out [cached]

Searching: Lonnie Donegan And His Skiffle Group: Does Your Chewing Gum Lose It's Flavor (On The Bedpost Over Night)

	Lonnie Donegan: Does Your Chewing Gum Lose It's Flavor [cached]

Searching: Elvis Presley: Little Sister

	Elvis Presley: Little Sister [cached]

Searching: Bobby Darin: You Must Have Been A Beautiful Baby

	Bobby Darin: You Must Have Been a Beautiful Baby [cached]

Searching: Sue Thompson: Sad Movies (Make Me Cry)

	Sue Thompson: Sad Movies (Make Me Cry) [cached]

Searching: The Paris Sisters: I Love How You Love Me

	The Paris Sisters: I Love How You Love Me [cached]

Searching: Gene McDaniels: Tower Of Strength

	Gene McDaniels: Tower Of Strength [cached]

Searching: Leroy Van Dyke: Walk On By

	Leroy Van Dyke: Walk on by (Original Mix) [cached]

Searching: Ketty Lester: Love Letters

	Ketty Lester: Love Letters [cached]

Searching: Rick Nelson: Young World

	Ricky Nelson: Young World [cached]

Searching: Jay & The Americans: She Cried

	Jay & The Americans: She Cried [cached]

Searching: Walter Brennan: Old Rivers

	Walter Brennan: Old Rivers [cached]

Searching: Ray Stevens: Ahab, The Arab

	Ray Stevens: Ahab The Arab [cached]

Searching: Claudine Clark: Party Lights

	Claudine Clark: Party Lights [cached]

Searching: Elvis Presley With The Jordanaires: She's Not You

	Elvis Presley: She's Not You [cached]

Searching: Rick Nelson: Teen Age Idol

	 NOT FOUND

Searching: Frank Ifield: I Remember You

	Frank Ifield: I Remember You [cached]

Searching: Neil Sedaka: Next Door To An Angel

	Neil Sedaka: Next Door to an Angel [cached]

Searching: Dee Dee Sharp: Ride!

	Dee Dee Sharp: Ride! [cached]

Searching: Lou Monte: Pepino The Italian Mouse

	Lou Monte: Pepino, the Italian Mouse [cached]

Searching: The Drifters: Up On The Roof

	The Drifters: Up on the Roof [cached]

Searching: Jackie Wilson: Baby Workout

	Jackie Wilson: Baby Workout [cached]

Searching: The Chiffons: One Fine Day

	The Chiffons: One Fine Day [cached]

Searching: Lonnie Mack: Memphis

	Lonnie Mack: Memphis [cached]

Searching: Lesley Gore: Judy's Turn To Cry

	Lesley Gore: Judy's Turn To Cry [cached]

Searching: Roy Orbison: Mean Woman Blues

	Roy Orbison: Mean Woman Blues [cached]

Searching: Lesley Gore: She's A Fool

	Lesley Gore: She's A Fool [cached]

Searching: Major Lance: Um, Um, Um, Um, Um, Um

	Major Lance: Um, Um, Um, Um, Um, Um, Um [cached]

Searching: The Rivieras: California Sun

	The Rivieras: California Sun [cached]

Searching: The Beach Boys: Fun, Fun, Fun

	The Beach Boys: Fun, Fun, Fun (Mono) [cached]

Searching: Barbra Streisand: People

	Barbra Streisand: People (with Stevie Wonder) [cached]

Searching: Stan Getz/Astrud Gilberto: The Girl From Ipanema

	Stan Getz: The Girl From Ipanema [cached]

Searching: Bobby Freeman: C'mon And Swim

	Bobby Freeman: C'mon and Swim, Pt. 1 [cached]

Searching: The Shangri-Las: Remember (Walkin' in the Sand)

	The Shangri-Las: Remember (Walkin' In The Sand) [cached]

Searching: Betty Everett & Jerry Butler: Let It Be Me

	Betty Everett: Let It Be Me - Live in Pittsburg [cached]

Searching: The Honeycombs: Have I The Right?

	The Honeycombs: Have I the Right [cached]

Searching: Joe Tex: Hold What You've Got

	Joe Tex: Hold What You've Got [cached]

Searching: Herman's Hermits: Silhouettes

	Herman's Hermits: Silhouettes [cached]

Searching: Barbara Mason: Yes, I'm Ready

	Barbara Mason: Yes. I'm Ready [cached]

Searching: Four Tops: It's The Same Old Song

	Four Tops: It's The Same Old Song [cached]

Searching: Ramsey Lewis Trio: The "In" Crowd

	Ramsey Lewis Trio: The "In" Crowd - Live At The Bohemian Caverns, Washington, D.C., 1965 [cached]

Searching: The Righteous Brothers: Ebb Tide

	The Righteous Brothers: Ebb Tide [cached]

Searching: The Beatles: Day Tripper

	The Beatles: Day Tripper - Remastered 2015 [cached]

Searching: The Supremes: My World Is Empty Without You

	The Supremes: My World Is Empty Without You [cached]

Searching: Bob Lind: Elusive Butterfly

	Bob Lind: Elusive Butterfly [cached]

Searching: Simon & Garfunkel: Homeward Bound

	Simon & Garfunkel: Homeward Bound [cached]

Searching: The Outsiders: Time Won't Let Me

	The Outsiders: Time Won't Let Me [cached]

Searching: The Mamas & The Papas: I Saw Her Again

	The Mamas & The Papas: I Saw Her Again - Single Version [cached]

Searching: The Hollies: Bus Stop

	The Hollies: Bus Stop [cached]

Searching: Count Five: Psychotic Reaction

	Count Five: Psychotic Reaction [cached]

Searching: The Left Banke: Walk Away Renee

	The Left Banke: Walk Away Renee [cached]

Searching: Herman's Hermits: Dandy

	Herman's Hermits: Dandy [cached]

Searching: Nancy Sinatra: Sugar Town

	Nancy Sinatra: Sugar Town [cached]

Searching: The Mamas & The Papas: Words Of Love

	The Mamas & The Papas: Words Of Love - Single Version [cached]

Searching: Blues Magoos: (We Ain't Got) Nothin' Yet

	The Blues Magoos: (We Ain't Got) Nothin' Yet [cached]

Searching: The Five Americans: Western Union

	The Five Americans: Western Union (Rerecord) [cached]

Searching: The Mamas & The Papas: Creeque Alley

	The Mamas & The Papas: Creeque Alley - Single Version [cached]

Searching: Paul Revere & The Raiders: Him Or Me - What's It Gonna Be?

	Paul Revere & The Raiders: Him or Me - What's It Gonna Be? [cached]

Searching: Jefferson Airplane: Somebody To Love

	Jefferson Airplane: Somebody to Love [cached]

Searching: Petula Clark: Don't Sleep In The Subway

	Petula Clark: Don't Sleep in the Subway [cached]

Searching: Procol Harum: A Whiter Shade Of Pale

	Procol Harum: A Whiter Shade of Pale - Original Single Version [cached]

Searching: The Buckinghams: Mercy, Mercy, Mercy

	The Buckinghams: Mercy, Mercy, Mercy - Single Version [cached]

Searching: Marvin Gaye & Tammi Terrell: Your Precious Love

	Marvin Gaye: Your Precious Love [cached]

Searching: The American Breed: Bend Me, Shape Me

	The American Breed: Bend Me, Shape Me - Single Version [cached]

Searching: The First Edition: Just Dropped In (To See What Condition My Condition Was In)

	The First Edition: Just Dropped In (To See What Condition My Condition Was In) [cached]

Searching: Aretha Franklin: (Sweet Sweet Baby) Since You've Been Gone

	Aretha Franklin: (Sweet Sweet Baby) Since You've Been Gone [cached]

Searching: Donovan: Hurdy Gurdy Man

	Donovan: Hurdy Gurdy Man [cached]

Searching: Cream: Sunshine Of Your Love

	Cream: Sunshine Of Your Love [cached]

Searching: 1910 Fruitgum Co.: 1, 2, 3, Red Light

	1910 Fruitgum Company: 1,2,3 Red Light [cached]

Searching: The O'Kaysions: Girl Watcher

	The O'Kaysions: Girl Watcher [cached]

Searching: The Grass Roots: Midnight Confessions

	The Grass Roots: Midnight Confessions [cached]

Searching: Johnny Nash: Hold Me Tight

	Johnny Nash: Hold Me Tight [cached]

Searching: Johnnie Taylor: Who's Making Love

	Johnnie Taylor: Who's Making Love [cached]

Searching: Classics IV Featuring Dennis Yost: Stormy

	Classics IV: Stormy [cached]

Searching: B.J. Thomas: Hooked On A Feeling

	B.J. Thomas: Hooked on a Feeling - Rerecorded [cached]

Searching: Tyrone Davis: Can I Change My Mind

	Tyrone Davis: Can I Change My Mind [cached]

Searching: 1910 Fruitgum Co.: Indian Giver

	1910 Fruitgum Company: Indian Giver [cached]

Searching: Three Dog Night: One

	Three Dog Night: One [cached]

Searching: The Youngbloods: Get Together

	The Youngbloods: Get Together [cached]

Searching: Smith: Baby It's You

	Sam Smith: Baby, You Make Me Crazy [cached]

Searching: The Flying Machine: Smile A Little Smile For Me

	The Flying Machine: Smile a Little Smile for Me [cached]

Searching: Tom Jones: Without Love (There Is Nothing)

	Tom Jones: Without Love [cached]

Searching: The Guess Who: No Time

	The Guess Who: No Time [cached]

Searching: The Tee Set: Ma Belle Amie

	Tee-Set: Ma Belle Amie - US Version [cached]

Searching: Edison Lighthouse: Love Grows (Where My Rosemary Goes)

	Edison Lighthouse: Love Grows (Where My Rosemary Goes) [cached]

Searching: Vanity Fare: Hitchin' A Ride

	Vanity Fare: Hitchin' A Ride [cached]

Searching: Bobby Sherman: Julie, Do Ya Love Me

	Bobby Sherman: Julie, Do Ya Love Me [cached]

Searching: R. Dean Taylor: Indiana Wants Me

	R. Dean Taylor: Indiana Wants Me - Commercial Version [cached]

Searching: Gordon Lightfoot: If You Could Read My Mind

	Gordon Lightfoot: If You Could Read My Mind [cached]

Searching: Paul McCartney: Another Day/Oh Woman Oh Why

	Paul McCartney: Another Day - Remastered 2012 [cached]

Searching: Lobo: Me And You And A Dog Named Boo

	Lobo: Me and You and a Dog Named Boo [cached]

Searching: The Free Movement: I've Found Someone Of My Own

	The Free Movement: I’ve Found Someone of My Own [cached]

Searching: Three Dog Night: Never Been To Spain

	Three Dog Night: Never Been To Spain [cached]

Searching: Bread: Everything I Own

	Bread: Everything I Own [cached]

Searching: The Dramatics: In The Rain

	The Dramatics: In The Rain [cached]

Searching: Aretha Franklin: Day Dreaming

	Aretha Franklin: Day Dreaming [cached]

Searching: Dr. Hook And The Medicine Show: Sylvia's Mother

	Dr. Hook: Sylvia's Mother [cached]

Searching: Roberta Flack & Donny Hathaway: Where Is The Love

	Roberta Flack: Where Is the Love [cached]

Searching: Argent: Hold Your Head Up

	Argent: Hold Your Head Up [cached]

Searching: Raspberries: Go All The Way

	Raspberries: Go All The Way [cached]

Searching: Albert Hammond: It Never Rains In Southern California

	Albert Hammond: It Never Rains in Southern California [cached]

Searching: Donna Fargo: Funny Face

	Donna Fargo: Funny Face [cached]

Searching: The Stylistics: Break Up To Make Up

	The Stylistics: Break Up To Make Up [cached]

Searching: Dobie Gray: Drift Away

	Dobie Gray: Drift Away [cached]

Searching: Marie Osmond: Paper Roses

	Marie Osmond: Paper Roses [cached]

Searching: Todd Rundgren: Hello It's Me

	Todd Rundgren: Hello It's Me [cached]

Searching: David Essex: Rock On

	David Essex: Rock On [cached]

Searching: Carly Simon & James Taylor: Mockingbird

	Carly Simon: Mockingbird [cached]

Searching: Redbone: Come And Get Your Love

	Redbone: Come and Get Your Love - Single Version [cached]

Searching: Ringo Starr: Oh My My

	Ringo Starr: Oh My My [cached]

Searching: Olivia Newton-John: If You Love Me (let Me Know)

	Olivia Newton-John: If You Love Me (Let Me Know) [Live] [cached]

Searching: Gladys Knight And The Pips: On And On

	Gladys Knight & The Pips: For Once In My Life [cached]

Searching: Dave Loggins: Please Come To Boston

	 NOT FOUND

Searching: Bad Company: Can't Get Enough

	Bad Company: Can't Get Enough - 2015 Remaster [cached]

Searching: John Denver: Back Home Again

	John Denver: Back Home Again [cached]

Searching: Neil Diamond: Longfellow Serenade

	Neil Diamond: Longfellow Serenade [cached]

Searching: America: Lonely People

	America: Lonely People [cached]

Searching: Joe Cocker: You Are So Beautiful/It's A Sin When You Love Somebody

	Joe Cocker: You Are So Beautiful [cached]

Searching: Phoebe Snow: Poetry Man

	Phoebe Snow: Poetry Man [cached]

Searching: Ben E. King: Supernatural Thing - Part I

	Ben E. King: Supernatural Thing, Pt. 1 [cached]

Searching: Sammy Johns: Chevy Van

	Sammy Johns: Chevy Van [cached]

Searching: Chicago: Old Days

	Chicago: Old Days [cached]

Searching: Major Harris: Love Won't Let Me Wait

	Major Harris: Love Won't Let Me Wait [cached]

Searching: Pilot: Magic

	Pilot: Magic [cached]

Searching: James Taylor: How Sweet It Is (To Be Loved By You)

	James Taylor: How Sweet It Is (To Be Loved By You) [cached]

Searching: Sweet: Ballroom Blitz

	Sweet: The Ballroom Blitz [cached]

Searching: The Spinners: They Just Can't Stop It the (Games People Play)

	The Spinners: They Just Can't Stop It (Games People Play) [cached]

Searching: Linda Ronstadt: Heat Wave/love Is A Rose

	Linda Ronstadt: Heat Wave [cached]

Searching: Sweet: Fox On The Run

	Sweet: Fox on the Run - Single Version [cached]

Searching: The O'Jays: I Love Music (Part 1)

	The O'Jays: I Love Music [cached]

Searching: Earth, Wind & Fire: Sing A Song

	Earth, Wind & Fire: Sing a Song [cached]

Searching: Rufus Featuring Chaka Khan: Sweet Thing

	Rufus & Chaka Khan: Sweet Thing [cached]

Searching: Commodores: Sweet Love

	Commodores: Sweet Love [cached]

Searching: Pratt & McClain with Brother Love: Happy Days

	Pratt & McClain: Happy Days (Theme from ''Happy Days'') [cached]

Searching: The Beach Boys: Rock And Roll Music

	The Beach Boys: Rock And Roll Music - Remastered [cached]

Searching: Orleans: Still The One

	Orleans: Still the One [cached]

Searching: Boston: More Than A Feeling

	Boston: More Than a Feeling [cached]

Searching: The Sylvers: Hot Line

	The Sylvers: Hot Line - Single Version [cached]

Searching: 10cc: The Things We Do For Love

	10cc: The Things We Do For Love [cached]

Searching: Natalie Cole: I've Got Love On My Mind

	Natalie Cole: I've Got Love On My Mind [cached]

Searching: Kenny Rogers: Lucille

	Kenny Rogers: Lucille [cached]

Searching: Peter Mccann: Do You Wanna Make Love

	Peter McCann: Do You Wanna Make Love [cached]

Searching: The Brothers Johnson: Strawberry Letter 23

	The Brothers Johnson: Strawberry Letter 23 [cached]

Searching: Commodores: Brick House

	Commodores: Brick House [cached]

Searching: Linda Ronstadt: It's So Easy

	Linda Ronstadt: It's so Easy [cached]

Searching: Paul Simon: Slip Slidin' Away

	Paul Simon: Slip Slidin' Away [cached]

Searching: Andy Gibb: An Everlasting Love

	Andy Gibb: An Everlasting Love [cached]

Searching: John Travolta & Olivia Newton-John & Cast: Summer Nights

	John Travolta: Summer Nights - From “Grease” [cached]

Searching: Kenny Loggins: Whenever I Call You "Friend"

	Kenny Loggins: Whenever I Call You "Friend" (feat. Stevie Nicks) [cached]

Searching: Alicia Bridges: I Love The Nightlife (Disco 'round)

	Alicia Bridges: I Love The Nightlife [cached]

Searching: Toto: Hold The Line

	TOTO: Hold the Line [cached]

Searching: Peaches & Herb: Shake Your Groove Thing

	Peaches & Herb: Shake Your Groove Thing [cached]

Searching: Wings: Goodnight Tonight

	Wings: Goodnight Tonight [cached]

Searching: Kenny Rogers: She Believes In Me

	Kenny Rogers: She Believes In Me [cached]

Searching: David Naughton: Makin' It

	David Naughton: Makin' It - Rerecorded [cached]

Searching: John Stewart: Gold

	John Stewart: Gold [cached]

Searching: Maxine Nightingale: Lead Me On

	Maxine Nightingale: Lead Me On [cached]

Searching: Dionne Warwick: I'll Never Love This Way Again

	Dionne Warwick: I'll Never Love This Way Again [cached]

Searching: Donna Summer: On The Radio

	Donna Summer: On The Radio [cached]

Searching: Kool & The Gang: Too Hot

	Kool & The Gang: Too Hot [cached]

Searching: Ray, Goodman & Brown: Special Lady

	Ray, Goodman & Brown: Special Lady [cached]

Searching: Dr. Hook: Sexy Eyes

	Dr. Hook: Sexy Eyes [cached]

Searching: Bob Seger: Against The Wind

	Bob Seger: Against The Wind [cached]

Searching: The Manhattans: Shining Star

	The Manhattans: Shining Star [cached]

Searching: Johnny Lee: Lookin' For Love

	Johnny Lee: Lookin' for Love [cached]

Searching: Eddie Rabbitt: Drivin' My Life Away

	Eddie Rabbitt: Drivin' My Life Away [cached]

Searching: The Doobie Brothers: Real Love

	The Doobie Brothers: Real Love [cached]

Searching: Diana Ross: I'm Coming Out

	Diana Ross: I'm Coming Out [cached]

Searching: Stevie Wonder: Master Blaster (Jammin')

	Stevie Wonder: Master Blaster (Jammin') [cached]

Searching: Bruce Springsteen: Hungry Heart

	Bruce Springsteen: Hungry Heart [cached]

Searching: Air Supply: Every Woman In The World

	Air Supply: Every Woman in the World [cached]

Searching: Rod Stewart: Passion

	Rod Stewart: Passion [cached]

Searching: Don McLean: Crying

	Don McLean: Crying [cached]

Searching: REO Speedwagon: Take It On The Run

	REO Speedwagon: Take It On the Run [cached]

Searching: Daryl Hall John Oates: You Make My Dreams

	Daryl Hall & John Oates: You Make My Dreams (Come True) [cached]

Searching: The Oak Ridge Boys: Elvira

	The Oak Ridge Boys: Elvira [cached]

Searching: Ronnie Milsap: (There's) No Gettin' Over Me

	Ronnie Milsap: (There's) No Gettin' Over Me [cached]

Searching: Eddie Rabbitt: Step By Step

	Eddie Rabbitt: Step By Step [cached]

Searching: Bob Seger: Tryin' To Live My Life Without You

	Bob Seger: Tryin' To Live My Life Without You - Live/Remastered [cached]

Searching: Air Supply: Here I Am (Just When I Thought I Was Over You)

	Air Supply: Here I Am (Just When I Thought I Was Over You) [cached]

Searching: Rod Stewart: Young Turks

	Rod Stewart: Young Turks [cached]

Searching: George Benson: Turn Your Love Around

	George Benson: Turn Your Love Around [cached]

Searching: Air Supply: Sweet Dreams

	Air Supply: Sweet Dreams [cached]

Searching: Olivia Newton-John: Make A Move On Me
=========> Olivia Newton John: Make A Move On Me

	 NOT FOUND

Searching: Willie Nelson: Always On My Mind

	Willie Nelson: Always on My Mind [cached]

Searching: Dazz Band: Let It Whip

	Dazz Band: Let It Whip [cached]

Searching: Air Supply: Even The Nights Are Better

	Air Supply: Even the Nights Are Better [cached]

Searching: Melissa Manchester: You Should Hear How She Talks About You

	Melissa Manchester: You Should Hear How She Talks About You [cached]

Searching: Neil Diamond: Heartlight

	Neil Diamond: Heartlight - Classic Diamonds [cached]

Searching: Pretenders: Back On The Chain Gang

	Pretenders: Back On the Chain Gang [cached]

Searching: After The Fire: Der Kommissar

	After The Fire: Der Kommissar - 7" Version [cached]

Searching: Thomas Dolby: She Blinded Me With Science

	Thomas Dolby: She Blinded Me With Science - 2009 Remastered Version [cached]

Searching: Lionel Richie: My Love

	Lionel Richie: My Love [cached]

Searching: Kajagoogoo: Too Shy

	Kajagoogoo: Too Shy [cached]

Searching: Michael Jackson: Wanna Be Startin' Somethin'

	Michael Jackson: Wanna Be Startin' Somethin' [cached]

Searching: Stevie Nicks: Stand Back

	Stevie Nicks: Stand Back [cached]

Searching: Stray Cats: (she's) Sexy + 17

	Stray Cats: (She's) Sexy + 17 - Single Edit/24 Bit Remastered 99/Digital Remaster/1999 [cached]

Searching: Quiet Riot: Cum On Feel The Noize

	Quiet Riot: Cum on Feel the Noize [cached]

Searching: Pat Benatar: Love Is A Battlefield

	Pat Benatar: Love Is A Battlefield [cached]

Searching: Olivia Newton-John: Twist Of Fate

	Olivia Newton-John: Twist of Fate [cached]

Searching: Matthew Wilder: Break My Stride

	Matthew Wilder: Break My Stride [cached]

Searching: John Lennon: Nobody Told Me

	John Lennon: Nobody Told Me - Remastered 2010 [cached]

Searching: The Pointer Sisters: Automatic

	The Pointer Sisters: Automatic [cached]

Searching: Culture Club: Miss Me Blind

	Culture Club: Miss Me Blind - Remastered 2003 [cached]

Searching: Rick Springfield: Love Somebody

	Rick Springfield: Love Somebody [cached]

Searching: Julio Iglesias And Willie Nelson: To All The Girls I've Loved Before

	Julio Iglesias: To All the Girls I've Loved Before [cached]

Searching: Night Ranger: Sister Christian

	Night Ranger: Sister Christian [cached]

Searching: Elton John: Sad Songs (say So Much)

	Elton John: Sing Me No Sad Songs - Band Demo [cached]

Searching: Tina Turner: Better Be Good To Me

	Tina Turner: Better Be Good to Me [cached]

Searching: Cyndi Lauper: All Through The Night

	Cyndi Lauper: All Through the Night [cached]

Searching: Pat Benatar: We Belong

	Pat Benatar: We Belong [cached]

Searching: Don Henley: The Boys Of Summer

	Don Henley: The Boys Of Summer [cached]

Searching: Daryl Hall John Oates: Method Of Modern Love

	Daryl Hall & John Oates: Method of Modern Love [cached]

Searching: Julian Lennon: Too Late For Goodbyes

	Julian Lennon: Too Late For Goodbyes [cached]

Searching: Sade: Smooth Operator

	Sade: Smooth Operator - Single Version [cached]

Searching: Howard Jones: Things Can Only Get Better

	Howard Jones: Things Can Only Get Better [cached]

Searching: Madonna: Angel

	Madonna: Angel [cached]

Searching: Eurythmics: Would I Lie To You?

	Eurythmics: Would I Lie to You? - Remastered Version [cached]

Searching: Bruce Springsteen: Glory Days

	Bruce Springsteen: Glory Days [cached]

Searching: Bryan Adams: Summer Of '69

	Bryan Adams: Summer Of '69 [cached]

Searching: Madonna: Dress You Up

	Madonna: Dress You Up [cached]

Searching: Klymaxx: I Miss You

	Klymaxx: I Miss You (Re-Recorded / Remastered) [cached]

Searching: Sade: The Sweetest Taboo

	Sade: The Sweetest Taboo [cached]

Searching: INXS: What You Need

	INXS: What You Need [cached]

Searching: The Rolling Stones: Harlem Shuffle

	The Rolling Stones: Harlem Shuffle - Remastered 2009 [cached]

Searching: Mike + The Mechanics: All I Need Is A Miracle

	Mike & The Mechanics: All I Need Is A Miracle [cached]

Searching: Jermaine Stewart: We Don't Have To Take Our Clothes Off

	Jermaine Stewart: We Don't Have To Take Our Clothes Off [cached]

Searching: Miami Sound Machine: Words Get In The Way

	Miami Sound Machine: Words Get In the Way [cached]

Searching: Daryl Hall: Dreamtime

	Daryl Hall: Dreamtime [cached]

Searching: Don Johnson: Heartbeat

	Don Johnson: Heartbeat [cached]

Searching: Janet Jackson: Control

	Janet Jackson: Control [cached]

Searching: Bruce Willis: Respect Yourself

	Bruce Willis: Respect Yourself [cached]

Searching: Expose: Come Go With Me

	Exposé: Come Go with Me [cached]

Searching: Lou Gramm: Midnight Blue

	Lou Gramm: Midnight Blue [cached]

Searching: Fleetwood Mac: Big Love

	Fleetwood Mac: Big Love - 2017 Remaster [cached]

Searching: Herb Alpert: Diamonds

	Herb Alpert: Diamonds [cached]

Searching: Expose: Point Of No Return

	Exposé: Point of No Return - 7" Version [cached]

Searching: Gloria Estefan & Miami Sound Machine: Rhythm Is Gonna Get You

	Gloria Estefan: Rhythm Is Gonna Get You [cached]

Searching: ABC: When Smokey Sings

	ABC: When Smokey Sings [cached]

Searching: Levert: Casanova

	Levert: Casanova [cached]

Searching: Bruce Springsteen: Brilliant Disguise

	Bruce Springsteen: Brilliant Disguise [cached]

Searching: Keith Sweat: I Want Her

	Keith Sweat: I Want Her [cached]

Searching: Pebbles: Girlfriend

	Pebbles: Girlfriend - Single Version [cached]

Searching: Natalie Cole: Pink Cadillac

	Natalie Cole: Pink Cadillac [cached]

Searching: Foreigner: I Don't Want To Live Without You

	Foreigner: I Don't Want to Live Without You [cached]

Searching: Bruce Hornsby & The Range: The Valley Road

	Bruce Hornsby: The Valley Road [cached]

Searching: Van Halen: When It's Love

	Van Halen: When It's Love [cached]

Searching: Whitney Houston: One Moment In Time

	Whitney Houston: One Moment in Time - Remastered [cached]

Searching: George Michael: Kissing A Fool

	George Michael: Kissing a Fool [cached]

Searching: Boy Meets Girl: Waiting For A Star To Fall

	Boy Meets Girl: Waiting for a Star to Fall [cached]

Searching: The Bangles: In Your Room

	The Bangles: In Your Room [cached]

Searching: Guns N' Roses: Paradise City

	Guns N' Roses: Paradise City [cached]

Searching: Deon Estus With George Michael: Heaven Help Me

	Deon Estus: Heaven Help Me [cached]

Searching: Great White: Once Bitten Twice Shy

	Great White: Once Bitten Twice Shy [cached]

Searching: The Jeff Healey Band: Angel Eyes

	The Jeff Healey Band: Angel Eyes - Album Edit [cached]

Searching: Surface: Shower Me With Your Love

	Surface: Shower Me With Your Love [cached]

Searching: The Rolling Stones: Mixed Emotions

	The Rolling Stones: Mixed Emotions [cached]

Searching: Aerosmith: Love In An Elevator

	Aerosmith: Love In An Elevator - Single Version [cached]

Searching: Taylor Dayne: With Every Beat Of My Heart

	Taylor Dayne: With Every Beat of My Heart [cached]

Searching: Chicago: What Kind Of Man Would I Be?

	Chicago: What Kind of Man Would I Be? - 2003 Remaster [cached]

Searching: Bad English: Price Of Love

	Bad English: Price of Love [cached]

Searching: Linear: Sending All My Love

	Linear: Sending All My Love [cached]

Searching: DNA Featuring Suzanne Vega: Tom's Diner

	DNA: Tom's Diner - 7" Version [cached]

Searching: Sting: All This Time

	Sting: All This Time [cached]

Searching: Oleta Adams: Get Here

	Oleta Adams: Get Here [cached]

Searching: Enigma: Sadeness Part 1

	Enigma: Sadeness - Pt. 1 / Radio Edit [cached]

Searching: Rod Stewart: Rhythm Of My Heart

	Rod Stewart: Rhythm of My Heart [cached]

Searching: The KLF: 3 A.M. Eternal
=========> KLF: 3 A M  Eternal

	 NOT FOUND

Searching: Firehouse: Love Of A Lifetime

	Firehouse: Love of a Lifetime [cached]

Searching: Bonnie Raitt: Something To Talk About

	Bonnie Raitt: Something To Talk About [cached]

Searching: M.C. Hammer: 2 Legit 2 Quit

	MC Hammer: 2 Legit 2 Quit [cached]

Searching: CeCe Peniston: Finally

	CeCe Peniston: Finally [cached]

Searching: Mariah Carey: Make It Happen

	Mariah Carey: Make It Happen [cached]

Searching: Sophie B. Hawkins: Damn I Wish I Was Your Lover

	Sophie B. Hawkins: Damn I Wish I Was Your Lover [cached]

Searching: Jon Secada: Just Another Day

	Jon Secada: Just Another Day [cached]

Searching: Hi-Five: She's Playing Hard To Get

	Hi-Five: She's Playing Hard To Get [cached]

Searching: Snap!: Rhythm Is A Dancer

	SNAP!: Rhythm Is A Dancer - 7" Edit [cached]

Searching: Robin S.: Show Me Love

	Robin Schulz: Show Me Love [cached]

Searching: Rod Stewart: Have I Told You Lately

	Rod Stewart: Have I Told You Lately - 2008 Remaster [cached]

Searching: Soul Asylum: Runaway Train

	Soul Asylum: Runaway Train [cached]

Searching: All-4-One: So Much In Love

	All-4-One: So Much in Love [cached]

Searching: Aaliyah: Back & Forth

	Aaliyah: Back & Forth [cached]

Searching: Immature: Never Lie

	Immature: Never Lie - Radio Version [cached]

Searching: Des'ree: You Gotta Be

	Des'ree: You Gotta Be [cached]

Searching: Sheryl Crow: Strong Enough

	Sheryl Crow: Strong Enough [cached]

Searching: Michael Jackson & Janet Jackson: Scream/Childhood

	Michael Jackson: Scream [cached]

Searching: All-4-One: I Can Love You Like That

	All-4-One: I Can Love You Like That - R&B Mix [cached]

Searching: Groove Theory: Tell Me

	Groove Theory: Tell Me [cached]

Searching: TLC: Diggin' On You

	TLC: Diggin' On You [cached]

Searching: Deep Blue Something: Breakfast At Tiffany's

	Deep Blue Something: Breakfast At Tiffany's [cached]

Searching: Goo Goo Dolls: Name

	The Goo Goo Dolls: Name [cached]

Searching: Coolio: 1, 2, 3, 4 (Sumpin' New)

	Coolio: 1-2-3-4 (Sumpin' New) [cached]

Searching: SWV: You're The One

	SWV: You're the One [cached]

Searching: R. Kelly: I Can't Sleep Baby (If I)

	R. Kelly: I Can't Sleep Baby (If I) - Remix Radio Version [cached]

Searching: Eric Clapton: Change The World

	Eric Clapton: Change the World [cached]

Searching: No Mercy: Where Do You Go

	No Mercy: Where Do You Go [cached]

Searching: The Verve Pipe: The Freshmen

	The Verve Pipe: The Freshmen [cached]

Searching: Mase: Feel So Good

	Mase: Feel so Good [cached]

Searching: Public Announcement: Body Bumpin' Yippie-Yi-Yo

	Public Announcement: Body Bumpin' (Yippie-Yi-Yo) [cached]

Searching: Madonna: Ray Of Light

	Madonna: Ray of Light [cached]

Searching: Nicole Featuring Missy "Misdemeanor" Elliott & Mocha: Make It Hot

	Nicole: Make It Hot (feat. Missy Elliott & Mocha) [cached]

Searching: Edwin McCain: I'll Be

	Edwin McCain: I'll Be [cached]

Searching: Eagle-Eye Cherry: Save Tonight

	Eagle-Eye Cherry: Save Tonight [cached]

Searching: Third Eye Blind: Jumper

	Third Eye Blind: Jumper - 1998 Edit [cached]

Searching: Backstreet Boys: All I Have To Give

	Backstreet Boys: All I Have to Give [cached]

Searching: JT Money Featuring Sole: Who Dat

	JT Money: Who Dat [cached]

Searching: 98 Degrees: The Hardest Thing

	98º: The Hardest Thing [cached]

Searching: Garth Brooks as Chris Gaines: Lost In You

	 NOT FOUND

Searching: Missy "Misdemeanor" Elliott Featuring NAS, EVE & Q-Tip: Hot Boyz
=========> Missy  Misdemeanor  Elliott: Hot Boyz

	 NOT FOUND

Searching: Blaque: Bring It All To Me

	Blaque: Bring It All to Me (feat. *NSYNC) [cached]

Searching: Macy Gray: I Try

	Macy Gray: I Try [cached]

Searching: Ruff Endz: No More

	Ruff Endz: No More [cached]

Searching: 'N Sync: This I Promise You

	*NSYNC: This I Promise You [cached]

Searching: matchbox twenty: If You're Gone

	Matchbox Twenty: If You're Gone [cached]

Searching: Uncle Kracker: Follow Me

	Uncle Kracker: Follow Me [cached]

Searching: Train: Drops Of Jupiter (Tell Me)

	Train: Drops of Jupiter (Tell Me) [cached]

Searching: Staind: It's Been Awhile

	Staind: It's Been Awhile [cached]

Searching: Nelly Furtado: Turn Off The Light

	Nelly Furtado: Turn Off The Light [cached]

Searching: No Doubt Featuring Bounty Killer: Hey Baby

	No Doubt: Hey Baby [cached]

Searching: The Calling: Wherever You Will Go

	The Calling: Wherever You Will Go [cached]

Searching: 'N Sync Featuring Nelly: Girlfriend

	*NSYNC: Girlfriend [cached]

Searching: Puddle Of Mudd: Blurry

	Puddle Of Mudd: Blurry [cached]

Searching: Vanessa Carlton: A Thousand Miles

	Vanessa Carlton: A Thousand Miles [cached]

Searching: Jimmy Eat World: The Middle

	Jimmy Eat World: The Middle [cached]

Searching: Santana Featuring Michelle Branch: The Game Of Love

	Santana: The Game of Love (feat. Michelle Branch) - Main / Radio Mix [cached]

Searching: Justin Timberlake: Rock Your Body

	Justin Timberlake: Rock Your Body [cached]

Searching: Evanescence Featuring Paul McCoy: Bring Me To Life

	Evanescence: Bring Me To Life [cached]

Searching: matchbox twenty: Unwell

	Matchbox Twenty: Unwell - 2007 Remaster [cached]

Searching: Pharrell Featuring Jay-Z: Frontin'

	Pharrell Williams: Frontin' (feat. Jay-Z) - Club Mix [cached]

Searching: 3 Doors Down: Here Without You

	3 Doors Down: Here Without You [cached]

Searching: JAY-Z: Dirt Off Your Shoulder

	JAY-Z: Dirt Off Your Shoulder [cached]

Searching: Maroon 5: This Love

	Maroon 5: This Love [cached]

Searching: Christina Milian: Dip It Low

	Christina Milian: Dip It Low [cached]

Searching: Ashlee Simpson: Pieces Of Me

	Ashlee Simpson: Pieces Of Me [cached]

Searching: Maroon 5: She Will Be Loved

	Maroon 5: She Will Be Loved - Radio Mix [cached]

Searching: Ja Rule Featuring R. Kelly & Ashanti: Wonderful

	Ja Rule: Wonderful [cached]

Searching: Lifehouse: You And Me

	Lifehouse: You And Me [cached]

Searching: The Pussycat Dolls: Stickwitu

	The Pussycat Dolls: Stickwitu [cached]

Searching: T-Pain Featuring Mike Jones: I'm N Luv (Wit A Stripper)

	T-Pain: I'm N Luv (Wit a Stripper) (feat. Mike Jones) [cached]

Searching: Natasha Bedingfield: Unwritten

	Natasha Bedingfield: Unwritten [cached]

Searching: Snow Patrol: Chasing Cars

	Snow Patrol: Chasing Cars [cached]

Searching: Jim Jones: We Fly High

	Jim Jones: We Fly High [cached]

Searching: Daughtry: Home

	Daughtry: Home [cached]

Searching: T-Pain Featuring Akon: Bartender

	T-Pain: Bartender [cached]

Searching: 50 Cent Featuring Justin Timberlake & Timbaland: Ayo Technology

	50 Cent: Ayo Technology [cached]

Searching: J. Holiday: Bed

	J. Holiday: Bed [cached]

Searching: Colbie Caillat: Bubbly

	Colbie Caillat: Bubbly [cached]

Searching: Fergie: Clumsy

	Fergie: Clumsy [cached]

Searching: Natasha Bedingfield: Pocketful Of Sunshine

	Natasha Bedingfield: Pocketful of Sunshine [cached]

Searching: Jonas Brothers: Burnin' Up

	Jonas Brothers: Burnin' Up [cached]

Searching: Kardinal Offishall Featuring Akon: Dangerous

	Kardinal Offishall: Dangerous [cached]

Searching: Jay-Z & T.I. Featuring Kanye West & Lil Wayne: Swagga Like Us

	JAY-Z: Swagga Like Us [cached]

Searching: Kevin Rudolf Featuring Lil Wayne: Let It Rock

	Kevin Rudolf: Let It Rock [cached]

Searching: Flo Rida Featuring Wynter: Sugar

	Flo Rida: Sugar (feat. Wynter) [cached]

Searching: Beyonce: Halo

	Beyoncé: Halo [cached]

Searching: Lady Gaga: LoveGame

	Lady Gaga: LoveGame [cached]

Searching: Sean Kingston: Fire Burning

	Sean Kingston: Fire Burning [cached]

Searching: Justin Bieber Featuring Ludacris: Baby

	Justin Bieber: Baby [cached]

Searching: David Guetta Featuring Akon: Sexy Chick

	David Guetta: Sexy Chick (feat. Akon) [cached]

Searching: Jason Derulo: In My Head

	Jason Derulo: In My Head [cached]

Searching: Lady Gaga: Alejandro

	Lady Gaga: Alejandro [cached]

Searching: Drake: Find Your Love

	Drake: Find Your Love [cached]

Searching: Lil Wayne: How To Love

	Lil Wayne: How To Love [cached]

Searching: Jay Z Kanye West: Ni**as in Paris

	JAY-Z: Ni**as In Paris [cached]

Searching: Nicki Minaj: Starships

	Nicki Minaj: Starships [cached]

Searching: Flo Rida Featuring Sia: Wild Ones

	Flo Rida: Wild Ones (feat. Sia) [cached]

Searching: Rihanna: Where Have You Been

	Rihanna: Where Have You Been [cached]

Searching: P!nk: Blow Me (One Last Kiss)

	P!nk: Blow Me (One Last Kiss) [cached]

Searching: Justin Bieber Featuring Nicki Minaj: Beauty And A Beat

	Justin Bieber: Beauty And A Beat [cached]

Searching: PSY: Gentleman

	PSY: Gentleman [cached]

Searching: Bruno Mars: Treasure

	Bruno Mars: Treasure [cached]

Searching: Passenger: Let Her Go

	Passenger: Let Her Go [cached]

Searching: Bastille: Pompeii

	Bastille: Pompeii [cached]

Searching: Idina Menzel: Let It Go

	Idina Menzel: Let It Go - From "Frozen"/Soundtrack Version [cached]

Searching: Jason Derulo Featuring Snoop Dogg: Wiggle

	Jason Derulo: Wiggle (feat. Snoop Dogg) [cached]

Searching: Sam Smith: I'm Not The Only One

	Sam Smith: I'm Not The Only One [cached]

Searching: Jason Derulo: Want To Want Me

	Jason Derulo: Want to Want Me [cached]

Searching: Selena Gomez Featuring A$AP Rocky: Good For You

	Selena Gomez: Good For You [cached]

Searching: Taylor Swift: Wildest Dreams

	Taylor Swift: Wildest Dreams [cached]

Searching: Selena Gomez: Same Old Love

	Selena Gomez: Same Old Love [cached]

Searching: Alessia Cara: Here

	Alessia Cara: Here [cached]

Searching: twenty one pilots: Ride

	Twenty One Pilots: Ride [cached]

Searching: D.R.A.M. Featuring Lil Yachty: Broccoli

	Dee Mills Tha Milkman: Broccoli & Buscuits [cached]

Searching: Zay Hilfigerrr & Zayion McCall: Juju On That Beat (TZ Anthem)

	Zay Hilfigerrr: Juju on That Beat (TZ Anthem) [cached]

Searching: Rihanna: Love On The Brain

	Rihanna: Love On The Brain [cached]

Searching: Future: Mask Off

	Future: Mask Off [cached]

Searching: Charlie Puth: Attention

	Charlie Puth: Attention [cached]

Searching: Halsey: Bad At Love

	Halsey: Bad At Love [cached]

Searching: BlocBoy JB Featuring Drake: Look Alive

	BlocBoy JB: Look Alive (feat. Drake) [cached]

Searching: Zedd, Maren Morris & Grey: The Middle

	Zedd: The Middle [cached]

Searching: Ella Mai: Boo'd Up

	Ella Mai: Boo'd Up [cached]

Searching: DJ Khaled Featuring Justin Bieber, Chance The Rapper & Quavo: No Brainer

	DJ Khaled: No Brainer [cached]

Searching: Lil Wayne Featuring XXXTENTACION: Don't Cry

	Lil Wayne: Don't Cry (feat. XXXTENTACION) [cached]

Searching: Bad Bunny Featuring Drake: MIA

	Bad Bunny: MIA (feat. Drake) [cached]

Searching: Logic Featuring Eminem: Homicide

	Logic: Homicide (feat. Eminem) [cached]

Searching: Lil Nas X: Panini

	Lil Nas X: Panini [cached]

Searching: Chris Brown Featuring Drake: No Guidance

	Chris Brown: No Guidance (feat. Drake) [cached]

Searching: Lil Uzi Vert: Futsal Shuffle 2020

	Lil Uzi Vert: Futsal Shuffle 2020 [cached]

Searching: Lady Gaga: Stupid Love

	Lady Gaga: Stupid Love [cached]

Searching: Justin Bieber Featuring Quavo: Intentions

	Justin Bieber: Intentions [cached]

Searching: Juice WRLD: Wishing Well

	Juice WRLD: Wishing Well [cached]

Searching: Bad Bunny & Jhay Cortez: Dakiti

	Bad Bunny: Dakiti [cached]
