Found 240/264 = 91%
24 not found: 
The Morgan Brothers: Nola
E.C. Beatty: Ski King
Doris Day: Anyway The Wind Blows
Pat Boone: Spring Rain
Herb Lance & The Classics: Blue Moon
Jennell Hawkins: Moments
Ray Charles: A Tear Fell
The Gentrys: Spread It On Thick
The New Colony Six: I Could Never Lie To You
Free Movement: The Harder I Try (The Bluer I Get)
Billy Preston: Slaughter
Stories: Mammy Blue
Carl Graves: Baby, Hang Up The Phone
Jud Strunk: The Biggest Parakeets In Town
The Faragher Bros.: Stay The Night
Ian Lloyd: Slip Away
Marcy Levy & Robin Gibb: Help Me!
Klique: Stop Doggin' Me Around
Shanice Wilson: (Baby Tell Me) Can You Dance
C+C Music Factory Presents Zelma Davis: Just A Touch Of Love
Colourhaus: Innocent Child
Solo: Where Do U Want Me To Put It
7 Mile: Do Your Thing
Victorious Cast Featuring Victoria Justice: Freak The Freak Out
--------- log -----------
Searching: The Kirby Stone Four: Baubles, Bangles And Beads

	The Kirby Stone Four: Baubles, Bangles And Beads [cached]

Searching: Tommy Sands And The Raiders: Blue Ribbon Baby

	Tommy Sands: Blue Ribbon Baby [cached]

Searching: The Morgan Brothers: Nola
=========> Morgan Brothers: Nola

	 NOT FOUND

Searching: Fats Domino: Telling Lies

	Fats Domino: Telling Lies [cached]

Searching: Fats Domino: When The Saints Go Marching In

	Fats Domino: When The Saints Go Marching In [cached]

Searching: Billy Grammer: Bonaparte's Retreat

	Billy Grammer: Bonaparte's Retreat [cached]

Searching: Annette: Lonely Guitar

	Annette Funicello: Lonely Guitar [cached]

Searching: E.C. Beatty: Ski King
=========> E C  Beatty: Ski King

	 NOT FOUND

Searching: Doris Day: Anyway The Wind Blows
=========> Doris Day: Anyway Wind Blows

	 NOT FOUND

Searching: Sam Cooke: Teenage Sonata

	Sam Cooke: Teenage Sonata [cached]

Searching: Andy Williams: Wake Me When It's Over

	Andy Williams: Wake Me When It's Over [cached]

Searching: Pat Boone: Spring Rain

	 NOT FOUND

Searching: The Brothers Four: My Tani

	The Brothers Four: My Tani [cached]

Searching: The Olympics: Big Boy Pete

	The Olympics: Big Boy Pete [cached]

Searching: Jimmy Clanton: What Am I Gonna Do

	Jimmy Clanton: What Am I Gonna Do [cached]

Searching: Herb Lance & The Classics: Blue Moon
=========> Herb Lance: Blue Moon

	 NOT FOUND

Searching: Frank Sinatra: The Second Time Around

	Frank Sinatra: The Second Time Around [cached]

Searching: Russell Byrd: You'd Better Come Home

	Russell Byrd: You'd Better Come Home [cached]

Searching: Gogi Grant: The Wayward Wind

	Gogi Grant: The Wayward Wind [cached]

Searching: Etta James: Fool That I Am

	Etta James: Fool That I Am [cached]

Searching: Duane Eddy And The Rebels: My Blue Heaven

	Duane Eddy: My Blue Heaven [cached]

Searching: Joe Dowell: The Bridge Of Love

	Joe Dowell: The Bridge Of Love [cached]

Searching: Linda Scott: It's All Because

	Linda Scott: It's All Because [cached]

Searching: Ike & Tina Turner: Tra La La La La

	Ike & Tina Turner: Tra La La La La [cached]

Searching: Jennell Hawkins: Moments

	 NOT FOUND

Searching: Martin Denny and His Orchestra: A Taste Of Honey

	Martin Denny: Anniversary Song [cached]

Searching: Jimmy McGriff: All About My Girl

	Jimmy McGriff: All About My Girl [cached]

Searching: Del Shannon: Two Kind Of Teardrops

	Del Shannon: Two Kinds of Teardrops [cached]

Searching: The Routers: Sting Ray

	The Routers: Sting Ray [cached]

Searching: The Dovells: Betty In Bermudas

	The Dovells: Betty In Bermudas [cached]

Searching: Johnny Tillotson: Funny How Time Slips Away

	Johnny Tillotson: Funny How Time Slips Away [cached]

Searching: Ginny Arnell: Dumb Head

	Ginny Arnell: Dumb Head [cached]

Searching: Ray Charles: A Tear Fell

	 NOT FOUND

Searching: Chubby Checker: She Wants T' Swim

	Chubby Checker: She Wants T'Swim [cached]

Searching: The Miracles: Come On Do The Jerk

	Smokey Robinson & The Miracles: Come On Do The Jerk [cached]

Searching: Billy Edd Wheeler: Ode To The Little Brown Shack Out Back

	Billy Edd Wheeler: Ode To The Little Brown Shack Out Back [cached]

Searching: Manfred Mann: Come Tomorrow

	Manfred Mann: Come Tomorrow [cached]

Searching: The Newbeats: (The Bees Are For The Birds) The Birds Are For The Bees

	The Newbeats: (The Bees Are for the Birds) The Birds Are for the Bees [cached]

Searching: Little Caesar And The Consuls: (My Girl) Sloopy

	Little Caesar And The Consuls: Hang on Sloopy [cached]

Searching: Joan Baez: There But For Fortune

	Joan Baez: There But For Fortune [cached]

Searching: Kim Weston: Take Me In Your Arms (Rock Me A Little While)

	Kim Weston: Take Me In Your Arms (Rock Me A Little While) - Single Version [cached]

Searching: The Gentrys: Spread It On Thick
=========> Gentrys: Spread It On Thick

	 NOT FOUND

Searching: Jr. Walker & The All Stars: Cleo's Mood

	Jr. Walker & The All Stars: Cleo's Mood [cached]

Searching: Mel Carter: Love Is All We Need

	Mel Carter: Love Is All We Need [cached]

Searching: Lesley Gore: Young Love

	Lesley Gore: Young Lovers [cached]

Searching: The Kinks: Till The End Of The Day

	The Kinks: Till the End of the Day - Mono Mix [cached]

Searching: Peter And Gordon: There's No Living Without Your Loving

	Peter And Gordon: There's No Living Without Your Loving [cached]

Searching: The Dave Clark Five: Satisfied With You

	The Dave Clark Five: Satisfied With You - 2019 - Remaster [cached]

Searching: James Brown And The Famous Flames: Don't Be A Drop-Out

	James Brown: Don't Be A Dropout [cached]

Searching: The Elgins: Heaven Must Have Sent You

	The Elgins: Heaven Must Have Sent You - Mono Single [cached]

Searching: Ronnie Dove: My Babe

	Ronnie Dove: My Babe [cached]

Searching: Sonny & Cher: It's The Little Things

	Sonny & Cher: It's the Little Things - LP / Single Version [cached]

Searching: The Sunshine Company: Happy

	Sunshine Company: Happy [cached]

Searching: The Rolling Stones: We Love You

	The Rolling Stones: We Love You - Single Version/Mono [cached]

Searching: The Hollies: Dear Eloise

	The Hollies: Dear Eloise - 1999 Remaster [cached]

Searching: Wilson Pickett: Jealous Love

	Wilson Pickett: Jealous Love - 2006 Remaster; Single Version [cached]

Searching: Jose Feliciano: The Star-Spangled Banner

	José Feliciano: The Star Spangled Banner - Live [cached]

Searching: Wilson Pickett: Mini-Skirt Minnie

	Wilson Pickett: Mini-Skirt Minnie - Single Version [cached]

Searching: The New Colony Six: I Could Never Lie To You
=========> New Colony Six: I Could Never Lie To You

	 NOT FOUND

Searching: Tim Hardin: Simple Song Of Freedom

	Tim Hardin: Simple Song of Freedom [cached]

Searching: Paul Revere & The Raiders Featuring Mark Lindsay: We Gotta All Get Together

	Paul Revere & The Raiders: We Gotta All Get Together - 1970 Version [cached]

Searching: Bob Dylan: Tonight I'll Be Staying Here With You

	Bob Dylan: Tonight I'll Be Staying Here with You [cached]

Searching: Johnny Cash: Blistered/See Ruby Fall

	Johnny Cash: Blistered [cached]

Searching: Brenda & The Tabulations: The Touch Of You

	Brenda And The Tabulations: The Touch of You [cached]

Searching: Tommy Roe: Stir It Up And Serve It

	Tommy Roe: Stir It Up And Serve It [cached]

Searching: Doris Duke: To The Other Woman (I'm The Other Woman)

	Doris Duke: To the Other Woman (I'm the Other Woman) [cached]

Searching: The Doors: You Make Me Real/Roadhouse Blues

	The Doors: You Make Me Real [cached]

Searching: The Meters: Chicken Strut

	The Meters: Chicken Strut [cached]

Searching: Marvin Gaye & Tammi Terrell: The Onion Song/California Soul

	Marvin Gaye: The Onion Song [cached]

Searching: Tommy Roe: Pearl

	Tommy Roe: Pearl [cached]

Searching: Elephant's Memory: Mongoose

	Elephants Memory: Mongoose [cached]

Searching: The Whispers: Seems Like I Gotta Do Wrong

	The Whispers: Seems Like I Gotta Do Wrong [cached]

Searching: Ronnie Dyson: I Don't Wanna Cry

	Ronnie Dyson: I Don't Wanna Cry [cached]

Searching: Eric Burdon And War: They Can't Take Away Our Music

	Eric Burdon: They Can't Take Away Our Music [cached]

Searching: Ray Stevens: Bridget The Midget (The Queen Of The Blues)

	Ray Stevens: Bridget the Midget [cached]

Searching: James Brown: I Cried

	James Brown: I Cried - Single Version [cached]

Searching: Jr. Walker & The All Stars: Take Me Girl, I'm Ready

	Jr. Walker & The All Stars: Take Me Girl, I'm Ready [cached]

Searching: The Guess Who: Sour Suite

	The Guess Who: Sour Suite - Remastered [cached]

Searching: Free Movement: The Harder I Try (The Bluer I Get)
=========> Free Movement: Harder I Try

	 NOT FOUND

Searching: Carly Simon: Legend In Your Own Time

	Carly Simon: Legend In Your Own Time [cached]

Searching: Marvin Gaye: You're The Man (Part 1)

	Marvin Gaye: I'd Give My Life For You - SalaAM ReMi LP Mix [cached]

Searching: Billy Preston: Slaughter

	 NOT FOUND

Searching: Joe Simon: Trouble In My Home/I Found My Dad

	Joe Simon: Trouble in My Home [cached]

Searching: Peter Skellern: You're A Lady

	Peter Skellern: You're A Lady [cached]

Searching: Austin Roberts: Keep On Singing

	Austin Roberts: Keep on Singing [cached]

Searching: James Brown: Down And Out In New York City

	James Brown: Down And Out In New York City [cached]

Searching: Michael Jackson: With A Child's Heart

	Michael Jackson: With A Child's Heart [cached]

Searching: Earth, Wind & Fire: Evil

	Earth, Wind & Fire: Evil [cached]

Searching: James Brown: Sexy, Sexy, Sexy

	James Brown: Sexy, Sexy, Sexy - From "Slaughter's Big Rip-Off " Soundtrack [cached]

Searching: David Gates: Sail Around The World

	David Gates: Sail Around the World [cached]

Searching: Stories: Mammy Blue

	 NOT FOUND

Searching: Marvin Gaye: You Sure Love To Ball

	Marvin Gaye: You Sure Love To Ball [cached]

Searching: Leon Haywood: Keep It In The Family

	Leon Haywood: Keep It In The Family [cached]

Searching: Bill Withers: The Same Love That Made Me Laugh

	Bill Withers: The Same Love That Made Me Laugh [cached]

Searching: Mickey Gilley: Room Full Of Roses

	Mickey Gilley: Room Full of Roses [cached]

Searching: Eddie Kendricks: Tell Her Love Has Felt The Need

	Eddie Kendricks: Tell Her Love Has Felt The Need [cached]

Searching: George McCrae: I Can't Leave You Alone

	George McCrae: I Can't Leave You Alone (I Keep Holdin' On) [cached]

Searching: Tavares: She's Gone

	Tavares: She's Gone [cached]

Searching: Carl Graves: Baby, Hang Up The Phone
=========> Carl Graves: Baby  Hang Up Phone

	 NOT FOUND

Searching: Ramsey Lewis And Earth, Wind & Fire: Hot Dawgit

	Ramsey Lewis: Hot Dawgit [cached]

Searching: Donny Osmond: I Have A Dream

	Donny Osmond: I Have A Dream [cached]

Searching: Evie Sands: You Brought The Woman Out Of Me

	Evie Sands: You Brought The Woman Out Of Me [cached]

Searching: Jud Strunk: The Biggest Parakeets In Town
=========> Jud Strunk: Biggest Parakeets In Town

	 NOT FOUND

Searching: Eddie Kendricks: Get The Cream Off The Top

	Eddie Kendricks: Get The Cream Off The Top [cached]

Searching: Faith, Hope And Charity: To Each His Own

	Faith, Hope & Charity: To Each His Own (That's My Philosophy) [cached]

Searching: Evie Sands: I Love Makin' Love To You

	Evie Sands: I Love Makin' Love To You [cached]

Searching: Gladys Knight And The Pips: Money

	Gladys Knight & The Pips: Money - Long Mix [cached]

Searching: Poco: Keep On Tryin'

	Poco: Keep on Tryin' [cached]

Searching: Jennifer Warnes: I'm Dreaming

	Jennifer Warnes: I'm Dreaming [cached]

Searching: Poco: Indian Summer

	Poco: Indian Summer [cached]

Searching: Debby Boone: California

	Debby Boone: California [cached]

Searching: Sea Level: That's Your Secret

	Sea Level: That's Your Secret [cached]

Searching: The Faragher Bros.: Stay The Night
=========> Faragher Bros: Stay Night

	 NOT FOUND

Searching: KC And The Sunshine Band: Do You Wanna Go Party

	KC & The Sunshine Band: Please Don't Go [cached]

Searching: Ian Lloyd: Slip Away

	 NOT FOUND

Searching: England Dan & John Ford Coley: What Can I Do With This Broken Heart

	England Dan & John Ford Coley: What Can I Do with This Broken Heart [cached]

Searching: Moon Martin: No Chance

	Moon Martin: No Chance [cached]

Searching: The Flying Lizards: Money

	The Flying Lizards: Money [cached]

Searching: Pat Travers Band: Is This Love

	Pat Travers Band: Is This Love [cached]

Searching: Herb Alpert: Beyond

	Herb Alpert: Beyond [cached]

Searching: Firefall: Love That Got Away

	Firefall: Love That Got Away [cached]

Searching: Marcy Levy & Robin Gibb: Help Me!
=========> Marcy Levy: Help Me

	 NOT FOUND

Searching: The Fools: Running Scared

	The Fools: Running Scared [cached]

Searching: Jermaine Jackson: You Like Me Don't You

	Jermaine Jackson: You Like Me Don't You (Remix) [cached]

Searching: Teena Marie: Square Biz

	Teena Marie: Square Biz [cached]

Searching: Henry Paul Band: Keeping Our Love Alive

	Henry Paul Band: Keeping Our Love Alive [cached]

Searching: Glass Moon: On A Carousel

	Glass Moon: On a Carousel [cached]

Searching: Gordon Lightfoot: Baby Step Back

	Gordon Lightfoot: Baby Step Back [cached]

Searching: April Wine: Enough Is Enough

	April Wine: Enough Is Enough - Remastered [cached]

Searching: Go-Go's: Get Up And Go

	The Go-Go's: Get Up And Go [cached]

Searching: Poco: Shoot For The Moon

	Poco: Shoot for the Moon [cached]

Searching: Klique: Stop Doggin' Me Around
=========> Klique: Stop Doggin  Me Around

	 NOT FOUND

Searching: Genesis: Taking It All Too Hard

	Genesis: Taking It All Too Hard - Digital Remastered 2007 [cached]

Searching: The Everly Brothers: On The Wings Of A Nightingale

	The Temple Brothers: On the Wings of a Nightingale [cached]

Searching: Barbra Streisand: Left In The Dark

	Barbra Streisand: Left In the Dark [cached]

Searching: Billy Idol: Catch My Fall

	Billy Idol: Catch My Fall - Edit [cached]

Searching: Rick James: Can't Stop

	Rick James: Can't Stop [cached]

Searching: Jean Knight: My Toot Toot

	Jean Knight: My Toot Toot [cached]

Searching: Maurice White: Stand By Me

	Maurice White: Stand By Me [cached]

Searching: The Art Of Noise Featuring Duane Eddy: Peter Gunn

	The Art Of Noise: Peter Gunn (feat. Duane Eddy) [cached]

Searching: The Fabulous Thunderbirds: Wrap It Up

	The Fabulous Thunderbirds: Wrap It Up [cached]

Searching: Wham!: Where Did Your Heart Go?

	Wham!: Where Did Your Heart Go? [cached]

Searching: a-ha: Cry Wolf

	a-ha: Cry Wolf [cached]

Searching: Luther Vandross with Gregory Hines: There's Nothing Better Than Love

	Luther Vandross: There's Nothing Better Than Love [cached]

Searching: Cameo: Back And Forth

	Cameo: Back And Forth - 7" Version [cached]

Searching: Poison: I Want Action

	Poison: I Want Action [cached]

Searching: Will To Power: Dreamin'

	Will To Power: Dreamin' [cached]

Searching: Shanice Wilson: (Baby Tell Me) Can You Dance
=========> Shanice Wilson: Can You Dance

	 NOT FOUND

Searching: Eria Fachin: Savin' Myself

	Eria Fachin: Savin' Myself - Definitive Mix [cached]

Searching: Tiffany: Feelings Of Forever

	Tiffany: Feelings Of Forever [cached]

Searching: Dino: Summergirls

	DINO: Summergirls [cached]

Searching: Depeche Mode: Strangelove

	Depeche Mode: Strangelove [cached]

Searching: Queen: I Want It All

	Queen: I Want It All - Single Version [cached]

Searching: The Alarm: Sold Me Down The River

	The Alarm: Sold Me Down The River [cached]

Searching: Lil Louis: French Kiss

	Lil' Louis: French Kiss - The Original Underground Mix [cached]

Searching: The Rolling Stones: Almost Hear You Sigh

	The Rolling Stones: Almost Hear You Sigh - Remastered [cached]

Searching: ZZ Top: Doubleback (From "Back To The Future Part III")

	ZZ Top: Doubleback [cached]

Searching: Cheap Trick: Wherever Would I Be

	Cheap Trick: Wherever Would I Be [cached]

Searching: Guy: I Wanna Get With U

	Farting Toilet Guy Partying with Annoying Poop and Boobies: The Lame Party Next Door Is Better Than the Knife Party (Don´t Wanna Get Stabbed U Know!) [cached]

Searching: Damn Yankees: Come Again

	Damn Yankees: Come Again [cached]

Searching: Public Enemy: Can't Truss It

	Public Enemy: Can't Truss It [cached]

Searching: C+C Music Factory Presents Zelma Davis: Just A Touch Of Love
=========> C C Music Factory Presents Zelma Davis: Just A Touch Of Love

	 NOT FOUND

Searching: Colourhaus: Innocent Child

	 NOT FOUND

Searching: Brooks & Dunn: Boot Scootin' Boogie

	Brooks & Dunn: Boot Scootin' Boogie [cached]

Searching: Poison: Stand

	Poison: Stand [cached]

Searching: Dolly Parton & Friends: Romeo

	Dolly Parton: Romeo (with Billy Ray Cyrus, Tanya Tucker, Mary Chapin Carpenter, Kathy Mattea & Pam Tillis) [cached]

Searching: Prince: Pink Cashmere

	Prince: Pink Cashmere [cached]

Searching: Taylor Dayne: Send Me A Lover

	Taylor Dayne: Send Me a Lover [cached]

Searching: Roxette: Sleeping In My Car

	Roxette: Sleeping In My Car [cached]

Searching: Keith Murray: The Most Beautifullest Thing In This World

	Keith Murray: The Most Beautifullest Thing In This World [cached]

Searching: Nine: Whutcha Want?

	Nine: Whutcha Want? [cached]

Searching: Solo: Where Do U Want Me To Put It

	 NOT FOUND

Searching: Xscape Featuring MC Lyte: Do You Want To/Can't Hang

	Xscape: Do You Want To [cached]

Searching: Jay-Z Featuring Foxxy Brown: Ain't No Nigga/Dead Presidents

	JAY-Z: Ain't No Nigga [cached]

Searching: Shades: Tell Me (I'll Be Around)

	The Shades: Tell Me Not to Hurt [cached]

Searching: Total: When Boy Meets Girl

	Total: When Boy Meets Girl [cached]

Searching: Camp Lo: Luchini aka (This Is It)

	Camp Lo: Luchini AKA This Is It [cached]

Searching: Billy Joel: To Make You Feel My Love

	Billy Joel: To Make You Feel My Love [cached]

Searching: Martina McBride With Jim Brickman: Valentine

	Martina McBride: Valentine - (with special guest artist, Jim Brickman) [cached]

Searching: Reba McEntire: What If

	Reba McEntire: What If [cached]

Searching: Salt-N-Pepa: Gitty Up

	Salt-N-Pepa: The Brick Track Versus Gitty Up - Rickidy Raw Hide Radio Mix [cached]

Searching: 7 Mile: Do Your Thing

	 NOT FOUND

Searching: Goodie Mob Featuring Outkast: Black Ice (Sky High)

	Goodie Mob: Black Ice (Sky High) (feat. OutKast) [cached]

Searching: Queen Latifah Featuring Apache: Paper

	Queen Latifah: Paper [cached]

Searching: Xzibit: What U See Is What U Get

	Xzibit: What U See Is What U Get [cached]

Searching: Trisha Yearwood: Powerful Thing

	Trisha Yearwood: Powerful Thing [cached]

Searching: Mya Featuring Jadakiss: Best Of Me

	Mýa: Best Of Me, Part 2 - Backstage [cached]

Searching: Eric Heatherly: Flowers On The Wall

	Eric Heatherly: Flowers On The Wall [cached]

Searching: Garth Brooks: Wild Horses

	Brandon Garth: Wild Horses [cached]

Searching: Snoop Dogg Featuring Master P, Nate Dogg, Butch Cassidy & Tha Eastsidaz: Lay Low

	Snoop Dogg: Lay Low [cached]

Searching: Trick Daddy Featuring The SNS Express: Take It To Da House

	Trick Daddy: Take It to da House [cached]

Searching: Elvis Presley vs JXL: A Little Less Conversation

	Elvis Presley: A Little Less Conversation - JXL Radio Edit Remix [cached]

Searching: Bad Boy's Da Band: Bad Boy This Bad Boy That

	Bad Boy's Da Band: Bad Boy This Bad Boy That [cached]

Searching: Billy Currington: I Got A Feelin'

	Billy Currington: I Got A Feelin' [cached]

Searching: Keane: Somewhere Only We Know

	Keane: Somewhere Only We Know [cached]

Searching: Crazy Frog: Axel F

	Crazy Frog: Axel F [cached]

Searching: Yellowcard: Lights And Sounds

	Yellowcard: Lights And Sounds [cached]

Searching: Rascal Flatts: Me And My Gang

	Rascal Flatts: Me And My Gang [cached]

Searching: Breaking Benjamin: The Diary Of Jane

	Breaking Benjamin: The Diary of Jane - Single Version [cached]

Searching: Red Hot Chili Peppers: Tell Me Baby

	Red Hot Chili Peppers: Tell Me Baby [cached]

Searching: Aly & AJ: Chemicals React

	Aly & AJ: Chemicals React Remix [cached]

Searching: The Fray: Happy Xmas (War Is Over)

	The Fray: Happy Xmas (War Is Over) [cached]

Searching: Tim McGraw With Faith Hill: I Need You

	Tim McGraw: I Need You [cached]

Searching: Reba McEntire Duet With Kelly Clarkson: Because Of You

	Reba McEntire: Because Of You [cached]

Searching: Josh Turner: Firecracker

	Josh Turner: Firecracker [cached]

Searching: Metallica: Cyanide

	Metallica: Cyanide [cached]

Searching: Rascal Flatts: Here

	Rascal Flatts: Here Comes Goodbye - AC Mix [cached]

Searching: Sean Paul: So Fine

	Sean Paul: So Fine [cached]

Searching: Adam Lambert: Time For Miracles

	Adam Lambert: Time for Miracles [cached]

Searching: Glee Cast: Lean On Me

	Glee Cast: Lean On Me (Glee Cast Version) [cached]

Searching: Lifehouse: Halfway Gone

	Lifehouse: Halfway Gone [cached]

Searching: Kenny Chesney: Ain't Back Yet

	Kenny Chesney: Ain't Back Yet [cached]

Searching: Glee Cast: Only The Good Die Young

	Glee Cast: Only The Good Die Young (Glee Cast Version) [cached]

Searching: Glee Cast: Don't Go Breaking My Heart

	Glee Cast: Don't Go Breaking My Heart (Glee Cast Version) [cached]

Searching: Victorious Cast Featuring Victoria Justice: Freak The Freak Out
=========> Victorious Cast: Freak Freak Out

	 NOT FOUND

Searching: Jamie Foxx Featuring Drake: Fall For Your Type

	Jamie Foxx: Fall For Your Type (feat. Drake) [cached]

Searching: Brantley Gilbert: Country Must Be Country Wide

	Brantley Gilbert: Country Must Be Country Wide [cached]

Searching: Beyonce Featuring Andre 3000: Party

	Beyoncé: Party (feat. André 3000) [cached]

Searching: Bruno Mars: Runaway Baby

	Bruno Mars: Runaway Baby [cached]

Searching: Zac Brown Band: No Hurry

	Zac Brown Band: No Hurry [cached]

Searching: The Wanted: Chasing The Sun

	The Wanted: Chasing The Sun [cached]

Searching: Jana Kramer: Why Ya Wanna

	Jana Kramer: Why Ya Wanna [cached]

Searching: Future: Turn On The Lights

	Future: Turn On The Lights [cached]

Searching: T.I. Featuring Lil Wayne: Ball

	Taylor Swift: Christmas Tree Farm - Recorded Live at the 2019 iHeartRadio Jingle Ball [cached]

Searching: Rihanna Featuring David Guetta: Right Now

	Rihanna: Right Now [cached]

Searching: Rich Homie Quan: Type Of Way

	Rich Homie Quan: Type of Way [cached]

Searching: Justin Bieber: All Bad

	Justin Bieber: All Bad [cached]

Searching: Young Money Featuring Drake: Trophies

	Young Money: Trophies [cached]

Searching: Cole Swindell: Hope You Get Lonely Tonight

	Cole Swindell: Hope You Get Lonely Tonight [cached]

Searching: Chris Young: Lonely Eyes

	Chris Young: Lonely Eyes [cached]

Searching: Eazy-E: Boyz-N-The Hood

	Eazy-E: Boyz-N-The-Hood [cached]

Searching: Maren Morris: My Church

	Maren Morris: My Church [cached]

Searching: Old Dominion: Snapback

	Old Dominion: Snapback [cached]

Searching: Alessia Cara: Wild Things

	Alessia Cara: Wild Things [cached]

Searching: Fetty Wap: Wake Up

	Fetty Wap: Wake Up [cached]

Searching: Luke Bryan: Move

	Luke Bryan: Move [cached]

Searching: DJ ESCO Featuring Future & Lil Uzi Vert: Too Much Sauce

	DJ ESCO: Too Much Sauce (feat. Future & Lil Uzi Vert) [cached]

Searching: Drake Featuring Sampha: 4422

	Drake: 4422 [cached]

Searching: Kendrick Lamar: Fear.

	Kendrick Lamar: FEAR. [cached]

Searching: Carly Pearce: Every Little Thing

	Carly Pearce: Every Little Thing [cached]

Searching: Future & Young Thug Featuring Offset: Patek Water

	Future: Patek Water (feat. Offset) [cached]

Searching: 6ix9ine: Kooda

	6ix9ine: KOODA [cached]

Searching: 6ix9ine: Billy

	6ix9ine: BILLY [cached]

Searching: Jordan Davis: Singles You Up

	Jordan Davis: Singles You Up [cached]

Searching: Cardi B: Thru Your Phone

	Cardi B: Thru Your Phone [cached]

Searching: twenty one pilots: Jumpsuit

	Twenty One Pilots: Jumpsuit [cached]

Searching: Keith Urban Featuring Julia Michaels: Coming Home

	Keith Urban: Coming Home [cached]

Searching: Travis Scott: Butterfly Effect

	Travis Scott: BUTTERFLY EFFECT [cached]

Searching: The Chainsmokers Featuring Kelsea Ballerini: This Feeling

	The Chainsmokers: This Feeling [cached]

Searching: Eli Young Band: Love Ain't

	Eli Young Band: Love Ain't [cached]

Searching: YoungBoy Never Broke Again: Self Control

	YoungBoy Never Broke Again: Self Control [cached]

Searching: Russell Dickerson: Every Little Thing

	Russell Dickerson: Every Little Thing [cached]

Searching: Taylor Swift: Only The Young

	Taylor Swift: Only The Young - Featured in Miss Americana [cached]

Searching: DaBaby Featuring Ashanti & Megan Thee Stallion: NASTY

	DaBaby: NASTY (feat. Ashanti & Megan Thee Stallion) [cached]

Searching: Kehlani Featuring Tory Lanez: Can I

	Kehlani: Can I [cached]

Searching: Juice WRLD: Can't Die

	Juice WRLD: Can't Die [cached]

Searching: LOCASH: One Big Country Song

	LOCASH: One Big Country Song [cached]

Searching: Justin Moore: Why We Drink

	Justin Moore: Why We Drink [cached]

Searching: Doja Cat Featuring Gucci Mane: Like That

	Doja Cat: Like That (feat. Gucci Mane) [cached]

Searching: YoungBoy Never Broke Again: Kacey Talk

	YoungBoy Never Broke Again: Kacey Talk [cached]

Searching: Machine Gun Kelly: Bloody Valentine

	Machine Gun Kelly: bloody valentine [cached]

Searching: Tate McRae: You Broke Me First.

	Tate McRae: you broke me first [cached]

Searching: Future & Lil Uzi Vert: That's It

	Future: That’s It [cached]

Searching: Bing Crosby: I'll Be Home For Christmas
=========> Bing Crosby: I ll Be Home For Christmas

	Bing Crosby: I'll Be Home For Christmas - Single Version
