Found 262/281 = 93%
19 not found: 
Marty Robbins: Jimmy Martinez
Tracey Dey: Gonna' Get Along Without You Now
Ray Charles and his Orchestra: My Baby Don't Dig Me
The Butterflys: Good Night Baby
Noel Harrison: A Young Girl
The Trade Winds: Mind Excursion
Les Emmerson: Control Of Me
Jerry Butler: I Wanna Do It To You
Marilyn McCoo & Billy Davis, Jr.: Look What You've Done To My Heart
Off Broadway USA: Stay In Time
Andy Gibb & Victoria Principal: All I Have To Do Is Dream
9.9: All Of Me For All Of You
Mick Jagger: Ruthless People
David Hallyday: Ooh La La
Henry Lee Summer: Till Somebody Loves You
Joose: If Tomorrow Never Comes
Bridgit Mendler, Adam Hicks, Naomi Scott & Hayley Kiyoko: Determinate
Young Jeezy Featuring Ne-Yo: Leave You Alone
Tessanne Chin: I Have Nothing
--------- log -----------
Searching: Jimmy Bowen with the Rhythm Orchids: By The Light Of The Silvery Moon

	Buddy Knox & Jimmy Bowen: By The Light Of The Silvery Moon [cached]

Searching: Faron Young: Alone With You

	Faron Young: Alone With You [cached]

Searching: The Accents: Wiggle, Wiggle

	Accents: Wiggle Wiggle [cached]

Searching: Joni James: I Still Get A Thrill (Thinking Of You)

	Joni James: I Still Get A Thrill [cached]

Searching: Fats Domino: Margie

	Fats Domino: Margie [cached]

Searching: The Megatrons: Velvet Waters

	The Megatrons: Velvet Waters [cached]

Searching: Nat King Cole: Midnight Flyer

	Nat King Cole: Midnight Flyer [cached]

Searching: Tommy Sands: I'll Be Seeing You

	Tommy Sands: I'll Be Seeing You [cached]

Searching: Guy Mitchell: The Same Old Me

	Guy Mitchell: The Same Old Me [cached]

Searching: Fats Domino: Tell Me That You Love Me

	Fats Domino: Tell Me That You Love Me [cached]

Searching: The Coasters: Wake Me, Shake Me

	The Coasters: Wake Me, Shake Me [cached]

Searching: Billy Vaughn And His Orchestra: The Sundowners

	Billy Vaughn: Theme From The Sundowners [cached]

Searching: Bobby Darin: Christmas Auld Lang Syne

	Bobby Darin: Christmas Auld Lang Syne [cached]

Searching: The Timetones: In My Heart

	The Timetones: In My Heart [cached]

Searching: Freddy Cannon: Buzz Buzz A-Diddle-It

	Freddy Cannon: Buzz Buzz A-Diddle-It [cached]

Searching: Marty Robbins: Jimmy Martinez

	 NOT FOUND

Searching: Bobby Parker: Watch Your Step

	Bobby Parker: Watch Your Step - Original V-Tone 45 Rpm Version [cached]

Searching: The Miracles: Mighty Good Lovin'

	The Miracles: Mighty Good Lovin' [cached]

Searching: The Velaires: Roll Over Beethoven

	The Velaires: Roll Over Beethoven [cached]

Searching: Marty Robbins: It's Your World

	Marty Robbins: It's Your World [cached]

Searching: Sheb Wooley: That's My Pa

	Sheb Wooley: That's My Pa [cached]

Searching: Huey Smith: Pop-Eye

	Huey "Piano" Smith: Pop-Eye [cached]

Searching: Little Junior Parker: Annie Get Your Yo-Yo

	Little Junior Parker: Annie Get Your Yo-Yo - Original Mix [cached]

Searching: Gabriel And The Angels: That's Life (That's Tough)

	Gabriella Quevedo: That's Life [cached]

Searching: The Excellents: Coney Island Baby

	The Excellents: Coney Island Baby [cached]

Searching: Teddy Randazzo: Big Wide World

	Teddy Randazzo: Big Wide World [cached]

Searching: The Rip Chords: Here I Stand

	The Rip Chords: Here I Stand [cached]

Searching: Bill Black's Combo: Do It - Rat Now

	Bill Black's Combo: Do It - Rat Now [cached]

Searching: Frankie Laine: Don't Make My Baby Blue

	Frankie Laine: Don't Make My Baby Blue [cached]

Searching: The Five Du-Tones: Shake A Tail Feather

	The Five Du-Tones: Shake a Tail Feather [cached]

Searching: Jimmy Durante: September Song

	Jimmy Durante: September Song (From the 1938 Musical Play "Knickerboker Holiday") [cached]

Searching: Murry Kellum: Long Tall Texan

	Murry Kellum: Long Tall Texan [cached]

Searching: Betty Everett: You're No Good

	Betty Everett: You're No Good [cached]

Searching: Solomon Burke: He'll Have To Go

	Solomon Burke: He'll Have to Go [cached]

Searching: King Curtis: Soul Serenade

	King Curtis: Soul Serenade - Live at Fillmore West, 3/7/1971 [cached]

Searching: Tracey Dey: Gonna' Get Along Without You Now
=========> Tracey Dey: Gonna  Get Along Without You Now

	 NOT FOUND

Searching: Ray Charles and his Orchestra: My Baby Don't Dig Me
=========> Ray Charles: My Baby Don t Dig Me

	 NOT FOUND

Searching: Jimmie Rodgers: The World I Used To Know

	Jimmie Rodgers: The World I Used To Know [cached]

Searching: The Butterflys: Good Night Baby
=========> Butterflys: Good Night Baby

	 NOT FOUND

Searching: The Jelly Beans: Baby Be Mine

	The Jellybeans: Baby Be Mine [cached]

Searching: Candy & The Kisses: The 81

	Candy & The Kisses: The 81 [cached]

Searching: The Dixie Cups: Little Bell

	The Dixie Cups: Little Bell [cached]

Searching: The Radiants: Voice Your Choice

	The Radiants: Voice Your Choice [cached]

Searching: Johnny Tillotson: Angel

	Johnny Tillotson: Earth Angel [cached]

Searching: Joe Tex: You Got What It Takes

	Joe Tex: You Got What It Takes [cached]

Searching: Chad & Jeremy: What Do You Want With Me

	Chad & Jeremy: What Do You Want with Me? [cached]

Searching: The Drifters: I'll Take You Where The Music's Playing

	The Drifters: I'll Take You Where the Music's Playing [cached]

Searching: Vic Dana: Moonlight And Roses (Bring Mem'ries Of You)

	Vic Dana: Moonlight And Roses [cached]

Searching: The Sunrays: I Live For The Sun

	The Sunrays: I Live For The Sun [cached]

Searching: Vic Dana: Crystal Chandelier

	Vic Dana: Crystal Chandelier [cached]

Searching: Noel Harrison: A Young Girl

	 NOT FOUND

Searching: Little Anthony And The Imperials: Hurt

	Little Anthony & The Imperials: Hurt So Bad [cached]

Searching: Mary Wells: Dear Lover

	Mary Wells: Dear Lover - 2012 Remaster [cached]

Searching: Jimmy Smith: Got My Mojo Working (Part I)

	Jimmy Smith: Got My Mojo Workin' [cached]

Searching: The Trade Winds: Mind Excursion
=========> Trade Winds: Mind Excursion

	 NOT FOUND

Searching: The Arbors: A Symphony For Susan

	The Arbors: A Day In the Life of a Fool (Manha de Carnaval) [cached]

Searching: The Happenings: Goodnight My Love

	The Happenings: Goodnight My Love [cached]

Searching: The Association: No Fair At All

	The Association: No Fair at All (Single Version) [cached]

Searching: The Yardbirds: Little Games

	The Yardbirds: Little Games - 2003 Remaster [cached]

Searching: The Who: Pictures Of Lily

	The Who: Pictures Of Lily - Pete Townshend Demo / New 2018 Mix [cached]

Searching: Ruby Andrews: Casonova (Your Playing Days Are Over)

	Ruby Andrews: Casonova (Your Playing Days Are Over) [cached]

Searching: The Hollies: King Midas In Reverse

	The Hollies: King Midas in Reverse [cached]

Searching: Jerryo: Karate-Boo-Ga-Loo

	The Funk Brothers with Jerryo: Karate Boo-Ga-Loo [cached]

Searching: The Mamas & The Papas: Dancing Bear

	The Mamas & The Papas: Dancing Bear [cached]

Searching: Neil Diamond: New Orleans

	Neil Diamond: New Orleans [cached]

Searching: Herb Alpert & The Tijuana Brass: Carmen

	Herb Alpert & The Tijuana Brass: Carmen [cached]

Searching: Guy Marks: Loving You Has Made Me Bananas

	Guy Marks: Loving You Has Made Me Bananas [cached]

Searching: James & Bobby Purify: I Can Remember

	James & Bobby Purify: I Can Remember [cached]

Searching: Lemon Pipers: Jelly Jungle (Of Orange Marmalade)

	The Lemon Pipers: Jelly Jungle (Of Orange Marmalade) [cached]

Searching: Los Bravos: Bring A Little Lovin'

	Los Bravos: Bring a Little Lovin' [cached]

Searching: The Monkees: It's Nice To Be With You

	The Monkees: It's Nice to Be with You - 1968 Stereo Mix [cached]

Searching: Otis Redding: Hard To Handle

	Otis Redding: Hard to Handle [cached]

Searching: Herb Alpert: To Wait For Love

	Herb Alpert & The Tijuana Brass: To Wait For Love [cached]

Searching: Four Tops: I'm In A Different World

	Four Tops: I'm In A Different World [cached]

Searching: Arthur Conley: Ob-La-Di, Ob-La-Da

	Arthur Conley: Ob-La-Di, Ob-La-Da [cached]

Searching: The Foundations: In The Bad, Bad Old Days (Before You Loved Me)

	The Foundations: In the Bad, Bad Old Days (Before You Loved Me) [cached]

Searching: Steppenwolf: It's Never Too Late

	Steppenwolf: It's Never Too Late [cached]

Searching: The Turtles: You Don't Have To Walk In The Rain

	The Turtles: You Don't Have to Walk in the Rain [cached]

Searching: The Brooklyn Bridge: You'll Never Walk Alone

	The Brooklyn Bridge: You'll Never Walk Alone [cached]

Searching: The Rascals: Hold On

	The Rascals: Hold On [cached]

Searching: Al Martino: Can't Help Falling In Love

	Al Martino: Can't Help Falling In Love With You [cached]

Searching: James Brown: Funky Drummer (Part 1)

	James Brown: Funky Drummer - Pt. 1 & 2 [cached]

Searching: Joe South: Children

	Joe South: Children - Remastered 2002 [cached]

Searching: The Dells: Open Up My Heart/Nadine

	The Dells: Open up My Heart [cached]

Searching: Johnny Rivers: Into The Mystic

	Johnny Rivers: Into The Mystic [cached]

Searching: Faith, Hope And Charity: So Much Love

	Faith, Hope & Charity: So Much Love [cached]

Searching: The Marmalade: Rainbow

	The Marmalade: Rainbow - Live [cached]

Searching: Paul Davis: I Just Wanna Keep It Together

	Paul Davis: I Just Wanna Keep It Together [cached]

Searching: Clarence Carter: It's All In Your Mind

	Clarence Carter: It's All in Your Mind [cached]

Searching: Barbra Streisand: Time And Love

	Barbra Streisand: Time and Love [cached]

Searching: Kenny Rogers & The First Edition: Someone Who Cares

	Kenny Rogers & The First Edition: Someone Who Cares - From "Fools" Soundtrack [cached]

Searching: The Ebonys: You're The Reason Why

	The Ebonys: You're The Reason Why [cached]

Searching: The James Gang: Walk Away

	James Gang: Walk Away [cached]

Searching: Neil Diamond: I'm A Believer

	Neil Diamond: I'm A Believer [cached]

Searching: The Temptations: It's Summer

	The Temptations: It's Summer - Single Version [cached]

Searching: Helen Reddy: Crazy Love

	Helen Reddy: Crazy Love [cached]

Searching: Jerry Reed: Ko-Ko Joe

	Jerry Reed: Ko-Ko Joe [cached]

Searching: Elvis Presley: It's Only Love

	Elvis Presley: It's Only Love [cached]

Searching: The Raiders: Country Wine

	Paul Revere & The Raiders: Country Wine [cached]

Searching: Sugar Bears: You Are The One

	The Sugar Bears: You Are the One [cached]

Searching: Bobby Womack & Peace: Sweet Caroline (Good Times Never Seemed So Good)

	Bobby Womack: Sweet Caroline (Good Times Never Seemed So Good) [cached]

Searching: The Isley Brothers: Work To Do

	The Isley Brothers: Work To Do [cached]

Searching: Keith Hampshire: Daytime Night-Time

	Keith Hampshire: Daytime Night-Time [cached]

Searching: Les Emmerson: Control Of Me

	 NOT FOUND

Searching: Joe Cocker: Pardon Me Sir

	Joe Cocker: Pardon Me Sir [cached]

Searching: Led Zeppelin: Over The Hills And Far Away

	Led Zeppelin: Over the Hills and Far Away - 1990 Remaster [cached]

Searching: The Dells: My Pretending Days Are Over

	The Dells: My Pretending Days Are Over - Single Version [cached]

Searching: Linda Ronstadt: Love Has No Pride

	Linda Ronstadt: Love Has No Pride - Live [cached]

Searching: Bette Midler: In The Mood

	Bette Midler: In the Mood [cached]

Searching: The Steve Miller Band: Your Cash Ain't Nothin' But Trash

	Steve Miller Band: Your Cash Ain't Nothin' But Trash [cached]

Searching: Candi Staton: As Long As He Takes Care Of Home

	Candi Staton: As Long as He Takes Care of Home [cached]

Searching: The Stylistics: Can't Give You Anything (but My Love)

	The Stylistics: Can't Give You Anything (But My Love) [cached]

Searching: Bob Marley And The Wailers: Roots, Rock, Reggae

	Bob Marley & The Wailers: Roots, Rock, Reggae [cached]

Searching: The Emotions: I Don't Wanna Lose Your Love

	The Emotions: I Don't Wanna Lose Your Love [cached]

Searching: Brass Construction: Ha Cha Cha (funktion)

	Brass Construction: Ha Cha Cha (Funktion) [cached]

Searching: Orleans: Reach

	Orleans: Reach [cached]

Searching: Jerry Butler: I Wanna Do It To You

	 NOT FOUND

Searching: Marilyn McCoo & Billy Davis, Jr.: Look What You've Done To My Heart
=========> Marilyn McCoo: Look What You ve Done To My Heart

	 NOT FOUND

Searching: Paul Davis Feat. Susan Collins: Darlin'

	Paul Davis: Darlin' (feat. Susan Collins) [cached]

Searching: Desmond Child And Rouge: Our Love Is Insane

	Desmond Child & Rouge: Our Love Is Insane [cached]

Searching: Rockets: Can't Sleep

	The Rockets: Can't Sleep [cached]

Searching: The Inmates: Dirty Water

	The Inmates: Dirty Water [cached]

Searching: Rush: The Spirit Of Radio

	Rush: The Spirit Of Radio [cached]

Searching: Off Broadway USA: Stay In Time

	 NOT FOUND

Searching: Little River Band: It's Not A Wonder

	Little River Band: It's Not A Wonder - Remastered [cached]

Searching: Dr. Hook: Years From Now

	Dr. Hook: Years From Now - Single Version [cached]

Searching: Mac Davis: Texas In My Rear View Mirror

	Mac Davis: Texas In My Rear View Mirror [cached]

Searching: Rockpile: Teacher Teacher

	Rockpile: Teacher Teacher - Live [cached]

Searching: Suzi Quatro: Lipstick

	Suzi Quatro: Lipstick [cached]

Searching: Andy Gibb & Victoria Principal: All I Have To Do Is Dream
=========> Andy Gibb: All I Have To Do Is Dream

	 NOT FOUND

Searching: Triumph: Magic Power

	Triumph: Magic Power [cached]

Searching: Earth, Wind & Fire: Wanna Be With You

	Earth, Wind & Fire: Wanna Be With You [cached]

Searching: Jon & Vangelis: I'll Find My Way Home

	Jon & Vangelis: I'll Find My Way Home [cached]

Searching: Randy Newman & Paul Simon: The Blues

	Randy Newman: The Blues [cached]

Searching: The Gap Band: Outstanding

	The Gap Band: Outstanding - Original 12" Mix [cached]

Searching: Night Ranger: (You Can Still) Rock In America

	Night Ranger: (You Can Still) Rock In America [cached]

Searching: Yes: It Can Happen

	Yes: It Can Happen [cached]

Searching: Quiet Riot: Mama, Weer All Crazee Now

	Quiet Riot: Mama Weer All Crazee Now [cached]

Searching: Barbra Streisand With Kim Carnes: Make No Mistake, He's Mine

	Barbra Streisand: Make No Mistake, He's Mine (feat. Kim Carnes) [cached]

Searching: Limahl: Only For Love

	Limahl: Only for Love [cached]

Searching: 9.9: All Of Me For All Of You
=========> 9 9: All Of Me For All Of You

	 NOT FOUND

Searching: KISS: Tears Are Falling

	KISS: Tears Are Falling [cached]

Searching: New Edition: Count Me Out

	New Edition: Count Me Out [cached]

Searching: Isley, Jasper, Isley: Caravan Of Love

	Isley, Jasper, Isley: Caravan of Love [cached]

Searching: New Edition: With You All The Way

	New Edition: With You All The Way [cached]

Searching: Mick Jagger: Ruthless People

	 NOT FOUND

Searching: David & David: Ain't So Easy

	David & David: Ain't So Easy [cached]

Searching: Survivor: How Much Love

	Survivor: How Much Love [cached]

Searching: Yello: Oh Yeah

	Yello: Oh Yeah - Remastered 2005 [cached]

Searching: The Communards: Never Can Say Goodbye

	The Communards: Never Can Say Goodbye [cached]

Searching: The Replacements: I'll Be You

	The Replacements: I'll Be You - 2008 Remaster [cached]

Searching: The Call: Let The Day Begin

	The Call: Let The Day Begin [cached]

Searching: Cinderella: Gypsy Road

	Cinderella: Gypsy Road [cached]

Searching: Marcia Griffiths: Electric Boogie

	Marcia Griffiths: Electric Boogie [cached]

Searching: Doc Box & B. Fresh: Slow Love

	Doc Box: Slow Love [cached]

Searching: David Hallyday: Ooh La La

	 NOT FOUND

Searching: Henry Lee Summer: Till Somebody Loves You

	 NOT FOUND

Searching: Corina: Whispers

	Corina: Whispers (aka Whispers at Night) [cached]

Searching: Kid 'N Play: Ain't Gonna Hurt Nobody

	Kid 'N Play: Ain't Gonna Hurt Nobody [cached]

Searching: Big Mountain: Touch My Light

	Big Mountain: Touch My Light [cached]

Searching: En Vogue Featuring FMOB: Runaway Love

	En Vogue: Runaway Love (feat. FMob) - EP Version [cached]

Searching: The Brand New Heavies: Dream On Dreamer

	The Brand New Heavies: Dream On Dreamer [cached]

Searching: Boston: I Need Your Love

	Boston: I Need Your Love [cached]

Searching: The Tokens: The Lion Sleeps Tonight (Wimoweh)

	The Tokens: The Lion Sleeps Tonight (Wimoweh) [cached]

Searching: 69 Boyz: Kitty Kitty

	69 Boyz: Kitty-Kitty [cached]

Searching: Naughty By Nature: Craziest

	Naughty By Nature: Craziest [cached]

Searching: H-Town: Emotions

	H-Town: Emotions [cached]

Searching: Lost Boyz: Music Makes Me High

	Lost Boyz: Music Makes Me High [cached]

Searching: Joose: If Tomorrow Never Comes

	 NOT FOUND

Searching: DJ Taz Featuring Raheem The Dream: That's Right

	DJ Taz: That's Right [cached]

Searching: Aerosmith: Hole In My Soul

	Aerosmith: Hole In My Soul [cached]

Searching: Sam Salter: After 12, Before 6

	Sam Salter: After 12, Before 6 - Ghetto Fabulous Remix [cached]

Searching: Naughty By Nature: Mourn You Til I Join You

	Naughty By Nature: Mourn You 'Til I Join You [cached]

Searching: S.O.A.P.: This Is How We Party

	S.O.A.P.: This Is How We Party [cached]

Searching: Fleetwood Mac: Landslide

	Fleetwood Mac: Landslide [cached]

Searching: Too $hort: Invasion Of The Flat Booty B*****s

	Too $hort: Invasion Of The Flat Booty Bitches [cached]

Searching: Brooks & Dunn: I Can't Get Over You

	Brooks & Dunn: I Can't Get Over You [cached]

Searching: Lit: My Own Worst Enemy

	Lit: My Own Worst Enemy [cached]

Searching: Melissa Etheridge: Angels Would Fall

	Melissa Etheridge: Angels Would Fall [cached]

Searching: TLC: Dear Lie

	TLC: Dear Lie [cached]

Searching: Jennifer Lopez Featuring Big Pun & Fat Joe: Feelin' So Good

	Jennifer Lopez: Feelin' So Good (feat. Big Pun & Fat Joe) [cached]

Searching: Reba McEntire: I'll Be

	Reba McEntire: I'll Be [cached]

Searching: Keith Urban: Your Everything

	Keith Urban: Your Everything [cached]

Searching: Eminem Featuring Dido: Stan

	Eminem: Stan [cached]

Searching: George Strait: If You Can Do Anything Else

	George Strait: If You Can Do Anything Else [cached]

Searching: Brad Paisley: Two People Fell In Love

	Brad Paisley: Two People Fell in Love [cached]

Searching: Brian McKnight: Love Of My Life

	Brian McKnight: Love Of My Life [cached]

Searching: Nappy Roots: Awnaw

	Nappy Roots: Awnaw - All Hooks up Version [cached]

Searching: Amerie: Talkin' To Me

	Amerie: Talkin' To Me (Edit) [cached]

Searching: Saliva: Always

	Saliva: Always [cached]

Searching: Queens Of The Stone Age: No One Knows

	Queens of the Stone Age: No One Knows [cached]

Searching: Simple Plan: I'd Do Anything

	Simple Plan: I'd Do Anything [cached]

Searching: Mya: Fallen

	Mýa: Fallen [cached]

Searching: Trace Adkins: Hot Mama

	Trace Adkins: Hot Mama [cached]

Searching: Toby Keith: Stays In Mexico

	Toby Keith: Stays In Mexico [cached]

Searching: The Killers: Somebody Told Me

	The Killers: Somebody Told Me [cached]

Searching: Good Charlotte: I Just Wanna Live

	Good Charlotte: I Just Wanna Live [cached]

Searching: Craig Morgan: That's What I Love About Sunday

	Craig Morgan: That's What I Love About Sunday [cached]

Searching: Bobby Valentino: Tell Me

	Bobby V.: Tell Me [cached]

Searching: Jamie O'Neal: Somebody's Hero

	Jamie O'Neal: Somebody's Hero [cached]

Searching: Gary Allan: Best I Ever Had

	Gary Allan: Best I Ever Had [cached]

Searching: Weezer: Perfect Situation

	Weezer: Perfect Situation [cached]

Searching: Goo Goo Dolls: Stay With You

	The Goo Goo Dolls: Stay with You [cached]

Searching: LeAnn Rimes: Something's Gotta Give

	LeAnn Rimes: Something's Gotta Give [cached]

Searching: U2 & Green Day: The Saints Are Coming

	U2: The Saints Are Coming [cached]

Searching: Regina Spektor: Fidelity

	Regina Spektor: Fidelity [cached]

Searching: Panic! At The Disco: Nine In The Afternoon

	Panic! At The Disco: Nine in the Afternoon - Single Mix [cached]

Searching: John Mayer: Free Fallin'

	John Mayer: Free Fallin' - Live at the Nokia Theatre, Los Angeles, CA - December 2007 [cached]

Searching: Maroon 5 Featuring Rihanna: If I Never See Your Face Again

	Maroon 5: If I Never See Your Face Again [cached]

Searching: LMFAO: I'm In Miami Trick

	LMFAO: I'm In Miami B**** - Remix [cached]

Searching: Trey Songz Featuring Gucci Mane & Soulja Boy Tell'em: LOL :-)

	Trey Songz: LOL :-) (feat. Gucci Mane and Soulja Boy Tell 'Em) [cached]

Searching: Jeremih: Imma Star (Everywhere We Are)

	Jeremih: Imma Star (Everywhere We Are) [cached]

Searching: Glee Cast Featuring Kristin Chenoweth: Alone

	Glee Cast: Alone (Glee Cast Version) (feat. Kristin Chenoweth) [cached]

Searching: Glee Cast: My Life Would Suck Without You

	Glee Cast: My Life Would Suck Without You (Glee Cast Version) [cached]

Searching: Avenged Sevenfold: Nightmare

	Avenged Sevenfold: Nightmare [cached]

Searching: Jason Aldean: Crazy Town

	Jason Aldean: Crazy Town [cached]

Searching: Auburn Featuring Iyaz: La La La

	Auburn Row: Last Prayer [cached]

Searching: Lady Antebellum: Our Kind Of Love

	Lady A: Our Kind Of Love [cached]

Searching: Glee Cast: What I Did For Love

	Glee Cast: What I Did For Love (Glee Cast Version) [cached]

Searching: David Guetta Featuring Rihanna: Who's That Chick?

	David Guetta: Who's That Chick? (feat. Rihanna) [cached]

Searching: Glee Cast: Take Me Or Leave Me

	Glee Cast: Take Me Or Leave Me (Glee Cast Version) [cached]

Searching: Darius Rucker: This

	Darius Rucker: This [cached]

Searching: Bridgit Mendler, Adam Hicks, Naomi Scott & Hayley Kiyoko: Determinate
=========> Bridgit Mendler  Adam Hicks  Naomi Scott: Determinate

	 NOT FOUND

Searching: Glee Cast: Survivor / I Will Survive

	Glee Cast: Survivor / I Will Survive (Glee Cast Version) [cached]

Searching: David Nail Featuring Sarah Buxton: Let It Rain

	David Nail: Let It Rain [cached]

Searching: Meek Mill Featuring T.I., Birdman, Lil Wayne, DJ Khaled, Rick Ross & Swizz Beatz: Ima Boss

	Meek Mill: Ima Boss (feat. Rick Ross) [cached]

Searching: Nicki Minaj Featuring Chris Brown: Right By My Side

	Nicki Minaj: Right By My Side [cached]

Searching: Rascal Flatts: Banjo

	Rascal Flatts: Banjo - Radio Edit 2 [cached]

Searching: Young Jeezy Featuring Ne-Yo: Leave You Alone
=========> Young Jeezy: Leave You Alone

	 NOT FOUND

Searching: Jake Owen: The One That Got Away

	Jake Owen: The One That Got Away [cached]

Searching: Justin Moore: Til My Last Day

	Justin Moore: Til My Last Day [cached]

Searching: Kip Moore: Beer Money

	Kip Moore: Beer Money [cached]

Searching: Little Big Town: Tornado

	Little Big Town: Tornado [cached]

Searching: Ray J Featuring Bobby Brackins: I Hit It First

	Ray J: I Hit It First [cached]

Searching: J. Dash: Wop

	J. Dash: Wop (Official Version) [cached]

Searching: Easton Corbin: All Over The Road

	Easton Corbin: All Over The Road [cached]

Searching: Drake: The Language

	Drake: The Language [cached]

Searching: Eric Church: The Outsiders

	Eric Church: The Outsiders [cached]

Searching: Tessanne Chin: I Have Nothing

	 NOT FOUND

Searching: Frankie Ballard: Helluva Life

	Frankie Ballard: Helluva Life [cached]

Searching: Kristen Bell, Agatha Lee Monn & Katie Lopez: Do You Want To Build A Snowman?

	Kristen Bell: Do You Want to Build a Snowman? - From "Frozen"/Soundtrack Version [cached]

Searching: Neon Trees: Sleeping With A Friend

	Neon Trees: Sleeping With A Friend [cached]

Searching: Kiesza: Hideaway

	Kiesza: Hideaway [cached]

Searching: Taylor Swift: Wonderland

	Taylor Swift: Wonderland [cached]

Searching: Tyler Farr: A Guy Walks Into A Bar

	Tyler Farr: A Guy Walks Into a Bar [cached]

Searching: Eric Church: Like A Wrecking Ball

	Eric Church: Like A Wrecking Ball [cached]

Searching: Lana Del Rey: High By The Beach

	Lana Del Rey: High By The Beach [cached]

Searching: Tori Kelly: Should've Been Us

	Tori Kelly: Should’ve Been Us [cached]

Searching: Dan + Shay: Nothin' Like You

	Dan + Shay: Nothin' Like You [cached]

Searching: MadeinTYO: Uber Everywhere

	MadeinTYO: Uber Everywhere [cached]

Searching: Keith Urban: Wasted Time

	Keith Urban: Wasted Time [cached]

Searching: Jon Pardi: Head Over Boots

	Jon Pardi: Head Over Boots [cached]

Searching: PnB Rock: Selfish

	PnB Rock: Selfish [cached]

Searching: Shakira Featuring Maluma: Chantaje

	Shakira: Chantaje (feat. Maluma) [cached]

Searching: Drake: Madiba Riddim

	Drake: Madiba Riddim [cached]

Searching: JAY-Z Featuring Beyonce: Family Feud

	JAY-Z: Family Feud [cached]

Searching: Meek Mill Featuring Chris Brown & Ty Dolla $ign: Whatever You Need

	Meek Mill: Whatever You Need (feat. Chris Brown & Ty Dolla $ign) [cached]

Searching: Old Dominion: Written In The Sand

	Old Dominion: Written in the Sand [cached]

Searching: Drake: Ratchet Happy Birthday

	Drake: Ratchet Happy Birthday [cached]

Searching: Weezer: Africa

	Weezer: Africa [cached]

Searching: Metro Boomin Featuring Gunna: Space Cadet

	Metro Boomin: Space Cadet (feat. Gunna) [cached]

Searching: 6ix9ine Featuring A Boogie Wit da Hoodie: WAKA

	6ix9ine: WAKA [cached]

Searching: XXXTENTACION: I Don't Let Go

	XXXTENTACION: I don’t let go [cached]

Searching: Camila Cabello: Consequences

	Camila Cabello: Consequences [cached]

Searching: Jhene Aiko: Triggered

	Jhené Aiko: Triggered (freestyle) [cached]

Searching: Tyler, The Creator: I Think

	Tyler, The Creator: I THINK [cached]

Searching: Taylor Swift: I Think He Knows

	Taylor Swift: I Think He Knows [cached]

Searching: Dierks Bentley: Living

	Dierks Bentley: Living [cached]

Searching: DaBaby Featuring Migos: RAW SHIT

	DaBaby: RAW SHIT (feat. Migos) [cached]

Searching: Kanye West Featuring Ant Clemons: Water

	Kanye West: Water [cached]

Searching: Lil Uzi Vert: Bust Me

	Lil Uzi Vert: Bust Me [cached]

Searching: Drake: Losses

	Drake: Losses [cached]

Searching: Juice WRLD: Man Of The Year

	Juice WRLD: Man Of The Year [cached]

Searching: J. Cole: Lion King On Ice

	J. Cole: Lion King On Ice [cached]

Searching: Pooh Shiesty Featuring BIG30: Neighbors

	Pooh Shiesty: Neighbors (feat. BIG30) [cached]

Searching: Nipsey Hussle & JAY-Z: What It Feels Like

	Nipsey Hussle: What It Feels Like [cached]

Searching: Taylor Swift Featuring Maren Morris: You All Over Me (Taylor's Version) (From The Vault)

	Taylor Swift: You All Over Me (feat. Maren Morris) (Taylor’s Version) (From The Vault) [cached]

Searching: City Girls: Twerkulator

	City Girls: Twerkulator [cached]

Searching: Sleepy Hallow: 2055

	Sleepy Hallow: 2055 [cached]

Searching: Tainy, Bad Bunny & Julieta Venegas: Lo Siento BB:/
=========> Tainy  Bad Bunny   Julieta Venegas: Lo Siento BB

	Tainy: Lo Siento BB:/ (with Bad Bunny & Julieta Venegas)

Searching: Dustin Lynch Featuring Lauren Alaina Or MacKenzie Porter: Thinking 'Bout You

	Dustin Lynch: Thinking 'Bout You (feat. MacKenzie Porter) [cached]
