Found 274/301 = 91%
27 not found: 
Lucille Starr: The French Song
Mary Wells: Never, Never Leave Me
Brenda Lee: Truly, Truly, True
Al Martino: More Than The Eye Can See
The Magistrates: Here Come The Judge
Tommy Leonetti: Kum Ba Yah
Salvage: Hot Pants
Rose Colored Glass: Can't Find The Time
Ray Charles: What Am I Living For
Sam Neely: I Fought The Law
Cheech & Chong: (How I Spent My Summer Vacation) Or A Day At The Beach With Pedro & Man - P
Billy "Crash" Craddock: Easy As Pie
Merrilee Rush: Save Me
Tony Orlando: Sweets For My Sweet
Hotel: You've Got Another Thing Coming
Kim Carnes: You Make My Heart Beat Faster
Jenny Burton & Patrick Jude: Strangers In A Strange World
Dennis DeYoung: Call Me
Blue Zone U.K.: Jackie
Seiko & Donnie Wahlberg: The Right Combination
Donny Osmond: Sure Lookin'
The Peace Choir: Give Peace A Chance
Latin Alliance Featuring War: Low Rider (On The Boulevard)
P.M. Dawn: The Ways Of The Wind
Ol' Dirty Bastard: Brooklyn Zoo
Three 6 Mafia Featuring Chamillionaire: Doe Boy Fresh
The Smashing Pumpkins: Tarantula
--------- log -----------
Searching: Bobby Freeman: Need Your Love

	Bobby Freeman: Need Your Love [cached]

Searching: Bobby Day: The Bluebird, The Buzzard & The Oriole

	Bobby Day: The Bluebird, The Buzzard And The Oriole [cached]

Searching: Johnny Horton: Johnny Reb

	Johnny Horton: Johnny Reb [cached]

Searching: Johnny Tillotson: True True Happiness

	Johnny Tillotson: True True Happiness [cached]

Searching: Fabian: Got The Feeling

	Fabian: Got The Feeling [cached]

Searching: Frankie Avalon: Two Fools

	Frankie Avalon: Two Fools [cached]

Searching: Webb Pierce: No Love Have I

	Webb Pierce: No Love Have I [cached]

Searching: Ernie Fields & Orch.: Chattanooga Choo Choo

	Ernie Fields Orchestra: Chattanooga Choo Choo [cached]

Searching: The Drifters: Lonely Winds

	The Drifters: Lonely Winds [cached]

Searching: Rusty Draper: Please Help Me, I'm Falling

	Rusty Draper: Please Help Me I'm Falling [cached]

Searching: Joanie Sommers: One Boy

	Joanie Sommers: One Boy [cached]

Searching: Bing Crosby: Silent Night

	Bing Crosby: Silent Night - 1942 Single Version [cached]

Searching: The Flamingos: Your Other Love

	The Flamingos: Your Other Love [cached]

Searching: Freddy Cannon: Muskrat Ramble

	Freddy Cannon: Muskrat Ramble - Remastered [cached]

Searching: Bobby Rydell: Cherié

	Bobby Rydell: Cherie [cached]

Searching: Johnny Horton: Sleepy-Eyed John

	Johnny Horton: Sleepy-Eyed John [cached]

Searching: Jorgen Ingmann & His Guitar: Anna

	Jørgen Ingmann: Anna [cached]

Searching: The Shirelles: What A Sweet Thing That Was

	The Shirelles: What A Sweet Thing That Was [cached]

Searching: Little Caesar and The Romans: Hully Gully Again

	Little Caesar: Hully Gully Again [cached]

Searching: The Sensations Featuring Yvonne: Music, Music, Music

	The Sensations: Music, Music, Music - Remastered [cached]

Searching: The Ly - Dells: Wizard Of Love

	The Ly-Dells: Wizard of Love [cached]

Searching: The Ventures: Blue Moon

	The Ventures: Blue Moon [cached]

Searching: Etta James: It's Too Soon To Know

	Etta James: It's Too Soon To Know [cached]

Searching: Danny Peppermint and the Jumping Jacks: The Peppermint Twist

	Danny Peppermnt: The Peppermint Twist [cached]

Searching: George Maharis: Love Me As I Love You

	George Maharis: Love Me as I Love You [cached]

Searching: Paul Petersen: Lollipops And Roses

	Paul Petersen: Lollipops and Roses [cached]

Searching: The Isley Brothers: Twistin' With Linda

	The Isley Brothers with Orchestra: Twistin' with Linda [cached]

Searching: Peggy Lee: I'm A Woman

	Peggy Lee: I'm A Woman [cached]

Searching: James Darren: Pin A Medal On Joey

	James Darren: Pin a Medal on Joey [cached]

Searching: Tony Bennett: Don't Wait Too Long

	Tony Bennett: Don't Wait Too Long [cached]

Searching: Rick Nelson: Today's Teardrops

	Ricky Nelson: Today's Teardrops - Remastered [cached]

Searching: Inez Foxx: Hurt By Love

	Inez Foxx: Hurt By Love [cached]

Searching: Lucille Starr: The French Song
=========> Lucille Starr: French Song

	 NOT FOUND

Searching: Eddie Holland: Just Ain't Enough Love

	Eddie Holland: Just Ain't Enough Love [cached]

Searching: Chuck Berry: Little Marie

	Chuck Berry: Little Marie [cached]

Searching: Gale Garnett: Lovin' Place

	Gale Garnett: Lovin' Place [cached]

Searching: Ronny And The Daytonas: Bucket "T"

	Ronny & The Daytonas: Bucket "T" [cached]

Searching: Ronnie Dove: Hello Pretty Girl

	Ronnie Dove: Hello Pretty Girl [cached]

Searching: Jerry Vale: For Mama

	Jerry Vale: For Mama [cached]

Searching: Mary Wells: Never, Never Leave Me
=========> Mary Wells: Never  Never Leave Me

	 NOT FOUND

Searching: Brenda Lee: Truly, Truly, True
=========> Brenda Lee: Truly  Truly  True

	 NOT FOUND

Searching: Esther Phillips: And I Love Him

	Esther Phillips: And I Love Him [cached]

Searching: Jody Miller: Silver Threads And Golden Needles

	Jody Miller: Silver Threads And Golden Needles [cached]

Searching: Glenn Yarbrough: It's Gonna Be Fine

	Glenn Yarbrough: It's Gonna Be Fine [cached]

Searching: Trini Lopez: Sinner Man

	Trini Lopez: Sinner Man [cached]

Searching: Bert Kaempfert And His Orchestra: Bye Bye Blues

	Bert Kaempfert: Bye Bye Blues [cached]

Searching: The Ventures: Secret Agent Man

	The Ventures: Secret Agent Man [cached]

Searching: Little Anthony And The Imperials: Better Use Your Head

	Little Anthony & The Imperials: Better Use Your Head [cached]

Searching: The Standells: Why Pick On Me

	The Standells: Why Pick On Me - Mono Version [cached]

Searching: Sam The Sham and the Pharaohs: Oh That's Good, No That's Bad

	Sam The Sham & The Pharaohs: Oh That's Good, No That's Bad - Single Version [cached]

Searching: Joe Tex: Woman Like That, Yeah

	Joe Tex: Woman Like That , Yeah [cached]

Searching: Ronnie Dove: I Want To Love You For What You Are

	Ronnie Dove: I Want to Love You for What You Are [cached]

Searching: Al Martino: More Than The Eye Can See
=========> Al Martino: More Than Eye Can See

	 NOT FOUND

Searching: Mickey Murray: Shout Bamalama

	Mickey Murray: Shout Bamalama [cached]

Searching: Bobbie Gentry: Okolona River Bottom Band

	Bobbie Gentry: Okolona River Bottom Band [cached]

Searching: Billy Vera & Judy Clay: Storybook Children

	Billy Vera: Storybook Children [cached]

Searching: Glen Campbell: Hey Little One

	Glen Campbell: Hey Little One [cached]

Searching: The Cowsills: In Need Of A Friend

	The Cowsills: In Need Of A Friend [cached]

Searching: The Magistrates: Here Come The Judge
=========> Magistrates: Here Come Judge

	 NOT FOUND

Searching: Sam & Dave: Can't You Find Another Way (Of Doing It)

	Sam & Dave: Can't You Find Another Way (Of Doing It) [cached]

Searching: The Intruders: Slow Drag

	The Intruders: Slow Drag [cached]

Searching: Tommy Leonetti: Kum Ba Yah

	 NOT FOUND

Searching: Bee Gees: Tomorrow Tomorrow

	Bee Gees: Tomorrow Tomorrow [cached]

Searching: Peppermint Rainbow: Don't Wake Me Up In The Morning, Michael

	Peppermint Rainbow: Don't Wake Me Up In The Morning, Michael [cached]

Searching: The Winstons: Love Of The Common People

	The Winstons: Love of the Common People [cached]

Searching: Joe Simon: Moon Walk Part 1

	Joe Simon: Moon Walk Part 1 & Part 2 [cached]

Searching: B.B. King: So Excited

	B.B. King: So Excited [cached]

Searching: Carpenters: Ticket To Ride

	Carpenters: Ticket To Ride [cached]

Searching: Lulu with The Dixie Flyers: Hum A Song (From Your Heart)

	Lulu: Hum A Song (From Your Heart) - 2007 Remastered Version [cached]

Searching: The 5th Dimension: On The Beach (In The Summertime)

	The 5th Dimension: On The Beach - Digitally Remastered 1997 [cached]

Searching: Steppenwolf: Who Needs Ya

	Steppenwolf: Who Needs Ya - Single Version [cached]

Searching: O.V. Wright: Ace Of Spade

	O.V. Wright: Ace Of Spades - Single Version [cached]

Searching: Johnny Cash: Flesh And Blood

	Johnny Cash: Flesh and Blood [cached]

Searching: Emitt Rhodes: Fresh As A Daisy

	Emitt Rhodes: Fresh As A Daisy [cached]

Searching: Brian Hyland: Lonely Teardrops

	Brian Hyland: Lonely Teardrops [cached]

Searching: Salvage: Hot Pants

	 NOT FOUND

Searching: Grand Funk Railroad: Feelin' Alright

	Grand Funk Railroad: Feelin' Alright - Remastered 1999 [cached]

Searching: Susan Raye: L.A. International Airport

	Susan Raye: L.A. International Airport [cached]

Searching: Rose Colored Glass: Can't Find The Time
=========> Rose Colored Glass: Can t Find Time

	 NOT FOUND

Searching: Bobby Sherman: Waiting At The Bus Stop

	Bobby Sherman: Waiting at the Bus Stop [cached]

Searching: Ray Charles: What Am I Living For

	 NOT FOUND

Searching: The Isley Brothers: Lay-Away

	The Isley Brothers: Lay Away [cached]

Searching: The Raiders: Powder Blue Mercedes Queen

	Paul Revere & The Raiders: Powder Blue Mercedes Queen [cached]

Searching: Johnny Mathis: Life Is A Song Worth Singing

	Johnny Mathis: Life Is a Song Worth Singing [cached]

Searching: The Chi-lites: Homely Girl

	The Chi-Lites: Homely Girl [cached]

Searching: The James Gang: Must Be Love

	The James Gang: Must Be Love [cached]

Searching: Hoyt Axton: When The Morning Comes

	Hoyt Axton: When the Morning Comes (Live) [cached]

Searching: C.W. McCall: Old Home Filler-up An' Keep On-a-truckin' Cafe

	C.W. McCall: Old Home Filler-Up An' Keep On A-Truckin' Cafe [cached]

Searching: Sam Neely: I Fought The Law
=========> Sam Neely: I Fought Law

	 NOT FOUND

Searching: T.G. Sheppard: Devil In The Bottle

	T.G. Sheppard: Devil in the Bottle - Rerecorded [cached]

Searching: Michael Jackson: We're Almost There

	Michael Jackson: We're Almost There [cached]

Searching: Mac Davis: (if You Add) All The Love In The World

	Mac Davis: (If You Add) All The Love In The World [cached]

Searching: The Spinners: Sadie

	The Spinners: Sadie [cached]

Searching: Grover Washington, Jr.: Mister Magic

	Grover Washington, Jr.: Mister Magic [cached]

Searching: Cheech & Chong: (How I Spent My Summer Vacation) Or A Day At The Beach With Pedro & Man - P
=========> Cheech: Or A Day At Beach With Pedro   Man

	 NOT FOUND

Searching: Billy "Crash" Craddock: Easy As Pie
=========> Billy  Crash  Craddock: Easy As Pie

	 NOT FOUND

Searching: The Temptations: Keep Holding On

	The Temptations: Keep Holding On [cached]

Searching: Head East: Love Me Tonight

	Head East: Love Me Tonight [cached]

Searching: Bob Dylan: Mozambique

	Bob Dylan: Mozambique [cached]

Searching: Double Exposure: Ten Percent

	Double Exposure: Ten Percent [cached]

Searching: Bay City Rollers: Yesterday's Hero

	Bay City Rollers: Yesterday's Hero [cached]

Searching: David Soul: Going In With My Eyes Open

	David Soul: Going in with my eyes open [cached]

Searching: Merrilee Rush: Save Me

	 NOT FOUND

Searching: George Duke: Reach For It

	George Duke: Reach for It [cached]

Searching: Charlie: She Loves To Be In Love

	Charlie: She Loves to Be In Love [cached]

Searching: Linda Clifford: If My Friends Could See Me Now

	Linda Clifford: If My Friends Could See Me Now - Live [cached]

Searching: Jefferson Starship: Crazy Feelin'

	Jefferson Starship: Crazy Feelin' [cached]

Searching: Peter Brown With Betty Wright: You Should Do It

	Peter Brown: You Should Do It [cached]

Searching: The Jacksons: Blame It On The Boogie

	The Jacksons: Blame It on the Boogie [cached]

Searching: Faith Band: Dancin' Shoes

	Faith Band: Dancin' Shoes [cached]

Searching: Dr. Hook: All The Time In The World

	Dr. Hook: All The Time In The World [cached]

Searching: Waylon: Amanda

	Waylon Jennings: Amanda [cached]

Searching: The Who: Long Live Rock

	The Who: Long Live Rock - Single Mix [cached]

Searching: Tony Orlando: Sweets For My Sweet

	 NOT FOUND

Searching: Hotel: You've Got Another Thing Coming
=========> Hotel: You ve Got Another Thing Coming

	 NOT FOUND

Searching: Fern Kinney: Groove Me

	Fern Kinney: Groove Me [cached]

Searching: Turley Richards: You Might Need Somebody

	Turley Richards: You Might Need Somebody [cached]

Searching: Gerry Rafferty: The Royal Mile (Sweet Darlin')

	Gerry Rafferty: The Royal Mile [cached]

Searching: Commodores: Heroes

	Commodores: Heroes [cached]

Searching: Melissa Manchester & Peabo Bryson: Lovers After All

	Melissa Manchester & Peabo Bryson: Lovers After All [cached]

Searching: Dave Edmunds: Almost Saturday Night

	Dave Edmunds: Almost Saturday Night [cached]

Searching: Robbie Dupree: Brooklyn Girls

	Robbie Dupree: Brooklyn Girls [cached]

Searching: Styx: Nothing Ever Goes As Planned

	Styx: Nothing Ever Goes As Planned [cached]

Searching: Johnny Lee: Bet Your Heart On Me

	Johnny Lee: Bet Your Heart on Me [cached]

Searching: Stevie Wonder: Ribbon In The Sky

	Stevie Wonder: Ribbon In The Sky [cached]

Searching: Night Ranger: Sing Me Away

	Night Ranger: Sing Me Away [cached]

Searching: Linda Ronstadt: Easy For You To Say

	Linda Ronstadt: Easy for You to Say - 1999 Remaster [cached]

Searching: Roman Holliday: Stand By

	Roman Holliday: Stand By [cached]

Searching: Commodores: Only You

	Commodores: Only You [cached]

Searching: The Alan Parsons Project: You Don't Believe

	The Alan Parsons Project: You Don't Believe [cached]

Searching: Eddie Money: Big Crash

	Eddie Money: The Big Crash [cached]

Searching: Kim Carnes: You Make My Heart Beat Faster

	 NOT FOUND

Searching: Motley Crue: Looks That Kill

	Mötley Crüe: Looks That Kill [cached]

Searching: The Temptations: Sail Away

	The Temptations: Sail Away [cached]

Searching: Jenny Burton & Patrick Jude: Strangers In A Strange World
=========> Jenny Burton: Strangers In A Strange World

	 NOT FOUND

Searching: Glenn Frey: The Allnighter

	Glenn Frey: The Allnighter [cached]

Searching: Jermaine Jackson & Pia Zadora: When The Rain Begins To Fall

	Jermaine Jackson: When the Rain Begins to Fall [cached]

Searching: John Waite: Change

	John Waite: Change [cached]

Searching: Bon Jovi: Only Lonely

	Bon Jovi: Only Lonely [cached]

Searching: Foreigner: Reaction To Action

	Foreigner: Reaction to Action [cached]

Searching: Tom Petty And The Heartbreakers: Make It Better (Forget About Me)

	Tom Petty and the Heartbreakers: Make It Better (Forget About Me) [cached]

Searching: Go West: Call Me

	Go West: Call Me [cached]

Searching: Sade: Your Love Is King

	Sade: Your Love Is King [cached]

Searching: Julian Lennon: Jesse

	Julian Lennon: Jesse [cached]

Searching: Foreigner: Down On Love

	Foreigner: Down on Love [cached]

Searching: Talking Heads: And She Was

	Talking Heads: And She Was - 2005 Remaster [cached]

Searching: Pat Benatar: Le Bel Age (The Best Years)

	Pat Benatar: Le Bel Age [cached]

Searching: Dennis DeYoung: Call Me

	 NOT FOUND

Searching: INXS: Listen Like Thieves

	INXS: Listen Like Thieves [cached]

Searching: Heart: If Looks Could Kill

	Heart: If Looks Could Kill [cached]

Searching: Thompson Twins: Nothing In Common

	Thompson Twins: Nothing In Common [cached]

Searching: Sammy Hagar: Winner Takes It All

	Sammy Hagar: Winner Takes It All - From "Over The Top" Soundtrack [cached]

Searching: Lou Gramm: Ready Or Not

	Lou Gramm: Ready or Not [cached]

Searching: The Cure: Why Can't I Be You?

	The Cure: Why Can't I Be You? [cached]

Searching: Deja: You And Me Tonight

	Déjà Vu: You And Me And The Bottle Makes Three Tonight [cached]

Searching: Carly Simon: All I Want Is You

	Carly Simon: All I Want Is You [cached]

Searching: Cyndi Lauper: Hole In My Heart (All The Way To China)

	Cyndi Lauper: Hole in My Heart [cached]

Searching: Blue Zone U.K.: Jackie
=========> Blue Zone U K: Jackie

	 NOT FOUND

Searching: L'Trimm: Cars With The Boom

	L'Trimm: Cars With The Boom [cached]

Searching: Fine Young Cannibals: I'm Not The Man I Used To Be

	Fine Young Cannibals: I'm Not the Man I Used to Be [cached]

Searching: Soul II Soul: Get A Life

	Soul II Soul: Get A Life [cached]

Searching: Young And Restless: "B" Girls

	Young & Restless: B Girls [cached]

Searching: Alisha: Bounce Back

	Alisha: Bounce Back [cached]

Searching: Seiko & Donnie Wahlberg: The Right Combination
=========> Seiko: Right Combination

	 NOT FOUND

Searching: M.C. Hammer: Here Comes The Hammer

	MC Hammer: Here Comes The Hammer [cached]

Searching: Donny Osmond: Sure Lookin'
=========> Donny Osmond: Sure Lookin

	 NOT FOUND

Searching: The Peace Choir: Give Peace A Chance
=========> Peace Choir: Give Peace A Chance

	 NOT FOUND

Searching: B Angie B: I Don't Want To Lose Your Love

	B Angie B: I Don't Want To Lose Your Love [cached]

Searching: Tracie Spencer: This Time Make It Funky

	Tracie Spencer: This Time Make It Funky [cached]

Searching: Coro: My Fallen Angel

	Coro: My Fallen Angel [cached]

Searching: Young M.C.: That's The Way Love Goes

	Young M.C.: That's The Way Love Goes [cached]

Searching: Latin Alliance Featuring War: Low Rider (On The Boulevard)
=========> Latin Alliance: Low Rider

	 NOT FOUND

Searching: The Brand New Heavies Featuring N'Dea Davenport: Never Stop

	The Brand New Heavies: Never Stop [cached]

Searching: Eddie Money: Fall In Love Again

	Eddie Money: Fall In Love Again [cached]

Searching: Ralph Tresvant: Money Can't Buy You Love (From "Mo' Money")

	Ralph Tresvant: Money Can't Buy You Love - Remastered [cached]

Searching: The Rembrandts: Johnny Have You Seen Her?

	The Rembrandts: Johnny Have You Seen Her? [cached]

Searching: P.M. Dawn: The Ways Of The Wind
=========> P M  Dawn: Ways Of Wind

	 NOT FOUND

Searching: Zapp & Roger: Mega Medley

	Zapp: Mega Medley [cached]

Searching: Ice Cube: Really Doe

	Ice Cube: Really Doe - Remastered [cached]

Searching: SWV: Always On My Mind

	SWV: You're Always On My Mind [cached]

Searching: Queen Latifah: Just Another Day

	Queen Latifah: Just Another Day... [cached]

Searching: Huey Lewis & The News: But It's Alright

	Huey Lewis & The News: But It's Alright [cached]

Searching: Freedy Johnston: Bad Reputation

	Freedy Johnston: Bad Reputation [cached]

Searching: Channel Live: Mad Izm

	Channel Live: Mad Izm [cached]

Searching: Ol' Dirty Bastard: Brooklyn Zoo
=========> Ol  Dirty Bastard: Brooklyn Zoo

	 NOT FOUND

Searching: K7: Move It Like This

	K7: Move It Like This - Alternative Mix [cached]

Searching: Yaki-Da: I Saw You Dancing

	Yaki-Da: I Saw You Dancing [cached]

Searching: Brownstone: I Can't Tell You Why

	Brownstone: I Can't Tell You Why [cached]

Searching: Bruce Hornsby: Walk In The Sun

	Bruce Hornsby: Walk In The Sun [cached]

Searching: The Dove Shack: Summertime In The LBC (From "The Show")

	The Dove Shack: Summertime in the LBC [cached]

Searching: Silk: Hooked On You

	Silk: Hooked on You [cached]

Searching: Robert Miles Featuring Maria Nayler: One And One

	Robert Miles: One & One (feat. Maria Nayler) [cached]

Searching: Rod Stewart: If We Fall In Love Tonight

	Rod Stewart: If We Fall in Love Tonight [cached]

Searching: Tori Amos: Jackie's Strength

	Tori Amos: Jackie's Strength [cached]

Searching: The Smashing Pumpkins: Perfect

	The Smashing Pumpkins: Perfect [cached]

Searching: Brand Nubian: Don't Let It Go To Your Head

	Brand Nubian: Don't Let It Go To Your Head [cached]

Searching: Mack 10 Featuring Gerald Levert: Money's Just A Touch Away

	Mack 10: Money's Just A Touch Away [cached]

Searching: Reba: One Honest Heart

	Reba McEntire: One Honest Heart [cached]

Searching: Joey McIntyre: I Love You Came Too Late

	Joey McIntyre: I Love You Came Too Late [cached]

Searching: Kelis: Caught Out There

	Kelis: Caught Out There [cached]

Searching: Toby Keith: Country Comes To Town

	Toby Keith: Country Comes To Town [cached]

Searching: Faith Hill With Tim McGraw: Let's Make Love

	Faith Hill: Let's Make Love [cached]

Searching: Beenie Man Featuring Mya: Girls Dem Sugar

	Beenie Man: Girls Dem Sugar [cached]

Searching: BBMak: Still On Your Side

	BBMAK: Still on Your Side [cached]

Searching: Donell Jones: You Know That I Love You

	Donell Jones: You Know That I Love You [cached]

Searching: Carolyn Dawn Johnson: I Don't Want You To Go

	Carolyn Dawn Johnson: I Don't Want You To Go - Country Version [cached]

Searching: Kellie Coffey: When You Lie Next To Me

	Kellie Coffey: When You Lie Next To Me [cached]

Searching: Las Ketchup: The Ketchup Song (Hey Hah)

	Las Ketchup: The Ketchup Song (Aserejé) - Spanglish Version [cached]

Searching: Obie Trice: Got Some Teeth

	Obie Trice: Got Some Teeth [cached]

Searching: Sarah Connor: Bounce

	Sarah Connor: Bounce - Original Version [cached]

Searching: Alan Jackson: Monday Morning Church

	Alan Jackson: Monday Morning Church [cached]

Searching: Snoop Dogg: Let's Get Blown

	Snoop Dogg: Let's Get Blown [cached]

Searching: George Strait: You'll Be There

	George Strait: You'll Be There [cached]

Searching: LeAnn Rimes: Probably Wouldn't Be This Way

	LeAnn Rimes: Probably Wouldn't Be This Way [cached]

Searching: George Strait: She Let Herself Go

	George Strait: She Let Herself Go [cached]

Searching: Rick Ross: Hustlin'

	Rick Ross: Hustlin' [cached]

Searching: The Raconteurs: Steady, As She Goes

	The Raconteurs: Steady, As She Goes [cached]

Searching: The Killers Featuring Toni Halliday: A Great Big Sled

	The Killers: A Great Big Sled [cached]

Searching: Jordan Pruitt: Jump To The Rhythm

	Jordan Pruitt: Jump To The Rhythm [cached]

Searching: Jibbs Featuring Chamillionaire: King Kong

	Jibbs: King Kong [cached]

Searching: Three 6 Mafia Featuring Chamillionaire: Doe Boy Fresh
=========> Three 6 Mafia: Doe Boy Fresh

	 NOT FOUND

Searching: Sugarland: Settlin'

	Sugarland: Settlin' [cached]

Searching: The Smashing Pumpkins: Tarantula
=========> Smashing Pumpkins: Tarantula

	 NOT FOUND

Searching: Gwen Stefani: 4 In The Morning

	Gwen Stefani: 4 In The Morning [cached]

Searching: Celine Dion: Taking Chances

	Céline Dion: Taking Chances [cached]

Searching: Paramore: crushcrushcrush

	Paramore: crushcrushcrush [cached]

Searching: Chris Cagle: What Kinda Gone

	Chris Cagle: What Kinda Gone [cached]

Searching: Alicia Keys: Teenage Love Affair

	Alicia Keys: Teenage Love Affair [cached]

Searching: Brooks & Dunn: Put A Girl In It

	Brooks & Dunn: Put a Girl in It [cached]

Searching: George Strait: Troubadour

	George Strait: Troubadour [cached]

Searching: Ne-Yo Featuring Jamie Foxx & Fabolous: She Got Her Own
=========> Ne Yo: She Got Her Own

	Ne-Yo: She Got Her Own

Searching: Birdman Featuring Lil Wayne: Always Strapped

	Birdman: Always Strapped [cached]

Searching: Flo Rida Featuring Nelly Furtado: Jump

	Flo Rida: Jump (feat. Nelly Furtado) [cached]

Searching: T.I.: Hell Of A Life

	The Sloppy Boys: I'm One Hell of a Dude [cached]

Searching: David Nail: Red Light

	David Nail: Red Light [cached]

Searching: Snow Patrol Featuring Martha Wainwright: Set The Fire To The Third Bar

	Snow Patrol: Set The Fire To The Third Bar [cached]

Searching: Robin Thicke: Sex Therapy

	Robin Thicke: Sex Therapy [cached]

Searching: Miranda Cosgrove: Kissin U

	Miranda Cosgrove: Kissin U [cached]

Searching: Glee Cast: Bad Romance

	Glee Cast: Bad Romance (Glee Cast Version) [cached]

Searching: Glee Cast: Baby One More Time

	Glee Cast: Baby One More Time (Glee Cast Version) [cached]

Searching: Nelly Featuring T-Pain & Akon: Move That Body

	Nelly: Move That Body [cached]

Searching: Taylor Swift: Dear John

	Taylor Swift: Dear John [cached]

Searching: Kid Cudi: Marijuana

	Kid Cudi: Marijuana [cached]

Searching: Jesse McCartney: Shake

	Jesse McCartney: Shake [cached]

Searching: Glee Cast: Valerie

	Glee Cast: Valerie - Glee Cast Version [cached]

Searching: Dia Frampton: Losing My Religion

	Dia Frampton: Losing My Religion - The Voice Performance [cached]

Searching: Keith Urban: You Gonna Fly

	Keith Urban: You Gonna Fly [cached]

Searching: Brad Paisley: Southern Comfort Zone

	Brad Paisley: Southern Comfort Zone [cached]

Searching: Hunter Hayes: Somebody's Heartbreak

	Hunter Hayes: Somebody's Heartbreak [cached]

Searching: Britney Spears: Ooh La La

	Britney Spears: Ooh La La (from "The Smurfs 2") [cached]

Searching: Justin Bieber Featuring R. Kelly: PYD

	Justin Bieber: PYD [cached]

Searching: YG Featuring Drake: Who Do You Love?

	YG: Who Do You Love? [cached]

Searching: Iggy Azalea: Work

	Iggy Azalea: Work [cached]

Searching: Brad Paisley: River Bank

	Brad Paisley: River Bank [cached]

Searching: Chase Rice: Ready Set Roll

	Chase Rice: Ready Set Roll [cached]

Searching: Maddie & Tae: Girl In A Country Song

	Maddie & Tae: Girl In A Country Song [cached]

Searching: Jason Aldean: Just Gettin' Started

	Jason Aldean: Just Gettin' Started [cached]

Searching: The Weeknd: Tell Your Friends

	The Weeknd: Tell Your Friends [cached]

Searching: K Camp: Comfortable

	K CAMP: Comfortable [cached]

Searching: Kenny Chesney: Save It For A Rainy Day

	Kenny Chesney: Save It for a Rainy Day [cached]

Searching: One Direction: Infinity

	One Direction: Infinity [cached]

Searching: Justin Bieber Featuring Travi$ Scott: No Sense

	Justin Bieber: No Sense [cached]

Searching: Blake Shelton: Gonna

	Blake Shelton: Gonna [cached]

Searching: Jason Aldean: Gonna Know We Were Here

	Jason Aldean: Gonna Know We Were Here [cached]

Searching: Gwen Stefani: Make Me Like You

	Gwen Stefani: Make Me Like You [cached]

Searching: Keith Urban: Break On Me.

	Keith Urban: Break On Me [cached]

Searching: Kanye West: Pt. 2

	Kanye West: Pt. 2 [cached]

Searching: Drake: Weston Road Flows

	Drake: Weston Road Flows [cached]

Searching: Wale: My PYT

	Wale: MY PYT [cached]

Searching: Lil Uzi Vert: Money Longer

	Lil Uzi Vert: Money Longer [cached]

Searching: J. Cole: False Prophets

	J. Cole: False Prophets [cached]

Searching: KALEO: Way Down We Go

	KALEO: Way down We Go [cached]

Searching: Nick Jonas & Nicki Minaj: Bom Bidi Bom

	Nick Jonas: Bom Bidi Bom [cached]

Searching: Future: Rent Money

	Future: Rent Money [cached]

Searching: Michael Ray: Think A Little Less

	Michael Ray: Think a Little Less [cached]

Searching: Drake Featuring Kanye West: Glow

	Drake: Glow [cached]

Searching: Kendrick Lamar: Blood.

	Kendrick Lamar: BLOOD. [cached]

Searching: Famous Dex Featuring A$AP Rocky: Pick It Up

	Famous Dex: PICK IT UP (feat. A$AP Rocky) [cached]

Searching: Bad Wolves: Zombie

	Bad Wolves: Zombie [cached]

Searching: Childish Gambino: Feels Like Summer

	Childish Gambino: Feels Like Summer [cached]

Searching: Lil Baby & Gunna Featuring Lil Durk & NAV: Off White VLONE

	Lil Baby: Off White VLONE (Lil Baby & Gunna feat. Lil Durk & NAV) [cached]

Searching: TakeOff: Last Memory

	Takeoff: Last Memory [cached]

Searching: Meek Mill Featuring Ella Mai: 24/7

	Meek Mill: 24/7 (feat. Ella Mai) [cached]

Searching: Luke Bryan: What Makes You Country

	Luke Bryan: What Makes You Country [cached]

Searching: Miley Cyrus: Mother's Daughter

	Miley Cyrus: Mother's Daughter [cached]

Searching: Chris Young: Raised On Country

	Chris Young: Raised on Country [cached]

Searching: Lil Baby: Get Ugly

	Lil Baby: Get Ugly [cached]

Searching: Lil Uzi Vert Featuring Future: Wassup

	Lil Uzi Vert: Wassup (feat. Future) [cached]

Searching: Tory Lanez: Stupid Again

	Tory Lanez: Stupid Again [cached]

Searching: Future Featuring Lil Uzi Vert: All Bad

	Future: All Bad (feat. Lil Uzi Vert) [cached]

Searching: NLE Choppa: Shotta Flow 5

	NLE Choppa: Shotta Flow 5 [cached]

Searching: J. Cole: Snow On Tha Bluff

	J. Cole: Snow On Tha Bluff [cached]

Searching: Pop Smoke Featuring Quavo & Future: Snitchin

	Pop Smoke: Snitching (feat. Quavo & Future) [cached]

Searching: Future & Lil Uzi Vert: Real Baby Pluto

	Future: Real Baby Pluto [cached]

Searching: Miley Cyrus Featuring Dua Lipa: Prisoner

	Miley Cyrus: Prisoner (feat. Dua Lipa) [cached]

Searching: Kid Cudi, Skepta & Pop Smoke: Show Out

	Kid Cudi: Show Out (with Skepta & Pop Smoke) [cached]

Searching: Carrie Underwood & John Legend: Hallelujah

	Carrie Underwood: Hallelujah [cached]

Searching: Moneybagg Yo: If Pain Was A Person

	Moneybagg Yo: If Pain Was A Person [cached]

Searching: DJ Khaled Featuring Justin Bieber & 21 Savage: Let It Go

	DJ Khaled: LET IT GO (feat. Justin Bieber & 21 Savage) [cached]

Searching: AJR: Way Less Sad

	AJR: Way Less Sad [cached]

Searching: Pop Smoke Featuring 21 Savage & 42 Dugg: Bout A Million

	Pop Smoke: Bout A Million (feat. 42 Dugg & 21 Savage) [cached]
