Found 247/267 = 93%
20 not found: 
Charlie Blackwell: Midnight Oil
Conway Twitty: Whole Lot Of Shakin' Going On
Thelma Carpenter: Yes, I'm Lonesome Tonight
The Matys Bros.: Who Stole The Keeshka?
Boston Pops Orchestra Arthur Fiedler: I Want To Hold Your Hand
Ray Charles: No One To Cry To
The Rag Dolls: Dusty
The Reflections: Poor Man's Son
The Thirteenth Floor Elevators: You're Gonna Miss Me
Hugh Masekela: Riot
The Village Soul Choir: The Cat Walk
Denise LaSalle: Man Sized Job
Jim Capaldi: It's All Right
The Eleventh Hour: Hollywood Hot
Olivia Newton-John: Every Face Tells A Story
Mesa: Sailing Ships
Kayak: I Want You To Be Mine
Lenny LeBlanc: Somebody Send My Baby Home
More Stars On 45: More Stars
Dixie Chicks: Some Days You Gotta Dance
--------- log -----------
Searching: The Three G's: Let's Go Steady For The Summer

	The Three G's: Let's Go Steady for the Summer [cached]

Searching: Charlie Blackwell: Midnight Oil

	 NOT FOUND

Searching: Ritchie Valens: That's My Little Suzie

	Ritchie Valens: That's My Little Suzie [cached]

Searching: Buddy Knox: I Think I'm Gonna Kill Myself

	Buddy Knox: I Think I'm Gonna Kill Myself [cached]

Searching: The McGuire Sisters: Summer Dreams

	The McGuire Sisters: Summer Dreams [cached]

Searching: Arthur Lyman: Taboo

	Arthur Lyman: Taboo Tu [cached]

Searching: The Tassels: To A Soldier Boy

	The Tassels: To A Soldier Boy [cached]

Searching: Kitty Kallen: That Old Feeling

	Kitty Kallen: That Old Feeling [cached]

Searching: Debbie Reynolds: City Lights

	Debbie Reynolds: City Lights [cached]

Searching: Conway Twitty: Whole Lot Of Shakin' Going On
=========> Conway Twitty: Whole Lot Of Shakin  Going On

	 NOT FOUND

Searching: Ray Charles: Hardhearted Hannah

	Ray Charles: Hardhearted Hannah

Searching: Thelma Carpenter: Yes, I'm Lonesome Tonight
=========> Thelma Carpenter: Yes  I m Lonesome Tonight

	 NOT FOUND

Searching: Lawrence Welk And His Orchestra: (Theme from) My Three Sons

	Lawrence Welk and His Orchestra: Theme From 'My Three Sons' [cached]

Searching: Etta James: Dream

	Etta James: Girl Of My Dreams - Single Version [cached]

Searching: The Tokens: B'wa Nina (Pretty Girl)

	The Tokens: B'wa Nina (Pretty Girl) [cached]

Searching: Elvis Presley With The Jordanaires: Just Tell Her Jim Said Hello

	Elvis Presley: Just Tell Her Jim Said Hello [cached]

Searching: Chuck Jackson: I Keep Forgettin'

	Chuck Jackson: I Keep Forgettin' [cached]

Searching: Earl Grant: Sweet Sixteen Bars

	Earl Grant: Sweet Sixteen Bars [cached]

Searching: The Matys Bros.: Who Stole The Keeshka?
=========> Matys Bros: Who Stole Keeshka

	 NOT FOUND

Searching: George McCurn: I'm Just A Country Boy

	George McCurn: I'm Just a Country Boy [cached]

Searching: The Rocky Fellers: Like The Big Guys Do

	The Rocky Fellers: Like The Big Guys Do [cached]

Searching: Chubby Checker: Surf Party

	Chubby Checker: (We're Gone) Surfin' [cached]

Searching: The Rooftop Singers: Mama Don't Allow

	The Rooftop Singers: Mama Don't Allow [cached]

Searching: James Brown And The Famous Flames: These Foolish Things

	James Brown: These Foolish Things Remind Me Of You [cached]

Searching: Billy Abbott And The Jewels: Groovy Baby

	Billy Abbott And The Jewels: Groovy Baby [cached]

Searching: Bobby Vee: Yesterday And You (Armen's Theme)

	Bobby Vee: Armen’s Theme (Yesterday And You) [cached]

Searching: The Orlons: Bon-Doo-Wah

	The Orlons: Bon-doo-wah [cached]

Searching: The Marvelettes: He's A Good Guy (Yes He Is)

	The Marvelettes: He's A Good Guy (Yes He Is) - Single Version [cached]

Searching: Boston Pops Orchestra Arthur Fiedler: I Want To Hold Your Hand

	 NOT FOUND

Searching: Ray Charles: No One To Cry To

	 NOT FOUND

Searching: The Rag Dolls: Dusty
=========> Rag Dolls: Dusty

	 NOT FOUND

Searching: Billy Strange: Goldfinger

	Billy Strange: Goldfinger [cached]

Searching: The Reflections: Poor Man's Son
=========> Reflections: Poor Man s Son

	 NOT FOUND

Searching: Chuck Jackson & Maxine Brown: Something You Got

	Chuck Jackson: Something You Got [cached]

Searching: Elvis Presley With The Jordanaires: It Feels So Right

	Elvis Presley: It Feels So Right [cached]

Searching: Maxine Brown: One Step At A Time

	Maxine Brown: One Step at a Time [cached]

Searching: The Barbarians: Are You A Boy Or Are You A Girl

	The Barbarians: Are You A Boy Or Are You A Girl? [cached]

Searching: The Mindbenders: Ashes To Ashes

	The Mindbenders: Ashes to Ashes - Live: 22nd August 1966 [cached]

Searching: The Sidekicks: Suspicions

	The Sidekicks: Suspicions [cached]

Searching: Syndicate Of Sound: Rumors

	Syndicate Of Sound: Rumors [cached]

Searching: The Thirteenth Floor Elevators: You're Gonna Miss Me
=========> Thirteenth Floor Elevators: You re Gonna Miss Me

	 NOT FOUND

Searching: Darrell Banks: Somebody (Somewhere) Needs You

	Darrell Banks: Somebody (Somewhere Needs You) [cached]

Searching: The Critters: Bad Misunderstanding

	The Critters: Bad Misunderstanding [cached]

Searching: Lou Rawls: You Can Bring Me All Your Heartaches

	Lou Rawls: You Can Bring Me All Your Heartaches [cached]

Searching: Dean Martin: (Open Up The Door) Let The Good Times In

	Dean Martin: (Open up the Door) Let the Good Times In [cached]

Searching: The Emperor's: Karate

	The Emperors: Karate Boogaloo [cached]

Searching: The Artistics: I'm Gonna Miss You

	The Artistics: I'm Gonna Miss You [cached]

Searching: The Rolling Stones: Let's Spend The Night Together

	The Rolling Stones: Let's Spend The Night Together [cached]

Searching: James Brown And The Famous Flames: Kansas City

	James Brown: Kansas City [cached]

Searching: Dean Martin: Lay Some Happiness On Me

	Dean Martin: Lay Some Happiness on Me [cached]

Searching: Fantastic Four: You Gave Me Something (And Everything's Alright)

	The Fantastic Four: You Gave Me Something (And Everything's Alright) [cached]

Searching: Wilson Pickett: Soul Dance Number Three

	Wilson Pickett: Soul Dance Number Three [cached]

Searching: Peaches & Herb: The Ten Commandments Of Love

	Peaches & Herb: The Ten Commandments of Love [cached]

Searching: Flatt & Scruggs: Foggy Mountain Breakdown

	Flatt & Scruggs: Foggy Mountain Breakdown [cached]

Searching: Roger Williams: The Impossible Dream

	Roger Williams: The Impossible Dream [cached]

Searching: James Brown And The Famous Flames: I Guess I'll Have To Cry, Cry, Cry

	James Brown: I Guess I'll Have To Cry Cry Cry [cached]

Searching: Jackie DeShannon: The Weight

	Jackie DeShannon: The Weight - Remastered [cached]

Searching: Nancy Wilson: Peace Of Mind

	Nancy Wilson: Peace Of Mind [cached]

Searching: Jeannie C. Riley: The Girl Most Likely

	Jeannie C. Riley: The Girl Most Likely [cached]

Searching: Hugh Masekela: Riot

	 NOT FOUND

Searching: Judy Collins: Someday Soon

	Judy Collins: Someday Soon [cached]

Searching: Johnny Rivers: These Are Not My People

	Johnny Rivers: These Are Not My People [cached]

Searching: Piero Umiliani: Máh-Ná-Mah-Ná

	Piero Umiliani: Mah Nà Mah Nà [cached]

Searching: Luther Ingram: My Honey And Me

	Luther Ingram: My Honey And Me [cached]

Searching: Fleetwood Mac: Oh Well - Pt. I

	Fleetwood Mac: Oh Well (Pt. 1) - 2013 Remaster [cached]

Searching: The Village Soul Choir: The Cat Walk
=========> Village Soul Choir: Cat Walk

	 NOT FOUND

Searching: Neil Young & Crazy Horse: Cinnamon Girl

	Neil Young: Cinnamon Girl - Live [cached]

Searching: Frijid Pink: Sing A Song For Freedom

	Frijid Pink: Sing a Song for Freedom [cached]

Searching: Donovan: Riki Tiki Tavi

	Donovan: Riki Tiki Tavi [cached]

Searching: Shirley Bassey: Something

	Shirley Bassey: Something - 1994 Remastered Version [cached]

Searching: Sugarloaf: Tongue In Cheek

	Sugarloaf: Tongue In Cheek [cached]

Searching: Brewer And Shipley: Tarkio Road

	Brewer & Shipley: Tarkio Road [cached]

Searching: The Supremes & Four Tops: You Gotta Have Love In Your Heart

	The Supremes: You Gotta Have Love In Your Heart [cached]

Searching: Denise LaSalle: Man Sized Job

	 NOT FOUND

Searching: The Grass Roots: Love Is What You Make It

	The Grass Roots: Love Is What You Make It [cached]

Searching: Betty Wright: Let Me Be Your Lovemaker

	Betty Wright: Let Me Be Your Lovemaker [cached]

Searching: Bob Dylan: A Fool Such As I

	Bob Dylan: A Fool Such As I [cached]

Searching: The Isley Brothers: What It Comes Down To

	The Isley Brothers: What It Comes Down To [cached]

Searching: Earth, Wind & Fire: Kalimba Story

	Earth, Wind & Fire: Kalimba Story [cached]

Searching: The Wombles: Wombling Summer Party

	The Wombles: Non Stop Wombling Summer Party [cached]

Searching: Four Tops: Midnight Flower

	Four Tops: Midnight Flower [cached]

Searching: Cheech & Chong: Black Lassie (Featuring Johnny Stash)

	Cheech & Chong: Black Lassie [cached]

Searching: Jim Capaldi: It's All Right
=========> Jim Capaldi: It s All Right

	 NOT FOUND

Searching: Tom T. Hall: Sneaky Snake

	Tom T. Hall: Sneaky Snake [cached]

Searching: Jim Gilstrap: Swing Your Daddy

	Jim Gilstrap: Swing Your Daddy [cached]

Searching: Orleans: Let There Be Music

	Orleans: Let There Be Music [cached]

Searching: Sha Na Na: (Just Like) Romeo And Juliet

	Sha Na Na: Just Like Romeo & Juliet [cached]

Searching: The Eleventh Hour: Hollywood Hot
=========> Eleventh Hour: Hollywood Hot

	 NOT FOUND

Searching: Kool & The Gang: Caribbean Festival

	Kool & The Gang: Caribbean Festival [cached]

Searching: Jermaine Jackson: Let's Be Young Tonight

	Jermaine Jackson: Let's Be Young Tonight [cached]

Searching: Olivia Newton-John: Every Face Tells A Story
=========> Olivia Newton John: Every Face Tells A Story

	 NOT FOUND

Searching: Dr. Hook: If Not You

	Dr. Hook: If Not You [cached]

Searching: Kool & The Gang: Open Sesame - Part 1

	Kool & The Gang: Open Sesame - Original 12" Extended Version [cached]

Searching: Mesa: Sailing Ships

	 NOT FOUND

Searching: John Denver: I Want To Live

	John Denver: How Can I Leave You Again [cached]

Searching: Kayak: I Want You To Be Mine

	 NOT FOUND

Searching: Walter Egan: Hot Summer Nights

	Walter Egan: Hot Summer Nights - Pond Mix, Live [cached]

Searching: John Paul Young: Lost In Your Love

	John Paul Young: Lost in Your Love [cached]

Searching: Neil Diamond: Say Maybe

	Neil Diamond: Say Maybe [cached]

Searching: Five Special: Why Leave Us Alone

	Five Special: Why Leave Us Alone [cached]

Searching: Pleasure: Glide

	Pleasure: Glide - Original Mix [cached]

Searching: Jefferson Starship: Girl With The Hungry Eyes

	Jefferson Starship: Girl with the Hungry Eyes [cached]

Searching: Captain & Tennille: Love On A Shoestring

	Captain & Tennille: Love On A Shoestring [cached]

Searching: Van Halen: And The Cradle Will Rock...

	Van Halen: And the Cradle Will Rock... - 2015 Remaster [cached]

Searching: Roy Orbison & Emmylou Harris: That Lovin' You Feelin' Again

	Emmylou Harris w/ Roy Orbison: That Lovin' You Feelin' Again [cached]

Searching: Rossington Collins Band: Don't Misunderstand Me

	Rossington Collins Band: Don't Misunderstand Me [cached]

Searching: Journey: Good Morning Girl/stay Awhile

	Journey: Good Morning Girl [cached]

Searching: The O'Jays: Girl, Don't Let It Get You Down

	The O'Jays: Girl, Don't Let It Get You Down [cached]

Searching: Shalamar: Full Of Fire

	Shalamar: Full of Fire - Extended Mix [cached]

Searching: Peter Allen: Fly Away

	Peter Allen: Fly Away [cached]

Searching: Lakeside: Fantastic Voyage

	Lakeside: Fantastic Voyage - Extended [cached]

Searching: Rush: Limelight

	Rush: Limelight [cached]

Searching: Lenny LeBlanc: Somebody Send My Baby Home

	 NOT FOUND

Searching: Michael Jackson: One Day In Your Life

	Michael Jackson: One Day In Your Life [cached]

Searching: Loverboy: The Kid Is Hot Tonite

	Loverboy: The Kid Is Hot Tonite [cached]

Searching: Randy VanWarmer: Suzi

	Randy VanWarmer: Suzi Found a Weapon [cached]

Searching: Mickey Gilley: You Don't Know Me

	Mickey Gilley: You Don't Know Me [cached]

Searching: More Stars On 45: More Stars

	 NOT FOUND

Searching: Bill Champlin: Tonight Tonight

	Bill Champlin: Tonight Tonight [cached]

Searching: The Steve Miller Band: Circle Of Love

	Steve Miller Band: Circle Of Love [cached]

Searching: The Reddings: (Sittin' On) The Dock Of The Bay

	The Upsetters: (Sittin' On The) Dock of the Bay [cached]

Searching: Luther Vandross: Bad Boy/Having A Party

	Luther Vandross: Bad Boy / Having a Party [cached]

Searching: Wolf: Papa Was A Rollin' Stone

	Bill Wolfer: Papa Was a Rollin' Stone [cached]

Searching: Eddie Rabbitt: You Can't Run From Love

	Eddie Rabbitt: You Can't Run From Love [cached]

Searching: The S.O.S. Band: Just Be Good To Me

	The S.O.S Band: Just Be Good To Me [cached]

Searching: Bob Dylan: Sweetheart Like You

	Bob Dylan: Sweetheart Like You [cached]

Searching: John Lennon: I'm Steppin' Out

	John Lennon: I'm Stepping Out - Remastered 2010 [cached]

Searching: Laura Branigan: Ti Amo

	Laura Branigan: Ti Amo [cached]

Searching: Y&T: Summertime Girls

	Andy G and The Roller Kings: Summertime Girls [cached]

Searching: King: Love And Pride

	King: Love & Pride [cached]

Searching: Patti Austin: The Heat Of Heat

	Patti Austin: The Heat Of Heat [cached]

Searching: Elton John: Heartache All Over The World

	Elton John: Heartache All Over The World [cached]

Searching: Gino Vannelli: Wild Horses

	Gino Vannelli: Wild Horses [cached]

Searching: The Cover Girls: Inside Outside

	The Cover Girls: Inside Outside [cached]

Searching: The Fixx: Driven Out

	The Fixx: Driven Out [cached]

Searching: Chicago: We Can Last Forever

	Chicago: We Can Last Forever [cached]

Searching: Vesta: Congratulations

	Vesta Williams: Congratulations [cached]

Searching: Eric Clapton: Pretending

	Eric Clapton: Pretending [cached]

Searching: Bonham: Wait For You

	Bonham: Wait for You [cached]

Searching: Tesla: The Way It Is

	Tesla: The Way It Is [cached]

Searching: Peter Murphy: Cuts You Up

	Peter Murphy: Cuts You Up [cached]

Searching: The Whispers: Innocent

	The Whispers: Innocent [cached]

Searching: The Cover Girls: Funk Boutique

	The Cover Girls: Funk Boutique [cached]

Searching: The Party: That's Why

	The Party: That's Why - Power Mix [cached]

Searching: Glenn Frey: Part Of Me, Part Of You

	Glenn Frey: Part Of Me, Part Of You [cached]

Searching: Thunder: Dirty Love

	Thunder: Dirty Love [cached]

Searching: Van Halen: Right Now

	Van Halen: Right Now [cached]

Searching: Joe Public: I Miss You

	Joe Public: I Miss You [cached]

Searching: Ice Cube: Wicked

	Ice Cube: Wicked [cached]

Searching: After 7: Baby I'm For Real/Natural High

	After 7: Baby I'm For Real/ Natural High [cached]

Searching: Shakespear's Sister: I Don't Care

	Shakespears Sister: I Don't Care [cached]

Searching: Go West: What You Won't Do For Love

	Go West: What You Won't Do for Love [cached]

Searching: Young Black Teenagers: Tap The Bottle

	Young Black Teenagers: Tap The Bottle [cached]

Searching: Wendy Moten: Come In Out Of The Rain

	Wendy Moten: Come In Out Of The Rain [cached]

Searching: Lords Of The Underground: Chief Rocka

	Lords Of The Underground: Chief Rocka [cached]

Searching: Expose: As Long As I Can Dream

	Exposé: As Long As I Can Dream [cached]

Searching: Little Texas: God Blessed Texas

	Little Texas: God Blessed Texas [cached]

Searching: Atlantic Starr: I'll Remember You

	Atlantic Starr: I'll Remember You [cached]

Searching: Patra Featuring Yo-Yo: Romantic Call

	Patra: Romantic Call (feat. Yo-Yo) [cached]

Searching: R. Kelly: Summer Bunnies

	R. Kelly: Summer Bunnies [cached]

Searching: Guns N' Roses: Sympathy For The Devil ("Interview With The Vampire")

	Guns N' Roses: Sympathy For The Devil [cached]

Searching: The Flaming Lips: She Don't Use Jelly

	The Flaming Lips: She Don't Use Jelly [cached]

Searching: Sponge: Molly (Sixteen Candles)

	Sponge: Molly (16 Candles) [cached]

Searching: The Pharcyde: Runnin'

	The Pharcyde: Runnin' [cached]

Searching: Garbage: Only Happy When It Rains

	Garbage: Only Happy When It Rains - 2015 - Remaster [cached]

Searching: Oasis: Don't Look Back In Anger

	Oasis: Don't Look Back In Anger [cached]

Searching: The Isley Brothers: Tears

	The Isley Brothers: Tears - Ron Cryin Alone Version [cached]

Searching: Tracey Lee: The Theme (It's Party Time)

	Tracey Lee: The Theme (It's Party Time) [cached]

Searching: Erasure: In My Arms

	Erasure: In My Arms [cached]

Searching: Jocelyn Enriquez: A Little Bit Of Ecstasy

	Jocelyn Enriquez: A Little Bit of Ecstasy [cached]

Searching: Laurnea: Can't Let Go

	Laurnea: Can't Let Go [cached]

Searching: LL Cool J: Phenomenon

	LL Cool J: Phenomenon [cached]

Searching: The Tuesdays: It's Up To You

	The Tuesdays: It's Up To You [cached]

Searching: Elton John: Recover Your Soul

	Elton John: Recover Your Soul [cached]

Searching: The Wilkinsons: 26 Cents

	The Wilkinsons: 26 (Cents Sign) [cached]

Searching: OutKast: Rosa Parks

	Outkast: Rosa Parks [cached]

Searching: Eric Benet Featuring Faith Evans: Georgy Porgy

	Eric Benét: Georgy Porgy (feat. Faith Evans) [cached]

Searching: Yankee Grey: All Things Considered

	Yankee Grey: All Things Considered [cached]

Searching: JAY-Z: Anything

	JAY-Z: Anything [cached]

Searching: Brooks & Dunn: You'll Always Be Loved By Me

	Brooks & Dunn: You'll Always Be Loved by Me [cached]

Searching: 3 Doors Down: Loser

	3 Doors Down: Loser [cached]

Searching: Dixie Chicks: Some Days You Gotta Dance

	 NOT FOUND

Searching: Beanie Sigel & Freeway: Roc The Mic

	Beanie Sigel: Roc The Mic [cached]

Searching: Travis Tritt: Modern Day Bonnie And Clyde

	Travis Tritt: Modern Day Bonnie and Clyde [cached]

Searching: System Of A Down: Aerials

	System Of A Down: Aerials [cached]

Searching: Shakira: Objection (Tango)

	Shakira: Objection (Tango) [cached]

Searching: Kenny Chesney: A Lot Of Things Different

	Kenny Chesney: A Lot of Things Different [cached]

Searching: Heather Headley: I Wish I Wasn't

	Heather Headley: I Wish I Wasn't [cached]

Searching: Clay Walker: A Few Questions

	Clay Walker: A Few Questions [cached]

Searching: Three Days Grace: (I Hate) Everything About You

	Three Days Grace: I Hate Everything About You [cached]

Searching: Incubus: Megalomaniac

	Incubus: Megalomaniac [cached]

Searching: Jet: Cold Hard Bitch

	Jet: Cold Hard Bitch [cached]

Searching: Slum Village Featuring Kanye West & John Legend: Selfish

	Slum Village: Selfish [cached]

Searching: Three Days Grace: Just Like You

	Three Days Grace: Just Like You [cached]

Searching: Staind: Right Here

	Staind: Right Here [cached]

Searching: Damian "Jr. Gong" Marley: Welcome To Jamrock

	Damian Marley: Welcome To Jamrock [cached]

Searching: Santana Featuring Michelle Branch & The Wreckers: I'm Feeling You

	Santana: I'm Feeling You (feat. Michelle Branch & The Wreckers) [cached]

Searching: Toby Keith: Big Blue Note

	Toby Keith: Big Blue Note [cached]

Searching: The Afters: Beautiful Love

	The Afters: Beautiful Love [cached]

Searching: Angels & Airwaves: The Adventure

	Angels & Airwaves: The Adventure [cached]

Searching: Vanessa Hudgens: Come Back To Me

	Vanessa Hudgens: Come Back To Me [cached]

Searching: Papa Roach: Forever

	Papa Roach: Forever [cached]

Searching: JAY-Z: Blue Magic

	JAY-Z: Blue Magic [cached]

Searching: Clay Walker: Fall

	Clay Walker: Fall [cached]

Searching: The Ting Tings: Shut Up And Let Me Go

	The Ting Tings: Shut Up and Let Me Go [cached]

Searching: Brad Paisley Duet With Keith Urban: Start A Band

	Brad Paisley: Start a Band (with Keith Urban) [cached]

Searching: Bobby V Featuring Yung Joc: Beep

	Bobby Cole: The Sound of News Drums and Beep [cached]

Searching: Bow Wow Featuring Johnta Austin: You Can Get It All

	Bow Wow: You Can Get It All (feat. Johntá Austin) - Album Crossfade Version [cached]

Searching: Theory Of A Deadman: Not Meant To Be

	Theory of a Deadman: Not Meant to Be [cached]

Searching: LMFAO: La La La

	LMFAO: La La La [cached]

Searching: Alicia Keys: Empire State Of Mind (Part II) Broken Down

	Alicia Keys: Empire State of Mind (Part II) Broken Down [cached]

Searching: Mary J. Blige: I Am

	Mary J. Blige: Take Me As I Am [cached]

Searching: Michael Buble: Hollywood

	Michael Bublé: Hollywood [cached]

Searching: Easton Corbin: Roll With It

	Easton Corbin: Roll With It [cached]

Searching: Glee Cast: Blame It (On The Alcohol)

	Glee Cast: Blame It (On The Alcohol) (Glee Cast Version) [cached]

Searching: Maroon 5: Never Gonna Leave This Bed

	Maroon 5: Never Gonna Leave This Bed [cached]

Searching: Pistol Annies: Hell On Heels

	Pistol Annies: Hell on Heels [cached]

Searching: Britney Spears: Criminal

	Britney Spears: Criminal [cached]

Searching: Mac Miller: Smile Back

	Mac Miller: Smile Back [cached]

Searching: Scotty McCreery: The Trouble With Girls

	Scotty McCreery: The Trouble With Girls [cached]

Searching: Keith Urban: For You

	Keith Urban: For You [cached]

Searching: Rihanna Featuring Future: Loveeeeeee Song

	Rihanna: Loveeeeeee Song [cached]

Searching: Future: Honest

	Future: Honest [cached]

Searching: Rebecca Black & Dave Days: Saturday

	Rebecca Black: Saturday [cached]

Searching: Colbie Caillat: Try

	Colbie Caillat: Try [cached]

Searching: Miranda Lambert: Little Red Wagon

	Miranda Lambert: Little Red Wagon [cached]

Searching: Future: Commas

	Future: F*ck Up Some Commas [cached]

Searching: Tim McGraw With Catherine Dunn: Diamond Rings And Old Barstools

	Tim McGraw: Diamond Rings And Old Barstools [cached]

Searching: Michael Ray: Kiss You In The Morning

	Michael Ray: Kiss You in the Morning [cached]

Searching: Frankie Ballard: Young & Crazy

	Frankie Ballard: Young & Crazy [cached]

Searching: Dustin Lynch: Hell Of A Night

	Dustin Lynch: Hell Of A Night [cached]

Searching: Florida Georgia Line: Anything Goes

	Florida Georgia Line: Anything Goes [cached]

Searching: Zayn: Like I Would

	ZAYN: LIKE I WOULD [cached]

Searching: OneRepublic: Wherever I Go

	OneRepublic: Wherever I Go [cached]

Searching: Jake Owen: American Country Love Song

	Jake Owen: American Country Love Song [cached]

Searching: PARTYNEXTDOOR Featuring Drake: Come And See Me

	PARTYNEXTDOOR: Come and See Me (feat. Drake) [cached]

Searching: The Weeknd: False Alarm

	The Weeknd: False Alarm [cached]

Searching: Dustin Lynch: Seein' Red

	Dustin Lynch: Seein' Red [cached]

Searching: Ariana Grande Featuring Future: Everyday

	Ariana Grande: Everyday [cached]

Searching: 2 Chainz Featuring Travis Scott: 4 AM

	2 Chainz: 4 AM [cached]

Searching: JAY-Z: Kill Jay Z

	JAY-Z: Kill Jay Z [cached]

Searching: Sam Smith Featuring Logic: Pray

	Sam Smith: Pray [cached]

Searching: Lil Skies Featuring Landon Cube: Nowadays

	Lil Skies: Nowadays (feat. Landon Cube) [cached]

Searching: BLACKPINK: DDU-DU DDU-DU

	BLACKPINK: DDU-DU DDU-DU [cached]

Searching: XXXTENTACION: The Remedy For A Broken Heart (Why Am I So In Love)

	XXXTENTACION: the remedy for a broken heart (why am I so in love) [cached]

Searching: Chris Lane Featuring Tori Kelly: Take Back Home Girl

	Chris Lane: Take Back Home Girl (feat. Tori Kelly) [cached]

Searching: Ariana Grande: Sweetener

	Ariana Grande: sweetener [cached]

Searching: Trippie Redd Featuring Juice WRLD: 1400 / 999 Freestyle

	Trippie Redd: 1400 / 999 Freestyle [cached]

Searching: Meek Mill: Intro

	Meek Mill: Intro [cached]

Searching: Lauren Daigle: The Christmas Song

	Lauren Daigle: The Christmas Song [cached]

Searching: ScHoolboy Q: Numb Numb Juice

	ScHoolboy Q: Numb Numb Juice [cached]

Searching: Khalid: My Bad

	Khalid: My Bad [cached]

Searching: Young Thug Featuring Lil Uzi Vert: What's The Move

	Young Thug: What's the Move (feat. Lil Uzi Vert) [cached]

Searching: Y2K & bbno$: Lalala

	Y2K: Lalala [cached]

Searching: DaBaby Featuring Chance The Rapper, Gucci Mane & YK Osiris: GOSPEL

	DaBaby: GOSPEL (feat. Chance The Rapper, Gucci Mane & YK Osiris) [cached]

Searching: 21 Savage: Immortal

	21 Savage: Immortal [cached]

Searching: Jhene Aiko Featuring Big Sean: None Of Your Concern

	Jhené Aiko: None Of Your Concern [cached]

Searching: Lil Yachty, Drake & DaBaby: Oprah's Bank Account

	Lil Yachty: Oprah’s Bank Account (Lil Yachty & DaBaby feat. Drake) [cached]

Searching: Gunna Featuring Travis Scott: Top Floor

	Gunna: TOP FLOOR (feat. Travis Scott) [cached]

Searching: Pop Smoke: Bad Bitch From Tokyo (Intro)

	Pop Smoke: Bad Bitch From Tokyo (Intro) [cached]

Searching: Jon Pardi: Ain't Always The Cowboy

	Jon Pardi: Ain't Always The Cowboy [cached]

Searching: DaBaby: Masterpiece

	DaBaby: Masterpiece [cached]

Searching: Polo G: GNF (OKOKOK)

	Polo G: GNF (OKOKOK) [cached]

Searching: All Time Low Featuring Demi Lovato & blackbear: Monsters

	All Time Low: Monsters (feat. blackbear) [cached]

Searching: Rod Wave: SoulFly

	Rod Wave: SoulFly [cached]

Searching: Tyler, The Creator: Corso

	Tyler, The Creator: CORSO [cached]

Searching: Zac Brown Band: Same Boat

	Zac Brown Band: Same Boat
