Found 251/270 = 93%
19 not found: 
The Steelers: Get It From The Bottom
Freddy Robinson: Black Fox
The New Colony Six: Roll On
Stephen Stills-Manassas: Isn't It About Time
The Ovations (Featuring Louis Williams): "Having A Party" Medley
Mike Post: Manhattan Spiritual
Claudja Barry: Boogie Woogie Dancin' Shoes
Nielsen/Pearson: The Sun Ain't Gonna Shine Anymore
Stevie B: Girl I Am Searching For You
Sudden Change: Comin' On Strong
WC From Westside Connection: Just Clownin'
Various Artists: One Heart At A Time
Hi-Town DJs: Ding-A-Ling
Debelah Morgan: Yesterday
Trina & Tamara: What'd You Come Here For?
Aaron Lewis Of Staind With Fred Durst: Outside
Kelly Clarkson Featuring Jeff Beck: Up To The Mountain
Adam Lambert: A Change Is Gonna Come
Emily Ann Roberts: Burning House
--------- log -----------
Searching: Jack Scott: Leroy

	Jack Scott: Leroy [cached]

Searching: Chuck Willis: My Life

	Chuck Willis: My Life [cached]

Searching: Betty Johnson: Hoopa Hoola

	Betty Johnson: Hoopa Hoola (With a Hula-Hoop) - Remastered [cached]

Searching: Huey "piano" Smith With His Clowns: Don't You Know Yockomo

	Huey "Piano" Smith: Don't You Know Yockomo [cached]

Searching: Dee Clark: At My Front Door

	Dee Clark: At My Front Door [cached]

Searching: Della Reese: Someday (You'll Want Me to Want You)

	Della Reese: Someday [cached]

Searching: The Everly Brothers: Always It's You

	The Everly Brothers: Always It's You - Remastered Version [cached]

Searching: The Platters Featuring Tony Williams: Ebb Tide

	The Platters: Ebb Tide [cached]

Searching: Roger Williams: Temptation

	Roger Williams: Temptation - Original Mix [cached]

Searching: The Browns Featuring Jim Edward Brown: Send Me The Pillow You Dream On

	The Browns: Send Me the Pillow You Dream On (feat. Jim Ed Brown) [cached]

Searching: Frankie Avalon: The Puppet Song

	Frankie Avalon: The Puppet Song [cached]

Searching: Jerry Murad's Harmonicats: Cherry Pink And Apple Blossom White

	Jerry Murad's Harmonicats: Cherry Pink and Apple Blossom White [cached]

Searching: Paris Sisters: Be My Boy

	The Paris Sisters: Be My Boy (Original Mix) [cached]

Searching: Carla Thomas: A Love Of My Own

	Carla Thomas: A Love of My Own [cached]

Searching: Brenda Lee: Eventually

	Brenda Lee: Eventually [cached]

Searching: Clyde McPhatter: I Never Knew

	Clyde McPhatter: I Never Knew [cached]

Searching: The Lennon Sisters: Sad Movies (Make Me Cry)

	The Lennon Sisters: Sad Movies [cached]

Searching: Sam Cooke: Feel It

	Sam Cooke: Feel It (Don't Fight It) - Live at the Harlem Square Club, Miami, FL - January 1963 [cached]

Searching: Ben E. King: Ecstasy

	Ben E. King: Ecstasy - Mono [cached]

Searching: Lawrence Welk And His Orchestra: Runaway

	Lawrence Welk: Runaway [cached]

Searching: Linda Scott: Never In A Million Years

	Linda Scott: Never in a Million Years - Remastered [cached]

Searching: Bobby Bland: Yield Not To Temptation

	Bobby "Blue" Bland: Yield Not To Temptation - Single Version [cached]

Searching: Peter, Paul & Mary: Settle Down (Goin' Down That Highway)

	Peter, Paul and Mary: Settle Down (Goin' Down That Highway) - Remastered [cached]

Searching: Matt Lucas: I'm Movin' On

	Matt Lucas: I'm Movin On [cached]

Searching: Bobby Bland: Sometimes You Gotta Cry A Little

	Bobby "Blue" Bland: Sometimes You Gotta Cry A Little - Single Version [cached]

Searching: The Essex Featuring Anita Humes: She's Got Everything

	The Essex: She's Got Everything [cached]

Searching: The Pixies Three: 442 Glenwood Avenue

	The Pixies Three: 442 Glenwood Avenue [cached]

Searching: Jerry Butler: Giving Up On Love

	Jerry Butler: Giving Up on Love [cached]

Searching: Nino Tempo & April Stevens: Tea For Two

	Nino Tempo & April Stevens: Tea for Two [cached]

Searching: The Drifters: One Way Love

	The Drifters: One Way Love - Single Version [cached]

Searching: Louis Armstrong: So Long Dearie

	Louis Armstrong: So Long Dearie [cached]

Searching: Bobby Freeman: S-W-I-M

	Bobby Freeman: S-W-I-M (Alternate Version) [cached]

Searching: The Hullaballoos: I'm Gonna Love You Too

	The Hullaballoos: I'm Gonna Love You Too [cached]

Searching: Maxine Brown: It's Gonna Be Alright

	Maxine Brown: It's Gonna Be Alright [cached]

Searching: Jan & Dean: (Here They Come) From All Over The World

	Jan & Dean: (Here They Come) From All Over The World - Remastered 1990/Stereo Remix [cached]

Searching: Joe Tex: A Woman Can Change A Man

	Joe Tex: A Woman Can Change A Man [cached]

Searching: Arthur Prysock: It's Too Late, Baby Too Late

	Arthur Prysock: It's Too Late, Baby Too Late [cached]

Searching: The Poppies: Lullaby Of Love

	The Poppies: Lullaby of Love [cached]

Searching: Kim Weston: Helpless

	Kim Weston: Helpless - Mono Version [cached]

Searching: Joe Tex: The Love You Save (May Be Your Own)

	Joe Tex: The Love You Save (May Be Your Own) [cached]

Searching: Bobby Goldsboro: I Know You Better Than That

	Bobby Goldsboro: I Know You Better Than That [cached]

Searching: ? (Question Mark) & The Mysterians: Can't Get Enough Of You, Baby

	? & The Mysterians: Can't Get Enough Of You, Baby [cached]

Searching: Don And The Goodtimes: I Could Be So Good To You

	Don & The Goodtimes: I Could Be so Good to You [cached]

Searching: Sam & Dave: Soothe Me

	Sam & Dave: Soothe Me [cached]

Searching: The Platters: Washed Ashore (On A Lonely Island In The Sea)

	The Platters: Washed Ashore [cached]

Searching: Elvis Presley With The Jordanaires: There's Always Me

	Elvis Presley: There's Always Me - with The Royal Philharmonic Orchestra [cached]

Searching: Aretha Franklin: Take A Look

	Aretha Franklin: Take A Look [cached]

Searching: Noel Harrison: Suzanne

	Noel Harrison: Suzanne [cached]

Searching: The Beatles: I Am The Walrus

	The Beatles: I Am The Walrus - Remastered 2009 [cached]

Searching: Sonny & Cher: Good Combination

	Sonny & Cher: Good Combination [cached]

Searching: The Sunshine Company: Look, Here Comes The Sun

	The Sunshine Company: Look, Here Comes the Sun [cached]

Searching: The Fantastic Johnny C: Got What You Need

	The Fantastic Johnny C: Got What You Need [cached]

Searching: Aretha Franklin: You Send Me

	Aretha Franklin: You Send Me [cached]

Searching: Southwest F.O.B.: Smell Of Incense

	Southwest F.O.B.: Smell of Incense [cached]

Searching: Fantastic Four: I Love You Madly

	The Fantastic Four: I Love You Madly [cached]

Searching: Brian Hyland: Tragedy

	Brian Hyland: Tragedy [cached]

Searching: The Monkees: Tear Drop City

	The Monkees: Tear Drop City [cached]

Searching: Martha Reeves & The Vandellas: (We've Got) Honey Love

	Martha Reeves & The Vandellas: (We've Got) Honey Love - Single Version (Mono) [cached]

Searching: The Hollies: Sorry Suzanne

	The Hollies: Sorry Suzanne - 1998 Remaster [cached]

Searching: Santana: Jingo

	Santana: Jingo [cached]

Searching: The Steelers: Get It From The Bottom
=========> Steelers: Get It From Bottom

	 NOT FOUND

Searching: The Meters: Look-Ka Py Py

	The Meters: Look-Ka Py Py [cached]

Searching: Candi Staton: I'm Just A Prisoner (Of Your Good Lovin')

	Candi Staton: I'm Just a Prisoner (Of Your Good Lovin') [cached]

Searching: Joe Simon: Farther On Down The Road

	Joe Simon: Farther On Down the Road [cached]

Searching: CROW: Cottage Cheese

	Crow: Cottage Cheese [cached]

Searching: Freddy Robinson: Black Fox

	 NOT FOUND

Searching: The Impressions: (Baby) Turn On To Me

	The Impressions: Turn on to Me [cached]

Searching: The Moments: All I Have

	The Moments: All I Have [cached]

Searching: Jackie Wilson: (I Can Feel Those Vibrations) This Love Is Real

	Jackie Wilson: (I Can Feel Those Vibrations) This Love Is Real [cached]

Searching: Conway Twitty & Loretta Lynn: After The Fire Is Gone

	Conway Twitty: After The Fire Is Gone [cached]

Searching: Mary Travers: Follow Me

	Mary Travers: Follow Me - Remastered [cached]

Searching: Smokey Robinson & The Miracles: Crazy About The La La La

	Smokey Robinson & The Miracles: Crazy About The La La La [cached]

Searching: The New Colony Six: Roll On
=========> New Colony Six: Roll On

	 NOT FOUND

Searching: Michel Legrand: Brian's Song

	Michel Legrand: Brian's Song [cached]

Searching: Python Lee Jackson: In A Broken Dream

	Python Lee Jackson: David Bentley: In A Broken Dream (2008) [cached]

Searching: Lobo: A Simple Man

	Lobo: There Ain't No Way [cached]

Searching: Joe Cocker and The Chris Stainton Band: Woman To Woman

	Joe Cocker: Woman To Woman [cached]

Searching: James Brown-Lyn Collins: What My Baby Needs Now Is A Little More Lovin'

	James Brown: What My Baby Needs Now Is A Little More Lovin' - Single Version [cached]

Searching: Bobby Womack & Peace: Across 110th Street

	Bobby Womack: Across 110th Street [cached]

Searching: Stephen Stills-Manassas: Isn't It About Time
=========> Stephen Stills Manassas: Isn t It About Time

	 NOT FOUND

Searching: The Miracles: Don't Let It End ('til You Let It Begin)

	The Miracles: Don't Let It End (Til You Let It Begin) [cached]

Searching: Neil Diamond: The Last Thing On My Mind

	Neil Diamond: The Last Thing On My Mind [cached]

Searching: The Ovations (Featuring Louis Williams): "Having A Party" Medley
=========> Ovations: Having A Party  Medley

	 NOT FOUND

Searching: First Choice: Smarty Pants

	First Choice: Smarty Pants [cached]

Searching: Smokey Robinson: Virgin Man

	Smokey Robinson: Virgin Man [cached]

Searching: Smokey Robinson: I Am I Am

	Smokey Robinson: I Am I Am [cached]

Searching: Commander Cody: Don't Let Go

	Commander Cody and His Lost Planet Airmen: Don't Let Go [cached]

Searching: The Charlie Daniels Band: Long Haired Country Boy

	The Charlie Daniels Band: Long Haired Country Boy [cached]

Searching: Mike Post: Manhattan Spiritual

	 NOT FOUND

Searching: Suzi Quatro: Can The Can

	Suzi Quatro: Can the Can [cached]

Searching: B.C.G. (B.C. Generation): Street Talk

	Savoy Brown: Savoy Brown Medley: She's Got a Ring in His Nose and a Ring on Her Hand, Street Corner Talking, Hellbound Train, Wang Dang Doodle, Tell Mama (Live) [cached]

Searching: The Spinners: Wake Up Susan

	The Spinners: Wake up Susan [cached]

Searching: Carpenters: Goofus

	Carpenters: Goofus [cached]

Searching: Rick Dees & His Cast Of Idiots: Dis-Gorilla (Part 1)

	Rick Dees And His Cast Of Idiots: Dis-Gorilla [cached]

Searching: ABBA: Money, Money, Money

	ABBA: Money, Money, Money [cached]

Searching: Andrea True Connection: What's Your Name, What's Your Number

	Andrea True Connection: What's Your Name, What's Your Number [cached]

Searching: L.T.D.: Never Get Enough Of Your Love

	L.T.D.: Never Get Enough Of Your Love [cached]

Searching: Samantha Sang: You Keep Me Dancing

	Samantha Sang: You Keep Me Dancing [cached]

Searching: REO Speedwagon: Time For Me To Fly

	REO Speedwagon: Time for Me to Fly [cached]

Searching: Cindy Bullens: Survivor

	Cindy Bullens: Survivor [cached]

Searching: Kim Carnes: It Hurts So Bad

	Kim Carnes: It Hurts So Bad [cached]

Searching: T-Connection: At Midnight

	T-Connection: At Midnight [cached]

Searching: America: California Dreamin'

	American Idol Finalists: California Dreamin' [cached]

Searching: Claudja Barry: Boogie Woogie Dancin' Shoes
=========> Claudja Barry: Boogie Woogie Dancin  Shoes

	 NOT FOUND

Searching: Bad Company: Gone, Gone, Gone

	Bad Company: Good Lovin' Gone Bad - 2015 Remaster [cached]

Searching: Pat Travers: Boom Boom (Out Go The Lights)

	Pat Travers Band: Boom Boom (Out Go The Lights) - Live [cached]

Searching: The Records: Starry Eyes

	The Records: Starry Eyes [cached]

Searching: The B-52s: Rock Lobster

	The B-52's: Rock Lobster [cached]

Searching: Roberta Flack With Donny Hathaway: Back Together Again

	Roberta Flack: Back Together Again (feat. Donny Hathaway) [cached]

Searching: Chicago: Thunder And Lightning

	Chicago: Thunder and Lightning - 2003 Remaster [cached]

Searching: Aretha Franklin: United Together

	Aretha Franklin: United Together [cached]

Searching: Badfinger: Hold On

	Badfinger: HOLD ON [cached]

Searching: Rupert Holmes: I Don't Need You

	Rupert Holmes: I Don't Need You [cached]

Searching: Santana: The Sensitive Kind

	Santana: The Sensitive Kind [cached]

Searching: Nielsen/Pearson: The Sun Ain't Gonna Shine Anymore
=========> Nielsen: Sun Ain t Gonna Shine Anymore

	 NOT FOUND

Searching: KISS: A World Without Heroes

	KISS: A World Without Heroes [cached]

Searching: Quarterflash: Right Kind Of Love

	Quarterflash: Right Kind Of Love [cached]

Searching: Ashford & Simpson: Street Corner

	Ashford & Simpson: Street Corner [cached]

Searching: Billy Joel: Goodnight Saigon

	Billy Joel: Goodnight Saigon [cached]

Searching: ZZ Top: Sharp Dressed Man

	ZZ Top: Sharp Dressed Man - 2008 Remaster [cached]

Searching: LaToya Jackson: Heart Don't Lie

	Latoya Jackson: Heart Don't Lie [cached]

Searching: Newcleus: Jam On It

	Newcleus: Jam On It [cached]

Searching: Elvis Costello & The Atrractions: The Only Flame In Town

	Elvis Costello & The Attractions: The Only Flame In Town [cached]

Searching: A Flock Of Seagulls: The More You Live, The More You Love

	A Flock Of Seagulls: The More You Live, The More You Love [cached]

Searching: Van Halen: Hot For Teacher

	Van Halen: Hot for Teacher - 2015 Remaster [cached]

Searching: The Alan Parsons Project: Let's Talk About Me

	The Alan Parsons Project: Let's Talk About Me [cached]

Searching: Paul Young: Everything Must Change

	Paul Young: Everything Must Change [cached]

Searching: Vanity: Under The Influence

	Vanity: Under The Influence - Mid-Day Mix Vocal / 12" Version [cached]

Searching: Magazine 60: Don Quichotte

	Magazine 60: Don Quichotte - No Estan Aqui [cached]

Searching: Don Johnson: Heartache Away

	Don Johnson: Heartache Away [cached]

Searching: Gregory Abbott: I Got The Feelin' (It's Over)

	Gregory Abbott: I Got the Feeling' (It's Over) [cached]

Searching: Jody Watley: Still A Thrill

	Jody Watley: Still A Thrill [cached]

Searching: Wendy And Lisa: Waterfall

	Wendy & Lisa: Waterfall [cached]

Searching: Foreigner: Heart Turns To Stone

	Foreigner: Heart Turns to Stone [cached]

Searching: Eighth Wonder: Cross My Heart

	Eighth Wonder: Cross My Heart - Dance Mix [cached]

Searching: The Graces: Lay Down Your Arms

	The Graces: Lay Down Your Arms [cached]

Searching: Giant: I'm A Believer

	GIANT: I'm A Believer [cached]

Searching: Stevie B: Girl I Am Searching For You

	 NOT FOUND

Searching: Kenny G: Going Home

	Kenny G: Going Home - Edit [cached]

Searching: Alice Cooper: House Of Fire

	Alice Cooper: House of Fire [cached]

Searching: Stevie Nicks: Sometimes (It's A Bitch)

	Stevie Nicks: Sometimes It's a Bitch [cached]

Searching: Crash Test Dummies: Superman's Song

	Crash Test Dummies: Superman's Song [cached]

Searching: Lisa Stansfield: All Woman

	Lisa Stansfield: All Woman - Remastered [cached]

Searching: RTZ: All You've Got

	Rtz: All You've Got [cached]

Searching: Johnny Gill: The Floor

	Johnny Gill: The Floor [cached]

Searching: Aaron Neville: Don't Take Away My Heaven

	Aaron Neville: Don't Take Away My Heaven [cached]

Searching: Mista Grimm: Indo Smoke (From "Poetic Justice")

	Mista Grimm: Indo Smoke [cached]

Searching: Elton John & Kiki Dee: True Love

	Elton John: True Love [cached]

Searching: Collage: I'll Be Loving You

	Collage: I'll Be Loving You [cached]

Searching: Sudden Change: Comin' On Strong
=========> Sudden Change: Comin  On Strong

	 NOT FOUND

Searching: Sophie B. Hawkins: Right Beside You

	Sophie B. Hawkins: Right Beside You [cached]

Searching: Letters To Cleo: Here & Now

	Letters To Cleo: Here and Now [cached]

Searching: Boyz II Men: Vibin'

	Boyz II Men: Vibin' [cached]

Searching: Method Man: The Riddler (From "Batman Forever")

	Method Man: The Riddler (From "Batman Forever") [cached]

Searching: Monifah: I Miss You (Come Back Home) (From "New York Undercover")

	Monifah: I Miss You (Come Back Home) [cached]

Searching: Republica: Ready To Go

	Republica: Ready to Go [cached]

Searching: Patti LaBelle: When You Talk About Love

	Patti LaBelle: When You Talk About Love [cached]

Searching: Deborah Cox: Things Just Ain't The Same

	Deborah Cox: Things Just Ain't The Same - Dance Mix [cached]

Searching: Olive: You're Not Alone

	Olive: You're Not Alone [cached]

Searching: WC From Westside Connection: Just Clownin'
=========> WC From Westside Connection: Just Clownin

	 NOT FOUND

Searching: Various Artists: One Heart At A Time

	 NOT FOUND

Searching: Hi-Town DJs: Ding-A-Ling
=========> Hi Town DJs: Ding

	 NOT FOUND

Searching: Debelah Morgan: Yesterday

	 NOT FOUND

Searching: Orgy: Blue Monday

	Orgy: Blue Monday [cached]

Searching: Trina & Tamara: What'd You Come Here For?
=========> Trina: What d You Come Here For

	 NOT FOUND

Searching: Tyrese: Lately

	Tyrese: Lately [cached]

Searching: Angie Stone: No More Rain (In This Cloud)

	Angie Stone: No More Rain (In This Cloud) [cached]

Searching: Da Brat: That's What I'm Looking For

	Da Brat: That's What I'm Looking For [cached]

Searching: Kenny Chesney: What I Need To Do

	Kenny Chesney: What I Need to Do [cached]

Searching: Rascal Flatts: This Everyday Love

	Rascal Flatts: This Everyday Love [cached]

Searching: Aaron Lewis Of Staind With Fred Durst: Outside
=========> Aaron Lewis Of Staind: Outside

	 NOT FOUND

Searching: Faith Evans Featuring Carl Thomas: Can't Believe

	Faith Evans: Can't Believe (feat. Carl Thomas) [cached]

Searching: Phil Vassar: Six-Pack Summer

	Phil Vassar: Six-Pack Summer [cached]

Searching: Ying Yang Twins: Say I Yi Yi

	Ying Yang Twins: Say I Yi Yi [cached]

Searching: BBMak: Out Of My Heart (Into Your Head)

	BBMAK: Out Of My Heart [cached]

Searching: Stone Sour: Bother

	Stone Sour: Bother [cached]

Searching: Chevelle: The Red

	Chevelle: The Red [cached]

Searching: Shania Twain: She's Not Just A Pretty Face

	Shania Twain: She's Not Just A Pretty Face - Red Version [cached]

Searching: Joe Featuring G-Unit: Ride Wit U

	Joe: Ride wit U (feat. G-Unit) [cached]

Searching: Velvet Revolver: Slither

	Velvet Revolver: Slither [cached]

Searching: Big & Rich: Save A Horse (Ride A Cowboy)

	Big & Rich: Save a Horse (Ride a Cowboy) [cached]

Searching: Rascal Flatts: Feels Like Today

	Rascal Flatts: Feels Like Today [cached]

Searching: Brooks & Dunn: It's Getting Better All The Time

	Brooks & Dunn: It's Getting Better All The Time [cached]

Searching: Gretchen Wilson: Homewrecker

	Gretchen Wilson: Homewrecker [cached]

Searching: Boyz N Da Hood: Dem Boyz

	Boyz N Da Hood: Dem Boyz [cached]

Searching: Juelz Santana: Oh Yes (aka 'Postman')

	Juelz Santana: Oh Yes [cached]

Searching: Nine Inch Nails: Every Day Is Exactly The Same

	Nine Inch Nails: Every Day Is Exactly The Same [cached]

Searching: Bo Bice: The Real Thing

	Bo Bice: The Real Thing [cached]

Searching: Corinne Bailey Rae: Like A Star

	Corinne Bailey Rae: Like A Star [cached]

Searching: Kelly Clarkson Featuring Jeff Beck: Up To The Mountain
=========> Kelly Clarkson: Up To Mountain

	 NOT FOUND

Searching: Emerson Drive: Moments

	Emerson Drive: Moments [cached]

Searching: India.Arie: Beautiful Flower

	India.Arie: Beautiful Flower [cached]

Searching: Daddy Yankee Featuring Fergie: Impacto

	Daddy Yankee: Impacto [cached]

Searching: Seether: Fake It

	Seether: Fake It [cached]

Searching: Chuck Wicks: Stealing Cinderella

	Chuck Wicks: Stealing Cinderella [cached]

Searching: DJ Laz Featuring Flo Rida & Casely: Move Shake Drop

	Dj Laz: Move, Shake, Drop [cached]

Searching: Montgomery Gentry: Back When I Knew It All

	Montgomery Gentry: Back When I Knew It All [cached]

Searching: Miley Cyrus: Breakout

	Miley Cyrus: Breakout [cached]

Searching: Kings Of Leon: Sex On Fire

	Kings of Leon: Sex on Fire [cached]

Searching: Miley Cyrus & Billy Ray Cyrus: Butterfly Fly Away

	Miley Cyrus: Butterfly Fly Away [cached]

Searching: Adam Lambert: A Change Is Gonna Come

	 NOT FOUND

Searching: The Lonely Island Featuring T-Pain: I'm On A Boat

	The Lonely Island: I'm On A Boat [cached]

Searching: Pearl Jam: The Fixer

	Pearl Jam: The Fixer [cached]

Searching: Glee Cast: Keep Holding On

	Glee Cast: Keep Holding On (Glee Cast Version) [cached]

Searching: Young Money: Roger That

	Young Money: Roger That [cached]

Searching: Charice Featuring Iyaz: Pyramid

	Charice: Pyramid (feat. Iyaz) [cached]

Searching: Glee Cast: Me Against The Music

	Glee Cast: Me Against The Music (Glee Cast Version) [cached]

Searching: Taylor Swift: Better Than Revenge

	Taylor Swift: Better Than Revenge [cached]

Searching: Nicki Minaj Featuring Eminem: Roman's Revenge

	Nicki Minaj: Roman's Revenge [cached]

Searching: Akon: Angel

	Akon: Angel [cached]

Searching: Carrie Underwood: Mama's Song

	Carrie Underwood: Mama's Song [cached]

Searching: Sick Puppies: Maybe

	Sick Puppies: Maybe [cached]

Searching: Luke Bryan: Someone Else Calling You Baby

	Luke Bryan: Someone Else Calling You Baby [cached]

Searching: Glee Cast: Fat Bottomed Girls

	Glee Cast: Fat Bottomed Girls (Glee Cast Version) [cached]

Searching: Glee Cast: We Found Love

	Glee Cast: We Found Love (Glee Cast Version) [cached]

Searching: Glee Cast: Human Nature

	Glee Cast: Human Nature (Glee Cast Version) [cached]

Searching: Glee Cast: Fly / I Believe I Can Fly

	Glee Cast: Fly / I Believe I Can Fly (Glee Cast Version) [cached]

Searching: Eric Church: Creepin'

	Eric Church: Creepin' [cached]

Searching: Chief Keef: Love Sosa

	Chief Keef: Love Sosa [cached]

Searching: Kanye West: New Slaves

	Kanye West: New Slaves [cached]

Searching: Major Lazer Featuring Bruno Mars, Tyga & Mystic: Bubble Butt

	Major Lazer: Bubble Butt [cached]

Searching: Drake: Furthest Thing

	Drake: Furthest Thing [cached]

Searching: Jon Pardi: Up All Night

	Jon Pardi: Up All Night [cached]

Searching: Tiesto: Red Lights

	Tiësto: Red Lights [cached]

Searching: David Guetta Featuring Sam Martin: Dangerous

	David Guetta: Dangerous (feat. Sam Martin) [cached]

Searching: Keith Urban Featuring Eric Church: Raise 'Em Up

	Keith Urban: Raise 'Em Up [cached]

Searching: Kenny Chesney With Grace Potter: Wild Child

	Kenny Chesney: Wild Child (with Grace Potter) (with Grace Potter) [cached]

Searching: Easton Corbin: Baby Be My Love Song

	Easton Corbin: Baby Be My Love Song [cached]

Searching: Nicky Jam & Enrique Iglesias: El Perdon (Forgiveness)

	Nicky Jam: El Perdón [cached]

Searching: Sia: Alive

	Sia: Alive [cached]

Searching: Rae Sremmurd: Come Get Her

	Rae Sremmurd: Come Get Her [cached]

Searching: Emily Ann Roberts: Burning House

	 NOT FOUND

Searching: Jana Kramer: I Got The Boy

	Jana Kramer: I Got the Boy [cached]

Searching: LOCASH: I Love This Life

	LOCASH: I Love This Life [cached]

Searching: Wiz Khalifa Featuring Travi$ Scott: Bake Sale

	Wiz Khalifa: Bake Sale (feat. Travis Scott) [cached]

Searching: Alessia Cara: How Far I'll Go

	Alessia Cara: How Far I'll Go - From "Vaiana" [cached]

Searching: Josh Turner: Hometown Girl

	Josh Turner: Hometown Girl [cached]

Searching: Dierks Bentley: Black

	Dierks Bentley: Black [cached]

Searching: Blake Shelton: Every Time I Hear That Song

	Blake Shelton: Every Time I Hear That Song [cached]

Searching: JAY-Z Featuring Gloria Carter: Smile

	JAY-Z: Smile [cached]

Searching: Cole Swindell: Flatliner

	Cole Swindell: Flatliner (feat. Dierks Bentley) [cached]

Searching: Blake Shelton: I'll Name The Dogs

	Blake Shelton: I'll Name the Dogs [cached]

Searching: Maren Morris: I Could Use A Love Song

	Maren Morris: I Could Use a Love Song [cached]

Searching: Eric Church: Round Here Buzz

	Eric Church: Round Here Buzz [cached]

Searching: Logic Featuring Wiz Khalifa: Indica Badu

	Logic: Indica Badu [cached]

Searching: Drake: Final Fantasy

	Drake: Final Fantasy [cached]

Searching: Nicki Minaj Featuring Lil Wayne: Rich Sex

	Nicki Minaj: Rich Sex (feat. Lil Wayne) [cached]

Searching: Lil' Duval Featuring Snoop Dogg & Ball Greezy: Smile (Living My Best Life)

	Lil Duval: Smile (Living My Best Life) (feat. Snoop Dogg, Ball Greezy & Midnight Star) [cached]

Searching: Kodak Black: If I'm Lyin, I'm Flyin

	Kodak Black: If I'm Lyin', I'm Flyin' [cached]

Searching: Yella Beezy: That's On Me

	Yella Beezy: That's On Me [cached]

Searching: Gunna: One Call

	Gunna: One Call [cached]

Searching: Imagine Dragons: Bad Liar

	Imagine Dragons: Bad Liar [cached]

Searching: Old Dominion: Make It Sweet

	Old Dominion: Make It Sweet [cached]

Searching: Jon Pardi: Night Shift

	Jon Pardi: Night Shift [cached]

Searching: The Chainsmokers & Bebe Rexha: Call You Mine

	The Chainsmokers: Call You Mine [cached]

Searching: French Montana Featuring Post Malone, Cardi B & Rvssian: Writing On The Wall

	French Montana: Writing on the Wall (feat. Post Malone & Cardi B) [cached]

Searching: Lil Tjay: F.N

	Lil Tjay: F.N [cached]

Searching: Ellie Goulding & Juice WRLD: Hate Me

	Ellie Goulding: Hate Me (with Juice WRLD) [cached]

Searching: JACKBOYS Featuring Don Toliver: WHAT TO DO?

	JACKBOYS: WHAT TO DO? (feat. Don Toliver) [cached]

Searching: Roddy Ricch & Gunna: Start Wit Me

	Roddy Ricch: Start Wit Me (feat. Gunna) [cached]

Searching: Young T & Bugsey Featuring Headie One: Don't Rush

	Young T & Bugsey: Don't Rush (feat. DaBaby) [cached]

Searching: Pop Smoke Featuring Karol G: Enjoy Yourself

	Pop Smoke: Enjoy Yourself [cached]

Searching: 21 Savage & Metro Boomin: My Dawg

	21 Savage: My Dawg [cached]

Searching: Demi Lovato: Dancing With The Devil

	Demi Lovato: Dancing With The Devil [cached]

Searching: Lil Tecca: Never Left

	Lil Tecca: NEVER LEFT [cached]

Searching: Bella Poarch: Build A Bitch

	Bella Poarch: Build a Bitch [cached]

Searching: Lil Baby & Lil Durk: Still Hood

	Lil Baby: Still Hood [cached]

Searching: Trippie Redd Featuring Lil Durk & Polo G: Rich MF

	Trippie Redd: Rich MF (feat. Polo G & Lil Durk) [cached]

Searching: Yung Bleu, Chris Brown & 2 Chainz: Baddest

	Yung Bleu: Baddest (feat. Chris Brown & 2 Chainz) [cached]

Searching: Summer Walker & JT: Ex For A Reason
=========> Summer Walker   JT: Ex For A Reason

	Summer Walker: Ex For A Reason (with JT from City Girls)
