Found 247/275 = 90%
28 not found: 
The Wild-Cats: Gazachstahagen
Connie Francis: He Thinks I Still Care
The Ray Conniff Singers: Invisible Tears
Al (He's the King) Hirt: Al's Place
Connie Francis: Wishing It Was You
Leroy Pullins: I'm A Nut
Mike Sharpe: Spooky
Young-Holt Unlimited: Who's Making Love
Shango: Day After Day (It's Slippin' Away)
Dee Dee Warwick: Foolish Fool
The New Hope: Won't Find Better (Than Me)
Dusk: Angel Baby
Terry Black & Laurel Ward: Goin' Down (On The Road To L.A.)
Dave Loggins: Someday
The Hudson Brothers: Lonely School Year
Quincy Jones: "Roots" Medley
Toby Beau: Then You Can Tell Me Goodbye
England Dan Seals: Late At Night
O'Bryan: The Gigolo
Tyrone Davis: Are You Serious
Natalie Cole: Dangerous
Chaka Khan: Own The Night
Lighter Shade Of Brown: Homies
Shanice: It's For You (From "The Meteor Man")
Rosco Martinez: Neon Moonlight
Young Jeezy Featuring Lil Wayne: Ballin'
Grace Featuring G-Eazy: You Don't Own Me
Phoebe & Maggie: Iris
--------- log -----------
Searching: Eydie Gorme: You Need Hands

	Eydie Gormé: You Need Hands [cached]

Searching: The Wild-Cats: Gazachstahagen
=========> Wild Cats: Gazachstahagen

	 NOT FOUND

Searching: Nicola Paone: Blah, Blah, Blah

	Nicola Paone: Blah, Blah, Blah [cached]

Searching: The Rockin R's: The Beat

	The Rockin' R's: The Beat [cached]

Searching: Hot-Toddys featuring Bill Pennell: Rockin' Crickets

	Hot Toddys: Rockin' Crickets [cached]

Searching: Johnny Cash: Frankie's Man, Johnny

	Johnny Cash: Frankie's Man, Johnny [cached]

Searching: Carl Mann: Pretend

	Carl Mann: Pretend [cached]

Searching: Jane Morgan: Happy Anniversary

	Jane Morgan: Happy Anniversary - Remastered [cached]

Searching: Johnny Tillotson: Earth Angel

	Johnny Tillotson: Earth Angel [cached]

Searching: Bill Doggett: Honky Tonk (Part 2)

	Bill Doggett: Honky Tonk Pt. 1 [cached]

Searching: Johnny Maestro with The Coeds: Mr. Happiness

	Johnny Maestro: Mr Happiness [cached]

Searching: Clarence Henry: Lonely Street

	Clarence "Frogman" Henry: Lonely Street [cached]

Searching: The Belmonts: Don't Get Around Much Anymore

	The Belmonts: Don't Get Around Much Anymore [cached]

Searching: Nino & The Ebb Tides: Juke Box Saturday Night

	Nino: Juke Box Saturday Night [cached]

Searching: Ray Peterson: I Could Have Loved You So Well

	Ray Peterson: I Could Have Loved You So Well [cached]

Searching: Jack Ross: Happy Jose (Ching-Ching)

	Jack Ross: Happy José (Ching Ching) [cached]

Searching: Connie Francis: He Thinks I Still Care

	 NOT FOUND

Searching: Lonnie Russ: My Wife Can't Cook

	Lonnie Russ: My Wife Can't Cook [cached]

Searching: Bobby Comstock: Let's Stomp

	Bobby Comstock & The Counts: Lets Stomp [cached]

Searching: The Exciters: He's Got The Power

	The Exciters: He's Got The Power [cached]

Searching: Jimmy Holiday: How Can I Forget

	Jimmy Holiday: How Can I Forget [cached]

Searching: The Cupids: Brenda

	The Cupids: Brenda [cached]

Searching: Rusty Draper: Night Life

	Rusty Draper: Night Life [cached]

Searching: Little Peggy March: The Impossible Happened

	Little Peggy March: The Impossible Happened [cached]

Searching: The Shirelles: Tonight You're Gonna Fall In Love With Me

	The Shirelles: Tonight You're Gonna Fall In Love With Me [cached]

Searching: The Ray Conniff Singers: Invisible Tears
=========> Ray Conniff Singers: Invisible Tears

	 NOT FOUND

Searching: The Animals: Gonna Send You Back To Walker (Gonna Send You Back To Georgia)

	The Animals: Gonna Send You Back to Walker [cached]

Searching: Nancy Wilson: I Wanna Be With You

	Nancy Wilson with The Billy May Orchestra: I Wanna to Be Loved [cached]

Searching: Aretha Franklin: Runnin' Out Of Fools

	Aretha Franklin: Runnin' Out of Fools [cached]

Searching: Solomon Burke: The Price

	Solomon Burke: The Price [cached]

Searching: Jay & The Americans: Think Of The Good Times

	Jay & The Americans: Think Of The Good Times [cached]

Searching: Al (He's the King) Hirt: Al's Place
=========> Al  Hirt: Al s Place

	 NOT FOUND

Searching: Connie Francis: Wishing It Was You

	 NOT FOUND

Searching: Frank Sinatra: Tell Her (You Love Her Every Day)

	Frank Sinatra: Tell Her (You Love Her Each Day) [cached]

Searching: The Contours: First I Look At The Purse

	The Contours: First I Look At The Purse [cached]

Searching: Buck Owens: Waitin' In Your Welfare Line

	Buck Owens: Waitin' in Your Welfare Line [cached]

Searching: Eddie Holman: This Can't Be True

	Eddie Holman: This Can't Be True [cached]

Searching: Al Martino: Wiederseh'n

	Al Martino: Wiedersehn [cached]

Searching: Leroy Pullins: I'm A Nut
=========> Leroy Pullins: I m A Nut

	 NOT FOUND

Searching: Crispian St. Peters: Changes

	Crispian St. Peters: Changes [cached]

Searching: Mike Sharpe: Spooky

	 NOT FOUND

Searching: Don Ho and the Aliis: Tiny Bubbles

	Don Ho: Tiny Bubbles [cached]

Searching: Eddy Arnold: Misty Blue

	Eddy Arnold: Misty Blue [cached]

Searching: The Sweet Inspirations: Why (Am I Treated So Bad)

	The Sweet Inspirations: Why Marry? [cached]

Searching: Tom Jones: I'm Coming Home

	Tom Jones: I'm Coming Home - Single Version [cached]

Searching: Al Martino: Love Is Blue

	Al Martino: Love Is Blue (L'amour Est Bleu) - Remastered [cached]

Searching: John Fred And The Playboys: Hey Hey Bunny

	John Fred & His Playboy Band: Hey, Hey, Bunny [cached]

Searching: The Turtles: Sound Asleep

	The Turtles: Sound Asleep [cached]

Searching: Bee Gees: Jumbo

	Bee Gees: Jumbo [cached]

Searching: The Buckinghams: Back In Love Again

	The Buckinghams: Back In Love Again [cached]

Searching: The Masqueraders: I Ain't Got To Love Nobody Else

	The Masqueraders: I Ain't Got To Love Nobody Else [cached]

Searching: Gene Chandler & Barbara Acklin: From The Teacher To The Preacher

	Gene Chandler: From The Teacher To The Preacher [cached]

Searching: The Moments: Not On The Outside

	The Moments: Not On the Outside [cached]

Searching: Young-Holt Unlimited: Who's Making Love
=========> Young Holt Unlimited: Who s Making Love

	 NOT FOUND

Searching: Shango: Day After Day (It's Slippin' Away)
=========> Shango: Day After Day

	 NOT FOUND

Searching: Dee Dee Warwick: Foolish Fool

	 NOT FOUND

Searching: The Doors: Tell All The People

	The Doors: Tell All the People [cached]

Searching: 1910 Fruitgum Co.: The Train

	1910 Fruitgum Company: The Train - Buddha Remastered 2001 [cached]

Searching: The New Hope: Won't Find Better (Than Me)
=========> New Hope: Won t Find Better

	 NOT FOUND

Searching: The Band: Rag Mama Rag

	The Band: Rag Mama Rag [cached]

Searching: Ike & Tina Turner & The Ikettes: Come Together

	Ike & Tina Turner: Come Together [cached]

Searching: Jay & The Americans: Capture The Moment

	Jay & The Americans: Capture The Moment [cached]

Searching: The Archies: Sunshine

	The Archies: Sunshine [cached]

Searching: Tommy James: Ball And Chain

	Tommy James: Ball and Chain [cached]

Searching: Dusk: Angel Baby

	 NOT FOUND

Searching: Dionne Warwick: Who Gets The Guy

	Dionne Warwick: Who Gets the Guy [cached]

Searching: Anne Murray: Talk It Over In The Morning

	Anne Murray: Talk It Over In The Morning [cached]

Searching: Jean Knight: You Think You're Hot Stuff

	Jean Knight: You Think You're Hot Stuff [cached]

Searching: Pop-Tops: Mammy Blue

	Pop Tops: Mammy Blue [cached]

Searching: Shirley Bassey: Diamonds Are Forever

	Shirley Bassey: Diamonds Are Forever [cached]

Searching: Terry Black & Laurel Ward: Goin' Down (On The Road To L.A.)
=========> Terry Black: Goin  Down

	 NOT FOUND

Searching: Quincy Jones: Money Runner

	Quincy Jones: Money Runner [cached]

Searching: John Lennon/Plastic Ono Band With Elephant's Memory: Woman Is The Nigger Of The World

	John Lennon: Woman Is The Nigger Of The World - Remastered 2010 [cached]

Searching: The Chi-lites: A Lonely Man/The Man & The Woman (The Boy & The Girl)

	The Chi-Lites: A Lonely Man [cached]

Searching: Holland-Dozier: Why Can't We Be Lovers

	Holland-Dozier: Why Can’t We Be Lovers [cached]

Searching: The O'Jays: 992 Arguments

	The O'Jays: 992 Arguments [cached]

Searching: Brownsville Station: Let Your Yeah Be Yeah

	Brownsville Station: Let Your Yeah Be Yeah [cached]

Searching: The Incredible Bongo Band: Bongo Rock

	The Incredible Bongo Band: Bongo Rock [cached]

Searching: Alice Cooper: Billion Dollar Babies

	Alice Cooper: Billion Dollar Babies [cached]

Searching: Donna Fargo: Little Girl Gone

	Donna Fargo: Little Girl Gone [cached]

Searching: Tyrone Davis: I Wish It Was Me

	Tyrone Davis: I Wish It Was Me [cached]

Searching: Al Wilson: Touch And Go

	Al Wilson: Touch and Go [cached]

Searching: Gladys Knight And The Pips: Between Her Goodbye And My Hello

	Gladys Knight & The Pips: Between Her Goodbye And My Hello [cached]

Searching: Donna Fargo: You Can't Be A Beacon (if Your Light Don't Shine)

	Donna Fargo: You Can't Be A Beacon (If Your Light Don't Shine) [cached]

Searching: Ace Spectrum: Don't Send Nobody Else

	Ace Spectrum: Don't Send Nobody Else [cached]

Searching: Steely Dan: Pretzel Logic

	Steely Dan: Pretzel Logic [cached]

Searching: Dave Loggins: Someday

	 NOT FOUND

Searching: Bloodstone: My Little Lady

	Bloodstone: My Little Lady [cached]

Searching: Joan Baez: Blue Sky

	Joan Baez: Blue Sky [cached]

Searching: Jessi Colter: What's Happened To Blue Eyes/You Ain't Never Been Loved (Like I'm Gonna Lov

	Jessi Colter: What's Happened To Blue Eyes [cached]

Searching: Biddu Orchestra: Summer Of '42

	Biddu Orchestra: Summer Of '42 [cached]

Searching: The Hudson Brothers: Lonely School Year
=========> Hudson Brothers: Lonely School Year

	 NOT FOUND

Searching: Bro Smith: Bigfoot

	Bro Smith: Bigfoot [cached]

Searching: Quincy Jones: "Roots" Medley
=========> Quincy Jones: Roots  Medley

	 NOT FOUND

Searching: Cliff Richard: Don't Turn The Light Out

	Cliff Richard: Don't Turn the Light Out - 2002 Remaster [cached]

Searching: Bonnie Raitt: Runaway

	Bonnie Raitt: Runaway - Remaster [cached]

Searching: Helen Reddy: The Happy Girls

	Helen Reddy: The Happy Girls [cached]

Searching: Bette Midler: Storybook Children (Daybreak)

	Bette Midler: Storybook Children [cached]

Searching: Brooklyn Dreams: Music, Harmony And Rhythm

	Brooklyn Dreams: Music, Harmony, And Rhythm [cached]

Searching: Journey: Wheel In The Sky

	Journey: Wheel in the Sky [cached]

Searching: Odyssey: Weekend Lover

	Odyssey: Weekend Lover [cached]

Searching: Leif Garrett: Feel The Need

	Leif Garrett: Feel the Need [cached]

Searching: Nick Gilder: Rock Me

	Nick Gilder: (You Really) Rock Me [cached]

Searching: Toby Beau: Then You Can Tell Me Goodbye

	 NOT FOUND

Searching: Rainbow: Since You Been Gone

	Rainbow: Since You Been Gone [cached]

Searching: Bar-Kays: Move Your Boogie Body

	The Bar-Kays: Move Your Boogie Body [cached]

Searching: Warren Zevon: A Certain Girl

	Warren Zevon: A Certain Girl [cached]

Searching: England Dan Seals: Late At Night

	 NOT FOUND

Searching: Jimmy Buffett: It's My Job

	Jimmy Buffett: It's My Job [cached]

Searching: April Wine: Sign Of The Gypsy Queen

	April Wine: Sign Of The Gypsy Queen [cached]

Searching: O'Bryan: The Gigolo
=========> O Bryan: Gigolo

	 NOT FOUND

Searching: Jerry Reed: She Got The Goldmine (i Got The Shaft)

	Jerry Reed: She Got the Goldmine (I Got the Shaft) [cached]

Searching: Sheena Easton: Machinery

	Sheena Easton: Machinery [cached]

Searching: The Steve Miller Band: Cool Magic

	Steve Miller Band: Cool Magic [cached]

Searching: Donnie Iris: Tough World

	Donnie Iris: Tough World [cached]

Searching: The Alan Parsons Project: Psychobabble

	The Alan Parsons Project: Psychobabble [cached]

Searching: Tyrone Davis: Are You Serious

	 NOT FOUND

Searching: Earth, Wind & Fire: Magnetic

	Earth, Wind & Fire: Magnetic [cached]

Searching: Mr. Mister: Hunters Of The Night

	Mr. Mister: Hunters of the Night [cached]

Searching: Joe Jackson: Happy Ending

	Joe Jackson: Happy Ending [cached]

Searching: Honeymoon Suite: New Girl Now

	Honeymoon Suite: New Girl Now [cached]

Searching: The Steve Miller Band: Shangri-La

	Steve Miller Band: Shangri-La [cached]

Searching: Nolan Thomas: Yo Little Brother

	Nolan Thomas: Yo' Little Brother [cached]

Searching: Paul Hardcastle: Rain Forest

	Paul Hardcastle: Rain Forest [cached]

Searching: Giuffria: Lonely In Love

	Giuffria: Lonely In Love [cached]

Searching: Jules Shear: Steady

	Jules Shear: Steady [cached]

Searching: Natalie Cole: Dangerous

	 NOT FOUND

Searching: Gino Vannelli: Hurts To Be In Love

	Gino Vannelli: Hurts to Be In Love [cached]

Searching: Chaka Khan: Own The Night
=========> Chaka Khan: Own Night

	 NOT FOUND

Searching: Jennifer Rush: The Power Of Love

	Jennifer Rush: The Power of Love [cached]

Searching: Atlantic Starr: If Your Heart Isn't In It

	Atlantic Starr: If Your Heart Isn't in It [cached]

Searching: Luther Vandross: Give Me The Reason

	Luther Vandross: Give Me the Reason [cached]

Searching: The Beach Boys: California Dreamin'

	The Beach Boys: California Dreamin' - 2007 Digital Remaster [cached]

Searching: Debbie Harry: French Kissin

	Debbie Harry: French Kissin' in the USA [cached]

Searching: Bobby Brown: Girlfriend

	Bobby Brown: Girlfriend [cached]

Searching: Daryl Hall: Someone Like You

	Daryl Hall: Someone Like You [cached]

Searching: Run-D.M.C.: It's Tricky

	Run–D.M.C.: It's Tricky [cached]

Searching: Pseudo Echo: Living In A Dream

	Pseudo Echo: Living In A Dream [cached]

Searching: Great White: Save Your Love

	Great White: Save Your Love [cached]

Searching: Steve Winwood: Talking Back To The Night

	Steve Winwood: Talking Back To The Night [cached]

Searching: Sweet Sensation: Take It While It's Hot

	Sweet Sensation: Take It While It's Hot [cached]

Searching: Henry Lee Summer: Darlin' Danielle Don't

	Henry Lee Summer: Darlin' Danielle Don't [cached]

Searching: Jane Wiedlin: Inside A Dream

	Jane Wiedlin: Inside A Dream [cached]

Searching: D.J. Jazzy Jeff & The Fresh Prince: Girls Ain't Nothing But Trouble

	DJ Jazzy Jeff & The Fresh Prince: Girls Ain't Nothing But Trouble - 1988 Extended Remix [cached]

Searching: Simply Red: It's Only Love

	Simply Red: It's Only Love - 2008 Remaster [cached]

Searching: Surface: Closer Than Friends

	Surface: Closer Than Friends - Single Version [cached]

Searching: Billy Joel: The Downeaster "Alexa"

	Billy Joel: The Downeaster 'Alexa' [cached]

Searching: The Rolling Stones: Highwire

	The Rolling Stones: Highwire - Live / Remastered 2009 [cached]

Searching: Happy Mondays: Step On

	Happy Mondays: Step On - 2007 Remaster [cached]

Searching: The KLF: What Time Is Love?

	The KLF: What Time Is Love? - Live at Trancentral [cached]

Searching: Black Sheep: The Choice Is Yours

	Black Sheep: The Choice Is Yours (Revisited) [cached]

Searching: A Tribe Called Quest: Scenario

	A Tribe Called Quest: Scenario [cached]

Searching: Mary J. Blige: Reminisce

	Mary J. Blige: Reminisce [cached]

Searching: Lighter Shade Of Brown: Homies

	 NOT FOUND

Searching: Chaka Demus & Pliers: Murder She Wrote

	Chaka Demus & Pliers: Murder She Wrote [cached]

Searching: Jude Cole: Tell The Truth

	Jude Cole: Tell the Truth [cached]

Searching: Mary Chapin Carpenter: Passionate Kisses

	Mary Chapin Carpenter: Passionate Kisses [cached]

Searching: LL Cool J: How I'm Comin'

	LL Cool J: How I'm Comin' [cached]

Searching: Bobby Brown: That's The Way Love Is

	Bobby Brown: That's The Way Love Is [cached]

Searching: Shanice: It's For You (From "The Meteor Man")
=========> Shanice: It s For You

	 NOT FOUND

Searching: Sting: Nothing 'Bout Me

	Sting: Epilogue (Nothing 'Bout Me) [cached]

Searching: Rosco Martinez: Neon Moonlight

	 NOT FOUND

Searching: H-Town/Al B. Sure!: Part Time Lover/I'm Still In Love With You

	H-Town: Part Time Lover [cached]

Searching: Stevie Nicks: Maybe Love Will Change Your Mind

	Stevie Nicks: Maybe Love Will Change Your Mind - 2019 Remaster [cached]

Searching: The Lady Of Rage: Afro Puffs

	The Lady Of Rage: Afro Puffs [cached]

Searching: Weezer: Undone - The Sweater Song

	Weezer: Undone - The Sweater Song [cached]

Searching: Heavy D & The Boyz: Black Coffee

	Heavy D & The Boyz: Black Coffee [cached]

Searching: Capleton: Tour

	Capleton: Tour [cached]

Searching: All-4-One: (She's Got) Skillz

	All-4-One: (She's Got) Skillz [cached]

Searching: Corona: Baby Baby

	Corona: Baby Baby [cached]

Searching: Mary J. Blige: I Love You/You Bring Me Joy

	Mary J. Blige: I Can Love You [cached]

Searching: KRS-One: MC's Act Like They Don't Know

	KRS-One: MC's Act Like They Don't Know [cached]

Searching: Los Del Rio: Macarena Christmas

	Los Del Rio: Macarena (Bayside Boys Remix) - Remasterizado [cached]

Searching: Richie Rich: Do G's Get To Go To Heaven?

	Richie Rich: Do G's Get To Go To Heaven? [cached]

Searching: Leah Andreone: It's Alright, It's Ok

	Leah Andreone: It's Alright, It's OK [cached]

Searching: U2: Last Night On Earth

	U2: Last Night On Earth [cached]

Searching: Big Punisher: I'm Not A Player

	Big Pun: I'm Not a Player [cached]

Searching: Bee Gees: Still Waters (Run Deep)

	Bee Gees: Still Waters (Run Deep) [cached]

Searching: Silkk The Shocker Featuring Master P, Destiny's Child, O'Dell, Mo: Just Be Straight With Me

	Silkk The Shocker: Just Be Straight With Me [cached]

Searching: Sam Salter: There You Are

	Sam Salter: There You Are [cached]

Searching: En Vogue: No Fool No More

	En Vogue: No Fool No More [cached]

Searching: R.E.M.: Daysleeper

	R.E.M.: Daysleeper [cached]

Searching: Cher: Strong Enough

	Cher: Strong Enough [cached]

Searching: R.E.M.: The Great Beyond

	R.E.M.: The Great Beyond [cached]

Searching: SHeDAISY: This Woman Needs

	SHeDAISY: This Woman Needs [cached]

Searching: Joe Diffie: It's Always Somethin'

	Joe Diffie: It's Always Somethin' [cached]

Searching: Yolanda Adams: Open My Heart

	Yolanda Adams: Open My Heart [cached]

Searching: Shyne Featuring Barrington Levy: Bad Boyz

	Shyne: Bad Boyz (feat. Barrington Levy) [cached]

Searching: Papa Roach: Last Resort

	Papa Roach: Last Resort [cached]

Searching: David Gray: Babylon

	David Gray: Babylon [cached]

Searching: Bon Jovi: Thank You For Loving Me

	Bon Jovi: Thank You For Loving Me [cached]

Searching: Gorillaz: Clint Eastwood

	Gorillaz: Clint Eastwood [cached]

Searching: Brad Paisley: I Wish You'd Stay

	Brad Paisley: I Wish You'd Stay [cached]

Searching: Red Hot Chili Peppers: Can't Stop

	Red Hot Chili Peppers: Can't Stop [cached]

Searching: Brian McComas: 99.9% Sure (I've Never Been Here Before)

	Brian McComas: 99.9% Sure (I've Never Been Here Before) [cached]

Searching: Tyrese: Signs Of Love Makin'

	Tyrese: Signs of Love Makin' [cached]

Searching: Rodney Atkins: Honesty (Write Me A List)

	Rodney Atkins: Honesty (Write Me A List) [cached]

Searching: Janet Jackson: I Want You

	Janet Jackson: I Want You [cached]

Searching: Elephant Man: Jook Gal (Wine Wine)

	Elephant Man: Jook Gal (Wine Wine) [feat. Twista, Young Bloodz & Kiprich] - Head Gawn Version [cached]

Searching: Beyonce: Dangerously In Love

	Beyoncé: Dangerously In Love [cached]

Searching: Ashlee Simpson: Shadow

	Ashlee Simpson: Shadow [cached]

Searching: Lindsay Lohan: Confessions Of A Broken Heart (Daughter To Father)

	Lindsay Lohan: Confessions Of A Broken Heart (Daughter To Father) - Radio [cached]

Searching: System Of A Down: Hypnotize

	System Of A Down: Hypnotize [cached]

Searching: Natasha Bedingfield: Single

	Natasha Bedingfield: Single [cached]

Searching: Pharrell Featuring Kanye West: Number One

	Pharrell Williams: Number One [cached]

Searching: Rick Ross: Push It

	Rick Ross: Push It [cached]

Searching: Montgomery Gentry: Some People Change

	Montgomery Gentry: Some People Change [cached]

Searching: MIKA: Grace Kelly

	MIKA: Grace Kelly [cached]

Searching: Brooks & Dunn: Proud Of The House We Built

	Brooks & Dunn: Proud of the House We Built [cached]

Searching: Montgomery Gentry: What Do Ya Think About That

	Montgomery Gentry: What Do Ya Think About That [cached]

Searching: Baby Bash Featuring Sean Kingston: What Is It

	Baby Bash: What Is It (feat. Sean Kingston) [cached]

Searching: Madonna: Give It 2 Me

	Madonna: Give It 2 Me [cached]

Searching: T.I.: Ready For Whatever

	T.I.: Ready For Whatever [cached]

Searching: Flo Rida Featuring Pleasure P: Shone

	Flo Rida: Shone (feat. Pleasure P) [cached]

Searching: Jake Owen: Don't Think I Can't Love You

	Jake Owen: Don't Think I Can't Love You [cached]

Searching: Hannah Montana: Let's Get Crazy

	Hannah Montana: Let's Get Crazy [cached]

Searching: The White Tie Affair: Candle (Sick And Tired)

	The White Tie Affair: Candle (Sick And Tired) [cached]

Searching: Gorilla Zoe: Echo

	Gorilla Zoe: Echo [cached]

Searching: Craig Morgan: Bonfire

	Craig Morgan: Bonfire [cached]

Searching: Dave Matthews Band: You And Me

	Dave Matthews Band: You & Me [cached]

Searching: Christopher Wilde: Hero

	Christopher Wilde: Hero [cached]

Searching: Billy Currington: That's How Country Boys Roll

	Billy Currington: That's How Country Boys Roll [cached]

Searching: Crystal Bowersox: Up To The Mountain

	Crystal Bowersox: Up To The Mountain [cached]

Searching: Drake: 9 AM In Dallas

	Drake: 9AM in Dallas [cached]

Searching: Glee Cast: Baby, It's Cold Outside

	Glee Cast: Baby, It's Cold Outside (feat. Darren Criss) [cached]

Searching: Glee Cast Featuring Gwyneth Paltrow: Do You Wanna Touch Me (Oh Yeah)

	Glee Cast: Do You Wanna Touch Me (Oh Yeah) (Glee Cast Version) (feat. Gwyneth Paltrow) [cached]

Searching: Wiz Khalifa: When I'm Gone

	Wiz Khalifa: When I'm Gone [cached]

Searching: Young Jeezy Featuring Lil Wayne: Ballin'
=========> Young Jeezy: Ballin

	 NOT FOUND

Searching: Beyonce: 1+1

	Beyoncé: 7/11 [cached]

Searching: Dia Frampton: Heartless

	Dia Frampton: Heartless - The Voice Performance [cached]

Searching: Blake Shelton & Dia Frampton: I Won't Back Down

	Blake Shelton: I Won't Back Down - The Voice Performance [cached]

Searching: Kreayshawn: Gucci Gucci

	Kreayshawn: Gucci Gucci [cached]

Searching: Glee Cast: Perfect

	Glee Cast: Perfect (Glee Cast Version) [cached]

Searching: Meek Mill Featuring Drake: Amen

	Meek Mill: Amen (feat. Drake) [cached]

Searching: Tim McGraw: Truck Yeah

	Tim McGraw: Truck Yeah [cached]

Searching: Easton Corbin: Lovin' You Is Fun

	Easton Corbin: Lovin' You Is Fun [cached]

Searching: Tamar Braxton: Love And War

	Tamar Braxton: Love and War [cached]

Searching: Kristen Bell & Idina Menzel: For The First Time In Forever

	Kristen Bell: For the First Time in Forever - From "Frozen"/Soundtrack Version [cached]

Searching: Tegan And Sara Featuring The Lonely Island: Everything Is AWESOME!!!

	Tegan and Sara: Everything Is AWESOME!!! (feat. The Lonely Island) [cached]

Searching: Cash Cash Featuring Bebe Rexha: Take Me Home

	Cash Cash: Take Me Home (feat. Bebe Rexha) [cached]

Searching: Frankie Ballard: Sunshine & Whiskey

	Frankie Ballard: Sunshine & Whiskey [cached]

Searching: Fetty Wap: RGF Island

	Fetty Wap: RGF Island [cached]

Searching: Kid Ink Featuring Fetty Wap: Promise

	Kid Ink: Promise (feat. Fetty Wap) [cached]

Searching: Dustin Lynch: Mind Reader

	Dustin Lynch: Mind Reader [cached]

Searching: Grace Featuring G-Eazy: You Don't Own Me
=========> Grace: You Don t Own Me

	 NOT FOUND

Searching: J. Cole: Everybody Dies

	J. Cole: everybody dies [cached]

Searching: DJ Khaled Featuring Beyonce & JAY Z: Shining

	DJ Khaled: Shining (feat. Beyoncé & Jay-Z) [cached]

Searching: Dan + Shay: How Not To

	Dan + Shay: How Not To [cached]

Searching: Luke Bryan: Light It Up

	Luke Bryan: Light It Up [cached]

Searching: Cardi B & YG: She Bad

	Cardi B: She Bad [cached]

Searching: Khalid, Ty Dolla $ign & 6LACK: OTW

	Khalid: OTW [cached]

Searching: Post Malone: Sugar Wraith

	Post Malone: Sugar Wraith [cached]

Searching: Drake: March 14

	Drake: March 14 [cached]

Searching: Lil Wayne: Problems

	Lil Wayne: Problems [cached]

Searching: Meek Mill: Respect The Game

	Meek Mill: Respect the Game [cached]

Searching: Khalid & Kane Brown: Saturday Nights

	Khalid: Saturday Nights REMIX [cached]

Searching: Future: Jumpin On A Jet

	Future: Jumpin on a Jet [cached]

Searching: DJ Khaled Featuring Chris Brown, Lil Wayne & Big Sean: Jealous

	DJ Khaled: Jealous (feat. Chris Brown, Lil Wayne & Big Sean) [cached]

Searching: Ed Sheeran Featuring Eminem & 50 Cent: Remember The Name

	Ed Sheeran: Remember The Name (feat. Eminem & 50 Cent) [cached]

Searching: Florida Georgia Line: Talk You Out Of It

	Florida Georgia Line: Talk You Out Of It [cached]

Searching: Taylor Swift: Cornelia Street

	Taylor Swift: Cornelia Street [cached]

Searching: YoungBoy Never Broke Again: Make No Sense

	YoungBoy Never Broke Again: Make No Sense [cached]

Searching: BTS: Black Swan

	BTS: Black Swan [cached]

Searching: Khalid x Disclosure: Know Your Worth

	Khalid: Know Your Worth [cached]

Searching: Polo G Featuring Lil Baby: Be Something

	Polo G: Be Something (feat. Lil Baby) [cached]

Searching: Gunna: Wunna

	Gunna: WUNNA [cached]

Searching: Don Toliver: After Party

	Don Toliver: After Party [cached]

Searching: A Boogie Wit da Hoodie: Bleed

	A Boogie Wit da Hoodie: Bleed [cached]

Searching: Pop Smoke Featuring Swae Lee: Creature

	Pop Smoke: Creature (feat. Swae Lee) [cached]

Searching: Taylor Swift: Epiphany

	Taylor Swift: epiphany [cached]

Searching: 21 Savage & Metro Boomin: Brand New Draco

	21 Savage: Brand New Draco [cached]

Searching: Phoebe & Maggie: Iris
=========> Phoebe: Iris

	 NOT FOUND

Searching: Taylor Swift Featuring Bon Iver: Evermore

	Taylor Swift: evermore (feat. Bon Iver) [cached]

Searching: Jason Derulo: Take You Dancing

	Jason Derulo: Take You Dancing [cached]

Searching: Harry Styles: Golden

	Harry Styles: Golden [cached]
