Found 243/278 = 87%
35 not found: 
Ray Charles and his Orchestra: Them That Got
Patti Page: Mom And Dad's Waltz
Kyu Sakamoto: China Nights (Shina No Yoru)
The Sheep: Hide & Seek
The Montanas: You've Got To Be Loved
Mama Cass: Move In A Little Closer, Baby
Jane Birkin Serge Gainsbourg: Je T'Aime...Moi Non Plus
The Raeletts: Bad Water
Tim Moore: Second Avenue
Bobby Vinton: Wooden Heart
Kenny Starr: The Blind Man In The Bleachers
Lenny LeBlanc: Hound Dog Man (Play It Again)
Le Pamplemousse: Le Spank
Starbuck: Searching For A Thrill
Bonnie Pointer: Free Me From My Freedom/Tie Me To A Tree (Handcuff Me)
Steve Dahl And Teenage Radiation: Do You Think I'm Disco?
Duke Jupiter: I'll Drink To You
Bill Medley: Right Here And Now
Peabo Bryson & Roberta Flack: You're Looking Like Love To Me
Sergio Mendes: Olympia
Ralph MacDonald With Bill Withers: In The Name Of Love
Billy Crystal: You Look Marvelous
Georgio: Sexappeal
House Of Lords: I Wanna Be Loved
Giant Steps: Into You
PC Quest: Can I Call You My Girl
Sound Factory: Understand This Groove
Jordy: Dur Dur D'etre BeBe! (It's Tough To Be A Baby)
Kimberly Scott: Tuck Me In
Spacemonkeyz: Sugar Cane
Nivea: Laundromat
Ashley Parker Angel: Soundtrack To Your Life
David Archuleta: Don't Let The Sun Go Down On Me
Keith Urban: 'Til Summer Comes Around
Victorious Cast Featuring Victoria Justice: Beggin' On Your Knees
--------- log -----------
Searching: The Crickets: Fool's Paradise

	The Crickets: Fool's Paradise [cached]

Searching: The Drifters: Drip Drop

	The Drifters: Drip Drop [cached]

Searching: Georgie Young: Nine More Miles (The "Faster-Faster" Song)

	Georgie Young And The Rockin' Bocs: Nine More Miles The "Faster Faster" Song [cached]

Searching: Don Gibson: Look Who's Blue

	Don Gibson: Look Who's Blue [cached]

Searching: Eddie Cochran: Somethin Else

	Eddie Cochran: Somethin' Else [cached]

Searching: Ivo Robic: The Happy Muleteer

	Ivo Robic: The Happy Muleteer [cached]

Searching: Adam Wade: Ruby

	Adam Wade: Ruby [cached]

Searching: Brook Benton: Hither And Thither And Yon

	Brook Benton: Hither And Thither And Yon [cached]

Searching: Jan And Kjeld: Banjo Boy

	Jan & Kjeld: Banjo Boy [cached]

Searching: Frankie Lymon: Little Bitty Pretty One

	Frankie Lymon & The Teenagers: Little Bitty Pretty One [cached]

Searching: Fats Domino: Put Your Arms Around Me Honey

	Fats Domino: Put Your Arms Around Me Honey [cached]

Searching: Marv Johnson: Happy Days

	Marv Johnson: Happy Days [cached]

Searching: Ray Charles and his Orchestra: Them That Got
=========> Ray Charles: Them That Got

	 NOT FOUND

Searching: Johnny Burnette: Big Big World

	Johnny Burnette: Big Big World [cached]

Searching: Patti Page: Mom And Dad's Waltz
=========> Patti Page: Mom And Dad s Waltz

	 NOT FOUND

Searching: Neil Scott: Bobby

	Neil MacEachern And His Scottish Dance Bnad: Boston Two-Step: Bouncing Bobby [cached]

Searching: Jimmy Reed: Bright Lights Big City

	Jimmy Reed: Bright Lights, Big City [cached]

Searching: Jackie Wilson: The Way I Am

	Jackie Wilson: The Way I Am [cached]

Searching: Frank Sinatra: I'll Be Seeing You

	Frank Sinatra: I'll Be Seeing You [cached]

Searching: Shep And The Limelites: Three Steps From The Altar

	Shep And The Limelites: Three Steps from the Altar [cached]

Searching: The Marcels: My Melancholy Baby

	The Marcels: My Melancholy Baby [cached]

Searching: Jackie Wilson: Hearts

	Jackie Wilson: Hearts [cached]

Searching: Wanda Jackson: If I Cried Every Time You Hurt Me

	Wanda Jackson: If I Cried Every Time You Hurt Me [cached]

Searching: Arthur Alexander: Where Have You Been (All My Life)

	Arthur Alexander: Where Have You Been (All of My Life) [cached]

Searching: Paul Petersen: Keep Your Love Locked (Deep In Your Heart)

	Paul Petersen: Keep Your Love Locked [cached]

Searching: Gene Pitney: If I Didn't Have A Dime (To Play The Jukebox)

	Gene Pitney: If I Didn't Have A Dime (To Play The Jukebox) [cached]

Searching: Johnny Cymbal: Teenage Heaven

	Johnny Cymbal: Teenage Heaven [cached]

Searching: Kyu Sakamoto: China Nights (Shina No Yoru)
=========> Kyu Sakamoto: China Nights

	 NOT FOUND

Searching: Frank Ifield: I'm Confessin' (That I Love You)

	Frank Ifield: I'm Confessin' [cached]

Searching: Wayne Newton And The Newton Brothers: Shirl Girl

	Wayne Newton: Shirl Girl - Remastered [cached]

Searching: Brooks O'Dell: Watch Your Step

	Brooks O'Dell: Watch Your Step [cached]

Searching: Santo & Johnny: I'll Remember (In The Still Of The Night)

	Santo & Johnny: I'll Remember [cached]

Searching: Siw Malmkvist-Umberto Marcato: Sole Sole Sole

	Siw Malmkvist: Sole Sole [cached]

Searching: Solomon Burke: Everybody Needs Somebody To Love

	Solomon Burke: Everybody Needs Somebody to Love [cached]

Searching: Eddie Holland: Candy To Me

	Eddie Holland: Candy To Me [cached]

Searching: Billy Strange: The James Bond Theme

	Billy Strange: The Girl From Ipanema [cached]

Searching: Johnny Cash: It Ain't Me, Babe

	Johnny Cash: It Ain't Me, Babe (with June Carter Cash) [cached]

Searching: Nancy Wilson: Don't Come Running Back To Me

	Nancy Wilson: Don't Come Running Back To Me [cached]

Searching: Ray Charles: Cry

	Ray Charles: Don't Let the Sun Catch You Cryin' [cached]

Searching: The Zombies: She's Coming Home

	The Zombies: She's Coming Home [cached]

Searching: Robert Goulet: Summer Sounds

	Robert Goulet: Summer Sounds [cached]

Searching: Booker T. & The MG's: Boot-Leg

	Booker T. & the M.G.'s: Boot-Leg [cached]

Searching: Bob Dylan: Can You Please Crawl Out Your Window?

	Bob Dylan: Can You Please Crawl Out Your Window? - Mono Single Version [cached]

Searching: The Exciters: A Little Bit Of Soap

	The Exciters: A Little Bit Of Soap [cached]

Searching: The Sheep: Hide & Seek
=========> Sheep: Hide   Seek

	 NOT FOUND

Searching: Ko Ko Taylor: Wang Dang Doodle

	Koko Taylor: Wang Dang Doodle [cached]

Searching: Tom Jones: Not Responsible

	Tom Jones: Not Responsible [cached]

Searching: Roger Miller: My Uncle Used To Love Me But She Died

	Roger Miller: My Uncle Used To Love Me (But She Died) [cached]

Searching: Ben Colder: Almost Persuaded No. 2

	Ben Colder: Almost Persuaded No. 2 [cached]

Searching: Brian Hyland: Hung Up In Your Eyes

	Brian Hyland: Hung Up In Your Eyes [cached]

Searching: Marlena Shaw: Mercy, Mercy, Mercy

	Marlena Shaw: Mercy, Mercy, Mercy [cached]

Searching: Buffalo Springfield: Bluebird

	Buffalo Springfield: Bluebird [cached]

Searching: Brenda & The Tabulations: When You're Gone

	Brenda And The Tabulations: When You're Gone [cached]

Searching: The Montanas: You've Got To Be Loved
=========> Montanas: You ve Got To Be Loved

	 NOT FOUND

Searching: Neil Diamond: Brooklyn Roads

	Neil Diamond: Brooklyn Roads [cached]

Searching: Arthur Conley: People Sure Act Funny

	Arthur Conley: People Sure Act Funny [cached]

Searching: Paul Revere & The Raiders Featuring Mark Lindsay: Cinderella Sunshine

	Paul Revere & The Raiders: Cinderella Sunshine [cached]

Searching: Creedence Clearwater Revival: I Put A Spell On You

	Creedence Clearwater Revival: I Put A Spell On You [cached]

Searching: Bobby Bland: Rockin' In The Same Old Boat

	Bobby "Blue" Bland: Rockin' In The Same Old Boat [cached]

Searching: Johnny Nash: You Got Soul

	Johnny Nash: You Got Soul [cached]

Searching: Mama Cass: Move In A Little Closer, Baby
=========> Mama Cass: Move In A Little Closer  Baby

	 NOT FOUND

Searching: David Ruffin: I've Lost Everything I've Ever Loved

	David Ruffin: I've Lost Everything I've Ever Loved - Single Version / Mono [cached]

Searching: The Box Tops: Turn On A Dream

	The Box Tops: Turn on a Dream [cached]

Searching: The Impressions: Say You Love Me

	The Impressions: Say You Love Me [cached]

Searching: Dennis Yost And The Classics IV: Midnight

	Dennis Yost: Midnight [cached]

Searching: Jane Birkin Serge Gainsbourg: Je T'Aime...Moi Non Plus
=========> Jane Birkin Serge Gainsbourg: Je T Aime   Moi Non Plus

	 NOT FOUND

Searching: The Rascals: Glory Glory

	The Rascals: Glory Glory [cached]

Searching: Tyrone Davis: Let Me Back In

	Tyrone Davis: Let Me Back In [cached]

Searching: C.C.S.: Whole Lotta Love

	C.C.S.: Whole Lotta Love [cached]

Searching: The Statler Brothers: Bed Of Rose's

	The Statler Brothers: Bed Of Roses [cached]

Searching: Johnny Cash: Man In Black

	Johnny Cash: Man in Black [cached]

Searching: The Raeletts: Bad Water
=========> Raeletts: Bad Water

	 NOT FOUND

Searching: Merle Haggard And The Strangers: Carolyn

	Merle Haggard & The Strangers: Carolyn - 2001 Remaster [cached]

Searching: Wilson Pickett: Funk Factory

	Wilson Pickett: Funk Factory [cached]

Searching: Gordon Lightfoot: Beautiful

	Gordon Lightfoot: Beautiful [cached]

Searching: Harold Melvin And The Blue Notes: I Miss You (Part I)

	Harold Melvin & The Blue Notes: If You Don't Know Me by Now (feat. Teddy Pendergrass) [cached]

Searching: Don McLean: If We Try

	Don McLean: If We Try [cached]

Searching: Earnest Jackson: Love And Happiness

	Earnest Jackson: Love and Happiness [cached]

Searching: James Brown: Stoned To The Bone - Part 1

	James Brown: Stoned To The Bone (Some More) [cached]

Searching: Harold Melvin And The Blue Notes: Satisfaction Guaranteed (Or Take Your Love Back)

	Harold Melvin & The Blue Notes: Satisfaction Guaranteed (Or Take Your Love Back) (feat. Teddy Pendergrass) [cached]

Searching: Tim Moore: Second Avenue

	 NOT FOUND

Searching: The Doobie Brothers: Nobody

	The Doobie Brothers: Nobody [cached]

Searching: Bobby Vinton: Wooden Heart

	 NOT FOUND

Searching: The Brecker Brothers: Sneakin' Up Behind You

	The Brecker Brothers: Sneakin' Up Behind You [cached]

Searching: Emmylou Harris: If I Could Only Win Your Love

	Emmylou Harris: If I Could Only Win Your Love - Remastered [cached]

Searching: Rod Stewart: Sailing

	Rod Stewart: Sailing [cached]

Searching: Kenny Starr: The Blind Man In The Bleachers
=========> Kenny Starr: Blind Man In Bleachers

	 NOT FOUND

Searching: John Denver: Christmas For Cowboys

	John Denver: Christmas for Cowboys [cached]

Searching: Lee Garrett: You're My Everything

	Lee Garrett: You're My Everything [cached]

Searching: Dorothy Moore: Funny How Time Slips Away

	Dorothy Moore: Funny How Time Slips Away [cached]

Searching: Seals & Crofts: Baby, I'll Give It To You

	Seals and Crofts: Baby I'll Give It to You [cached]

Searching: Tony Orlando & Dawn: Sing

	Tony Orlando & Dawn: I Play And Sing - Digitally Remastered 1998 [cached]

Searching: Graham Parker And The Rumour: Hold Back The Night

	Graham Parker & The Rumour: Hold Back The Night [cached]

Searching: Jackson Browne: The Pretender

	Jackson Browne: The Pretender [cached]

Searching: Lenny LeBlanc: Hound Dog Man (Play It Again)
=========> Lenny LeBlanc: Hound Dog Man

	 NOT FOUND

Searching: Mother's Finest: Baby Love

	Mother's Finest: Baby Love [cached]

Searching: Boz Scaggs: Hard Times

	Boz Scaggs: Hard Times [cached]

Searching: Merle Haggard: From Graceland To The Promised Land

	Merle Haggard: From Graceland To The Promised Land - Re-Recorded In Stereo [cached]

Searching: Le Pamplemousse: Le Spank

	 NOT FOUND

Searching: Leif Garrett: Put Your Head On My Shoulder

	Leif Garrett: Put You're Head On My Shoulder [cached]

Searching: Ted Nugent: Yank Me, Crank Me

	Ted Nugent: Yank Me Crank Me - Live at Taylor County Coliseum, Abilene, TX - November 1977 [cached]

Searching: REO Speedwagon: Roll With The Changes

	REO Speedwagon: Roll with the Changes [cached]

Searching: Starbuck: Searching For A Thrill

	 NOT FOUND

Searching: Musique: In The Bush

	Musique: In the Bush - Radio Edit [cached]

Searching: Engelbert Humperdinck: This Moment In Time

	Engelbert Humperdinck: This Moment In Time [cached]

Searching: Bonnie Pointer: Free Me From My Freedom/Tie Me To A Tree (Handcuff Me)
=========> Bonnie Pointer: Free Me From My Freedom

	 NOT FOUND

Searching: Journey: Just The Same Way

	Journey: Just the Same Way [cached]

Searching: Manfred Mann's Earth Band: You Angel You

	Manfred Mann's Earth Band: You Are, I Am [cached]

Searching: Oak: This Is Love

	OAK: This Is Love [cached]

Searching: Steve Dahl And Teenage Radiation: Do You Think I'm Disco?
=========> Steve Dahl: Do You Think I m Disco

	 NOT FOUND

Searching: Earth, Wind & Fire: In The Stone

	Earth, Wind & Fire: In the Stone [cached]

Searching: Russ Ballard: On The Rebound

	Russ Ballard: On the Rebound [cached]

Searching: Jon & Vangelis: I Hear You Now

	Jon & Vangelis: I Hear You Now [cached]

Searching: Genesis: Turn It On Again

	Genesis: Turn It On Again - Remastered 2007 [cached]

Searching: The Allman Brothers Band: Angeline

	Allman Brothers Band: Angeline [cached]

Searching: Dire Straits: Skateaway

	Dire Straits: Skateaway [cached]

Searching: Yoko Ono: Walking On Thin Ice

	Yoko Ono: Walking on Thin Ice [cached]

Searching: The Isley Brothers: Hurry Up And Wait

	The Isley Brothers: Hurry Up and Wait [cached]

Searching: Tommy James: You're So Easy To Love

	Tommy James: You're So Easy To Love [cached]

Searching: Balance: Falling In Love

	Balance: Falling In Love [cached]

Searching: Duke Jupiter: I'll Drink To You
=========> Duke Jupiter: I ll Drink To You

	 NOT FOUND

Searching: T.G. Sheppard: Finally

	T.G. Sheppard: Finally [cached]

Searching: Dayton: Hot Fun In The Summertime

	Dayton: Hot Fun In The Summertime - Remastered [cached]

Searching: Bill Medley: Right Here And Now

	 NOT FOUND

Searching: Rough Trade: All Touch

	Rough Trade: All Touch [cached]

Searching: Janet Jackson: Come Give Your Love To Me

	Janet Jackson: Come Give Your Love To Me [cached]

Searching: Robert Hazard: Escalator Of Life

	Robert Hazard & The Heroes: Escalator Of Life [cached]

Searching: Wall Of Voodoo: Mexican Radio

	Wall Of Voodoo: Mexican Radio [cached]

Searching: Berlin: The Metro

	Berlin: The Metro - Orchestral Version [cached]

Searching: Ronnie Milsap: Don't You Know How Much I Love You

	Ronnie Milsap: Don't You Know How Much I Love You [cached]

Searching: Kansas: Fight Fire With Fire

	Kansas: Fight Fire With Fire [cached]

Searching: Quarterflash: Take Another Picture

	Quarterflash: Take Me To Heart [cached]

Searching: Peabo Bryson & Roberta Flack: You're Looking Like Love To Me
=========> Peabo Bryson: You re Looking Like Love To Me

	 NOT FOUND

Searching: April Wine: This Could Be The Right One

	April Wine: This Could Be the Right One - Live [cached]

Searching: Sergio Mendes: Olympia

	 NOT FOUND

Searching: James Ingram: There's No Easy Way

	James Ingram: There's No Easy Way [cached]

Searching: INXS: Original Sin

	INXS: Original Sin [cached]

Searching: Orion The Hunter: So You Ran

	Orion The Hunter: So You Ran [cached]

Searching: Ralph MacDonald With Bill Withers: In The Name Of Love
=========> Ralph MacDonald: In Name Of Love

	 NOT FOUND

Searching: Hooters: All You Zombies

	The Hooters: All You Zombies [cached]

Searching: Billy Crystal: You Look Marvelous

	 NOT FOUND

Searching: The Moody Blues: The Other Side Of Life

	The Moody Blues: The Other Side Of Life [cached]

Searching: Georgio: Sexappeal

	 NOT FOUND

Searching: Nona Hendryx: Why Should I Cry?

	Nona Hendryx: Why Should I Cry? [cached]

Searching: Atlantic Starr: One Lover At A Time

	Atlantic Starr: One Lover at a Time [cached]

Searching: Wet Wet Wet: Wishing I Was Lucky

	Wet Wet Wet: Wishing I Was Lucky [cached]

Searching: White Lion: Tell Me

	White Lion: Tell Me [cached]

Searching: Sweet Sensation: Never Let You Go

	Sweet Sensation: Never Let You Go [cached]

Searching: House Of Lords: I Wanna Be Loved

	 NOT FOUND

Searching: Giant Steps: Into You

	 NOT FOUND

Searching: Rob Base & D.J. E-Z Rock: Joy And Pain

	Rob Base & DJ EZ Rock: Joy and Pain [cached]

Searching: Billy Squier: Don't Say You Love Me

	Billy Squier: Don't Say You Love Me - 2002 Digital Remaster / 24-Bit Mastering [cached]

Searching: Adrian Belew: Oh Daddy

	Adrian Belew: Oh Daddy [cached]

Searching: Kon Kan: Puss N' Boots/These Boots (Are Made For Walkin')

	Kon Kan: Puss N' Boots / These Boots (Are Made for Walking) [cached]

Searching: D.J. Jazzy Jeff & The Fresh Prince: I Think I Can Beat Mike Tyson

	DJ Jazzy Jeff & The Fresh Prince: I Think I Can Beat Mike Tyson [cached]

Searching: PC Quest: Can I Call You My Girl

	 NOT FOUND

Searching: Eddie Money: Heaven In The Back Seat

	Eddie Money: Heaven In the Back Seat [cached]

Searching: The 2 Live Crew: Pop That Coochie

	2 LIVE CREW: Pop That Coochie [cached]

Searching: Firehouse: All She Wrote

	Firehouse: All She Wrote (Live) [cached]

Searching: Chris Cuevas: You Are The One

	Chris Cuevas: You Are the One [cached]

Searching: Pete Rock & C.L. Smooth: They Reminisce Over You (T.R.O.Y.)

	Pete Rock & C.L. Smooth: They Reminisce Over You (T.R.O.Y.) [cached]

Searching: Roxette: How Do You Do!

	Roxette: How Do You Do! [cached]

Searching: Troop: Sweet November

	Troop: Sweet November [cached]

Searching: Sound Factory: Understand This Groove

	 NOT FOUND

Searching: Faith No More: Easy

	Faith No More: Easy [cached]

Searching: Jordy: Dur Dur D'etre BeBe! (It's Tough To Be A Baby)
=========> Jordy: Dur Dur D etre BeBe

	 NOT FOUND

Searching: Stereo MC's: Step It Up

	Stereo MC's: Step It Up [cached]

Searching: Dawn Penn: You Don't Love Me (No, No, No)

	Dawn Penn: You Don't Love Me (No, No, No) - Extended Mix [cached]

Searching: DJ Miko: What's Up

	DJ Miko: What's Up - 4 Non Blondes Mix Dance Mix [cached]

Searching: Hole: Doll Parts

	Hole: Doll Parts [cached]

Searching: Luther Vandross: Always And Forever

	Luther Vandross: Always and Forever [cached]

Searching: Usher: Think Of You

	Usher: Think Of You [cached]

Searching: Matthew Sweet: Sick Of Myself

	Matthew Sweet: Sick of Myself [cached]

Searching: Paula Abdul: Crazy Cool

	Paula Abdul: Crazy Cool [cached]

Searching: The Mighty Dub Katz: Magic Carpet Ride

	Mighty Dub Katz: Magic Carpet Ride - Original [cached]

Searching: Def Leppard: When Love & Hate Collide

	Def Leppard: When Love And Hate Collide [cached]

Searching: The Cure: Mint Car

	The Cure: Mint Car [cached]

Searching: Alan Jackson: Little Bitty

	Alan Jackson: Little Bitty [cached]

Searching: Tela Featuring Eightball & MJG: Sho Nuff

	Tela: Sho Nuff [cached]

Searching: BLACKstreet With Special Guests Ol' Dirty Bastard & Slash: Fix

	Blackstreet: Fix [cached]

Searching: Kimberly Scott: Tuck Me In

	 NOT FOUND

Searching: Spacemonkeyz: Sugar Cane

	 NOT FOUND

Searching: Amber: One More Night

	Amber: One More Night [cached]

Searching: Deja Vu: My Heart Will Go On

	Déjà Vu: My Heart Will Go On (Matt Pop Club Mix) [feat. Tasmin] [cached]

Searching: Athenaeum: What I Didn't Know

	Athenaeum: What I Didn't Know [cached]

Searching: Alanis Morissette: Unsent

	Alanis Morissette: Unsent [cached]

Searching: Blink-182: What's My Age Again?

	blink-182: What's My Age Again? [cached]

Searching: Shania Twain: Come On Over

	Shania Twain: Come On Over [cached]

Searching: Tim McGraw: Some Things Never Change

	Tim McGraw: Some Things Never Change [cached]

Searching: Don Henley: Taking You Home

	Don Henley: Taking You Home [cached]

Searching: Eminem: The Way I Am

	Eminem: The Way I Am [cached]

Searching: Jon B: Don't Talk

	Jon B.: Don't Talk [cached]

Searching: Vertical Horizon: Best I Ever Had (Grey Sky Morning)

	Vertical Horizon: Best I Ever Had (Grey Sky Morning) [cached]

Searching: Jagged Edge: Goodbye

	Jagged Edge: Goodbye [cached]

Searching: Mobb Deep Featuring 112: Hey Luv (Anything)

	Mobb Deep: Hey Luv (Anything) (feat. 112) [cached]

Searching: Maxwell: This Woman's Work

	Maxwell: This Woman's Work [cached]

Searching: 3LW Featuring P. Diddy & Loon: I Do (Wanna Get Close To You)

	3LW: No More (Baby I'ma Do Right) [cached]

Searching: Disturbed: Prayer

	Disturbed: Prayer [cached]

Searching: Nivea: Laundromat

	 NOT FOUND

Searching: Nelly: Pimp Juice

	Nelly: Pimp Juice [cached]

Searching: Busta Rhymes: Light Your A** On Fire

	Busta Rhymes: Light Your Ass On Fire (feat. Pharrell) - Club Mix [cached]

Searching: Kelly Clarkson: Low

	Kelly Clarkson: Low [cached]

Searching: Linkin Park: Lying From You

	Linkin Park: Lying from You [cached]

Searching: J-Kwon Featuring Sadiyyah: You & Me

	Kwon Jin Ah: Tell me about your day [cached]

Searching: Nelly & Christina Aguilera: Tilt Ya Head Back

	Nelly: Tilt Ya Head Back - Album Version / Explicit [cached]

Searching: Shania Twain With Billy Currington Or Mark McGrath: Party For Two

	Shania Twain: Party For Two - Country Version With Intro [cached]

Searching: Relient K: Who I Am Hates Who I've Been

	Relient K: Who I Am Hates Who I've Been [cached]

Searching: Madonna: Sorry

	Madonna: Sorry [cached]

Searching: Ashley Parker Angel: Soundtrack To Your Life

	 NOT FOUND

Searching: Petey Pablo: Show Me The Money

	Petey Pablo: Show Me The Money [cached]

Searching: Little Big Town: Bring It On Home

	Little Big Town: Bring It On Home [cached]

Searching: The Pack: Vans

	The Pack: Vans [cached]

Searching: Mary J. Blige: Take Me As I Am

	Mary J. Blige: Take Me As I Am [cached]

Searching: George Strait: It Just Comes Natural

	George Strait: Give It Away [cached]

Searching: Jay-Z Featuring Chrisette Michele: Lost One

	JAY-Z: Lost One [cached]

Searching: Rob Thomas: Little Wonders

	Rob Thomas: Little Wonders [cached]

Searching: Bucky Covington: A Different World

	Bucky Covington: A Different World [cached]

Searching: Ashley Tisdale: He Said She Said

	Ashley Tisdale: He Said She Said [cached]

Searching: David Archuleta: Don't Let The Sun Go Down On Me
=========> David Archuleta: Don t Let Sun Go Down On Me

	 NOT FOUND

Searching: Mariah Carey: I'll Be Lovin' U Long Time

	Mariah Carey: I'll Be Lovin' U Long Time [cached]

Searching: Heidi Newfield: Johnny & June

	Heidi Newfield: Johnny & June [cached]

Searching: Selena Gomez: Tell Me Something I Don't Know

	Selena Gomez: Tell Me Something I Don't Know - Soundtrack [cached]

Searching: Kevin Rudolf Featuring Rick Ross: Welcome To The World

	Kevin Rudolf: Welcome To The World [cached]

Searching: Nickelback: Never Gonna Be Alone

	Nickelback: Never Gonna Be Alone [cached]

Searching: Keith Urban: 'Til Summer Comes Around
=========> Keith Urban: Til Summer Comes Around

	 NOT FOUND

Searching: Glee Cast: Any Way You Want It/Lovin' Touchin' Squeezin'

	Glee Cast: Any Way You Want It / Lovin' Touchin' Squeezin' (Glee Cast Version) [cached]

Searching: Katy Perry: Circle The Drain

	Katy Perry: Circle The Drain [cached]

Searching: Monica: Love All Over Me

	Monica: Love All Over Me [cached]

Searching: Miguel Featuring J. Cole: All I Want Is You

	Miguel: All I Want Is You [cached]

Searching: Lady Antebellum: Hello World

	Lady A: Hello World [cached]

Searching: Glee Cast: P.Y.T. (Pretty Young Thing)

	Glee Cast: Forget You (Glee Cast Version) (feat. Gwyneth Paltrow) [cached]

Searching: My Chemical Romance: Sing

	My Chemical Romance: SING [cached]

Searching: Brad Paisley: This Is Country Music

	Brad Paisley: This Is Country Music [cached]

Searching: Rebecca Black: Friday

	Rebecca Black: Friday [cached]

Searching: Victorious Cast Featuring Victoria Justice: Beggin' On Your Knees
=========> Victorious Cast: Beggin  On Your Knees

	 NOT FOUND

Searching: Glee Cast: For Good

	Glee Cast: For Good (Glee Cast Version) [cached]

Searching: Billy Currington: Love Done Gone

	Billy Currington: Love Done Gone [cached]

Searching: Hugh Laurie: Police Dog Blues

	Hugh Laurie: Police Dog Blues [cached]

Searching: Justin Bieber Featuring Usher: Christmas Song (Chestnuts Roasting On An Open Fire)

	Justin Bieber: The Christmas Song (Chestnuts Roasting On An Open Fire) [cached]

Searching: Rick Ross Featuring Drake & French Montana: Stay Schemin

	Rick Ross: Stay Schemin [cached]

Searching: Tony Lucca: 99 Problems

	Tony Lucca: 99 Problems - The Voice Performance [cached]

Searching: DJ Khaled Featuring Chris Brown, Rick Ross, Nicki Minaj & Lil Wayne: Take It To The Head

	DJ Khaled: Take It To The Head [cached]

Searching: Young Jeezy Featuring 2 Chainz: R.I.P.

	Young Jeezy feat Slick Pulla: Get It Right [cached]

Searching: will.i.am Featuring Miley Cyrus: Fall Down

	will.i.am: Fall Down [cached]

Searching: Danielle Bradbery: The Heart Of Dixie

	Danielle Bradbery: The Heart Of Dixie [cached]

Searching: Phillip Phillips: Raging Fire

	Phillip Phillips: Raging Fire [cached]

Searching: Shakira: Empire

	Shakira: Empire [cached]

Searching: J. Cole: Apparently

	J. Cole: Apparently [cached]

Searching: Drake: 10 Bands

	Drake: 10 Bands [cached]

Searching: Kendrick Lamar: King Kunta

	Kendrick Lamar: King Kunta [cached]

Searching: How I Became The Bomb: Ulay, Oh

	How I Became the Bomb: Ulay, Oh [cached]

Searching: Drake: Right Hand

	Drake: Right Hand [cached]

Searching: Kelsea Ballerini: Dibs

	Kelsea Ballerini: Dibs [cached]

Searching: Marc E. Bassy Featuring G-Eazy: You & Me

	Marc E. Bassy: You & Me [cached]

Searching: Migos Featuring Travis Scott: Kelly Price

	Migos: Kelly Price (feat. Travis Scott) [cached]

Searching: Luke Bryan: Fast

	Luke Bryan: Fast [cached]

Searching: Kendrick Lamar: God.

	Kendrick Lamar: GOD. [cached]

Searching: Hailee Steinfeld: Most Girls

	Hailee Steinfeld: Most Girls [cached]

Searching: Keala Settle & The Greatest Showman Ensemble: This Is Me

	Keala Settle: This Is Me [cached]

Searching: Cardi B: Money Bag

	Cardi B: Money Bag [cached]

Searching: Darius Rucker: For The First Time

	Darius Rucker: For The First Time [cached]

Searching: Clean Bandit Featuring Demi Lovato: Solo

	Clean Bandit: Solo (feat. Demi Lovato) [cached]

Searching: Nicki Minaj Featuring Eminem & Labrinth: Majesty

	Nicki Minaj: Majesty (with Labrinth & feat. Eminem) [cached]

Searching: Kodak Black Featuring Juice WRLD: MoshPit

	Kodak Black: MoshPit (feat. Juice WRLD) [cached]

Searching: 21 Savage: Can't Leave Without It

	21 Savage: can't leave without it [cached]

Searching: Jacquees: You

	Jacquees: You [cached]

Searching: Khalid With John Mayer: Outta My Head

	Khalid: Outta My Head (with John Mayer) [cached]

Searching: Chance The Rapper Featuring MadeinTYO & DaBaby: Hot Shower

	Chance the Rapper: Hot Shower [cached]

Searching: Drake: Trust Issues

	Drake: Trust Issues [cached]

Searching: Post Malone: Internet

	Post Malone: Internet [cached]

Searching: Trippie Redd: Who Needs Love

	Trippie Redd: Who Needs Love [cached]

Searching: A Boogie Wit da Hoodie: Me And My Guitar

	A Boogie Wit da Hoodie: Me and My Guitar [cached]

Searching: YoungBoy Never Broke Again: Fine By Time

	YoungBoy Never Broke Again: Fine By Time [cached]

Searching: Lil Baby & Moneybagg Yo: No Sucker

	Lil Baby: No Sucker (feat. Moneybagg Yo) [cached]

Searching: Luke Combs: Six Feet Apart

	Luke Combs: Six Feet Apart [cached]

Searching: Taylor Swift: Peace

	Taylor Swift: peace [cached]

Searching: Bebe Rexha Featuring Doja Cat: Baby, I'm Jealous

	Bebe Rexha: Baby, I'm Jealous (feat. Doja Cat) [cached]

Searching: Dan + Shay: Take Me Home For Christmas

	Dan + Shay: Take Me Home For Christmas [cached]
