Found 212/242 = 88%
30 not found: 
Ed Townsend: When I Grow Too Old To Dream
Duane Eddy His Twangy Guitar And The Rebels: First Love, First Tears
Piero Soffici: That's The Way With Love
Fats Domino: There Goes (My Heart Again)
Jack Jones: The First Night Of The Full Moon
Bobby Vinton: Tears
Al Martino: The Wheel Of Hurt
Pieces Of Eight: Lonely Drifter
The Peppermint Trolley Company: Baby You Come Rollin' Across My Mind
Derek: Back Door Man
Tin Tin: Is That The Way
Little Jimmy Osmond: Tweedlee Dee
Chairman Of The Board: Finder's Keepers
Rod Stewart: Twisting The Night Away
Bill Amesbury: Virginia (Touch Me Like You Do)
Jud Strunk: My Country
Suzy And The Red Stripes: Seaside Woman
Trooper: Raise A Little Hell
Yvonne Elliman: Moment By Moment
Placido Domingo & John Denver: Perhaps Love
Devo: Theme From Doctor Detroit
The Jets: You Better Dance
Dana: As We Lay
Sting & The Police: Roxanne '97 - Puff Daddy Remix
KAI: Say You'll Stay
Puff Daddy Featuring Mario Winans & Hezekiah Walker & The Love Fe: Best Friend
Tim Rushlow: She Misses Him
Carolyn Dawn Johnson: So Complicated
DJ Khaled Featuring Lil Wayne, Paul Wall, Fat Joe, Rick Ross & Pitbull: Holla At Me
Craig Wayne Boyd: The Old Rugged Cross
--------- log -----------
Searching: Tony Bennett: Young And Warm And Wonderful

	Tony Bennett: Young And Warm And Wonderful - 2011 Remaster [cached]

Searching: The Champs: Chariot Rock

	The Champs: Chariot Rock [cached]

Searching: Ed Townsend: When I Grow Too Old To Dream

	 NOT FOUND

Searching: Sil Austin: Danny Boy

	Sil Austin: Danny Boy [cached]

Searching: Patti Page: With My Eyes Wide Open I'm Dreaming

	Patti Page: With My Eyes Wide Open I'm Dreaming [cached]

Searching: Dean Martin: On An Evening In Roma

	Dean Martin: On An Evening In Roma (Sott'er Celo De Roma) - Remastered [cached]

Searching: Duane Eddy His Twangy Guitar And The Rebels: First Love, First Tears
=========> Duane Eddy His Twangy Guitar: First Love  First Tears

	 NOT FOUND

Searching: The Skyliners: It Happened Today

	The Skyliners: It Happened Today [cached]

Searching: Don Costa And His Orchestra And Chorus: I'll Walk The Line

	Don Costa: I'll Walk the Line [cached]

Searching: Ricky Nelson: Right By My Side

	Ricky Nelson: Right By My Side - 1990 Digital Remaster [cached]

Searching: The Dyna-Sores: Alley-Oop

	The Dyna-Sores: Alley Oop [cached]

Searching: Freddy Cannon: Humdinger

	Freddy Cannon: Humdinger [cached]

Searching: Piero Soffici: That's The Way With Love
=========> Piero Soffici: That s Way With Love

	 NOT FOUND

Searching: The McGuire Sisters: Tears On My Pillow

	The McGuire Sisters: Tears on My Pillow - Remastered [cached]

Searching: Chuck Jackson: I Wake Up Crying

	Chuck Jackson: I Wake Up Crying [cached]

Searching: Neil Sedaka: Sweet Little You

	Neil Sedaka: Sweet Little You [cached]

Searching: Don Gibson: Lonesome Number One

	Don Gibson: Lonesome Number One [cached]

Searching: Shep And The Limelites: Our Anniversary

	Shep: Our Anniversary [cached]

Searching: Fats Domino: My Real Name

	Fats Domino: My Real Name [cached]

Searching: Teddy & The Twilights: Woman Is A Man's Best Friend

	Teddy & The Twilights: Woman Is A Man's Best Friend [cached]

Searching: Mr. Acker Bilk: Above The Stars

	MR. ACKER BILK WITH THE LEON YOUNG STRING CHORALE: Above The Stars [cached]

Searching: Sammy Davis Jr.: As Long As She Needs Me

	Sammy Davis Jr.: As Long as She Needs Me - Remastered [cached]

Searching: Brook Benton: Dearer Than Life

	Brook Benton: Dearer Than Life [cached]

Searching: Fats Domino: There Goes (My Heart Again)
=========> Fats Domino: There Goes

	 NOT FOUND

Searching: Ray Stevens: Speed Ball

	Ray Stevens: Speed Ball [cached]

Searching: The Miracles: (You Can't Let The Boy Overpower) The Man In You

	The Miracles: (You Can't Let The Boy Overpower) The Man In You [cached]

Searching: Anita Bryant: The World Of Lonely People

	Anita Bryant: The World of Lonely People [cached]

Searching: Jack Jones: The First Night Of The Full Moon
=========> Jack Jones: First Night Of Full Moon

	 NOT FOUND

Searching: Allan Sherman: Hello Mudduh, Hello Fadduh! (A Letter From Camp) (New 1964 Version)

	Allan Sherman: Hello Muddah, Hello Fadduh! (A Letter from Camp Granada) Live Version (feat. Allen "Mudduh Faddah Camp Grenada" Sherman) [cached]

Searching: Alvin Cash & The Crawlers: The Barracuda

	Alvin Cash: The Barracuda [cached]

Searching: Jackie Wilson: No Pity (In The Naked City)

	Jackie Wilson: No Pity (In The Naked City) [cached]

Searching: Bert Kaempfert And His Orchestra: Moon Over Naples

	Bert Kaempfert: Moon Over Naples (Spanish Eyes) [cached]

Searching: Ian Whitcomb: N-E-R-V-O-U-S!

	Ian Whitcomb: N-E-R-V-O-U-S [cached]

Searching: Stevie Wonder: High Heel Sneakers

	Stevie Wonder: High Heel Sneakers [cached]

Searching: Lou Johnson: A Time To Love-A Time To Cry (Petite Fleur)

	Lou Johnson: A Time to Love - A Time to Cry (Petite Fleur) [cached]

Searching: Bobby Vinton: Tears

	 NOT FOUND

Searching: The Peels: Juanita Banana

	The Peels: Juanita Banana [cached]

Searching: The Shangri-Las: Past, Present And Future

	The Shangri-Las: Past, Present & Future [cached]

Searching: Jim Reeves: Blue Side Of Lonesome

	Jim Reeves: Blue Side of Lonesome [cached]

Searching: Al Martino: The Wheel Of Hurt
=========> Al Martino: Wheel Of Hurt

	 NOT FOUND

Searching: The Cyrkle: Please Don't Ever Leave Me

	The Cyrkle: Please Don't Ever Leave Me [cached]

Searching: Percy Sledge: Out Of Left Field

	Percy Sledge: Out of Left Field - Single Version [cached]

Searching: The Arbors: Graduation Day

	The Arbors: Graduation Day [cached]

Searching: Pieces Of Eight: Lonely Drifter

	 NOT FOUND

Searching: Sandy Posey: Are You Never Coming Home

	Sandy Posey: Are You Never Coming Home [cached]

Searching: Barbara Mason: Oh, How It Hurts

	Barbara Mason: Oh, How It Hurts [cached]

Searching: The Foundations: Back On My Feet Again

	The Foundations: Back On My Feet Again [cached]

Searching: The Impressions: We're Rolling On (Part I)

	The Impressions: We're Rolling On (Part One) [cached]

Searching: Joe Tex: I'll Never Do You Wrong

	Joe Tex: I'll never do you wrong [cached]

Searching: The Peppermint Trolley Company: Baby You Come Rollin' Across My Mind
=========> Peppermint Trolley Company: Baby You Come Rollin  Across My Mind

	 NOT FOUND

Searching: Five Stairsteps & Cubie: Don't Change Your Love

	The Five Stairsteps: Don't Change Your Love - Buddha Remastered 2001 [cached]

Searching: Petula Clark: American Boys

	Petula Clark: American Boys [cached]

Searching: Derek: Back Door Man

	 NOT FOUND

Searching: The Dynamics: Ice Cream Song

	The Dynamics: Ice Cream Song [cached]

Searching: Archie Bell & The Drells: Girl You're Too Young

	Archie Bell & The Drells: Girl You're Too Young [cached]

Searching: Wilson Pickett: Hey Joe

	Wilson Pickett: Hey Joe [cached]

Searching: Kool & The Gang: Kool And The Gang

	Kool & The Gang: Kool & The Gang [cached]

Searching: The Glass House: Crumbs Off The Table

	Glass House: Crumbs Off The Table [cached]

Searching: Ike & Tina Turner: Bold Soul Sister

	Ike & Tina Turner: Bold Soul Sister [cached]

Searching: Dennis Yost And The Classics IV: The Funniest Thing

	Dennis Yost: The Funniest Thing [cached]

Searching: James Gang: Funk # 49

	James Gang: Funk #49 [cached]

Searching: Jimi Hendrix: Freedom

	Jimi Hendrix: Freedom [cached]

Searching: Tin Tin: Is That The Way
=========> Tin Tin: Is That Way

	 NOT FOUND

Searching: Alice Cooper: Under My Wheels

	Alice Cooper: Under My Wheels [cached]

Searching: Delaney & Bonnie: Move 'Em Out

	Delaney & Bonnie: Move 'Em Out [cached]

Searching: Little Milton: That's What Love Will Make You Do

	Little Milton: That's What Love Will Make You Do [cached]

Searching: The Partridge Family Starring Shirley Jones Featuring David Cassidy: Am I Losing You

	The Partridge Family: Am I Losing You [cached]

Searching: The Supremes: Your Wonderful, Sweet Sweet Love

	The Supremes: Your Wonderful Sweet, Sweet Love [cached]

Searching: Cashman & West: Songman

	Cashman & West: Songman [cached]

Searching: Little Jimmy Osmond: Tweedlee Dee

	 NOT FOUND

Searching: Chairman Of The Board: Finder's Keepers
=========> Chairman Of Board: Finder s Keepers

	 NOT FOUND

Searching: Rod Stewart: Twisting The Night Away
=========> Rod Stewart: Twisting Night Away

	 NOT FOUND

Searching: Eagles: Outlaw Man

	Eagles: Outlaw Man - 2013 Remaster [cached]

Searching: Rod Stewart: Oh! No Not My Baby

	Rod Stewart: Oh! No Not My Baby [cached]

Searching: Bill Amesbury: Virginia (Touch Me Like You Do)
=========> Bill Amesbury: Virginia

	 NOT FOUND

Searching: Tavares: Too Late

	Tavares: Too Late [cached]

Searching: Bobby Womack: You're Welcome, Stop On By

	Bobby Womack: You're Welcome, Stop On By [cached]

Searching: Jud Strunk: My Country

	 NOT FOUND

Searching: Anne Murray: Day Tripper

	Anne Murray: Day Tripper [cached]

Searching: Freddy Fender: Vaya Con Dios

	Freddy Fender: Vaya Con Dios [cached]

Searching: Lee Oskar: Blt

	Lee Oskar: BLT [cached]

Searching: The Sylvers: Cotton Candy

	The Sylvers: Cotton Candy [cached]

Searching: Bad Company: Honey Child

	Bad Company: Honey Child - 2015 Remaster [cached]

Searching: Steely Dan: The Fez

	Steely Dan: The Fez [cached]

Searching: Jethro Tull: The Whistler

	Jethro Tull: The Whistler - 2003 Remaster [cached]

Searching: Suzy And The Red Stripes: Seaside Woman
=========> Suzy: Seaside Woman

	 NOT FOUND

Searching: Brownsville Station: The Martian Boogie

	Brownsville Station: The Martian Boogie [cached]

Searching: Prism: Take Me To The Kaptin

	Prism: Take Me To The Kaptin [cached]

Searching: John Denver: It Amazes Me

	John Denver: It Amazes Me [cached]

Searching: Louisiana's LeRoux: New Orleans Ladies

	Louisiana's LeRoux: New Orleans Ladies - Live [cached]

Searching: Trooper: Raise A Little Hell

	 NOT FOUND

Searching: The Beach Boys: Peggy Sue

	The Beach Boys: Peggy Sue - Remastered 2000 [cached]

Searching: Tom Petty: Listen To Her Heart

	Tom Petty and the Heartbreakers: Listen to Her Heart [cached]

Searching: The Moody Blues: Driftwood

	The Moody Blues: Driftwood [cached]

Searching: Yvonne Elliman: Moment By Moment

	 NOT FOUND

Searching: Diana Ross, Marvin Gaye, Smokey Robinson & Stevie Wonder: Pops, We Love You (A Tribute To Father)

	Diana Ross: Pops, We Love You - 12" Disco Mix Single Version [cached]

Searching: Santana: One Chain (Don't Make No Prison)

	Santana: One Chain (Don't Make No Prison) [cached]

Searching: Dolly Parton: You're The Only One

	Dolly Parton: You're the Only One [cached]

Searching: Cher: Hell On Wheels

	Cher: Hell On Wheels [cached]

Searching: Peter Brown: Stargazer

	Peter Brown: Stargazer [cached]

Searching: Tom Petty And The Heartbreakers: Here Comes My Girl

	Tom Petty and the Heartbreakers: Here Comes My Girl [cached]

Searching: David Hudson: Honey, Honey

	David Hudson: Honey Honey [cached]

Searching: Earth, Wind & Fire: And Love Goes On

	Earth, Wind & Fire: And Love Goes On [cached]

Searching: Smokey Robinson: You Are Forever

	Smokey Robinson: You Are Forever [cached]

Searching: Placido Domingo & John Denver: Perhaps Love
=========> Placido Domingo: Perhaps Love

	 NOT FOUND

Searching: The Monroes: What Do All The People Know

	The Monroes: What Do All the People Know? (Complete Song and Extra Lyrics - From Original Monroes of the 80's) [cached]

Searching: Ronnie Milsap: He Got You

	Ronnie Milsap: He Got You [cached]

Searching: Timothy B. Schmit: So Much In Love

	Timothy B. Schmit: So Much in Love [cached]

Searching: Firefall: Always

	Firefall: Always [cached]

Searching: Scandal Featuring Patty Smyth: Love's Got A Line On You

	Patty Smyth and Scandal: Love's Got a Line on You [cached]

Searching: Devo: Theme From Doctor Detroit

	 NOT FOUND

Searching: Greg Kihn Band: Love Never Fails

	The Greg Kihn Band: Love Never Fails [cached]

Searching: Spandau Ballet: Communication

	Spandau Ballet: Communication [cached]

Searching: Psychedelic Furs: The Ghost In You

	The Psychedelic Furs: The Ghost in You [cached]

Searching: Rick Springfield With Randy Crawford: Taxi Dancing

	Rick Springfield: Taxi Dancing [cached]

Searching: John Waite: Restless Heart

	John Waite: Restless Heart [cached]

Searching: Klymaxx: Meeting In The Ladies Room

	Klymaxx: Meeting In The Ladies Room - Radio Edit [cached]

Searching: The Pointer Sisters: Freedom

	The Pointer Sisters: Freedom - Single Version [cached]

Searching: Five Star: Let Me Be The One

	Five Star: Let Me Be the One [cached]

Searching: 'Til Tuesday: Coming Up Close

	'Til Tuesday: Coming Up Close [cached]

Searching: Ratt: Dance

	Ratt: Dance [cached]

Searching: Bruce Willis: Under The Boardwalk

	Bruce Willis: Under The Boardwalk [cached]

Searching: Georgio: Lover's Lane

	Georgio: Lover's Lane - Remastered [cached]

Searching: Keith Sweat (Duet With Jacci McGhee): Make It Last Forever

	Keith Sweat: Make It Last Forever (with Jacci McGhee) [cached]

Searching: Holly Knight: Heart Don't Fail Me Now

	Holly Knight: Heart Don't Fail Me Now [cached]

Searching: Peter Cetera: Best Of Times

	Peter Cetera: Best of Times [cached]

Searching: Camouflage: The Great Commandment

	Camouflage: The Great Commandment [cached]

Searching: The Jets: You Better Dance
=========> Jets: You Better Dance

	 NOT FOUND

Searching: White Lion: Radar Love

	White Lion: Radar Love [cached]

Searching: Pajama Party: Over And Over

	Pajama Party: Over and Over [cached]

Searching: Laura Branigan: Moonlight On Water

	Laura Branigan: Moonlight on Water [cached]

Searching: D-Mob With Cathy Dennis: That's The Way Of The World

	D Mob: That's The Way of The World (with Cathy Dennis) - Essential Beat Mix [cached]

Searching: Sweet Sensation: Each And Every Time

	Sweet Sensation: Each and Every Time [cached]

Searching: Lighter Shade Of Brown Featuring Teardrop & Shiro: Latin Active

	Lighter Shade Of Brown: Latin Active [cached]

Searching: Steelheart: She's Gone (Lady)

	STEELHEART: She's Gone [cached]

Searching: R. Kelly & Public Announcement: She's Got That Vibe

	R. Kelly: She's Got That Vibe [cached]

Searching: L.A. Style: James Brown Is Dead

	L.A. Style: James Brown Is Dead (Original Mix) [cached]

Searching: George LaMond: Where Does That Leave Love

	George Lamond: Where Does That Leave Love 2.0 [cached]

Searching: Boy Krazy: Good Times With Bad Boys

	Boy Krazy: Good Times With Bad Boys [cached]

Searching: Shaggy: Oh Carolina

	Shaggy: Oh Carolina [cached]

Searching: Nine Inch Nails: March Of The Pigs

	Nine Inch Nails: March Of The Pigs [cached]

Searching: Nice & Smooth: Old To The New

	Nice & Smooth: Old to the New [cached]

Searching: Blur: Girls & Boys

	Blur: Girls and Boys [cached]

Searching: Usher: Can U Get Wit It

	Usher: Can U Get Wit It [cached]

Searching: Urge Overkill: Girl, You'll Be A Woman Soon (From "Pulp Fiction")

	Urge Overkill: Girl, You'll Be a Woman Soon [cached]

Searching: Mobb Deep: Shook Ones Part II

	Mobb Deep: Shook Ones, Part II [cached]

Searching: Tony Thompson: I Wanna Love Like That

	Tony Thompson: I Wanna Love Like That [cached]

Searching: George Strait: One Night At A Time

	George Strait: One Night At A Time [cached]

Searching: Dana: As We Lay

	 NOT FOUND

Searching: Sting & The Police: Roxanne '97 - Puff Daddy Remix
=========> Sting: Roxanne  97

	 NOT FOUND

Searching: KAI: Say You'll Stay
=========> KAI: Say You ll Stay

	 NOT FOUND

Searching: Anita Cochran (Duet With Steve Wariner): What If I Said

	Anita Cochran: What If I Said (feat. Steve Wariner) [cached]

Searching: Metallica: The Unforgiven II

	Metallica: The Unforgiven II [cached]

Searching: John Forte: Ninety Nine [Flash The Message]

	John Forte: Ninety Nine (Flash the Message) [cached]

Searching: Rockell [Duet With Collage]: Can't We Try

	Rockell: Can't We Try (Duet with Collage) [cached]

Searching: Solo: Touch Me

	Solomon Burke: When She Touches Me (Nothing Else Matters) [cached]

Searching: 'N Sync: Tearin' Up My Heart

	*NSYNC: Tearin' up My Heart - Radio Edit [cached]

Searching: TLC: Silly Ho

	TLC: Silly Ho [cached]

Searching: Jennifer Love Hewitt: How Do I Deal

	Jennifer Love Hewitt: How Do I Deal [cached]

Searching: Jewel: Down So Long

	Jewel: Down So Long [cached]

Searching: Puff Daddy Featuring Mario Winans & Hezekiah Walker & The Love Fe: Best Friend
=========> Puff Daddy: Best Friend

	 NOT FOUND

Searching: NAS Featuring Ginuwine: You Owe Me

	Nas: You Owe Me (feat. Ginuwine) [cached]

Searching: Sister Hazel: Change Your Mind

	Sister Hazel: Change Your Mind [cached]

Searching: Tim Rushlow: She Misses Him

	 NOT FOUND

Searching: Sarina Paris: Look At Us

	Sarina Paris: Look At Us [cached]

Searching: Aaliyah Featuring Timbaland: We Need A Resolution

	Aaliyah: We Need A Resolution [cached]

Searching: Carolyn Dawn Johnson: So Complicated

	 NOT FOUND

Searching: Alicia Keys: How Come You Don't Call Me

	Alicia Keys: How Come You Don't Call Me [cached]

Searching: Uncle Kracker: In A Little While

	Uncle Kracker: In a Little While [cached]

Searching: Craig Morgan: Almost Home

	Craig Morgan: Almost Home [cached]

Searching: Jeff Bates: The Love Song

	Jeff Bates: The Love Song [cached]

Searching: Live: Heaven

	Live: Heaven [cached]

Searching: B2K Featuring Fabolous: Badaboom

	B2K: Badaboom (feat. Fabolous) [cached]

Searching: Missy Elliott: I'm Really Hot

	Missy Elliott: I'm Really Hot [cached]

Searching: 311: Love Song

	311: Love Song [cached]

Searching: Reba McEntire: He Gets That From Me

	Reba McEntire: He Gets That From Me [cached]

Searching: Trace Adkins: Songs About Me

	Trace Adkins: Songs About Me [cached]

Searching: SHeDAISY: Don't Worry 'Bout A Thing

	SHeDAISY: Don't Worry 'Bout A Thing [cached]

Searching: Tim McGraw: Do You Want Fries With That

	Tim McGraw: Do You Want Fries With That [cached]

Searching: Coldplay: Fix You

	Coldplay: Fix You [cached]

Searching: Garth Brooks: Good Ride Cowboy

	Brandon Garth: Good Ride Cowboy [cached]

Searching: Aly & AJ: Rush

	Aly & AJ: Rush [cached]

Searching: DJ Khaled Featuring Lil Wayne, Paul Wall, Fat Joe, Rick Ross & Pitbull: Holla At Me
=========> DJ Khaled: Holla At Me

	 NOT FOUND

Searching: Buckcherry: Crazy Bitch

	Buckcherry: Crazy Bitch [cached]

Searching: Chingy Featuring Jermaine Dupri: Dem Jeans

	Chingy: Dem Jeans [cached]

Searching: Beyonce Featuring Jay Z: Upgrade U

	Beyoncé: Upgrade U (feat. Jay-Z) [cached]

Searching: Jason Aldean: Amarillo Sky

	Jason Aldean: Amarillo Sky [cached]

Searching: The Fray: Look After You

	The Fray: Look After You [cached]

Searching: Luke Bryan: All My Friends Say

	Luke Bryan: All My Friends Say [cached]

Searching: Robin Thicke: Magic

	Robin Thicke: Magic [cached]

Searching: Gym Class Heroes Featuring The-Dream: Cookie Jar

	Gym Class Heroes: Cookie Jar (feat. The-Dream) [cached]

Searching: Matt Nathanson: Come On Get Higher

	Matt Nathanson: Come On Get Higher [cached]

Searching: George Strait: River Of Love

	George Strait: River Of Love [cached]

Searching: Rascal Flatts: Love Who You Love

	Rascal Flatts: Love Who You Love [cached]

Searching: Trey Songz: I Need A Girl

	Trey Songz: I Need a Girl [cached]

Searching: Tim McGraw: It's A Business Doing Pleasure With You

	Tim McGraw: It's A Business Doing Pleasure With You [cached]

Searching: Kid Cudi Featuring MGMT & Ratatat: Pursuit Of Happiness (Nightmare)

	Kid Cudi: Pursuit Of Happiness - Extended Steve Aoki Remix (Explicit) [cached]

Searching: R. Kelly Featuring Keri Hilson: Number One

	R. Kelly: Number One [cached]

Searching: Rob Thomas: Someday

	Rob Thomas: Someday [cached]

Searching: Little Big Town: Little White Church

	Little Big Town: Little White Church [cached]

Searching: Josh Turner: All Over Me

	Josh Turner: All Over Me [cached]

Searching: Glee Cast: Welcome Christmas

	Glee Cast: Welcome Christmas (Glee Cast Version) [cached]

Searching: Glee Cast: Pure Imagination

	Glee Cast: Pure Imagination (Glee Cast Version) [cached]

Searching: Rihanna: Man Down

	Rihanna: Man Down [cached]

Searching: Glee Cast: Girls Just Want To Have Fun

	Glee Cast: Girls Just Want To Have Fun (Glee Cast Version) [cached]

Searching: Nicki Minaj: Stupid Hoe

	Nicki Minaj: Stupid Hoe [cached]

Searching: Justin Bieber: Nothing Like Us

	Justin Bieber: Nothing Like Us [cached]

Searching: Eric Church: Like Jesus Does

	Eric Church: Like Jesus Does [cached]

Searching: Mumford & Sons: Hopeless Wanderer

	Mumford & Sons: Hopeless Wanderer [cached]

Searching: Justin Bieber: Change Me

	Justin Bieber: Change Me [cached]

Searching: The Band Perry: Don't Let Me Be Lonely

	The Band Perry: Don’t Let Me Be Lonely [cached]

Searching: Pitbull Featuring Jennifer Lopez & Claudia Leitte: We Are One (Ole Ola) [The 2014 FIFA World Cup Official Song]

	Pitbull: We Are One (Ole Ola) [The Official 2014 FIFA World Cup Song] (feat. Jennifer Lopez & Claudia Leitte) [cached]

Searching: Craig Wayne Boyd: The Old Rugged Cross
=========> Craig Wayne Boyd: Old Rugged Cross

	 NOT FOUND

Searching: The Weeknd: Often

	The Weeknd: Often [cached]

Searching: Cole Swindell: Let Me See Ya Girl

	Cole Swindell: Let Me See Ya Girl [cached]

Searching: Zayn: It's You

	ZAYN: iT's YoU [cached]

Searching: Leonard Cohen: Hallelujah

	Leonard Cohen: Hallelujah [cached]

Searching: Andy Grammer: Fresh Eyes

	Andy Grammer: Fresh Eyes [cached]

Searching: Old Dominion: Song For Another Time

	Old Dominion: Song for Another Time [cached]

Searching: Ed Sheeran: Happier

	Ed Sheeran: Happier [cached]

Searching: Logic: Everybody

	Logic: Everybody [cached]

Searching: G-Eazy & Kehlani: Good Life

	G-Eazy: Good Life (with G-Eazy & Kehlani) [cached]

Searching: Katy Perry Featuring Migos: Bon Appetit

	Katy Perry: Bon appétit [cached]

Searching: Lady Antebellum: You Look Good

	Lady A: You Look Good [cached]

Searching: Justin Moore: Somebody Else Will

	Justin Moore: Somebody Else Will [cached]

Searching: YoungBoy Never Broke Again: Diamond Teeth Samurai

	YoungBoy Never Broke Again: Diamond Teeth Samurai [cached]

Searching: Ciara: Level Up

	Ciara: Level Up [cached]

Searching: Lil Wayne: Hittas

	Lil Wayne: Hittas [cached]

Searching: A Boogie Wit da Hoodie Featuring Offset & Tyga: Startender

	A Boogie Wit da Hoodie: Startender (feat. Offset and Tyga) [cached]

Searching: Joyner Lucas Featuring Logic: Isis

	Joyner Lucas: Isis (feat. Logic) [cached]

Searching: Lana Del Rey: Doin' Time

	Lana Del Rey: Doin' Time [cached]

Searching: DaBaby Featuring Offset: Baby Sitter

	DaBaby: Baby Sitter (feat. Offset) [cached]

Searching: Trippie Redd Featuring DaBaby: Death

	Trippie Redd: Death [cached]

Searching: Taylor Swift: Christmas Tree Farm

	Taylor Swift: Christmas Tree Farm [cached]

Searching: YoungBoy Never Broke Again: Bad Bad

	YoungBoy Never Broke Again: Bad Bad [cached]

Searching: Lil Baby: How

	Lil Yachty: Just How I'm Feelin' (feat. Lil Baby) [cached]

Searching: Selena Gomez: Boyfriend

	Selena Gomez: Boyfriend [cached]

Searching: Gunna Featuring Lil Baby: Blindfold

	Gunna: BLINDFOLD (feat. Lil Baby) [cached]

Searching: BLACKPINK: Lovesick Girls

	BLACKPINK: Lovesick Girls [cached]

Searching: The Kid LAROI: So Done

	The Kid LAROI: SO DONE [cached]

Searching: Kelly Clarkson & Brett Eldredge: Under The Mistletoe

	Kelly Clarkson: Under The Mistletoe [cached]

Searching: Ed Sheeran: Afterglow

	Ed Sheeran: Afterglow
