Found 244/274 = 89%
30 not found: 
Rocky Olson: Kansas City
Les Compagnons De La Chanson: Down By The Riverside
The Goodtimers: Pony Time
Mickey Shorr and The Cutups: Dr. Ben Basey
The Precisions: If This Is Love (I'd Rather Be Lonely)
Paul Mauriat And His Orchestra: Love In Every Room
Wayne Newton: Dreams Of The Everyday Housewife
Gloria Walker: Talking About My Baby
Arkade: The Morning Of Our Lives
Steppenwolf: Snow Blind Friend
Springwell: It's For You
Paula Webb: Please, Mr. President
Mary Kay Place As Loretta Haggers: Baby Boy
ConFunkShun: Shake And Dance With Me
BTO: Heartaches
Yellow Magic Orchestra: Computer Game "Theme From The Circus"
Dr. Hook: Loveline
Meco: Ewok Celebration
Wham! U.K.: Bad Boys
Kevin Raleigh: Moonlight On Water
Michael Damian: What A Price To Pay
AB Logic: The Hitman
Dis 'N' Dat Feat. 95 South,69 Boyz & K-Nock: Freak Me Baby
RZA Feat. Method Man & Cappadonna: Wu-Wear: The Garment Renaissance (From "High School High")
The Lemonheads: If I Could Change (From "I'm Bout It")
BRAVO All Stars: Let The Music Heal Your Soul
David Archuleta: In This Moment
Nicki Minaj: Ganja Burns
Drake: How About Now
Layton Greene, Lil Baby, City Girls & PnB Rock: Leave Em Alone
--------- log -----------
Searching: Bobby Helms: Borrowed Dreams

	Bobby Helms: Borrowed Dreams [cached]

Searching: Jerry Vale: Go Chase A Moonbeam

	Jerry Vale: Go Chase A Moonbeam [cached]

Searching: Tony Dallara: Come Prima

	Tony Dallara: Come prima [cached]

Searching: Johnny Mathis: You Are Beautiful

	Johnny Mathis: You Are Beautiful - From the B'way Musical "Flower Drum Song" [cached]

Searching: Chuck Berry: Anthony Boy

	Chuck Berry: Anthony Boy [cached]

Searching: Rocky Olson: Kansas City

	 NOT FOUND

Searching: Billy Grammer: The Kissing Tree

	Billy Grammer: The Kissing Tree [cached]

Searching: Little Willie John: Leave My Kitten Alone

	Little Willie John: Leave My Kitten Alone [cached]

Searching: Les Compagnons De La Chanson: Down By The Riverside
=========> Les Compagnons De La Chanson: Down By Riverside

	 NOT FOUND

Searching: Freddy Cannon: The Urge

	Freddy Cannon: The Urge [cached]

Searching: Mitchell Torok: Pink Chiffon

	Mitchell Torok: Pink Chiffon [cached]

Searching: Frank Sinatra: Nice 'N' Easy

	Frank Sinatra: Nice 'n' Easy - Remastered [cached]

Searching: Johnny And The Hurricanes: Rocking Goose

	Johnny & The Hurricanes: Rocking Goose [cached]

Searching: The Kingston Trio: Everglades

	The Kingston Trio: Everglades - Remastered [cached]

Searching: Dodie Stevens: Yes, I'm Lonesome Tonight

	Dodie Stevens: Yes, I'm Lonesome Tonight [cached]

Searching: The Cambridge Strings And Singers: Theme from Tunes Of Glory

	The Cambridge Strings: Themes from Tunes of Glory [cached]

Searching: Danny & The Juniors: Pony Express

	Danny & The Juniors: Pony Express [cached]

Searching: The Goodtimers: Pony Time
=========> Goodtimers: Pony Time

	 NOT FOUND

Searching: Dickie Goodman: The Touchables

	Dickie Goodman: Santa & the Touchables - Dickie Goodman Christmas [cached]

Searching: The Limeliters: A Dollar Down

	The Limeliters: A Dollar Down [cached]

Searching: Jeanette (Baby) Washington: Nobody Cares (about me)

	Jeanette B. Washington: Nobody Cares About Me [cached]

Searching: Rick And The Keens: Peanuts

	Rick & The Keens: Peanuts [cached]

Searching: The Cleftones: For Sentimental Reasons

	The Cleftones: For Sentimental Reasons [cached]

Searching: Mar-Keys: Morning After

	The Mar-Keys: Morning After [cached]

Searching: Dick Dale and The Del-Tones: Let's Go Trippin'

	Dick Dale and his Del-Tones: Let's Go Trippin' [cached]

Searching: Linda Scott: Yessiree

	Linda Scott: Yessiree [cached]

Searching: Mickey Shorr and The Cutups: Dr. Ben Basey
=========> Mickey Shorr: Dr  Ben Basey

	 NOT FOUND

Searching: John Lee Hooker: Boom Boom

	John Lee Hooker: Boom Boom [cached]

Searching: Ray Charles: Careless Love

	Ray Charles: Careless Love [cached]

Searching: King Curtis And The Noble Knights: Beach Party

	King Curtis: Beach Party [cached]

Searching: The Tams: Untie Me

	The Tams: Untie Me [cached]

Searching: The Cascades: The Last Leaf

	The Cascades: The Last Leaf [cached]

Searching: Theola Kilgore: This Is My Prayer

	Theola Kilgore: This Is My Prayer [cached]

Searching: Paul and Paula: First Day Back At School

	Paul & Paula: First Day Back at School [cached]

Searching: Brenda Holloway: I'll Always Love You

	Brenda Holloway: I'll Always Love You [cached]

Searching: Burl Ives: Pearly Shells (Popo O Ewa)

	Burl Ives: Pearly Shells [cached]

Searching: Bobby Bare: Four Strong Winds

	Bobby Bare: Four Strong Winds [cached]

Searching: Reparata And The Delrons: Whenever A Teenager Cries

	Reparata: Whenever A Teenager Cries [cached]

Searching: The Drifters: Come On Over To My Place

	The Drifters: Come on Over to My Place - Single Version [cached]

Searching: Eddy Arnold: What's He Doing In My World

	Eddy Arnold: What's He Doing In My World - Re-Recorded In Stereo [cached]

Searching: Billy Butler & The Chanters: I Can't Work No Longer

	Billy Butler & The Enchanters: I Can't Work No Longer [cached]

Searching: Bobby Goldsboro: If You've Got A Heart

	Bobby Goldsboro: If You've Got a Heart [cached]

Searching: Buck Owens and The Buckaroos: Buckaroo

	Buck Owens: Buckaroo - 2006 Remastered Version [cached]

Searching: Dino, Desi & Billy: Please Don't Fight It

	Dino, Desi & Billy: Please Don't Fight It [cached]

Searching: The 4 Seasons: Little Boy (In Grown Up Clothes)

	Frankie Valli & The Four Seasons: The Little Drummer Boy [cached]

Searching: Dean Martin: Nobody's Baby Again

	Dean Martin: Nobody's Baby Again [cached]

Searching: Roy Orbison: Communication Breakdown

	Roy Orbison: Communication Breakdown - Remastered 2015 [cached]

Searching: Jerry Butler: I Dig You Baby

	Jerry Butler: I Dig You Baby [cached]

Searching: Blues Magoos: Pipe Dream

	The Blues Magoos: Pipe Dream [cached]

Searching: Ray Price: Danny Boy

	Ray Price: Danny Boy [cached]

Searching: Roger Williams: Love Me Forever

	Roger Williams: Love Me Forever [cached]

Searching: Otis Redding: Glory Of Love

	Otis Redding: The Glory of Love [cached]

Searching: The Precisions: If This Is Love (I'd Rather Be Lonely)
=========> Precisions: If This Is Love

	 NOT FOUND

Searching: Otis & Carla: Lovey Dovey

	Otis Redding: Lovey Dovey [cached]

Searching: Dean Martin: You've Still Got A Place In My Heart

	Dean Martin: You've Still Got a Place in My Heart [cached]

Searching: Frank Sinatra: I Can't Believe I'm Losing You

	Frank Sinatra: I Can't Believe I'm Losing You [cached]

Searching: Paul Mauriat And His Orchestra: Love In Every Room
=========> Paul Mauriat: Love In Every Room

	 NOT FOUND

Searching: Wayne Newton: Dreams Of The Everyday Housewife
=========> Wayne Newton: Dreams Of Everyday Housewife

	 NOT FOUND

Searching: Gloria Walker: Talking About My Baby

	 NOT FOUND

Searching: Cream: Badge

	Cream: Badge [cached]

Searching: Bobby Bland: Chains Of Love

	Bobby "Blue" Bland: Chains Of Love [cached]

Searching: Johnny Cash: Get Rhythm

	Johnny Cash: Get Rhythm [cached]

Searching: The Lovelites: How Can I Tell My Mom & Dad

	Lovelites: How Can I Tell My Mom and Dad [cached]

Searching: The 5th Dimension: A Change Is Gonna Come & People Gotta Be Free/The Declaration

	The 5th Dimension: A Change Is Gonna Come / People Gotta Be Free - Single Version [cached]

Searching: Candi Staton: Sweet Feeling

	Candi Staton: Sweet Feeling [cached]

Searching: Conway Twitty: Hello Darlin'

	Conway Twitty: Hello Darlin' [cached]

Searching: The Friends Of Distinction: Time Waits For No One

	The Friends Of Distinction: Time Waits For No One [cached]

Searching: Al Green: I Can't Get Next To You

	Al Green: I Can't Get Next to You [cached]

Searching: Arkade: The Morning Of Our Lives
=========> Arkade: Morning Of Our Lives

	 NOT FOUND

Searching: Steppenwolf: Snow Blind Friend

	 NOT FOUND

Searching: Tyrone Davis: Could I Forget You

	Tyrone Davis: Could I Forget You [cached]

Searching: Ike & Tina Turner: Ooh Poo Pah Doo

	Ike & Tina Turner: Ooh Poo Pah Doo [cached]

Searching: Springwell: It's For You
=========> Springwell: It s For You

	 NOT FOUND

Searching: Bobby Sherman: Jennifer

	Bobby Sherman: Jennifer [cached]

Searching: Jefferson Airplane: Pretty As You Feel

	Jefferson Airplane: Pretty As You Feel [cached]

Searching: Little Johnny Taylor: Everybody Knows About My Good Thing Pt. 1

	Little Johnny Taylor: Everybody Knows About My Good Thing Pt. 1 [cached]

Searching: Paul Williams: Waking Up Alone

	Paul Williams: Waking Up Alone [cached]

Searching: (The Preacher) Bobby Womack: Woman's Gotta Have It

	Bobby Womack: Woman's Gotta Have It [cached]

Searching: Donny Hathaway: I Love You More Than You'll Ever Know

	Donny Hathaway: I Love You More Than You'll Ever Know [cached]

Searching: The Hollies: Magic Woman Touch

	The Hollies: Magic Woman Touch [cached]

Searching: Tom Jones: Letter To Lucille

	Tom Jones: Letter To Lucille [cached]

Searching: Ronnie Dyson: Just Don't Want To Be Lonely

	Ronnie Dyson: Just Don't Want to Be Lonely - Single Version [cached]

Searching: Deep Purple: Woman From Tokyo

	Deep Purple: Woman From Tokyo - Remastered 2000 [cached]

Searching: The Intruders: I Wanna Know Your Name

	The Intruders: I Wanna Know Your Name [cached]

Searching: The Dells: I Miss You

	The Dells: I Miss You [cached]

Searching: Dolly Parton: Jolene

	Dolly Parton: Jolene [cached]

Searching: The Isley Brothers: Summer Breeze (Part 1)

	The Isley Brothers: Summer Breeze, Pts. 1 & 2 [cached]

Searching: Seals & Crofts: King Of Nothing

	Seals and Crofts: King of Nothing [cached]

Searching: Paula Webb: Please, Mr. President
=========> Paula Webb: Please  Mr  President

	 NOT FOUND

Searching: Gloria Gaynor: Reach Out, I'll Be There

	Gloria Gaynor: Reach Out, I'll Be There [cached]

Searching: Brian Protheroe: Pinball

	Brian Protheroe: Pinball [cached]

Searching: Tamiko Jones: Touch Me Baby (reaching Out For Your Love)

	Tamiko Jones: Touch Me Baby (Reaching Out for Your Love) [cached]

Searching: Ben E. King: Do It In The Name Of Love

	Ben E. King: Do It in the Name of Love [cached]

Searching: Jackson 5: Forever Came Today

	The Jackson 5: Forever Came Today [cached]

Searching: Waylon Jennings: Are You Sure Hank Done It This Way

	Waylon Jennings: Are You Sure Hank Done It This Way [cached]

Searching: The Doobie Brothers: I Cheat The Hangman

	The Doobie Brothers: I Cheat the Hangman [cached]

Searching: 10cc: I'm Mandy Fly Me

	10cc: I'm Mandy Fly Me [cached]

Searching: John Denver: It Makes Me Giggle

	John Denver: It Makes Me Giggle [cached]

Searching: Disco Tex & The Sex-O-Lettes Featuring Sir Monti Rock III: Dancin' Kid

	Disco Tex & His Sex-O-Lettes: Dancin' Kid [cached]

Searching: Silver Convention: No, No, Joe

	Silver Convention: No No Joe [cached]

Searching: Mary Kay Place As Loretta Haggers: Baby Boy

	 NOT FOUND

Searching: Paul Anka: Happier

	Paul Anka: Happier [cached]

Searching: Bay City Rollers: Dedication

	Bay City Rollers: Dedication - Single Version [cached]

Searching: Bread: Hooked On You

	Bread: Hooked on You [cached]

Searching: Outlaws: Hurry Sundown

	The Outlaws: Hurry Sundown [cached]

Searching: ConFunkShun: Shake And Dance With Me

	 NOT FOUND

Searching: Barry White: Your Sweetness Is My Weakness

	Barry White: Your Sweetness Is My Weakness [cached]

Searching: Kenny Loggins: Easy Driver

	Kenny Loggins: Easy Driver [cached]

Searching: Kansas: Lonely Wind

	Kansas: Lonely Wind [cached]

Searching: BTO: Heartaches

	 NOT FOUND

Searching: Space: My Love Is Music

	Space: My Love Is Music [cached]

Searching: Helen Reddy: Make Love To Me

	Helen Reddy: Make Love To Me - Single Edit [cached]

Searching: Charlie: Killer Cut

	Charlie: Killer Cut [cached]

Searching: Leif Garrett: Memorize Your Number

	Leif Garrett: Memorize Your Number [cached]

Searching: Gamma: I'm Alive

	Gamma: I'm Alive [cached]

Searching: Yellow Magic Orchestra: Computer Game "Theme From The Circus"
=========> Yellow Magic Orchestra: Computer Game  Theme From Circus

	 NOT FOUND

Searching: Bar-Kays: Today Is The Day

	The Bar-Kays: Today Is The Day [cached]

Searching: Fleetwood Mac: Fireflies

	Fleetwood Mac: Fireflies - Live 1980, Santa Monica, CA [cached]

Searching: Shalamar: Make That Move

	Shalamar: Make That Move [cached]

Searching: The Gap Band: Yearning For Your Love

	The Gap Band: Yearning For Your Love [cached]

Searching: Ronnie Laws: Stay Awake

	Ronnie Laws: Stay Awake [cached]

Searching: Kim Carnes: Mistaken Identity

	Kim Carnes: Mistaken Identity [cached]

Searching: Jermaine Jackson: I'm Just Too Shy

	Jermaine Jackson: I'm Just Too Shy [cached]

Searching: Smokey Robinson: Old Fashioned Love

	Smokey Robinson: Old Fashioned Love [cached]

Searching: Sparks: I Predict

	Sparks: I Predict [cached]

Searching: Dr. Hook: Loveline
=========> Dr  Hook: Loveline

	 NOT FOUND

Searching: Queen: Calling All Girls

	Queen: Calling All Girls - Remastered 2011 [cached]

Searching: Quarterflash: Night Shift

	Quarterflash: Night Shift - Night Shift/Soundtrack Version [cached]

Searching: The Motels: Forever Mine

	The Motels: Forever Mine - Remastered [cached]

Searching: The Steve Miller Band: Give It Up

	Steve Miller Band: Give It Up [cached]

Searching: The J. Geils Band: Land Of A Thousand Dances

	The J. Geils Band: Land Of A Thousand Dances [cached]

Searching: Meco: Ewok Celebration

	 NOT FOUND

Searching: Wham! U.K.: Bad Boys
=========> Wham  U K: Bad Boys

	 NOT FOUND

Searching: Rainbow: Street Of Dreams

	Rainbow: Street Of Dreams [cached]

Searching: Tommy Shaw: Lonely School

	Tommy Shaw: Lonely School [cached]

Searching: Chaka Khan: This Is My Night

	Chaka Khan: This Is My Night [cached]

Searching: Little River Band: Playing To Win

	Little River Band: Playing To Win - Remastered 2010 [cached]

Searching: Chaka Khan: Through the Fire

	Chaka Khan: Through the Fire [cached]

Searching: Stevie Nicks: Has Anyone Ever Written Anything For You

	Stevie Nicks: Has Anyone Ever Written Anything for You [cached]

Searching: Emerson, Lake & Powell: Touch And Go

	Emerson, Lake & Powell: Touch and Go [cached]

Searching: Kenny Loggins: Playing With The Boys

	Kenny Loggins: Playing with the Boys - From "Top Gun" Original Soundtrack [cached]

Searching: Journey: Why Can't This Night Go On Forever

	Journey: Why Can't This Night Go On Forever [cached]

Searching: REO Speedwagon: Variety Tonight

	REO Speedwagon: Variety Tonight [cached]

Searching: Great White: Rock Me

	Great White: Rock Me [cached]

Searching: Earth, Wind & Fire: System Of Survival

	Earth, Wind & Fire: System of Survival [cached]

Searching: Elisa Fiorillo: How Can I Forget You

	Elisa Fiorillo: How Can I Forget You [cached]

Searching: Big Pig: Breakaway

	Big Pig: Breakaway [cached]

Searching: Jody Watley: Most Of All

	Jody Watley: Most Of All [cached]

Searching: Randy Newman: It's Money That Matters

	Randy Newman: It's Money That Matters [cached]

Searching: Eddie Money: Let Me In

	Eddie Money: Let Me In [cached]

Searching: Kevin Raleigh: Moonlight On Water

	 NOT FOUND

Searching: Whistle: Right Next To Me

	Whistle: Right Next To Me [cached]

Searching: Robert Palmer: Tell Me I'm Not Dreaming

	Robert Palmer: Tell Me I'm Not Dreaming [cached]

Searching: Regina Belle: Baby Come To Me

	Regina Belle: Baby Come To Me [cached]

Searching: Damn Yankees: Coming Of Age

	Damn Yankees: Coming of Age [cached]

Searching: Sinead O'Connor: The Emperor's New Clothes

	Sinéad O'Connor: The Emperor's New Clothes [cached]

Searching: Michael Damian: What A Price To Pay

	 NOT FOUND

Searching: Michael W. Smith: For You

	Michael W. Smith: I Will Be Here For You [cached]

Searching: AB Logic: The Hitman
=========> AB Logic: Hitman

	 NOT FOUND

Searching: Smart E's: Sesame's Treet

	Smart E's: Sesame's Treet - 7" Edit [cached]

Searching: John Michael Montgomery: I Love The Way You Love Me

	John Michael Montgomery: I Love the Way You Love Me [cached]

Searching: Lenny Kravitz: Believe

	Lenny Kravitz: Believe In Me [cached]

Searching: Wu-Tang Clan: C.R.E.A.M. (Cash Rules Everything Around Me)

	Wu-Tang Clan: C.R.E.A.M. [cached]

Searching: Sheryl Crow: Leaving Las Vegas

	Sheryl Crow: Leaving Las Vegas [cached]

Searching: The Crooklyn Dodgers: Crooklyn (From "Crooklyn")

	Crooklyn Dodgers: Crooklyn - Crooklyn/Soundtrack Version [cached]

Searching: Edie Brickell: Good Times

	Edie Brickell: Good Times [cached]

Searching: The Rolling Stones: Out Of Tears

	The Rolling Stones: Out Of Tears - Remastered 2009 [cached]

Searching: Joe Diffie: Pickup Man

	Joe Diffie: Pickup Man [cached]

Searching: Dis 'N' Dat Feat. 95 South,69 Boyz & K-Nock: Freak Me Baby
=========> Dis  N  Dat: Freak Me Baby

	 NOT FOUND

Searching: Patra: Pull Up To The Bumper

	Patra: Pull up to the Bumper [cached]

Searching: Scatman John: Scatman (Ski-Ba-Bop-Ba-Dop-Bop)

	Scatman John: Scatman (ski-ba-bop-ba-dop-bop) [cached]

Searching: Max-A-Million: Sexual Healing

	Max-A-Million: Sexual Healing [cached]

Searching: Tori Amos: Caught A Lite Sneeze

	Tori Amos: Caught a Lite Sneeze - 2016 Remaster [cached]

Searching: Yvette Michele: Everyday & Everynight

	Yvette Michele: Everyday & Everynight - Straight Pass [cached]

Searching: Sting: You Still Touch Me

	Sting: You Still Touch Me [cached]

Searching: RZA Feat. Method Man & Cappadonna: Wu-Wear: The Garment Renaissance (From "High School High")
=========> RZA: Wu

	 NOT FOUND

Searching: Metallica: Hero Of The Day

	Metallica: Hero Of The Day [cached]

Searching: Lost Boyz: Get Up

	Lost Boyz: Get Up [cached]

Searching: The Lemonheads: If I Could Change (From "I'm Bout It")
=========> Lemonheads: If I Could Change

	 NOT FOUND

Searching: Davina: So Good

	Davina: So Good [cached]

Searching: Vince Gill: If You Ever Have Forever In Mind

	Vince Gill: If You Ever Have Forever In Mind [cached]

Searching: Mos Def & Kweli Are Black Star: Definition

	Moshic: Definition of feeling [cached]

Searching: BRAVO All Stars: Let The Music Heal Your Soul
=========> BRAVO All Stars: Let Music Heal Your Soul

	 NOT FOUND

Searching: K-Ci & JoJo: Life

	K-Ci & JoJo: All My Life [cached]

Searching: Mark Wills: She's In Love

	Mark Wills: She's In Love [cached]

Searching: Lil' Kim: No Matter What They Say

	Lil' Kim: No Matter What They Say [cached]

Searching: Martina McBride: There You Are

	Martina McBride: There You Are [cached]

Searching: Usher: Pop Ya Collar

	Usher: Pop Ya Collar [cached]

Searching: Rascal Flatts: While You Loved Me

	Rascal Flatts: While You Loved Me [cached]

Searching: Chris Cagle: Laredo

	Chris Cagle: Laredo [cached]

Searching: Jill Scott: The Way

	Jill Scott: The Way [cached]

Searching: DMX: Who We Be

	DMX: Who We Be [cached]

Searching: Incubus: Wish You Were Here

	Incubus: Wish You Were Here [cached]

Searching: Faith Evans Featuring Missy "Misdemeanor" Elliott: Burnin' Up

	Faith Evans: Burnin' Up (feat. Loon) [cached]

Searching: Killer Mike Featuring Big Boi: A.D.I.D.A.S.

	Killer Mike: A.D.I.D.A.S. (feat. Big Boi) [cached]

Searching: P!nk Featuring William Orbit: Feel Good Time

	P!nk: Feel Good Time (feat. William Orbit) [cached]

Searching: The All-American Rejects: Swing, Swing

	The All-American Rejects: Swing, Swing [cached]

Searching: Tracy Byrd: Drinkin' Bone

	Tracy Byrd: Drinkin' Bone [cached]

Searching: Fantasia: Baby Mama

	Fantasia: Baby Mama [cached]

Searching: Mike Jones Featuring Slim Thug & Paul Wall: Still Tippin'

	Mike Jones: Still Tippin' (feat. Slim Thug and Paul Wall) [cached]

Searching: Eminem: Ass Like That

	Eminem: Ass Like That [cached]

Searching: Jermaine Dupri: Gotta Getcha

	Jermaine Dupri: Gotta Getcha - Double Face 2006 [cached]

Searching: Death Cab For Cutie: Soul Meets Body

	Death Cab for Cutie: Soul Meets Body [cached]

Searching: Avenged Sevenfold: Bat Country

	Avenged Sevenfold: Bat Country [cached]

Searching: Sugarland: Just Might (Make Me Believe)

	Sugarland: Just Might (Make Me Believe) [cached]

Searching: Prince: Black Sweat

	Prince: Black Sweat [cached]

Searching: Blake Shelton: Nobody But Me

	Blake Shelton: Nobody but Me [cached]

Searching: Brooks & Dunn: Believe

	Brooks & Dunn: Believe - with Kane Brown [cached]

Searching: Three Days Grace: Animal I Have Become

	Three Days Grace: Animal I Have Become [cached]

Searching: Katharine McPhee: My Destiny

	Katharine Mcphee Tribute Band: My Destiny [cached]

Searching: Jennifer Hudson: And I Am Telling You I'm Not Going

	Jennifer Hudson: And I Am Telling You I'm Not Going [cached]

Searching: Missy Elliott: Ching-A-Ling

	Missy Elliott: Ching A Ling [cached]

Searching: David Archuleta: In This Moment

	 NOT FOUND

Searching: Sean Kingston Featuring Elan & Juelz Santana: There's Nothin

	Sean Kingston: There's Nothin (feat. The DEY & Juelz Santana) - new album version [cached]

Searching: Mariah Carey: I Want To Know What Love Is

	Mariah Carey: I Want To Know What Love Is [cached]

Searching: Alicia Keys: Doesn't Mean Anything

	Alicia Keys: Doesn't Mean Anything [cached]

Searching: Glee Cast: One

	Glee Cast: You're The One That I Want (Glee Cast Version) [cached]

Searching: Rick Ross Featuring Styles P: B.M.F. (Blowin' Money Fast)

	Rick Ross: B.M.F. (Blowin' Money Fast) [cached]

Searching: Keith Urban: I'm In

	Keith Urban: Somewhere In My Car [cached]

Searching: Glee Cast: Losing My Religion

	Glee Cast: Losing My Religion (Glee Cast Version) [cached]

Searching: Jazmine Sullivan: Holding You Down (Goin In Circles)

	Jazmine Sullivan: Holding You Down (Goin' in Circles) [cached]

Searching: Kanye West Featuring Teyana Taylor, Nicki Minaj & Bon Iver: Dark Fantasy

	Kanye West: Dark Fantasy [cached]

Searching: The JaneDear Girls: Wildflower

	the JaneDear girls: Wildflower [cached]

Searching: Ace Hood: Hustle Hard

	Ace Hood: Hustle Hard Remix [cached]

Searching: Mac Miller: Frick Park Market

	Mac Miller: Frick Park Market [cached]

Searching: Avicii: Levels

	Avicii: Levels - Radio Edit [cached]

Searching: Justin Bieber: Turn To You (Mother's Day Dedication)

	Justin Bieber: Turn To You - (Mother's Day Dedication) [cached]

Searching: The Band Perry: Postcard From Paris

	The Band Perry: Postcard From Paris [cached]

Searching: Mumford & Sons: Babel

	Mumford & Sons: Babel [cached]

Searching: Cassadee Pope: Cry

	Cassadee Pope: Cry - The Voice Performance [cached]

Searching: The Lonely Island Featuring Adam Levine & Kendrick Lamar: Yolo

	The Lonely Island: YOLO [cached]

Searching: Jonas Brothers: Pom Poms

	Jonas Brothers: Pom Poms [cached]

Searching: Jennifer Lopez Featuring Pitbull: Live It Up

	Jennifer Lopez: Live It Up [cached]

Searching: Kacey Musgraves: Follow Your Arrow

	Kacey Musgraves: Follow Your Arrow [cached]

Searching: The Fray: Love Don't Die

	The Fray: Love Don't Die [cached]

Searching: Kid Ink Featuring Chris Brown: Main Chick

	Kid Ink: Main Chick (feat. Chris Brown) [cached]

Searching: Billy Currington: We Are Tonight

	Billy Currington: We Are Tonight [cached]

Searching: Kenny Chesney: Til It's Gone

	Kenny Chesney: Til It's Gone [cached]

Searching: Tori Kelly: Nobody Love

	Tori Kelly: Nobody Love [cached]

Searching: The Weeknd: Acquainted

	The Weeknd: Acquainted [cached]

Searching: Chris Brown: Liquor

	Chris Brown: Liquor [cached]

Searching: Halsey: New Americana

	Halsey: New Americana [cached]

Searching: Randy Houser: We Went

	Randy Houser: We Went [cached]

Searching: William Michael Morgan: I Met A Girl

	William Michael Morgan: I Met a Girl [cached]

Searching: Flume Featuring Tove Lo: Say It

	Flume: Say It [cached]

Searching: Drake: Do Not Disturb

	Drake: Do Not Disturb [cached]

Searching: Machine Gun Kelly Featuring Hailee Steinfeld: At My Best

	Machine Gun Kelly: At My Best (feat. Hailee Steinfeld) [cached]

Searching: Lil Uzi Vert: 444+222

	Lil Uzi Vert: 444+222 [cached]

Searching: Chris Young: Losing Sleep

	Chris Young: Losing Sleep [cached]

Searching: Logic: Contra

	Logic: Contra [cached]

Searching: Panic! At The Disco: Say Amen (Saturday Night)

	Panic! At The Disco: Say Amen (Saturday Night) [cached]

Searching: Chance The Rapper: I Might Need Security

	Chance the Rapper: I Might Need Security [cached]

Searching: Nicki Minaj: Ganja Burns

	 NOT FOUND

Searching: Nicki Minaj Featuring Lil Wayne: Good Form

	Nicki Minaj: Good Form [cached]

Searching: Ed Sheeran With Chris Stapleton & Bruno Mars: BLOW

	Ed Sheeran: BLOW (with Chris Stapleton & Bruno Mars) [cached]

Searching: Drake: How About Now

	 NOT FOUND

Searching: Young Thug: Just How It Is

	Young Thug: Just How It Is [cached]

Searching: Camila Cabello: Shameless

	Camila Cabello: Shameless [cached]

Searching: Kanye West Featuring Fred Hammond: Hands On

	Kanye West: Hands On [cached]

Searching: Layton Greene, Lil Baby, City Girls & PnB Rock: Leave Em Alone
=========> Layton Greene  Lil Baby  City Girls: Leave Em Alone

	 NOT FOUND

Searching: Trippie Redd Featuring Juice WRLD & YNW Melly: 6 Kiss

	Trippie Redd: 6 Kiss [cached]

Searching: Dua Lipa: Physical

	Dua Lipa: Physical [cached]

Searching: Polo G Featuring NLE Choppa & Stunna 4 Vegas: Go Stupid

	Polo G: Go Stupid [cached]

Searching: YoungBoy Never Broke Again: Knocked Off

	YoungBoy Never Broke Again: Knocked Off [cached]

Searching: Lil Uzi Vert Featuring Young Thug & Gunna: Strawberry Peels

	Lil Uzi Vert: Strawberry Peels (feat. Young Thug & Gunna) [cached]

Searching: PARTYNEXTDOOR Featuring Drake: Loyal

	PARTYNEXTDOOR: LOYAL (feat. Drake) [cached]

Searching: Keith Urban: God Whispered Your Name

	Keith Urban: God Whispered Your Name [cached]

Searching: Bad Bunny: Te Mudaste

	Bad Bunny: TE MUDASTE [cached]

Searching: Eminem: Gnat

	Eminem: Gnat [cached]

Searching: Gera MX + Christian Nodal: Botella Tras Botella

	Gera MX: Botella Tras Botella [cached]

Searching: Lil Baby & Lil Durk: Man Of My Word

	Lil Baby: Man of my Word [cached]

Searching: Tyler, The Creator Featuring Brent Faiyaz & Fana Hues: Sweet / I Thought You Wanted To Dance

	Tyler, The Creator: SWEET / I THOUGHT YOU WANTED TO DANCE (feat. Brent Faiyaz & Fana Hues) [cached]

Searching: Rod Wave Featuring Lil Durk: Already Won

	Rod Wave: Already Won (feat. Lil Durk) [cached]

Searching: Meek Mill Featuring Moneybagg Yo: Hot
=========> Meek Mill: Hot

	Meek Mill: Hot (feat. Moneybagg Yo)
