Found 248/273 = 91%
25 not found: 
Bernie Lowe Orchestra: Intermission Riff
The Bluenotes: I Don't Know What It Is
Little Esther Phillips: I Really Don't Want To Know
Jackie Wilson: Baby Get It (And Don't Quit It)
Round Robin: Kick That Little Foot Sally Ann
Lenny Welch: Two Different Worlds
Al Martino: Forgive Me
J.J. Barnes: Baby Please Come Back Home
Johnny Rivers: Right Relations
The Cascades: Maybe The Rain Will Fall
Israel "Popper Stopper" Tolbert: Big Leg Woman (With A Short Short Mini Skirt)
Clarence Carter: The Court Room
Rick Cunha: (I'm A) YoYo Man
Charlie Ross: Thanks For The Smiles
Marilyn Scott: God Only Knows
The Raes: A Little Lovin' (Keeps The Doctor Away)
The Boys Band: Don't Stop Me Baby (I'm On Fire)
The Frank Barber Orch.: Hooked On Big Bands
Peter Wolf: OO-EE-Diddley-Bop
Ann Wilson: The Best Man In The World
Patty Smyth: Never Enough
Powersource (Solo...Sharon): Dear Mr. Jesus
MC Luscious: Boom! I Got Your Boyfriend
3rd Party: Love Is Alive
Lil' Boosie Featuring Yung Joc: Zoom
--------- log -----------
Searching: Oscar McLollie and Jeanette Baker: Hey Girl - Hey Boy

	Oscar McLollie and Jeanette Baker: Hey Girl, Hey Boy [cached]

Searching: Tommy Edwards: Please Love Me Forever

	Tommy Edwards: Please Love Me Forever [cached]

Searching: Bernie Lowe Orchestra: Intermission Riff

	 NOT FOUND

Searching: Dicky Doo And The Don'ts: Teardrops Will Fall

	Dicky Doo & The Don'ts: Teardrops Will Fall [cached]

Searching: Frank Sinatra: French Foreign Legion

	Frank Sinatra: French Foreign Legion [cached]

Searching: Dave "Baby" Cortez: The Whistling Organ

	Dave "Baby" Cortez: The Whistling Organ [cached]

Searching: The Platters: Wish It Were Me

	The Platters: Wish It Were Me [cached]

Searching: The Bluenotes: I Don't Know What It Is
=========> Bluenotes: I Don t Know What It Is

	 NOT FOUND

Searching: Jo Ann Campbell: A Kookie Little Paradise

	Jo Ann Campbell: A Kookie Little Paradise [cached]

Searching: Bobby Vee: More Than I Can Say

	Bobby Vee: More Than I Can Say [cached]

Searching: Little Willie John: The Very Thought Of You

	Little Willie John: The Very Thought of You [cached]

Searching: Marv Johnson: Merry-Go-Round

	Marv Johnson: Merry-Go-Round [cached]

Searching: Adam Wade: Tonight I Won't Be There

	Adam Wade: Tonight I Won't Be There [cached]

Searching: Billy Vaughn And His Orchestra: Berlin Melody

	Billy Vaughn: Berlin Melody [cached]

Searching: The Showmen: It Will Stand

	The Showmen: It Will Stand - 2002 Digital Remaster; 24 Bit Mastering [cached]

Searching: David Carroll And His Orchestra: The White Rose Of Athens

	David Carroll And His Orchestra: The White Rose Of Athens (From "Dreamland of Desire") [cached]

Searching: The Four Preps: The Big Draft

	The Four Preps: The Big Draft [cached]

Searching: Bertha Tillman: Oh My Angel

	Bertha Tilman: Oh My Angel [cached]

Searching: James Brown And The Famous Flames: Shout And Shimmy

	James Brown: Shout And Shimmy [cached]

Searching: The Ventures: Lolita Ya-Ya

	The Ventures: Lolita Ya Ya [cached]

Searching: Joey Dee: I Lost My Baby

	Joey Dee: I Lost My Baby [cached]

Searching: Little Esther Phillips: I Really Don't Want To Know
=========> Little Esther Phillips: I Really Don t Want To Know

	 NOT FOUND

Searching: Rolf Harris: Sun Arise

	Rolf Harris: Sun Arise [cached]

Searching: The Blenders: Daughter

	The Blenders: Daughter [cached]

Searching: Jackie Wilson: Baby Get It (And Don't Quit It)
=========> Jackie Wilson: Baby Get It

	 NOT FOUND

Searching: Johnny Mathis: Come Back

	Johnny Mathis: Honey Come Back [cached]

Searching: The Kingston Trio: Ally Ally Oxen Free

	The Kingston Trio: Ally Ally Oxen Free - Remastered [cached]

Searching: Otis Redding: Pain In My Heart

	Otis Redding: Pain in My Heart [cached]

Searching: The Searchers: Ain't That Just Like Me

	The Searchers: Ain't That Just Like Me - Mono Version [cached]

Searching: Tommy Roe: Carol

	Tommy Roe: Carol [cached]

Searching: Round Robin: Kick That Little Foot Sally Ann

	 NOT FOUND

Searching: Jerry Butler: I Stand Accused

	Jerry Butler: I Stand Accused [cached]

Searching: Marvin Gaye & Kim Weston: What Good Am I Without You

	Marvin Gaye: What Good Am I Without You [cached]

Searching: The Ovations (Featuring Louis Williams): It's Wonderful To Be In Love

	The Ovations: It's Wonderful to Be in Love [cached]

Searching: Bobby Vinton: Theme From "Harlow" (Lonely Girl)

	Bobby Vinton: Theme from 'Harlow' (Lonely Girl) [cached]

Searching: Donovan: Colours

	Donovan: Colours - Single Version [cached]

Searching: The Marvelettes: Danger Heartbreak Dead Ahead

	The Marvelettes: Danger Heartbreak Dead Ahead [cached]

Searching: Lenny Welch: Two Different Worlds

	 NOT FOUND

Searching: Al Martino: Forgive Me

	 NOT FOUND

Searching: The Mojo Men: Dance With Me

	The Mojo Men: Dance With Me [cached]

Searching: Otis Redding: My Lover's Prayer

	Otis Redding: My Lover's Prayer [cached]

Searching: The Isley Brothers: I Guess I'll Always Love You

	The Isley Brothers: I Guess I'll Always Love You [cached]

Searching: Shelby Flint: Cast Your Fate To The Wind

	Shelby Flint: Cast Your Fate to the Wind [cached]

Searching: The Five Stairsteps: Come Back

	The Five Stairsteps: Come Back - Buddha Remastered 2001 [cached]

Searching: New Colony Six: Love You So Much

	The New Colony Six: Love You So Much [cached]

Searching: Ed Ames: Time, Time

	Ed Ames: Until It's Time For You To Go [cached]

Searching: J.J. Barnes: Baby Please Come Back Home
=========> J J  Barnes: Baby Please Come Back Home

	 NOT FOUND

Searching: Linda Jones: What've I Done (To Make You Mad)

	Linda Jones: What've I Done (To Make You Mad) [cached]

Searching: The Dells: O-O, I Love You

	The Dells: The Love We Had (Stays on My Mind) [cached]

Searching: Jefferson Airplane: Watch Her Ride

	Jefferson Airplane: Watch Her Ride [cached]

Searching: Herman's Hermits: Sleepy Joe

	Herman's Hermits: Sleepy Joe [cached]

Searching: The Tams: Be Young, Be Foolish, Be Happy

	The Tams: Be Young, Be Foolish, Be Happy - Single Version [cached]

Searching: The Impressions: I Loved And I Lost

	The Impressions: I Loved And I Lost [cached]

Searching: The Moody Blues: Ride My See-Saw

	The Moody Blues: Ride My See-Saw [cached]

Searching: Johnny Rivers: Right Relations

	 NOT FOUND

Searching: The Beach Boys: Bluebirds Over The Mountain

	The Beach Boys: Bluebirds Over The Mountain - Remastered [cached]

Searching: The 4 Seasons Featuring the "Sound of Frankie Valli": Electric Stories

	Frankie Valli & The Four Seasons: Electric Stories - 2007 Remaster [cached]

Searching: Bobby Goldsboro: Glad She's A Woman

	Bobby Goldsboro: Glad She's A Woman [cached]

Searching: B.B. King: Why I Sing The Blues

	B.B. King: Why I Sing The Blues [cached]

Searching: The Meters: Ease Back

	The Meters: Ease Back [cached]

Searching: The Cascades: Maybe The Rain Will Fall
=========> Cascades: Maybe Rain Will Fall

	 NOT FOUND

Searching: Buchanan Brothers: Son Of A Lovin' Man

	Buchanan Brothers: Son of a Lovin' Man [cached]

Searching: The Tokens: She Lets Her Hair Down (Early In The Morning)

	The Tokens: She Lets Her Hair Down [cached]

Searching: The Gentrys: Why Should I Cry

	The Gentrys: Why Should I Cry [cached]

Searching: George Perkins & The Silver Stars: Cryin' In The Streets (Part 1)

	George Perkins & The Silver Stars: Crying in the Streets, Pt. 2 [cached]

Searching: The Brotherhood Of Man: Where Are You Going To My Love

	Brotherhood of Man: Where Are You Going To My Love? [cached]

Searching: The Grass Roots: Come On And Say It

	The Grass Roots: Come On And Say It [cached]

Searching: Gary Puckett: I Just Don't Know What To Do With Myself

	Gary Puckett & The Union Gap: I Just Don't Know What to Do With Myself [cached]

Searching: David & Jimmy Ruffin: Stand By Me

	Nicholas David: Stand By Me - The Voice Performance [cached]

Searching: Israel "Popper Stopper" Tolbert: Big Leg Woman (With A Short Short Mini Skirt)
=========> Israel  Popper Stopper  Tolbert: Big Leg Woman

	 NOT FOUND

Searching: Black Sabbath: Paranoid

	Black Sabbath: Paranoid [cached]

Searching: Boz Scaggs: We Were Always Sweethearts

	Boz Scaggs: We Were Always Sweethearts [cached]

Searching: Clarence Carter: The Court Room
=========> Clarence Carter: Court Room

	 NOT FOUND

Searching: Glen Campbell: The Last Time I Saw Her

	Glen Campbell: The Last Time I Saw Her [cached]

Searching: Grand Funk Railroad: Gimme Shelter

	Grand Funk Railroad: Gimme Shelter - Remastered 2002 [cached]

Searching: B.J. Thomas: Long Ago Tomorrow

	B.J. Thomas: Long Ago Tomorrow [cached]

Searching: Stampeders: Devil You

	Stampeders: Devil You [cached]

Searching: Ten Years After: Baby Won't You Let Me Rock 'N Roll You

	Ten Years After: Baby Won't You Let Me Rock n' Roll You - 2004 Remaster [cached]

Searching: Rare Earth: What'd I Say

	Rare Earth: What'd I Say [cached]

Searching: Tyrone Davis: I Had It All The Time

	Tyrone Davis: I Had It All The Time [cached]

Searching: Stephen Stills: It Doesn't Matter

	Stephen Stills: It Doesn't Matter [cached]

Searching: Neil Young & Graham Nash: War Song

	Neil Young & Graham Nash with The Stray Gators: War Song - 45 RPM Single; Mono [cached]

Searching: Van Morrison: Jackie Wilson Said (I'm In Heaven When You Smile)

	Van Morrison: Jackie Wilson Said (I'm in Heaven When You Smile) [cached]

Searching: Glen Campbell: I Will Never Pass This Way Again

	Glen Campbell: I Will Never Pass This Way Again [cached]

Searching: Petula Clark: Wedding Song (There Is Love)

	Petula Clark: Wedding Song - There Is Love [cached]

Searching: The Chi-lites: We Need Order

	The Chi-Lites: We Need Order [cached]

Searching: Engelbert Humperdinck: I Never Said Goodbye

	Engelbert Humperdinck: I Never Said Goodbye [cached]

Searching: The Guess Who: Follow Your Daughter Home

	The Guess Who: Follow Your Daughter Home [cached]

Searching: Archie Bell & The Drells: Dancing To Your Music

	Archie Bell & The Drells: Dancing to Your Music [cached]

Searching: The South Side Movement: I' Been Watchin' You

	The South Side Movement: I' Been Watching You [cached]

Searching: Steely Dan: Show Biz Kids

	Steely Dan: Show Biz Kids [cached]

Searching: Gladys Knight And The Pips: All I Need Is Time

	Gladys Knight & The Pips: All I Need Is Time [cached]

Searching: Dobie Gray: Loving Arms

	Dobie Gray: Loving Arms [cached]

Searching: The Pointer Sisters: Wang Dang Doodle

	The Pointer Sisters: Hands Up / Wang Dang Doodle [cached]

Searching: Rick Cunha: (I'm A) YoYo Man
=========> Rick Cunha: YoYo Man

	 NOT FOUND

Searching: Elvin Bishop: Travelin' Shoes

	Elvin Bishop: Travelin' Shoes [cached]

Searching: Charlie Ross: Thanks For The Smiles
=========> Charlie Ross: Thanks For Smiles

	 NOT FOUND

Searching: Blue Swede: Hush/I'm Alive

	Blue Swede: Hush / I'm Alive [cached]

Searching: Conway Twitty: Linda On My Mind

	Conway Twitty: Linda On My Mind [cached]

Searching: James Brown: Sex Machine (Part I)

	James Brown: Get Up I Feel Like Being Like A Sex Machine, Pts. 1 & 2 [cached]

Searching: South Shore Commission: Free Man

	South Shore Commission: Free Man [cached]

Searching: Chicago: Brand New Love Affair (Part I & II)

	Chicago: Brand New Love Affair, Pt. I & II [cached]

Searching: The Pointer Sisters: Going Down Slowly

	The Pointer Sisters: Going Down Slowly [cached]

Searching: Smokey Robinson: Quiet Storm

	Smokey Robinson: Quiet Storm [cached]

Searching: Michel Polnareff: Lipstick

	Michel Polnareff: Lipstick [cached]

Searching: The Tubes: Don't Touch Me There

	The Tubes: Don't Touch Me There [cached]

Searching: Sherbet: Howzat

	Sherbet: Howzat [cached]

Searching: El Coco: Lets Get It Together

	El Coco: Let's Get It Together [cached]

Searching: Funky Kings: Slow Dancing

	Funky Kings: Slow Dancing [cached]

Searching: Ohio Players: Feel The Beat (Everybody Disco)

	Ohio Players: Feel The Beat (Everybody Disco) [cached]

Searching: Burton Cummings: I'm Scared

	Burton Cummings: I'm Scared [cached]

Searching: Captain & Tennille: Come In From The Rain

	Captain & Tennille: Come In From The Rain [cached]

Searching: Wild Cherry: Hold On

	Wild Cherry: Hold On [cached]

Searching: KISS: Love Gun

	KISS: Love Gun [cached]

Searching: Marilyn Scott: God Only Knows

	 NOT FOUND

Searching: James Taylor: Honey Don't Leave L.a.

	James Taylor: Honey Don't Leave L.A. [cached]

Searching: Mick Jackson: Blame It On The Boogie

	Mick Jackson: Blame It On The Boogie [cached]

Searching: The Raes: A Little Lovin' (Keeps The Doctor Away)
=========> Raes: A Little Lovin

	 NOT FOUND

Searching: Neil Young: Four Strong Winds

	Neil Young: Four Strong Winds - 2016 Remaster [cached]

Searching: Chic: Rebels Are We

	CHIC: Rebels Are We [cached]

Searching: George Benson: Love X Love

	George Benson: Love X Love [cached]

Searching: Sherbs: I Have The Skill

	The Sherbs: I Have the Skill [cached]

Searching: The Producers: What She Does To Me (The Diana Song)

	The Producers: What She Does to Me [cached]

Searching: The Boys Band: Don't Stop Me Baby (I'm On Fire)
=========> Boys Band: Don t Stop Me Baby

	 NOT FOUND

Searching: The Frank Barber Orch.: Hooked On Big Bands
=========> Frank Barber Orch: Hooked On Big Bands

	 NOT FOUND

Searching: One Way: Cutie Pie

	One Way: Cutie Pie [cached]

Searching: Bill Champlin: Sara

	Bill Champlin: Sara [cached]

Searching: Zebra: Who's Behind The Door?

	Zebra: Who's Behind the Door [cached]

Searching: Aretha Franklin: Get It Right

	Aretha Franklin: Get It Right [cached]

Searching: Midnight Star: Wet My Whistle

	Midnight Star: Wet My Whistle [cached]

Searching: Dazz Band: Joystick

	Dazz Band: Joystick [cached]

Searching: Def Leppard: Bringin' On The Heartbreak

	Def Leppard: Bringin' On The Heartbreak [cached]

Searching: Stephen Stills: Stranger

	Stephen Stills: Stranger [cached]

Searching: Deep Purple: Knocking At Your Back Door

	Deep Purple: Knocking At Your Back Door [cached]

Searching: Jesse Johnson's Revue: Be Your Man

	Jesse Johnson: Be Your Man [cached]

Searching: Peter Wolf: OO-EE-Diddley-Bop
=========> Peter Wolf: OO

	 NOT FOUND

Searching: 'Til Tuesday: Looking Over My Shoulder

	'Til Tuesday: Looking Over My Shoulder [cached]

Searching: James Taylor: Everyday

	James Taylor: Everyday [cached]

Searching: Queen: One Vision

	Queen: One Vision - Remastered 2011 [cached]

Searching: The Alarm: Strength

	The Alarm: Strength [cached]

Searching: Phyllis Nelson: I Like You

	Phyllis Nelson: I Like You [cached]

Searching: The Firm: All The Kings Horses

	The Firm: All The King's Horses [cached]

Searching: Trans-X: Living On Video

	Trans-X: Living On Video [cached]

Searching: Ann Wilson: The Best Man In The World
=========> Ann Wilson: Best Man In World

	 NOT FOUND

Searching: Peter Cetera: Big Mistake

	Peter Cetera: Big Mistake [cached]

Searching: Patty Smyth: Never Enough

	 NOT FOUND

Searching: Rock And Hyde: Dirty Water

	Rock & Hyde: Dirty Water [cached]

Searching: Carly Simon: Give Me All Night

	Carly Simon: Give Me All Night [cached]

Searching: Hooters: Johnny B

	The Hooters: Johnny B. [cached]

Searching: Hooters: Satellite

	The Hooters: Satellite [cached]

Searching: Powersource (Solo...Sharon): Dear Mr. Jesus
=========> Powersource: Dear Mr  Jesus

	 NOT FOUND

Searching: Depeche Mode: Route 66/Behind The Wheel

	Depeche Mode: Route 66 [cached]

Searching: John Mellencamp: Rooty Toot Toot

	John Mellencamp: Rooty Toot Toot [cached]

Searching: Freddie Jackson: Nice 'N' Slow

	Freddie Jackson: Nice & Slow [cached]

Searching: J.J. Fad: Way Out

	J.J. Fad: Way Out [cached]

Searching: Survivor: Didn't Know It Was Love

	Survivor: Didn't Know It Was Love [cached]

Searching: Peter Schilling: The Different Story (World Of Lust And Crime)

	Peter Schilling: The Different Story (World of Lust and Crime) - Single Version [cached]

Searching: Dino: Never 2 Much Of U

	DINO: Never 2 Much Of U [cached]

Searching: U2: The Fly

	U2: The Fly [cached]

Searching: Jody Watley: I Want You

	Jody Watley: I Want Your Love [cached]

Searching: Marky Mark & The Funky Bunch: I Need Money

	Marky Mark And The Funky Bunch: I Need Money [cached]

Searching: MC Luscious: Boom! I Got Your Boyfriend
=========> MC Luscious: Boom  I Got Your Boyfriend

	 NOT FOUND

Searching: Cathy Dennis: Irresistible

	Cathy Dennis: Irresistible [cached]

Searching: U2: Stay (Faraway, So Close!)

	U2: Stay (Faraway, So Close!) [cached]

Searching: K7: Zunga Zeng

	K7: I Love to Turn You On (Zunga Zeng) [cached]

Searching: James: Laid

	James: Laid [cached]

Searching: Patti LaBelle: The Right Kinda Lover

	Patti LaBelle: The Right Kinda Lover [cached]

Searching: Perfect Stranger: You Have The Right To Remain Silent

	Perfect Stranger: You Have The Right To Remain Silent [cached]

Searching: Das EFX: Real Hip Hop

	Das EFX: Real Hip-Hop [cached]

Searching: Beck: Where It's At

	Beck: Where It's At - Album Version W/ Intro [cached]

Searching: Rockell: I Fell In Love

	Rockell: I Fell In Love [cached]

Searching: SWV: It's All About U

	SWV: It's All About U [cached]

Searching: New Edition: One More Day

	New Edition: One More Day [cached]

Searching: Daft Punk: Around The World

	Daft Punk: Around the World [cached]

Searching: 3rd Party: Love Is Alive

	 NOT FOUND

Searching: Michael W. Smith: Love Me Good

	Michael W. Smith: Love Me Good [cached]

Searching: George Strait: I Just Want To Dance With You

	George Strait: I Just Want To Dance With You [cached]

Searching: Wyclef Jean Featuring Queen Pen & The Product: Cheated (To All The Girls)

	Wyclef Jean: Cheated - Rock Remix [cached]

Searching: Memphis Bleek (& Jay-Z): It's Alright

	Memphis Bleek: It's Alright [cached]

Searching: Depeche Mode: Only When I Lose Myself

	Depeche Mode: Only When I Lose Myself [cached]

Searching: SHeDAISY: Deck The Halls

	SHeDAISY: Deck The Halls [cached]

Searching: LFO: I Don't Wanna Kiss You Goodnight

	LFO: I Don't Wanna Kiss You Goodnight [cached]

Searching: Daft Punk: One More Time

	Daft Punk: One More Time [cached]

Searching: Puddle Of Mudd: Drift & Die

	Puddle Of Mudd: Drift And Die [cached]

Searching: Seether: Fine Again

	Seether: Fine Again [cached]

Searching: A Perfect Circle: Weak And Powerless

	A Perfect Circle: Weak And Powerless [cached]

Searching: Lonestar: Walking In Memphis

	Lonestar: Walking In Memphis [cached]

Searching: Clay Walker: I Can't Sleep

	Clay Walker: I Can't Sleep - 2014 Version [cached]

Searching: Green Day: American Idiot

	Green Day: American Idiot [cached]

Searching: Toby Keith: Honkytonk U

	Toby Keith: Honkytonk U [cached]

Searching: Miranda Lambert: Kerosene

	Miranda Lambert: Kerosene [cached]

Searching: Kirk Franklin: Looking For You

	Kirk Franklin: Looking for You [cached]

Searching: Ghostface Killah Featuring Ne-Yo: Back Like That

	Ghostface Killah: Back Like That [cached]

Searching: Gary Allan: Life Ain't Always Beautiful

	Gary Allan: Life Ain't Always Beautiful [cached]

Searching: John Legend: Save Room

	John Legend: Save Room [cached]

Searching: Lil' Boosie Featuring Yung Joc: Zoom
=========> Lil  Boosie: Zoom

	 NOT FOUND

Searching: Beyonce: Listen

	Beyoncé: Listen (From the Motion Picture "Dreamgirls") [cached]

Searching: Modest Mouse: Dashboard

	Modest Mouse: Dashboard [cached]

Searching: Vanessa Hudgens: Say OK

	Vanessa Hudgens: Say OK [cached]

Searching: Trace Adkins: Ladies Love Country Boys

	Trace Adkins: Ladies Love Country Boys [cached]

Searching: Elliott Yamin: Movin' On

	Elliott Yamin: Movin' On [cached]

Searching: Kenny Chesney: Beer In Mexico

	Kenny Chesney: Beer In Mexico [cached]

Searching: Ozzy Osbourne: I Don't Wanna Stop

	Ozzy Osbourne: I Don't Wanna Stop [cached]

Searching: Tracy Lawrence: Find Out Who Your Friends Are

	Tracy Lawrence: Find out Who Your Friends Are [cached]

Searching: Faith Hill: Lost

	Faith Hill: Lost [cached]

Searching: Lifehouse: From Where You Are

	Lifehouse: From Where You Are [cached]

Searching: The Swell Season (Glen Hansard & Marketa Irglova): Falling Slowly

	The Swell Season: Falling Slowly - Live [cached]

Searching: Flo Rida Featuring Sean Kingston: Roll

	Flo Rida: Let It Roll [cached]

Searching: Jason Aldean: Laughed Until We Cried

	Jason Aldean: Laughed Until We Cried [cached]

Searching: Mims: Move (If You 'W'anna)

	MiMS: Move (If You Wanna) [cached]

Searching: Alan Jackson: Sissy's Song

	Alan Jackson: Sissy's Song [cached]

Searching: Selena Gomez: Magic

	Selena Gomez: Magic [cached]

Searching: Sean Kingston: Face Drop

	Sean Kingston: Face Drop [cached]

Searching: Adam Lambert: For Your Entertainment

	Adam Lambert: For Your Entertainment [cached]

Searching: Timbaland Featuring Nelly Furtado & SoShy: Morning After Dark

	Timbaland: Morning After Dark (Featuring Nelly Furtado & SoShy) [cached]

Searching: Darius Rucker: History In The Making

	Darius Rucker: History In The Making [cached]

Searching: k.d. lang: Hallelujah (Vancouver Winter 2010 Version)

	k.d. lang: Hallelujah [cached]

Searching: Glee Cast: Beautiful

	Glee Cast: Beautiful (Glee Cast Version) [cached]

Searching: Glee Cast Featuring Jonathan Groff: Run Joey Run

	Glee Cast: Run Joey Run (Glee Cast Version) (feat. Jonathan Groff) [cached]

Searching: Pitbull: Bon, Bon

	Pitbull: Bon Bon (We No Speak Americano) [cached]

Searching: Miranda Lambert: Only Prettier

	Miranda Lambert: Only Prettier [cached]

Searching: Dev Featuring The Cataracs: Bass Down Low

	DEV: Bass Down Low [cached]

Searching: Mann: Buzzin'

	Mann: Buzzin Remix [cached]

Searching: Justin Bieber: Pray

	Justin Bieber: Pray [cached]

Searching: Glee Cast: Tik Tok

	Glee Cast: Tik Tok (Glee Cast Version) [cached]

Searching: Kenny Chesney: Live A Little

	Kenny Chesney: Live a Little [cached]

Searching: Rick Ross Featuring Lil Wayne Or T.I.: 9 Piece

	Rick Ross: 9 Piece [cached]

Searching: Trace Adkins: Just Fishin'

	Trace Adkins: Just Fishin' [cached]

Searching: Martina McBride: I'm Gonna Love You Through It

	Martina McBride: I'm Gonna Love You Through It [cached]

Searching: Young Jeezy Featuring Jay-Z & Andre 3000: I Do

	Young Jeezy 'presents': It's Going Down [cached]

Searching: Nelly: The Champ

	Nelly: The Champ [cached]

Searching: George Strait: Love's Gonna Make It Alright

	George Strait: Love's Gonna Make It Alright [cached]

Searching: J. Cole Featuring Missy Elliott: Nobody's Perfect

	J. Cole: Nobody's Perfect [cached]

Searching: Enrique Iglesias: Turn The Night Up

	Enrique Iglesias: Turn The Night Up [cached]

Searching: RaeLynn: God Made Girls

	RaeLynn: God Made Girls [cached]

Searching: Dillon Francis & DJ Snake: Get Low

	Dillon Francis: Get Low - The Rebirth in Paris Remix [cached]

Searching: Jessie J: Flashlight

	Jessie J: Flashlight - From "Pitch Perfect 2" Soundtrack [cached]

Searching: J. Cole: Wet Dreamz

	J. Cole: Wet Dreamz [cached]

Searching: Maddie & Tae: Fly

	Maddie & Tae: Fly [cached]

Searching: Jordan Smith: Hallelujah

	Jordan Smith: Hallelujah - The Voice Performance [cached]

Searching: Drake: Redemption

	Drake: Redemption [cached]

Searching: Blake Shelton: She's Got A Way With Words

	Blake Shelton: She's Got a Way with Words [cached]

Searching: The Weeknd Featuring Lana Del Rey: Stargirl Interlude

	The Weeknd: Stargirl Interlude [cached]

Searching: Nicki Minaj: Regret In Your Tears

	Nicki Minaj: Regret In Your Tears [cached]

Searching: Drake: Nothings Into Somethings

	Drake: Nothings Into Somethings [cached]

Searching: Tim McGraw & Faith Hill: Speak To A Girl

	Tim McGraw: Speak to a Girl [cached]

Searching: Kodak Black: First Day Out

	Kodak Black: First Day Out [cached]

Searching: China Anne McClain, Thomas Doherty & Dylan Playfair: What's My Name

	China Anne McClain: What's My Name [cached]

Searching: YoungBoy Never Broke Again: No Smoke

	YoungBoy Never Broke Again: No Smoke [cached]

Searching: 5 Seconds Of Summer: Want You Back

	5 Seconds of Summer: Want You Back [cached]

Searching: Derez De'Shon: Hardaway

	Derez De’Shon: Hardaway [cached]

Searching: Charlie Puth: The Way I Am

	Charlie Puth: The Way I Am [cached]

Searching: Lil Baby & Gunna: Business Is Business

	Lil Baby: Business Is Business (Lil Baby & Gunna) [cached]

Searching: Quavo Featuring 21 Savage: Pass Out

	Quavo: PASS OUT (feat. 21 Savage) [cached]

Searching: Meek Mill: Trauma

	Meek Mill: Trauma [cached]

Searching: Anuel AA & Romeo Santos: Ella Quiere Beber

	Anuel AA: Ella Quiere Beber - Remix [cached]

Searching: FLETCHER: Undrunk

	FLETCHER: Undrunk [cached]

Searching: Drake: The Motion

	Drake: The Motion [cached]

Searching: Young Thug Featuring Gunna: Surf

	Young Thug: Surf (feat. Gunna) [cached]

Searching: Summer Walker Featuring Jhene Aiko: I'll Kill You

	Summer Walker: I'll Kill You (feat. Jhené Aiko) [cached]

Searching: Eminem Featuring Skylar Grey: Leaving Heaven

	Eminem: Leaving Heaven (feat. Skylar Grey) [cached]

Searching: Lil Wayne: Mahogany

	Lil Wayne: Mahogany [cached]

Searching: SZA X Justin Timberlake: The Other Side

	SZA: The Other Side (from Trolls World Tour) [cached]

Searching: Polo G: Martin & Gina

	Polo G: Martin & Gina [cached]

Searching: 21 Savage & Metro Boomin Featuring Young Nudy: Snitches & Rats

	21 Savage: Snitches & Rats (feat. Young Nudy) [cached]

Searching: Taylor Swift: Ivy

	Taylor Swift: ivy [cached]

Searching: Justin Bieber: Rockin' Around The Christmas Tree
=========> Justin Bieber: Rockin  Around The Christmas Tree

	Justin Bieber: Rockin' Around The Christmas Tree

Searching: Ariana Grande: Test Drive

	Ariana Grande: test drive [cached]

Searching: Rod Wave: Gone Till November

	Rod Wave: Gone Till November [cached]

Searching: Demi Lovato Featuring Ariana Grande: Met Him Last Night

	Demi Lovato: Met Him Last Night (feat. Ariana Grande) [cached]

Searching: Migos: Modern Day

	Migos: Modern Day [cached]

Searching: YoungBoy Never Broke Again: Smoke Strong

	YoungBoy Never Broke Again: Smoke Strong

Searching: Ivan Cornejo: Esta Danada

	Ivan Cornejo: Está Dañada
