Found 268/287 = 93%
19 not found: 
Pat Boone: The Wang Dang Taffy-Apple Tango (Mambo Cha Cha Cha)
Florraine Darlin: Long As The Rose Is Red
Jimmie Rodgers: Rainbow At Midnight
The Appalachians: Bony Moronie
Alice Wonder Land: He's Mine (I Love Him, I Love Him, I Love Him)
The David Rockingham Trio: Dawn
Mitch Ryder And The Detroit Wheels: Break Out
Z.Z. Hill: Don't Make Me Pay For His Mistakes
Andy Kim: I Wish I Were
P-Nut Gallery: Do You Know What Time It Is?
Mike Kennedy: Louisianna
Katfish: Dear Prudence
T.G. Sheppard With Clint Eastwood: Make My Day
Olivia Newton-John: The Rumour
Ill Al Skratch Featuring Brian McKnight: I'll Take Her
Ol' Dirty Bastard: Shimmy Shimmy Ya
Missjones: 2 Way Street
Lucas Grabeel & Ashley Tisdale: Bop To The Top
Tucker Beathard: Rock On
--------- log -----------
Searching: Ed Townsend: For Your Love

	Ed Townsend: For Your Love [cached]

Searching: Boots Brown And His Blockbusters: Cerveza

	Boots Brown: Cerveza [cached]

Searching: The Playboys: Over The Weekend

	The Playboys: Over The Weekend [cached]

Searching: Robert Mitchum: The Ballad Of Thunder Road

	Robert Mitchum: The Ballad Of Thunder Road [cached]

Searching: Tab Hunter: Jealous Heart

	Tab Hunter: Jealous Heart [cached]

Searching: Jimmie Rodgers: Because You're Young

	Jimmie Rodgers: Because You're Young [cached]

Searching: Pat Boone: The Wang Dang Taffy-Apple Tango (Mambo Cha Cha Cha)
=========> Pat Boone: Wang Dang Taffy

	 NOT FOUND

Searching: Roy Hamilton: I Need Your Lovin'

	Roy Hamilton: I Need Your Lovin [cached]

Searching: Steve Lawrence: (I Don't Care) Only Love Me

	Steve Lawrence: (I Don't Care) Only Love Me [cached]

Searching: Addrisi Brothers: Cherrystone

	The Addrisi Brothers: Cherrystone [cached]

Searching: Bo Diddley: Crackin Up

	Bo Diddley: Crackin' Up [cached]

Searching: Anita Bryant: Six Boys And Seven Girls

	Anita Bryant: Six Boys and Seven Girls - Remastered [cached]

Searching: Johnny Mathis: The Best Of Everything

	Johnny Mathis: The Best of Everything - From the 20th Century Fox Film "The Best of Everything" [cached]

Searching: Ruth Brown: Don't Deceive Me

	Ruth Brown: Don't Deceive Me - Single Version [cached]

Searching: Carl Dobkins, Jr.: Exclusively Yours

	Carl Dobkins, Jr.: Exclusively Yours [cached]

Searching: Anita Bryant: One Of The Lucky Ones

	Anita Bryant: One of the Lucky Ones - Remastered [cached]

Searching: Jim Reeves: The Blizzard

	Jim Reeves: The Blizzard [cached]

Searching: The Platters: Trees

	The Platters: Trees [cached]

Searching: Glen Campbell: Turn Around, Look At Me

	Glen Campbell: Turn Around Look At Me [cached]

Searching: Dreamlovers: If I Should Lose You

	The Dreamlovers: If I Should Lose You [cached]

Searching: Florraine Darlin: Long As The Rose Is Red
=========> Florraine Darlin: Long As Rose Is Red

	 NOT FOUND

Searching: George Maharis: Baby Has Gone Bye Bye

	George Maharis: Baby Has Gone Bye Bye [cached]

Searching: Ben Colder: Don't Go Near The Eskimos

	Ben Colder: Don't Go Near The Eskimos [cached]

Searching: Jimmie Rodgers: Rainbow At Midnight

	 NOT FOUND

Searching: The Appalachians: Bony Moronie
=========> Appalachians: Bony Moronie

	 NOT FOUND

Searching: Rick Nelson: Gypsy Woman

	Ricky Nelson: Gypsy Woman [cached]

Searching: Baby Washington: Leave Me Alone

	Baby Washington: Leave Me Alone [cached]

Searching: Cliff Richard: Lucky Lips

	Cliff Richard: Lucky Lips [cached]

Searching: The Surfaris: Surfer Joe

	The Surfaris: Surfer Joe - Hit Version [cached]

Searching: Alice Wonder Land: He's Mine (I Love Him, I Love Him, I Love Him)
=========> Alice Wonder Land: He s Mine

	 NOT FOUND

Searching: The David Rockingham Trio: Dawn
=========> David Rockingham Trio: Dawn

	 NOT FOUND

Searching: Jack Jones: Love With The Proper Stranger

	Jack Jones: Love With The Proper Stranger [cached]

Searching: The Raindrops: Book Of Love

	The Raindrops: Book Of Love [cached]

Searching: The Bermudas: Donnie

	The Bermudas: Donnie [cached]

Searching: Jack Jones: Where Love Has Gone

	Jack Jones: Where Love Has Gone [cached]

Searching: The Blendells: La La La La La

	The Blendells: La La La La La [cached]

Searching: Johnny Mathis: Listen Lonely Girl

	Johnny Mathis: Listen Lonely Girl - Mono Version [cached]

Searching: Dionne Warwick: Who Can I Turn To

	Dionne Warwick: Who Can I Turn To [cached]

Searching: Gloria Lynne: Watermelon Man

	Gloria Lynne: Watermelon Man - Remastered [cached]

Searching: Bobby Bland: I'm Too Far Gone (To Turn Around)

	Bobby "Blue" Bland: I'm Too Far Gone (To Turn Around) [cached]

Searching: The Righteous Brothers: Georgia On My Mind

	The Righteous Brothers: Georgia On My Mind [cached]

Searching: Verdelle Smith: In My Room (El Amor)

	Verdelle Smith: (Alone) In My Room [cached]

Searching: The T-Bones: Sippin' 'N Chippin'

	The T-Bones: Sippin' 'n' Chippin' [cached]

Searching: Carla Thomas: Let Me Be Good To You

	Carla Thomas: Let Me Be Good to You [cached]

Searching: Mitch Ryder And The Detroit Wheels: Break Out
=========> Mitch Ryder: Break Out

	 NOT FOUND

Searching: Barry McGuire: Cloudy Summer Afternoon (Raindrops)

	Barry McGuire: Cloudy Summer Afternoon [cached]

Searching: Rosco Robinson: That's Enough

	Roscoe Robinson: That’s Enough [cached]

Searching: Jack Jones: A Day In The Life Of A Fool

	Jack Jones: A Day In The Life Of A Fool [cached]

Searching: The Drifters: Baby What I Mean

	The Drifters: Baby What I Mean [cached]

Searching: The Joe Cuba Sextet: Oh Yeah!

	Joe Cuba Sextet: Oh Yeah [cached]

Searching: Bobby Darin: The Lady Came From Baltimore

	Bobby Darin: The Lady Came From Baltimore [cached]

Searching: Lee Dorsey: Go-Go Girl

	Lee Dorsey: Go-Go Girl [cached]

Searching: Erma Franklin: Piece Of My Heart

	Erma Franklin: Piece of My Heart [cached]

Searching: Jerry Butler: Lost

	Jerry Butler: Since I Lost You Lady [cached]

Searching: Clarence Carter: Looking For A Fox

	Clarence Carter: Looking for a Fox [cached]

Searching: Neil Diamond: Red Red Wine

	Neil Diamond: Red Red Wine [cached]

Searching: Martha Reeves & The Vandellas: I Promise To Wait My Love

	Martha Reeves & The Vandellas: I Promise To Wait My Love [cached]

Searching: Patti Drew: Workin' On A Groovy Thing

	Patti Drew: Workin' On A Groovy Thing [cached]

Searching: The Monkees: Porpoise Song

	The Monkees: Porpoise Song [cached]

Searching: Frank Sinatra: Rain In My Heart

	Frank Sinatra: Rain In My Heart [cached]

Searching: Petula Clark: Happy Heart

	Petula Clark: Happy Heart [cached]

Searching: Sergio Mendes & Brasil '66: Pretty World

	Sergio Mendes & Brasil '66: Pretty World [cached]

Searching: Jay & The Americans: Hushabye

	Jay & The Americans: Hushabye [cached]

Searching: The Honey Cone: While You're Out Looking For Sugar?

	Honey Cone: While You're out Looking for Sugar [cached]

Searching: Billy Preston: That's The Way God Planned It

	Billy Preston: That's The Way God Planned It [cached]

Searching: The Moments: I Do

	The Art Of Noise: Moments In Love [cached]

Searching: Jerry Butler: Got To See If I Can't Get Mommy (To Come Back Home)

	Jerry Butler: Got To See If I Can't Get Mommy (To Come Back Home) [cached]

Searching: The Kinks: Victoria

	The Kinks: Victoria - Mono Mix [cached]

Searching: Bill Deal & The Rhondels: Nothing Succeeds Like Success

	Bill Deal: Nothing Succeeds Like Success [cached]

Searching: The Fortunes: That Same Old Feeling

	The Fortunes: That Same Old Feeling - Remastered [cached]

Searching: Steppenwolf: Screaming Night Hog

	Steppenwolf: Screaming Night Hog [cached]

Searching: Gypsy: Gypsy Queen - Part 1

	Gypsy Neuvelos: Gypsy Summer [cached]

Searching: Tommy James: Church Street Soul Revival

	Tommy James: Church Street Soul Revival [cached]

Searching: Z.Z. Hill: Don't Make Me Pay For His Mistakes
=========> Z Z  Hill: Don t Make Me Pay For His Mistakes

	 NOT FOUND

Searching: Andy Kim: I Wish I Were

	 NOT FOUND

Searching: P-Nut Gallery: Do You Know What Time It Is?
=========> P Nut Gallery: Do You Know What Time It Is

	 NOT FOUND

Searching: Buddy Miles & The Freedom Express: Them Changes

	Buddy Miles: Them Changes [cached]

Searching: Messengers: That's The Way A Woman Is

	The Messengers: That's The Way A Woman Is - Stereo Promo Version [cached]

Searching: Helen Reddy: No Sad Song

	Helen Reddy: No Sad Song [cached]

Searching: Mike Kennedy: Louisianna

	 NOT FOUND

Searching: Jerry Reed: Alabama Wild Man

	Jerry Reed: Alabama Wild Man - (1968 Version) [cached]

Searching: B.B. King: Guess Who/Them Changes

	B.B. King: Guess Who [cached]

Searching: America: Only In Your Heart

	America: Only in Your Heart [cached]

Searching: John Denver: I'd Rather Be A Cowboy

	John Denver: I'd Rather Be a Cowboy (Lady's Chains) [cached]

Searching: Merle Haggard And The Strangers: Everybody's Had The Blues

	Merle Haggard & The Strangers: Everybody's Had The Blues [cached]

Searching: Joe Simon: River

	Joe Simon: Too Many Rivers [cached]

Searching: Four Tops: I Just Can't Get You Out Of My Mind

	Four Tops: I Just Can't Get You Out Of My Mind [cached]

Searching: Gilbert O'Sullivan: Happiness Is Me And You

	Gilbert O'Sullivan: Happiness Is Me And You [cached]

Searching: Betty Wright: Secretary

	Betty Wright: Secretary [cached]

Searching: The Dramatics: Door To Your Heart

	The Dramatics: Door To Your Heart [cached]

Searching: O.C. Smith: La La Peace Song

	O.C. Smith: La La Peace Song [cached]

Searching: Percy Sledge: I'll Be Your Everything

	Percy Sledge: I'll Be Your Everything [cached]

Searching: The Hues Corporation: Love Corporation

	Hues Corporation: Love Corporation [cached]

Searching: Blood, Sweat & Tears: Got To Get You Into My Life

	Blood, Sweat & Tears: Got to Get You Into My Life [cached]

Searching: Katfish: Dear Prudence

	 NOT FOUND

Searching: Jethro Tull: Locomotive Breath

	Jethro Tull: Locomotive Breath [cached]

Searching: The Band: Ophelia

	The Band: Ophelia - Remastered 2000 [cached]

Searching: Hamilton, Joe Frank & Reynolds: Everyday Without You

	Hamilton, Joe Frank & Reynolds: Everyday Without Your Love [cached]

Searching: Narvel Felts: Lonely Teardrops

	Narvel Felts: Lonely Teardrops [cached]

Searching: Ronnie Dyson: The More You Do It (The More I Like It Done To Me)

	Ronnie Dyson: The More You Do It (The More I Like It Done to Me) [cached]

Searching: Little River Band: I'll Always Call Your Name

	Little River Band: I'll Always Call Your Name - 2010 Digital Remaster [cached]

Searching: Genesis: Your Own Special Way

	Genesis: Your Own Special Way - Remaster 2007 [cached]

Searching: Klaatu: Sub-rosa Subway/calling Occupants

	Klaatu: Sub-Rosa Subway [cached]

Searching: Heart: Little Queen

	Heart: Little Queen [cached]

Searching: Sammy Hagar: You Make Me Crazy

	Sammy Hagar: You Make Me Crazy [cached]

Searching: Airwaves: So Hard Livin' Without You

	Airwaves: So Hard Living Without You [cached]

Searching: Cheap Trick: Surrender

	Cheap Trick: Surrender [cached]

Searching: Player: Silver Lining

	Player: Silver Lining [cached]

Searching: Eric Carmen: Baby, I Need Your Lovin'

	Eric Carmen: Baby I Need Your Lovin' [cached]

Searching: Cheryl Lynn: Star Love

	Cheryl Lynn: Star Love [cached]

Searching: Blackjack: Love Me Tonight

	Blackjack: Love Me Tonight [cached]

Searching: The Knack: Can't Put A Price On Love

	The Knack: Can't Put A Price On Love - Remastered [cached]

Searching: Dionne Warwick: Easy Love

	Dionne Warwick: Easy Love [cached]

Searching: Supertramp: Breakfast In America

	Supertramp: Breakfast In America - Remastered [cached]

Searching: The Doobie Brothers: Keep This Train A-Rollin'

	The Doobie Brothers: Keep This Train A-Rollin' [cached]

Searching: Tierra: Memories

	Tierra: Memories [cached]

Searching: Icehouse: We Can Get Together

	ICEHOUSE: We Can Get Together - Live [cached]

Searching: David Gates: Take Me Now

	David Gates: Take Me Now [cached]

Searching: Patti Austin: Every Home Should Have One

	Patti Austin: Every Home Should Have One [cached]

Searching: Survivor: Summer Nights

	Survivor: Summer Nights [cached]

Searching: The Waitresses: I Know What Boys Like

	The Waitresses: I Know What Boys Like [cached]

Searching: Greg Kihn Band: Happy Man

	The Greg Kihn Band: Happy Man [cached]

Searching: Bow Wow Wow: I Want Candy

	Bow Wow Wow: I Want Candy [cached]

Searching: Frankie Miller: To Dream The Dream

	Frankie Miller: To Dream the Dream - Live [cached]

Searching: 707: Mega Force

	707: Mega Force [cached]

Searching: Grandmaster Flash: The Message

	Grandmaster Flash: The Message [cached]

Searching: Berlin: Sex (I'm A...)

	Berliner Philharmoniker: Symphony No.6 in F, Op.68 -"Pastoral": 2. Szene am Bach: (Andante molto mosso) - Excerpt [cached]

Searching: F.R. David: Words

	F.R. David: Words - Original Version 1983 [cached]

Searching: The Moody Blues: Blue World

	The Moody Blues: Blue World [cached]

Searching: Talking Heads: This Must Be The Place (Naive Melody)

	Talking Heads: This Must Be the Place (Naive Melody) - 2005 Remaster [cached]

Searching: T.G. Sheppard With Clint Eastwood: Make My Day
=========> T G  Sheppard: Make My Day

	 NOT FOUND

Searching: Thomas Dolby: Hyperactive

	Thomas Dolby: Hyperactive! [cached]

Searching: Roger Daltrey: Walking In My Sleep

	Roger Daltrey: Walking In My Sleep [cached]

Searching: David Gilmour: Blue Light

	David Gilmour: Blue Light - 2006 Remaster [cached]

Searching: "Weird Al" Yankovic: King Of Suede

	"Weird Al" Yankovic: King of Suede [cached]

Searching: Neil Diamond: Turn Around

	Neil Diamond: Don't Turn Around [cached]

Searching: Menudo: Hold Me

	Menudo: Hold Me [cached]

Searching: What Is This: I'll Be Around

	What Is This: I'll Be Around [cached]

Searching: Rene & Angela: Your Smile

	Rene & Angela: Your Smile - Single Version [cached]

Searching: Bourgeois Tagg: Mutual Surrender (What A Wonderful World)
=========> Bourgeois Tagg: Mutual Surrender

	Bourgeois Tagg: Mutual Surrender (What A Wonderful World)

Searching: John Cafferty & The Beaver Brown Band: Voice Of America's Sons

	John Cafferty & the Beaver Brown Band: Voice Of America's Sons [cached]

Searching: Pet Shop Boys: Love Comes Quickly

	Pet Shop Boys: Love Comes Quickly - 2018 Remaster [cached]

Searching: Taja Sevelle: Love Is Contagious

	Taja Sevelle: Love Is Contagious [cached]

Searching: Dionne & Kashif: Reservations For Two

	Dionne Warwick: Reservations for Two [cached]

Searching: Kool Moe Dee: Wild, Wild West

	Kool Moe Dee: Wild Wild West [cached]

Searching: Olivia Newton-John: The Rumour
=========> Olivia Newton John: Rumour

	 NOT FOUND

Searching: Mike + The Mechanics: Seeing Is Believing

	Mike & The Mechanics: Seeing Is Believing [cached]

Searching: Cyndi Lauper: My First Night Without You

	Cyndi Lauper: My First Night Without You [cached]

Searching: Teddy Riley Featuring Guy: My Fantasy (From "Do The Right Thing")

	Teddy Riley: My Fantasy [cached]

Searching: Howard Hewett: Show Me

	Howard Hewett: Show Me [cached]

Searching: Pet Shop Boys: So Hard

	Pet Shop Boys: So Hard - 2018 Remaster [cached]

Searching: Maxi Priest: Just A Little Bit Longer

	Maxi Priest: Just A Little Bit Longer - Radio Edit [cached]

Searching: Bette Midler: Night And Day

	Bette Midler: Night and Day [cached]

Searching: Jellyfish: Baby's Coming Back

	Jellyfish: Baby's Coming Back [cached]

Searching: TKA: Louder Than Love

	TKA: Louder Than Love [cached]

Searching: Vanessa Williams: The Comfort Zone

	Vanessa Williams: Save The Best For Last [cached]

Searching: M.C. Hammer: Do Not Pass Me By

	MC Hammer: Do Not Pass Me By - Edit [cached]

Searching: L.A. Guns: It's Over Now

	L.A. Guns: It's Over Now [cached]

Searching: DJ Quik: Jus Lyke Compton

	DJ Quik: Jus Lyke Compton [cached]

Searching: Def Leppard: Tonight

	Def Leppard: Tonight [cached]

Searching: Damn Yankees: Silence Is Broken (From "Nowhere To Run")

	Damn Yankees: Silence Is Broken [cached]

Searching: Luther Vandross: Little Miracles (Happen Every Day)

	Luther Vandross: Little Miracles (Happen Every Day) [cached]

Searching: Ill Al Skratch Featuring Brian McKnight: I'll Take Her
=========> Ill Al Skratch: I ll Take Her

	 NOT FOUND

Searching: Keith Sweat (Featuring Kut Klose): Get Up On It

	Keith Sweat: Get up On It [cached]

Searching: Willi One Blood: Whiney, Whiney (From "Dumb And Dumber")

	Willi One Blood: Whiney, Whiney (What Really Drives Me Crazy) [cached]

Searching: Lil Suzy: Promise Me

	Lil Suzy: Promise Me [cached]

Searching: Londonbeat: Come Back

	Londonbeat: Come Back [cached]

Searching: Ol' Dirty Bastard: Shimmy Shimmy Ya
=========> Ol  Dirty Bastard: Shimmy Shimmy Ya

	 NOT FOUND

Searching: Bone Thugs-N-Harmony: East 1999

	Bone Thugs-N-Harmony: East 1999 [cached]

Searching: N-Trance: Stayin' Alive

	N-Trance: Stayin' Alive [cached]

Searching: Horace Brown: One For The Money

	Horace Brown: One For The Money [cached]

Searching: Lenny Kravitz: Can't Get You Off My Mind

	Lenny Kravitz: Can't Get You Off My Mind [cached]

Searching: J'Son: I'll Never Stop Loving You

	Joe Uveges: I'll Never Stop Loving You - Song Of The Father [cached]

Searching: Faithless: Insomnia

	Faithless: Insomnia - Radio Edit [cached]

Searching: Nu Flavor Featuring Roger: Sweet Sexy Thing

	Nu Flavor: Sweet Sexy Thing [cached]

Searching: Le Click Featuring Kayo: Don't Go

	Le Click: Don't Go - Radio Mix [cached]

Searching: Do Or Die Featuring Johnny P & Twista: Still Po' Pimpin'

	Do Or Die: Still Po' Pimpin' [cached]

Searching: Missjones: 2 Way Street

	 NOT FOUND

Searching: Stardust: Music Sounds Better With You

	Stardust: Music Sounds Better With You [cached]

Searching: Garth Brooks: It's Your Song

	Brandon Garth: It's Your Song [cached]

Searching: Snoop Dogg Featuring Mystikal And Fiend: Woof

	Snoop Dogg: Woof! [cached]

Searching: Trick Daddy Featuring Trina: Nann

	Trick Daddy: Nann Nigga [cached]

Searching: Nas Featuring Puff Daddy: Hate Me Now

	Nas: Hate Me Now (feat. Puff Daddy) [cached]

Searching: Montgomery Gentry: Hillbilly Shoes

	Montgomery Gentry: Hillbilly Shoes [cached]

Searching: Silk: Meeting In My Bedroom

	Silk: Meeting in My Bedroom [cached]

Searching: Kumbia Kings Featuring A.B. Quintanilla: U Don't Love Me

	Kumbia Kings: U Don't Love Me - Booty Mix [cached]

Searching: Jessica Simpson Featuring Nick Lachey: Where You Are

	Jessica Simpson: Where You Are (featuring Nick Lachey) (feat. Nick Lachey) - New Version [cached]

Searching: M2M: Mirror Mirror

	M2M: Mirror Mirror [cached]

Searching: Splender: I Think God Can Explain

	Splender: I Think God Can Explain [cached]

Searching: Staind: Fade

	Staind: Fade [cached]

Searching: Jonell & Method Man: Round And Round

	Jonell: Round And Round - Remix [cached]

Searching: Mark Chesnutt: She Was

	Mark Chesnutt: She Was - Live [cached]

Searching: No Doubt: Running

	No Doubt: Running [cached]

Searching: 3 Doors Down: Away From The Sun

	3 Doors Down: Away From The Sun [cached]

Searching: Terror Squad: Take Me Home

	Terror Squad: Take Me Home [cached]

Searching: Lucas Grabeel & Ashley Tisdale: Bop To The Top
=========> Lucas Grabeel: Bop To Top

	 NOT FOUND

Searching: Montgomery Gentry: She Don't Tell Me To

	Montgomery Gentry: She Don't Tell Me To [cached]

Searching: Lionel Richie: I Call It Love

	Lionel Richie: I Call It Love [cached]

Searching: Shareefa Featuring Ludacris: Need A Boss

	Shareefa: Need A Boss [cached]

Searching: The Killers: Read My Mind

	The Killers: Read My Mind [cached]

Searching: Sara Evans: As If

	Sara Evans: As If [cached]

Searching: Gucci Mane: Freaky Gurl

	Gucci Mane: Freaky Gurl [cached]

Searching: Chris Brown: This Christmas

	Chris Brown: This Christmas [cached]

Searching: Alvin And The Chipmunks Featuring Chris Classic: Witch Doctor (2007)

	Alvin & The Chipmunks: Witch Doctor - Remastered 1999 [cached]

Searching: Paula Abdul & Randy Jackson: Dance Like There's No Tomorrow

	Paula Abdul: Dance Like There's No Tomorrow [cached]

Searching: Ferras: Hollywood's Not America

	Ferras: Hollywood's Not America - Matrix Version [cached]

Searching: Lil Wayne Featuring Jay-Z: Mr. Carter

	Lil Wayne: Mr. Carter [cached]

Searching: T.I. Featuring Swizz Beatz: Swing Ya Rag

	T.I.: Swing Ya Rag [cached]

Searching: Jesse McCartney: It's Over

	Jesse McCartney: It's Over [cached]

Searching: Common Featuring Pharrell: Universal Mind Control

	Common: Universal Mind Control (UMC) - With Intro [cached]

Searching: Keyshia Cole: You Complete Me

	Keyshia Cole: You Complete Me [cached]

Searching: Rick Ross Featuring John Legend: Magnificent

	Rick Ross: Magnificent [cached]

Searching: F.L.Y. (Fast Life Yungstaz): Swag Surfin'

	F.L.Y. (Fast Life Yungstaz): Swag Surfin' [cached]

Searching: Susan Boyle: I Dreamed A Dream

	Susan Boyle: I Dreamed a Dream [cached]

Searching: Lil Wayne: On Fire

	Lil Wayne: On Fire [cached]

Searching: Waka Flocka Flame: O Let's Do It

	Waka Flocka Flame: O Let's Do It (feat. Cap) [cached]

Searching: Lil Jon Featuring 3OH!3: Hey

	Lil Jon: Hey [cached]

Searching: Eminem Featuring P!nk: Won't Back Down

	Eminem: Won't Back Down [cached]

Searching: Chris Brown: No BS

	Chris Brown: No BS (feat. Kevin McCall) [cached]

Searching: Glee Cast: Need You Now

	Glee Cast: Need You Now [cached]

Searching: Glee Cast: Animal

	Glee Cast: Animal (Glee Cast Version) [cached]

Searching: Ronnie Dunn: Bleed Red

	Ronnie Dunn: Bleed Red [cached]

Searching: Game Featuring Lil Wayne: Red Nation

	The Game: Red Nation [cached]

Searching: Miguel: Quickie

	Miguel: Quickie [cached]

Searching: Taio Cruz Featuring Flo Rida: Hangover

	Taio Cruz: Hangover [cached]

Searching: Rick Ross Featuring Nicki Minaj: You The Boss

	Rick Ross: You The Boss [cached]

Searching: Glee Cast: Moves Like Jagger / Jumpin' Jack Flash

	Glee Cast: Moves Like Jagger / Jumpin' Jack Flash (Glee Cast Version) [cached]

Searching: Kenny Chesney: Reality

	Kenny Chesney: Reality [cached]

Searching: Drake Featuring Lil Wayne: HYFR (Hell Ya F*****g Right)

	Drake: HYFR (Hell Ya Fucking Right) [cached]

Searching: Rita Ora: How We Do (Party)

	Rita Ora: How We Do (Party) [cached]

Searching: Karmin: Hello

	Karmin: Hello [cached]

Searching: Lee Brice: Parking Lot Party

	Lee Brice: Parking Lot Party [cached]

Searching: T-Pain Featuring B.o.B: Up Down (Do This All Day)

	T-Pain: Up Down (Do This All Day) (feat. B.o.B) [cached]

Searching: ScHoolboy Q: Man Of The Year

	ScHoolboy Q: Man Of The Year [cached]

Searching: Nicki Minaj Featuring Skylar Grey: Bed Of Lies

	Nicki Minaj: Bed Of Lies [cached]

Searching: Randy Houser: Like A Cowboy

	Randy Houser: Like a Cowboy [cached]

Searching: A$AP Rocky: L$D

	A$AP Rocky: Praise The Lord (Da Shine) (feat. Skepta) [cached]

Searching: The Weeknd: Real Life

	The Weeknd: Real Life [cached]

Searching: Drake & Future: Digital Dash

	Drake: Digital Dash [cached]

Searching: Nelly Featuring Jeremih: The Fix

	Nelly: The Fix (feat. Jeremih) [cached]

Searching: Andy Grammer: Good To Be Alive (Hallelujah)

	Andy Grammer: Good To Be Alive (Hallelujah) [cached]

Searching: Rihanna: Kiss It Better

	Rihanna: Kiss It Better [cached]

Searching: Dreezy Featuring Jeremih: Body

	Dreezy: Body [cached]

Searching: YG Featuring Drake & Kamaiyah: Why You Always Hatin?

	YG: Why You Always Hatin? [cached]

Searching: Tucker Beathard: Rock On

	 NOT FOUND

Searching: Migos: Call Casting

	Migos: Call Casting [cached]

Searching: Drake Featuring Young Thug: Ice Melts

	Drake: Ice Melts [cached]

Searching: Russ: Losin Control

	Russ: Losin Control [cached]

Searching: Calvin Harris Featuring Future & Khalid: Rollin

	Calvin Harris: Rollin (feat. Future & Khalid) [cached]

Searching: Chris Brown: Privacy

	Chris Brown: Privacy [cached]

Searching: Future & Young Thug: No Cap

	Future: No Cap [cached]

Searching: Walker Hayes: You Broke Up With Me

	Walker Hayes: You Broke Up with Me [cached]

Searching: Mason Ramsey: Famous

	Mason Ramsey: Famous [cached]

Searching: KIDS SEE GHOSTS: Freeee (Ghost Town, Pt. 2)

	KIDS SEE GHOSTS: Freeee (Ghost Town Pt. 2) [cached]

Searching: Ariana Grande: Everytime

	Ariana Grande: everytime [cached]

Searching: Lil Wayne: Open Safe

	Lil Wayne: Open Safe [cached]

Searching: Metro Boomin Featuring Travis Scott: Overdue

	Metro Boomin: Overdue (with Travis Scott) [cached]

Searching: Maren Morris: Rich

	Maren Morris: Rich [cached]

Searching: Lil Baby Featuring Meek Mill: Time

	Lil Baby: Time (feat. Meek Mill) [cached]

Searching: XXXTENTACION Featuring Kanye West & Travis Barker: One Minute

	XXXTENTACION: One Minute (feat. Kanye West & Travis Barker) [cached]

Searching: Silk City x Dua Lipa: Electricity

	Silk City: Electricity (with Dua Lipa) [cached]

Searching: Iggy Azalea: Sally Walker

	Iggy Azalea: Sally Walker [cached]

Searching: Ella Mai: Shot Clock

	Ella Mai: Shot Clock [cached]

Searching: Billie Eilish: Ilomilo

	Billie Eilish: ilomilo - Live From The Film - Billie Eilish: The World’s A Little Blurry [cached]

Searching: Lil Peep & iLoveMakonnen Featuring Fall Out Boy: I've Been Waiting

	Lil Peep: I've Been Waiting (w/ ILoveMakonnen & Fall Out Boy) [cached]

Searching: Taylor Swift: London Boy

	Taylor Swift: London Boy [cached]

Searching: YoungBoy Never Broke Again: Carter Son

	YoungBoy Never Broke Again: Carter Son [cached]

Searching: Lil Mosey x Gunna: Stuck In A Dream

	Lil Mosey: Stuck In A Dream (feat. Gunna) [cached]

Searching: Harry Styles: Falling

	Harry Styles: Falling [cached]

Searching: Jason Aldean: We Back

	Jason Aldean: We Back [cached]

Searching: Lil Uzi Vert: Moon Relate

	Lil Uzi Vert: Moon Relate [cached]

Searching: Regard: Ride It.

	Regard: Ride It [cached]

Searching: Polo G: 21

	Polo G: 21 [cached]

Searching: Migos Featuring YoungBoy Never Broke Again: Need It

	Migos: Need It [cached]

Searching: Black Eyed Peas, Ozuna + J.Rey Soul: Mamacita

	Black Eyed Peas: MAMACITA [cached]

Searching: Rod Wave: Letter From Houston

	Rod Wave: Letter From Houston [cached]

Searching: Lil Durk: The Voice

	Lil Durk: Finesse Out The Gang Way (feat. Lil Baby) [cached]

Searching: Carrie Underwood: Favorite Time Of Year

	Carrie Underwood: Favorite Time Of Year - Amazon Original

Searching: Lil Durk: Backdoor

	Lil Durk: Backdoor [cached]

Searching: Morgan Wallen: Dangerous

	Morgan Wallen: Dangerous [cached]

Searching: Billie Eilish & ROSALIA: Lo Vas A Olvidar

	Billie Eilish: Lo Vas A Olvidar (with ROSALÍA) [cached]

Searching: Justin Bieber Featuring The Kid LAROI: Unstable

	Justin Bieber: Unstable (feat. The Kid LAROI) [cached]

Searching: Eminem Featuring Jack Harlow & Cordae: Killer

	Eminem: Killer (feat. Jack Harlow & Cordae) - Remix [cached]

Searching: Los Legendarios, Wisin & Jhay Cortez: Fiel

	Los Legendarios: Fiel [cached]

Searching: Doja Cat: Woman

	Doja Cat: Woman [cached]

Searching: YoungBoy Never Broke Again: Break Or Make Me

	YoungBoy Never Broke Again: Break Or Make Me

Searching: Kenny Chesney: Knowing You

	Kenny Chesney: Knowing You [cached]
