Found 252/281 = 90%
29 not found: 
Jimmy Smith: Back At The Chicken Shack, Part 1
Fats Domino: Who Cares
The Vacels: You're My Baby (And Don't You Forget It)
James Brown At The Organ: Try Me
The Walker Bros.: My Ship Is Comin' In
The Holidays: I'll Love You Forever
The Gunter Kallmann Chorus: Wish Me A Rainbow
The Five Stairsteps: Oooh, Baby Baby
Richard Harris: Didn't We
Guy Drake: Welfare Cadilac
Lunar Funk: Mr. Penguin-Pt. I
Shawn Phillips: Lost Horizon
KC And The Sunshine Band: Do You Feel All Right
Buckeye: Where Will Your Heart Take You
Conductor: Voice On The Radio
Sneaker: Don't Let Me In
The J. Geils Band: Concealed Weapons
The Family: Screams Of Passion
Kingofthehill: If I Say
Tami Davis: How Do I Say I'm Sorry
Violator Featuring Busta Rhymes: What It Is
Master P Featuring Weebie: Ooohhhwee
Corey Featuring Lil' Romeo: Hush Lil' Lady
Christina Aguilera Featuring Missy Elliott: Car Wash
Shawnna Featuring Ludacris: Shake That Sh**
Ginuwine: Last Chance
Kris Allen: Let It Be
Chris Jamison & Adam Levine: Lost Without U
Sawyer Fredericks: Old Man
--------- log -----------
Searching: Jerry Lee Lewis And His Pumping Piano: High School Confidential

	Jerry Lee Lewis: High School Confidential [cached]

Searching: Toni Arden: Padre

	Toni Arden: Padre [cached]

Searching: Eydie Gorme: Gotta Have Rain

	Eydie Gormé: Gotta Have Rain [cached]

Searching: Peggy Lee: Light Of Love

	Peggy Lee: Light Of Love - Remastered [cached]

Searching: The Four Aces: The World Outside

	The Four Aces: The World Outside [cached]

Searching: Earl Grant: Evening Rain

	Earl Grant: Evening Rain [cached]

Searching: Cathy Carr: I'm Gonna Change Him

	Cathy Carr: I'm Gonna Change Him [cached]

Searching: Joni James: I Still Get Jealous

	Joni James: I Still Get Jealous [cached]

Searching: Al Martino: Darling, I Love You

	Al Martino: My Darling, I Love You [cached]

Searching: Jerry Fuller: Tennessee Waltz

	Jerry Fuller: Tennessee Waltz [cached]

Searching: LaVern Baker: Tiny Tim

	Lavern Baker & The Gliders: Tiny Tim [cached]

Searching: Johnny Cash: The Little Drummer Boy

	Johnny Cash: The Little Drummer Boy [cached]

Searching: Jacky Noguez And His Orchestra: Amapola

	Jacky Noguez: Amapola [cached]

Searching: Johnny Tillotson: Pledging My Love

	Johnny Tillotson: Pledging My Love [cached]

Searching: Little Willie John: A Cottage For Sale

	Little Willie John: A Cottage For Sale [cached]

Searching: Marv Johnson: All The Love I've Got

	Marv Johnson: All the Love I've Got [cached]

Searching: Jimmy Clanton: Come Back

	Jimmy Clanton: Come Back [cached]

Searching: Cowboy Copas: Alabam

	Cowboy Copas: Alabam [cached]

Searching: Jeanne Black: Oh, How I Miss You Tonight

	Jeanne Black: Oh How I Miss You Tonight [cached]

Searching: Billy Vaughn And His Orchestra: Orange Blossom Special

	Billy Vaughn: Orange Blossom Special [cached]

Searching: Bobby Vee: How Many Tears

	Bobby Vee: How Many Tears [cached]

Searching: Joe Barry: Teardrops In My Heart

	Joe Barry: Teardrops In My Heart [cached]

Searching: Floyd Cramer: Your Last Goodbye

	Floyd Cramer: Your Last Goodbye [cached]

Searching: Johnnie Morisette: Meet Me At The Twistin' Place

	Johnnie Morisette: Meet Me At the Twistin' Place [cached]

Searching: Floyd Cramer: Hot Pepper

	Floyd Cramer: Hot Pepper [cached]

Searching: Barbara Lynn: Second Fiddle Girl

	Barbara Lynn: Second Fiddle Girl [cached]

Searching: Jerry Butler: You Can Run (But You Can't Hide)

	Jerry Butler: You Can Run (But You Can't Hide) [cached]

Searching: The Majors: A Little Bit Now (A Little Bit Later)

	The Majors: A Little Bit Now (Original Mix) [cached]

Searching: Bent Fabric and His Piano: Chicken Feed

	Bent Fabricius-Bjerre: Chicken Feed [cached]

Searching: The Tornadoes: Ridin' The Wind

	The Tornados: Ridin` the Wind (Uk Version) [cached]

Searching: Jimmy Smith: Back At The Chicken Shack, Part 1
=========> Jimmy Smith: Back At Chicken Shack  Part 1

	 NOT FOUND

Searching: The Hippies (Formerly The Tams): Memory Lane

	The Hippies: Memory Lane [cached]

Searching: Bob B. Soxx And The Blue Jeans: Not Too Young To Get Married

	Bob B. Soxx & The Blue Jeans: Not Too Young To Get Married [cached]

Searching: Brian Hyland: I'm Afraid To Go Home

	Brian Hyland: I'm Afraid To Go Home [cached]

Searching: Etta James: Two Sides (To Every Story)

	Etta James: Two Sides (To Every Story) [cached]

Searching: Fats Domino: Who Cares

	 NOT FOUND

Searching: Rick Nelson: Congratulations

	Ricky Nelson: Congratulations [cached]

Searching: Ben E. King: That's When It Hurts

	Ben E. King: That's When It Hurts [cached]

Searching: Bobby Vee: Hickory, Dick And Doc

	Bobby Vee: Hickory Dick And Doc [cached]

Searching: The Shirelles: Thank You Baby

	The Shirelles: Thank You Baby [cached]

Searching: Ramsey Lewis Trio: Something You Got

	Ramsey Lewis Trio: Something You Got - Live [cached]

Searching: Irma Thomas: He's My Guy

	Irma Thomas: He's My Guy [cached]

Searching: The Vacels: You're My Baby (And Don't You Forget It)
=========> Vacels: You re My Baby

	 NOT FOUND

Searching: The Astors: Candy

	The Astors: Candy - 2012 Remaster [cached]

Searching: Bobby Bland: These Hands (Small But Mighty)

	Bobby "Blue" Bland: These Hands (Small But Mighty) [cached]

Searching: The Vibrations: Misty

	The Vibrations: Misty [cached]

Searching: James Brown At The Organ: Try Me
=========> James Brown At Organ: Try Me

	 NOT FOUND

Searching: Maxine Brown: If You Gotta Make A Fool Of Somebody

	Maxine Brown: If You Gotta Make A Fool Of Somebody [cached]

Searching: The Walker Bros.: My Ship Is Comin' In
=========> Walker Bros: My Ship Is Comin  In

	 NOT FOUND

Searching: The Byrds: It Won't Be Wrong

	The Byrds: It Won't Be Wrong [cached]

Searching: Jay & The Americans: Why Can't You Bring Me Home

	Jay & The Americans: Why Can't You Bring Me Home [cached]

Searching: Sarah Vaughan: A Lover's Concerto

	Sarah Vaughan: A Lover's Concerto [cached]

Searching: James Carr: You've Got My Mind Messed Up

	James Carr: You've Got My Mind Messed Up [cached]

Searching: The Holidays: I'll Love You Forever
=========> Holidays: I ll Love You Forever

	 NOT FOUND

Searching: Susan Christie: I Love Onions

	Susan Christie: I Love Onions [cached]

Searching: Howard Tate: Ain't Nobody Home

	Howard Tate: Ain't Nobody Home - Live [cached]

Searching: The Olympics: Baby, Do The Philly Dog

	The Olympics: Baby Do the Philly Dog [cached]

Searching: The Joe Cuba Sextet: Bang Bang

	Joe Cuba Sextet: Bang! Bang! [cached]

Searching: The Gunter Kallmann Chorus: Wish Me A Rainbow
=========> Gunter Kallmann Chorus: Wish Me A Rainbow

	 NOT FOUND

Searching: The Merry-Go-Round: Live

	The Merry-Go-Round: Live [cached]

Searching: The Fantastic Four: The Whole World Is A Stage

	The Fantastic Four: The Whole World Is A Stage [cached]

Searching: Elvis Presley With The Jordanaires: Long Legged Girl (With The Short Dress On)

	Elvis Presley: Long Legged Girl (With the Short Dress On) [cached]

Searching: King Curtis: Jump Back

	King Curtis: Jump Back [cached]

Searching: The Five Stairsteps: Oooh, Baby Baby
=========> Five Stairsteps: Oooh  Baby Baby

	 NOT FOUND

Searching: Joe Tex: A Woman's Hands

	Joe Tex: A Woman's hands [cached]

Searching: The Music Explosion: Sunshine Games

	Music Explosion: Sunshine Games - Remastered [cached]

Searching: Leon Haywood: It's Got To Be Mellow

	Leon Haywood: It's Got To Be Mellow [cached]

Searching: James Carr: A Man Needs A Woman

	James Carr: A Man Needs a Woman [cached]

Searching: 1910 Fruitgum Co.: May I Take A Giant Step (Into Your Heart)

	1910 Fruitgum Company: May I Take a Giant Step (Into Your Heart) [cached]

Searching: Tammy Wynette: D-I-V-O-R-C-E

	Tammy Wynette: D-I-V-O-R-C-E [cached]

Searching: Percy Sledge: Sudden Stop

	Percy Sledge: Sudden Stop [cached]

Searching: The Band: The Weight

	The Band: The Weight - Remastered [cached]

Searching: The Marvelettes: Destination: Anywhere

	The Marvelettes: Destination: Anywhere [cached]

Searching: The Fireballs: Come On, React!

	The Fireballs: Come on React [cached]

Searching: O.C. Smith: Isn't It Lonely Together

	O.C. Smith: Isn't It Lonely Together [cached]

Searching: Dion: Purple Haze

	Dion: Purple Haze [cached]

Searching: Gladys Knight And The Pips: Didn't You Know (You'd Have To Cry Sometime)

	Gladys Knight & The Pips: Didn't You Know (You'd Have To Cry Sometime) [cached]

Searching: Gary Lewis And The Playboys: Rhythm Of The Rain

	Gary Lewis & The Playboys: Rhythm Of The Rain - Mono [cached]

Searching: Herb Alpert: Without Her

	Herb Alpert: Town Without Pity [cached]

Searching: Richard Harris: Didn't We
=========> Richard Harris: Didn t We

	 NOT FOUND

Searching: The Monkees: Listen To The Band

	The Monkees: Listen to the Band - Single Version [cached]

Searching: The Beach Boys: Break Away

	The Beach Boys: Break Away [cached]

Searching: The Friends Of Distinction: Let Yourself Go

	The Friends Of Distinction: Let Yourself Go [cached]

Searching: Funkadelic: I'll Bet You

	Funkadelic: I'll Bet You [cached]

Searching: Lou Rawls: I Can't Make It Alone

	Lou Rawls: I Can't Make It Alone [cached]

Searching: Otis Leavill: I Love You

	Otis Leavill: I Love You [cached]

Searching: Guy Drake: Welfare Cadilac

	 NOT FOUND

Searching: Lynn Anderson: You're My Man

	Lynn Anderson: You're My Man - Single Version [cached]

Searching: Lynn Anderson: How Can I Unlove You

	Lynn Anderson: How Can I Unlove You [cached]

Searching: Diana Ross: I'm Still Waiting

	Diana Ross: I'm Still Waiting [cached]

Searching: Ray Stevens: Turn Your Radio On

	Ray Stevens: Turn Your Radio On [cached]

Searching: Lunar Funk: Mr. Penguin-Pt. I
=========> Lunar Funk: Mr  Penguin

	 NOT FOUND

Searching: Kris Kristofferson: Josie

	Kris Kristofferson: Josie [cached]

Searching: The Undisputed Truth: Papa Was A Rollin' Stone

	The Undisputed Truth: Papa Was A Rollin' Stone [cached]

Searching: Bettye Swann: Victim Of A Foolish Heart

	Bettye Swann: Victim of a Foolish Heart - Single Version; 2007 Remaster [cached]

Searching: Beverly Bremers: I'll Make You Music

	Beverly Bremers: I'll Make You Music [cached]

Searching: Mac Davis: Everybody Loves A Love Song

	Mac Davis: Everybody Loves A Love Song [cached]

Searching: Valerie Simpson: Silly Wasn't I

	Valerie Simpson: Silly Wasn't I [cached]

Searching: Shawn Phillips: Lost Horizon

	 NOT FOUND

Searching: Candi Staton: Do It In The Name Of Love

	Candi Staton: Do It In the Name of Love [cached]

Searching: Albert Hammond: If You Gotta Break Another Heart

	Albert Hammond: If You Gotta Break Another Heart [cached]

Searching: Harold Melvin And The Blue Notes: Yesterday I Had The Blues

	Harold Melvin & The Blue Notes: Yesterday I Had the Blues (feat. Teddy Pendergrass) [cached]

Searching: The Hues Corporation: Freedom For The Stallion

	Hues Corporation: Freedom for the Stallion [cached]

Searching: Steely Dan: My Old School

	Steely Dan: My Old School [cached]

Searching: Frank Sinatra: Let Me Try Again (Laisse Moi Le Temps)

	Frank Sinatra: Let Me Try Again (Laisse Moi le Temps) [cached]

Searching: Barbra Streisand: All In Love Is Fair

	Barbra Streisand: All in Love Is Fair [cached]

Searching: The Undisputed Truth: Help Yourself

	The Undisputed Truth: Help Yourself [cached]

Searching: Love Unlimited Orchestra: Rhapsody In White

	The Love Unlimited Orchestra: Rhapsody In White [cached]

Searching: Tom T. Hall: That Song Is Driving Me Crazy

	Tom T. Hall: That Song Is Driving Me Crazy [cached]

Searching: The Chi-lites: There Will Never Be Any Peace (Until God Is Seated At The Conference Table)

	The Chi-Lites: There Will Never Be Any Peace (Until God Is Seated At The Conference Table) [cached]

Searching: Don Covay: It's Better To Have (and Don't Need)

	Don Covay: It's Better To Have (And Don't Need) [cached]

Searching: Parliament: Up For The Down Stroke

	Parliament: Up For The Down Stroke [cached]

Searching: Kool & The Gang: Rhyme Tyme People

	Kool & The Gang: Rhyme-Tyme People [cached]

Searching: Lana Cantrell: Like A Sunday Morning

	Lana Cantrell: Like A Sunday Morning [cached]

Searching: Linda Ronstadt: Love Is A Rose

	Linda Ronstadt: Love Is a Rose [cached]

Searching: Ambrosia: Nice, Nice, Very Nice

	Ambrosia: Nice, Nice, Very Nice [cached]

Searching: Prelude: For A Dancer

	Prelude: For a Dancer [cached]

Searching: Conway Twitty with Joni Lee: Don't Cry Joni

	Conway Twitty: Don't Cry Joni [cached]

Searching: Jim Croce: Chain Gang Medley

	Jim Croce: Chain Gang Medley [cached]

Searching: Graham Central Station: The Jam

	Graham Central Station: The Jam [cached]

Searching: The Isley Brothers: Harvest For The World

	The Isley Brothers: Harvest for the World, Pt. 1 - Single Version [cached]

Searching: Vicki Sue Robinson: Daylight

	Vicki Sue Robinson: Daylight [cached]

Searching: George Benson: Breezin'

	George Benson: Breezin' [cached]

Searching: Robert Palmer: Man Smart, Woman Smarter

	Robert Palmer: Man Smart, Woman Smarter [cached]

Searching: The Isley Brothers: The Pride (Part I)

	The Isley Brothers: The Pride, Pts. 1 & 2 [cached]

Searching: Bruce Foster: Platinum Heroes

	Bruce Stephen Foster: Platinum Heros - Re-Imagined [cached]

Searching: Brooklyn Dreams: Sad Eyes

	Brooklyn Dreams: Sad Eyes [cached]

Searching: Chicago: Take Me Back To Chicago

	Chicago: Take Me Back to Chicago [cached]

Searching: Ronnie Milsap: Only One Love In My Life

	Ronnie Milsap: Only One Love In My Life [cached]

Searching: KC And The Sunshine Band: Do You Feel All Right
=========> KC: Do You Feel All Right

	 NOT FOUND

Searching: Fotomaker: Miles Away

	Fotomaker: Miles Away [cached]

Searching: Eddie Money: Can't Keep A Good Man Down

	Eddie Money: Can't Keep a Good Man Down [cached]

Searching: Buckeye: Where Will Your Heart Take You

	 NOT FOUND

Searching: Crystal Gayle: It's Like We Never Said Goodbye

	Crystal Gayle: It's Like We Never Said Goodbye [cached]

Searching: Amii Stewart & Johnny Bristol: My Guy/My Girl

	Amii Stewart: My Guy, My Girl [cached]

Searching: T.S. Monk: Bon Bon Vie (Gimme The Good Life)

	T.S. Monk: Bon bon vie - Gimme the Good Life [cached]

Searching: Hawks: Right Away

	The Hawks: Right Away [cached]

Searching: Carpenters: Those Good Old Dreams

	Carpenters: Those Good Old Dreams [cached]

Searching: Conductor: Voice On The Radio
=========> Conductor: Voice On Radio

	 NOT FOUND

Searching: Sneaker: Don't Let Me In
=========> Sneaker: Don t Let Me In

	 NOT FOUND

Searching: ABBA: The Visitors

	ABBA: The Visitors [cached]

Searching: Karla Bonoff: Please Be The One

	Karla Bonoff: Please Be The One [cached]

Searching: Eddie Money: Shakin'

	Eddie Money: Shakin' [cached]

Searching: Little Steven: Forever

	Little Steven: Forever [cached]

Searching: Missing Persons: Windows

	Missing Persons: Windows [cached]

Searching: Marty Balin: What Love Is

	Marty Balin: What Love Is [cached]

Searching: Todd Rundgren: Bang The Drum All Day

	Todd Rundgren: Bang the Drum All Day - 2015 Remaster [cached]

Searching: "Weird Al" Yankovic: Ricky

	"Weird Al" Yankovic: Ricky [cached]

Searching: Jarreau: Trouble In Paradise

	Al Jarreau: Trouble in Paradise [cached]

Searching: Survivor: The Moment Of Truth

	Survivor: The Moment Of The Truth [cached]

Searching: M + M: Black Stations/White Stations

	Martha and the Muffins: Black Stations / White Stations [cached]

Searching: The J. Geils Band: Concealed Weapons
=========> J  Geils Band: Concealed Weapons

	 NOT FOUND

Searching: Isley, Jasper, Isley: Kiss and Tell

	Isley, Jasper, Isley: Kiss and Tell [cached]

Searching: George Thorogood & The Destroyers: Willie & The Hand Jive

	George Thorogood & The Destroyers: Willie And The Hand Jive [cached]

Searching: The Family: Screams Of Passion
=========> Family: Screams Of Passion

	 NOT FOUND

Searching: Orchestral Manoeuvres In The Dark: Secret

	Orchestral Manoeuvres In The Dark: Secret [cached]

Searching: Prince And The Revolution: Anotherloverholenyohead

	Prince: Anotherloverholenyohead [cached]

Searching: Depeche Mode: Never Let Me Down Again

	Depeche Mode: Never Let Me Down Again [cached]

Searching: Prince: Hot Thing

	Prince: Hot Thing [cached]

Searching: Roxanne: Play That Funky Music

	Roxanne: Play That Funky Music [cached]

Searching: Mike + The Mechanics: Nobody's Perfect

	Mike & The Mechanics: Nobody's Perfect [cached]

Searching: Traveling Wilburys: End Of The Line

	Traveling Wilburys: End Of The Line [cached]

Searching: Robbie Nevil: Somebody Like You

	Robbie Nevil: Somebody Like You [cached]

Searching: Wang Chung: Praying To A New God

	Wang Chung: Praying To A New God [cached]

Searching: Saraya: Back To The Bullet

	Saraya: Back to the Bullet [cached]

Searching: Calloway: All The Way

	Cab Calloway & His Orchestra: All at Once [cached]

Searching: George LaMond: Look Into My Eyes

	George Lamond: Look Into My Eyes [cached]

Searching: Bell Biv DeVoe: When Will I See You Smile Again?

	Bell Biv DeVoe: When Will I See You Smile Again? - Video Version [cached]

Searching: Timmy T.: Over And Over

	Timmy Trumpet: Deja-Vu - Dimatik & Overdrive Remix [cached]

Searching: Kingofthehill: If I Say

	 NOT FOUND

Searching: Marc Cohn: Silver Thunderbird

	Marc Cohn: Silver Thunderbird [cached]

Searching: Hi-C: I'm Not Your Puppet

	Hi-C: I'm Not Your Puppet [cached]

Searching: Motley Crue: Primal Scream

	Mötley Crüe: Primal Scream [cached]

Searching: Richie Sambora: Ballad Of Youth

	Richie Sambora: Ballad Of Youth [cached]

Searching: Troop: Whatever It Takes (To Make You Stay)

	Troop: Whatever It Takes (To Make You Stay) [cached]

Searching: Tag: The Way I Feel

	Tag: The Way I Feel [cached]

Searching: Kris Kross: I Missed The Bus

	Kris Kross: I Missed The Bus [cached]

Searching: Maxi Priest: Groovin' In The Midnight

	Maxi Priest: Groovin' In The Midnight [cached]

Searching: Shai: Yours

	Shai: Baby I'm Yours [cached]

Searching: Mary J. Blige: You Don't Have To Worry

	Mary J. Blige: You Don't Have To Worry - Remix Main With Rap [cached]

Searching: Sagat: Funk Dat/Why Is It?

	Sagat: Funk Dat [cached]

Searching: Aretha Franklin: A Deeper Love (From "Sister Act 2")

	Aretha Franklin: A Deeper Love [cached]

Searching: Nuttin' Nyce: Froggy Style

	Nuttin' Nyce: Froggy Style - Fingers Street Style [cached]

Searching: The Click: Hurricane

	The Click: Hurricane [cached]

Searching: L.V.: Throw Your Hands Up

	L.V.: Throw Your Hands Up - Treach Version [cached]

Searching: Soul Asylum: Promises Broken

	Soul Asylum: Promises Broken [cached]

Searching: Puff Johnson: Forever More

	Puff Johnson: Forever More [cached]

Searching: Wild Orchid: At Night I Pray

	Wild Orchid: At Night I Pray [cached]

Searching: Kenny G: The Moment

	Kenny G: The Moment [cached]

Searching: Abra Moore: Four Leaf Clover

	Abra Moore: Four Leaf Clover [cached]

Searching: Lutricia McNeal: Ain't That Just The Way

	Lutricia McNeal: Ain't That Just the Way [cached]

Searching: Keith Washington: Bring It On

	Keith Washington: Bring It On [cached]

Searching: Tracy Byrd: I'm From The Country

	Tracy Byrd: I'm From The Country - Single Version [cached]

Searching: Nutta Butta Featuring Teddy Riley And Anonymous: Freak Out

	Nutta Butta: Freak Out - Soundtrack Version (Edit) [cached]

Searching: Tami Davis: How Do I Say I'm Sorry
=========> Tami Davis: How Do I Say I m Sorry

	 NOT FOUND

Searching: A+: Enjoy Yourself

	A+: Enjoy Yourself [cached]

Searching: U2: Sweetest Thing

	U2: Sweetest Thing [cached]

Searching: Prince: The Greatest Romance Ever Sold

	Prince: The Greatest Romance Ever Sold [cached]

Searching: Mary J. Blige: Deep Inside

	Mary J. Blige: Deep Inside [cached]

Searching: Joe: Treat Her Like A Lady

	Joe: Treat Her Like A Lady [cached]

Searching: Billy Gilman: Oklahoma

	Billy Gilman: Oklahoma [cached]

Searching: The Black Eyed Peas Featuring Macy Gray: Request Line

	Black Eyed Peas: Request + Line/ Empire Strikes Black [cached]

Searching: Violator Featuring Busta Rhymes: What It Is
=========> Violator: What It Is

	 NOT FOUND

Searching: Lonestar: With Me

	Lonestar: With Me [cached]

Searching: Master P Featuring Weebie: Ooohhhwee
=========> Master P: Ooohhhwee

	 NOT FOUND

Searching: Corey Featuring Lil' Romeo: Hush Lil' Lady
=========> Corey: Hush Lil  Lady

	 NOT FOUND

Searching: Staind: For You

	Staind: For You [cached]

Searching: Joe: What If A Woman

	Joe: What If A Woman [cached]

Searching: Shania Twain: Up!

	Shania Twain: Up! - Red Version [cached]

Searching: Marques Houston: That Girl

	Marques Houston: That Girl [cached]

Searching: Good Charlotte: Hold On

	Good Charlotte: Hold On [cached]

Searching: Frankee: F.U.R.B. (F U Right Back)

	Frankee: F.U.R.B. (F U Right Back) [cached]

Searching: Blue County: Good Little Girls

	Blue County: Good Little Girls [cached]

Searching: Jimmy Buffett With Clint Black, Kenny Chesney, Alan Jackson, Toby Keith & George Strait: Hey Good Lookin'

	Jimmy Buffett: Hey Good Lookin' [cached]

Searching: Christina Aguilera Featuring Missy Elliott: Car Wash
=========> Christina Aguilera: Car Wash

	 NOT FOUND

Searching: Shawnna Featuring Ludacris: Shake That Sh**
=========> Shawnna: Shake That Sh

	 NOT FOUND

Searching: Jo Dee Messina: My Give A Damn's Busted

	Jo Dee Messina: My Give A Damn's Busted [cached]

Searching: Lonestar: You're Like Comin' Home

	Lonestar: You're Like Comin' Home [cached]

Searching: Jack Ingram: Wherever You Are

	Jack Ingram: Wherever You Are - Live [cached]

Searching: CSS: Music Is My Hot Hot Sex

	CSS: Music Is My Hot, Hot Sex [cached]

Searching: JAY-Z: Roc Boys (And The Winner Is)...

	JAY-Z: Roc Boys (And The Winner Is)... [cached]

Searching: Aly & AJ: Like Whoa

	Aly & AJ: Like Whoa [cached]

Searching: Natasha Bedingfield: Angel

	Natasha Bedingfield: Tricky Angel [cached]

Searching: Keyshia Cole Featuring 2Pac: Playa Cardz Right

	Keyshia Cole: Playa Cardz Right [cached]

Searching: The Offspring: You're Gonna Go Far, Kid

	The Offspring: You're Gonna Go Far, Kid [cached]

Searching: David Cook: Come Back To Me

	David Cook: Come Back to Me [cached]

Searching: Jennifer Hudson: If This Isn't Love

	Jennifer Hudson: If This Isn't Love [cached]

Searching: Seether: Careless Whisper

	Seether: Careless Whisper [cached]

Searching: Mary J. Blige Featuring Drake: The One

	Mary J. Blige: The Living Proof [cached]

Searching: Ginuwine: Last Chance

	 NOT FOUND

Searching: Eric Church: Love Your Love The Most

	Eric Church: Love Your Love The Most [cached]

Searching: Glee Cast: Last Christmas

	Glee Cast: Last Christmas [cached]

Searching: Kris Allen: Let It Be

	 NOT FOUND

Searching: Taylor Swift: Haunted

	Taylor Swift: Haunted [cached]

Searching: George Strait: The Breath You Take

	George Strait: The Breath You Take [cached]

Searching: Trey Songz: Love Faces

	Trey Songz: Love Faces [cached]

Searching: Fabolous: You Be Killin Em

	Fabolous: You Be Killin Em [cached]

Searching: Adele: Turning Tables

	Adele: Turning Tables [cached]

Searching: Blake Shelton: Footloose

	Blake Shelton: Footloose [cached]

Searching: Justin Moore: Bait A Hook

	Justin Moore: Bait A Hook [cached]

Searching: Wiz Khalifa Featuring The Weeknd: Remember You

	Wiz Khalifa: Remember You (feat. The Weeknd) [cached]

Searching: Kacey Musgraves: Merry Go 'round

	Kacey Musgraves: Merry Go 'Round [cached]

Searching: Chris Young: I Can Take It From There

	Chris Young: I Can Take It From There [cached]

Searching: French Montana: Ain't Worried About Nothin

	French Montana: Ain't Worried About Nothin [cached]

Searching: Band Aid 30: Do They Know It's Christmas? (2014)

	Band Aid 30: Do They Know It's Christmas? - 2014 [cached]

Searching: Chris Jamison & Adam Levine: Lost Without U
=========> Chris Jamison: Lost Without U

	 NOT FOUND

Searching: Sawyer Fredericks: Old Man

	 NOT FOUND

Searching: Janet Featuring J. Cole: No Sleeep

	Janet Jackson: No Sleeep (feat. J. Cole) [cached]

Searching: Ty Dolla $ign Featuring Future & Rae Sremmurd: Blase

	Ty Dolla $ign: Blasé (feat. Future & Rae Sremmurd) - Louis the Child Remix [cached]

Searching: Shakira: Try Everything

	Shakira: Try Everything [cached]

Searching: Beyonce Featuring James Blake: Forward

	Beyoncé: Forward (feat. James Blake) [cached]

Searching: Kendrick Lamar: Duckworth.

	Kendrick Lamar: DUCKWORTH. [cached]

Searching: JAY-Z Featuring Frank Ocean: Caught Their Eyes

	JAY-Z: Caught Their Eyes [cached]

Searching: Wisin Featuring Ozuna: Escapate Conmigo

	Wisin: Escápate Conmigo (feat. Ozuna) [cached]

Searching: Kenny Chesney: All The Pretty Girls

	Kenny Chesney: All the Pretty Girls [cached]

Searching: Khalid & Swae Lee: The Ways

	Khalid: The Ways (with Swae Lee) [cached]

Searching: Lil Yachty Featuring NBA YoungBoy: NBAYoungboat

	Lil Yachty: NBAYOUNGBOAT [cached]

Searching: A$AP Rocky Featuring Moby: A$AP Forever

	A$AP Rocky: A$AP Forever (feat. Moby) [cached]

Searching: Blake Shelton: I Lived It

	Blake Shelton: I Lived It [cached]

Searching: Queen Naija: Karma

	Queen Naija: Karma [cached]

Searching: Backstreet Boys: Don't Go Breaking My Heart

	Backstreet Boys: Don't Go Breaking My Heart [cached]

Searching: Kygo Featuring Miguel: Remind Me To Forget

	Kygo: Remind Me to Forget [cached]

Searching: Lady Gaga: Is That Alright?

	Lady Gaga: Is That Alright? [cached]

Searching: Chris Young: Hangin' On

	Chris Young: Hangin' On [cached]

Searching: Tyga & Nicki Minaj: Dip

	Tyga: Dip (feat. Nicki Minaj) [cached]

Searching: Ski Mask The Slump God Featuring Juice WRLD: Nuketown

	Ski Mask The Slump God: Nuketown (feat. Juice WRLD) [cached]

Searching: Midland: Burn Out

	Midland: Burn Out [cached]

Searching: Billie Eilish: Listen Before I Go

	Billie Eilish: listen before i go [cached]

Searching: Kygo X Whitney Houston: Higher Love

	Kygo: Higher Love [cached]

Searching: Taylor Swift Featuring Dixie Chicks: Soon You'll Get Better

	Taylor Swift: Soon You’ll Get Better (feat. The Chicks) [cached]

Searching: DaBaby Featuring Stunna 4 Vegas: REALLY

	DaBaby: REALLY (feat. Stunna 4 Vegas) [cached]

Searching: Kanye West: Jesus Is Lord

	Kanye West: Jesus Is Lord [cached]

Searching: Niall Horan: Nice To Meet Ya

	Niall Horan: Nice To Meet Ya [cached]

Searching: Mac Miller: Complicated

	Mac Miller: Complicated [cached]

Searching: Bad Bunny: Pero Ya No

	Bad Bunny: Pero Ya No [cached]

Searching: DaBaby: CAN'T STOP

	DaBaby: CAN'T STOP [cached]

Searching: J Balvin, Dua Lipa, Bad Bunny & Tainy: Un Dia (One Day)

	J Balvin: UN DIA (ONE DAY) [cached]

Searching: Chloe X Halle: Do It

	Chloe x Halle: Do It [cached]

Searching: Ariana Grande: Six Thirty

	Ariana Grande: six thirty [cached]

Searching: The Kid LAROI: Without You

	The Kid LAROI: WITHOUT YOU [cached]

Searching: Taylor Swift Featuring The National: Coney Island

	Taylor Swift: coney island (feat. The National) [cached]
