Found 252/279 = 90%
27 not found: 
Red River Dave: There's A Star Spangled Banner Waving #2 (The Ballad Of Francis Powers)
Donald Jenkins & The Delighters: (Native Girl) Elephant Walk
Robert Maxwell His Harp And Orchestra: Peg O' My Heart
The Jewels: Opportunity
The Sunglows: Peanuts (La Cacahuata)
Dionne Warwick: Looking With My Eyes
The Greenwoods: Please Don't Sell My Daddy No More Wine
Ray Charles and his Orchestra: Please Say You're Fooling
Solomon Burke: Keep A Light In The Window Till I Come Home
Ray Charles: That's A Lie
The Bells: I Love You Lady Dawn
The Heywoods: Special Someone
Lois Fletcher: I Am What I Am
Five Man Electrical Band: Werewolf
B.J. Thomas: Help Me Make It (To My Rockin' Chair)
Cheryl Barnes/Hair Soundtrack: Easy To Be Hard
Band Of Gold: Medley: Love Songs Are Back Again
Tom Kimmel: That's Freedom
The Kane Gang: Don't Look Any Further
Good 2 Go: Never Satisfied
Goodfellaz: Sugar Honey Ice Tea
Randy Travis: Out Of My Bones
Missy "Misdemeanor" Elliott Featuring Big Boi & Nicole: All N My Grill
Monica: Just Another Girl
O-Town: These Are The Days
Bird York: In The Deep
Tessanne Chin: Bridge Over Troubled Water
--------- log -----------
Searching: Eddie Fontaine: Nothin' Shakin'

	Eddie Fontaine: Nothin' Shakin' [cached]

Searching: The Trumpeteers: A String Of Trumpets

	The Trumpeteers: A String of Trumpets [cached]

Searching: Roger Smith: Beach Time

	Roger Smith: Beach Time [cached]

Searching: Ruth Brown: I Don't Know

	Ruth Brown: I Don't Know [cached]

Searching: Ray Peterson: Goodnight My Love (Pleasant Dreams)

	Ray Peterson: Goodnight My Love (Pleasant Dreams) [cached]

Searching: Chuck Berry: Let It Rock

	Chuck Berry: Let It Rock - Single Version [cached]

Searching: Rosco Gordon: Just A Little Bit

	Rosco Gordon: Just A Little Bit [cached]

Searching: Sammy Masters: Rockin' Red Wing

	Sammy Masters: Rockin' Red Wing [cached]

Searching: Adam Wade: I Can't Help It

	Adam Wade: I Can't Help It [cached]

Searching: Red River Dave: There's A Star Spangled Banner Waving #2 (The Ballad Of Francis Powers)
=========> Red River Dave: There s A Star Spangled Banner Waving  2

	 NOT FOUND

Searching: Jimmie Rodgers: The Wreck Of The "John B"

	Jimmie Rodgers: The Wreck of the "John B" [cached]

Searching: Bud & Travis: Ballad Of The Alamo

	Bud & Travis: Ballad of the Alamo [cached]

Searching: Johnny Mathis: How To Handle A Woman

	Johnny Mathis: How to Handle a Woman - From the B'way Musical "Camelot" [cached]

Searching: Andy Williams: You Don't Want My Love

	Andy Williams: (In The Summertime) You Don't Want My Love [cached]

Searching: Pat Boone: The Exodus Song (This Land Is Mine)

	Pat Boone: The Exodus Song [cached]

Searching: The Dukays: The Girl's A Devil

	The Dukays: The Girls a Devil [cached]

Searching: Frank Sinatra: Granada

	Frank Sinatra: Granada [cached]

Searching: Andy Williams: Danny Boy

	Andy Williams: Danny Boy [cached]

Searching: Clarence Henry: On Bended Knees

	Clarence "Frogman" Henry: On Bended Knees [cached]

Searching: Jimmy McCracklin: Just Got To Know

	Jimmy McCracklin: Just Got to Know [cached]

Searching: The Highwaymen: The Bird Man

	The Highwaymen: The Bird Man [cached]

Searching: Dick Roman: (Theme from) A Summer Place

	Dick Roman: Theme From 'A Summer Place' [cached]

Searching: Del Shannon: The Swiss Maid

	Del Shannon: The Swiss Maid [cached]

Searching: Buddy Greco: Mr. Lonely

	Buddy Greco: Mr. Lonely [cached]

Searching: Frank Sinatra & Sammy Davis Jr.: Me And My Shadow

	Frank Sinatra: Me and My Shadow - 2016 Remaster [cached]

Searching: Etta James: Would It Make Any Difference To You

	Etta James: Would It Make Any Difference To You [cached]

Searching: Richard Chamberlain: Hi-Lili, Hi-Lo

	Richard Chamberlain: Hi-Lili, Hi-Lo [cached]

Searching: The Contours: Don't Let Her Be Your Baby

	The Contours: Don't Let Her Be Your Baby - Remastered [cached]

Searching: Kenny Chandler: Heart

	Kenny Chandler: Heart [cached]

Searching: Steve Allen: Gravy Waltz

	Steve Allen: Gravy Waltz [cached]

Searching: Wilson Pickett: If You Need Me

	Wilson Pickett: If You Need Me [cached]

Searching: Link Wray And The Wraymen: Jack The Ripper

	Link Wray: Jack the Ripper [cached]

Searching: Gene McDaniels: It's A Lonely Town (Lonely Without You)

	Gene McDaniels: It's A Lonely Town [cached]

Searching: Donald Jenkins & The Delighters: (Native Girl) Elephant Walk
=========> Donald Jenkins: Elephant Walk

	 NOT FOUND

Searching: Timi Yuro: Gotta Travel On

	Timi Yuro: Gotta Travel On [cached]

Searching: Bobby Darin: Be Mad Little Girl

	Bobby Darin: Be Mad Little Girl [cached]

Searching: The Raindrops: That Boy John

	The Raindrops: That Boy John [cached]

Searching: Ruby And The Romantics: Our Everlasting Love

	Ruby And The Romantics: Our Everlasting Love [cached]

Searching: Gloria Lynne: I Should Care

	Gloria Lynne: I Should Care [cached]

Searching: The Coasters: T'ain't Nothin' To Me

	The Coasters: T'Ain't Nothin' to Me - Live at the Apollo Theater, New York [cached]

Searching: Gene Pitney: Yesterday's Hero

	Gene Pitney: Yesterday's Hero [cached]

Searching: Robert Maxwell His Harp And Orchestra: Peg O' My Heart
=========> Robert Maxwell His Harp: Peg O  My Heart

	 NOT FOUND

Searching: The Orlons: Knock! Knock! (Who's There?)

	The Orlons: Knock! Knock! (Who's There?) [cached]

Searching: The Jewels: Opportunity
=========> Jewels: Opportunity

	 NOT FOUND

Searching: Major Lance: Sometimes I Wonder

	Major Lance: Sometimes I Wonder [cached]

Searching: Dean Martin: You'll Always Be The One I Love

	Dean Martin: You'll Always Be the One I Love [cached]

Searching: Richard Burton: Married Man

	Richard Burton: A Married Man - Bonus Track [cached]

Searching: The Velvelettes: He Was Really Sayin' Somethin'

	The Velvelettes: He Was Really Sayin' Somethin' - Single Version [cached]

Searching: Jerry Butler: Good Times

	Jerry Butler: Good Times - Live [cached]

Searching: The Arrows Featuring Davie Allan: Apache '65

	Davie Allan & The Arrows: Apache '65 [cached]

Searching: The 4 Seasons Featuring the "Sound of Frankie Valli": Toy Soldier

	Frankie Valli & The Four Seasons: Toy Soldier [cached]

Searching: The Sunglows: Peanuts (La Cacahuata)
=========> Sunglows: Peanuts

	 NOT FOUND

Searching: The Impressions: I Need You

	The Impressions: I Need Your Love [cached]

Searching: The Lettermen: Secretly

	The Lettermen: Secretly [cached]

Searching: Dionne Warwick: Looking With My Eyes

	 NOT FOUND

Searching: Patty Duke: Whenever She Holds You

	Patty Duke: Whenever She Holds You [cached]

Searching: Bob Lind: Remember The Rain

	Bob Lind: Remember The Rain [cached]

Searching: The Greenwoods: Please Don't Sell My Daddy No More Wine
=========> Greenwoods: Please Don t Sell My Daddy No More Wine

	 NOT FOUND

Searching: Sam & Dave: Said I Wasn't Gonna Tell Nobody

	Sam & Dave: Said I Wasn't Gonna Tell Nobody - Single Version [cached]

Searching: Joe Tex: I've Got To Do A Little Bit Better

	Joe Tex: I'Ve Got To Do A Little Bit Better [cached]

Searching: Lorraine Ellison: Stay With Me

	Lorraine Ellison: Stay with Me [cached]

Searching: Ray Charles and his Orchestra: Please Say You're Fooling
=========> Ray Charles: Please Say You re Fooling

	 NOT FOUND

Searching: Gene Pitney: Just One Smile

	Gene Pitney: Just One Smile [cached]

Searching: Solomon Burke: Keep A Light In The Window Till I Come Home
=========> Solomon Burke: Keep A Light In Window Till I Come Home

	 NOT FOUND

Searching: The Lewis & Clarke Expedition: I Feel Good (I Feel Bad)

	Ramsey Lewis: Don't It Feel Good [cached]

Searching: The Soulful Strings: Burning Spear

	The Soulful Strings: Burning Spear [cached]

Searching: Ray Charles: That's A Lie
=========> Ray Charles: That s A Lie

	 NOT FOUND

Searching: Jay And The Techniques: Baby Make Your Own Sweet Music

	Jay & The Techniques: Baby Make Your Own Sweet Music [cached]

Searching: Cream: Anyone For Tennis

	Cream: Anyone For Tennis [cached]

Searching: Frank Sinatra: My Way Of Life

	Frank Sinatra: My Way Of Life [cached]

Searching: Richard Harris: The Yard Went On Forever

	Richard Harris: The Yard Went On Forever [cached]

Searching: Jefferson Airplane: Crown Of Creation

	Jefferson Airplane: Crown of Creation [cached]

Searching: Dusty Springfield: Don't Forget About Me

	Dusty Springfield: Don't Forget About Me [cached]

Searching: Paul Anka: In The Still Of The Night

	Paul Anka: In the Still of the Night [cached]

Searching: Wilson Pickett: Born To Be Wild

	Wilson Pickett: Born to Be Wild [cached]

Searching: The Doors: Runnin' Blue

	The Doors: Runnin' Blue [cached]

Searching: The Lettermen: Shangri-La

	The Lettermen: Shangri-La - Remastered [cached]

Searching: The Beach Boys: Add Some Music To Your Day

	The Beach Boys: Add Some Music To Your Day - Remastered 2009 [cached]

Searching: The O'Jays: Deeper (In Love With You)

	The O'Jays: Deeper (In Love with You) [cached]

Searching: Brenda & The Tabulations: And My Heart Sang (Tra La La)

	Brenda And The Tabulations: And My Heart Sang (Tra La La) [cached]

Searching: The Ides Of March: Superman

	The Ides Of March: Superman [cached]

Searching: The Main Ingredient: You've Been My Inspiration

	The Main Ingredient: You've Been My Inspiration [cached]

Searching: Blue Mink: Our World

	Blue Mink: Our World [cached]

Searching: John Rowles: Cheryl Moana Marie

	John Rowles: Cheryl Moana Marie [cached]

Searching: King Curtis & The Kingpins: Whole Lotta Love

	King Curtis: Whole Lotta Love (Single Version) [cached]

Searching: Edwin Starr: Funky Music Sho Nuff Turns Me On

	Edwin Starr: Funky Music Sho Nuff Turns Me On [cached]

Searching: The Bells: I Love You Lady Dawn
=========> Bells: I Love You Lady Dawn

	 NOT FOUND

Searching: Gordon Lightfoot: Talking In Your Sleep

	Gordon Lightfoot: Talking in Your Sleep [cached]

Searching: Johnnie Taylor (The Soul Philosopher): Hijackin' Love

	Johnnie Taylor: Hijackin' Love [cached]

Searching: Nitty Gritty Dirt Band: Some Of Shelly's Blues

	Nitty Gritty Dirt Band: Some Of Shelly's Blues [cached]

Searching: Steppenwolf: For Ladies Only

	Steppenwolf: For Ladies Only [cached]

Searching: Grateful Dead: Truckin'

	Grateful Dead: Truckin' - 2013 Remaster [cached]

Searching: Lighthouse: Take It Slow (Out In The Country)

	lighthouse: Take It Slow (Out In The Country) [cached]

Searching: Ohio Players: Pain (Part I)

	Ohio Players: Pain [cached]

Searching: The Persuaders: Love Gonna Pack Up (And Walk Out)

	The Persuaders: Love Gonna Pack Up (And Walk Out) [cached]

Searching: Bobby Bland: Do What You Set Out To Do

	Bobby "Blue" Bland: Do What You Set Out To Do - Single Version [cached]

Searching: Goose Creek Symphony: (Oh Lord Won't You Buy Me A) Mercedes Benz

	Goose Creek Symphony: (Oh Lord Won't You Buy Me A) Mercedes Benz [cached]

Searching: The Trammps: Zing Went The Strings Of My Heart

	The Trammps: Zing! Went the Strings of My Heart [cached]

Searching: The Heywoods: Special Someone
=========> Heywoods: Special Someone

	 NOT FOUND

Searching: Cal Smith: The Lord Knows I'm Drinking

	Cal Smith: The Lord Knows I'm Drinking [cached]

Searching: Luther Ingram: Always

	Luther Ingram: Always [cached]

Searching: Tyrone Davis: Without You In My Life

	Tyrone Davis: Without You In My Life [cached]

Searching: Anne Murray: What About Me

	Anne Murray: What About Me - Live at the National Arts Centre [cached]

Searching: Eagles: Tequila Sunrise

	Eagles: Tequila Sunrise - 2013 Remaster [cached]

Searching: Jim Croce: It Doesn't Have To Be That Way

	Jim Croce: It Doesn't Have to Be That Way [cached]

Searching: Lois Fletcher: I Am What I Am

	 NOT FOUND

Searching: Five Man Electrical Band: Werewolf

	 NOT FOUND

Searching: David Bowie: Rebel Rebel

	David Bowie: Rebel Rebel - 2016 Remaster [cached]

Searching: B.B. King: Philadelphia

	B.B. King: Philadelphia [cached]

Searching: Jessi Colter: You Ain't Never Been Loved (Like I'm Gonna Love You)

	Jessi Colter: You Ain't Never Been Loved (Like I'm Gonna Love You) [cached]

Searching: B.J. Thomas: Help Me Make It (To My Rockin' Chair)
=========> B J  Thomas: Help Me Make It

	 NOT FOUND

Searching: David Bowie: TVC15

	David Bowie: TVC15 - 2016 Remaster [cached]

Searching: The Real Thing: You To Me Are Everything

	The Real Thing: You To Me Are Everything [cached]

Searching: Gino Vannelli: Love Of My Life

	Gino Vannelli: Love Of My Life [cached]

Searching: Lou Rawls: Groovy People

	Lou Rawls: Groovy People [cached]

Searching: Jefferson Starship: St. Charles

	Jefferson Starship: St. Charles - Remastered [cached]

Searching: Arthur Prysock: When Love Is New

	Arthur Prysock: When Love Is New [cached]

Searching: Carrie: I Gotta Keep Dancin'

	Carrie Lucas: I Gotta Keep Dancin' - Keep Smiling [cached]

Searching: Atlanta Rhythm Section: Dog Days

	Atlanta Rhythm Section: Dog Days [cached]

Searching: Kansas: Portrait (He Knew)

	Kansas: Portrait (He Knew) [cached]

Searching: Cheryl Barnes/Hair Soundtrack: Easy To Be Hard
=========> Cheryl Barnes: Easy To Be Hard

	 NOT FOUND

Searching: ABBA: Angeleyes

	ABBA: Angeleyes [cached]

Searching: Earth, Wind & Fire: Star

	Earth, Wind & Fire: Shining Star [cached]

Searching: Sister Sledge: Got To Love Somebody

	Sister Sledge: Got to Love Somebody [cached]

Searching: Styx: Borrowed Time

	Styx: Borrowed Time [cached]

Searching: Anne Murray: I'm Happy Just To Dance With You

	Anne Murray: I'm Happy Just To Dance With You [cached]

Searching: Lipps, Inc.: Rock It

	Lipps Inc.: Rock It - Edit [cached]

Searching: Stevie Wonder: Lately

	Stevie Wonder: Lately [cached]

Searching: Michael Stanley Band: Falling In Love Again

	Michael Stanley Band: Falling in Love Again [cached]

Searching: Rickie Lee Jones: A Lucky Guy

	Rickie Lee Jones: A Lucky Guy [cached]

Searching: Prism: Turn On Your Radar

	Prism: Turn On Your Radar [cached]

Searching: Rick James: Dance Wit' Me - Part 1

	Rick James: Dance Wit' Me [cached]

Searching: Axe: Now Or Never

	Axe: Now or Never [cached]

Searching: Robert Plant: Burning Down One Side

	Robert Plant: Burning down One Side - 2006 Remaster [cached]

Searching: Cliff Richard: The Only Way Out

	Cliff Richard: The Only Way Out - 2002 Remaster [cached]

Searching: Sheena Easton: I Wouldn't Beg For Water

	Sheena Easton: I Wouldn't Beg for Water [cached]

Searching: Janet Jackson: Young Love

	Janet Jackson: Young Love [cached]

Searching: The John Hall Band: Love Me Again

	John Hall Band: Love Me Again [cached]

Searching: The System: You Are In My System

	The System: You Are in My System [cached]

Searching: Saga: Wind Him Up

	Saga: Wind Him Up [cached]

Searching: Planet P: Why Me?

	Planet P Project: Why Me? [cached]

Searching: Donnie Iris: Do You Compute?

	Donnie Iris: Do You Compute? [cached]

Searching: Tony Carey: West Coast Summer Nights

	Tony Carey: West Coast Summer Nights [cached]

Searching: The Human League: The Lebanon

	The Human League: The Lebanon [cached]

Searching: Scorpions: Still Loving You

	Scorpions: Still Loving You [cached]

Searching: Billy Satellite: Satisfy Me

	Billy Satellite: Satisfy Me [cached]

Searching: The S.O.S. Band: Just The Way You Like It

	The S.O.S Band: Just The Way You Like It [cached]

Searching: Band Of Gold: Medley: Love Songs Are Back Again
=========> Band Of Gold: Medley  Love Songs Are Back Again

	 NOT FOUND

Searching: Fiona: Talk To Me

	Fiona: Talk to Me [cached]

Searching: Dokken: Alone Again

	Dokken: Alone Again [cached]

Searching: John Cafferty & The Beaver Brown Band: Small Town Girl

	John Cafferty & the Beaver Brown Band: Small Town Girl [cached]

Searching: Pretenders: My Baby

	Pretenders: My Baby - 2007 Remaster [cached]

Searching: Night Ranger: The Secret Of My Success

	Night Ranger: The Secret Of My Success [cached]

Searching: Tom Kimmel: That's Freedom
=========> Tom Kimmel: That s Freedom

	 NOT FOUND

Searching: KISS: Reason To Live

	KISS: Reason To Live [cached]

Searching: The Kane Gang: Don't Look Any Further
=========> Kane Gang: Don t Look Any Further

	 NOT FOUND

Searching: David Lee Roth: Stand Up

	David Lee Roth: Stand Up [cached]

Searching: Eurythmics: You Have Placed A Chill In My Heart

	Eurythmics: You Have Placed A Chill In My Heart - Remastered Version [cached]

Searching: New Order: Round & Round

	New Order: Round & Round - 2015 Remaster [cached]

Searching: Saraya: Love Has Taken Its Toll

	Saraya: Love Has Taken Its Toll [cached]

Searching: Jermaine Jackson: Don't Take It Personal

	Jermaine Jackson: Don't Take It Personal [cached]

Searching: Duran Duran: Violence Of Summer (Love's Taking Over)

	Duran Duran: Violence of Summer (Love's Taking Over) [cached]

Searching: Asia: Days Like These

	Asia: Days Like These [cached]

Searching: Prince: New Power Generation

	Prince: New Power Generation [cached]

Searching: Heart: Secret

	Heart: Secret [cached]

Searching: Brandon: Kisses In The Night

	Brandon: Kisses In The Night [cached]

Searching: Laissez Faire: In Paradise

	Laissez Faire: In Paradise [cached]

Searching: 2nd II None: If You Want It

	2nd II None: If You Want It [cached]

Searching: Good 2 Go: Never Satisfied

	 NOT FOUND

Searching: Nirvana: Lithium

	Nirvana: Lithium [cached]

Searching: Prince Markie Dee And The Soul Convention: Typical Reasons (Swing My Way)

	Prince Markie Dee And The Soul Convention: Typical Reasons (Swing My Way) [cached]

Searching: The Steve Miller Band: Wide River

	Steve Miller Band: Wide River [cached]

Searching: Joe: I'm In Luv

	Joe: I'm In Luv [cached]

Searching: Cracker: Low

	Cracker: Low [cached]

Searching: Max-A-Million: Take Your Time (Do It Right)

	Max-A-Million: Take Your Time (Do It Right) [cached]

Searching: Groove Theory: Keep Tryin'

	Groove Theory: Keep Tryin' [cached]

Searching: Goodie Mob: Soul Food

	Goodie Mob: Soul Food [cached]

Searching: Luke: Scarred (From "Eddie")

	Luke: Scarred [cached]

Searching: Goodfellaz: Sugar Honey Ice Tea

	 NOT FOUND

Searching: Paul McCartney: The World Tonight (From "Fathers' Day")

	Paul McCartney: The World Tonight - Remastered 2020 [cached]

Searching: Randy Travis: Out Of My Bones

	 NOT FOUND

Searching: WC Featuring Jon B.: Better Days

	WC: Better Days [cached]

Searching: The Kinleys: Somebody's Out There Watching

	The Kinleys: Somebody's Out There Watching [cached]

Searching: Dwight Yoakam: Crazy Little Thing Called Love

	Dwight Yoakam: Crazy Little Thing Called Love - 2002 Remaster [cached]

Searching: Missy "Misdemeanor" Elliott Featuring Big Boi & Nicole: All N My Grill
=========> Missy  Misdemeanor  Elliott: All N My Grill

	 NOT FOUND

Searching: Chely Wright: It Was

	Chely Wright: It Was [cached]

Searching: Kelly Price: As We Lay

	Kelly Price: As We Lay [cached]

Searching: Changing Faces: That Other Woman

	Changing Faces: That Other Woman [cached]

Searching: Kelly Price: You Should've Told Me

	Kelly Price: You Should've Told Me [cached]

Searching: Monica: Just Another Girl

	 NOT FOUND

Searching: Fuel: Bad Day

	Fuel: Bad Day [cached]

Searching: Martina McBride: When God-Fearin' Women Get The Blues

	Martina McBride: When God-Fearin Women Get The Blues - Spoken Word Intro Only [cached]

Searching: Tracy Byrd: Just Let Me Be In Love

	Tracy Byrd: Just Let Me Be In Love [cached]

Searching: Natalie Imbruglia: Wrong Impression

	Natalie Imbruglia: Wrong Impression [cached]

Searching: Goo Goo Dolls: Big Machine

	The Goo Goo Dolls: Big Machine [cached]

Searching: O-Town: These Are The Days
=========> O Town: These Are Days

	 NOT FOUND

Searching: Bowling For Soup: Girl All The Bad Guys Want

	Bowling For Soup: Girl All the Bad Guys Want [cached]

Searching: Avril Lavigne: Losing Grip

	Avril Lavigne: Losing Grip [cached]

Searching: The Offspring: Hit That

	The Offspring: Hit That [cached]

Searching: Mobb Deep: Got It Twisted

	Mobb Deep: Got It Twisted [cached]

Searching: Nelly: N Dey Say

	Nelly: N Dey Say - Album Version / Explicit [cached]

Searching: Jennifer Lopez Featuring Fat Joe: Hold You Down

	Jennifer Lopez: Hold You Down (feat. Fat Joe) [cached]

Searching: Joe Nichols: What's A Guy Gotta Do

	Joe Nichols: What's A Guy Gotta Do [cached]

Searching: Kenny Chesney: Keg In The Closet

	Kenny Chesney: Keg in the Closet [cached]

Searching: Keith Anderson: Pickin' Wildflowers

	Keith Anderson: Pickin' Wildflowers [cached]

Searching: Sheryl Crow: Good Is Good

	Sheryl Crow: Love Is A Good Thing [cached]

Searching: Korn: Twisted Transistor

	Korn: Twisted Transistor [cached]

Searching: Bird York: In The Deep
=========> Bird York: In Deep

	 NOT FOUND

Searching: Keith Anderson: Every Time I Hear Your Name

	Keith Anderson: Every Time I Hear Your Name [cached]

Searching: Danity Kane: Sleep On It

	Danity Kane: Sleep on It [cached]

Searching: Corinne Bailey Rae: Put Your Records On

	Corinne Bailey Rae: Put Your Records On [cached]

Searching: Rob Thomas: Streetcorner Symphony

	Rob Thomas: Streetcorner Symphony [cached]

Searching: Kellie Pickler: Red High Heels

	Kellie Pickler: Red High Heels [cached]

Searching: Jason Michael Carroll: Alyssa Lies

	Jason Michael Carroll: Alyssa Lies [cached]

Searching: The Game Featuring Kanye West: Wouldn't Get Far

	The Game: Wouldn't Get Far [cached]

Searching: Paula DeAnda Featuring Bow Wow: Easy

	Paula DeAnda: Easy [cached]

Searching: Keith Urban: Everybody

	Keith Urban: Everybody [cached]

Searching: Weezer: Pork And Beans

	Weezer: Pork And Beans [cached]

Searching: Lloyd Featuring Lil Wayne: Girls Around The World

	Lloyd: Girl's Around The World - Radio Version [cached]

Searching: Rehab: Bartender Song

	Rehab: Bartender Song (Sittin' At A Bar) - Alt/Rock Mix [cached]

Searching: Jason Michael Carroll: Where I'm From

	Jason Michael Carroll: Where I'm From [cached]

Searching: Cobra Starship: Hot Mess

	Cobra Starship: Hot Mess [cached]

Searching: Jack Ingram: Barefoot And Crazy

	Jack Ingram: Barefoot And Crazy [cached]

Searching: Glee Cast: Don't Stand So Close To Me / Young Girl

	Glee Cast: Don't Stand So Close To Me / Young Girl (Glee Cast Version) [cached]

Searching: Glee Cast Featuring Kristin Chenoweth: Fire

	Glee Cast: Girl On Fire (Glee Cast Version) [cached]

Searching: Rihanna Featuring Slash: Rockstar 101

	Rihanna: ROCKSTAR 101 [cached]

Searching: Lloyd: Lay It Down

	Lloyd: Lay It Down [cached]

Searching: Birdman Featuring Lil Wayne: Fire Flame

	Birdman: Fire Flame [cached]

Searching: Jennifer Hudson: Where You At

	Jennifer Hudson: Where You At [cached]

Searching: Javier Colon: Angel

	Javier Colon: Angel - The Voice Performance [cached]

Searching: Mac Miller: Party On Fifth Ave.

	Mac Miller: Party On Fifth Ave. [cached]

Searching: Nicki Minaj: Roman In Moscow

	Nicki Minaj: Roman In Moscow [cached]

Searching: The Black Keys: Lonely Boy

	The Black Keys: Lonely Boy [cached]

Searching: Glee Cast: Black Or White

	Glee Cast: Black or White (Glee Cast Version) [cached]

Searching: Waka Flocka Flame Featuring Trey Songz: I Dont Really Care

	Waka Flocka Flame: I Don't Really Care (feat. Trey Songz) [cached]

Searching: Wale Featuring Rick Ross, Meek Mill & T-Pain: Bag Of Money

	Wale: Bag of Money (feat. Rick Ross, Meek Mill & T-Pain) [cached]

Searching: Taylor Swift: The Moment I Knew

	Taylor Swift: The Moment I Knew [cached]

Searching: Justin Timberlake: Pusher Love Girl

	Justin Timberlake: Pusher Love Girl [cached]

Searching: Nicki Minaj Featuring Lil Wayne: High School

	Nicki Minaj: High School [cached]

Searching: David Guetta Featuring Ne-Yo & Akon: Play Hard

	David Guetta: Play Hard (feat. Ne-Yo & Akon) [cached]

Searching: B.o.B Featuring T.I. & Juicy J: We Still In This B****

	B.o.B: We Still in this Bitch (feat. T.I. and Juicy J) [cached]

Searching: Jay Z Featuring Rick Ross: F*ckwithmeyouknowigotit

	JAY-Z: F*ckwithmeyouknowigotit [cached]

Searching: Drake: Too Much

	Drake: Too Much [cached]

Searching: Tessanne Chin: Bridge Over Troubled Water

	 NOT FOUND

Searching: Childish Gambino: V. 3005

	Childish Gambino: V. 3005 [cached]

Searching: Disclosure Featuring Sam Smith: Omen

	Disclosure: Omen - Live From Maida Vale [cached]

Searching: Zedd Featuring Jon Bellion: Beautiful Now

	Zedd: Beautiful Now [cached]

Searching: Adam Lambert: Ghost Town

	Adam Lambert: Ghost Town [cached]

Searching: 2 Chainz: Watch Out

	2 Chainz: Watch Out [cached]

Searching: Lee Brice: That Don't Sound Like You

	Lee Brice: That Don't Sound Like You [cached]

Searching: Pitbull Featuring Enrique Iglesias: Messin' Around

	Pitbull: Messin' Around (with Enrique Iglesias) [cached]

Searching: Panic! At The Disco: Bohemian Rhapsody

	Panic! At The Disco: Bohemian Rhapsody [cached]

Searching: Drake: Lose You

	Drake: Lose You [cached]

Searching: Brantley Gilbert: The Weekend

	Brantley Gilbert: The Weekend [cached]

Searching: Lana Del Rey Featuring The Weeknd: Lust For Life

	Lana Del Rey: Lust For Life (with The Weeknd) [cached]

Searching: 21 Savage, Offset & Metro Boomin Featuring Quavo: Rap Saved Me

	21 Savage: Rap Saved Me [cached]

Searching: NAV Featuring Lil Uzi Vert: Wanted You

	NAV: Wanted You (feat. Lil Uzi Vert) [cached]

Searching: Migos Featuring Travis Scott, Ty Dolla $ign & Big Sean: White Sand

	Migos: White Sand [cached]

Searching: Lil Xan: Betrayed

	Lil Xan: Betrayed [cached]

Searching: Avril Lavigne: Head Above Water

	Avril Lavigne: Head Above Water [cached]

Searching: XXXTENTACION: Train Food

	XXXTENTACION: Train food [cached]

Searching: Billie Eilish & Khalid: Lovely

	Billie Eilish: lovely (with Khalid) [cached]

Searching: Dreamville Featuring JID, Bas, J. Cole, EARTHGANG & Young Nudy: Down Bad

	Dreamville: Down Bad (feat. JID, Bas, J. Cole, EARTHGANG & Young Nudy) [cached]

Searching: Big Sean: Single Again

	Big Sean: Single Again [cached]

Searching: Trippie Redd Featuring Lil Baby & Lil Duke: Mac 10

	Trippie Redd: Mac 10 [cached]

Searching: Lil Tecca: Did It Again

	Lil Tecca: Did It Again [cached]

Searching: Carrie Underwood: Southbound

	Carrie Underwood: Southbound [cached]

Searching: Mac Miller: Hand Me Downs

	Mac Miller: Hand Me Downs [cached]

Searching: Lil Baby Featuring Lil Wayne: Forever

	Lil Baby: Forever (feat. Lil Wayne) [cached]

Searching: Rod Wave: Fuck The World

	Rod Wave: Fuck The World [cached]

Searching: Tory Lanez: Broke In A Minute

	Tory Lanez: Broke In A Minute [cached]

Searching: DaBaby: BLAME IT ON BABY

	DaBaby: BLAME IT ON BABY [cached]

Searching: Meek Mill: Otherside Of America

	Meek Mill: Otherside Of America [cached]

Searching: Sech, Daddy Yankee & J Balvin Featuring ROSALIA & Farruko: Relacion

	Sech: Relación - Remix [cached]

Searching: Future & Lil Uzi Vert: Marni On Me

	Future: Marni On Me [cached]

Searching: Bad Bunny: Yo Visto Asi

	Bad Bunny: YO VISTO ASÍ [cached]

Searching: Kid Cudi: Another Day

	Kid Cudi: Another Day [cached]

Searching: G-Eazy Featuring Chris Brown & Mark Morrison: Provide

	G-Eazy: Provide (feat. Chris Brown & Mark Morrison) [cached]

Searching: Glass Animals: Heat Waves

	Glass Animals: Heat Waves [cached]
