Found 241/273 = 88%
32 not found: 
Patti Page: Don't Read The Letter
Etta James: Loving You More Every Day
Lyme & Cybelle: Follow Me
Dyke And The Blazers: Funky Broadway Part I
The New Colony Six: I Want You To Know
Layng Martine: Rub It In
Paul Anka: Jubilation
Vigrass & Osborne: Men Of Learning
Ray Charles: Look What They've Done To My Song, Ma
Wayne Newton: Anthem
Clarence Carter: Sixty Minute Man/Mother-In-Law
Bobbie Gentry: Ode To Billy Joe - Main Title
Hot: The Right Feeling At The Wrong Time
Judy Cheeks: Mellow Lovin'
Errol Sober: Heart To Heart
Nature's Divine: I Just Can't Control Myself
Bernadette Peters: Dedicated To The One I Love
Steve Carlisle: Wkrp In Cincinnati
Kim Wilde: Go For It
Voices Of America: Hands Across America
Glen Burtnick: Follow You
Jodeci: Let's Go Through The Motions (From "Who's The Man?")
Cypress Hill: We Ain't Goin' Out Like That
Pure Soul: We Must Be In Love
Andy Griggs: I'll Go Crazy
Dixie Chicks: Cold Day In July
Juvenile: From Her Mama (Mama Got A**)
Common Featuring Mary J. Blige: Come Close To Me
Andy Griggs: If Heaven
30 Seconds To Mars: The Kill (Bury Me)
Zac Efron & Vanessa Anne Hudgens: Everyday
Ludacris Co-Starring Lil Wayne: Last Of A Dying Breed
--------- log -----------
Searching: The Platters: You're Making A Mistake

	The Platters: You're Making A Mistake [cached]

Searching: George Hamilton IV: When Will I Know

	George Hamilton IV: When Will I Know [cached]

Searching: Jaye P. Morgan: Are You Lonesome Tonight

	Jaye P. Morgan: Are You Lonesome Tonight [cached]

Searching: Tommy Edwards: Honestly And Truly

	Tommy Edwards: Honestly And Truly [cached]

Searching: The Platters: Sleepy Lagoon

	The Platters: Sleepy Lagoon [cached]

Searching: Jan & Dean: Clementine

	Jan & Dean: Clementine [cached]

Searching: Jack Scott: Patsy

	Jack Scott: Patsy [cached]

Searching: The Brothers Four: The Green Leaves Of Summer

	The Brothers Four: The Green Leaves of Summer - from the Batjac Production "The Alamo" [cached]

Searching: Patti Page: Don't Read The Letter
=========> Patti Page: Don t Read Letter

	 NOT FOUND

Searching: Etta Jones: When I Fall In Love

	Etta Jones: When I Fall in Love [cached]

Searching: Buddy Knox: Ling-Ting-Tong

	Buddy Knox: Ling-Ting-Tong [cached]

Searching: Jackie Wilson: My Heart Belongs To Only You

	Jackie Wilson: My Heart Belongs to Only You [cached]

Searching: Eddie Hodges: Bandit Of My Dreams

	Eddie Hodges: Bandit of My Dreams - Original Recording Remastered [cached]

Searching: Perez Prado And His Orchestra: Patricia - Twist

	Pérez Prado: Patricia Twist [cached]

Searching: Sandy Nelson: ...And Then There Were Drums

	Sandy Nelson: ...And Then There Were Drums [cached]

Searching: John D. Loudermilk: Road Hog

	John D. Loudermilk: Road Hog [cached]

Searching: Barbara Lynn: You're Gonna Need Me

	Barbara Lynn: You're Gonna Need Me [cached]

Searching: Johnny Beecher and his Buckingham Road Quintet: Sax Fifth Avenue

	Johnny Beecher: Sax Fifth Avenue [cached]

Searching: Paul Petersen: Amy

	Paul Petersen: Amy [cached]

Searching: Freddy Cannon: Patty Baby

	Freddy Cannon: Patty Baby [cached]

Searching: Richard Chamberlain: I Will Love You

	Richard Chamberlain: I Will Love You [cached]

Searching: Etta James: Loving You More Every Day

	 NOT FOUND

Searching: Dale & Grace: The Loneliest Night

	Dale & Grace: The Loneliest Night [cached]

Searching: Jimmy Hughes: Try Me

	Jimmy Hughes: Try Me [cached]

Searching: The Beach Boys: Little Honda

	The Beach Boys: Little Honda [cached]

Searching: Betty Everett: Getting Mighty Crowded

	Betty Everett: Getting Mighty Crowded [cached]

Searching: Wayne Newton: Comin' On Too Strong

	Wayne Newton: Comin' On Too Strong - Remastered [cached]

Searching: The Kingsmen: The Climb

	The Kingsmen: The Climb [cached]

Searching: Joe Tex: One Monkey Don't Stop No Show

	Joe Tex: One Monkey Don't Stop No Show [cached]

Searching: Dionne Warwick: Here I Am

	Dionne Warwick: Here I Am [cached]

Searching: Bud Shank: Michelle

	Bud Shank: Michelle [cached]

Searching: Lyme & Cybelle: Follow Me
=========> Lyme: Follow Me

	 NOT FOUND

Searching: The Shangri-Las: He Cried

	The Shangri-Las: He Cried [cached]

Searching: Bob Lind: Truly Julie's Blues (I'll Be There)

	Bob Lind: Truly Julie's Blues (I'll Be There) [cached]

Searching: Jimmy Hughes: Neighbor, Neighbor

	Jimmy Hughes: Neighbor, Neighbor [cached]

Searching: Roger Williams: Lara's Theme from "Dr. Zhivago"

	Roger Williams: Lara's Theme From "Dr. Zhivago" [cached]

Searching: Bobby Bland: Poverty

	Bobby "Blue" Bland: Poverty - Single Version (Stereo) [cached]

Searching: The Impressions: Can't Satisfy

	The Impressions: Can't Satisfy - Single Version [cached]

Searching: The Capitols: We Got A Thing That's In The Groove

	The Capitols: We Got a Thing That's in the Groove [cached]

Searching: Jack Greene: There Goes My Everything

	Jack Greene: There Goes My Everything [cached]

Searching: Casinos: It's All Over Now

	The Casinos: It's All Over Now [cached]

Searching: Lesley Gore: Summer And Sandy

	Lesley Gore: Summer And Sandy [cached]

Searching: Dyke And The Blazers: Funky Broadway Part I
=========> Dyke: Funky Broadway Part I

	 NOT FOUND

Searching: Oscar Toney, Jr.: Turn On Your Love Light

	Oscar Toney, Jr.: Turn On Your Love Light [cached]

Searching: The Jimi Hendrix Experience: Purple Haze

	The Experienced: Star Spangled Banner/Purple Haze [cached]

Searching: Deon Jackson: Ooh Baby

	Deon Jackson: Ooh Baby [cached]

Searching: Barbara Lynn: This Is The Thanks I Get

	Barbara Lynn: This Is the Thanks I Get [cached]

Searching: Strawberry Alarm Clock: Sit With The Guru

	Strawberry Alarm Clock: Sit With the Guru [cached]

Searching: Mary Wells: The Doctor

	Mary Wells: The Doctor [cached]

Searching: The Ballads: God Bless Our Love

	Fabulous Ballads: God Bless Our Love [cached]

Searching: Dionne Warwick: (There's) Always Something There To Remind Me

	Dionne Warwick: (There's) Always Something There to Remind Me [cached]

Searching: Marty Robbins: I Walk Alone

	Marty Robbins: I Walk Alone [cached]

Searching: Nancy Sinatra: Good Time Girl

	Nancy Sinatra: Good Time Girl [cached]

Searching: Vanilla Fudge: Season Of The Witch, Pt. 1

	Vanilla Fudge: Season of the Witch, Pt. 1 [cached]

Searching: The Checkmates, Ltd.: Love Is All I Have To Give

	The Checkmates Ltd.: Love Is All I Have To Give [cached]

Searching: Clarence Carter: The Feeling Is Right

	Clarence Carter: The Feeling Is Right [cached]

Searching: The New Colony Six: I Want You To Know
=========> New Colony Six: I Want You To Know

	 NOT FOUND

Searching: Sonny James: Since I Met You, Baby

	Sonny James: Since I Met You Baby [cached]

Searching: The Byrds: Ballad Of Easy Rider

	The Byrds: Ballad of Easy Rider [cached]

Searching: Jefferson Airplane: Volunteers

	Jefferson Airplane: Volunteers - Remastered [cached]

Searching: Led Zeppelin: Living Loving Maid (She's Just A Woman)

	Led Zeppelin: Living Loving Maid (She's Just a Woman) - Remaster [cached]

Searching: Johnny Rivers: Think His Name

	Johnny Rivers: Think His Name [cached]

Searching: Layng Martine: Rub It In

	 NOT FOUND

Searching: Jerry Reed: Another Puff

	Jerry Reed: Another Puff [cached]

Searching: Potliquor: Cheer

	Potliquor: Cheer [cached]

Searching: Paul Anka: Jubilation

	 NOT FOUND

Searching: Vigrass & Osborne: Men Of Learning
=========> Vigrass: Men Of Learning

	 NOT FOUND

Searching: Ray Charles: Look What They've Done To My Song, Ma
=========> Ray Charles: Look What They ve Done To My Song  Ma

	 NOT FOUND

Searching: David Bowie: Starman

	David Bowie: Starman - 2012 Remaster [cached]

Searching: Laura Lee: If You Can Beat Me Rockin' (You Can Have My Chair)

	Laura Lee: If You Can’t Beat Me Rockin’ (You Can Have My Chair) [cached]

Searching: The Wackers: Day And Night

	The Wackers: Day & Night [cached]

Searching: Wayne Newton: Anthem

	 NOT FOUND

Searching: Rick Nelson And The Stone Canyon Band: Palace Guard

	Ricky Nelson: Palace Guard [cached]

Searching: Clarence Carter: Sixty Minute Man/Mother-In-Law
=========> Clarence Carter: Sixty Minute Man

	 NOT FOUND

Searching: Willie Hutch: Slick

	Willie Hutch: Slick [cached]

Searching: Tower Of Power: This Time It's Real

	Tower Of Power: This Time It's Real [cached]

Searching: The Independents: It's All Over

	The Independents: It's All Over [cached]

Searching: Edgar Winter Group: Hangin' Around

	The Edgar Winter Group: Hangin' Around [cached]

Searching: Joni Mitchell: Raised On Robbery

	Joni Mitchell: Raised on Robbery [cached]

Searching: The Allman Brothers Band: Jessica

	Rollin' In The Hay: Jessica [cached]

Searching: Ike & Tina Turner: Sexy Ida (Part 1)

	Ike & Tina Turner: Sexy Ida (Part 1) [cached]

Searching: Roy Rogers: Hoppy, Gene And Me

	Roy Rogers: Hoppy, Gene and Me [cached]

Searching: Elvis Presley: Bringing It Back

	Elvis Presley: Bringing It Back - Undubbed Version [cached]

Searching: George McCrae: Honey I

	George McCrae: Honey I [7'' Version] - I'll Live My Life for You [cached]

Searching: Ozark Mountain Daredevils: If I Only Knew

	The Ozark Mountain Daredevils: If I Only Knew [cached]

Searching: Emmylou Harris: Here, There And Everywhere

	Emmylou Harris: Here, There and Everywhere [cached]

Searching: Bachman-Turner Overdrive: Lookin' Out For #1

	Bachman-Turner Overdrive: Lookin' Out For #1 [cached]

Searching: Bobbie Gentry: Ode To Billy Joe - Main Title
=========> Bobbie Gentry: Ode To Billy Joe

	 NOT FOUND

Searching: Laverne & Shirley: Sixteen Reasons

	Laverne & Shirley: Sixteen Reasons [cached]

Searching: John Denver: Baby, You Look Good To Me Tonight

	John Denver: Baby, You Look Good to Me Tonight [cached]

Searching: Boney M: Daddy Cool

	Boney M.: Daddy Cool [cached]

Searching: Gordon Lightfoot: Race Among The Ruins

	Gordon Lightfoot: Race Among the Ruins [cached]

Searching: The 4 Seasons: Down The Hall

	Frankie Valli & The Four Seasons: Down the Hall [cached]

Searching: Hot: The Right Feeling At The Wrong Time
=========> Hot: Right Feeling At Wrong Time

	 NOT FOUND

Searching: Crawler: Stone Cold Sober

	Crawler: Stone Cold Sober - Live in Boston, MA, 1978 [cached]

Searching: Bill LaBounty: This Night Won't Last Forever

	Bill LaBounty: This Night Won't Last Forever [cached]

Searching: Judy Cheeks: Mellow Lovin'
=========> Judy Cheeks: Mellow Lovin

	 NOT FOUND

Searching: Edwin Starr: Contact

	Edwin Starr: Contact - UK 7" Single Version [cached]

Searching: Errol Sober: Heart To Heart

	 NOT FOUND

Searching: Sammy Hagar: (Sittin' On) The Dock Of The Bay

	Sammy Hagar: (Sittin' On) The Dock Of The Bay [cached]

Searching: Dave Edmunds: Girls Talk

	Dave Edmunds: Girls Talk [cached]

Searching: Nature's Divine: I Just Can't Control Myself
=========> Nature s Divine: I Just Can t Control Myself

	 NOT FOUND

Searching: Dionne Warwick: After You

	Dionne Warwick: After You [cached]

Searching: Pretenders: Stop Your Sobbing

	Pretenders: Stop Your Sobbing - 2006 Remaster [cached]

Searching: Touch: (Call Me) When The Spirit Moves You

	Touch: When the Spirit Moves You [cached]

Searching: Eddie Money (with Valerie Carter): Let's Be Lovers Again

	Eddie Money: Let's Be Lovers Again [cached]

Searching: Glen Campbell: I Don't Want To Know Your Name

	Glen Campbell: I Don't Want To Know Your Name [cached]

Searching: Dionne Warwick: Some Changes Are For Good

	Dionne Warwick: Some Changes Are for Good [cached]

Searching: Gary U.S. Bonds: Jolé Blon

	Gary U.S. Bonds: Jole Blon [cached]

Searching: Bernadette Peters: Dedicated To The One I Love
=========> Bernadette Peters: Dedicated To One I Love

	 NOT FOUND

Searching: The Moody Blues: Talking Out Of Turn

	The Moody Blues: Talking Out Of Turn [cached]

Searching: Steve Carlisle: Wkrp In Cincinnati

	 NOT FOUND

Searching: The Doobie Brothers: Here To Love You

	The Doobie Brothers: Here to Love You [cached]

Searching: Scorpions: No One Like You

	Scorpions: No One Like You - 2015 Remaster [cached]

Searching: Aldo Nova: Foolin' Yourself

	Aldo Nova: Foolin' Yourself [cached]

Searching: Alabama: Close Enough To Perfect

	Alabama: Close Enough to Perfect [cached]

Searching: Cheap Trick: She's Tight

	Cheap Trick: She's Tight [cached]

Searching: Scandal Featuring Patty Smyth: Goodbye To You

	Scandal: Goodbye to You [cached]

Searching: Hot Chocolate: Are You Getting Enough Happiness

	Hot Chocolate: Are You Getting Enough Happiness [cached]

Searching: Lou Rawls: Wind Beneath My Wings

	Lou Rawls: Wind Beneath My Wings - Single Version [cached]

Searching: Neil Diamond: Front Page Story

	Neil Diamond: Front Page Story [cached]

Searching: The S.O.S. Band: Tell Me If You Still Care

	The S.O.S Band: Tell Me If You Still Care [cached]

Searching: Musical Youth: She's Trouble

	Musical Youth: She's Trouble [cached]

Searching: Stephanie Mills: The Medicine Song

	Stephanie Mills: The Medicine Song [cached]

Searching: Eurogliders: Heaven (Must Be There)

	Eurogliders: Heaven (Must Be There) [cached]

Searching: Kim Wilde: Go For It

	 NOT FOUND

Searching: Five Star: All Fall Down

	Five Star: All Fall Down [cached]

Searching: Morris Day: The Oak Tree

	Morris Day: The Oak Tree [cached]

Searching: Loverboy: Dangerous

	Loverboy: Dangerous [cached]

Searching: Sheena Easton: Jimmy Mack

	Sheena Easton: Jimmy Mack - 1993 Remastered Version [cached]

Searching: Voices Of America: Hands Across America

	 NOT FOUND

Searching: Commodores: Goin' To The Bank

	Commodores: Goin' To The Bank [cached]

Searching: Paul Young: Some People

	Paul Young: Some People [cached]

Searching: The Truth: Weapons Of Love

	The Truth: Weapons Of Love [cached]

Searching: Crowded House: World Where You Live

	Crowded House: World Where You Live [cached]

Searching: Glen Burtnick: Follow You

	 NOT FOUND

Searching: KISS: Crazy Crazy Nights

	KISS: Crazy Crazy Nights [cached]

Searching: The Cure: Hot Hot Hot!!!

	The Cure: Hot Hot Hot!!! [cached]

Searching: The Fabulous Thunderbirds: Powerful Stuff (From "Cocktail")

	The Fabulous Thunderbirds: Powerful Stuff [cached]

Searching: Alphaville: Forever Young

	Alphaville: Forever Young [cached]

Searching: Will To Power: Fading Away

	Will To Power: Fading Away - Power House Mix [cached]

Searching: Sam Brown: Stop

	Sam Brown: Stop [cached]

Searching: Holly Johnson: Love Train

	Holly Johnson: Love Train [cached]

Searching: Anything Box: Living In Oblivion

	Anything Box: Living In Oblivion [cached]

Searching: TKA: I Won't Give Up On You

	TKA: I Won't Give Up On You [cached]

Searching: REO Speedwagon: Love Is A Rock

	REO Speedwagon: Love Is a Rock [cached]

Searching: Vaughan Brothers: Tick Tock

	The Vaughan Brothers: Tick Tock [cached]

Searching: Trixter: Give It To Me Good

	Trixter: Give It To Me Good [cached]

Searching: Kenny Loggins: Conviction Of The Heart

	Kenny Loggins: Conviction of the Heart [cached]

Searching: House Of Pain: Shamrocks And Shenanigans (Boom Shalock Lock Boom)

	House Of Pain: Shamrocks and Shenanigans [cached]

Searching: Jodeci: Let's Go Through The Motions (From "Who's The Man?")
=========> Jodeci: Let s Go Through Motions

	 NOT FOUND

Searching: Boss: Deeper

	Boss: Deeper [cached]

Searching: AC/DC: Big Gun (From "Last Action Hero")

	AC/DC: Big Gun [cached]

Searching: Cypress Hill: We Ain't Goin' Out Like That
=========> Cypress Hill: We Ain t Goin  Out Like That

	 NOT FOUND

Searching: A Tribe Called Quest: Electric Relaxation (Relax Yourself Girl)

	A Tribe Called Quest: Electric Relaxation [cached]

Searching: Jon Secada: Whipped

	Jon Secada: Quiero Mas ("Whipped") [cached]

Searching: Dru Down: Pimp Of The Year

	Dru Down: Pimp Of The Year [cached]

Searching: U.N.V.: So In Love With You

	Universal Nubian Vocies: So in Love With You [cached]

Searching: Pure Soul: We Must Be In Love

	 NOT FOUND

Searching: Artie The 1 Man Party: A Mover La Colita

	Artie The 1 Man Party: A Mover la Colita [cached]

Searching: The Outhere Brothers: Boom Boom Boom

	The Outhere Brothers: Boom Boom Boom - Don't Break My Balls Mix [cached]

Searching: Mona Lisa Featuring Lost Boyz: Can't Be Wasting My Time (From "Don't Be A Menace...")

	Mona Lisa: Can't Be Wasting My Time - One Dread One Ball Head Version [cached]

Searching: Groove Theory: Baby Luv

	Groove Theory: Baby Luv [cached]

Searching: Deana Carter: Strawberry Wine

	Deana Carter: Strawberry Wine [cached]

Searching: Collective Soul: Precious Declaration

	Collective Soul: Precious Declaration [cached]

Searching: Tori Amos: Silent All These Years

	Tori Amos: Silent All These Years - 2015 Remaster [cached]

Searching: Jagged Edge Featuring Da Brat & JD: The Way That You Talk

	Jagged Edge: The Way That You Talk [cached]

Searching: Changing Faces (Featuring Jay-Z): All Of My Days

	Changing Faces: All of My Days (feat. Jay-Z) [cached]

Searching: Clay Walker: Then What?

	Clay Walker: Then What? [cached]

Searching: Hannah Jones: You Only Have To Say You Love Me

	Hannah Jones: You Only Have To Say You Love Me (Almighty Definitive Mix) [cached]

Searching: R. Kelly Featuring Keith Murray: Home Alone

	R. Kelly: Home Alone (feat. Keith Murray) [cached]

Searching: Brad Paisley: Who Needs Pictures

	Brad Paisley: Who Needs Pictures [cached]

Searching: Trisha Yearwood: I'll Still Love You More

	Trisha Yearwood: I'll Still Love You More [cached]

Searching: Andy Griggs: I'll Go Crazy
=========> Andy Griggs: I ll Go Crazy

	 NOT FOUND

Searching: Jay-Z Featuring Beanie Sigel & Amil: Do It Again (Put Ya Hands Up)

	JAY-Z: Do It Again (Put Ya Hands Up) [cached]

Searching: Hot Boys: I Need A Hot Girl

	Hot Boys: I Need A Hot Girl [cached]

Searching: Trace Adkins: More

	Trace Adkins: More [cached]

Searching: Dixie Chicks: Cold Day In July

	 NOT FOUND

Searching: Limp Bizkit: Rollin'

	Limp Bizkit: Rollin' (Air Raid Vehicle) [cached]

Searching: Faith Hill: Where Are You Christmas?

	Faith Hill: Where Are You Christmas - From "Dr. Seuss' How The Grinch Stole Christmas" Soundtrack [cached]

Searching: Juvenile: Set It Off

	JUVENILE: Set It Off [cached]

Searching: Juvenile: From Her Mama (Mama Got A**)
=========> Juvenile: From Her Mama

	 NOT FOUND

Searching: Common Featuring Mary J. Blige: Come Close To Me
=========> Common: Come Close To Me

	 NOT FOUND

Searching: Foo Fighters: Times Like These

	Foo Fighters: Times Like These [cached]

Searching: Chevelle: Send The Pain Below

	Chevelle: Send the Pain Below [cached]

Searching: Wyclef Jean Featuring Missy Elliott: Party To Damascus

	Wyclef Jean: Party To Damascus (feat. Missy Elliott) - Main Version (with intro) [cached]

Searching: Nickelback: Figured You Out

	Nickelback: Figured You Out [cached]

Searching: Musiq: whoknows

	Musiq Soulchild: Whoknows [cached]

Searching: Beck: E-Pro

	Beck: E-Pro [cached]

Searching: Andy Griggs: If Heaven

	 NOT FOUND

Searching: R. Kelly Featuring The Game: Playa's Only

	R. Kelly: Playa's Only (feat. The Game) [cached]

Searching: Ricky Martin Featuring Fat Joe & Amerie: I Don't Care

	Ricky Martin: I Don't Care (feat. Fat Joe & Amerie) - English Version [cached]

Searching: 50 Cent: Hustler's Ambition

	50 Cent: Hustler's Ambition [cached]

Searching: Fall Out Boy: A Little Less Sixteen Candles, A Little More Touch Me

	Fall Out Boy: A Little Less Sixteen Candles, A Little More "Touch Me" [cached]

Searching: 30 Seconds To Mars: The Kill (Bury Me)
=========> 30 Seconds To Mars: Kill

	 NOT FOUND

Searching: RBD: Tu Amor

	RBD: Tu Amor - Live [cached]

Searching: Snow Patrol: Signal Fire

	Snow Patrol: Signal Fire [cached]

Searching: Montgomery Gentry: Lucky Man

	Montgomery Gentry: Lucky Man [cached]

Searching: Zac Efron & Vanessa Anne Hudgens: Everyday
=========> Zac Efron: Everyday

	 NOT FOUND

Searching: Mary J. Blige: Work That

	Mary J. Blige: Work That [cached]

Searching: Busta Rhymes Featuring Linkin Park: We Made It

	Busta Rhymes: We Made It (feat. Linkin Park) [cached]

Searching: Jessica Simpson: Come On Over

	Jessica Simpson: Come on Over [cached]

Searching: Ludacris Co-Starring Lil Wayne: Last Of A Dying Breed
=========> Ludacris Co Starring Lil Wayne: Last Of A Dying Breed

	 NOT FOUND

Searching: Love And Theft: Runaway

	Love and Theft: Runaway [cached]

Searching: Glee Cast: No Air

	Glee Cast: No Air (Glee Cast Version) [cached]

Searching: Beyonce Featuring Lady Gaga: Video Phone

	Beyoncé: Video Phone (feat. Lady Gaga) [cached]

Searching: Shakira: Gypsy

	Shakira: Gypsy [cached]

Searching: Lil Wayne: I Am Not A Human Being

	Lil Wayne: Right Above It [cached]

Searching: Glee Cast: Papa Can You Hear Me?

	Glee Cast: Papa Can You Hear Me? (Glee Cast Version) [cached]

Searching: Javier Colon: Time After Time

	Javier Colon: Time After Time - The Voice Performance [cached]

Searching: Glee Cast: Isn't She Lovely

	Glee Cast: Isn't She Lovely (Glee Cast Version) [cached]

Searching: Blink-182: Up All Night

	blink-182: Up All Night [cached]

Searching: Young The Giant: My Body

	Young the Giant: My Body [cached]

Searching: Glee Cast: It's Not Unusual

	Glee Cast: It's Not Unusual (Glee Cast Version) [cached]

Searching: Ace Hood Featuring Chris Brown: Body 2 Body

	Ace Hood: Body 2 Body [cached]

Searching: Avril Lavigne: Wish You Were Here

	Avril Lavigne: Wish You Were Here [cached]

Searching: Glee Cast: Cough Syrup

	Glee Cast: Cough Syrup (Glee Cast Version) [cached]

Searching: Glee Cast: How Will I Know

	Glee Cast: How Will I Know (Glee Cast Version) [cached]

Searching: Brandy Featuring Chris Brown: Put It Down

	Brandy: Put It Down (feat. Chris Brown) [cached]

Searching: Taylor Swift: I Almost Do

	Taylor Swift: I Almost Do [cached]

Searching: Kelly Clarkson: People Like Us

	Kelly Clarkson: People Like Us [cached]

Searching: Linkin Park X Steve Aoki: A Light That Never Comes

	Linkin Park: A LIGHT THAT NEVER COMES [cached]

Searching: Drake Featuring JAY-Z: Pound Cake / Paris Morton Music 2

	Drake: Pound Cake / Paris Morton Music 2 [cached]

Searching: Darius Rucker: Radio

	Darius Rucker: Radio [cached]

Searching: Usher: Good Kisser

	Usher: Good Kisser [cached]

Searching: AJR: I'm Ready

	AJR: I'm Ready [cached]

Searching: Jessie J: Masterpiece

	Jessie J: Masterpiece [cached]

Searching: One Direction: History

	One Direction: History [cached]

Searching: Empire Of The Sun: Walking On A Dream

	Empire of the Sun: Walking On A Dream [cached]

Searching: Fetty Wap: Jimmy Choo

	Fetty Wap: Jimmy Choo [cached]

Searching: Chris Lane: Fix

	Chris Lane: Fix [cached]

Searching: Nicki Minaj X Mike WiLL Made-It: Black Barbies

	Nicki Minaj: Black Barbies [cached]

Searching: Dwayne Johnson: You're Welcome

	Dwayne Johnson: You're Welcome [cached]

Searching: Starley: Call On Me

	Starley: Call on Me - Ryan Riback Remix [cached]

Searching: Kelsea Ballerini: Yeah Boy

	Kelsea Ballerini: Yeah Boy [cached]

Searching: Young Thug Featuring Future: Relationship

	Young Thug: Relationship (feat. Future) [cached]

Searching: Huncho Jack Featuring Takeoff: Eye 2 Eye

	Huncho Jack: Eye 2 Eye [cached]

Searching: The Chainsmokers: Sick Boy

	The Chainsmokers: Sick Boy [cached]

Searching: WALK THE MOON: One Foot

	WALK THE MOON: One Foot [cached]

Searching: SOB X RBE: Paramedic!

	SOB X RBE: Paramedic! [cached]

Searching: Brett Eldredge: The Long Way

	Brett Eldredge: The Long Way [cached]

Searching: Shawn Mendes Featuring Khalid: Youth

	Shawn Mendes: Youth (feat. Khalid) [cached]

Searching: Pusha T: Infrared

	Pusha T: Infrared [cached]

Searching: Future: 31 Days

	Future: 31 DAYS [cached]

Searching: Alessia Cara: Growing Pains

	Alessia Cara: Growing Pains - Acoustic [cached]

Searching: Calvin Harris & Sam Smith: Promises

	Calvin Harris: Promises (with Sam Smith) [cached]

Searching: Eminem & Jessie Reyez: Nice Guy

	Eminem: Nice Guy (with Jessie Reyez) [cached]

Searching: Lil Wayne: Took His Time

	Lil Wayne: Took His Time [cached]

Searching: XXXTENTACION: What Are You So Afraid Of

	XXXTENTACION: what are you so afraid of [cached]

Searching: Future: Never Stop

	Future: Never Stop [cached]

Searching: Offset Featuring  J. Cole: How Did I Get Here

	Offset: How Did I Get Here (feat. J. Cole) [cached]

Searching: Juice WRLD: Maze

	Juice WRLD: Maze [cached]

Searching: Jake Owen: Down To The Honkytonk

	Jake Owen: Down To The Honkytonk [cached]

Searching: Nipsey Hussle Featuring Belly & DOM KENNEDY: Double Up

	Nipsey Hussle: Double Up (feat. Belly and Dom Kennedy) [cached]

Searching: Beyonce: Before I Let Go

	Beyoncé: Before I Let Go - Homecoming Live Bonus Track [cached]

Searching: Megan Thee Stallion: Big Ole Freak

	Megan Thee Stallion: Big Ole Freak [cached]

Searching: Tyler, The Creator: Running Out Of Time

	Tyler, The Creator: RUNNING OUT OF TIME [cached]

Searching: J Balvin & Bad Bunny: Que Pretendes

	J Balvin: QUE PRETENDES [cached]

Searching: Keith Urban: We Were

	Keith Urban: We Were [cached]

Searching: Jhene Aiko Featuring Future & Miguel: Happiness Over Everything (H.O.E.)

	Jhené Aiko: Happiness Over Everything (H.O.E.) (feat. Future & Miguel) [cached]

Searching: Kelsea Ballerini: homecoming queen?

	Kelsea Ballerini: homecoming queen? [cached]

Searching: Lil Uzi Vert: Sasuke

	Lil Uzi Vert: Sasuke [cached]

Searching: Lil Baby: Social Distancing

	Lil Baby: Social Distancing [cached]

Searching: Lil Tjay Featuring Fivio Foreign & Pop Smoke: Zoo York

	Lil Tjay: Zoo York (feat. Fivio Foreign & Pop Smoke) [cached]

Searching: Gunna: SkyBox

	Gunna: SKYBOX [cached]

Searching: Tyla Yaweh & Post Malone: Tommy Lee

	Tyla Yaweh: Tommy Lee (feat. Post Malone) [cached]

Searching: Pop Smoke Featuring Tyga & Quavo: West Coast Shit

	Pop Smoke: West Coast Shit (feat. Tyga & Quavo) [cached]

Searching: Rod Wave: Girl Of My Dreams

	Rod Wave: Girl Of My Dreams [cached]

Searching: Big Sean Featuring Post Malone: Wolves

	Big Sean: Wolves (feat. Post Malone) [cached]

Searching: Andrew Jannakos: Gone Too Soon

	Andrew Jannakos: Gone Too Soon [cached]

Searching: Ariana Grande: My Hair

	Ariana Grande: my hair [cached]

Searching: NAV Featuring Lil Baby: Don't Need Friends

	NAV: Don't Need Friends (feat. Lil Baby) [cached]

Searching: Trey Lewis: Dicked Down In Dallas

	Trey Lewis: Dicked Down in Dallas [cached]
