Found 226/254 = 89%
28 not found: 
Pat Boone: Delia Gone
Connie Francis: Love Is Me, Love Is You
Bobby Darin: The Girl That Stood Beside Me
Frankie Laine: Laura, What's He Got That I Ain't Got
The Happenings: Where Do I Go/Be-In/Hare Krishna
Carlo Savina: Love Theme From "The Godfather"
Cotton, Lloyd & Christian: I Go To Pieces
Diana Williams: Teddy Bear's Last Ride
Nancy Brooks: I'm Not Gonna Cry Anymore
Teri DeSario With K.C.: Dancin' In The Streets
Robbin Thompson Band: Brite Eyes
Petula Clark: Natural Love
Total Coelo: I Eat Cannibals
B.E. Taylor Group: Vitamin L
Coyote Sisters: Straight From The Heart (Into Your Life)
Pepsi & Shirlie: All Right Now
Michelle Shocked: Anchorage
Ana: Got To Tell Me Something
Joey B. Ellis & Tynetta Hare: Go For It! (Heart And Fire)
M.C. Breed & D.F.C.: Ain't No Future In Yo' Fronting
NKOTB: Dirty Dawg
Pure Sugar: Delicious
Jordin Sparks: A Broken Wing
Kris Allen: Apologize
Lee DeWyze & Crystal Bowersox: Falling Slowly
The Swon Brothers: Danny's Song
Christina Grimmie & Adam Levine: Somebody That I Used To Know
Chris Blue: Money On You
--------- log -----------
Searching: Jim Backus & Friend: Delicious!

	Jim Backus & Friend: Delicious [cached]

Searching: Little Willie John: You're A Sweetheart

	Little Willie John: You're A Sweetheart [cached]

Searching: Jody Reynolds: Fire Of Love

	Jody Reynolds: Fire Of Love [cached]

Searching: Little Bill and The Bluenotes: I Love An Angel

	Little Bill: I Love an Angel [cached]

Searching: Johnny Cash And The Tennessee Two: Katy Too

	Johnny Cash: Katy Too [cached]

Searching: Marvin Rainwater: Half-Breed

	Marvin Rainwater: Half Breed [cached]

Searching: Brook Benton: This Time Of The Year

	Brook Benton: This Time Of The Year - Single Version [cached]

Searching: Adam Wade: Tell Her For Me

	Adam Wade: Tell Her For Me [cached]

Searching: Teresa Brewer: Peace Of Mind

	Teresa Brewer: Peace Of Mind [cached]

Searching: Clyde McPhatter: Think Me A Kiss

	Clyde McPhatter: Think Me A Kiss [cached]

Searching: Pat Boone: Delia Gone

	 NOT FOUND

Searching: Jaye P. Morgan: I Walk The Line

	Jaye P. Morgan: I Walk The Line [cached]

Searching: The Bobbettes: Have Mercy Baby

	The Bobbettes: Have Mercy Baby [cached]

Searching: Bill Doggett: (Let's Do) The Hully Gully Twist

	Bill Doggett: (Let's Do) the Hully Gully Twist - Remastered [cached]

Searching: Rosie: Lonely Blue Nights

	Rosie: Lonely Blue Nights [cached]

Searching: Ray Charles: I've Got News For You

	Ray Charles & Friends: I've Got News For You [cached]

Searching: The Rondels: Back Beat No. 1

	The Rondels: Back Beat No. 1 [cached]

Searching: Hank Ballard And The Midnighters: Keep On Dancing

	Hank Ballard: Keep on Dancing [cached]

Searching: Ben E. King: Young Boy Blues

	Ben E. King: Young Boy Blues - Mono [cached]

Searching: Timi Yuro: Let Me Call You Sweetheart

	Timi Yuro: Let Me Call You Sweetheart [cached]

Searching: Jack Jones: Lollipops And Roses

	Jack Jones: Lollipops And Roses [cached]

Searching: Dr. Feelgood And The Interns: Doctor Feel-Good

	Dr. Feelgood: Down at the Doctors - 2002 Remaster [cached]

Searching: Don Gardner And Dee Dee Ford: Don't You Worry

	Don Gardner: Don't You Worry [cached]

Searching: Sam Cooke: Baby, Baby, Baby

	Sam Cooke: Since I Met You Baby [cached]

Searching: Cannonball Adderley: The Jive Samba

	Cannonball Adderley: The Jive Samba [cached]

Searching: Charlie Byrd: Meditation (Meditacao)

	Charlie Byrd: Meditation [cached]

Searching: Solomon Burke: Can't Nobody Love You

	Solomon Burke: Can't Nobody Love You [cached]

Searching: Keith Colley: Enamorado

	Keith Colley: Enamorado [cached]

Searching: Vito & The Salutations: Unchained Melody

	Vito & The Salutations: Unchained Melody [cached]

Searching: Burl Ives: True Love Goes On And On

	Burl Ives: True Love Goes On And On [cached]

Searching: The Orlons: Shimmy Shimmy

	The Orlons: Shimmy Shimmy [cached]

Searching: Jody Miller: He Walks Like A Man

	Jody Miller: He Walks Like A Man [cached]

Searching: The Orlons: Rules Of Love

	The Orlons: Rules Of Love [cached]

Searching: Betty Everett: I Can't Hear You

	Betty Everett: I Can't Hear You [cached]

Searching: The Uniques Featuring Joe Stampley: Not Too Long Ago

	The Uniques: Not Too Long Ago [cached]

Searching: Julie Andrews-Dick Van Dyke: Super-cali-fragil-istic-expi-ali-docious

	Julie Andrews: Supercalifragilisticexpialidocious - From "Mary Poppins"/Soundtrack Version [cached]

Searching: James Phelps: Love Is A 5-Letter Word

	James Phelps: Love Is A Five Letter Word [cached]

Searching: Vic Dana: Bring A Little Sunshine (To My Heart)

	Vic Dana: Bring A Little Sunshine - To My Heart [cached]

Searching: Jackie DeShannon: A Lifetime Of Loneliness

	Jackie DeShannon: A Lifetime Of Loneliness - Remastered [cached]

Searching: Jim Reeves: Snow Flake

	Jim Reeves: Snow Flake [cached]

Searching: Jan & Dean: Batman

	Jan & Dean: Batman [cached]

Searching: Connie Francis: Love Is Me, Love Is You
=========> Connie Francis: Love Is Me  Love Is You

	 NOT FOUND

Searching: The Isley Brothers: Take Some Time Out For Love

	The Isley Brothers: Take Some Time Out For Love [cached]

Searching: Joe Simon: Teenager's Prayer

	Joe Simon: Teenager's Prayer [cached]

Searching: Bobby Darin: The Girl That Stood Beside Me
=========> Bobby Darin: Girl That Stood Beside Me

	 NOT FOUND

Searching: The Music Machine: The People In Me

	The Music Machine: The People In Me [cached]

Searching: Bobby Vinton: For He's A Jolly Good Fellow

	Bobby Vinton: For He's A Jolly Good Fellow [cached]

Searching: Gene Chandler: Girl Don't Care

	Gene Chandler: The Girl Don't Care [cached]

Searching: Brenda & The Tabulations: Stay Together Young Lovers

	Brenda And The Tabulations: Stay Together Young Lovers [cached]

Searching: Brenda & The Tabulations: Who's Lovin' You

	Brenda And The Tabulations: Who's Lovin' You [cached]

Searching: Frankie Laine: Laura, What's He Got That I Ain't Got
=========> Frankie Laine: Laura  What s He Got That I Ain t Got

	 NOT FOUND

Searching: Percy Sledge: Just Out Of Reach (Of My Two Empty Arms)

	Percy Sledge: Just Out of Reach (Of My Two Empty Arms) [cached]

Searching: Eddy Arnold: Turn The World Around

	Eddy Arnold: Turn the World Around [cached]

Searching: The Staple Singers: For What It's Worth

	The Staple Singers: For What It's Worth [cached]

Searching: The O'Jays: I'll Be Sweeter Tomorrow (Than I Was Today)

	The O'Jays: I'll Be Sweeter Tomorrow (Than I Was Today) [cached]

Searching: Patti Page: Gentle On My Mind

	Patti Page: Gentle on My Mind [cached]

Searching: Neil Diamond: Two-Bit Manchild

	Neil Diamond: Two-Bit Manchild [cached]

Searching: Eivets Rednow: Alfie

	Eivets Rednow: Alfie [cached]

Searching: Alvin Cash: Keep On Dancing

	Alvin Cash: Keep On Dancing, Pt. 1 [cached]

Searching: Sergio Mendes & Brasil '66: (Sittin' On) The Dock Of The Bay

	Sergio Mendes & Brasil '66: (Sittin' On) The Dock Of The Bay [cached]

Searching: The Happenings: Where Do I Go/Be-In/Hare Krishna
=========> Happenings: Where Do I Go

	 NOT FOUND

Searching: Nazz: Hello It's Me

	Nazz: Hello It's Me [cached]

Searching: The 5 Stairsteps: Dear Prudence

	The Five Stairsteps: Dear Prudence [cached]

Searching: Iron Butterfly: Easy Rider (Let The Wind Pay The Way)

	Iron Butterfly: Easy Rider (Let the Wind Pay the Way) [cached]

Searching: Deep Purple: Black Night

	Deep Purple: Black Night - 1995 Remaster [cached]

Searching: R. Dean Taylor: Ain't It A Sad Thing

	R. Dean Taylor: Ain't It A Sad Thing [cached]

Searching: Joy Of Cooking: Brownsville

	Joy Of Cooking: Brownsville/Mockingbird [cached]

Searching: Elvis Presley: An American Trilogy

	Elvis Presley: An American Trilogy - with The Royal Philharmonic Orchestra [cached]

Searching: Carlo Savina: Love Theme From "The Godfather"
=========> Carlo Savina: Love Theme From  Godfather

	 NOT FOUND

Searching: Lyn Collins: Think (About It)

	Lyn Collins: Think (About It) [cached]

Searching: Danny Holien: Colorado

	Danny Holien: Colorado [cached]

Searching: Eddie Kendricks: If You Let Me

	Eddie Kendricks: If You Let Me [cached]

Searching: Tower Of Power: Down To The Nightclub

	Tower Of Power: Down to the Nightclub [cached]

Searching: Donovan: I Like You

	Mark Donovan: I Like Your Style [cached]

Searching: B.W. Stevenson: Shambala

	B.W. Stevenson: Shambala [cached]

Searching: The Staple Singers: Be What You Are

	The Staple Singers: Be What You Are [cached]

Searching: The New Birth: It's Been A Long Time

	The New Birth: It's Been a Long Time [cached]

Searching: Seals & Crofts: Unborn Child

	Seals and Crofts: Unborn Child [cached]

Searching: Bob Dylan/The Band: Most Likely You Go Your Way (And I'll Go Mine)

	Bob Dylan: Most Likely You Go Your Way (And I'll Go Mine) [cached]

Searching: Wet Willie: Country Side Of Life

	Wet Willie: Country Side Of Life [cached]

Searching: The Nitty Gritty Dirt Band: (All I Have To Do Is) Dream

	Nitty Gritty Dirt Band: An American Dream [cached]

Searching: Cotton, Lloyd & Christian: I Go To Pieces
=========> Cotton  Lloyd: I Go To Pieces

	 NOT FOUND

Searching: Eddie Kendricks: Happy

	Eddie Kendricks: Happy [cached]

Searching: Joni Mitchell: In France They Kiss On Main Street

	Joni Mitchell: In France They Kiss on Main Street [cached]

Searching: KC And The Sunshine Band: Queen Of Clubs

	KC & The Sunshine Band: Queen of Clubs [cached]

Searching: Wet Willie: Everything That 'Cha Do (Will Come Back To You)

	Wet Willie: Everything That'cha Do (Will Come Back To You) - Live 1977 [cached]

Searching: Diana Williams: Teddy Bear's Last Ride
=========> Diana Williams: Teddy Bear s Last Ride

	 NOT FOUND

Searching: Jigsaw: Brand New Love Affair

	Jigsaw: Brand New Love Affair [cached]

Searching: Starland Vocal Band: California Day

	Starland Vocal Band: California Day [cached]

Searching: The Manhattans: It Feels So Good To Be Loved So Bad

	The Manhattans: It Feels so Good to Be Loved so Bad [cached]

Searching: Starz: Sing It, Shout It

	Starz: Sing It, Shout It [cached]

Searching: Lou Rawls: See You When I Git There

	Lou Rawls: See You When I Git There [cached]

Searching: Kenny Loggins: I Believe In Love

	Kenny Loggins: I Believe In Love [cached]

Searching: The Doobie Brothers: Echoes Of Love

	The Doobie Brothers: Echoes of Love [cached]

Searching: Ramones: Rockaway Beach

	Ramones: Rockaway Beach - 2017 Remaster [cached]

Searching: Jefferson Starship: Light The Sky On Fire

	Jefferson Starship: Light the Sky on Fire [cached]

Searching: Nancy Brooks: I'm Not Gonna Cry Anymore
=========> Nancy Brooks: I m Not Gonna Cry Anymore

	 NOT FOUND

Searching: Judy Collins: Hard Times For Lovers

	Judy Collins: Hard Times for Lovers [cached]

Searching: Rita Coolidge: One Fine Day

	Rita Coolidge: One Fine Day [cached]

Searching: Peaches & Herb: Roller-Skatin' Mate (Part I)

	Peaches & Herb: Roller Skatin' Mate [cached]

Searching: Jimmy Buffett: Volcano

	Jimmy Buffett: Volcano [cached]

Searching: Narada Michael Walden: I Shoulda Loved Ya

	Narada Michael Walden: I Shoulda Loved Ya [cached]

Searching: Teri DeSario With K.C.: Dancin' In The Streets
=========> Teri DeSario: Dancin  In Streets

	 NOT FOUND

Searching: Mickey Gilley: True Love Ways

	Mickey Gilley: True Love Ways [cached]

Searching: Robbin Thompson Band: Brite Eyes

	 NOT FOUND

Searching: The Association: Dreamer

	The Association: Dreamer - Single Version [cached]

Searching: Garland Jeffreys: 96 Tears

	Garland Jeffreys: 96 Tears [cached]

Searching: Art Garfunkel: A Heart In New York

	Art Garfunkel: A Heart In New York [cached]

Searching: John Denver: The Cowboy And The Lady

	John Denver: The Cowboy and the Lady [cached]

Searching: Kenny Rogers: Blaze Of Glory

	Kenny Rogers: Blaze Of Glory [cached]

Searching: Commodores: Why You Wanna Try Me

	Commodores: Why You Wanna Try Me [cached]

Searching: Petula Clark: Natural Love

	 NOT FOUND

Searching: War: You Got The Power

	War: You Got The Power [cached]

Searching: The Temptations Featuring Rick James: Standing On The Top-Part 1

	The Temptations: Standing On The Top - Pt. 1 [cached]

Searching: Santana: Nowhere To Run

	Santana: Nowhere to Run [cached]

Searching: Adam Ant: Desperate But Not Serious

	Adam Ant: Desperate But Not Serious [cached]

Searching: Total Coelo: I Eat Cannibals

	 NOT FOUND

Searching: Gladys Knight And The Pips: Save The Overtime (For Me)

	Gladys Knight & The Pips: Save the Overtime (For Me) [cached]

Searching: Midnight Star: Freak-A-Zoid

	Midnight Star: Freak-A-Zoid [cached]

Searching: KISS: Lick It Up

	KISS: Lick It Up [cached]

Searching: B.E. Taylor Group: Vitamin L
=========> B E  Taylor Group: Vitamin L

	 NOT FOUND

Searching: Eddie Money: Club Michelle

	Eddie Money: Club Michelle [cached]

Searching: Juice Newton: Can't Wait All Night

	Juice Newton: Can't Wait All Night [cached]

Searching: Coyote Sisters: Straight From The Heart (Into Your Life)
=========> Coyote Sisters: Straight From Heart

	 NOT FOUND

Searching: Jefferson Starship: Layin' It On The Line

	Jefferson Starship: Layin' It on the Line [cached]

Searching: Alphaville: Big In Japan

	Alphaville: Big in Japan [cached]

Searching: Amy Grant: Wise Up

	Amy Grant: Wise Up [cached]

Searching: Diana Ross: Chain Reaction

	Diana Ross: Chain Reaction [cached]

Searching: David Lee Roth: Goin' Crazy!

	David Lee Roth: Goin' Crazy (Loco del Calor) [cached]

Searching: The Outfield: Everytime You Cry

	The Outfield: Everytime You Cry [cached]

Searching: Cinderella: Somebody Save Me

	Cinderella: Somebody Save Me [cached]

Searching: Kool & The Gang: Holiday

	Kool & The Gang: Home for the Holidays [cached]

Searching: Glenn Jones: We've Only Just Begun (The Romance Is Not Over)

	Glenn Jones: We've Only Just Begun (The Romance Is Not Over) [cached]

Searching: Pepsi & Shirlie: All Right Now
=========> Pepsi: All Right Now

	 NOT FOUND

Searching: Stacey Q: Don't Make A Fool Of Yourself

	Stacey Q: Don't Make a Fool of Yourself [cached]

Searching: Blue Mercedes: I Want To Be Your Property

	Blue Mercedes: I Want To Be Your Property [cached]

Searching: Deniece Williams: I Can't Wait

	Deniece Williams: I Can't Wait [cached]

Searching: Michelle Shocked: Anchorage

	 NOT FOUND

Searching: The Timelords: Doctorin' The Tardis

	The Timelords: Doctorin’ The Tardis [cached]

Searching: John Cafferty & The Beaver Brown Band: Pride & Passion

	John Cafferty & the Beaver Brown Band: Pride & Passion [cached]

Searching: KISS: Hide Your Heart

	KISS: Hide Your Heart [cached]

Searching: Bad English: Heaven Is A 4 Letter Word

	Bad English: Heaven Is A 4 Letter Word [cached]

Searching: Ana: Got To Tell Me Something

	 NOT FOUND

Searching: Joey B. Ellis & Tynetta Hare: Go For It! (Heart And Fire)
=========> Joey B  Ellis: Go For It

	 NOT FOUND

Searching: Jasmine Guy: Another Like My Lover

	Jasmine Guy: Another Like My Lover [cached]

Searching: Cartouche: Feel The Groove

	Cartouche: Feel the Groove - Original Mix [cached]

Searching: Oaktown's 3.5.7: Turn It Up

	Oaktown's 3.5.7: Turn It Up [cached]

Searching: M.C. Breed & D.F.C.: Ain't No Future In Yo' Fronting
=========> M C  Breed: Ain t No Future In Yo  Fronting

	 NOT FOUND

Searching: Prince And The N.P.G.: Sexy MF

	Prince: Sexy M.F. [cached]

Searching: Mitch Malloy: Nobody Wins In This War

	Mitch Malloy: Nobody Wins in This War [cached]

Searching: George LaMond: Baby, I Believe In You

	George Lamond: Baby, I Believe In You [cached]

Searching: 10,000 Maniacs: These Are Days

	10,000 Maniacs: These Are Days [cached]

Searching: Remedy: Closer

	Remedy: Closer [cached]

Searching: NKOTB: Dirty Dawg

	 NOT FOUND

Searching: Miranda: Your Love Is So Divine

	Miranda: Your Love Is So Divine - Pop Radio Edit [cached]

Searching: Crash Test Dummies: Afternoons & Coffeespoons

	Crash Test Dummies: Afternoons & Coffeespoons [cached]

Searching: Jordan Hill: For The Love Of You

	Jordan Hill: For the Love of You [cached]

Searching: Jeff Foxworthy With Alan Jackson: Redneck Games

	Jeff Foxworthy: Redneck Games (with Alan Jackson) [cached]

Searching: A+: All I See

	Wolfgang Amadeus Mozart: Sonata in F, K.547a: 2. Allegretto [cached]

Searching: dog's eye view: Everything Falls Apart/Small Wonders

	Dog's Eye View: Everything Falls Apart [cached]

Searching: The Original: I Luv U Baby

	The Original: I Luv U Baby - Edit [cached]

Searching: Kenny G: Havana

	Kenny G: Havana [cached]

Searching: Tha Alkaholiks Featuring Ol' Dirty Bastard: Hip Hop Drunkies

	Tha Alkaholiks: Hip Hop Drunkies [cached]

Searching: Veronica (Featuring Craig Mack): No One But You (From "Baps")

	Veronica: No One but You [cached]

Searching: David Bowie: I'm Afraid Of Americans

	David Bowie: I'm Afraid of Americans [cached]

Searching: Pure Sugar: Delicious

	 NOT FOUND

Searching: Ginuwine: There It Is

	Ginuwine: There It Is [cached]

Searching: Sum 41: Fat Lip

	Sum 41: Fat Lip [cached]

Searching: P. Diddy Featuring The Neptunes: Diddy

	T-Pain: Change (feat. Akon, Diddy & Mary J. Blige) [cached]

Searching: JAY-Z: Jigga

	JAY-Z: Jigga What / Faint [cached]

Searching: Joe Diffie: In Another World

	Joe Diffie: In Another World [cached]

Searching: Lonestar: Unusually Unusual

	Lonestar: Unusually Unusual [cached]

Searching: Toby Keith: Rock You Baby

	Toby Keith: Rock You Baby [cached]

Searching: Staind: Price To Play

	Staind: Price to Play [cached]

Searching: Audioslave: I Am The Highway

	Audioslave: I Am the Highway [cached]

Searching: SHeDAISY: Passenger Seat

	SHeDAISY: Passenger Seat [cached]

Searching: Franz Ferdinand: Take Me Out

	Franz Ferdinand: Take Me Out [cached]

Searching: Jack Johnson: Sitting, Waiting, Wishing

	Jack Johnson: Sitting, Waiting, Wishing [cached]

Searching: Lee Ann Womack: I May Hate Myself In The Morning

	Lee Ann Womack: I May Hate Myself In The Morning [cached]

Searching: Natalie Featuring Baby Bash: Energy

	Natalie: Energy [cached]

Searching: Van Zant: Help Somebody

	Van Zant: Help Somebody [cached]

Searching: James Blunt: Goodbye My Lover

	James Blunt: Goodbye My Lover [cached]

Searching: Brooks & Dunn With Sheryl Crow & Vince Gill: Building Bridges

	Brooks & Dunn: Building Bridges - (Guest Vocals by Sheryl Crow and Vince Gill) [cached]

Searching: Fort Minor Featuring Styles Of Beyond: Remember The Name

	Fort Minor: Remember the Name (feat. Styles of Beyond) [cached]

Searching: Incubus: Anna-Molly

	Incubus: Anna Molly [cached]

Searching: Dierks Bentley: Long Trip Alone

	Dierks Bentley: Long Trip Alone [cached]

Searching: Jordin Sparks: A Broken Wing

	 NOT FOUND

Searching: Cupid: Cupid Shuffle

	Cupid: Cupid Shuffle [cached]

Searching: Alvin And The Chipmunks: The Chipmunk Song (Christmas Don't Be Late) (2007)

	Alvin & The Chipmunks: The Chipmunk Song (Christmas Don't Be Late) - Remastered 1999 [cached]

Searching: Rocko: Umma Do Me

	Rocko: Umma Do Me [cached]

Searching: Lil Wayne: 3 Peat

	Lil Wayne: 3 Peat [cached]

Searching: Bow Wow Featuring Soulja Boy Tell'em: Marco Polo

	Bow Wow: Marco Polo (feat. Soulja Boy Tell 'Em) [cached]

Searching: Paramore: That's What You Get

	Paramore: That's What You Get [cached]

Searching: The Lost Trailers: Holler Back

	The Lost Trailers: Holler Back [cached]

Searching: Plies Featuring Jamie Foxx & The-Dream: Please Excuse My Hands

	Plies: Please Excuse My Hands (feat. Jamie Foxx & The-Dream) [cached]

Searching: Leona Lewis: I Will Be

	Leona Lewis: I Will Be [cached]

Searching: Ciara Featuring Young Jeezy: Never Ever

	Ciara: Never Ever (feat. Jeezy) [cached]

Searching: Kris Allen: Apologize

	 NOT FOUND

Searching: Parachute: She Is Love

	Parachute: She Is Love [cached]

Searching: 3OH!3 Featuring Katy Perry: Starstrukk

	3OH!3: STARSTRUKK (feat. Katy Perry) [cached]

Searching: Glee Cast: True Colors

	Glee Cast: True Colors (Glee Cast Version) [cached]

Searching: Glee Cast: Hello, I Love You

	Glee Cast: Hello, I Love You (Glee Cast Version) [cached]

Searching: Lee DeWyze & Crystal Bowersox: Falling Slowly
=========> Lee DeWyze: Falling Slowly

	 NOT FOUND

Searching: Christina Aguilera: Bionic

	Christina Aguilera: Bionic [cached]

Searching: Hannah Montana Featuring Iyaz: Gonna Get This

	Hannah Montana: Gonna Get This [cached]

Searching: 3OH!3: Hit It Again

	3OH!3: Hit It Again - Single Version [cached]

Searching: Wiz Khalifa: The Race

	Wiz Khalifa: The Race [cached]

Searching: Glee Cast Featuring Gwyneth Paltrow: Turning Tables

	Glee Cast: Turning Tables (Glee Cast Version) (feat. Gwyneth Paltrow) [cached]

Searching: Shania Twain: Today Is Your Day

	Shania Twain: Today Is Your Day [cached]

Searching: T.I. Featuring Big K.R.I.T.: I'm Flexin'

	T.I.: I'm Flexin' (feat. Big K.R.I.T.) [cached]

Searching: Glee Cast: I Kissed A Girl

	Glee Cast: I Kissed A Girl (Glee Cast Version) [cached]

Searching: Glee Cast: What Doesn't Kill You (Stronger)

	Glee Cast: What Doesn't Kill You (Stronger) (Glee Cast Version) [cached]

Searching: Greg Bates: Did It For The Girl

	Greg Bates: Did It For The Girl [cached]

Searching: Dierks Bentley: Tip It On Back

	Dierks Bentley: Tip It On Back [cached]

Searching: Jonn Hart Featuring IamSU!: Who Booty

	Jonn Hart: Who Booty (feat. IamSu) [cached]

Searching: Tyga Featuring Cedric Gervais, Wiz Khalifa & Mally Mall: Molly

	Tyga: Molly [cached]

Searching: The Swon Brothers: Danny's Song
=========> Swon Brothers: Danny s Song

	 NOT FOUND

Searching: Austin Mahone: What About Love

	Austin Mahone: What About Love [cached]

Searching: 2 Chainz Featuring Pharrell: Feds Watching

	2 Chainz: Feds Watching [cached]

Searching: Daughtry: Waiting For Superman

	Daughtry: Waiting for Superman [cached]

Searching: Christina Grimmie & Adam Levine: Somebody That I Used To Know
=========> Christina Grimmie: Somebody That I Used To Know

	 NOT FOUND

Searching: John Legend: You & I (Nobody In The World)

	John Legend: You & I (Nobody in the World) [cached]

Searching: Mary Lambert: Secrets

	Mary Lambert: Secrets [cached]

Searching: Kid Rock: First Kiss

	Kid Rock: First Kiss [cached]

Searching: Kendrick Lamar: The Blacker The Berry

	Kendrick Lamar: The Blacker The Berry [cached]

Searching: Shaggy Featuring Mohombi, Faydee, Costi: I Need Your Love

	Shaggy: Habibi Love (I Need Your Love) (feat. Mohombi, Faydee & Costi) [cached]

Searching: Brad Paisley: Crushin' It

	Brad Paisley: Crushin' It [cached]

Searching: Jason Derulo: Cheyenne

	Jason Derulo: Cheyenne [cached]

Searching: The Lumineers: Ophelia

	The Lumineers: Ophelia [cached]

Searching: Dae Dae: Wat U Mean (Aye, Aye, Aye)

	Dae Dae: Wat U Mean (Aye, Aye, Aye) [cached]

Searching: Lady Gaga: A-YO

	Lady Gaga: You And I [cached]

Searching: Major Lazer Featuring PARTYNEXTDOOR & Nicki Minaj: Run Up

	Major Lazer: Run Up (feat. PARTYNEXTDOOR & Nicki Minaj) [cached]

Searching: Zayn Featuring PARTYNEXTDOOR: Still Got Time

	ZAYN: Still Got Time (feat. PARTYNEXTDOOR) [cached]

Searching: Chris Blue: Money On You

	 NOT FOUND

Searching: Niall Horan: Too Much To Ask

	Niall Horan: Too Much To Ask [cached]

Searching: Kip Moore: More Girls Like You

	Kip Moore: More Girls Like You [cached]

Searching: David Lee Murphy & Kenny Chesney: Everything's Gonna Be Alright

	David Lee Murphy: Everything's Gonna Be Alright [cached]

Searching: Halsey Featuring Big Sean & Stefflon Don: Alone

	Halsey: Alone (Feat. Big Sean & Stefflon Don) [cached]

Searching: The Chainsmokers Featuring Emily Warren: Side Effects

	The Chainsmokers: Side Effects [cached]

Searching: Lil Baby Featuring Gunna: Ready

	Lil Baby: Ready (feat. Gunna) [cached]

Searching: benny blanco, Tainy, Selena Gomez & J Balvin: I Can't Get Enough

	benny blanco: I Can’t Get Enough (benny blanco, Selena Gomez, J Balvin, Tainy) [cached]

Searching: Five Finger Death Punch Featuring Kenny Wayne Shepherd, Brantley Gilbert & Brian May: Blue On Black

	Five Finger Death Punch: Blue On Black (feat. Kenny Wayne Shepherd, Brantley Gilbert & Brian May) [cached]

Searching: Mabel: Don't Call Me Up

	Mabel: Don't Call Me Up [cached]

Searching: Lunay, Daddy Yankee & Bad Bunny: Soltera

	Lunay: Soltera - Remix [cached]

Searching: YoungBoy Never Broke Again: Hot Now

	YoungBoy Never Broke Again: Hot Now [cached]

Searching: Tory Lanez Featuring Chris Brown: The Take

	Tory Lanez: The Take (feat. Chris Brown) [cached]

Searching: BrockHampton: SUGAR

	BROCKHAMPTON: SUGAR [cached]

Searching: Riley Green: I Wish Grandpas Never Died

	Riley Green: I Wish Grandpas Never Died [cached]

Searching: A Boogie Wit da Hoodie Featuring Young Thug: Might Not Give Up

	A Boogie Wit da Hoodie: Might Not Give Up (feat. Young Thug) [cached]

Searching: Lil Uzi Vert: I Can Show You

	Lil Uzi Vert: I Can Show You [cached]

Searching: ROSALIA & Travis Scott: TKN

	ROSALÍA: TKN (feat. Travis Scott) [cached]

Searching: Ne-Yo & Jeremih: U 2 Luv

	Ne-Yo: U 2 Luv (Remix feat. Jeremih, Queen Naija, & Lil Durk) [cached]

Searching: King Von Featuring Polo G: The Code

	King Von: The Code (feat. Polo G) [cached]

Searching: Morgan Wallen: More Surprised Than Me

	Morgan Wallen: More Surprised Than Me [cached]
