Found 240/274 = 88%
34 not found: 
Patti Page: Two Thousand, Two Hundred, Twenty-Three Miles
Little Jo Ann: My Daddy Is President
Jo Ann & Troy: I Found A Love Oh What A Love
G.L. Crockett: It's A Man Down There
The Dave Clark Five: A Little Bit Now
Dyke And The Blazers: Funky Walk Part I (East)
Ben Colder: Harper Valley P.T.A. (Later That Same Day)
Mama Cass: California Earthquake
Al Wilson: Lodi
Major Lance: Stay Away From Me (I Love You Too Much)
Diane Kolby: Holy Man
Waldo De Los Rios: Mozart Symphony No. 40 In G Minor K.550, 1st Movement
Firefly: Hey There Little Firefly Part I
Hamilton, Joe Frank & Dennison: Light Up The World With Sunshine
Paul Nicholas: On The Strip
Ian Matthews: Give Me An Inch
The Headboys: The Shape Of Things To Come
Ozark Mountain Daredevils: Take You Tonight
Gary Burbank With Band McNally: Who Shot J.R.?
Stars On 45: Medley II
Misiing Persons: Give
Thirty Eight Special: Rock & Roll Strategy
Thirty Eight Special: Comin' Down Tonight
Grayson Hugh & Betty Wright: How 'Bout Us (From "True Love")
Cause And Effect: It's Over Now
Elastica: Stutter
Genius/GZA Featuring Method Man: Shadowboxin'
She Moves: It's Your Love
Young Jeezy Featuring Mannie Fresh: And Then What
Andrew Seeley & Vanessa Anne Hudgens: What I've Been Looking For (Reprise)
David Cook: Always Be My Baby
Drake: Hate Sleeping Alone
Future: Fly S**t Only
Labrinth, Sia & Diplo Present... LSD: Thunderclouds
--------- log -----------
Searching: The Four Preps: Big Man

	The Four Preps: Big Man [cached]

Searching: Bill Haley And His Comets: Lean Jean

	Bill Haley & His Comets: Lean Jean [cached]

Searching: Polly Bergen: Come Prima (Koma Preema)

	Polly Bergen: Come Prima (For the First Time) (with Glenn Osser & His Orchestra) - Single Version [cached]

Searching: Eugene Church: Miami

	Eugene Church: Miami [cached]

Searching: Carl Dobkins, Jr.: If You Don't Want My Lovin'

	Carl Dobkins, Jr.: If You Don't Want My Lovin' [cached]

Searching: Patti Page: Two Thousand, Two Hundred, Twenty-Three Miles
=========> Patti Page: Two Thousand  Two Hundred  Twenty

	 NOT FOUND

Searching: Sonny James: Jenny Lou

	Sonny James: Jenny Lou [cached]

Searching: Anthony Newley: If She Should Come To You (La Montana)

	Anthony Newley: If She Should Come To You [cached]

Searching: Della Reese: The Most Beautiful Words

	Della Reese: The Most Beautiful Words [cached]

Searching: Steve Lawrence: Somewhere Along The Way

	Steve Lawrence: Somewhere Along the Way [cached]

Searching: Fats Domino: I Hear You Knocking

	Fats Domino: I Hear You Knocking - Remastered 2002 [cached]

Searching: Sandy Nelson: Drummin' Up A Storm

	Sandy Nelson: Drumming Up A Storm [cached]

Searching: Bert Kaempfert And His Orchestra: That Happy Feeling

	Bert Kaempfert: That Happy Feeling [cached]

Searching: Little Jo Ann: My Daddy Is President

	 NOT FOUND

Searching: The Jive Five With Eugene Pitts: What Time Is It?

	The Jive Five: What Time Is It [cached]

Searching: Dave "Baby" Cortez: Happy Weekend

	Dave "Baby" Cortez: Happy Weekend [cached]

Searching: Freddy Cannon: If You Were A Rock And Roll Record

	Freddy Cannon: If You Were A Rock & Roll Record [cached]

Searching: Rick Nelson: I'm In Love Again

	Ricky Nelson: I'm In Love Again - Remastered 1991 [cached]

Searching: The Four Pennies: My Block

	The Four Pennies: My Block [cached]

Searching: Ace Cannon: Cottonfields

	Ace Cannon: Cottonfields [cached]

Searching: The Marvelettes: My Daddy Knows Best

	The Marvelettes: My Daddy Knows Best [cached]

Searching: Burl Ives: This Is All I Ask

	Burl Ives: This Is All I Ask [cached]

Searching: Anna King: If Somebody Told You

	Anna King: If Somebody Told You [cached]

Searching: Bill Black's Combo: Comin' On

	Bill Black's Combo: Comin' On [cached]

Searching: Hank Williams Jr.: Long Gone Lonesome Blues

	Hank Williams, Jr.: Long Gone Lonesome Blues [cached]

Searching: Garnet Mimms: One Girl

	Garnet Mimms: One Girl [cached]

Searching: Carla Thomas: I've Got No Time To Lose

	Carla Thomas: I've Got No Time To Lose - Single/ [cached]

Searching: Jimmy Smith: The Cat

	Jimmy Smith: The Cat [cached]

Searching: Andy Williams: Almost There

	Andy Williams: Almost There [cached]

Searching: Walter Jackson: It's All Over

	Walter Jackson: It's All Over [cached]

Searching: Brook Benton: Do It Right

	Brook Benton: Don't Think Twice It's All Right - 2013 Japan Remaster [cached]

Searching: Jo Ann & Troy: I Found A Love Oh What A Love
=========> Jo Ann: I Found A Love Oh What A Love

	 NOT FOUND

Searching: Billy J. Kramer With The Dakotas: It's Gotta Last Forever

	Billy J. Kramer: It's Gotta Last Forever - Mono; 1998 Remaster [cached]

Searching: Julie Rogers: Like A Child

	Julie Rogers: Like a Child [cached]

Searching: Thee Midniters: Land Of A Thousand Dances (Part I)

	Thee Midniters: Land of a Thousand Dances [cached]

Searching: The Righteous Brothers: You Can Have Her

	The Righteous Brothers: You Can Have Her - Single Version [cached]

Searching: G.L. Crockett: It's A Man Down There
=========> G L  Crockett: It s A Man Down There

	 NOT FOUND

Searching: Johnny Thunder: Everybody Do The Sloopy

	Johnny Thunder: Everybody Do The Sloopy [cached]

Searching: Joe Tex: I Believe I'm Gonna Make It

	Joe Tex: I Believe I'm Gonna Make It [cached]

Searching: The Chiffons: Out Of This World

	The Chiffons: Out Of This World [cached]

Searching: The McCoys: Don't Worry Mother, Your Son's Heart Is Pure

	The McCoys: Don't Worry Mother, Your Son's Heart Is Pure [cached]

Searching: Howard Tate: Look At Granny Run, Run

	Howard Tate: Look At Granny Run Run [cached]

Searching: Ramsey Lewis: One, Two, Three

	Ramsey Lewis: One, Two, Three [cached]

Searching: Shirley Ellis: Soul Time

	Shirley Ellis: Soul Time - Single Version [cached]

Searching: The Romeos: Precious Memories

	The Romeos: Precious Memories [cached]

Searching: The Dave Clark Five: A Little Bit Now
=========> Dave Clark Five: A Little Bit Now

	 NOT FOUND

Searching: Bettye Swann: Fall In Love With Me

	Bettye Swann: Fall in Love with Me [cached]

Searching: Jimi Hendrix: Foxey Lady

	Jimi Hendrix: Foxey Lady [cached]

Searching: Albert King: Cold Feet

	Albert King: Cold Feet [cached]

Searching: Elvis Presley With The Jordanaires: Stay Away

	Elvis Presley: Stay Away [cached]

Searching: Dyke And The Blazers: Funky Walk Part I (East)
=========> Dyke: Funky Walk Part I

	 NOT FOUND

Searching: Ronnie Dove: Mountain Of Love

	Ronnie Dove: Mountain of Love [cached]

Searching: The Happenings: Breaking Up Is Hard To Do

	The Happenings: Breaking Up Is Hard To Do [cached]

Searching: Strawberry Alarm Clock: Barefoot In Baltimore

	Strawberry Alarm Clock: Barefoot In Baltimore [cached]

Searching: Ben Colder: Harper Valley P.T.A. (Later That Same Day)
=========> Ben Colder: Harper Valley P T A

	 NOT FOUND

Searching: Mama Cass: California Earthquake

	 NOT FOUND

Searching: Eric Burdon & The Animals: White Houses

	Eric Burdon & the Animals: White Houses [cached]

Searching: Barbara Acklin: Just Ain't No Love

	Barbara Acklin: Just Ain't No Love [cached]

Searching: Tammi Terrell: This Old Heart Of Mine (Is Weak For You)

	Tammi Terrell: This Old Heart Of Mine (Is Weak For You) [cached]

Searching: Dorsey Burnette: The Greatest Love

	Dorsey Burnette: The Greatest Love [cached]

Searching: The Iveys: Maybe Tomorrow

	The Iveys: Maybe Tomorrow - Stereo Version/2010 Remaster [cached]

Searching: Canned Heat: Time Was

	Canned Heat: Time Was [cached]

Searching: The Box Tops: I Shall Be Released

	The Box Tops: I Shall Be Released - Digitally Remastered: 1996 [cached]

Searching: The Arbors: I Can't Quit Her

	The Arbors: I Can't Quit Her/For Emily, Whenever I May Find Her [cached]

Searching: The Watts 103rd Street Rhythm Band: Till You Get Enough

	Charles Wright & The Watts 103rd Street Rhythm Band: Till You Get Enough [cached]

Searching: Al Wilson: Lodi

	 NOT FOUND

Searching: Marvin Gaye: Gonna Give Her All The Love I've Got

	Marvin Gaye: Gonna Give Her All The Love I've Got [cached]

Searching: Pickettywitch: That Same Old Feeling

	Pickettywitch: That Same Old Feeling [cached]

Searching: Major Lance: Stay Away From Me (I Love You Too Much)
=========> Major Lance: Stay Away From Me

	 NOT FOUND

Searching: Diane Kolby: Holy Man

	 NOT FOUND

Searching: James Taylor: Carolina In My Mind

	James Taylor: Carolina in My Mind [cached]

Searching: Brook Benton With The Dixie Flyers: Shoes

	Brook Benton: Shoes [cached]

Searching: The New Seekers featuring Eve Graham: Beautiful People

	The New Seekers: Beautiful People [cached]

Searching: R. Dean Taylor: Gotta See Jane

	R. Dean Taylor: Gotta See Jane - Single Version / Mono [cached]

Searching: Waldo De Los Rios: Mozart Symphony No. 40 In G Minor K.550, 1st Movement
=========> Waldo De Los Rios: Mozart Symphony No  40 In G Minor K 550  1st Movement

	 NOT FOUND

Searching: The JB's: Gimme Some More

	The J.B.'s: Gimme Some More [cached]

Searching: T. Rex: Telegram Sam

	T. Rex: Telegram Sam [cached]

Searching: Tommy James: Love Song

	Tommy James: Love Song [cached]

Searching: The Dramatics: Toast To The Fool

	The Dramatics: Toast To The Fool [cached]

Searching: Rare Earth: Good Time Sally

	Rare Earth: Good Time Sally [cached]

Searching: Bobby Darin: Happy

	Bobby Darin: Happy - Love Theme From "Lady Sings The Blues" [cached]

Searching: James Taylor: One Man Parade

	James Taylor: One Man Parade - 2019 Remaster [cached]

Searching: Willie Hutch: Brother's Gonna Work It Out

	Willie Hutch: Brother's Gonna Work It Out [cached]

Searching: Eddie Kendricks: Darling Come Back Home

	Eddie Kendricks: Darling Come Back Home [cached]

Searching: America: Muskrat Love

	America: Muskrat Love [cached]

Searching: Ripple: I Don't Know What It Is, But It Sure Is Funky

	Ripple: I Don’t Know What It Is, But It Sure Is Funky [cached]

Searching: Linda Ronstadt: Silver Threads And Golden Needles

	Linda Ronstadt: Silver Threads And Golden Needles [cached]

Searching: Razzy: I Hate Hate

	Razzy Bailey: I Still Hate Hate - Santiga Remix [cached]

Searching: Narvel Felts: Reconsider Me

	Narvel Felts: Reconsider Me [cached]

Searching: Alice Cooper: Department Of Youth

	Alice Cooper: Department of Youth [cached]

Searching: Curtis Mayfield: So In Love

	Curtis Mayfield: So in Love [cached]

Searching: The Allman Brothers Band: Nevertheless/Louisiana Lou And Three Card Monty John

	Allman Brothers Band: Nevertheless [cached]

Searching: Firefly: Hey There Little Firefly Part I

	 NOT FOUND

Searching: Dan Hill: Growin' Up

	Dan Hill: Growing Up [cached]

Searching: Willie Nelson: Remember Me

	Willie Nelson: Remember Me (When the Candle Lights Are Gleaming) [cached]

Searching: Hamilton, Joe Frank & Dennison: Light Up The World With Sunshine
=========> Hamilton  Joe Frank: Light Up World With Sunshine

	 NOT FOUND

Searching: Gallagher And Lyle: Heart On My Sleeve

	Gallagher And Lyle: Heart On My Sleeve [cached]

Searching: Rod Hart: C.b. Savage

	Rod Hart: C.B. Savage [cached]

Searching: Foghat: I'll Be Standing By

	Foghat: I'll Be Standing By - 2016 Remaster [cached]

Searching: Vicki Sue Robinson: Hold Tight

	Vicki Sue Robinson: Hold Tight [cached]

Searching: Kraftwerk: Trans-europe Express

	Kraftwerk: Trans-Europe Express - 2009 Remaster [cached]

Searching: Andrew Gold: Never Let Her Slip Away

	Andrew Gold: Never Let Her Slip Away [cached]

Searching: Paul Nicholas: On The Strip
=========> Paul Nicholas: On Strip

	 NOT FOUND

Searching: Chilliwack: Arms Of Mary

	Chilliwack: Arms Of Mary [cached]

Searching: Clout: Substitute

	Clout: Substitute [cached]

Searching: Karen Young: Hot Shot

	Karen Young: Hot Shot [cached]

Searching: The J. Geils Band: Take It Back

	The J. Geils Band: Take It Back [cached]

Searching: Ian Matthews: Give Me An Inch

	 NOT FOUND

Searching: Maze Featuring Frankie Beverly: Feel That You're Feelin'

	Maze: Feel That You're Feelin' - Live / 24-Bit Remastered 2002 / 2003 Digital Remaster [cached]

Searching: Philly Cream: Motown Review

	Philly Cream: Motown Review [cached]

Searching: The Headboys: The Shape Of Things To Come
=========> Headboys: Shape Of Things To Come

	 NOT FOUND

Searching: Jennifer Warnes: Don't Make Me Over

	Jennifer Warnes: Don't Make Me Over [cached]

Searching: Aerosmith: Remember (Walking In The Sand)

	Aerosmith: Remember (Walking In The Sand) [cached]

Searching: Neil Diamond: The Good Lord Loves You

	Neil Diamond: The Good Lord Loves You [cached]

Searching: The Fools: It's A Night For Beautiful Girls

	The Fools: It's A Night For Beautiful Girls [cached]

Searching: Ozark Mountain Daredevils: Take You Tonight

	 NOT FOUND

Searching: Gary Burbank With Band McNally: Who Shot J.R.?
=========> Gary Burbank: Who Shot J R

	 NOT FOUND

Searching: Frank Stallone: Case Of You

	Frank Stallone: Case of You [cached]

Searching: The Brothers Johnson: The Real Thing

	The Brothers Johnson: The Real Thing [cached]

Searching: Stars On 45: Medley II

	 NOT FOUND

Searching: Larry Graham: Just Be My Lady

	Larry Graham: Just Be My Lady [cached]

Searching: The Temptations: Aiming At Your Heart

	The Temptations: Aiming At Your Heart [cached]

Searching: The Alan Parsons Project: Snake Eyes

	The Alan Parsons Project: Snake Eyes [cached]

Searching: The Knack: Pay The Devil (Ooo, Baby, Ooo)

	The Knack: Pay The Devil (Ooo, Baby, Ooo) - 2002 Digital Remaster; 24 Bit Mastering [cached]

Searching: David Bowie: Cat People (Putting Out Fire)

	David Bowie: Cat People (Putting Out Fire) - Single Version, 2002 Remaster [cached]

Searching: Clocks: She Looks A Lot Like You

	The Clocks: She Looks a Lot Like You [cached]

Searching: Judas Priest: You've Got Another Thing Comin'

	Judas Priest: You've Got Another Thing Coming [cached]

Searching: The Spinners: Funny How Time Slips Away

	The Spinners: Funny How Time Slips Away [cached]

Searching: Chaka Khan: Got To Be There

	Chaka Khan: Got to Be There [cached]

Searching: Yaz: Only You

	Yazoo: Only You [cached]

Searching: The Pointer Sisters: If You Wanna Get Back Your Lady

	The Pointer Sisters: If You Wanna Get Back Your Lady [cached]

Searching: Thomas Dolby: Europa And The Pirate Twins

	Thomas Dolby: Europa And The Pirate Twins - 2009 Remastered Version [cached]

Searching: Misiing Persons: Give

	 NOT FOUND

Searching: Shakin' Stevens: I Cry Just A Little Bit

	Shakin' Stevens: I Cry Just a Little Bit [cached]

Searching: Stephen Stills: Can't Let Go

	Stephen Stills: I Can't Let Go [cached]

Searching: Jermaine Jackson: (Closest Thing To) Perfect

	Jermaine Jackson: (Closest Thing To) Perfect [cached]

Searching: Kim Carnes: Abadabadango

	Kim Carnes: Abadabadango [cached]

Searching: Belouis Some: Some People

	Belouis Some: Some People [cached]

Searching: Krokus: School's Out

	Krokus: School's Out [cached]

Searching: Five Star: If I Say Yes

	Five Star: If I Say Yes [cached]

Searching: Jack Wagner: Weatherman Says

	Jack Wagner: Weatherman Says [cached]

Searching: Prince: If I Was Your Girlfriend

	Prince: If I Was Your Girlfriend [cached]

Searching: Jimmy Davis & Junction: Kick The Wall

	Jimmy Davis: Kick the Wall [cached]

Searching: Mick Jagger: Throwaway

	Mick Jagger: Throwaway [cached]

Searching: Glenn Medeiros: Lonely Won't Leave Me Alone

	Glenn Medeiros: Lonely Won't Leave Me Alone [cached]

Searching: Earth, Wind & Fire: Thinking Of You

	Earth, Wind & Fire: Thinking of You [cached]

Searching: Noel: Like A Child

	Noel: Like A Child [cached]

Searching: Thirty Eight Special: Rock & Roll Strategy
=========> Thirty Eight Special: Rock   Roll Strategy

	 NOT FOUND

Searching: Marc Almond: Tears Run Rings

	Marc Almond: Tears Run Rings [cached]

Searching: Figures On A Beach: You Ain't Seen Nothing Yet

	Figures On A Beach: You Ain't Seen Nothing Yet [cached]

Searching: Thirty Eight Special: Comin' Down Tonight
=========> Thirty Eight Special: Comin  Down Tonight

	 NOT FOUND

Searching: Tangier: On The Line

	Tangier: On the Line [cached]

Searching: Underworld: Stand Up

	Underworld: Stand Up [cached]

Searching: Enuff Z'Nuff: New Thing

	Enuff Z'Nuff: New Thing [cached]

Searching: Shooting Star: Touch Me Tonight

	Shooting Star: Touch Me Tonight [cached]

Searching: Grayson Hugh & Betty Wright: How 'Bout Us (From "True Love")
=========> Grayson Hugh: How  Bout Us

	 NOT FOUND

Searching: Shawn Christopher: Another Sleepless Night

	Shawn Christopher: Another Sleepless Night - Bassman Mix [cached]

Searching: Ice-T: New Jack Hustler (Nino's Theme) (From "New Jack City")

	Ice-T: New Jack Hustler (Nino's Theme) [cached]

Searching: The Commitments: Try A Little Tenderness

	The Commitments: Try A Little Tenderness [cached]

Searching: Lil Suzy: Take Me In Your Arms

	Lil Suzy: Take Me In Your Arms [cached]

Searching: Apache: Gangsta Bitch

	Apache: Gangsta Bitch [cached]

Searching: Michael Cooper: Shoop Shoop (Never Stop Givin' You Love)

	Michael Cooper: Shoop Shoop (Never Stop Givin' You Love) [cached]

Searching: 10,000 Maniacs: Candy Everybody Wants

	10,000 Maniacs: Candy Everybody Wants [cached]

Searching: Porno For Pyros: Pets

	Porno for Pyros: Pets [cached]

Searching: H-Town: Lick U Up

	H-Town: Lick You Up [cached]

Searching: The Lemonheads: Into Your Arms

	The Lemonheads: Into Your Arms [cached]

Searching: Gang Starr: Mass Appeal

	Gang Starr: Mass Appeal [cached]

Searching: Cause And Effect: It's Over Now
=========> Cause: It s Over Now

	 NOT FOUND

Searching: Fu-Schnickens: Breakdown

	FU-Schnickens: Breakdown [cached]

Searching: Harry Connick, Jr.: (I Could Only) Whisper Your Name

	Harry Connick, Jr.: (I Could Only) Whisper Your Name [cached]

Searching: The Beatles: Baby It's You

	The Beatles: Baby It's You - Remastered 2009 [cached]

Searching: Des'ree: Feel So High

	Des'ree: Feel so High [cached]

Searching: Vanessa Williams: The Way That You Love

	Vanessa Williams: The Way That You Love - Late Night Mix [cached]

Searching: Jill Sobule: I Kissed A Girl

	Jill Sobule: I Kissed a Girl [cached]

Searching: Amy Grant: Big Yellow Taxi

	Amy Grant: Big Yellow Taxi [cached]

Searching: Elastica: Stutter

	 NOT FOUND

Searching: Lost Boyz: Jeeps, Lex Coups, Bimaz & Benz

	Lost Boyz: Jeeps, Lex Coups, Bimaz & Benz [cached]

Searching: Genius/GZA Featuring Method Man: Shadowboxin'
=========> Genius: Shadowboxin

	 NOT FOUND

Searching: Faith Evans: Ain't Nobody/Kissing You

	Faith Evans: Ain't Nobody (Who Could Love Me) - Club Version; Puffy & Chucky Remix [Puffy & Chucky Remix] [cached]

Searching: Men Of Vizion: House Keeper

	Men of Vizion: House Keeper [cached]

Searching: The Badlees: Angeline Is Coming Home

	The Badlees: Angeline Is Coming Home [cached]

Searching: Richie Rich: Let's Ride

	Richie Rich: Let's Ride [cached]

Searching: Livin' Joy: Don't Stop Movin'

	Livin' Joy: Don't Stop Movin' - Radio Mix [cached]

Searching: The Kinleys: Please

	The Kinleys: Please - Single Version [cached]

Searching: 2Pac: I Wonder If Heaven Got A Ghetto

	2Pac: I Wonder If Heaven Got A Ghetto [cached]

Searching: Insane Clown Posse: Santa's A Fat Bitch

	Insane Clown Posse: Santa's A Fat Bitch [cached]

Searching: David Kersh: If I Never Stop Loving You

	David Kersh: If I Never Stop Loving You [cached]

Searching: She Moves: It's Your Love
=========> She Moves: It s Your Love

	 NOT FOUND

Searching: Olivia Newton-John: I Honestly Love You (David Foster Vers.)

	Olivia Newton-John: I Honestly Love You - Live [cached]

Searching: Wade Hayes: How Do You Sleep At Night

	Wade Hayes: How Do You Sleep At Night [cached]

Searching: Raphael Saadiq & Q-Tip: Get Involved

	Raphael Saadiq: Get Involved [cached]

Searching: 'N Sync: I Drive Myself Crazy

	*NSYNC: Thinking Of You (I Drive Myself Crazy) - Remix [cached]

Searching: B*Witched: Rollercoaster

	B*Witched: Rollercoaster [cached]

Searching: Bush: The Chemicals Between Us

	Bush: The Chemicals Between Us - Remastered [cached]

Searching: DMX: What's My Name

	DMX: What's My Name [cached]

Searching: Ricky Martin Featuring Meja: Private Emotion

	Ricky Martin: Private Emotion (feat. Meja) [cached]

Searching: Tool: Schism

	TOOL: Schism [cached]

Searching: Audioslave: Show Me How To Live

	Audioslave: Show Me How to Live [cached]

Searching: Billy Currington: Walk A Little Straighter

	Billy Currington: Walk A Little Straighter [cached]

Searching: Velvet Revolver: Fall To Pieces

	Velvet Revolver: Fall to Pieces [cached]

Searching: Young Jeezy Featuring Mannie Fresh: And Then What
=========> Young Jeezy: And Then What

	 NOT FOUND

Searching: Charlie Wilson: Charlie Last Name: Wilson

	Charlie Wilson: Charlie, Last Name Wilson [cached]

Searching: P$C Featuring T.I. & Lil Scrappy: I'm A King

	Pyotr Ilyich Tchaikovsky: The Nutcracker - Ballet, Op.71, Act II: No. 10 - The Kingdom of Sweets [cached]

Searching: Chris Cagle: Miss Me Baby

	Chris Cagle: Miss Me Baby [cached]

Searching: Trey Songz: Gotta Go

	Trey Songz: Gotta Make It (feat. Twista) [cached]

Searching: Andrew Seeley & Vanessa Anne Hudgens: What I've Been Looking For (Reprise)
=========> Andrew Seeley: What I ve Been Looking For

	 NOT FOUND

Searching: Hannah Montana: I Got Nerve

	Hannah Montana: I Got Nerve - From "Hannah Montana"/Soundtrack Version [cached]

Searching: Toby Keith: High Maintenance Woman

	Toby Keith: High Maintenance Woman [cached]

Searching: My Chemical Romance: Teenagers

	My Chemical Romance: Teenagers [cached]

Searching: Alvin And The Chipmunks: Bad Day

	Alvin & The Chipmunks: Bad Day [cached]

Searching: Craig Morgan: International Harvester

	Craig Morgan: International Harvester [cached]

Searching: Puddle Of Mudd: Psycho

	Puddle Of Mudd: Psycho [cached]

Searching: David Cook: Always Be My Baby

	 NOT FOUND

Searching: Usher: Moving Mountains

	Usher: Moving Mountains [cached]

Searching: Metallica: My Apocalypse

	Metallica: My Apocalypse [cached]

Searching: The Killers: Spaceman

	The Killers: Spaceman [cached]

Searching: Lady Antebellum: Lookin' For A Good Time

	Lady A: Lookin' For A Good Time [cached]

Searching: Beyonce: At Last

	Beyoncé: At Last [cached]

Searching: Carolina Liar: Show Me What I'm Looking For

	Carolina Liar: Show Me What I'm Looking For [cached]

Searching: All Time Low: Damned If I Do Ya (Damned If I Don't)

	All Time Low: Damned If I Do Ya (Damned If I Don't) [cached]

Searching: Paramore: Ignorance

	Paramore: Ignorance [cached]

Searching: Glee Cast: Imagine

	Glee Cast: Imagine (Glee Cast Version) [cached]

Searching: Eminem: Elevator

	Eminem: Elevator [cached]

Searching: Brad Paisley: American Saturday Night

	Brad Paisley: American Saturday Night [cached]

Searching: B.o.B: Don't Let Me Fall

	B.o.B: Don't Let Me Fall [cached]

Searching: Eric Church: Hell On The Heart

	Eric Church: Hell On The Heart [cached]

Searching: V V Brown: Shark In The Water

	V V Brown: Shark In The Water [cached]

Searching: YG: Toot It And Boot It

	YG: Toot It And Boot It - Edited Version [cached]

Searching: Glee Cast: You Can't Stop The Beat

	Glee Cast: You Can't Stop The Beat (Glee Cast Version) [cached]

Searching: Drake: Hate Sleeping Alone

	 NOT FOUND

Searching: Van Halen: Tattoo

	Van Halen: Tattoo [cached]

Searching: Chris Brown: Don't Judge Me

	Chris Brown: Don't Judge Me [cached]

Searching: Drake Featuring Jhene Aiko: From Time

	Drake: From Time [cached]

Searching: Fitz And The Tantrums: The Walker

	Fitz and The Tantrums: The Walker [cached]

Searching: Brantley Gilbert Featuring Justin Moore & Thomas Rhett: Small Town Throwdown

	Brantley Gilbert: Small Town Throwdown [cached]

Searching: Iggy Azalea Featuring Jennifer Hudson: Trouble

	Iggy Azalea: Trouble [cached]

Searching: Little Mix: Black Magic

	Little Mix: Black Magic [cached]

Searching: Chase Rice: Gonna Wanna Tonight

	Chase Rice: Gonna Wanna Tonight [cached]

Searching: Justin Bieber: Life Is Worth Living

	Justin Bieber: Life Is Worth Living [cached]

Searching: Bryson Tiller: Sorry Not Sorry

	Bryson Tiller: Sorry Not Sorry [cached]

Searching: Future: Fly S**t Only
=========> Future: Fly S  t Only

	 NOT FOUND

Searching: Kanye West: Ultralight Beam

	Kanye West: Ultralight Beam [cached]

Searching: Jason Derulo: If It Ain't Love

	Jason Derulo: If It Ain't Love [cached]

Searching: Red Hot Chili Peppers: Dark Necessities

	Red Hot Chili Peppers: Dark Necessities [cached]

Searching: The Weeknd: Attention

	The Weeknd: Attention [cached]

Searching: Sundance Head: Darlin' Don't Go

	Sundance Head: Darlin' Don't Go [cached]

Searching: Brad Paisley: Today

	Brad Paisley: Today [cached]

Searching: Lauren Alaina: Road Less Traveled

	Lauren Alaina: Road Less Traveled [cached]

Searching: Kygo & Ellie Goulding: First Time

	Kygo: First Time [cached]

Searching: Gucci Mane Featuring The Weeknd: Curve

	Gucci Mane: Curve (feat. The Weeknd) [cached]

Searching: BTS: DNA

	BTS: DNA [cached]

Searching: Jason Aldean: They Don't Know

	Jason Aldean: They Don't Know [cached]

Searching: Chris Janson: Fix A Drink

	Chris Janson: Fix a Drink [cached]

Searching: Big Sean & Metro Boomin Featuring Travis Scott: Go Legend

	Big Sean: Go Legend (& Metro Boomin) [cached]

Searching: KIDS SEE GHOSTS: Fire

	KIDS SEE GHOSTS: 4th Dimension [cached]

Searching: Juice WRLD Featuring Lil Uzi Vert: Wasted

	Juice WRLD: Wasted (feat. Lil Uzi Vert) [cached]

Searching: Eminem Featuring Jessie Reyez: Good Guy

	Eminem: Good Guy (feat. Jessie Reyez) [cached]

Searching: Labrinth, Sia & Diplo Present... LSD: Thunderclouds
=========> Labrinth  Sia: Thunderclouds

	 NOT FOUND

Searching: 21 Savage: All My Friends

	21 Savage: all my friends [cached]

Searching: Kehlani Featuring Ty Dolla $ign: Nights Like This

	Kehlani: Nights Like This (feat. Ty Dolla $ign) [cached]

Searching: Michael Ray: One That Got Away

	Michael Ray: One That Got Away [cached]

Searching: ScHoolboy Q Featuring 21 Savage: Floating

	ScHoolboy Q: Floating (feat. 21 Savage) [cached]

Searching: Tyler, The Creator: Igor's Theme

	Tyler, The Creator: IGOR'S THEME [cached]

Searching: Chris Brown Featuring Justin Bieber & Ink: Don't Check On Me

	Chris Brown: Don't Check On Me (feat. Justin Bieber & Ink) [cached]

Searching: Taylor Swift: Death By A Thousand Cuts

	Taylor Swift: Death By A Thousand Cuts [cached]

Searching: YoungBoy Never Broke Again: Dirty Iyanna

	YoungBoy Never Broke Again: Dirty Iyanna [cached]

Searching: Eminem: Premonition (Intro)

	Eminem: Premonition - Intro [cached]

Searching: Rod Wave: Pray 4 Love

	Rod Wave: Pray 4 Love [cached]

Searching: Gunna: Argentina

	Gunna: ARGENTINA [cached]

Searching: YoungBoy Never Broke Again: All In

	YoungBoy Never Broke Again: All In [cached]

Searching: Future & Lil Uzi Vert: Million Dollar Play

	Future: Million Dollar Play [cached]

Searching: Taylor Swift: Dorothea

	Taylor Swift: dorothea [cached]

Searching: Black Eyed Peas X Shakira: Girl Like Me

	Black Eyed Peas: GIRL LIKE ME [cached]

Searching: Lil Yachty Featuring Kodak Black: Hit Bout It

	Lil Yachty: Hit Bout It [cached]
