Found 237/264 = 90%
27 not found: 
Sammy Kaye And His Orchestra: Welcome Home
The Corsairs Featuring Jay "Bird" Uzzell: I'll Take You Home
Vince Edwards: Why Did You Leave Me?
Johnny Mathis: Your Teenage Dreams
Herb Alpert's Tijuana Brass: Whipped Cream
Ray Charles: Feel So Bad
Traffic, Etc.: Gimme Some Lovin'-Pt. 1
Travis Wammack: How Can I Tell You
Terry Jacks: If You Go Away
The Impressions: Sooner Or Later
Roger Daltrey: Come And Get Your Love
David Castle: Ten To Eight
Spyro Gyra: Catching The Sun
Yipes!!: Darlin'
Billy Burnette: Don't Say No
The Joe Chemay Band: Proud
Robert John: Bread And Butter
The Beach Boys: Rock'N'roll To The Rescue
Bruce Willis: Young Blood
New Order: Blue Monday 1988
Candi: Dancing Under A Latin Moon
Bardeux: I Love The Bass
The U-Krew: Let Me Be Your Lover
Classic Example: It's Alright (From "South Central")
Joe Nichols: If Nobody Believed In You
Lily Allen: F*ck You
Birdman Featuring Nicki Minaj & Lil Wayne: Y.U. Mad
--------- log -----------
Searching: Ivan: Real Wild Child

	Ivan: Real Wild Child [cached]

Searching: Peggy Lee: Alright, Okay, You Win

	Peggy Lee: Alright, Okay, You Win [cached]

Searching: Tab Hunter: There's No Fool Like A Young Fool

	Tab Hunter: There's No Fool Like A Young Fool [cached]

Searching: The Wailers: Mau-Mau

	The Wailers: Mau Mau [cached]

Searching: Paul Gayten: The Hunch

	Paul Gayten: The Hunch [cached]

Searching: Mark Dinning: A Star Is Born (A Love Has Died)

	Mark Dinning: A Star Is Born (A Love Has Died) - Remastered [cached]

Searching: James Brown: The Bells

	James Brown & The Famous Flames: The Bells [cached]

Searching: Jimmy Reed: Close Together

	Jimmy Reed: Close Together [cached]

Searching: Sammy Kaye And His Orchestra: Welcome Home
=========> Sammy Kaye: Welcome Home

	 NOT FOUND

Searching: Steve Lawrence: My Claire De Lune

	Steve Lawrence: My Claire De Lune [cached]

Searching: Karl Hammel, Jr.: Summer Souvenirs

	Karl Hammel Jr: Summer Souvenirs [cached]

Searching: Chubby Checker: Twistin' U.S.A.

	Chubby Checker: Twistin' U.S.A. [cached]

Searching: Danny & The Juniors with Freddy Cannon: Twistin' All Night Long

	Danny & The Juniors: Twistin' All Night Long [cached]

Searching: The Brothers Four: Blue Water Line

	The Brothers Four: Blue Water Line [cached]

Searching: The Corsairs Featuring Jay "Bird" Uzzell: I'll Take You Home
=========> Corsairs: I ll Take You Home

	 NOT FOUND

Searching: Vince Edwards: Why Did You Leave Me?
=========> Vince Edwards: Why Did You Leave Me

	 NOT FOUND

Searching: Hank Snow: I've Been Everywhere

	Hank Snow: I've Been Everywhere - Remastered [cached]

Searching: Arthur Alexander: Anna (Go To Him)

	Arthur Alexander: Anna (Go to Him) [cached]

Searching: Mike Clifford: What To Do With Laurie

	Mike Clifford: What to Do with Laurie [cached]

Searching: Dickey Lee: Don't Wanna Think About Paula

	Dickey Lee: Don't Wanna Think About Paula [cached]

Searching: Jerry Butler: Whatever You Want

	Jerry Butler: Whatever You Want [cached]

Searching: Barbara Lynn: (I Cried at) Laura's Wedding

	Barbara Lynn: Laura's Wedding [cached]

Searching: Johnny Mathis: Your Teenage Dreams

	 NOT FOUND

Searching: The Beatles: Roll Over Beethoven

	The Beatles: Roll Over Beethoven - Remastered 2009 [cached]

Searching: Major Lance: It Ain't No Use

	Major Lance: It Ain't No Use [cached]

Searching: Major Lance: Girls

	Major Lance: Girls [cached]

Searching: The Manhattans: I Wanna Be (Your Everything)

	The Manhattans: I Wanna Be (Your Everything) [cached]

Searching: The Beatles: 4 - By The Beatles

	The Beatles: A Beginning (Take 4) / Don’t Pass Me By (Take 7) [cached]

Searching: Herb Alpert's Tijuana Brass: Whipped Cream
=========> Herb Alpert s Tijuana Brass: Whipped Cream

	 NOT FOUND

Searching: Jewel Akens: Georgie Porgie

	Jewel Akens: Georgie Porgie [cached]

Searching: Gerry And The Pacemakers: Give All Your Love To Me

	Gerry & The Pacemakers: Give All Your Love to Me [cached]

Searching: Patti LaBelle And The Blue Belles: All Or Nothing

	Patti LaBelle: All or Nothing [cached]

Searching: Roy Orbison: Too Soon To Know

	Roy Orbison: Too Soon To Know - Remastered 2015 [cached]

Searching: Jackie DeShannon: I Can Make It With You

	Jackie DeShannon: I Can Make It With You - Edit [cached]

Searching: Frankie Valli: The Proud One

	Frankie Valli: The Proud One [cached]

Searching: Damita Jo: If You Go Away

	Damita Jo: If You Go Away [cached]

Searching: The Choir: It's Cold Outside

	The Choir: It's Cold Outside [cached]

Searching: Sam The Sham and the Pharaohs: Black Sheep

	Sam The Sham & The Pharaohs: Black Sheep - Single Version [cached]

Searching: Jimmy Ruffin: Don't You Miss Me A Little Bit Baby

	Jimmy Ruffin: Don't You Miss Me A Little Bit Baby [cached]

Searching: Tom Jones: Sixteen Tons

	Tom Jones: Sixteen Tons [cached]

Searching: Fantastic Four: To Share Your Love

	The Fantastic Four: To Share Your Love [cached]

Searching: Laura Lee: Dirty Man

	Laura Lee: Dirty Man [cached]

Searching: The Grass Roots: Wake Up, Wake Up

	The Grass Roots: Wake Up, Wake Up [cached]

Searching: Carla Thomas: Pick Up The Pieces

	Carla Thomas: Pick Up The Pieces [cached]

Searching: Five Stairsteps & Cubie: A Million To One

	The Five Stairsteps: A Million to One [cached]

Searching: Marvin Gaye & Tammi Terrell: If This World Were Mine

	Marvin Gaye: If This World Were Mine [cached]

Searching: Esther & Abi Ofarim: Cinderella Rockefella

	Esther and Abi Ofarim: Cinderella Rockefella [cached]

Searching: Soul Survivors: Impossible Mission (Mission Impossible)

	The Soul Survivors: Impossible Mission (Mission Impossible) [cached]

Searching: Solomon Burke: I Wish I Knew (How It Would Feel To Be Free)

	Solomon Burke: I Wish I Knew (How It Would Feel to Be Free) [cached]

Searching: Radiants: Hold On

	The Radiants: Hold On [cached]

Searching: Cliff Nobles & Co.: Horse Fever

	Cliff Nobles: Horse Fever [cached]

Searching: Neil Diamond: Sunday Sun

	Neil Diamond: Sunday Sun [cached]

Searching: Joe Cocker: With A Little Help From My Friends

	Joe Cocker: With A Little Help From My Friends [cached]

Searching: Vanilla Fudge: Shotgun

	Vanilla Fudge: Shotgun - Single Version [cached]

Searching: Ike & Tina Turner: I've Been Loving You Too Long

	Ike & Tina Turner: I've Been Loving You Too Long [cached]

Searching: The O'Jays: One Night Affair

	The O'Jays: One Night Affair [cached]

Searching: Jefferson: The Colour Of My Love

	Jefferson: The Colour of My Love [cached]

Searching: The Honey Cone: Girls It Ain't Easy

	Honey Cone: Girls It Ain't Easy [cached]

Searching: Syl Johnson: Is It Because I'm Black

	Syl Johnson: Is It Because I'm Black [cached]

Searching: Edward Bear: You, Me And Mexico

	Edward Bear: You, Me And Mexico [cached]

Searching: Buddy Miles: Down By The River

	Buddy Miles: Down By The River [cached]

Searching: Wilson Pickett: She Said Yes

	Wilson Pickett: She Said Yes [cached]

Searching: The Presidents: Triangle Of Love (Hey Diddle Diddle)

	The Presidents: Triangle of Love (Hey Diddle Diddle) [cached]

Searching: B.B. King: Ghetto Woman

	B.B. King: Ghetto Woman [cached]

Searching: Ray Charles: Feel So Bad

	 NOT FOUND

Searching: James Brown: My Part/Make It Funky (Part 3)

	James Brown: My Part / Make It Funky - Pt. 3 & 4 [cached]

Searching: Traffic, Etc.: Gimme Some Lovin'-Pt. 1
=========> Traffic  Etc: Gimme Some Lovin

	 NOT FOUND

Searching: Hudson and Landry: Ajax Airlines

	Hudson & Landry: Ajax Airlines [cached]

Searching: Laura Lee: Rip Off

	Laura Lee: Rip Off [cached]

Searching: Steve & Eydie Featuring The Osmonds: We Can Make It Together

	Steve Lawrence: We Can Make It Together (feat. The Osmonds) [cached]

Searching: Paul Davis: Boogie Woogie Man

	Paul Davis: Boogie Woogie Man [cached]

Searching: Travis Wammack: How Can I Tell You

	 NOT FOUND

Searching: Slade: Gudbuy T' Jane

	Slade: Gudbuy T'Jane [cached]

Searching: Tufano & Giammarese: Music Everywhere

	Tufano & Giammarese: Music Everywhere [cached]

Searching: The Ebonys: It's Forever

	The Ebonys: It's Forever [cached]

Searching: Jerry Reed: Lord, Mr. Ford

	Jerry Reed: Lord, Mr. Ford [cached]

Searching: Moments: Gotta Find A Way

	The Moments: Gotta Find a Way [cached]

Searching: Dr. Hook And The Medicine Show: Life Ain't Easy

	Dr. Hook: Life Ain't Easy [cached]

Searching: Lobo: There Ain't No Way

	Lobo: There Ain't No Way [cached]

Searching: Bachman-Turner Overdrive: Blue Collar

	Bachman-Turner Overdrive: Blue Collar [cached]

Searching: Glen Campbell: Houston (I'm Comin' To See You)

	Glen Campbell: Houston (I'm Comin' To See You) [cached]

Searching: Terry Jacks: If You Go Away

	 NOT FOUND

Searching: Sweet Dreams: Honey Honey

	Sweet Dreams: Honey Honey [cached]

Searching: Sammy Johns: Early Morning Love

	Sammy Johns: Early Morning Love [cached]

Searching: Dynamic Superiors: Shoe Shoe Shine

	The Dynamic Superiors: Shoe Shoe Shine [cached]

Searching: Loleatta Holloway: Cry To Me

	Loleatta Holloway: Cry To Me [cached]

Searching: KISS: Rock And Roll All Nite

	KISS: Rock And Roll All Nite [cached]

Searching: The Impressions: Sooner Or Later
=========> Impressions: Sooner Or Later

	 NOT FOUND

Searching: Ray Stevens: Indian Love Call

	Ray Stevens: Indian Love Call [cached]

Searching: Roger Daltrey: Come And Get Your Love

	 NOT FOUND

Searching: Head East: Never Been Any Reason

	Head East: Never Been Any Reason [cached]

Searching: Andrew Gold: That's Why I Love You

	Andrew Gold: That's Why I Love You [cached]

Searching: John Miles: Highfly

	John Miles: Highfly [cached]

Searching: The J. Geils Band: Where Did Our Love Go

	The J. Geils Band: Where Did Our Love Go - Live [cached]

Searching: The Tymes: It's Cool

	The Tymes: It's Cool [cached]

Searching: Elvin Bishop: Struttin' My Stuff

	Elvin Bishop: Struttin' My Stuff [cached]

Searching: Tower Of Power: You Ought To Be Havin' Fun

	Tower Of Power: You Ought to Be Havin' Fun [cached]

Searching: Love Unlimited Orchestra: Theme From King Kong (Pt. I)

	Love Unlimited Orchestra: Theme From "King Kong" (Pt. II) - Single Version [cached]

Searching: Mass Production: Welcome To Our World (Of Merry Music)

	Mass Production: Welcome to Our World (Of Merry Music) [cached]

Searching: Peter Gabriel: Solsbury Hill

	Peter Gabriel: Solsbury Hill [cached]

Searching: Smokie: Needles And Pins

	Smokie: Needles and Pins [cached]

Searching: David Castle: Ten To Eight

	 NOT FOUND

Searching: Atlanta Rhythm Section: Georgia Rhythm

	Atlanta Rhythm Section: Georgia Rhythm [cached]

Searching: Jackie DeShannon: Don't Let The Flame Burn Out

	Jackie DeShannon: Don't Let The Flame Burn Out [cached]

Searching: Journey: Lights

	Journey: Lights [cached]

Searching: Rita Coolidge: Love Me Again

	Rita Coolidge: Love Me Again [cached]

Searching: Carpenters: I Believe You

	Carpenters: Make Believe It's Your First Time [cached]

Searching: KC And The Sunshine Band: Who Do Ya Love

	KC & The Sunshine Band: Who Do Ya Love? [cached]

Searching: Witch Queen: Bang A Gong

	Witch Queen: Bang a Gong [cached]

Searching: Ian Hunter: Just Another Night

	Ian Hunter: Just Another Night - 2009 Remaster [cached]

Searching: Spyro Gyra: Catching The Sun
=========> Spyro Gyra: Catching Sun

	 NOT FOUND

Searching: Grateful Dead: Alabama Getaway

	Grateful Dead: Alabama Getaway - 2013 Remaster [cached]

Searching: Yipes!!: Darlin'
=========> Yipes: Darlin

	 NOT FOUND

Searching: Billy Burnette: Don't Say No
=========> Billy Burnette: Don t Say No

	 NOT FOUND

Searching: Rupert Holmes: Morning Man

	Rupert Holmes: Morning Man [cached]

Searching: The Joe Chemay Band: Proud
=========> Joe Chemay Band: Proud

	 NOT FOUND

Searching: Michael Stanley Band: Lover

	Michael Stanley Band: Lover [cached]

Searching: Pure Prairie League: You're Mine Tonight

	Pure Prairie League: You're Mine Tonight [cached]

Searching: Savoy Brown: Run To Me

	Savoy Brown: Run To Me [cached]

Searching: T.G. Sheppard: Only One You

	T.G. Sheppard: Only One You [cached]

Searching: Billy Squier: Emotions In Motion

	Billy Squier: Emotions In Motion [cached]

Searching: The Who: Eminence Front

	The Who: Eminence Front [cached]

Searching: Robert John: Bread And Butter

	 NOT FOUND

Searching: The Tubes: The Monkey Time

	The Tubes: The Monkey Time [cached]

Searching: Roman Holliday: Don't Try To Stop It

	Roman Holliday: Don't Try to Stop It [cached]

Searching: Stray Cats: Look At That Cadillac

	Stray Cats: Look at That Cadillac [cached]

Searching: Duke Jupiter: Little Lady

	Duke Jupiter: Little Lady [cached]

Searching: Bus Boys: Cleanin' Up The Town

	The Bus Boys: Cleanin' Up the Town [cached]

Searching: Janey Street: Say Hello To Ronnie

	Janey Street: Say Hello to Ronnie [cached]

Searching: Twisted Sister: I Wanna Rock

	Twisted Sister: I Wanna Rock [cached]

Searching: Kim Carnes: Invitation To Dance

	Kim Carnes: Invitation To Dance [cached]

Searching: Air Supply: Power Of Love (You Are My Lady)

	Air Supply: The Power of Love (You Are My Lady) [cached]

Searching: Steve Arrington: Dancin' In The Key Of Life

	Steve Arrington: Dancin' in the Key of Life [cached]

Searching: Christopher Cross: Charm The Snake

	Christopher Cross: Charm the Snake [cached]

Searching: Alisha: Baby Talk

	Alisha: Baby Talk - Edit [cached]

Searching: Ozzy Osbourne: Shot in the Dark

	Ozzy Osbourne: Shot in the Dark [cached]

Searching: Loverboy: Lead A Double Life

	Loverboy: Lead A Double Life [cached]

Searching: The Beach Boys: Rock'N'roll To The Rescue
=========> Beach Boys: Rock N roll To Rescue

	 NOT FOUND

Searching: Starship: Before I Go

	Starship: Before I Go [cached]

Searching: Eurythmics: Thorn In My Side

	Eurythmics: Thorn in My Side - Remastered Version [cached]

Searching: Sheila E.: Hold Me

	Sheila E.: Hold Me - Edit Version [cached]

Searching: Bruce Willis: Young Blood

	 NOT FOUND

Searching: Regina Belle: Show Me The Way

	Regina Belle: Show Me the Way [cached]

Searching: Ray Parker Jr.: I Don't Think That Man Should Sleep Alone

	Ray Parker Jr.: I Don't Think That Man Should Sleep Alone [cached]

Searching: Terence Trent D'Arby: If You Let Me Stay

	Terence Trent D'Arby: If You Let Me Stay [cached]

Searching: New Order: Blue Monday 1988

	 NOT FOUND

Searching: 10,000 Maniacs: Like The Weather

	10,000 Maniacs: Like the Weather [cached]

Searching: Glenn Medeiros: Long And Lasting Love (Once In A Lifetime)

	Glenn Medeiros: Long & Lasting Love [cached]

Searching: Candi: Dancing Under A Latin Moon

	 NOT FOUND

Searching: U2 With B.B. King: When Love Comes To Town

	U2: When Love Comes To Town [cached]

Searching: Bardeux: I Love The Bass
=========> Bardeux: I Love Bass

	 NOT FOUND

Searching: The U-Krew: Let Me Be Your Lover
=========> U Krew: Let Me Be Your Lover

	 NOT FOUND

Searching: Gene Loves Jezebel: Jealous

	Gene Loves Jezebel: Jealous [cached]

Searching: Chaka Khan: Love You All My Lifetime

	Chaka Khan: Love You All My Lifetime [cached]

Searching: The College Boyz: Victim Of The Ghetto

	College Boyz: Victim Of The Ghetto [cached]

Searching: Bruce Springsteen: 57 Channels (And Nothin' On)

	Bruce Springsteen: 57 Channels (And Nothin' On) [cached]

Searching: Grand Puba: 360 Degrees (What Goes Around)

	Grand Puba: 360 Degrees (What Goes Around) - SD50 Remix [cached]

Searching: Classic Example: It's Alright (From "South Central")
=========> Classic Example: It s Alright

	 NOT FOUND

Searching: Chuckii Booker: Games

	Chuckii Booker: Games [cached]

Searching: Peter Cetera: Even A Fool Can See

	Peter Cetera: Even a Fool Can See [cached]

Searching: Raven-Symone: That's What Little Girls Are Made Of

	Raven-Symoné: That's What Little Girls Are Made Of - Dub Mix [cached]

Searching: Legacy Of Sound Featuring Meja: Happy

	Legacy Of Sound: Happy [cached]

Searching: Da Youngsta's: Hip Hop Ride

	Da Youngsta's: Hip Hop Ride [cached]

Searching: Tracy Byrd: The Keeper Of The Stars

	Tracy Byrd: The Keeper Of The Stars - Radio Version [cached]

Searching: Tom Petty: It's Good To Be King

	Tom Petty: It's Good To Be King [cached]

Searching: Adina Howard: My Up And Down

	Adina Howard: My up and Down [cached]

Searching: 2Pac: Temptations

	2Pac: Temptations [cached]

Searching: The Corrs: Runaway

	The Corrs: Runaway [cached]

Searching: Quincy Jones Feat. Babyface & Tamia With Portrai: Slow Jams

	Quincy Jones: Slow Jams [cached]

Searching: Everything But The Girl: Wrong

	Everything But The Girl: Wrong [cached]

Searching: Too Short Featuring Parliament Funkadelic: Gettin' It

	Too $hort: Gettin' It [cached]

Searching: Le Click: Tonight Is The Night

	Le Click: Tonight Is The Night [cached]

Searching: Keith Sweat (Featuring Ronald Isley): Come With Me

	Keith Sweat: Come with Me (feat. Ronald Isley) [cached]

Searching: CRU Featuring Slick Rick: Just Another Case

	Cru: Just Another Case [cached]

Searching: Jon B: Don't Say

	Jon B.: Don't Say [cached]

Searching: Barenaked Ladies: Brian Wilson

	Barenaked Ladies: Brian Wilson [cached]

Searching: Juvenile: Ha

	JUVENILE: Ha [cached]

Searching: Faith Hill: Love Ain't Like That

	Faith Hill: Love Ain't Like That [cached]

Searching: Mary J. Blige: Give Me You

	Mary J. Blige: Give Me You [cached]

Searching: Nine Days: If I Am

	Nine Days: If I Am [cached]

Searching: Memphis Bleek Featuring Jay-Z & Missy Elliott: Is That Your Chick

	Memphis Bleek: Is That Your Chick (The Lost Verses) [cached]

Searching: Puddle Of Mudd: Control

	Puddle Of Mudd: Control - Acoustic Version [cached]

Searching: Joe: Let's Stay Home Tonight

	Joe: Let's Stay Home Tonight [cached]

Searching: Hoobastank: Crawling In The Dark

	Hoobastank: Crawling In The Dark [cached]

Searching: DMX: Where The Hood At?

	DMX: Where The Hood At [cached]

Searching: P!nk: Trouble

	P!nk: Trouble [cached]

Searching: Nelly: Work It (Reinvention)

	Nelly: Work It [cached]

Searching: Beastie Boys: Ch-Check It Out

	Beastie Boys: Ch-Check It Out [cached]

Searching: Martina McBride: How Far

	Martina McBride: How Far [cached]

Searching: Modest Mouse: Float On

	Modest Mouse: Float On [cached]

Searching: Joe Nichols: If Nobody Believed In You

	 NOT FOUND

Searching: Chevelle: Vitamin R (Leading Us Along)

	Chevelle: Vitamin R (Leading Us Along) [cached]

Searching: Billy Dean: Let Them Be Little

	Billy Dean: Let Them Be Little [cached]

Searching: Switchfoot: Stars

	Switchfoot: Stars [cached]

Searching: Jason Aldean: Hicktown

	Jason Aldean: Hicktown [cached]

Searching: Audioslave: Doesn't Remind Me

	Audioslave: Doesn't Remind Me [cached]

Searching: Foo Fighters: DOA

	Foo Fighters: DOA [cached]

Searching: Plain White T's: Hate (I Really Don't Like You)

	Plain White T's: Hate (I Really Don't Like You) [cached]

Searching: AFI: Love Like Winter

	AFI: Love Like Winter [cached]

Searching: Nine Inch Nails: Survivalism

	Nine Inch Nails: Survivalism [cached]

Searching: Jason Aldean: Johnny Cash

	Jason Aldean: Johnny Cash [cached]

Searching: Sugarland: Everyday America

	Sugarland: Everyday America [cached]

Searching: The Killers: Shadowplay

	The Killers: Shadowplay [cached]

Searching: Fall Out Boy: I'm Like A Lawyer...(Me & You)

	Fall Out Boy: I'm Like A Lawyer With The Way I'm Always Trying To Get You Off (Me & You) [cached]

Searching: Miley Cyrus: Start All Over

	Miley Cyrus: Start All Over [cached]

Searching: Kate Voegele: Hallelujah

	Kate Voegele: Hallelujah [cached]

Searching: High School Musical 3 Cast: Now Or Never

	High School Musical Cast: Now Or Never - Original Version [cached]

Searching: Lily Allen: F*ck You
=========> Lily Allen: F ck You

	 NOT FOUND

Searching: Tim McGraw: Nothin' To Die For

	Tim McGraw: Nothin' To Die For [cached]

Searching: Mary Mary Featuring Kierra "KiKi" Sheard: God In Me

	Mary Mary: God in Me (feat. Kierra Sheard) [cached]

Searching: Bon Jovi: We Weren't Born To Follow

	Bon Jovi: We Weren't Born To Follow [cached]

Searching: LMFAO Featuring Lil Jon: Shots

	LMFAO: Shots [cached]

Searching: Steel Magnolia: Keep On Lovin' You

	Steel Magnolia: Keep On Lovin' You [cached]

Searching: New Boyz Featuring Iyaz: Break My Bank

	New Boyz: Break My Bank (feat. Iyaz) [cached]

Searching: Foo Fighters: Rope

	Foo Fighters: Rope [cached]

Searching: Glee Cast: Songbird

	Glee Cast: Songbird (Glee Cast Version) [cached]

Searching: Vicci Martinez: Dog Days Are Over

	Vicci Martinez: Dog Days Are Over - The Voice Performance [cached]

Searching: Trey Songz Featuring Drake: Unusual

	Trey Songz: Unusual (feat. Drake) [cached]

Searching: Avril Lavigne: Smile

	Avril Lavigne: Smile [cached]

Searching: Evanescence: What You Want

	Evanescence: What You Want [cached]

Searching: Birdman Featuring Nicki Minaj & Lil Wayne: Y.U. Mad
=========> Birdman: Y U  Mad

	 NOT FOUND

Searching: Glee Cast: Uptown Girl

	Glee Cast: Uptown Girl (Glee Cast Version) [cached]

Searching: Thompson Square: I Got You

	Thompson Square: I Got You [cached]

Searching: Adam Levine & Tony Lucca: Yesterday

	Adam Levine: Yesterday - The Voice Performance [cached]

Searching: Tyga Featuring Rick Ross: Dope

	Tyga: Dope [cached]

Searching: Panic! At The Disco Featuring Lolo: Miss Jackson

	Panic! At The Disco: Miss Jackson (feat. LOLO) [cached]

Searching: Tyga & Justin Bieber: Wait For A Minute

	Tyga: Wait For A Minute [cached]

Searching: Lorde: Glory And Gore

	Lorde: Glory And Gore [cached]

Searching: One Direction: You & I

	One Direction: You & I [cached]

Searching: DJ Khaled Featuring Chris Brown, Lil Wayne & Big Sean: How Many Times

	DJ Khaled: How Many Times (feat. Chris Brown, Lil Wayne & Big Sean) [cached]

Searching: Panic! At The Disco: Emperor's New Clothes

	Panic! At The Disco: Emperor's New Clothes [cached]

Searching: Dawin: Dessert

	Dawin: Dessert [cached]

Searching: Tori Kelly: Hollow

	Tori Kelly: Hollow [cached]

Searching: Chris Stapleton: Nobody To Blame

	Chris Stapleton: Nobody To Blame [cached]

Searching: Belly Featuring The Weeknd: Might Not

	Belly: Might Not [cached]

Searching: Drake: Keep The Family Close

	Drake: Keep The Family Close [cached]

Searching: 5 Seconds Of Summer: Girls Talk Boys

	5 Seconds of Summer: Girls Talk Boys - From "Ghostbusters" Original Motion Picture Soundtrack [cached]

Searching: Meek Mill Featuring Lil Uzi Vert & Nicki Minaj: Froze

	Meek Mill: Froze (feat. Lil Uzi Vert & Nicki Minaj) [cached]

Searching: The Weeknd: Nothing Without You

	The Weeknd: Nothing Without You [cached]

Searching: Childish Gambino: Me And Your Mama

	Childish Gambino: Me and Your Mama [cached]

Searching: Zac Brown Band: My Old Man

	Zac Brown Band: My Old Man [cached]

Searching: Hey Violet: Guys My Age

	Hey Violet: Guys My Age [cached]

Searching: DJ Khaled & Calvin Harris Featuring Travis Scott & Jeremih: Don't Quit

	DJ Khaled: Don't Quit (feat. Travis Scott & Jeremih) [cached]

Searching: Bhad Bhabie: Hi Bich

	Bhad Bhabie: Hi Bich [cached]

Searching: Future: Feed Me Dope

	Future: Feed Me Dope [cached]

Searching: Huncho Jack: Modern Slavery

	Huncho Jack: Modern Slavery [cached]

Searching: Kelsea Ballerini: Legends

	Kelsea Ballerini: Legends [cached]

Searching: Logic: Overnight

	Logic: Overnight [cached]

Searching: Kevin Gates: Change Lanes

	Kevin Gates: Change Lanes [cached]

Searching: Travis Scott: Coffee Bean

	Travis Scott: COFFEE BEAN [cached]

Searching: Juice WRLD: Lean Wit Me

	Juice WRLD: Lean Wit Me [cached]

Searching: Eric Church: Desperate Man

	Eric Church: Desperate Man [cached]

Searching: XXXTENTACION: Staring At The Sky

	XXXTENTACION: STARING AT THE SKY [cached]

Searching: Anuel AA & Karol G: Secreto

	Anuel AA: Secreto [cached]

Searching: Avicii Featuring Aloe Blacc: SOS

	Avicii: SOS (feat. Aloe Blacc) [cached]

Searching: Drake: Dreams Money Can Buy

	Drake: Dreams Money Can Buy [cached]

Searching: Summer Walker Featuring A Boogie Wit da Hoodie: Stretch You Out

	Summer Walker: Stretch You Out (feat. A Boogie wit da Hoodie) [cached]

Searching: Mac Miller: I Can See

	Mac Miller: I Can See [cached]

Searching: Joji: Run

	Joji: Run [cached]

Searching: Lil Uzi Vert: Trap This Way (This Way)

	Lil Uzi Vert: Trap This Way (This Way) [cached]

Searching: Kehlani: Toxic

	Kehlani: Toxic [cached]

Searching: Future: Hard To Choose One

	Future: Hard To Choose One [cached]

Searching: Future & Lil Uzi Vert: Sleeping On The Floor

	Future: Sleeping On The Floor [cached]

Searching: Taylor Swift: Long Story Short

	Taylor Swift: long story short [cached]
