Found 235/261 = 90%
26 not found: 
The Big Sound Of Don Ralke: 77 Sunset Strip
Merv Griffin: The Charanga
Jimmy Smith: Midnight Special, Part 1
Marty Robbins: Love Can't Wait
Baby Jane & The Rockabyes: How Much Is That Doggie In The Window
The Crescents Featuring Chiyo: Pink Dominos
Everything Is Everything: Witchi Tai To
Alive 'N Kickin': Just Let It Come
Bobby Goldsboro: Come Back Home
Jim Stafford: Jasper
Gary Tanner: Over The Rainbow
The Star Wars Intergalactic Droid Choir & Chorale: What Can You Get A Wookiee For Christmas (When He Already Owns A Comb?)
Dr. Hook: That Didn't Hurt Too Bad
Michael Damian: She Did It
Glenn Shorrock: Don't Girls Get Lonely
Jennifer Holliday: Hard Times For Lovers
Frozen Ghost: Should I See
Millions Like Us: Guaranteed For Life
Cellarful Of Noise: Samantha (What You Gonna Do?)
Favorite Angel: Only Women Bleed
Louie Louie: I Wanna Get Back With You
Angelina: I Don't Need Your Love
Nastyboy Klick Featuring Roger Troutman: Down For Yours
Michael Stipe: In The Sun
DaBaby: SAD SHIT
Lil Durk: Hellcats & Trackhawks
--------- log -----------
Searching: The Honeycones: Op

	The Honeycones: Op [cached]

Searching: Paul Anka: Midnight

	Paul Anka: Midnight Mistress [cached]

Searching: Andy Rose: Just Young

	Andy Rose: Just Young [cached]

Searching: The Four Preps: Cinderella

	The Four Preps: Cinderella [cached]

Searching: Tommy Sands And The Raiders: The Worryin' Kind

	Tommy Sands: The Worryin' Kind [cached]

Searching: The Big Sound Of Don Ralke: 77 Sunset Strip
=========> Big Sound Of Don Ralke: 77 Sunset Strip

	 NOT FOUND

Searching: Nat King Cole: I Must Be Dreaming

	Nat King Cole: I Must Be Dreaming [cached]

Searching: Louis Prima And Keely Smith: Bei Mir Bist Du Schön

	Louis Prima Jr.: Bei mir bist du schon (feat. Sarah Spiegel) [cached]

Searching: Connie Francis: Plenty Good Lovin'

	Connie Francis: Plenty Good Lovin [cached]

Searching: Jivin' Gene And The Jokers: Breaking Up Is Hard To Do

	Jivin' Gene & The Jokers: Breaking Up Is Hard to Do [cached]

Searching: The Passions: Just To Be With You

	The Passions: Just To Be With You [cached]

Searching: Webb Pierce: Is It Wrong (For Loving You)

	Webb Pierce: Is It Wrong (For Loving You) [cached]

Searching: Mel Gadson: Comin' Down With Love

	Mel Gadson: Comin' Down With Love [cached]

Searching: Johnny Horton: Johnny Freedom

	Johnny Horton: Johnny Freedom ("Freedomland") [cached]

Searching: Della Reese: And Now

	Della Reese: And Now [cached]

Searching: The Larks: It's Unbelievable

	The Larks: It's Unbelievable [cached]

Searching: Merv Griffin: The Charanga
=========> Merv Griffin: Charanga

	 NOT FOUND

Searching: The Ventures: Lullaby Of The Leaves

	The Ventures: Lullaby Of The Leaves [cached]

Searching: The New Yorkers: Miss Fine

	The New Yorkers: Miss Fine [cached]

Searching: Andy Stewart: A Scottish Soldier (Green Hills of Tyrol)

	Andy Stewart: A Scottish Soldier [cached]

Searching: Ernie K-Doe: I Cried My Last Tear

	Ernie K-Doe: I Cried My Last Tear [cached]

Searching: Bobby Rydell: Lose Her

	Bobby Rydell: Lose Her [cached]

Searching: Pete Fountain: Yes Indeed

	Pete Fountain: Yes Indeed [cached]

Searching: Jimmy Smith: Midnight Special, Part 1
=========> Jimmy Smith: Midnight Special  Part 1

	 NOT FOUND

Searching: Billy Vaughn And His Orchestra: Chapel By The Sea

	Billy Vaughn: Chapel by the Sea [cached]

Searching: Marty Robbins: Love Can't Wait
=========> Marty Robbins: Love Can t Wait

	 NOT FOUND

Searching: Yvonne Baker and the Sensations: That's My Desire

	Yvonne Baker: That's My Desire [cached]

Searching: Jan & Dean: Tennessee

	Jan & Dean: Tennessee [cached]

Searching: Brian Hyland: I May Not Live To See Tomorrow

	Brian Hyland: I May Not Live to See Tomorrow [cached]

Searching: Baby Jane & The Rockabyes: How Much Is That Doggie In The Window
=========> Baby Jane: How Much Is That Doggie In Window

	 NOT FOUND

Searching: The Dave Brubeck Quartet: Bossa Nova U.S.A.

	The Dave Brubeck Quartet: Bossa Nova U.S.A. - Live [cached]

Searching: Jimmy Smith: Hobo Flats - Part I

	Jimmy Smith: Hobo Flats [cached]

Searching: The Crescents Featuring Chiyo: Pink Dominos
=========> Crescents: Pink Dominos

	 NOT FOUND

Searching: Garnet Mimms: Tell Me Baby

	Garnet Mimms & The Enchanters: Tell Me Baby [cached]

Searching: The Shirelles: Sha-La-La

	The Shirelles: Sha La La [cached]

Searching: Otis Redding: Come To Me

	Otis Redding: Come to Me [cached]

Searching: Barbara Lynn: Oh! Baby (We Got A Good Thing Goin')

	Barbara Lynn: Oh! Baby [cached]

Searching: The Bachelors: I Wouldn't Trade You For The World

	The Bachelors: I Wouldn't Trade You For The World [cached]

Searching: The Dolphins: Hey-Da-Da-Dow

	The Dolphins: Hey-Da-Da-Dow [cached]

Searching: Dobie Gray: (See You At The) "Go-Go"

	Dobie Gray: See You at the Go Go [cached]

Searching: Wayne Newton: Remember When

	Wayne Newton: Remember When [cached]

Searching: Gene Chandler: Rainbow '65 (Part I)

	Gene Chandler: Rainbow 65 [cached]

Searching: Mike Williams: Lonely Soldier

	Mike Williams: Lonely Soldier [cached]

Searching: Ronny And The Daytonas: Dianne, Dianne

	Ronny & The Daytonas: Dianne, Dianne [cached]

Searching: Baby Ray: There's Something On Your Mind

	Baby Ray: There's Something On Your Mind [cached]

Searching: The McCoys: I Got To Go Back (And Watch That Little Girl Dance)

	The McCoys: I Got To Go Back (And Watch That Little Girl Dance) [cached]

Searching: The Artistics: Girl I Need You

	The Artistics: Girl I Need You [cached]

Searching: Brenda Holloway: Just Look What You've Done

	Brenda Holloway: Just Look What You've Done - Single Version [cached]

Searching: The Tokens: It's A Happening World

	The Tokens: It's a Happening World [cached]

Searching: The Scaffold: Thank U Very Much

	The Scaffold: Thank U Very Much [cached]

Searching: Nancy Sinatra: 100 Years

	Nancy Sinatra: 100 Years [cached]

Searching: Etta James: I Got You Babe

	Etta James: I Got You Babe [cached]

Searching: Eternity's Children: Mrs. Bluebird

	Eternity's Children: Mrs. Bluebird [cached]

Searching: Lou Rawls: Down Here On The Ground

	Lou Rawls: Down Here On The Ground [cached]

Searching: Elvis Presley With The Jordanaires: A Little Less Conversation

	Elvis Presley: A Little Less Conversation - JXL Radio Edit Remix [cached]

Searching: Willie Mitchell: 30-60-90

	Willie Mitchell: 30-60-90 [cached]

Searching: Everything Is Everything: Witchi Tai To

	 NOT FOUND

Searching: Diana Ross & The Supremes: The Young Folks

	Diana Ross & The Supremes: The Young Folks [cached]

Searching: The Checkmates, Ltd. Featuring Sonny Charles: Proud Mary

	The Checkmates Ltd.: Proud Mary [cached]

Searching: Joe Cocker: Delta Lady

	Joe Cocker: Delta Lady [cached]

Searching: Judy Collins: Turn! Turn! Turn!/To Everything There Is A Season

	Judy Collins: Turn, Turn, Turn! / To Everything There Is a Season [cached]

Searching: Spirit: 1984

	Spirit: 1984 [cached]

Searching: Jerry Naylor: But For Love

	Jerry Naylor: But for Love [cached]

Searching: The Steve Miller Band: Going To The Country

	Steve Miller Band: Going To The Country [cached]

Searching: The Grateful Dead: Uncle John's Band

	Grateful Dead: Uncle John's Band - 2013 Remaster [cached]

Searching: Alive 'N Kickin': Just Let It Come
=========> Alive  N Kickin: Just Let It Come

	 NOT FOUND

Searching: Bobby Byrd: I Need Help (I Can't Do It Alone) Pt. 1

	Bobby Byrd: I Need Help (I Can't Do It Alone) - Pt. 1 & 2 / Single Version [cached]

Searching: Dennis Yost And The Classics IV: Where Did All The Good Times Go

	Dennis Yost: Where Did All The Good Times Go [cached]

Searching: Jerry Butler Featuring Brenda Lee Eager: If It's Real What I Feel

	Jerry Butler: If It's Real What I Feel [cached]

Searching: Poco: C'mon

	Poco: C'mon [cached]

Searching: Joe Simon: Help Me Make It Through The Night

	Joe Simon: Help Me Make It Through the Night [cached]

Searching: Bobby Goldsboro: Come Back Home

	 NOT FOUND

Searching: Curtis Mayfield: Get Down

	Curtis Mayfield: Get Down [cached]

Searching: Manfred Mann's Earth Band: Living Without You

	Manfred Mann's Earth Band: Living Without You [cached]

Searching: ZZ Top: Francene

	ZZ Top: Francene [cached]

Searching: Joan Baez: In The Quiet Morning

	Joan Baez: In The Quiet Morning [cached]

Searching: Engelbert Humperdinck: In Time

	Engelbert Humperdinck: In Time [cached]

Searching: Al Green: Guilty

	Al Green: Guilty [cached]

Searching: Raspberries: Tonight

	Raspberries: Goin' Nowhere Tonight [cached]

Searching: John Denver: Please, Daddy

	John Denver: Please, Daddy (Don't Get Drunk This Christmas) [cached]

Searching: Bobby "Blue" Bland: Goin' Down Slow

	Bobby "Blue" Bland: Goin' Down Slow [cached]

Searching: Todd Rundgren: A Dream Goes On Forever

	Todd Rundgren: A Dream Goes on Forever - 2015 Remaster [cached]

Searching: Creative Source: Who Is He And What Is He To You

	Creative Source: Who Is He And What Is He To You [cached]

Searching: Tower Of Power: Time Will Tell

	Tower Of Power: Time Will Tell [cached]

Searching: Oscar Brown Jr.: The Lone Ranger

	Oscar Brown, Jr.: The Lone Ranger - 2013 Japan Remaster; Remastered [cached]

Searching: Neil Young: Walk On

	Neil Young: Walk On - 2016 Remaster [cached]

Searching: Margie Joseph: My Love

	Margie Joseph: My Love [cached]

Searching: The Blackbyrds: Do It, Fluid

	The Blackbyrds: Do It, Fluid [cached]

Searching: Wet Willie: Leona

	Wet Willie: Leona [cached]

Searching: Chocolate Milk: Action Speaks Louder Than Words

	Chocolate Milk: Action Speaks Louder Than Words [cached]

Searching: The Jimmy Castor Bunch: King Kong - Pt. I

	The Jimmy Castor Bunch: King Kong [cached]

Searching: Gary Toms Empire: Drive My Car

	Gary Toms Empire: Drive My Car [cached]

Searching: Batdorf & Rodney: Somewhere In The Night

	John Batdorf: Somewhere in the Night [cached]

Searching: Ramsey Lewis: What's The Name Of This Funk (spider Man)

	Ramsey Lewis: What's the Name of This Funk (Spider Man) [cached]

Searching: Mighty Clouds Of Joy: Mighty High

	Mighty Clouds Of Joy: Mighty High [cached]

Searching: Grand Funk Railroad: Sally

	Grand Funk Railroad: Sally - 2002 Digital Remaster/24 Bit Mastering [cached]

Searching: Jim Stafford: Jasper

	 NOT FOUND

Searching: Bob Seger: Nutbush City Limits

	Bob Seger: Nutbush City Limits [cached]

Searching: Van Mccoy: Party

	Van McCoy: Party [cached]

Searching: David Bowie: Sound And Vision

	David Bowie: Sound and Vision - 2017 Remaster [cached]

Searching: 10cc: Good Morning Judge

	10cc: Good Morning Judge [cached]

Searching: Carole Bayer Sager: You're Moving Out Today

	Carole Bayer Sager: You're Moving out Today [cached]

Searching: The Kendalls: Heaven's Just A Sin Away

	The Kendalls: Heaven's Just A Sin Away [cached]

Searching: Wild Cherry: I Love My Music

	Wild Cherry: I Love My Music [cached]

Searching: Lynyrd Skynyrd: You Got That Right

	Lynyrd Skynyrd: You Got That Right [cached]

Searching: Gary Tanner: Over The Rainbow
=========> Gary Tanner: Over Rainbow

	 NOT FOUND

Searching: Santana: Well All Right

	Santana: Well All Right [cached]

Searching: Brooklyn Dreams: Make It Last

	Brooklyn Dreams: Make It Last [cached]

Searching: Badfinger: Love Is Gonna Come At Last

	Badfinger: Love is Gonna Come at Last [cached]

Searching: Amii Stewart: Light My Fire/137 Disco Heaven

	Amii Stewart: Light My Fire / 137 Disco Heaven [cached]

Searching: Switch: Best Beat In Town

	Switch: Best Beat In Town [cached]

Searching: New England: Hello, Hello, Hello

	New England: Hello, Hello, Hello [cached]

Searching: Karla Bonoff: Baby Don't Go

	Karla Bonoff: Baby Don't Go [cached]

Searching: The Star Wars Intergalactic Droid Choir & Chorale: What Can You Get A Wookiee For Christmas (When He Already Owns A Comb?)
=========> Star Wars Intergalactic Droid Choir: What Can You Get A Wookiee For Christmas

	 NOT FOUND

Searching: Touch: Don't You Know What Love Is

	Touch: Don't You Know What Love Is [cached]

Searching: Dr. Hook: That Didn't Hurt Too Bad
=========> Dr  Hook: That Didn t Hurt Too Bad

	 NOT FOUND

Searching: Michael Damian: She Did It

	 NOT FOUND

Searching: John Schneider: Still

	John Schneider: I'll Still Be Loving You [cached]

Searching: Rush: Closer To The Heart

	Rush: Closer To The Heart [cached]

Searching: Laura Branigan: All Night With Me

	Laura Branigan: All Night with Me [cached]

Searching: Lee Ritenour: Cross My Heart

	Lee Ritenour: Cross My Heart [cached]

Searching: Crosby, Stills & Nash: Too Much Love To Hide

	Crosby, Stills & Nash: Too Much Love to Hide - 2005 Remaster [cached]

Searching: Glenn Shorrock: Don't Girls Get Lonely
=========> Glenn Shorrock: Don t Girls Get Lonely

	 NOT FOUND

Searching: Cheryl Lynn: Encore

	Cheryl Lynn: Encore [cached]

Searching: Freddie Mercury: Love Kills

	Freddie Mercury: Love Kills [cached]

Searching: Al Jarreau: After All

	Al Jarreau: After All [cached]

Searching: Joe Cocker: Edge of a Dream

	Joe Cocker: Edge of a Dream (Theme from "Teachers") [cached]

Searching: Thompson Twins: The Gap

	Thompson Twins: The Gap [cached]

Searching: The Fixx: Sunshine In The Shade

	The Fixx: Sunshine In The Shade [cached]

Searching: Bon Jovi: In And Out Of Love

	Bon Jovi: In And Out Of Love [cached]

Searching: Jennifer Holliday: Hard Times For Lovers

	 NOT FOUND

Searching: Lisa Lisa And Clult Jam With Full Force: Can You Feel The Beat

	Lisa Lisa & Cult Jam: Can You Feel the Beat (with Full Force) [cached]

Searching: Midnight Star: Headlines

	Midnight Star: Headlines - Extended [cached]

Searching: Doctor And The Medics: Spirit In The Sky

	Doctor & The Medics: Spirit in the Sky [cached]

Searching: Grace Jones: I'm Not Perfect (But I'm Perfect For You)

	Grace Jones: I'm Not Perfect (But I'm Perfect For You) - Remastered [cached]

Searching: Freddie Jackson: Have You Ever Loved Somebody

	Freddie Jackson: Have You Ever Loved Somebody [cached]

Searching: Frozen Ghost: Should I See

	 NOT FOUND

Searching: Millions Like Us: Guaranteed For Life

	 NOT FOUND

Searching: R.E.M.: It's The End Of The World As We Know It (And I Feel Fine)

	R.E.M.: It's The End Of The World As We Know It (And I Feel Fine) [cached]

Searching: Cellarful Of Noise: Samantha (What You Gonna Do?)
=========> Cellarful Of Noise: Samantha

	 NOT FOUND

Searching: Kingdom Come: Get It On

	Kingdom Come: Get It On [cached]

Searching: Crosby, Stills, Nash & Young: Got It Made

	Crosby, Stills, Nash & Young: Got It Made [cached]

Searching: Dead Or Alive: Come Home With Me Baby

	Dead Or Alive: Come Home With Me Baby [cached]

Searching: Jive Bunny & The Mastermixers: That's What I Like

	Jive Bunny and the Mastermixers: That's What I Like [cached]

Searching: McAuley Schenker Group: Anytime

	McAuley Schenker Group: Anytime [cached]

Searching: Hi Tek 3 Featuring Ya Kid K: Spin That Wheel

	Hi Tek 3: Spin That Wheel - First Feel Mix [cached]

Searching: Favorite Angel: Only Women Bleed

	 NOT FOUND

Searching: Louie Louie: I Wanna Get Back With You

	 NOT FOUND

Searching: Jude Cole: House Full Of Reasons

	Jude Cole: House Full of Reasons [cached]

Searching: Candyman: Melt In Your Mouth

	Candyman: Melt In Your Mouth [cached]

Searching: The Simpsons Featuring Bart & Homer: Deep, Deep Trouble

	The Simpsons: Deep, Deep Trouble [cached]

Searching: M.C. Brains: Brainstorming

	Musique pour l'Étude Spécialiste: Concentration au travail (Brainstorming) [cached]

Searching: Slaughter: Real Love

	Slaughter: Real Love [cached]

Searching: The Soup Dragons: Pleasure

	The Soup Dragons: Pleasure - Remastered [cached]

Searching: Depeche Mode: Walking In My Shoes

	Depeche Mode: Walking in My Shoes [cached]

Searching: George Michael: Killer/Papa Was A Rollin' Stone

	George Michael: Killer / Papa Was a Rollin' Stone [cached]

Searching: Bruce Hornsby: Fields Of Gray

	Bruce Hornsby: Fields Of Gray - Remastered 2003 [cached]

Searching: Wu-Tang Clan: Method Man

	Wu-Tang Clan: Method Man [cached]

Searching: Jade: Looking For Mr. Do Right

	Jade: Looking for Mr. Do Right [cached]

Searching: Joe Diffie: John Deere Green

	Joe Diffie: John Deere Green [cached]

Searching: Guns N' Roses: Since I Don't Have You

	Guns N' Roses: Since I Don't Have You [cached]

Searching: Mad Lion: Take It Easy

	Mad Lion: Take It Easy [cached]

Searching: Too $hort: Cocktales

	Too $hort: Cocktales [cached]

Searching: Vicious: Nika

	Vicious: Nika [cached]

Searching: Max-A-Million: Fat Boy

	Max-A-Million: Fat Boy [cached]

Searching: Mobb Deep: Survival Of The Fittest

	Mobb Deep: Survival of the Fittest [cached]

Searching: Masta Ace Incorporated: The I.N.C. Ride

	Masta Ace Incorporated: The I.N.C. Ride [cached]

Searching: Backstreet Boys: We've Got It Goin' On

	Backstreet Boys: We've Got It Goin' On - Radio Edit [cached]

Searching: Tom Petty And The Heartbreakers: Walls (From "She's The One")

	Tom Petty and the Heartbreakers: Walls - Circus [cached]

Searching: Qkumba Zoo: The Child (Inside)

	Qkumba Zoo: The Child (Inside) [cached]

Searching: Angelina: I Don't Need Your Love
=========> Angelina: I Don t Need Your Love

	 NOT FOUND

Searching: John Michael Montgomery: Friends

	John Michael Montgomery: Friends [cached]

Searching: Nastyboy Klick Featuring Roger Troutman: Down For Yours
=========> Nastyboy Klick: Down For Yours

	 NOT FOUND

Searching: Immature: I'm Not A Fool

	Immature: I'm Not A Fool [cached]

Searching: Dakota Moon: A Promise I Make

	Dakota Moon: A Promise I Make [cached]

Searching: Everything: Hooch

	Everything: Hooch [cached]

Searching: Alabama: Keepin' Up

	Alabama: Keepin' Up [cached]

Searching: Terri Clark: Everytime I Cry

	Terri Clark: Everytime I Cry [cached]

Searching: Rage Against The Machine: Guerrilla Radio

	Rage Against The Machine: Guerrilla Radio [cached]

Searching: Garth Brooks: Do What You Gotta Do

	Brandon Garth: Do What You Gotta Do [cached]

Searching: Third Eye Blind: Deep Inside Of You

	Third Eye Blind: Deep Inside of You - 2008 Remaster [cached]

Searching: Red Hot Chili Peppers: Californication

	Red Hot Chili Peppers: Californication [cached]

Searching: Monica: All Eyez On Me

	Monica: All Eyez on Me - Radio Edit & Album Version [Urban Mix] [cached]

Searching: Audioslave: Cochise

	Audioslave: Cochise [cached]

Searching: 2Pac Featuring Trick Daddy: Still Ballin

	2Pac: Still Ballin' - Nitty Remix [cached]

Searching: George Strait: Tell Me Something Bad About Tulsa

	George Strait: Tell Me Something Bad About Tulsa [cached]

Searching: Eagles: Hole In The World

	Eagles: Hole In The World - Bonus Track [cached]

Searching: Trapt: Still Frame

	Trapt: Still Frame [cached]

Searching: Lenny Kravitz: Where Are We Runnin'?

	Lenny Kravitz: Where Are We Runnin'? [cached]

Searching: Play-N-Skillz Featuring Krayzie Bone & Adina Howard: Freaks

	Play-N-Skillz: Freaks [cached]

Searching: Papa Roach: Getting Away With Murder

	Papa Roach: Getting Away With Murder [cached]

Searching: Marques Houston Featuring Young Rome: All Because Of You

	Marques Houston: All Because of You [cached]

Searching: Michael Stipe: In The Sun
=========> Michael Stipe: In Sun

	 NOT FOUND

Searching: Sara Evans: Cheatin'

	Sara Evans: Cheatin' [cached]

Searching: Faith Hill: The Lucky One

	Faith Hill: The Lucky One [cached]

Searching: Taylor Hicks: Takin' It To The Streets

	Taylor Hicks: Takin' It To The Streets [cached]

Searching: Paul McCartney: Dance Tonight

	Paul McCartney: Dance Tonight [cached]

Searching: Juanes: Me Enamora

	Juanes: Me Enamora [cached]

Searching: Trey Songz: Last Time

	Trey Songz: Last Time [cached]

Searching: Kanye West Featuring Chris Martin: Homecoming

	Kanye West: Homecoming [cached]

Searching: DJ Khaled Featuring Kanye West & T-Pain: Go Hard

	DJ Khaled: Go Hard [cached]

Searching: Eli Young Band: Always The Love Songs

	Eli Young Band: Always The Love Songs [cached]

Searching: Toby Keith: Lost You Anyway

	Toby Keith: Lost You Anyway [cached]

Searching: Justin Moore: Backwoods

	Justin Moore: Backwoods [cached]

Searching: Glee Cast: Good Vibrations

	Glee Cast: Good Vibrations (Glee Cast Version) [cached]

Searching: Ludacris Featuring Trey Songz: Sex Room

	Ludacris: Sex Room [cached]

Searching: Sara Ramirez: The Story

	Sara Ramirez: The Story [cached]

Searching: The Lonely Island Featuring Michael Bolton: Jack Sparrow

	The Lonely Island: Jack Sparrow [cached]

Searching: Pitbull Featuring T-Pain & Sean Paul: Shake Senora

	Pitbull: Shake Senora (feat. T-Pain & Sean Paul) [cached]

Searching: Demi Lovato: Fix A Heart

	Demi Lovato: Fix a Heart [cached]

Searching: Glee Cast: You And  I / You And I

	Glee Cast: And I Am Telling You I'm Not Going (Glee Cast Version) [cached]

Searching: Skrillex: Scary Monsters And Nice Sprites

	Skrillex: Scary Monsters and Nice Sprites [cached]

Searching: Jay Z Kanye West: Gotta Have It

	JAY-Z: Gotta Have It [cached]

Searching: Future Featuring T.I.: Magic

	Future: Magic (feat. T.I.) - Remix [cached]

Searching: Usher: Numb

	Usher: Numb [cached]

Searching: Anne Hathaway: I Dreamed A Dream

	Anne Hathaway: I Dreamed A Dream - From "Les Misérables" [cached]

Searching: Hadouken!: Levitate

	Hadouken!: Levitate (Radio Edit) [cached]

Searching: Kanye West: Black Skinhead

	Kanye West: Black Skinhead [cached]

Searching: Miguel: How Many Drinks?

	Miguel: How Many Drinks? [cached]

Searching: Coldplay: Atlas

	Coldplay: Atlas - From “The Hunger Games: Catching Fire” Soundtrack [cached]

Searching: Thompson Square: Everything I Shouldn't Be Thinking About

	Thompson Square: Everything I Shouldn't Be Thinking About [cached]

Searching: B.o.B Featuring Priscilla: John Doe

	B.o.B: John Doe (feat. Priscilla) [cached]

Searching: Migos: Fight Night

	Migos: Fight Night [cached]

Searching: Florida Georgia Line: Bumpin' The Night

	Florida Georgia Line: Bumpin' The Night [cached]

Searching: August Alsina: No Love

	August Alsina: No Love [cached]

Searching: Parmalee: Close Your Eyes

	Parmalee: Close Your Eyes [cached]

Searching: Drake & Future: Scholarships

	Drake: Scholarships [cached]

Searching: Little Mix: Shout Out To My Ex

	Little Mix: Shout Out to My Ex [cached]

Searching: The Weeknd: A Lonely Night

	The Weeknd: A Lonely Night [cached]

Searching: Jacquees: B.E.D.

	Jacquees: B.E.D. [cached]

Searching: Keith Urban: Female

	Keith Urban: Female [cached]

Searching: Imagine Dragons + Khalid: Thunder/Young Dumb & Broke (Medley)

	Imagine Dragons: Thunder / Young Dumb & Broke (with Khalid) - Medley [cached]

Searching: Lil Skies Featuring Landon Cube: Red Roses

	Lil Skies: Red Roses (feat. Landon Cube) [cached]

Searching: KIDS SEE GHOSTS: Cudi Montage

	KIDS SEE GHOSTS: Cudi Montage [cached]

Searching: YoungBoy Never Broke Again Featuring Kevin Gates & Quando Rondo: I Am Who They Say I Am

	YoungBoy Never Broke Again: I Am Who They Say I Am (feat. Kevin Gates and Quando Rondo) [cached]

Searching: Billie Eilish: Come Out And Play

	Billie Eilish: come out and play [cached]

Searching: Ariana Grande & Victoria Monet: Monopoly

	Ariana Grande: MONOPOLY (with Victoria Monét) [cached]

Searching: Ozuna x Daddy Yankee x J Balvin x Farruko x Anuel AA: Baila Baila Baila

	Ozuna: Baila Baila Baila [cached]

Searching: The Chainsmokers & ILLENIUM Featuring Lennon Stella: Takeaway

	The Chainsmokers: Takeaway [cached]

Searching: A$AP Rocky: Babushka Boi

	A$AP Rocky: Babushka Boi [cached]

Searching: DaBaby: XXL

	DaBaby: XXL [cached]

Searching: Joji: Slow Dancing In The Dark

	Joji: SLOW DANCING IN THE DARK [cached]

Searching: John Legend: Happy Xmas (War Is Over)

	John Legend: Happy Xmas (War Is Over) [cached]

Searching: JACKBOYS, Pop Smoke & Travis Scott: GATTI

	JACKBOYS: GATTI [cached]

Searching: A Boogie Wit da Hoodie: King Of My City

	A Boogie Wit da Hoodie: King Of My City [cached]

Searching: The Weeknd: Repeat After Me (Interlude)

	The Weeknd: Repeat After Me (Interlude) [cached]

Searching: Alicia Keys: Underdog

	Alicia Keys: Underdog [cached]

Searching: DaBaby: SAD SHIT

	 NOT FOUND

Searching: Future: Ridin Strikers

	Future: Ridin Strikers [cached]

Searching: Big Sean Featuring Travis Scott: Lithuania

	Big Sean: Lithuania (feat. Travis Scott) [cached]

Searching: Luke Combs: The Other Guy

	Luke Combs: The Other Guy [cached]

Searching: BTS: Fly To My Room

	BTS: Fly To My Room [cached]

Searching: Tiesto: The Business

	Tiësto: The Business [cached]

Searching: Coi Leray & Pooh Shiesty: Big Purr (Prrdd)

	Coi Leray: BIG PURR (Prrdd) (feat. Pooh Shiesty) [cached]

Searching: Lil Durk: Hellcats & Trackhawks
=========> Lil Durk: Hellcats   Trackhawks

	 NOT FOUND

Searching: Billie Eilish: Getting Older

	Billie Eilish: Getting Older [cached]

Searching: Skrillex, Justin Bieber & Don Toliver: Don't Go

	Skrillex: Don’t Go (with Justin Bieber & Don Toliver) [cached]

Searching: YoungBoy Never Broke Again: I Can't Take It Back
=========> YoungBoy Never Broke Again: I Can t Take It Back

	YoungBoy Never Broke Again: I Can't Take It Back

Searching: Meek Mill: On My Soul

	Meek Mill: On My Soul

Searching: Eslabon Armado Featuring DannyLux: Jugaste y Sufri
=========> Eslabon Armado: Jugaste y Sufri

	Eslabon Armado: Jugaste y Sufrí

Searching: Young Thug With J. Cole & T-Shyne: Stressed
=========> Young Thug: Stressed

	Young Thug: Stressed (with J. Cole & T-Shyne)
