Found 400/410 = 98%
10 not found: 
Donny Osmond of The Osmonds: Sweet And Innocent
Jim Stafford: Wildwood Weed
Paul McCartney: Spies Like Us
Gerardo: Rico Suave
MoKenStef: He's Mine
Adam Clayton & Larry Mullen: Theme From Mission: Impossible (From "Mission: Impossible")
Missy "Misdemeanor" Elliott: Get Ur Freak On
Dixie Chicks: Long Time Gone
Dixie Chicks: Landslide
Plies Featuring Ne-Yo: Bust It Baby Part 2
--------- log -----------
Searching: The Coasters: Yakety Yak

	The Coasters: Yakety Yak

Searching: Poni-Tails: Born Too Late
=========> Poni Tails: Born Too Late

	The Poni-Tails: Born Too Late

Searching: Earl Grant: The End

	Earl Grant: The End

Searching: The Tommy Dorsey Orchestra: Tea For Two Cha Cha
=========> Tommy Dorsey Orchestra: Tea For Two Cha Cha

	Tommy Dorsey Orchestra: Tea for Two Cha Cha - Remastered

Searching: Ricky Nelson: Lonesome Town

	Ricky Nelson: Lonesome Town

Searching: Jackie Wilson: Lonely Teardrops

	Jackie Wilson: Lonely Teardrops

Searching: Annette With The Afterbeats: Tall Paul
=========> Annette: Tall Paul

	Annette Funicello: Tall Paul

Searching: Sarah Vaughan: Broken-Hearted Melody
=========> Sarah Vaughan: Broken Hearted Melody

	Sarah Vaughan: Broken Hearted Melody

Searching: The Coasters: Poison Ivy

	The Coasters: Poison Ivy

Searching: Frankie Avalon: Just Ask Your Heart

	Frankie Avalon: Just Ask Your Heart

Searching: Wink Martindale: Deck Of Cards

	Wink Martindale: Deck Of Cards

Searching: Connie Francis: Among My Souvenirs

	Connie Francis: Among My Souvenirs

Searching: Andy Williams: The Village Of St. Bernadette
=========> Andy Williams: The Village Of St  Bernadette

	Andy Williams: The Village Of St Bernadette

Searching: The Everly Brothers: Let It Be Me

	The Everly Brothers: Let It Be Me

Searching: Steve Lawrence: Footsteps

	Steve Lawrence: Footsteps

Searching: Johnny Preston: Cradle Of Love

	Johnny Preston: Cradle of Love

Searching: Billy Bland: Let The Little Girl Dance

	Billy Bland: Let The Little Girl Dance

Searching: Ron Holden with The Thunderbirds: Love You So
=========> Ron Holden: Love You So

	Ron Holden: Love You So

Searching: Dinah Washington & Brook Benton: A Rockin' Good Way (To Mess Around And Fall In Love)
=========> Dinah Washington   Brook Benton: A Rockin  Good Way

	Dinah Washington: A Rockin' Good Way (To Mess Around And Fall In Love)

Searching: Ray Peterson: Tell Laura I Love Her

	Ray Peterson: Tell Laura I Love Her

Searching: Hank Ballard And The Midnighters: Finger Poppin' Time
=========> Hank Ballard: Finger Poppin  Time

	Hank Ballard & The Midnighters: Finger Poppin' Time

Searching: Donnie Brooks: Mission Bell

	Donnie Brooks: Mission Bell

Searching: Brook Benton: Kiddio

	Brook Benton: Kiddio - Rerecorded

Searching: The Everly Brothers: So Sad (To Watch Good Love Go Bad)
=========> The Everly Brothers: So Sad

	The Everly Brothers: So Sad (To Watch Good Love Go Bad)

Searching: Bob Luman: Let's Think About Living
=========> Bob Luman: Let s Think About Living

	Bob Luman: Let's Think About Living

Searching: Jerry Butler: He Will Break Your Heart

	Jerry Butler: He Will Break Your Heart

Searching: Connie Francis: Many Tears Ago

	Connie Francis: Many Tears Ago

Searching: Brenda Lee: Emotions

	Brenda Lee: Emotions

Searching: The Everly Brothers: Walk Right Back

	The Everly Brothers: Walk Right Back

Searching: Adam Wade: Take Good Care Of Her

	Adam Wade: Take Good Care of Her - Remastered

Searching: Connie Francis: Breakin' In A Brand New Broken Heart
=========> Connie Francis: Breakin  In A Brand New Broken Heart

	Connie Francis: Breakin' In A Brand New Broken Heart

Searching: Curtis Lee: Pretty Little Angel Eyes

	Curtis Lee: Pretty Little Angel Eyes

Searching: Johnny Tillotson: Without You

	Johnny Tillotson: Without You

Searching: Barry Mann: Who Put The Bomp (In The Bomp, Bomp, Bomp)
=========> Barry Mann: Who Put The Bomp

	Barry Mann: Who Put the Bomp (In The Bomp, Bomp, Bomp) (Remastered)

Searching: Bob Moore and His Orch.: Mexico
=========> Bob Moore: Mexico

	Bob Moore & His Orchestra: Mexico

Searching: Lee Dorsey: Ya Ya

	Lee Dorsey: Ya Ya

Searching: Chubby Checker: The Fly

	Chubby Checker: The Fly - 2016 Re-Recorded Version

Searching: The Marcels: Heartaches

	The Marcels: Heartaches

Searching: Sandy Nelson: Let There Be Drums

	Sandy Nelson: Let There Be Drums

Searching: The Lettermen: When I Fall In Love

	The Lettermen: When I Fall In Love

Searching: Don & Juan: What's Your Name
=========> Don   Juan: What s Your Name

	Don & Juan: What's Your Name

Searching: Clyde McPhatter: Lover Please

	Clyde McPhatter: Lover Please

Searching: Connie Francis: Second Hand Love

	Connie Francis: Second Hand Love

Searching: The Marvelettes: Playboy

	The Marvelettes: Playboy

Searching: Joanie Sommers: Johnny Get Angry

	Joanie Sommers: Johnny Get Angry

Searching: The Duprees: You Belong To Me

	The Duprees: You Belong To Me

Searching: Bent Fabric and His Piano: Alley Cat
=========> Bent Fabric: Alley Cat

	Bent Fabricius-Bjerre: Alley Cat

Searching: Jimmy Clanton: Venus In Blue Jeans

	Jimmy Clanton: Venus In Blue Jeans

Searching: Ray Charles: You Are My Sunshine

	Ray Charles: You Are My Sunshine

Searching: Mary Wells: Two Lovers

	Mary Wells: Two Lovers

Searching: Eydie Gorme: Blame It On The Bossa Nova

	Eydie Gormé: Blame It on the Bossa Nova

Searching: Roy Orbison: In Dreams

	Roy Orbison: In Dreams

Searching: The Cookies: Don't Say Nothin' Bad (About My Baby)
=========> The Cookies: Don t Say Nothin  Bad

	The Cookies: Don't Say Nothin' Bad (About My Baby)

Searching: Inez Foxx with Charlie Foxx: Mockingbird
=========> Inez Foxx: Mockingbird

	Inez & Charlie Foxx: Mockingbird

Searching: The Beach Boys: Surfer Girl

	The Beach Boys: Surfer Girl - Remastered

Searching: The Tymes: Wonderful! Wonderful!
=========> The Tymes: Wonderful  Wonderful

	The Tymes: Wonderful! Wonderful! - Single Version/Bonus Track

Searching: Skeeter Davis: I Can't Stay Mad At You
=========> Skeeter Davis: I Can t Stay Mad At You

	Skeeter Davis: I Can't Stay Mad at You

Searching: Johnny Tillotson: Talk Back Trembling Lips

	Johnny Tillotson: Talk Back Trembling Lips

Searching: Billy J. Kramer With The Dakotas: Little Children
=========> Billy J  Kramer: Little Children

	Billy J. Kramer: Little Children

Searching: Roger Miller: Dang Me

	Roger Miller: Dang Me

Searching: Gene Pitney: It Hurts To Be In Love

	Gene Pitney: It Hurts To Be In Love

Searching: Chad & Jeremy: A Summer Song
=========> Chad   Jeremy: A Summer Song

	Chad & Jeremy: A Summer Song

Searching: The Kinks: You Really Got Me

	The Kinks: You Really Got Me - Mono Mix

Searching: The Impressions: Amen

	The Impressions: Amen

Searching: The Larks: The Jerk

	The Larks: The Jerk

Searching: The Kinks: All Day And All Of The Night

	The Kinks: All Day and All of the Night

Searching: Sam Cooke: Shake

	Sam Cooke: Shake

Searching: Roger Miller: Engine Engine #9
=========> Roger Miller: Engine Engine  9

	Roger Miller: Engine Engine #9

Searching: Johnny Rivers: Seventh Son

	Johnny Rivers: Seventh Son

Searching: Jackie DeShannon: What The World Needs Now Is Love

	Jackie DeShannon: What The World Needs Now Is Love

Searching: The Dave Clark Five: I Like It Like That

	The Dave Clark Five: I Like it Like That - 2019 - Remaster

Searching: The Fortunes: You've Got Your Troubles
=========> The Fortunes: You ve Got Your Troubles

	The Fortunes: You've Got Your Troubles - Remastered

Searching: Herman's Hermits: Just A Little Bit Better
=========> Herman s Hermits: Just A Little Bit Better

	Herman's Hermits: Just a Little Bit Better

Searching: Bob Dylan: Positively 4th Street

	Bob Dylan: Positively 4th Street - Single Version

Searching: Herb Alpert & The Tijuana Brass: Taste Of Honey
=========> Herb Alpert   The Tijuana Brass: Taste Of Honey

	Herb Alpert & The Tijuana Brass: A Taste Of Honey

Searching: The McCoys: Fever

	The McCoys: Fever

Searching: The Marvelettes: Don't Mess With Bill
=========> The Marvelettes: Don t Mess With Bill

	The Marvelettes: Don't Mess With Bill - Single Version

Searching: Nancy Sinatra: How Does That Grab You, Darlin'?
=========> Nancy Sinatra: How Does That Grab You  Darlin

	Nancy Sinatra: How Does That Grab You, Darlin'?

Searching: Robert Parker: Barefootin'
=========> Robert Parker: Barefootin

	Robert Parker: Barefootin'

Searching: The Capitols: Cool Jerk

	The Capitols: Cool Jerk

Searching: The Association: Along Comes Mary

	The Association: Along Comes Mary

Searching: Jimmy Ruffin: What Becomes Of The Brokenhearted

	Jimmy Ruffin: What Becomes Of The Brokenhearted

Searching: The Hollies: Stop Stop Stop

	The Hollies: Bus Stop

Searching: Roger Williams: Born Free

	Roger Williams: Born Free

Searching: Keith: 98.6
=========> Keith: 98 6

	Keith: 98.6

Searching: The Spencer Davis Group: Gimme Some Lovin'
=========> The Spencer Davis Group: Gimme Some Lovin

	The Spencer Davis Group: Gimme Some Lovin' - Single Mix

Searching: Buffalo Springfield: For What It's Worth (Stop, Hey What's That Sound)
=========> Buffalo Springfield: For What It s Worth

	Buffalo Springfield: For What It's Worth

Searching: The Dave Clark Five: You Got What It Takes

	The Dave Clark Five: You Got What It Takes - 2019 - Remaster

Searching: The 5th Dimension: Up -- Up And Away
=========> The 5th Dimension: Up    Up And Away

	The 5th Dimension: Up, Up and Away

Searching: James Brown And The Famous Flames: Cold Sweat - Part 1
=========> James Brown: Cold Sweat   Part 1

	James Brown & The Famous Flames: Cold Sweat Part 1

Searching: The Fantastic Johnny C: Boogaloo Down Broadway

	The Fantastic Johnny C: Boogaloo Down Broadway

Searching: The Lettermen: Goin' Out Of My Head/Can't Take My Eyes Off You
=========> The Lettermen: Goin  Out Of My Head Can t Take My Eyes Off You

	The Lettermen: Goin' Out Of My Head / Can't Take My Eyes Off Of You - Live

Searching: Georgie Fame: The Ballad Of Bonnie And Clyde

	Georgie Fame: The Ballad of Bonnie & Clyde

Searching: The Troggs: Love Is All Around

	The Troggs: Love Is All Around

Searching: The Irish Rovers: The Unicorn

	The Irish Rovers: The Unicorn

Searching: Aretha Franklin: Think

	Aretha Franklin: Think

Searching: Merrilee Rush & The Turnabouts: Angel Of The Morning
=========> Merrilee Rush   The Turnabouts: Angel Of The Morning

	Merrilee Rush & The Turnabouts: Angel of the Morning

Searching: The Vogues: Turn Around, Look At Me
=========> The Vogues: Turn Around  Look At Me

	The Vogues: Turn Around, Look at Me

Searching: Marvin Gaye & Tammi Terrell: You're All I Need To Get By
=========> Marvin Gaye   Tammi Terrell: You re All I Need To Get By

	Marvin Gaye: You're All I Need To Get By

Searching: The Vogues: My Special Angel

	The Vogues: My Special Angel

Searching: Gary Puckett And The Union Gap: Over You
=========> Gary Puckett: Over You

	Gary Puckett & The Union Gap: Over You

Searching: Dionne Warwick: This Girl's In Love With You
=========> Dionne Warwick: This Girl s In Love With You

	Dionne Warwick: This Guy/This Girl's In Love With You

Searching: Tommy James And The Shondells: Sweet Cherry Wine
=========> Tommy James: Sweet Cherry Wine

	Tommy James & The Shondells: Sweet Cherry Wine

Searching: Simon & Garfunkel: The Boxer
=========> Simon   Garfunkel: The Boxer

	Simon & Garfunkel: The Boxer

Searching: Donovan: Atlantis

	Donovan: Atlantis

Searching: The Winstons: Color Him Father

	The Winstons: Color Him Father

Searching: Bob Dylan: Lay Lady Lay

	Bob Dylan: Lay, Lady, Lay

Searching: Marvin Gaye: That's The Way Love Is
=========> Marvin Gaye: That s The Way Love Is

	Marvin Gaye: That's The Way Love Is - Stereo Version

Searching: Stevie Wonder: Yester-Me, Yester-You, Yesterday
=========> Stevie Wonder: Yester Me  Yester You  Yesterday

	Stevie Wonder: Yester-Me, Yester-You, Yesterday

Searching: The Temptations: Psychedelic Shack

	The Temptations: Psychedelic Shack

Searching: The Hollies: He Ain't Heavy, He's My Brother
=========> The Hollies: He Ain t Heavy  He s My Brother

	The Hollies: He Ain't Heavy He's My Brother - 1998 Remaster

Searching: Frijid Pink: House Of The Rising Sun

	Frijid Pink: House of the Rising Sun

Searching: Badfinger: Come And Get It

	Badfinger: Come And Get It - Remastered 2010

Searching: Joe Cocker with Leon Russell & The Shelter People: The Letter
=========> Joe Cocker: The Letter

	Joe Cocker: The Letter

Searching: Alive & Kicking: Tighter, Tighter
=========> Alive   Kicking: Tighter  Tighter

	Alive and Kicking: Tighter, Tighter

Searching: Rare Earth: (I Know) I'm Losing You
=========> Rare Earth: I m Losing You

	Rare Earth: (I Know) I'm Losing You - Single Version

Searching: The Supremes: Stoned Love

	The Supremes: Stoned Love - Single Version

Searching: Chicago: Does Anybody Really Know What Time It Is?
=========> Chicago: Does Anybody Really Know What Time It Is

	Chicago: Does Anybody Really Know What Time It Is?

Searching: Wadsworth Mansion: Sweet Mary

	Wadsworth Mansion: Sweet Mary

Searching: The Bells: Stay Awhile

	The Bells: Stay Awhile

Searching: Donny Osmond of The Osmonds: Sweet And Innocent
=========> Donny Osmond of Osmonds: Sweet And Innocent

	 NOT FOUND

Searching: Chicago: Beginnings/Colour My World
=========> Chicago: Beginnings

	Chicago: Beginnings - 2002 Remaster

Searching: Three Dog Night: Liar

	Three Dog Night: Liar

Searching: Rare Earth: I Just Want To Celebrate

	Rare Earth: I Just Want To Celebrate

Searching: Cat Stevens: Peace Train

	Yusuf / Cat Stevens: Peace Train

Searching: Sonny & Cher: All I Ever Need Is You
=========> Sonny   Cher: All I Ever Need Is You

	Sonny & Cher: All I Ever Need Is You

Searching: The New Seekers: I'd Like To Teach The World To Sing (In Perfect Harmony)
=========> The New Seekers: I d Like To Teach The World To Sing

	The New Seekers: I'd Like To Teach The World To Sing (In Perfect Harmony)

Searching: Cher: The Way Of Love

	Cher: The Way Of Love

Searching: The Rolling Stones: Tumbling Dice

	The Rolling Stones: Tumbling Dice

Searching: Alice Cooper: School's Out
=========> Alice Cooper: School s Out

	Alice Cooper: School's Out

Searching: Carpenters: Goodbye To Love

	Carpenters: Goodbye To Love

Searching: Gary Glitter: Rock And Roll Part 2

	Gary Glitter: Rock & Roll Part 2

Searching: Marvin Gaye: Trouble Man

	Marvin Gaye: Trouble Man

Searching: War: The World Is A Ghetto

	War: The World Is A Ghetto

Searching: Anne Murray: Danny's Song
=========> Anne Murray: Danny s Song

	Anne Murray: Danny's Song

Searching: The Temptations: Masterpiece

	The Temptations: Masterpiece

Searching: Gilbert O'Sullivan: Get Down
=========> Gilbert O Sullivan: Get Down

	Gilbert O'Sullivan: Get Down

Searching: Harold Melvin And The Blue Notes: The Love I Lost (Part 1)
=========> Harold Melvin: The Love I Lost

	Harold Melvin & The Blue Notes: The Love I Lost (feat. Teddy Pendergrass)

Searching: Barry White: Never, Never Gonna Give Ya Up
=========> Barry White: Never  Never Gonna Give Ya Up

	Barry White: Never, Never Gonna Give Ya Up

Searching: Paul McCartney And Wings: Jet
=========> Paul McCartney: Jet

	Paul McCartney: Jet

Searching: Mike Oldfield: Tubular Bells

	Mike Oldfield: Tubular Bells - Pt. I

Searching: Joni Mitchell: Help Me

	Joni Mitchell: Help Me

Searching: Jim Stafford: Wildwood Weed

	 NOT FOUND

Searching: Blue Swede: Never My Love

	Blue Swede: Never My Love

Searching: Tony Orlando & Dawn: Steppin' Out (Gonna Boogie Tonight)
=========> Tony Orlando   Dawn: Steppin  Out

	Tony Orlando & Dawn: Steppin' Out (I'm Gonna Boogie Tonight) - Digitally Remastered 1998

Searching: Al Green: Sha-La-La (Make Me Happy)
=========> Al Green: Sha La La

	Al Green: Sha-La-La (Make Me Happy)

Searching: Paul Anka with Odia Coates: One Man Woman/One Woman Man
=========> Paul Anka: One Man Woman One Woman Man

	Paul Anka: One Man Woman/One Woman Man

Searching: War: Low Rider

	War: Low Rider

Searching: Bee Gees: Nights On Broadway

	Bee Gees: Nights On Broadway

Searching: Paul Anka: Times Of Your Life

	Paul Anka: Times Of Your Life

Searching: The Beatles: Got To Get You Into My Life

	The Beatles: Got To Get You Into My Life - Remastered 2009

Searching: War: Summer

	Warptech: Last Summer

Searching: Daryl Hall John Oates: She's Gone
=========> Daryl Hall John Oates: She s Gone

	Daryl Hall & John Oates: She's Gone

Searching: Commodores: Just To Be Close To You

	Commodores: Just To Be Close To You

Searching: KISS: Beth/Detroit Rock City
=========> KISS: Beth

	KISS: Beth

Searching: Atlanta Rhythm Section: So In To You

	Atlanta Rhythm Section: So In to You

Searching: Andrew Gold: Lonely Boy

	Andrew Gold: Lonely Boy

Searching: Crosby, Stills & Nash: Just A Song Before I Go
=========> Crosby  Stills   Nash: Just A Song Before I Go

	Crosby, Stills & Nash: Just a Song Before I Go

Searching: Electric Light Orchestra: Telephone Line

	Electric Light Orchestra: Telephone Line

Searching: Rita Coolidge: We're All Alone
=========> Rita Coolidge: We re All Alone

	Rita Coolidge: We're All Alone

Searching: Shaun Cassidy: Hey Deanie

	Shaun Cassidy: Hey Deanie

Searching: Paul Davis: I Go Crazy

	Paul Davis: I Go Crazy

Searching: Atlanta Rhythm Section: Imaginary Lover

	Atlanta Rhythm Section: Imaginary Lover

Searching: George Benson: On Broadway

	George Benson: On Broadway

Searching: Heatwave: The Groove Line

	Heatwave: The Groove Line

Searching: John Paul Young: Love Is In The Air

	John Paul Young: Love Is In The Air

Searching: Al Stewart: Time Passages

	Al Stewart: Time Passages

Searching: Linda Ronstadt: Ooh Baby Baby

	Linda Ronstadt: Ooh Baby Baby - 1999 Remaster

Searching: Chic: I Want Your Love

	CHIC: I Want Your Love - 2018 Remaster

Searching: The Jacksons: Shake Your Body (Down To The Ground)
=========> The Jacksons: Shake Your Body

	The Jacksons: Shake Your Body (Down to the Ground) - Single Edit

Searching: Cheap Trick: I Want You To Want Me

	Cheap Trick: I Want You to Want Me

Searching: Kenny Rogers: You Decorated My Life

	Kenny Rogers: You Decorated My Life

Searching: J.D. Souther: You're Only Lonely
=========> J D  Souther: You re Only Lonely

	JD Souther: You're Only Lonely

Searching: Cliff Richard: We Don't Talk Anymore
=========> Cliff Richard: We Don t Talk Anymore

	Cliff Richard: We Don't Talk Anymore - 2001 Remaster

Searching: Fleetwood Mac: Sara

	Fleetwood Mac: Sara - 2015 Remaster

Searching: Billy Joel: You May Be Right

	Billy Joel: You May Be Right

Searching: The Brothers Johnson: Stomp!
=========> The Brothers Johnson: Stomp

	The Brothers Johnson: Stomp! - Single Version

Searching: Kenny Loggins: I'm Alright
=========> Kenny Loggins: I m Alright

	Kenny Loggins: I'm Alright - Theme from "Caddyshack"

Searching: Steve Winwood: While You See A Chance

	Steve Winwood: While You See A Chance

Searching: The Manhattan Transfer: Boy From New York City

	The Manhattan Transfer: Boy From New York City

Searching: Dan Fogelberg: Hard To Say

	Dan Fogelberg: Hard to Say

Searching: Diana Ross: Why Do Fools Fall In Love

	Diana Ross: Why Do Fools Fall in Love

Searching: Juice Newton: The Sweetest Thing (I've Ever Known)
=========> Juice Newton: The Sweetest Thing

	Juice Newton: The Sweetest Thing (I've Ever Known)

Searching: Huey Lewis & The News: Do You Believe In Love
=========> Huey Lewis   The News: Do You Believe In Love

	Huey Lewis & The News: Do You Believe In Love

Searching: Joan Jett & the Blackhearts: Crimson And Clover
=========> Joan Jett   the Blackhearts: Crimson And Clover

	Joan Jett & The Blackhearts: Crimson and Clover

Searching: Juice Newton: Love's Been A Little Bit Hard On Me
=========> Juice Newton: Love s Been A Little Bit Hard On Me

	Juice Newton: Love's Been A Little Bit Hard On Me

Searching: REO Speedwagon: Keep The Fire Burnin'
=========> REO Speedwagon: Keep The Fire Burnin

	REO Speedwagon: Keep the Fire Burnin'

Searching: Jackson Browne: Somebody's Baby
=========> Jackson Browne: Somebody s Baby

	Jackson Browne: Somebody's Baby

Searching: Eddie Rabbitt With Crystal Gayle: You And I
=========> Eddie Rabbitt: You And I

	Eddie Rabbitt: You And I

Searching: Daryl Hall John Oates: One On One

	Daryl Hall & John Oates: One On One

Searching: Laura Branigan: Solitaire

	Laura Branigan: Solitaire

Searching: Madness: Our House

	Madness: Our House

Searching: Michael Jackson: Human Nature

	Michael Jackson: Human Nature

Searching: Lionel Richie: Running With The Night

	Lionel Richie: Running With The Night

Searching: The Cars: You Might Think

	The Cars: You Might Think

Searching: Mike Reno And Ann Wilson: Almost Paradise...Love Theme From Footloose
=========> Mike Reno: Almost Paradise   Love Theme From Footloose

	Mike Reno: Almost Paradise (feat. Ann Wilson) - Love Theme from "Footloose"

Searching: Corey Hart: Sunglasses At Night

	Corey Hart: Sunglasses At Night

Searching: Scandal Featuring Patty Smyth: The Warrior
=========> Scandal: The Warrior

	Scandal: The Warrior (feat. Patty Smyth)

Searching: Sheila E.: The Glamorous Life
=========> Sheila E: The Glamorous Life

	Sheila E.: The Glamorous Life

Searching: Bruce Springsteen: Cover Me

	Bruce Springsteen: Cover Me

Searching: John Cafferty & The Beaver Brown Band: On The Dark Side
=========> John Cafferty   The Beaver Brown Band: On The Dark Side

	John Cafferty & the Beaver Brown Band: On the Dark Side

Searching: Sheena Easton: Strut

	Sheena Easton: Strut

Searching: Tina Turner: Private Dancer

	Tina Turner: Private Dancer - 2015 Remaster

Searching: Mary Jane Girls: In My House

	Mary Jane Girls: In My House

Searching: Prince And The Revolution: Pop Life
=========> Prince: Pop Life

	Prince: Pop Life

Searching: David Bowie & Mick Jagger: Dancing In The Street
=========> David Bowie   Mick Jagger: Dancing In The Street

	David Bowie: Dancing in the Street - 2002 Remaster

Searching: Aretha Franklin: Who's Zoomin' Who
=========> Aretha Franklin: Who s Zoomin  Who

	Aretha Franklin: Who's Zoomin' Who?

Searching: The Cars: Tonight She Comes

	The Cars: Tonight She Comes

Searching: Dire Straits: Walk Of Life

	Dire Straits: Walk Of Life

Searching: Paul McCartney: Spies Like Us

	 NOT FOUND

Searching: The Dream Academy: Life In A Northern Town

	The Dream Academy: Life in a Northern Town

Searching: Elton John: Nikita

	Elton John: Nikita

Searching: Sly Fox: Let's Go All The Way
=========> Sly Fox: Let s Go All The Way

	Sly Fox: Let's Go All The Way

Searching: Phil Collins: Take Me Home

	Phil Collins: Take Me Home - 2016 Remaster

Searching: Level 42: Something About You

	Level 42: Something About You - Single Version

Searching: George Michael: A Different Corner

	George Michael: A Different Corner

Searching: Michael McDonald: Sweet Freedom (Theme From "Running Scared")
=========> Michael McDonald: Sweet Freedom

	Michael McDonald: Sweet Freedom - Live

Searching: Glass Tiger: Someday

	Glass Tiger: Someday

Searching: Lionel Richie: Ballerina Girl

	Lionel Richie: Ballerina Girl

Searching: Beastie Boys: (You Gotta) Fight For Your Right (To Party!)
=========> Beastie Boys: Fight For Your Right

	Beastie Boys: Fight For Your Right

Searching: The Breakfast Club: Right On Track
=========> Breakfast Club: Right On Track

	Breakfast Club: Right On Track

Searching: Bon Jovi: Wanted Dead Or Alive

	Bon Jovi: Wanted Dead Or Alive

Searching: Crowded House: Something So Strong

	Crowded House: Something So Strong

Searching: The Jets: Cross My Broken Heart (From "Beverly Hills Cop II")
=========> The Jets: Cross My Broken Heart

	The Jets: Cross My Broken Heart

Searching: The Whispers: Rock Steady

	The Whispers: Rock Steady

Searching: Heart: Who Will You Run To

	Heart: Who Will You Run To

Searching: Expose: Let Me Be The One

	Exposé: Let Me Be The One

Searching: Sting: We'll Be Together
=========> Sting: We ll Be Together

	Sting: We'll Be Together

Searching: Taylor Dayne: Tell It To My Heart(Dub)
=========> Taylor Dayne: Tell It To My Heart

	Taylor Dayne: Tell It to My Heart

Searching: Tiffany: I Saw Him Standing There

	Tiffany: I Saw Him Standing There

Searching: Taylor Dayne: Prove Your Love

	Taylor Dayne: Prove Your Love

Searching: Icehouse: Electric Blue

	ICEHOUSE: Electric Blue

Searching: Belinda Carlisle: Circle In The Sand

	Belinda Carlisle: Circle in the Sand

Searching: Al B. Sure!: Nite And Day
=========> Al B  Sure: Nite And Day

	Al B. Sure!: Nite and Day

Searching: New Edition: If It Isn't Love
=========> New Edition: If It Isn t Love

	New Edition: If It Isn't Love

Searching: INXS: Never Tear Us Apart

	INXS: Never Tear Us Apart

Searching: Guns N' Roses: Welcome To The Jungle
=========> Guns N  Roses: Welcome To The Jungle

	Guns N' Roses: Welcome To The Jungle

Searching: Michael Jackson: Smooth Criminal

	Michael Jackson: Smooth Criminal - 2012 Remaster

Searching: Karyn White: The Way You Love Me

	Karyn White: The Way You Love Me

Searching: Edie Brickell & New Bohemians: What I Am
=========> Edie Brickell   New Bohemians: What I Am

	Edie Brickell & New Bohemians: What I Am

Searching: Was (Not Was): Walk The Dinosaur
=========> Was: Walk The Dinosaur

	Was (Not Was): Walk The Dinosaur

Searching: Donna Summer: This Time I Know It's For Real
=========> Donna Summer: This Time I Know It s For Real

	Donna Summer: This Time I Know It's for Real

Searching: Natalie Cole: Miss You Like Crazy

	Natalie Cole: Miss You Like Crazy

Searching: Bon Jovi: Lay Your Hands On Me

	Bon Jovi: Lay Your Hands On Me

Searching: Dino: I Like It

	DINO: I Like It

Searching: Bee Gees: One

	Bee Gees: Islands In The Stream - Live At The MGM Grand/1997

Searching: Young M.C.: Bust A Move
=========> Young M C: Bust A Move

	Young MC: I Come Off / Bust A Move

Searching: Babyface: It's No Crime
=========> Babyface: It s No Crime

	Babyface: It's No Crime

Searching: Bobby Brown: Rock Wit'cha
=========> Bobby Brown: Rock Wit cha

	Bobby Brown: Rock Wit'cha

Searching: Alice Cooper: Poison

	Alice Cooper: Poison

Searching: New Kids On The Block: This One's For The Children
=========> New Kids On The Block: This One s For The Children

	New Kids On The Block: This One's for the Children

Searching: Tom Petty: Free Fallin'
=========> Tom Petty: Free Fallin

	Tom Petty: Free Fallin'

Searching: Michel'le: No More Lies
=========> Michel le: No More Lies

	Michel'le: No More Lies

Searching: Technotronic: Get Up! (Before The Night Is Over)
=========> Technotronic: Get Up

	Technotronic: Get Up (Before The Night Is Over)

Searching: After 7: Ready Or Not

	After 7: Ready Or Not

Searching: Michael Bolton: When I'm Back On My Feet Again
=========> Michael Bolton: When I m Back On My Feet Again

	Michael Bolton: When I'm Back On My Feet Again

Searching: New Kids On The Block: Tonight

	New Kids On The Block: Tonight

Searching: Will To Power: I'm Not In Love
=========> Will To Power: I m Not In Love

	Will To Power: I'm Not In Love

Searching: Keith Sweat: I'll Give All My Love To You
=========> Keith Sweat: I ll Give All My Love To You

	Keith Sweat: I'll Give All My Love to You

Searching: Gerardo: Rico Suave

	 NOT FOUND

Searching: Rick Astley: Cry For Help

	Rick Astley: Cry for Help - Single Edit

Searching: UB40: Here I Am (Come And Take Me)
=========> UB40: Here I Am

	UB40: Here I Am (Come And Take Me)

Searching: Tara Kemp: Piece Of My Heart

	Tara Kemp: Piece of My Heart

Searching: Seal: Crazy

	Seal: Crazy

Searching: Michael Bolton: Time, Love And Tenderness
=========> Michael Bolton: Time  Love And Tenderness

	Michael Bolton: Time, Love and Tenderness

Searching: Amy Grant: That's What Love Is For
=========> Amy Grant: That s What Love Is For

	Amy Grant: That's What Love Is For

Searching: M.C. Hammer: Addams Groove
=========> M C  Hammer: Addams Groove

	MC Hammer: Addams Groove

Searching: Genesis: I Can't Dance
=========> Genesis: I Can t Dance

	Genesis: I Can't Dance - Remastered 2007

Searching: TLC: What About Your Friends

	TLC: What About Your Friends

Searching: Mary J. Blige: Real Love
=========> Mary J  Blige: Real Love

	Mary J. Blige: Real Love

Searching: Bobby Brown: Good Enough

	Bobby Brown: Good Enough

Searching: Madonna: Deeper And Deeper

	Madonna: Deeper and Deeper

Searching: Prince And The New Power Generation: 7
=========> Prince: 7

	Princessa: Seven Days a Week

Searching: Spin Doctors: Two Princes

	Spin Doctors: Two Princes

Searching: Duran Duran: Come Undone

	Duran Duran: Come Undone

Searching: Tony Toni Tone: If I Had No Loot

	Tony! Toni! Toné!: If I Had No Loot

Searching: Michael Jackson: Will You Be There

	Michael Jackson: Will You Be There

Searching: Toni Braxton: Another Sad Love Song

	Toni Braxton: Another Sad Love Song

Searching: Bryan Adams: Please Forgive Me

	Bryan Adams: Please Forgive Me

Searching: Domino: Getto Jam

	Domino: Getto Jam

Searching: Richard Marx: Now And Forever

	Richard Marx: Now And Forever

Searching: Toni Braxton: You Mean The World To Me

	Toni Braxton: You Mean the World to Me

Searching: BLACKstreet: Before I Let You Go

	Blackstreet: Before I Let You Go

Searching: MoKenStef: He's Mine
=========> MoKenStef: He s Mine

	 NOT FOUND

Searching: Take That: Back For Good

	Take That: Back for Good - Radio Mix

Searching: Pearl Jam: I Got Id/Long Road
=========> Pearl Jam: I Got Id

	Pearl Jam: I Got Id

Searching: Monica: Before You Walk Out Of My Life/Like This And Like That
=========> Monica: Before You Walk Out Of My Life

	Monica: Before You Walk Out of My Life

Searching: George Michael: Jesus To A Child

	George Michael: Jesus to a Child

Searching: Adam Clayton & Larry Mullen: Theme From Mission: Impossible (From "Mission: Impossible")
=========> Adam Clayton: Theme From Mission  Impossible

	 NOT FOUND

Searching: New Edition: I'm Still In Love With You
=========> New Edition: I m Still In Love With You

	New Edition: I'm Still In Love With You

Searching: Foxy Brown Featuring Jay-Z: I'll Be
=========> Foxy Brown: I ll Be

	Foxy Brown: I'll Be

Searching: Tim McGraw With Faith Hill: It's Your Love
=========> Tim McGraw: It s Your Love

	Tim McGraw: It's Your Love

Searching: Shawn Colvin: Sunny Came Home

	Shawn Colvin: Sunny Came Home

Searching: Robyn: Do You Know (What It Takes)
=========> Robyn: Do You Know

	Robyn: Do You Know (What It Takes)

Searching: Dru Hill: Never Make A Promise

	Dru Hill: Never Make A Promise

Searching: Aqua: Barbie Girl

	Aqua: Barbie Girl

Searching: Robyn: Show Me Love

	Robyn: Show Me Love - Radio Version

Searching: Boyz II Men: A Song For Mama

	Boyz II Men: A Song For Mama

Searching: Wyclef Jean: Gone Till November

	Wyclef Jean: Gone Till November

Searching: Xscape: The Arms Of The One Who Loves You

	Xscape: The Arms of the One Who Loves You

Searching: Jon B: They Don't Know
=========> Jon B: They Don t Know

	Jon B.: They Don't Know

Searching: Faith Hill: This Kiss

	Faith Hill: This Kiss

Searching: Faith Evans: Love Like This

	Faith Evans: Love Like This

Searching: Total Featuring Missy Elliott: Trippin'
=========> Total: Trippin

	Total: Trippin'

Searching: Shawn Mullins: Lullaby

	Shawn Mullins: Lullaby

Searching: Shania Twain: That Don't Impress Me Much
=========> Shania Twain: That Don t Impress Me Much

	Shania Twain: That Don't Impress Me Much

Searching: Sugar Ray: Someday

	Sugar Ray: Someday - Remastered

Searching: Donell Jones: U Know What's Up
=========> Donell Jones: U Know What s Up

	Donell Jones: U Know What's Up (feat. Lisa "Left Eye" Lopes)

Searching: Kenny G: Auld Lang Syne

	Kenny G: Auld Lang Syne

Searching: P!nk: There You Go
=========> P nk: There You Go

	P!nk: There You Go

Searching: Creed: Higher

	Creed: Higher

Searching: Next: Wifey

	Next: Wifey - Club Mix/Dirty Version

Searching: Nelly: (Hot S**t) Country Grammar
=========> Nelly: Country Grammar

	Nelly: Country Grammar (Hot Shit)

Searching: Aerosmith: Jaded

	Aerosmith: Jaded

Searching: Missy "Misdemeanor" Elliott: Get Ur Freak On
=========> Missy  Misdemeanor  Elliott: Get Ur Freak On

	 NOT FOUND

Searching: Alicia Keys: A Woman's Worth
=========> Alicia Keys: A Woman s Worth

	Alicia Keys: A Woman's Worth

Searching: Brandy: What About Us?
=========> Brandy: What About Us

	Brandy: What About Us?

Searching: Kylie Minogue: Can't Get You Out Of My Head
=========> Kylie Minogue: Can t Get You Out Of My Head

	Kylie Minogue: Can't Get You out of My Head

Searching: Tweet: Oops (Oh My)
=========> Tweet: Oops

	Tweet: Oops (Oh My) [feat. Missy Elliott]

Searching: Dixie Chicks: Long Time Gone

	 NOT FOUND

Searching: Sean Paul: Gimme The Light

	Sean Paul: Gimme the Light

Searching: Dixie Chicks: Landslide

	 NOT FOUND

Searching: Tyrese: How You Gonna Act Like That

	Tyrese: How You Gonna Act Like That

Searching: Ashanti: Rain On Me

	Ashanti: Rain On Me

Searching: Baby Bash Featuring Frankie J: Suga Suga
=========> Baby Bash: Suga Suga

	Baby Bash: Suga Suga

Searching: Nickelback: Someday

	Nickelback: Someday

Searching: Evanescence: My Immortal

	Evanescence: My Immortal

Searching: Kanye West Featuring Syleena Johnson: All Falls Down
=========> Kanye West: All Falls Down

	Kanye West: All Falls Down

Searching: Petey Pablo: Freek-A-Leek
=========> Petey Pablo: Freek A Leek

	Petey Pablo: Freek-A-Leek

Searching: Trick Daddy Featuring Lil Jon & Twista: Let's Go
=========> Trick Daddy: Let s Go

	Trick Daddy: Let's Go (feat. Big D & Twista)

Searching: Gwen Stefani Featuring Eve: Rich Girl
=========> Gwen Stefani: Rich Girl

	Gwen Stefani: Rich Girl

Searching: Will Smith: Switch

	Will Smith: Switch

Searching: Pretty Ricky: Grind With Me

	Pretty Ricky: Grind With Me

Searching: David Banner: Play

	David Banner: Play

Searching: Kelly Clarkson: Because Of You

	Kelly Clarkson: Because of You

Searching: Madonna: Hung Up

	Madonna: Hung Up

Searching: Chris Brown: Yo (Excuse Me Miss)
=========> Chris Brown: Yo

	Chris Brown: Next To You (feat. Justin Bieber)

Searching: Dem Franchize Boyz Featuring Lil Peanut & Charlay: Lean Wit It, Rock Wit It
=========> Dem Franchize Boyz: Lean Wit It  Rock Wit It

	Dem Franchize Boyz: Lean Wit It, Rock Wit It

Searching: Bubba Sparxxx Featuring Ying Yang Twins & Mr. ColliPark: Ms. New Booty
=========> Bubba Sparxxx: Ms  New Booty

	Bubba Sparxxx: Ms. New Booty

Searching: Lil Jon Featuring E-40 & Sean Paul Of The YoungBloodZ: Snap Yo Fingers
=========> Lil Jon: Snap Yo Fingers

	Lil Jon: Snap Yo Fingers - feat. E40 & Sean Paul of Youngbloodz

Searching: Rascal Flatts: Life Is A Highway

	Rascal Flatts: Life is a Highway

Searching: Panic! At The Disco: I Write Sins Not Tragedies
=========> Panic  At The Disco: I Write Sins Not Tragedies

	Panic! At The Disco: I Write Sins Not Tragedies

Searching: Ciara Featuring Chamillionaire: Get Up
=========> Ciara: Get Up

	Ciara: Get Up (feat. Chamillionaire)

Searching: Ne-Yo: Sexy Love
=========> Ne Yo: Sexy Love

	Ne-Yo: Sexy Love

Searching: Jibbs: Chain Hang Low

	Jibbs: Chain Hang Low

Searching: Linkin Park: What I've Done
=========> Linkin Park: What I ve Done

	Linkin Park: What I've Done

Searching: Hurricane Chris: A Bay Bay

	Hurricane Chris: A Bay Bay (The Ratchet Remix) (feat. The Game, Lil Boosie, Baby, E-40, Angie Loc & Jadakiss) - Extended Radio Mix

Searching: Akon: Sorry, Blame It On Me
=========> Akon: Sorry  Blame It On Me

	Akon: Sorry, Blame It On Me

Searching: Keyshia Cole Featuring Missy Elliott & Lil Kim: Let It Go
=========> Keyshia Cole: Let It Go

	Keyshia Cole: Let It Go

Searching: Baby Bash Featuring T-Pain: Cyclone
=========> Baby Bash: Cyclone

	Baby Bash: Cyclone (feat. T-Pain)

Searching: Kanye West Featuring T-Pain: Good Life
=========> Kanye West: Good Life

	Kanye West: Good Life

Searching: Rihanna Featuring Ne-Yo: Hate That I Love You
=========> Rihanna: Hate That I Love You

	Rihanna: Hate That I Love You

Searching: Sean Kingston: Take You There

	Sean Kingston: Take You There

Searching: Yael Naim: New Soul

	Yael Naim: New Soul

Searching: Snoop Dogg: Sensual Seduction

	Snoop Dogg: Sensual Seduction

Searching: Plies Featuring Ne-Yo: Bust It Baby Part 2
=========> Plies: Bust It Baby Part 2

	 NOT FOUND

Searching: Ne-Yo: Closer
=========> Ne Yo: Closer

	Ne-Yo: Closer

Searching: T-Pain Featuring Lil Wayne: Can't Believe It
=========> T Pain: Can t Believe It

	T-Pain: Can't Believe It (feat. Lil' Wayne)

Searching: Christina Aguilera: Keeps Gettin' Better
=========> Christina Aguilera: Keeps Gettin  Better

	Christina Aguilera: Keeps Gettin' Better

Searching: Ne-Yo: Miss Independent
=========> Ne Yo: Miss Independent

	Ne-Yo: Miss Independent

Searching: The Fray: You Found Me

	The Fray: You Found Me

Searching: 3OH!3: Don't Trust Me
=========> 3OH 3: Don t Trust Me

	3OH!3: DONTTRUSTME

Searching: Shinedown: Second Chance

	Shinedown: Second Chance

Searching: Cobra Starship Featuring Leighton Meester: Good Girls Go Bad
=========> Cobra Starship: Good Girls Go Bad

	Cobra Starship: Good Girls Go Bad (feat. Leighton Meester)

Searching: Mariah Carey: Obsessed

	Mariah Carey: Obsessed

Searching: The Black Eyed Peas: Meet Me Halfway

	The Pop Heroes: Meet Me Halfway (Made Famous by Black Eyed Peas)

Searching: Ke$ha Featuring 3OH!3: Blah Blah Blah
=========> Ke ha: Blah Blah Blah

	Kesha: Blah Blah Blah (feat. 3OH!3)

Searching: Pitbull Featuring T-Pain: Hey Baby (Drop It To The Floor)
=========> Pitbull: Hey Baby

	Pitbull: Hey Baby (Drop It to the Floor) (feat. T-Pain)

Searching: Far*East Movement Featuring Ryan Tedder: Rocketeer
=========> Far East Movement: Rocketeer

	Far East Movement: Rocketeer

Searching: Ke$ha: Blow
=========> Ke ha: Blow

	Kesha: Blow

Searching: Lady Antebellum: Just A Kiss

	Lady A: Just A Kiss

Searching: Jason Aldean: Dirt Road Anthem

	Jason Aldean: Dirt Road Anthem

Searching: Hot Chelle Rae: Tonight Tonight

	Hot Chelle Rae: Tonight Tonight

Searching: Britney Spears: I Wanna Go

	Britney Spears: I Wanna Go

Searching: Cobra Starship Featuring Sabi: You Make Me Feel...
=========> Cobra Starship: You Make Me Feel

	Cobra Starship: You Make Me Feel... (feat. Sabi)

Searching: Rihanna: Cheers (Drink To That)
=========> Rihanna: Cheers

	Rihanna: Cheers (Drink To That)

Searching: B.o.B Featuring Lil Wayne: Strange Clouds
=========> B o B: Strange Clouds

	B.o.B: Strange Clouds (feat. Lil Wayne)

Searching: Tyga: Rack City

	Tyga: Rack City

Searching: Snoop Dogg & Wiz Khalifa Featuring Bruno Mars: Young, Wild & Free
=========> Snoop Dogg   Wiz Khalifa: Young  Wild   Free

	Snoop Dogg: Young, Wild & Free (feat. Bruno Mars)

Searching: Drake Featuring Rihanna: Take Care
=========> Drake: Take Care

	Drake: Take Care

Searching: David Guetta Featuring Sia: Titanium
=========> David Guetta: Titanium

	David Guetta: Titanium (feat. Sia)

Searching: Taylor Swift: Begin Again

	Taylor Swift: Begin Again

Searching: Alex Clare: Too Close

	Alex Clare: Too Close

Searching: Maroon 5: Daylight

	Maroon 5: Daylight

Searching: Icona Pop Featuring Charli XCX: I Love It
=========> Icona Pop: I Love It

	Icona Pop: I Love It (feat. Charli XCX)

Searching: Eminem: Rap God

	Eminem: Rap God

Searching: Calvin Harris: Summer

	Calvin Harris: Summer

Searching: Disclosure Featuring Sam Smith: Latch
=========> Disclosure: Latch

	Disclosure: Latch

Searching: Ariana Grande & The Weeknd: Love Me Harder
=========> Ariana Grande   The Weeknd: Love Me Harder

	Ariana Grande: Love Me Harder

Searching: Nick Jonas: Jealous

	Nick Jonas: Jealous - Remix

Searching: Fetty Wap Featuring Monty: My Way
=========> Fetty Wap: My Way

	Fetty Wap: My Way (feat. Monty)

Searching: Ariana Grande: Focus

	Ariana Grande: Focus

Searching: Selena Gomez: Hands To Myself

	Selena Gomez: Hands To Myself

Searching: G-Eazy x Bebe Rexha: Me, Myself & I
=========> G Eazy x Bebe Rexha: Me  Myself   I

	Dance Guru: Me Myself and I 2 phones (G-Eazy x Bebe Rexha and Kevin Gates Mash Up Dance remix)

Searching: Rihanna: Needed Me

	Rihanna: Needed Me

Searching: J. Cole: Deja Vu
=========> J  Cole: Deja Vu

	J. Cole: Deja Vu

Searching: Zedd & Alessia Cara: Stay
=========> Zedd   Alessia Cara: Stay

	Zedd: Stay

Searching: Lil Uzi Vert: XO TOUR Llif3

	Lil Uzi Vert: XO Tour Llif3

Searching: Drake: Diplomatic Immunity

	Drake: Diplomatic Immunity

Searching: The Weeknd & Kendrick Lamar: Pray For Me
=========> The Weeknd   Kendrick Lamar: Pray For Me

	The Weeknd: Pray For Me (with Kendrick Lamar)

Searching: Kendrick Lamar & SZA: All The Stars
=========> Kendrick Lamar   SZA: All The Stars

	Kendrick Lamar: All The Stars (with SZA)

Searching: Drake: I'm Upset
=========> Drake: I m Upset

	Drake: I'm Upset

Searching: Lil Wayne: Uproar

	Lil Wayne: Uproar

Searching: 5 Seconds Of Summer: Youngblood

	5 Seconds of Summer: Youngblood

Searching: Sam Smith & Normani: Dancing With A Stranger
=========> Sam Smith   Normani: Dancing With A Stranger

	Sam Smith: Dancing With A Stranger (with Normani)

Searching: Drake Featuring Rick Ross: Money In The Grave
=========> Drake: Money In The Grave

	Drake: Money In The Grave (Drake ft. Rick Ross)

Searching: DaBaby: Suge

	DaBaby: Suge

Searching: Kanye West: Follow God

	Kanye West: Follow God

Searching: Drake Featuring Playboi Carti: Pain 1993
=========> Drake: Pain 1993

	Drake: Pain 1993 (with Playboi Carti)

Searching: Juice WRLD: Conversations

	Juice WRLD: Conversations
