Found 244/288 = 85%
44 not found: 
The Four Coins: Wendy, Wendy
Roy Orbison: Up Town
Pat Boone: Candy Sweet
Connie Francis: Too Many Rules
Chubby Checker: La Paloma Twist
Pat Boone: Beach Girl
The Ray Charles Singers: This Is My Prayer
Lenny Welch: Darling Take Me Back
The Royalettes: I Want To Meet Him
Dallas Frazier: Elvira
The Righteous Brothers: Stranded In The Middle Of Noplace
Calvin Arnold: Funky Way
Otis Leaville: Love Uprising
Frijid Pink: Heartbreak Hotel
Five Man Electrical Band: Money Back Guarantee
Grand Canyon: Evil Boll-weevil
East L.A. Car Pool: Like They Say In L.A.
John Dawson Read: A Friend Of Mine Is Going Blind
Hamilton, Joe Frank & Dennison: Don't Fight The Hands (That Need You)
Bobby Arvon: Until Now
Claudja Barry: Dancin' Fever
Randy Brown: You Says It All
Dan Hartman: It Hurts To Be In Love
Dave Stewart and Barbara Gaskin: It's My Party
The Vels: Look My Way
A'me Lorain: Follow My Heartbeat
Tricia Leigh Fisher: Empty Beach
House Of Lords: Remember My Name
Yo-Yo: The Bonnie And Clyde Theme
Simple E: Play My Funk (From "Sugar Hill")
Ovis: Regular Thang
Jewell: Woman To Woman
Roula: Lick It
Art N' Soul: Ever Since You Went Away
Funkmaster Flex Presents Khadejia Featuring Product: Here We Go
J'Son: I Should Cheat On You
Lil Bow Wow: Take Ya Home
Soluna: For All Time
Vanessa Anne Hudgens: When There Was Me And You
Hurricane Chris Featuring Big Poppa: The Hand Clap
The Lonely Island: J**z In My Pants
Taylor Swift: Breathless
James Wolpert: A Case Of You
Meek Mill Featuring Lil Uzi Vert: Blue Note$ II
--------- log -----------
Searching: Fats Domino: Little Mary

	Fats Domino: Little Mary [cached]

Searching: George Hamilton IV: Your Cheatin' Heart

	George Hamilton IV: Your Cheatin' Heart [cached]

Searching: The Four Coins: Wendy, Wendy
=========> Four Coins: Wendy  Wendy

	 NOT FOUND

Searching: Big Bopper: Little Red Riding Hood

	The Big Bopper: Little Red Riding Hood [cached]

Searching: Hank Ballard And The Midnighters: Kansas City

	Hank Ballard: Kansas City [cached]

Searching: Don French: Lonely Saturday Night

	Don French: Lonely Saturday Night [cached]

Searching: Clyde McPhatter: You Went Back On Your Word

	Clyde McPhatter: You Went Back on Your Word [cached]

Searching: Roy Orbison: Up Town

	 NOT FOUND

Searching: The Olympics: (Baby) Hully Gully

	The Olympics: Hully Gully [cached]

Searching: Don Gibson: Far, Far Away

	Don Gibson: Far, Far Away [cached]

Searching: Pat Boone: Candy Sweet

	 NOT FOUND

Searching: The Blue Diamonds: Ramona

	The Blue Diamonds: Ramona [cached]

Searching: Ronnie Love And His Orchestra: Chills And Fever

	Ronnie Love: Chills and Fever [cached]

Searching: Frankie Ford: Seventeen

	Frankie Ford: Seventeen [cached]

Searching: Conway Twitty: The Next Kiss (Is The Last Goodbye)

	Conway Twitty: The Next Kiss (Is The Last Goodbye) [cached]

Searching: Connie Francis: Too Many Rules

	 NOT FOUND

Searching: The Bobbettes: I Don't Like It Like That

	The Bobbettes: I Don't Like it Like That [cached]

Searching: Timi Yuro: I Apologize

	Timi Yuro: I Apologize [cached]

Searching: The Drifters: Room Full Of Tears

	The Drifters: Room Full of Tears - Single Version [cached]

Searching: Ray Charles and his Orchestra: But On The Other Hand Baby

	Ray Charles & Betty Carter: But On The Other Hand Baby [cached]

Searching: Chubby Checker: La Paloma Twist

	 NOT FOUND

Searching: Vincent Edwards: Don't Worry 'Bout Me

	Vincent Edwards: Don't Worry 'Bout Me [cached]

Searching: The Valentinos: Lookin' For A Love

	The Valentinos: Lookin' For A Love [cached]

Searching: Shelley Fabares: Ronnie, Call Me When You Get A Chance

	Shelley Fabares: Ronnie, Call Me When You Get a Chance [cached]

Searching: The Cookies: Will Power

	The Cookies: Will Power [cached]

Searching: Johnny Crawford: Cindy's Gonna Cry

	Johnny Crawford: Cindy's Gonna Cry [cached]

Searching: Ben E. King: I Could Have Danced All Night

	Ben E. King: I Could Have Danced All Night [cached]

Searching: Shirley Ellis: (That's) What The Nitty Gritty Is

	Shirley Ellis: (That's) What The Nitty Gritty Is [cached]

Searching: Jimmy Smith: Who's Afraid Of Virginia Woolf? (Part I)

	Jimmy Smith: Who's Afraid Of Virginia Woolf [cached]

Searching: Steve Lawrence: Everybody Knows

	Steve Lawrence: Everybody Knows - Remastered [cached]

Searching: The Everly Brothers: The Ferris Wheel

	The Everly Brothers: The Ferris Wheel [cached]

Searching: Bruce & Terry: Summer Means Fun

	Bruce & Terry: Summer Means Fun [cached]

Searching: Ben E. King: It's All Over

	Ben E. King: It's All Over [cached]

Searching: Pat Boone: Beach Girl

	 NOT FOUND

Searching: Ronny And The Daytonas: California Bound

	Ronny & The Daytonas: California Bound [cached]

Searching: Lorne Greene: The Man

	Lorne Greene: Pop Goes the Hammer [cached]

Searching: The Ray Charles Singers: This Is My Prayer
=========> Ray Charles Singers: This Is My Prayer

	 NOT FOUND

Searching: John Barry and His Orchestra: Goldfinger

	John Barry: Into Miami - From "Goldfinger" Soundtrack [cached]

Searching: Lenny Welch: Darling Take Me Back

	 NOT FOUND

Searching: The Skyliners: The Loser

	The Skyliners: The Loser [cached]

Searching: Barry McGuire: Child Of Our Times

	Barry McGuire: Child Of Our Times [cached]

Searching: The Royalettes: I Want To Meet Him
=========> Royalettes: I Want To Meet Him

	 NOT FOUND

Searching: Tammi Terrell: I Can't Believe You Love Me

	Tammi Terrell: I Can't Believe You Love Me [cached]

Searching: The Elgins: Darling Baby

	The Elgins: Darling Baby - Mono [cached]

Searching: Dallas Frazier: Elvira

	 NOT FOUND

Searching: The Lettermen: I Only Have Eyes For You

	The Lettermen: I Only Have Eyes For You [cached]

Searching: The Shades Of Blue: Lonely Summer

	Shades Of Blue: Lonely Summer [cached]

Searching: B.B. King: Don't Answer The Door - Part 1

	B.B. King: Don't Answer The Door [cached]

Searching: Ray Charles and his Orchestra: I Don't Need No Doctor

	Ray Charles: I Don't Need No Doctor [cached]

Searching: The Lettermen: Our Winter Love

	The Lettermen: Our Winter Love [cached]

Searching: The New Vaudeville Band: Peek-A-Boo

	New Vaudeville Band: Peek a Boo [cached]

Searching: Barbara Lewis: I'll Make Him Love Me

	Barbara Lewis: I'll Make Him Love Me [cached]

Searching: The Cyrkle: We Had A Good Thing Goin'

	The Cyrkle: We Had a Good Thing Goin' [cached]

Searching: The Seeds: A Thousand Shadows

	The Seeds: A Thousand Shadows (New Mix) [cached]

Searching: The Righteous Brothers: Stranded In The Middle Of Noplace
=========> Righteous Brothers: Stranded In Middle Of Noplace

	 NOT FOUND

Searching: Calvin Arnold: Funky Way

	 NOT FOUND

Searching: The Royal Guardsmen: I Say Love

	The Royal Guardsmen: I Say Love [cached]

Searching: Herb Alpert & The Tijuana Brass: Cabaret

	Herb Alpert & The Tijuana Brass: Cabaret [cached]

Searching: Elvis Presley With The Jordanaires: Your Time Hasn't Come Yet, Baby

	Elvis Presley: Your Time Hasn't Come Yet, Baby [cached]

Searching: The Delfonics: Somebody Loves You

	The Delfonics: Somebody Loves You - Digitally Remastered 1997 [cached]

Searching: Otis Redding: Love Man

	Otis Redding: Love Man [cached]

Searching: Joe Simon: Baby, Don't Be Looking In My Mind

	Joe Simon: Baby, Don't Be Looking in My Mind [cached]

Searching: Spiral Starecase Featuring: Pat Upton: She's Ready

	The Spiral Starecase: She's Ready - Stereo Single Version [cached]

Searching: Grand Funk Railroad: Heartbreaker

	Grand Funk Railroad: Heartbreaker [cached]

Searching: Brook Benton: My Way

	Brook Benton: My Way [cached]

Searching: Vic Dana: Red Red Wine

	Vic Dana: Red Red Wine [cached]

Searching: The Chi-lites: I Like Your Lovin' (Do You Like Mine)

	The Chi-Lites: I'm Gonna Make You Love Me [cached]

Searching: Otis Leaville: Love Uprising

	 NOT FOUND

Searching: Poco: You Better Think Twice

	Poco: You Better Think Twice [cached]

Searching: Frijid Pink: Heartbreak Hotel

	 NOT FOUND

Searching: The Chi-lites: Are You My Woman? (Tell Me So)

	The Chi-Lites: Are You My Woman? (Tell Me So) [cached]

Searching: Edison Lighthouse: It's Up To You Petula

	Edison Lighthouse: It's up to You, Petula [cached]

Searching: The Isley Brothers: Freedom

	The Isley Brothers: Freedom [cached]

Searching: T. Rex: Hot Love

	T. Rex: Hot Love - A Side [cached]

Searching: Steve Alaimo: When My Little Girl Is Smiling

	Steve Alaimo: When My little Girl Is Smiling [cached]

Searching: Lobo: California Kid And Reemo

	Lobo: California Kid and Reemo [cached]

Searching: The Fortunes: Freedom Comes, Freedom Goes

	The Fortunes: Freedom Comes, Freedom Goes [cached]

Searching: The Band: Life Is A Carnival

	The Band: Life Is a Carnival - Concert Version [cached]

Searching: The Undisputed Truth: You Make Your Own Heaven And Hell Right Here On Earth

	The Undisputed Truth: You Make Your Own Heaven And Hell Right Here On Earth [cached]

Searching: Tanya Tucker: Delta Dawn

	Tanya Tucker: Delta Dawn [cached]

Searching: Five Man Electrical Band: Money Back Guarantee

	 NOT FOUND

Searching: Merry Clayton: Oh No, Not My Baby

	Merry Clayton: Oh No, Not My Baby [cached]

Searching: Betty Wright: It's Hard To Stop (Doing Something When It's Good To You)

	Betty Wright: It's Hard to Stop (Doing Something When It's Good to You) [cached]

Searching: Tammy Wynette: Kids Say The Darndest Things

	Tammy Wynette: Kids Say The Darndest Things [cached]

Searching: Anne Murray: Send A Little Love My Way

	Anne Murray: Send A Little Love My Way [cached]

Searching: Syl Johnson: Back For A Taste Of Your Love

	Syl Johnson: Back for a Taste of Your Love [cached]

Searching: Kathy Dalton: Boogie Bands And One Night Stands

	Kathy Dalton: Boogie Band and One Night Stands [cached]

Searching: The Nitty Gritty Dirt Band: Battle Of New Orleans

	Nitty Gritty Dirt Band: Battle Of New Orleans [cached]

Searching: Grand Canyon: Evil Boll-weevil
=========> Grand Canyon: Evil Boll

	 NOT FOUND

Searching: East L.A. Car Pool: Like They Say In L.A.
=========> East L A  Car Pool: Like They Say In L A

	 NOT FOUND

Searching: John Dawson Read: A Friend Of Mine Is Going Blind

	 NOT FOUND

Searching: Travis Wammack: Easy Evil

	Travis Wammack: Easy Evil [cached]

Searching: Biddu Orchestra: I Could Have Danced All Night/Jump For Joy

	Biddu Orchestra: I Could Have Danced All Night [cached]

Searching: Amazing Rhythm Aces: Amazing Grace (used To Be Her Favorite Song)

	Amazing Rhythm Aces: Amazing Grace (Used to Be Her Favorite Song) - Remastered [cached]

Searching: Andy Williams: Tell It Like It Is

	Andy Williams: Tell It Like It Is - Single Version [cached]

Searching: Gaylord & Holiday: Eh! Cumpari

	Gaylords, The: Eh cumpari [cached]

Searching: Ted Nugent: Hey Baby

	Ted Nugent: Hey Baby [cached]

Searching: The Steve Gibbons Band: Johnny Cool

	The Steve Gibbons Band: Johnny Cool - Live at The Hope & Anchor Front Row Festival [cached]

Searching: Aretha Franklin: Jump

	Aretha Franklin: Jump To It - Original Extended Version [cached]

Searching: Freddy Fender: Living It Down

	Freddy Fender: Living It Down [cached]

Searching: Hamilton, Joe Frank & Dennison: Don't Fight The Hands (That Need You)
=========> Hamilton  Joe Frank: Don t Fight Hands

	 NOT FOUND

Searching: The O'Jays: Darlin' Darlin' Baby (Sweet, Tender, Love)

	The O'Jays: Darlin' Darlin' Baby (Sweet, Tender, Love) [cached]

Searching: Loleatta Holloway: Dreamin

	Loleatta Holloway: Dreamin' [cached]

Searching: Steve Martin: Grandmother's Song

	Steve Martin: Grandmother's Song [cached]

Searching: The Sylvers: Any Way You Want Me

	The Sylvers: Any Way You Want Me [cached]

Searching: Rose Royce: Ooh Boy

	Rose Royce: Ooh Boy [cached]

Searching: Bobby Arvon: Until Now

	 NOT FOUND

Searching: Claudja Barry: Dancin' Fever
=========> Claudja Barry: Dancin  Fever

	 NOT FOUND

Searching: Doucette: Mama Let Him Play

	Doucette: Mama Let Him Play [cached]

Searching: Rupert Holmes: Let's Get Crazy Tonight

	Rupert Holmes: Let's Get Crazy Tonight [cached]

Searching: Eddie Money: You've Really Got A Hold On Me

	Eddie Money: You've Really Got a Hold On Me [cached]

Searching: Randy Brown: You Says It All

	 NOT FOUND

Searching: Rick James: High On Your Love Suite

	Rick James: High On Your Love Suite / One Mo Hit (Of Your Love) - Medley [cached]

Searching: Festival: Don't Cry For Me Argentina

	The Festival: Don't Cry for Me Argentina [cached]

Searching: The Babys: Midnight Rendezvous

	The Babys: Midnight Rendezvous [cached]

Searching: Mary Macgregor: Dancin' Like Lovers

	Mary MacGregor: Dancin' like Lovers [cached]

Searching: Hotel: Half Moon Silver

	Hôtel: Half Moon Silver [cached]

Searching: Pete Townshend: A Little Is Enough

	Pete Townshend: A Little Is Enough [cached]

Searching: Leon Redbone: Seduced

	Leon Redbone: Seduced [cached]

Searching: James Taylor: Hard Times

	James Taylor: Hard Times [cached]

Searching: Dan Hartman: It Hurts To Be In Love

	 NOT FOUND

Searching: Carpenters: (Want You) Back In My Life Again

	Carpenters: (Want You) Back In My Life Again [cached]

Searching: Tierra: La La Means I Love You

	Tierra: Tierra Medley: Gonna Find Her / La La Means I Love You / Are We In Love - Live [cached]

Searching: Dave Stewart and Barbara Gaskin: It's My Party
=========> Dave Stewart: It s My Party

	 NOT FOUND

Searching: John Schneider: In The Driver's Seat

	John Schneider: In The Driver's Seat [cached]

Searching: Rachel Sweet: Voo Doo

	Rachel Sweet: Voo Doo [cached]

Searching: The Oak Ridge Boys: American Made

	The Oak Ridge Boys: American Made [cached]

Searching: Carl Wilson: What You Do To Me

	Carl Wilson: What You Do to Me [cached]

Searching: The Manhattans: Crazy

	The Manhattans: Crazy [cached]

Searching: Madness: The Sun And The Rain

	Madness: The Sun and the Rain [cached]

Searching: Dennis Edwards: Don't Look Any Further

	Dennis Edwards: Don't Look Any Further [cached]

Searching: Alabama: When We Make Love

	Alabama: When We Make Love [cached]

Searching: Queen: It's A Hard Life

	Queen: It's A Hard Life - Remastered 2011 [cached]

Searching: Rod Stewart: All Right Now

	Rod Stewart: All Right Now - 2008 Remaster [cached]

Searching: The Vels: Look My Way
=========> Vels: Look My Way

	 NOT FOUND

Searching: Kenny Rogers: Morning Desire

	Kenny Rogers: Morning Desire [cached]

Searching: Dionne Warwick: Whisper In The Dark

	Dionne Warwick: Whisper In the Dark [cached]

Searching: Eight Seconds: Kiss You (When It's Dangerous)

	Eight Seconds: Kiss You (When It's Dangerous) [cached]

Searching: Peter Gabriel/Kate Bush: Don't Give Up

	Peter Gabriel: Don't Give Up [cached]

Searching: Kool & The Gang: Special Way

	Kool & The Gang: Special Way [cached]

Searching: Europe: Cherokee

	Europe: Cherokee [cached]

Searching: Dokken: Burning Like A Flame

	Dokken: Burning Like a Flame [cached]

Searching: Toni Childs: Don't Walk Away

	Toni Childs: Don't Walk Away [cached]

Searching: Duran Duran: Do You Believe In Shame?

	Duran Duran: Do You Believe in Shame? - 2010 Remaster [cached]

Searching: XTC: The Mayor Of Simpleton

	XTC: Mayor Of Simpleton - 2001 Remaster [cached]

Searching: The Outfield: My Paradise

	The Outfield: My Paradise [cached]

Searching: A'me Lorain: Follow My Heartbeat
=========> A me Lorain: Follow My Heartbeat

	 NOT FOUND

Searching: The Party: Summer Vacation

	The Party: Summer Vacation [cached]

Searching: Tricia Leigh Fisher: Empty Beach

	 NOT FOUND

Searching: Anita Baker: Soul Inspiration

	Anita Baker: Soul Inspiration [cached]

Searching: The Cure: Never Enough

	The Cure: Never Enough - Single Version [cached]

Searching: House Of Lords: Remember My Name

	 NOT FOUND

Searching: Pet Shop Boys: Where The Streets Have No Name

	Pet Shop Boys: Where the Streets Have No Name / I Can't Take My Eyes off You (Medley) [cached]

Searching: Trixter: Surrender

	Trixter: Surrender [cached]

Searching: B.G. The Prince Of Rap: This Beat Is Hot

	B.G. The Prince Of Rap: This Beat Is Hot [cached]

Searching: Big Audio: The Globe

	Big Audio Dynamite: The Globe [cached]

Searching: Voices: Yeah, Yeah, Yeah!

	Voices Of East Harlem: Oh Yeah - Remastered Version [cached]

Searching: Ephraim Lewis: Drowning In Your Eyes

	Ephraim Lewis: Drowning in Your Eyes [cached]

Searching: Billy Ray Cyrus: Could've Been Me

	Billy Ray Cyrus: Could've Been Me [cached]

Searching: Tevin Campbell: Alone With You

	Tevin Campbell: Alone With You [cached]

Searching: Guns N' Roses: Yesterdays

	Guns N' Roses: Yesterdays [cached]

Searching: Wreckx-N-Effect: Knock-N-Boots

	Wreckx-N-Effect: Knock-N-Boots [cached]

Searching: Tracy Lawrence: Alibis

	Tracy Lawrence: Alibis [cached]

Searching: Yo-Yo: The Bonnie And Clyde Theme
=========> Yo Yo: Bonnie And Clyde Theme

	 NOT FOUND

Searching: MC Eiht: Streiht Up Menace (From "Menace II Society")

	MC Eiht: Streiht up Menace [cached]

Searching: Reality: Yolanda

	Reality: Yolanda - Club Mix [cached]

Searching: Souls Of Mischief: 93 'til Infinity

	Souls Of Mischief: 93 'Til Infinity [cached]

Searching: Kenny G: Sentimental

	Kenny G: Sentimental [cached]

Searching: Tori Amos: God

	Tori Amos: God [cached]

Searching: Simple E: Play My Funk (From "Sugar Hill")
=========> Simple E: Play My Funk

	 NOT FOUND

Searching: Vince Gill: Whenever You Come Around

	Vince Gill: Whenever You Come Around [cached]

Searching: Ovis: Regular Thang

	 NOT FOUND

Searching: Jade: 5-4-3-2 (Yo! Time Is Up)

	Jade: 5-4-3-2 (Yo! Time Is Up) [cached]

Searching: Livin' Joy: Dreamer

	Livin' Joy: Dreamer - Janice Robinson Vocal [cached]

Searching: Jewell: Woman To Woman

	 NOT FOUND

Searching: Roula: Lick It

	 NOT FOUND

Searching: Rusted Root: Send Me On My Way

	Rusted Root: Send Me on My Way [cached]

Searching: Edwin McCain: Solitude

	Edwin McCain: Solitude [cached]

Searching: Denine With Collage's Adam Marano: All Cried Out

	Denine: All Cried Out [cached]

Searching: Art N' Soul: Ever Since You Went Away
=========> Art N  Soul: Ever Since You Went Away

	 NOT FOUND

Searching: Kris Kross: Live And Die For Hip Hop

	Kris Kross: Live and Die for Hip Hop (with Aaliyah) [cached]

Searching: The 2 Live Crew: Shake A Lil' Somethin'...

	2 LIVE CREW: Shake A Lil' Somethin' (Original Street Mix Nasty) [cached]

Searching: Mindy McCready: Guys Do It All The Time

	Mindy McCready: Guys Do It All the Time [cached]

Searching: For Real: Like I Do

	For Real: Like I Do [cached]

Searching: Crush: Jellyhead

	Crush: Jellyhead - Motiv8's Pumphouse 7" Edit [cached]

Searching: Deana Carter: We Danced Anyway

	Deana Carter: We Danced Anyway [cached]

Searching: Collective Soul: Listen

	Collective Soul: Listen [cached]

Searching: Shaggy (Featuring Marsha): Piece Of My Heart

	Shaggy: Piece Of My Heart [cached]

Searching: Forest For The Trees: Dream

	The Forest Escape: Christmas Among the Trees with Songs and Forest Noises for Dreams [cached]

Searching: Born Jamericans: Send My Love/Send One Your Love

	Born Jamericans: Send My Love / Send One Your Love [cached]

Searching: Rockell: In A Dream

	Rockell: In A Dream - Original Mix [cached]

Searching: Mark Wills: I Do [Cherish You]

	Mark Wills: I Do (Cherish You) [cached]

Searching: Terri Clark: Now That I Found You

	Terri Clark: Now That I Found You [cached]

Searching: Funkmaster Flex Presents Khadejia Featuring Product: Here We Go
=========> Funkmaster Flex Presents Khadejia: Here We Go

	 NOT FOUND

Searching: J'Son: I Should Cheat On You
=========> J Son: I Should Cheat On You

	 NOT FOUND

Searching: Brandy: Angel In Disguise

	Brandy: Angel in Disguise [cached]

Searching: Robbie Williams: Millennium

	Robbie Williams: Millennium [cached]

Searching: Lee Ann Womack: (Now You See Me) Now You Don't

	Lee Ann Womack: (Now You See Me) Now You Don't [cached]

Searching: Lil' Wayne Featuring Juvenile & B.G.: Tha Block Is Hot

	Lil Wayne: Tha Block Is Hot [cached]

Searching: 2Pac + Outlawz: Baby Don't Cry (Keep Ya Head Up II)

	2Pac: Baby Don't Cry (Keep Ya Head Up II) [cached]

Searching: Method Man & Redman: Part II

	Method Man: Part II [cached]

Searching: Sharissa: Any Other Night

	Sharissa Dawes: Any Other Night [cached]

Searching: Lil Bow Wow: Take Ya Home

	 NOT FOUND

Searching: Korn: Here To Stay

	Korn: Here To Stay [cached]

Searching: Soluna: For All Time

	 NOT FOUND

Searching: Whitney Houston: One Of Those Days

	Whitney Houston: One Of Those Days [cached]

Searching: Jane's Addiction: Just Because

	Jane's Addiction: Just Because [cached]

Searching: Joe Nichols: She Only Smokes When She Drinks

	Joe Nichols: She Only Smokes When She Drinks [cached]

Searching: Puddle Of Mudd: Away From Me

	Puddle Of Mudd: Away From Me [cached]

Searching: Josh Turner: Long Black Train

	Josh Turner: Long Black Train [cached]

Searching: Jennifer Lopez: Baby I Love U

	Jennifer Lopez: Baby I Love U! [cached]

Searching: Bruce Springsteen: Devils & Dust

	Bruce Springsteen: Devils & Dust [cached]

Searching: Michael Buble: Home

	Michael Bublé: Home [cached]

Searching: Big & Rich: Comin' To Your City

	Big & Rich: Comin' to Your City [cached]

Searching: Shinedown: Save Me

	Shinedown: Save Me - Acoustic [cached]

Searching: Vanessa Anne Hudgens: When There Was Me And You

	 NOT FOUND

Searching: D4L: Betcha Can't Do It Like Me

	D4L: Betcha Can't Do It Like Me [cached]

Searching: Paul Wall Featuring Lil' KeKe: Break 'Em Off

	Paul Wall: Break Em' Off (feat. Lil' Keke) [cached]

Searching: Hurricane Chris Featuring Big Poppa: The Hand Clap
=========> Hurricane Chris: Hand Clap

	 NOT FOUND

Searching: C-Side Featuring Keyshia Cole: Boyfriend/Girlfriend

	C.Side: Boyfriend/Girlfriend - Original [cached]

Searching: T.I.: No Matter What

	T.I.: No Matter What [cached]

Searching: Disturbed: Indestructible

	Disturbed: Indestructible [cached]

Searching: Taylor Swift: The Way I Loved You

	Taylor Swift: The Way I Loved You [cached]

Searching: The Lonely Island: J**z In My Pants
=========> Lonely Island: J  z In My Pants

	 NOT FOUND

Searching: Adam Lambert: No Boundaries

	Adam Lambert: No Boundaries [cached]

Searching: Foo Fighters: Wheels

	Foo Fighters: Wheels [cached]

Searching: Thirty Seconds To Mars: This Is War

	Thirty Seconds To Mars: This Is War [cached]

Searching: Owl City: Vanilla Twilight

	Owl City: Vanilla Twilight [cached]

Searching: Lady Antebellum: Ready To Love Again

	Lady A: Ready To Love Again [cached]

Searching: Taylor Swift: Breathless

	 NOT FOUND

Searching: B.o.B Featuring T.I. & Playboy Tre: Bet I

	Johann Sebastian Bach: Orgelbüchlein: 5. Puer natus in Bethlehem, BWV 603 [cached]

Searching: Glee Cast: Beth

	Glee Cast: Beth (Glee Cast Version) [cached]

Searching: Big Time Rush: Boyfriend

	Big Time Rush: Boyfriend (feat. Snoop Dogg) [cached]

Searching: Glee Cast: I'm Not Gonna Teach Your Boyfriend To Dance With You

	Glee Cast: I'm Not Gonna Teach Your Boyfriend How To Dance With You (Glee Cast Version) [cached]

Searching: Seether: Country Song

	Seether: Country Song [cached]

Searching: Mindless Behavior Featuring Diggy: Mrs. Right

	Mindless Behavior: Mrs. Right [cached]

Searching: Glee Cast: Last Friday Night

	Glee Cast: Last Friday Night (Glee Cast Version) (feat. Darren Criss) [cached]

Searching: Jerrod Niemann: One More Drinkin' Song

	Jerrod Niemann: One More Drinkin' Song [cached]

Searching: Jay Z Kanye West Featuring Frank Ocean: No Church In The Wild

	JAY-Z: No Church In The Wild [cached]

Searching: Skrillex Featuring Sirah: Bangarang

	Skrillex: Bangarang (feat. Sirah) [cached]

Searching: Florence + The Machine: Shake It Out

	Florence + The Machine: Shake It Out [cached]

Searching: M83.: Midnight City

	M83: Midnight City [cached]

Searching: Waka Flocka Flame Featuring Nicki Minaj, Tyga & Flo Rida: Get Low

	Waka Flocka Flame: Get Low (feat. Nicki Minaj, Tyga & Flo Rida) [cached]

Searching: Ludacris Featuring Usher & David Guetta: Rest Of My Life

	Ludacris: Rest Of My Life [cached]

Searching: Kenny Chesney: El Cerrito Place

	Kenny Chesney: El Cerrito Place [cached]

Searching: Kelly Rowland: Kisses Down Low

	Kelly Rowland: Kisses Down Low [cached]

Searching: Karmin: Acapella

	Karmin: Acapella [cached]

Searching: Sheryl Crow: Easy

	Sheryl Crow: Easy [cached]

Searching: James Wolpert: A Case Of You

	 NOT FOUND

Searching: Craig Campbell: Keep Them Kisses Comin'

	Craig Campbell: Keep Them Kisses Comin' [cached]

Searching: Nico & Vinz: In Your Arms

	Nico & Vinz: In Your Arms [cached]

Searching: Kid Ink Featuring Usher & Tinashe: Body Language

	Kid Ink: Body Language (feat. Usher & Tinashe) [cached]

Searching: Fall Out Boy: Immortals

	Fall Out Boy: Immortals [cached]

Searching: Jordan Smith: Climb Every Mountain

	Jordan Smith: Climb Every Mountain - The Voice Performance [cached]

Searching: Kenny Chesney: Noise

	Kenny Chesney: Noise [cached]

Searching: Drake Featuring Pimp C & dvsn: Faithful

	Drake: Faithful [cached]

Searching: Jennifer Lopez & Lin-Manuel Miranda: Love Make The World Go Round

	Jennifer Lopez: Love Make the World Go Round [cached]

Searching: Jacob Sartorius: Hit Or Miss

	Jacob Sartorius: Hit or Miss [cached]

Searching: Dua Lipa: Blow Your Mind (Mwah)

	Dua Lipa: Blow Your Mind (Mwah) [cached]

Searching: Rae Sremmurd: Look Alive

	Rae Sremmurd: Look Alive [cached]

Searching: The Weeknd: Ordinary Life

	The Weeknd: Ordinary Life [cached]

Searching: Migos: Get Right Witcha

	Migos: Get Right Witcha [cached]

Searching: DJ Suede The Remix God: Cash Me Outside (#CashMeOutside)

	DJ Suede The Remix God: Cash Me Outside (#CashmeOutside) [cached]

Searching: Ed Sheeran: New Man

	Ed Sheeran: New Man [cached]

Searching: Frank Ocean: Chanel

	Frank Ocean: Chanel [cached]

Searching: 6LACK: Prblms

	6LACK: PRBLMS [cached]

Searching: Trippie Redd Featuring Travis Scott: Dark Knight Dummo

	Trippie Redd: Dark Knight Dummo (Feat. Travis Scott) [cached]

Searching: Sugarland Featuring Taylor Swift: Babe

	Sugarland: Babe [cached]

Searching: Wiz Khalifa Featuring Swae Lee: Hopeless Romantic

	Wiz Khalifa: Hopeless Romantic (feat. Swae Lee) [cached]

Searching: Ariana Grande: R.E.M

	Ariana Grande: 7 Rings - Piano Version [cached]

Searching: Ozuna: Unica

	Ozuna: Unica [cached]

Searching: Future & Juice WRLD Featuring Young Scooter: Jet Lag

	Future: Jet Lag (feat. Young Scooter) [cached]

Searching: Metro Boomin Featuring Swae Lee & Travis Scott: Dreamcatcher

	Metro Boomin: Dreamcatcher (feat. Swae Lee & Travis Scott) [cached]

Searching: Meek Mill Featuring Kodak Black: Tic Tac Toe

	Meek Mill: Tic Tac Toe (feat. Kodak Black) [cached]

Searching: Lil Pump Featuring Lil Wayne: Be Like Me

	Lil Pump: Be Like Me (feat. Lil Wayne) [cached]

Searching: NAV Featuring The Weeknd: Price On My Head

	NAV: Price On My Head (feat. The Weeknd) [cached]

Searching: Roddy Ricch Featuring Meek Mill: Peta

	Roddy Ricch: Peta (feat. Meek Mill) [cached]

Searching: Lil Uzi Vert: Secure The Bag

	Lil Uzi Vert: Secure The Bag [cached]

Searching: Lil Uzi Vert Featuring NAV: Leaders

	Lil Uzi Vert: Leaders (feat. NAV) [cached]

Searching: YoungBoy Never Broke Again: Dead Trollz

	YoungBoy Never Broke Again: Dead Trollz [cached]

Searching: BTS: Dis-ease

	BTS: Dis-ease [cached]

Searching: Bad Bunny: Haciendo Que Me Amas

	Bad Bunny: HACIENDO QUE ME AMAS [cached]

Searching: Juice WRLD x benny blanco: Real Shit

	Juice WRLD: Real Shit (with benny blanco) [cached]

Searching: Playboi Carti: Slay3r

	Playboi Carti: Slay3r [cached]

Searching: Karol G: Bichota

	KAROL G: BICHOTA [cached]

Searching: Billie Eilish: Oxytocin

	Billie Eilish: Oxytocin [cached]

Searching: Lil Nas X: Dead Right Now

	Lil Nas X: DEAD RIGHT NOW

Searching: Meek Mill Featuring Lil Uzi Vert: Blue Note$ II
=========> Meek Mill: Blue Note  II

	 NOT FOUND
