Found 214/243 = 88%
29 not found: 
DeJohn Sisters: Straighten Up & Fly Right
The Intruders: Fried Eggs
Chet Atkins: Teensville
The Tree Swingers: Kookie Little Paradise
Jimmy Dean: Gonna Raise A Rukus Tonight
Brenda Lee: He's So Heavenly
Little Esther Phillips & Big Al Downing: You Never Miss Your Water (Till The Well Runs Dry)
Jack Jones: Just Yesterday
The Kinks: Deadend Street
Arthur Conley: Whole Lotta Woman
The Mills Brothers: My Shy Violet
Syndicate Of Sound: Brown Paper Bag
Crystal Mansion Featuring Johnny Caswell: Carolina In My Mind
Joey Scarbury: Mixed Up Guy
Willie Henderson: Dance Master Pt. 1
Gene Cotton: Damn It All
Alan O'Day: Started Out Dancing, Ended Up Making Love
Eric Hine: Not Fade Away
Vitamin Z: Burning Flame
Andy Taylor: When The Rain Comes Down
Romeo's Daughter: Don't Break My Heart
Donny Osmond: Hold On
Ms. Adventures: Undeniable
Rhythm Syndicate: I Wanna Make Love To You (From "Innocent Blood")
The O'Jays: What's Stopping You
The Lox Featuring Timbaland And EVE: Ryde Or Die, Chick
David Cook: Hello
Cher Lloyd Featuring Becky G: Oath
Adam Wakefield: Lonesome Broken And Blue
--------- log -----------
Searching: The Diamonds: Happy Years

	The Diamonds: Happy Years [cached]

Searching: DeJohn Sisters: Straighten Up & Fly Right
=========> DeJohn Sisters: Straighten Up   Fly Right

	 NOT FOUND

Searching: The Rivieras: Count Every Star

	The Rivieras: Count Every Star [cached]

Searching: Doug Franklin With The Bluenotes: My Lucky Love

	Dough Franklin: My Lucky Love [cached]

Searching: Jack Scott: Save My Soul

	Jack Scott: Save My Soul [cached]

Searching: The Intruders: Fried Eggs
=========> Intruders: Fried Eggs

	 NOT FOUND

Searching: Annette: Jo-Jo The Dog-Faced Boy

	Annette: Jo Jo The Dog Faced Boy [cached]

Searching: George Jones: White Lightning

	George Jones: White Lightning - Single Version [cached]

Searching: George Hamilton IV: Gee

	George Hamilton IV: Gee [cached]

Searching: Tony Bennett: Smile

	Tony Bennett: Smile (with Barbra Streisand) [cached]

Searching: Boyd Bennett: Boogie Bear

	Boyd Bennett: Boogie Bear [cached]

Searching: Dion & The Belmonts: A Lover's Prayer

	Dion & The Belmonts: A Lover's Prayer [cached]

Searching: Chet Atkins: Teensville

	 NOT FOUND

Searching: The Videls: Mister Lonely

	The Videls: Mister Lonely [cached]

Searching: The Tree Swingers: Kookie Little Paradise
=========> Tree Swingers: Kookie Little Paradise

	 NOT FOUND

Searching: Tommy Sands: The Old Oaken Bucket

	Tommy Sands: The Old Oaken Bucket [cached]

Searching: Dodie Stevens: No

	Dodie Stevens: No [cached]

Searching: Dante and the Evergreens: Time Machine

	DANTE: Time Machine [cached]

Searching: Brian Hyland: (The Clickity Clack Song) Four Little Heels

	Brian Hyland: Four Little Heels (Clickety Clack Song) - Remastered [cached]

Searching: Bobby Hendricks: Psycho

	Bobby Hendricks: Psycho [cached]

Searching: The Ramblers: Rambling

	The New Lost City Ramblers: Rambling Boy [cached]

Searching: Johnny Preston: Leave My Kitten Alone

	Johnny Preston: Leave My Kitten Alone [cached]

Searching: Bert Kaempfert And His Orchestra: Cerveza

	Bert Kaempfert: Cerveza [cached]

Searching: Jim Reeves: What Would You Do?

	Jim Reeves: What Would You Do [cached]

Searching: Nat King Cole: Let True Love Begin

	Nat King Cole: Let True Love Begin [cached]

Searching: Billy Vaughn And His Orchestra: Come September

	Billy Vaughn: Come September [cached]

Searching: Dukays: Nite Owl

	Dukays: Nite Owl [cached]

Searching: John D. Loudermilk: Thou Shalt Not Steal

	John D. Loudermilk: Thou Shalt Not Steal [cached]

Searching: The Drifters: Stranger On The Shore

	The Drifters: Stranger on the Shore - Single Version [cached]

Searching: Patsy Cline: Heartaches

	Patsy Cline: Heartaches [cached]

Searching: Jimmy Dean: Gonna Raise A Rukus Tonight

	 NOT FOUND

Searching: The Impressions: I'm The One Who Loves You

	The Impressions: I'm The One Who Loves You [cached]

Searching: Brenda Lee: He's So Heavenly
=========> Brenda Lee: He s So Heavenly

	 NOT FOUND

Searching: Little Esther Phillips & Big Al Downing: You Never Miss Your Water (Till The Well Runs Dry)
=========> Little Esther Phillips: You Never Miss Your Water

	 NOT FOUND

Searching: Nancy Wilson: Tell Me The Truth

	Nancy Wilson: Tell Me The Truth [cached]

Searching: The Simon Sisters: Winkin', Blinkin' And Nod

	The Simon Sisters: Winkin', Blinkin' and Nod [cached]

Searching: Bill Black's Combo: Little Queenie

	Bill Black's Combo: Little Queenie [cached]

Searching: Garnet Mimms: Look Away

	Garnet Mimms: Look Away [cached]

Searching: Ed Ames: Try To Remember

	Ed Ames: Try To Remember [cached]

Searching: Baby Washington: Only Those In Love

	Baby Washington: Only Those In Love [cached]

Searching: Dickey Lee: The Girl From Peyton Place

	Dickey Lee: The Girl from Peyton Place - Remastered [cached]

Searching: Jack Jones: Just Yesterday

	 NOT FOUND

Searching: Danny Hutton: Roses And Rainbows

	Danny Hutton: Roses And Rainbows [cached]

Searching: James Brown And The Famous Flames: I'll Go Crazy

	James Brown & The Famous Flames: I'll Go Crazy [cached]

Searching: Esther Phillips: When A Woman Loves A Man

	Esther Phillips: When a Woman Loves a Man [cached]

Searching: The Mamas & The Papas: Dancing In The Street

	The Mamas & The Papas: Dancing In The Street [cached]

Searching: The Kinks: Deadend Street
=========> Kinks: Deadend Street

	 NOT FOUND

Searching: Cannonball Adderley: Why? (Am I Treated So Bad)

	Cannonball Adderley: Why Am I Treated So Bad! - 2006 Digital Remaster [cached]

Searching: Jack Jones: Now I Know

	Jack Jones: Now I Know [cached]

Searching: The Watts 103rd Street Rhythm Band: Spreadin' Honey

	Charles Wright & The Watts 103rd Street Rhythm Band: Spreadin' Honey [cached]

Searching: Arthur Conley: Whole Lotta Woman

	 NOT FOUND

Searching: James & Bobby Purify: Do Unto Me

	James & Bobby Purify: Do Unto Me [cached]

Searching: The Vanilla Fudge: Where Is My Mind

	Vanilla Fudge: Where Is My Mind - 2006 Remaster [cached]

Searching: Small Faces: Tin Soldier

	Small Faces: Tin Soldier - 2013 Remaster [cached]

Searching: Ollie & The Nightingales: I Got A Sure Thing

	Ollie & The Nightingales: I've Got A Sure Thing [cached]

Searching: The Mills Brothers: My Shy Violet
=========> Mills Brothers: My Shy Violet

	 NOT FOUND

Searching: The Lovin' Spoonful: Never Going Back

	The Lovin' Spoonful: Never Going Back [cached]

Searching: The Sweet Inspirations: Unchained Melody

	The Sweet Inspirations: Unchained Melody [cached]

Searching: Sam & Dave: Everybody Got To Believe In Somebody

	Sam & Dave: Everybody Got to Believe in Somebody - Mono [cached]

Searching: Little Milton: Grits Ain't Groceries (All Around The World)

	Little Milton: Grits Ain't Groceries (All Around The World) [cached]

Searching: The Fireballs: Long Green

	The Fireballs: Long Green [cached]

Searching: Eddie Floyd: Don't Tell Your Mama (Where You've Been)

	Eddie Floyd: Don't Tell Your Mama [cached]

Searching: Eddie Bo: Hook And Sling-Part I

	Eddie Bo: The Hook & Sling - Vocal Mix [cached]

Searching: Bee Gees: Don't Forget To Remember

	Bee Gees: Don't Forget To Remember [cached]

Searching: Maxine Brown: We'll Cry Together

	Maxine Brown: We'll Cry Together [cached]

Searching: Lou Christie: Are You Getting Any Sunshine?

	Lou Christie: Are You Getting Any Sunshine? [cached]

Searching: Syndicate Of Sound: Brown Paper Bag

	 NOT FOUND

Searching: Smith: What Am I Gonna Do

	Smith: What Am I Gonna Do [cached]

Searching: The Lettermen: She Cried

	The Lettermen: She Cried [cached]

Searching: Merry Clayton: Gimme Shelter

	Merry Clayton: Gimme Shelter [cached]

Searching: Crystal Mansion Featuring Johnny Caswell: Carolina In My Mind
=========> Crystal Mansion: Carolina In My Mind

	 NOT FOUND

Searching: Joey Scarbury: Mixed Up Guy

	 NOT FOUND

Searching: The Stylistics: You're A Big Girl Now

	The Stylistics: You're A Big Girl Now [cached]

Searching: The Ides Of March: L.A. Goodbye

	The Ides Of March: L.A. Goodbye [cached]

Searching: Charles Wright And The Watts 103rd Street Rhythm Band: Your Love (Means Everything to Me)

	Charles Wright & The Watts 103rd Street Rhythm Band: I Got Your Love - Remastered Version [cached]

Searching: Ocean: Deep Enough For Me

	Ocean: Deep Enough for Me [cached]

Searching: John Baldry: Don't Try To Lay No Boogie-Woogie On The King Of Rock And Roll

	John Baldry: Don't Try to Lay No Boogie-Woogie on the King of Rock and Roll - Remastered [cached]

Searching: Graham Nash: Military Madness

	Graham Nash: Military Madness [cached]

Searching: Humble Pie: I Don't Need No Doctor

	Humble Pie: I Don't Need No Doctor [cached]

Searching: Blood, Sweat & Tears: Lisa, Listen To Me

	Blood, Sweat & Tears: Lisa, Listen to Me [cached]

Searching: Aretha Franklin: Oh Me Oh My (I'm A Fool For You Baby)

	Aretha Franklin: Oh Me Oh My (I'm a Fool for You Baby) [cached]

Searching: Grand Funk Railroad: Upsetter

	Grand Funk Railroad: Upsetter - Remastered [cached]

Searching: Mac Davis: Dream Me Home

	Mac Davis: Dream Me Home [cached]

Searching: The Sweet: Blockbuster

	Brian Connolly & The Sweet: Blockbuster [cached]

Searching: 10cc: Rubber Bullets

	10cc: Rubber Bullets [cached]

Searching: Kevin Johnson: Rock 'N Roll (I Gave You The Best Years of My Life)

	Kevin Johnson: Rock and Roll I Gave You... [cached]

Searching: The Band: Ain't Got No Home

	The Band: Ain't Got No Home - Remastered 2000 [cached]

Searching: The Emotions: Put A Little Love Away

	The Emotions: Put A Little Love Away [cached]

Searching: Leon Russell: If I Were A Carpenter...

	Leon Russell: If I Were A Carpenter [cached]

Searching: Dickie Goodman: Mr. President

	Dickie Goodman: Mr. President - iPod Edit [cached]

Searching: Willie Henderson: Dance Master Pt. 1
=========> Willie Henderson: Dance Master Pt  1

	 NOT FOUND

Searching: Ray Stevens: Moonlight Special

	Ray Stevens: The Moonlight Special [cached]

Searching: The Isley Brothers: Midnight Sky (Part 1)

	The Isley Brothers: Midnight Sky - Pt. 1 & 2 [cached]

Searching: Gene Cotton: Damn It All

	 NOT FOUND

Searching: C.W. McCall: There Won't Be No Country Music (There Won't Be No Rock 'N' Roll)

	C.W. McCall: There Won't Be No Country Music (There Won't Be No Rock 'N' Roll) [cached]

Searching: Major Harris: Jealousy

	Major Harris: Jealousy [cached]

Searching: Bellamy Brothers: Satin Sheets

	The Bellamy Brothers: Satin Sheets [cached]

Searching: Starbuck: Lucky Man

	Starbuck: Lucky Man [cached]

Searching: Alan O'Day: Started Out Dancing, Ended Up Making Love
=========> Alan O Day: Started Out Dancing  Ended Up Making Love

	 NOT FOUND

Searching: Daryl Hall John Oates: Why Do Lovers (Break Each Other's Heart?)

	Daryl Hall & John Oates: Why Do Lovers Break Each Other's Heart? [cached]

Searching: Gary Wright: Touch And Gone

	Gary Wright: Touch and Gone - Remastered Version [cached]

Searching: Helen Reddy: Ready Or Not

	Helen Reddy: Ready Or Not [cached]

Searching: Gabriel: Martha (Your Lovers Come And Go)

	Gabriel Le Mar: Martha [cached]

Searching: Stephen Bishop: Animal House

	Stephen Bishop: Animal House - From "National Lampoon's Animal House" [cached]

Searching: Chicago: Gone Long Gone

	Chicago: Gone Long Gone - 2003 Remaster [cached]

Searching: Bob Welch: Church

	Bob Welch: Church [cached]

Searching: Deniece Williams: I've Got The Next Dance

	Deniece Williams: I've Got the Next Dance [cached]

Searching: Maxine Nightingale: (Bringing Out) The Girl In Me

	Maxine Nightingale: (Bringing It Out) The Girl In Me [cached]

Searching: Bonnie Raitt: You're Gonna Get What's Coming

	Bonnie Raitt: You're Gonna Get What's Coming - Remastered Version [cached]

Searching: The Boomtown Rats: I Don't Like Mondays

	The Boomtown Rats: I Don't Like Mondays [cached]

Searching: Dottie West: A Lesson In Leavin'

	Dottie West: A Lesson In Leavin' [cached]

Searching: The Brothers Johnson: Treasure

	The Brothers Johnson: Treasure [cached]

Searching: The Manhattan Transfer: Trickle Trickle

	The Manhattan Transfer: Trickle Trickle [cached]

Searching: The Jacksons: Walk Right Now

	The Jacksons: Walk Right Now [cached]

Searching: Eric Hine: Not Fade Away

	 NOT FOUND

Searching: Sammy Hagar: Piece Of My Heart

	Sammy Hagar: Piece Of My Heart [cached]

Searching: Kansas: Right Away

	Kansas: Right Away [cached]

Searching: Yaz: Situation

	Yazoo: Situation - 12" Remix [cached]

Searching: Toto: Waiting For Your Love

	TOTO: Waiting for Your Love [cached]

Searching: Tears For Fears: Change

	Tears For Fears: Change [cached]

Searching: Genesis: Mama

	Genesis: Mama - Remastered 2007 [cached]

Searching: Cliff Richard: Never Say Die (Give A Little Bit More)

	Cliff Richard: Never Say Die (Give a Little Bit More) - 2002 Remaster [cached]

Searching: David Bowie: Without You

	David Bowie: Without You - 2018 Remaster [cached]

Searching: Bar-Kays: Freakshow On The Dance Floor

	The Bar-Kays: Freakshow on the Dance Floor [cached]

Searching: Shalamar: Amnesia

	Shalamar: Amnesia - Single Version [cached]

Searching: John Parr: Magical

	John Parr: Magical [cached]

Searching: The Firm: Satisfaction Guaranteed

	The Firm: Satisfaction Guaranteed [cached]

Searching: Vitamin Z: Burning Flame

	 NOT FOUND

Searching: Lone Justice: Sweet Sweet Baby(I'm Falling)

	Lone Justice: Sweet Baby [cached]

Searching: Go West: Eye To Eye

	Go West: Eye to Eye [cached]

Searching: Jean Beauvoir: Feel The Heat

	Jean Beauvoir: Feel the Heat [cached]

Searching: Bananarama: More Than Physical

	Bananarama: More Than Physical [cached]

Searching: Andy Taylor: When The Rain Comes Down
=========> Andy Taylor: When Rain Comes Down

	 NOT FOUND

Searching: Romeo's Daughter: Don't Break My Heart
=========> Romeo s Daughter: Don t Break My Heart

	 NOT FOUND

Searching: Starship: Wild Again (From "Cocktail")

	Starship: Wild Again - Rerecorded [cached]

Searching: Inner City: Good Life

	Inner City: Good Life [cached]

Searching: Chris Rea: Working On It

	Chris Rea: Working on It [cached]

Searching: Donny Osmond: Hold On

	 NOT FOUND

Searching: Neneh Cherry: Heart

	Neneh Cherry: Heart Throbs [cached]

Searching: Pajama Party: Hide And Seek

	Pajama Party: Hide and Seek [cached]

Searching: Ms. Adventures: Undeniable
=========> Ms  Adventures: Undeniable

	 NOT FOUND

Searching: Phil Collins: Who Said I Would

	Phil Collins: Who Said I Would - 2016 Remaster [cached]

Searching: Daisy Dee: Crazy

	Daisy Dee: Crazy [cached]

Searching: Pebbles (With Salt-N-Pepa): Backyard

	Pebbles: Backyard [cached]

Searching: Michael Morales: I Don't Wanna See You

	Michael Morales: I Don't Wanna See You [cached]

Searching: Belinda Carlisle: Do You Feel Like I Feel?

	Belinda Carlisle: Do You Feel Like I Feel? [cached]

Searching: Luther Vandross: The Rush

	Luther Vandross: The Rush [cached]

Searching: Luke: I Wanna Rock

	Luke: I Wanna Rock [cached]

Searching: Red Hot Chili Peppers: Give It Away

	Red Hot Chili Peppers: Give It Away [cached]

Searching: Rhythm Syndicate: I Wanna Make Love To You (From "Innocent Blood")
=========> Rhythm Syndicate: I Wanna Make Love To You

	 NOT FOUND

Searching: G-Wiz: Teddy Bear

	G-Wiz: Teddy Bear [cached]

Searching: Clay Walker: What's It To You

	Clay Walker: What's It to You [cached]

Searching: MeShell Ndegeocello: If That's Your Boyfriend (He Wasn't Last Night)

	Meshell Ndegeocello: If That's Your Boyfriend (He Wasn't Last Night) [cached]

Searching: Sarah McLachlan: Possession

	Sarah McLachlan: Possession [cached]

Searching: Pink Floyd: Take It Back

	Pink Floyd: Take It Back - 2011 Remaster [cached]

Searching: John Michael Montgomery: Be My Baby Tonight

	John Michael Montgomery: Be My Baby Tonight [cached]

Searching: Lords Of The Underground: Tic Toc

	Lords Of The Underground: Tic Toc [cached]

Searching: Brian McKnight: On The Down Low

	Brian McKnight: On The Down Low [cached]

Searching: Frost: East Side Rendezvous

	Frost: East Side Rendezvous [cached]

Searching: Bonnie Raitt With Bryan Adams: Rock Steady

	Bonnie Raitt: Rock Steady - Live At Paramount Theatre, Oakland, U.S.A. / 1995 [cached]

Searching: Rappin' 4-Tay: Ain't No Playa

	Rappin' 4-Tay: Ain't No Playa (Playaz Sh*t) [cached]

Searching: Planet Soul Featuring Brenda Dee: Feel The Music

	Planet Soul: Feel the Music [cached]

Searching: JAY-Z: Can't Knock The Hustle

	JAY-Z: Can't Knock The Hustle [cached]

Searching: The O'Jays: What's Stopping You
=========> O Jays: What s Stopping You

	 NOT FOUND

Searching: Beck: Jack-Ass

	Beck: Jack-Ass [cached]

Searching: Playa: Don't Stop The Music

	Playa Status: Don't Stop [cached]

Searching: Jody Watley: Off The Hook

	Jody Watley: Off the Hook - D-Dot Remix feat. Rakim [cached]

Searching: Lari White: Stepping Stone

	Lari White: Stepping Stone [cached]

Searching: Mark Wills: Don't Laugh At Me

	Mark Wills: Don't Laugh At Me [cached]

Searching: Cool Breeze Featuring OutKast, Goodie Mob & Witchdoctor: Watch For The Hook

	Cool Breeze: Watch for the Hook (Dungeon Family Mix) [cached]

Searching: Collective Soul: Heavy

	Collective Soul: Heavy [cached]

Searching: Limp Bizkit Featuring Method Man: N 2 Gether Now

	Limp Bizkit: N 2 Gether Now [cached]

Searching: Drama: Left, Right, Left

	Drama: Left, Right, Left [cached]

Searching: The Lox Featuring Timbaland And EVE: Ryde Or Die, Chick
=========> Lox: Ryde Or Die  Chick

	 NOT FOUND

Searching: The Wallflowers: Sleepwalker

	The Wallflowers: Sleepwalker [cached]

Searching: Tammy Cochran: Angels In Waiting

	Tammy Cochran: Angels In Waiting [cached]

Searching: Jack Johnson: Flake

	Jack Johnson: Flake [cached]

Searching: B2K: Why I Love You

	B2K: Why I Love You [cached]

Searching: Godsmack: Straight Out Of Line

	Godsmack: Straight Out Of Line [cached]

Searching: Obie Trice Featuring Nate Dogg: The Set Up

	Obie Trice: The Setup - Remix by Dr. Dre [cached]

Searching: Josh Groban: You Raise Me Up

	Josh Groban: You Raise Me Up [cached]

Searching: Carolyn Dawn Johnson: Simple Life

	Carolyn Dawn Johnson: Simple Life [cached]

Searching: Blake Shelton: Goodbye Time

	Blake Shelton: Goodbye Time [cached]

Searching: Jagged Edge: Good Luck Charm

	Jagged Edge: Good Luck Charm [cached]

Searching: The Fratellis: Flathead

	The Fratellis: Flathead [cached]

Searching: Alan Jackson: A Woman's Love

	Alan Jackson: A Woman's Love [cached]

Searching: James Blunt: 1973

	James Blunt: 1973 [cached]

Searching: LeAnn Rimes: Nothin' Better To Do

	LeAnn Rimes: Nothin’ Better To Do [cached]

Searching: Lenny Kravitz: I'll Be Waiting

	Lenny Kravitz: I'll Be Waiting [cached]

Searching: Disturbed: Inside The Fire

	Disturbed: Inside the Fire [cached]

Searching: Dierks Bentley: Trying To Stop Your Leaving

	Dierks Bentley: Trying To Stop Your Leaving [cached]

Searching: David Cook: Hello

	 NOT FOUND

Searching: Craig Morgan: Love Remembers

	Craig Morgan: Love Remembers [cached]

Searching: The Pussycat Dolls Featuring Nicole Scherzinger: Hush Hush

	The Pussycat Dolls: Hush Hush; Hush Hush - Main [cached]

Searching: Creed: Overcome

	Creed: Overcome [cached]

Searching: Glee Cast: I'll Stand By You

	Glee Cast: I'll Stand By You (Glee Cast Version) [cached]

Searching: Nick Jonas & The Administration: Who I Am

	Nick Jonas & The Administration: Who I Am [cached]

Searching: Three Days Grace: Break

	Three Days Grace: Break [cached]

Searching: Toby Keith: Cryin' For Me (Wayman's Song)

	Toby Keith: Cryin' for Me (Wayman's Song) [cached]

Searching: Glee Cast: Bridge Over Troubled Water

	Glee Cast: Bridge Over Troubled Water (Glee Cast Version) [cached]

Searching: Pitbull: Pause

	Pitbull: Pause [cached]

Searching: Glee Cast: Here's To Us

	Glee Cast: Here's To Us (Glee Cast Version) [cached]

Searching: Rascal Flatts: Changed

	Rascal Flatts: Changed [cached]

Searching: Driicky Graham: Snap Backs & Tattoos

	Driicky Graham: Snap Backs & Tattoos [cached]

Searching: Chief Keef Featuring Lil Reese: I Don't Like

	Chief Keef: I Don't Like [cached]

Searching: Cher Lloyd Featuring Becky G: Oath
=========> Cher Lloyd: Oath

	 NOT FOUND

Searching: Brantley Gilbert: More Than Miles

	Brantley Gilbert: More Than Miles [cached]

Searching: Rico Love: They Don't Know

	Rico Love: They Don't Know - Remix [cached]

Searching: The Script: Superheroes

	The Script: Superheroes [cached]

Searching: Big & Rich: Look At You

	Big & Rich: Look at You [cached]

Searching: Tim McGraw: Top Of The World

	Tim McGraw: Top Of The World [cached]

Searching: Adam Wakefield: Lonesome Broken And Blue

	 NOT FOUND

Searching: Major Lazer Featuring Nyla & Fuse ODG: Light It Up

	Major Lazer: Light It Up (feat. Nyla & Fuse ODG) [Remix] [cached]

Searching: French Montana Featuring Kodak Black: Lockjaw

	French Montana: Lockjaw (feat. Kodak Black) [cached]

Searching: Nicky Jam: With You Tonight / Hasta El Amanecer

	Nicky Jam: With You Tonight (Hasta El Amanecer) [cached]

Searching: Drake: Two Birds, One Stone

	Drake: Two Birds, One Stone [cached]

Searching: Fifth Harmony: That's My Girl

	Fifth Harmony: That's My Girl [cached]

Searching: Flo Rida & 99 Percent: Cake

	Flo Rida: Cake - Challenge Version [cached]

Searching: AJR: Weak

	AJR: Weak [cached]

Searching: 21 Savage & Metro Boomin: My Choppa Hate N****s

	21 Savage: My Choppa Hate Niggas [cached]

Searching: Migos: Gang Gang

	Migos: Gang Gang [cached]

Searching: Justin Timberlake: Man Of The Woods

	Justin Timberlake: Man of the Woods [cached]

Searching: 6ix9ine Featuring Tory Lanez & Young Thug: RONDO

	6ix9ine: RONDO [cached]

Searching: Blac Youngsta: Booty

	Blac Youngsta: Booty [cached]

Searching: Lil Yachty Featuring Trippie Redd: 66

	Lil Yachty: 66 [cached]

Searching: Zayn: Let Me

	ZAYN: Let Me [cached]

Searching: Post Malone: Jonestown (Interlude)

	Post Malone: Jonestown (Interlude) [cached]

Searching: Kris Wu: Like That

	Kris Wu: Like That [cached]

Searching: Pusha T: If You Know You Know

	Pusha T: If You Know You Know [cached]

Searching: KIDS SEE GHOSTS: KIDS SEE GHOSTS

	KIDS SEE GHOSTS: Kids See Ghosts [cached]

Searching: Meek Mill Featuring Swizz Beatz: Millidelphia

	Meek Mill: Millidelphia (feat. Swizz Beatz) [cached]

Searching: Wiz Khalifa Featuring Lil Skies: Fr Fr

	Wiz Khalifa: 420 Freestyle [cached]

Searching: Trippie Redd: Love Scars 3

	Trippie Redd: Love Scars 3 [cached]

Searching: Meek Mill: Almost Slipped

	Meek Mill: Almost Slipped [cached]

Searching: 21 Savage: Monster

	21 Savage: monster [cached]

Searching: Khalid Featuring A Boogie Wit da Hoodie: Right Back

	Khalid: Right Back (feat. A Boogie Wit Da Hoodie) [cached]

Searching: DaBaby: PROLLY HEARD

	DaBaby: PROLLY HEARD [cached]

Searching: Summer Walker: Body

	Summer Walker: Body [cached]

Searching: YoungBoy Never Broke Again: In Control

	YoungBoy Never Broke Again: In Control [cached]

Searching: Kenny Chesney: Tip Of My Tongue

	Kenny Chesney: Tip of My Tongue [cached]

Searching: Roddy Ricch Featuring A Boogie Wit da Hoodie: Tip Toe

	Roddy Ricch: Tip Toe (feat. A Boogie Wit da Hoodie) [cached]

Searching: Meek Mill Featuring Roddy Ricch: Letter To Nipsey

	Meek Mill: Letter To Nipsey (feat. Roddy Ricch) [cached]

Searching: A Boogie Wit da Hoodie: Thug Love

	A Boogie Wit da Hoodie: Thug Love [cached]
