Found 228/258 = 88%
30 not found: 
The Four Aces: No Other Arms, No Other Lips
Chico Holiday: Young Ideas
Joe Reisman Orch. & Chorus: The Guns Of Navarone
Steve Alaimo: Gotta Lotta Love
Bobby Goldsboro: Me Japanese Boy I Love You
Nella Dodds: Come See About Me
The Hullaballoos: Did You Ever
The Five Emprees: Little Miss Sad
The Unknowns: Melody For An Unknown Girl
Arthur Prysock: A Working Man's Prayer
Peaches & Herb: Let Me Be The One
Abaco Dream: Life And Death In G & A
Ten Wheel Drive With Genya Ravan: Morning Much Better
Ringo Starr: Hey Baby
Cody Jameson: Brooklyn
Addrisi Brothers: Does She Do It Like She Dances
Don Brown: Sitting In Limbo
Taka Boom: Night Dancin'
The Tarney/Spencer Band: No Time To Lose
Josie Cotton: He Could Be The One
Peter Frampton: Lying
Jon Astley: Put This Love To The Test
Jesse Jaymes: Shake It (Like A White Girl)
Freedom Williams: Voice Of Freedom
1 Of The Girls: Do Da What
Anita Baker: You're My Everything
Dixie Chicks: The Neighbor
Christina Grimmie: Hold On, We're Going Home
Christina Grimmie: Can't Help Falling In Love
Quavo & Lil Yachty: Ice Tray
--------- log -----------
Searching: Bobby Pedrick, Jr.: White Bucks And Saddle Shoes

	Bobby Pedrick Jr.: White Bucks and Saddle Shoes [cached]

Searching: The Four Aces: No Other Arms, No Other Lips
=========> Four Aces: No Other Arms  No Other Lips

	 NOT FOUND

Searching: Graduates: Ballad Of A Girl And Boy

	Graduates: Balladd of a Girl and Boy [cached]

Searching: Chico Holiday: Young Ideas

	 NOT FOUND

Searching: The Dubs: Chapel Of Dreams

	The Dubs: Chapel of Dreams [cached]

Searching: Annette With The Afterbeats: My Heart Became Of Age

	Annette: My Heart Became of Age [cached]

Searching: Rod Bernard: One More Chance

	Rod Bernard: Just One More Chance [cached]

Searching: Tony Bennett: Climb Ev'ry Mountain

	Tony Bennett: Climb Ev'ry Mountain [cached]

Searching: Marv Johnson: Ain't Gonna Be That Way

	Marv Johnson: Ain't Gonna Be That Way [cached]

Searching: The Everly Brothers: Be Bop A-Lula

	The Everly Brothers: Be Bop a Lula - Original Recording Remastered [cached]

Searching: The Flamingos: Mio Amore

	The Flamingos: Mio Amore (My Love) [cached]

Searching: Marty Robbins: Five Brothers

	Marty Robbins: Five Brothers [cached]

Searching: Brian Hyland: That's How Much

	Brian Hyland: That's How Much [cached]

Searching: Adam Wade: Gloria's Theme

	Adam Wade: Gloria's Theme [cached]

Searching: The Capris: Where I Fell In Love

	The Capris: Where I Fell in Love [cached]

Searching: Teresa Brewer: Milord

	Teresa Brewer: Milord [cached]

Searching: Joe Reisman Orch. & Chorus: The Guns Of Navarone
=========> Joe Reisman Orch: Guns Of Navarone

	 NOT FOUND

Searching: The Jive Five With Joe Rene And Orchestra: Never, Never

	The Jive Five: Never Never Never [cached]

Searching: The Dave Brubeck Quartet: Unsquare Dance

	The Dave Brubeck Quartet: Unsquare Dance [cached]

Searching: Joey Dee & the Starliters: Roly Poly

	Joey Dee & The Starliters: Roly Poly [cached]

Searching: Jerry Byrd: Memories Of Maria

	Jerry Byrd: Memories of Maria [cached]

Searching: Big Sambo and The House Wreckers: The Rains Came

	Big Sambo & The House Wreckers: The Rains Came [cached]

Searching: Ral Donner: (What A Sad Way) To Love Someone

	Ral Donner: What a Sad Way to Love Someone [cached]

Searching: Janie Grant: That Greasy Kid Stuff

	Janie Grant: That Greasy Kid Stuff [cached]

Searching: Ray Anthony: Worried Mind

	Ray Anthony: Worried Mind [cached]

Searching: Joe Henderson: Big Love

	Joe Henderson: Big Love [cached]

Searching: Linda Scott: I Left My Heart In The Balcony

	Linda Scott: I Left My Heart in the Balcony [cached]

Searching: Lou Johnson: Reach Out For Me

	Lou Johnson: Reach Out For Me [cached]

Searching: Steve Alaimo: Gotta Lotta Love

	 NOT FOUND

Searching: Marty Robbins: Begging To You

	Marty Robbins: Begging To You [cached]

Searching: The Duprees featuring Joey Vann: (It's No) Sin

	The Duprees: (It's No) Sin [cached]

Searching: The Beatles: There's A Place

	The Beatles: There's A Place - Remastered 2009 [cached]

Searching: Bobby Wood: If I'm A Fool For Loving You

	Bobby Wood: If I'm a Fool for Loving You [cached]

Searching: Bobby Goldsboro: Me Japanese Boy I Love You

	 NOT FOUND

Searching: Nella Dodds: Come See About Me

	 NOT FOUND

Searching: Harold Betters: Do Anything You Wanna (Part I)

	Harold Betters: Do Anything You Wanna [cached]

Searching: Otis Redding: That's How Strong My Love Is

	Otis Redding: That's How Strong My Love Is [cached]

Searching: The Hullaballoos: Did You Ever
=========> Hullaballoos: Did You Ever

	 NOT FOUND

Searching: Mary Wells: He's A Lover

	Mary Wells: (Hey You) Set My Soul On Fire [cached]

Searching: The Five Emprees: Little Miss Sad
=========> Five Emprees: Little Miss Sad

	 NOT FOUND

Searching: The Ikettes: I'm So Thankful

	The Ikettes: I'm So Thankful [cached]

Searching: The Who: My Generation

	The Who: My Generation - Stereo Version [cached]

Searching: Tom Jones: Promise Her Anything

	Tom Jones: Promise Her Anything [cached]

Searching: The Mad Lads: I Want Someone

	The Mad Lads: I Want Someone [cached]

Searching: Buck Owens and The Buckaroos: Think Of Me

	Buck Owens: Think Of Me [cached]

Searching: The Capitols: I Got To Handle It

	The Capitols: I Got to Handle It [cached]

Searching: The Unknowns: Melody For An Unknown Girl
=========> Unknowns: Melody For An Unknown Girl

	 NOT FOUND

Searching: Barbara Lewis: Baby What Do You Want Me To Do

	Barbara Lewis: Baby What Do You Want Me to Do [cached]

Searching: Alvin Cash & The Registers: Alvin's Boo-Ga-Loo

	Alvin Cash: Alvin's Boo-Ga-Loo [cached]

Searching: Ramsey Lewis: Day Tripper

	Ramsey Lewis: Day Tripper [cached]

Searching: Carla Thomas: Something Good (Is Going To Happen To You)

	Carla Thomas: Something Good Is Going to Happen to You [cached]

Searching: Billy Stewart: Every Day I Have The Blues

	Billy Stewart: Every Day I Have The Blues [cached]

Searching: Sonny & Cher: Plastic Man

	Sonny & Cher: Plastic Man [cached]

Searching: The Byrds: Have You Seen Her Face

	The Byrds: Have You Seen Her Face [cached]

Searching: The Glories: I Stand Accused (Of Loving You)

	The Glories: I Stand Accused [cached]

Searching: The Love Generation: Groovy Summertime

	The Love Generation: Groovy Summertime [cached]

Searching: Arthur Prysock: A Working Man's Prayer
=========> Arthur Prysock: A Working Man s Prayer

	 NOT FOUND

Searching: Eddy Arnold: Here Comes The Rain, Baby

	Eddy Arnold: Here Comes The Rain, Baby [cached]

Searching: The Byrds: You Ain't Going Nowhere

	The Byrds: You Ain't Going Nowhere [cached]

Searching: Eddy Arnold: It's Over

	Eddy Arnold: It's Over [cached]

Searching: The Sweet Inspirations: To Love Somebody

	The Sweet Inspirations: To Love Somebody [cached]

Searching: Nancy Sinatra: Happy

	Nancy Sinatra: Happy [cached]

Searching: B.B. King: I'm Gonna Do What They Do To Me

	B.B. King: I'm Gonna Do What They Do To Me [cached]

Searching: Bobbie Gentry & Glen Campbell: Mornin' Glory

	Bobbie Gentry: Mornin' Glory [cached]

Searching: Rock & Roll Double Bubble: Bubble Gum Music

	Monkey Rock Music: Sticky Sticky Bubble Gum [cached]

Searching: Brook Benton: Nothing Can Take The Place Of You

	Brook Benton: Nothing Can Take the Place of You [cached]

Searching: Peaches & Herb: Let Me Be The One
=========> Peaches: Let Me Be One

	 NOT FOUND

Searching: John Stewart: Armstrong

	John Stewart: Armstrong [cached]

Searching: Abaco Dream: Life And Death In G & A
=========> Abaco Dream: Life And Death In G   A

	 NOT FOUND

Searching: B.B. King: Get Off My Back Woman

	B.B. King: Get Off My Back Woman [cached]

Searching: The Cowsills: Silver Threads And Golden Needles

	The Cowsills: Silver Threads And Golden Needles [cached]

Searching: Charley Pride: (I'm So) Afraid Of Losing You Again

	Charley Pride: (I'm So) Afraid of Losing You Again [cached]

Searching: Savoy Brown: I'm Tired

	Savoy Brown: I'm Tired - Live [cached]

Searching: Thelma Houston: Save The Country

	Thelma Houston: Save The Country [cached]

Searching: Quincy Jones: Killer Joe

	Quincy Jones: Killer Joe [cached]

Searching: The Dells: Long Lonely Nights

	The Dells: Long Lonely Nights [cached]

Searching: Ten Wheel Drive With Genya Ravan: Morning Much Better
=========> Ten Wheel Drive: Morning Much Better

	 NOT FOUND

Searching: The Originals: We Can Make It Baby

	The Originals: We Can Make It Baby [cached]

Searching: Herb Alpert & The Tijuana Brass: Jerusalem

	Herb Alpert & The Tijuana Brass: Jerusalem [cached]

Searching: Traffic: Empty Pages

	Traffic: Empty Pages [cached]

Searching: The Magic Lanterns: One Night Stand

	Magic Lanterns: One Night Stand [cached]

Searching: The Lettermen: Everything Is Good About You

	The Lettermen: Everything Is Good About You [cached]

Searching: Jeannie C. Riley: Oh, Singer

	Jeannie C. Riley: Oh Singer [cached]

Searching: Audience: Indian Summer

	Audience: Indian Summer [cached]

Searching: The Newcomers: Pin The Tail On The Donkey

	The Newcomers: Pin The Tail On The Donkey [cached]

Searching: Jimi Hendrix: Dolly Dagger

	Jimi Hendrix: Dolly Dagger [cached]

Searching: Johnnie Taylor (The Soul Philosopher): Standing In For Jody

	Johnnie Taylor: Standing In For Jody [cached]

Searching: Linda Jones: Your Precious Love

	Linda Jones: Your Precious Love [cached]

Searching: B.J. Thomas: That's What Friends Are For

	B.J. Thomas: That's What Friends Are For [cached]

Searching: Lynn Anderson: Top Of The World

	Lynn Anderson: Top Of The World [cached]

Searching: Tanya Tucker: Blood Red And Goin' Down

	Tanya Tucker: Blood Red And Goin' Down [cached]

Searching: Blue Magic: Stop To Start

	Blue Magic: Stop to Start [cached]

Searching: The Temptations: You've Got My Soul On Fire

	The Temptations: You've Got My Soul On Fire [cached]

Searching: Kiki Dee: How Glad I Am

	Kiki Dee: How Glad I Am [cached]

Searching: First Class: Funny How Love Can Be

	The First Class: Funny How Love Can Be [cached]

Searching: Fantastic Four: Alvin Stone (The Birth & Death Of A Gangster)

	The Fantastic Four: Alvin Stone (The Birth and Death of a Gangster) [cached]

Searching: KISS: Flaming Youth

	KISS: Flaming Youth [cached]

Searching: Marvin Gaye: After The Dance

	Marvin Gaye: After The Dance [cached]

Searching: The Rowans: If I Only Could

	The Rowans: If Only I Could [cached]

Searching: Ringo Starr: Hey Baby

	 NOT FOUND

Searching: The Emotions: I Don't Wanna Lose Your Love/Flowers

	The Emotions: I Don't Wanna Lose Your Love [cached]

Searching: Harold Melvin And The Blue Notes: Reaching For The World

	Harold Melvin & The Blue Notes: Reaching For The World [cached]

Searching: The Bar-Kays: Too Hot To Stop (Pt. 1)

	The Bar-Kays: Too Hot To Stop - Pt. 1 [cached]

Searching: Ozark Mountain Daredevils: You Know Like I Know

	The Ozark Mountain Daredevils: You Know Like I Know [cached]

Searching: Cody Jameson: Brooklyn

	 NOT FOUND

Searching: Burton Cummings: My Own Way To Rock

	Burton Cummings: My Own Way To Rock [cached]

Searching: Addrisi Brothers: Does She Do It Like She Dances

	 NOT FOUND

Searching: Don Brown: Sitting In Limbo

	 NOT FOUND

Searching: Captain & Tennille: I'm On My Way

	Captain & Tennille: I'm On My Way [cached]

Searching: Queen: It's Late

	Queen: It's Late - Remastered 2011 [cached]

Searching: Debby Boone: God Knows/Baby, I'm Yours

	Debby Boone: God Knows [cached]

Searching: Taka Boom: Night Dancin'
=========> Taka Boom: Night Dancin

	 NOT FOUND

Searching: Blue Oyster Cult: In Thee

	Blue Öyster Cult: In Thee [cached]

Searching: The Police: Message In A Bottle

	The Police: Message In A Bottle [cached]

Searching: Dollar: Shooting Star

	Dollar Selmouni: Shooting Star - Rerecorded [cached]

Searching: Poco: Midnight Rain

	Poco: Midnight Rain [cached]

Searching: The B-52s: Private Idaho

	The B-52's: Private Idaho [cached]

Searching: Max Werner: Rain In May

	Max Werner: Rain In May [cached]

Searching: The Tarney/Spencer Band: No Time To Lose
=========> Tarney: No Time To Lose

	 NOT FOUND

Searching: Larry Carlton: Sleepwalk

	Larry Carlton: Sleepwalk [cached]

Searching: Carpenters: Beechwood 4-5789

	Carpenters: Beechwood 4-5789 [cached]

Searching: Carly Simon: Why

	Carly Simon: Why [cached]

Searching: Josie Cotton: He Could Be The One
=========> Josie Cotton: He Could Be One

	 NOT FOUND

Searching: Bad Company: Electricland

	Bad Company: Electricland - 2009 Remaster [cached]

Searching: Robert Plant: Pledge Pin

	Robert Plant: Pledge Pin - 2006 Remaster [cached]

Searching: Survivor: The One That Really Matters

	Survivor: The One That Really Matters [cached]

Searching: Heaven 17: Let Me Go

	Heaven 17: Let Me Go [cached]

Searching: The Call: The Walls Came Down

	The Call: The Walls Came Down - Single Version [cached]

Searching: Haysi Fantayzee: Shiny Shiny

	Haysi Fantayzee: Shiny Shiny [cached]

Searching: Anne Murray: A Little Good News

	Anne Murray: Just Another Woman In Love [cached]

Searching: Kim Carnes: I Pretend

	Kim Carnes: I Pretend [cached]

Searching: Berlin: Now It's My Turn

	Berlin: Now It's My Turn - Orchestra Only Version [cached]

Searching: Melissa Manchester: Mathematics

	Melissa Manchester: Mathematics [cached]

Searching: Tom Petty And The Heartbreakers: Rebels

	Tom Petty and the Heartbreakers: Rebels [cached]

Searching: Marillion: Kayleigh

	Marillion: Kayleigh - 2017 Remaster [cached]

Searching: Peter Frampton: Lying

	 NOT FOUND

Searching: Feargal Sharkey: A Good Heart

	Feargal Sharkey: A Good Heart [cached]

Searching: Jimmy Barnes: Working Class Man

	Jimmy Barnes: Working Class Man - David Nicholas Mix [cached]

Searching: Tina Turner: Break Every Rule

	Tina Turner: Break Every Rule [cached]

Searching: The Cars: Coming Up You

	The Cars: Coming Up on You [cached]

Searching: Underworld: Underneath The Radar

	Underworld: Underneath the Radar [cached]

Searching: The Robert Cray Band: Don't Be Afraid Of The Dark

	The Robert Cray Band: Don't Be Afraid Of The Dark [cached]

Searching: Tommy Conwell And The Young Rumblers: I'm Not Your Man

	Tommy Conwell: I'm Not Your Man - Single Version [cached]

Searching: Jon Astley: Put This Love To The Test
=========> Jon Astley: Put This Love To Test

	 NOT FOUND

Searching: Survivor: Across The Miles

	Survivor: Across the Miles [cached]

Searching: The Cure: Lullaby

	The Cure: Lullaby - Remastered [cached]

Searching: Sybil: Walk On By

	Sybil: Walk on By [cached]

Searching: Jesse Jaymes: Shake It (Like A White Girl)
=========> Jesse Jaymes: Shake It

	 NOT FOUND

Searching: Lisa Fischer: Save Me

	Lisa Fischer: Save Me [cached]

Searching: Desmond Child: You're The Story Of My Life

	Desmond Child: You're the Story of My Life [cached]

Searching: Voice Of The Beehive: Monsters And Angels

	Voice Of The Beehive: Monsters and Angels [cached]

Searching: Goddess: Sexual

	Oshun Goddess: Pleasure & Sexuality [cached]

Searching: Alpha Team: Speed

	Alpha Team: Speed (Hardcore) [cached]

Searching: Lords Of The Underground: Funky Child

	Lords Of The Underground: Funky Child [cached]

Searching: Freedom Williams: Voice Of Freedom

	 NOT FOUND

Searching: 1 Of The Girls: Do Da What
=========> 1 Of Girls: Do Da What

	 NOT FOUND

Searching: Naughty By Nature: It's On

	Naughty By Nature: It's On [cached]

Searching: Terence Trent D'Arby: Delicate

	Terence Trent D'Arby: Delicate (feat. Des'ree) [cached]

Searching: RAab: Foreplay

	Raab: Foreplay [cached]

Searching: Bee Gees: Paying The Price Of Love

	Bee Gees: Paying The Price Of Love [cached]

Searching: Little Texas: What Might Have Been

	Little Texas: What Might Have Been [cached]

Searching: OutKast: Southernplayalisticadillacmuzik

	Outkast: Southernplayalisticadillacmuzik [cached]

Searching: Steve Perry: Missing You

	Steve Perry: Missing You [cached]

Searching: Anita Baker: I Apologize

	Anita Baker: I Apologize [cached]

Searching: Scarface Feat. Ice Cube: People Don't Believe

	Scarface: Hand of the Dead Body (aka People Don’t Believe” [cached]

Searching: Kool G Rap: Fast Life

	Kool G Rap: Fast Life [cached]

Searching: Shania Twain: (If You're Not In It For Love) I'm Outta Here!/The Woman In Me

	Shania Twain: (If You're Not In It For Love) I'm Outta Here! [cached]

Searching: Faith Hill: It Matters To Me

	Faith Hill: It Matters to Me [cached]

Searching: J'Son: Take A Look

	Sonny Joey Waschington: Take A Look Inside [cached]

Searching: Artie The 1 Man Party: Esa Nena Linda

	Artie The 1 Man Party: Esa Nena Linda [cached]

Searching: D'Angelo: Me And Those Dreamin' Eyes Of Mine

	D'Angelo: Me And Those Dreamin' Eyes Of Mine [cached]

Searching: Amber: Colour Of Love

	Amber: Colour Of Love [cached]

Searching: Lisa Stansfield: Never, Never Gonna Give You Up

	Lisa Stansfield: Never, Never Gonna Give You Up [cached]

Searching: Tim McGraw: One Of These Days

	Tim McGraw: One Of These Days [cached]

Searching: Queen Pen Featuring Teddy Riley, Nutta Butta, Markell & Jesse Wes: Party Ain't A Party

	Queen Pen: Party Ain't A Party [cached]

Searching: The Offspring: Why Don't You Get A Job?

	The Offspring: Why Don't You Get A Job [cached]

Searching: Clay Walker: She's Always Right

	Clay Walker: She's Always Right [cached]

Searching: Kenny Chesney: She Thinks My Tractor's Sexy

	Kenny Chesney: She Thinks My Tractor's Sexy [cached]

Searching: Clay Walker: Live, Laugh, Love

	Clay Walker: Live, Laugh, Love [cached]

Searching: Lou Bega: Tricky, Tricky

	Lou Bega: Tricky, Tricky [cached]

Searching: Metallica: No Leaf Clover

	Metallica: No Leaf Clover - Live [cached]

Searching: Ying Yang Twins: Whistle While You Twurk

	Ying Yang Twins: Whistle While You Twurk (ColliPark Mix) [cached]

Searching: Yankee Grey: Another Nine Minutes

	Yankee Grey: Another Nine Minutes [cached]

Searching: Pilar Montenegro: Quitame Ese Hombre

	Pilar Montenegro: Quítame Ese Hombre Del Corazón - Norteña Version [cached]

Searching: Kelly Osbourne: Papa Don't Preach

	Kelly Osbourne: Papa Don't Preach [cached]

Searching: Mario: Braid My Hair

	Mario: Braid My Hair [cached]

Searching: Trace Adkins: Chrome

	Trace Adkins: Chrome [cached]

Searching: Ricky Martin: Tal Vez

	Ricky Martin: Tal Vez [cached]

Searching: Train: When I Look To The Sky

	Train: When I Look to the Sky [cached]

Searching: Anita Baker: You're My Everything
=========> Anita Baker: You re My Everything

	 NOT FOUND

Searching: John Legend: Used To Love U

	John Legend: Used to Love U [cached]

Searching: The Killers: All These Things That I've Done

	The Killers: All These Things That I've Done [cached]

Searching: Dixie Chicks: The Neighbor
=========> Dixie Chicks: Neighbor

	 NOT FOUND

Searching: September: Cry For You

	September: Cry for You [cached]

Searching: Fall Out Boy: Headfirst Slide Into Cooperstown On A Bad Bet

	Fall Out Boy: Headfirst Slide Into Cooperstown On A Bad Bet [cached]

Searching: Luke Bryan: Country Man

	Luke Bryan: Country Man [cached]

Searching: Jazmine Sullivan: Lions, Tigers & Bears

	Jazmine Sullivan: Lions, Tigers & Bears [cached]

Searching: Hannah Montana Featuring David Archuleta: I Wanna Know You

	Hannah Montana: I Wanna Know You [cached]

Searching: Godsmack: Cryin' Like A Bitch!

	Godsmack: Cryin' Like A Bitch!! [cached]

Searching: Glee Cast: Ice Ice Baby

	Glee Cast: Ice Ice Baby (Glee Cast Version) [cached]

Searching: Martina McBride: Wrong Baby Wrong

	Martina McBride: Wrong Baby Wrong Baby Wrong [cached]

Searching: Fantasia: Bittersweet

	Fantasia: Bittersweet [cached]

Searching: Glee Cast: I Look To You

	Glee Cast: I Look To You (Glee Cast Version) [cached]

Searching: Ricky Martin Featuring Natalia Jimenez: Lo Mejor De Mi Vida Eres Tu

	Ricky Martin: Lo Mejor de Mi Vida Eres Tú (feat. Natalia Jiménez) [cached]

Searching: Justin Bieber: Born To Be Somebody

	Justin Bieber: Born To Be Somebody [cached]

Searching: Waka Flocka Flame Featuring Kebo Gotti: Grove St. Party

	Waka Flocka Flame: Grove St. Party (feat. Kebo Gotti) [cached]

Searching: Glee Cast: Dancing Queen

	Glee Cast: Dancing Queen (Glee Cast Version) [cached]

Searching: Marsha Ambrosius: Far Away

	Marsha Ambrosius: Far Away [cached]

Searching: Reeve Carney Featuring Bono & The Edge: Rise Above 1

	Reeve Carney: Rise Above 1 [cached]

Searching: Christina Aguilera & Beverly McClellan: Beautiful

	Christina Aguilera: Beautiful - The Voice Performance [cached]

Searching: Matt Nathanson: Faster

	Matt Nathanson: Faster [cached]

Searching: Enrique Iglesias Featuring Pitbull & The WAV.s: I Like How It Feels

	Enrique Iglesias: I Like How It Feels [cached]

Searching: Skrillex Featuring Sirah: Kyoto

	Skrillex: Kyoto (feat. Sirah) [cached]

Searching: Tyga Featuring Nicki Minaj: Mutha***** Up

	Tyga: Muthaf**ka Up [cached]

Searching: Kid Cudi Featuring King Chip: Just What I Am

	Kid Cudi: Just What I Am [cached]

Searching: OneRepublic: If I Lose Myself

	OneRepublic: If I Lose Myself - Alesso vs OneRepublic [cached]

Searching: Luke Bryan: Buzzkill

	Luke Bryan: Buzzkill [cached]

Searching: Fantasia Featuring Kelly Rowland & Missy Elliott: Without Me

	Fantasia: Without Me (feat. Kelly Rowland & Missy Elliott) [cached]

Searching: Juicy J Featuring Wale & Trey Songz: Bounce It

	Juicy J: Bounce It (feat. Wale & Trey Songz) [cached]

Searching: Christina Grimmie: Hold On, We're Going Home
=========> Christina Grimmie: Hold On  We re Going Home

	 NOT FOUND

Searching: Christina Grimmie: Can't Help Falling In Love
=========> Christina Grimmie: Can t Help Falling In Love

	 NOT FOUND

Searching: Rich Homie Quan Featuring Problem: Walk Thru

	Rich Homie Quan: Walk Thru (feat. Problem) [cached]

Searching: Damien: Soldier

	Damien Leith: Universal Soldier [cached]

Searching: Jake Owen: Real Life

	Jake Owen: Real Life [cached]

Searching: Drake & Future: Live From The Gutter

	Drake: Live From The Gutter [cached]

Searching: One Direction: Home

	One Direction: Home [cached]

Searching: Justin Bieber: Children

	Justin Bieber: Children [cached]

Searching: Zedd & Kesha: True Colors

	Zedd: True Colors [cached]

Searching: Solange: Cranes In The Sky

	Solange: Cranes in the Sky [cached]

Searching: Maren Morris: 80s Mercedes

	Maren Morris: 80s Mercedes [cached]

Searching: 21 Savage: Red Opps

	21 Savage: Red Opps [cached]

Searching: Big Sean: Halfway Off The Balcony

	Big Sean: Halfway Off The Balcony [cached]

Searching: Rag'n'Bone Man: Human

	Rag'n'Bone Man: Human [cached]

Searching: Bryson Tiller: Somethin Tells Me

	Bryson Tiller: Somethin Tells Me [cached]

Searching: A Boogie Wit da Hoodie: No Promises

	A Boogie Wit da Hoodie: No Promises [cached]

Searching: Becky G Featuring Bad Bunny: Mayores

	Becky G: Mayores [cached]

Searching: Quavo & Lil Yachty: Ice Tray
=========> Quavo: Ice Tray

	 NOT FOUND

Searching: Logic: Midnight

	Logic: Midnight [cached]

Searching: Jhene Aiko Featuring Swae Lee Or Rae Sremmurd: Sativa

	Jhené Aiko: Sativa [cached]

Searching: Lil Baby Featuring Gunna & Lil Uzi Vert: Life Goes On

	Lil Baby: Life Goes On [cached]

Searching: Kygo & Imagine Dragons: Born To Be Yours

	Kygo: Born To Be Yours [cached]

Searching: Lil Wayne: Mess

	Lil Wayne: Mess [cached]

Searching: Kodak Black: Testimony

	Kodak Black: Testimony [cached]

Searching: Gunna Featuring Young Thug: 3 Headed Snake

	Gunna: 3 Headed Snake (feat. Young Thug) [cached]

Searching: Tyler, The Creator: A Boy Is A Gun

	Tyler, The Creator: A BOY IS A GUN* [cached]

Searching: Megan Thee Stallion: Captain Hook

	Megan Thee Stallion: Captain Hook [cached]

Searching: Rod Wave: Thief In The Night

	Rod Wave: Thief In The Night [cached]

Searching: DaBaby: TALK ABOUT IT

	DaBaby: TALK ABOUT IT [cached]

Searching: Carrie Underwood: Drinking Alone

	Carrie Underwood: Drinking Alone [cached]

Searching: Travis Scott: The Plan

	Travis Scott: The Plan - From the Motion Picture "TENET" [cached]

Searching: 21 Savage & Metro Boomin: Steppin On N*ggas

	21 Savage: Steppin On N*ggas [cached]

Searching: DaBaby Featuring Young Thug: Blind

	DaBaby: BLIND (feat. Young Thug) [cached]

Searching: Bad Bunny: Te Deseo Lo Mejor

	Bad Bunny: TE DESEO LO MEJOR [cached]

Searching: Jack Harlow Featuring Big Sean: Way Out

	Jack Harlow: Way Out (feat. Big Sean) [cached]

Searching: Popp Hunna: Adderall (Corvette Corvette)

	Popp Hunna: Adderall (Corvette Corvette) [cached]

Searching: Morgan Wallen: Livin' The Dream

	Morgan Wallen: Livin’ The Dream [cached]

Searching: Selena Gomez With Rauw Alejandro: Baila Conmigo

	Selena Gomez: Baila Conmigo (with Rauw Alejandro) [cached]

Searching: Jason Derulo Featuring Adam Levine: Lifestyle

	Jason Derulo: Lifestyle (feat. Adam Levine) [cached]
