Found 248/276 = 90%
28 not found: 
The DeCastro Sisters: Teach Me Tonight Cha Cha
Teddy Vann: The Lonely Crowd
Dave "Baby" Cortez: Organ Shout
The Raelets/Ray Charles Orchestra: One Hurt Deserves Another
The O'Kaysions: Love Machine
Paul Mauriat: Chitty Chitty Bang Bang
Tyrannosaurus Rex: Ride A White Swan
Bob Seger: If I Were A Carpenter
Five Man Electrical Band: I'm A Stranger Here
Zwol: New York City
Cory Daye: Pow Wow
Gene Cotton: If I Could Get You (into my Life)
ConFunkShun: Baby I'm Hooked
Christopher Cross: A Chance For Heaven
Alex Brown: (Come On) Shout
John Waite: If Anybody Had A Heart
Rhythm Syndicate: Blinded By Love
Nia Peeples: Kissing The Wind
Sister 7: Know What You Mean
Erykah Badu Featuring Rahzel: Southern Gul
Jay-Z Featuring Memphis Bleek & Amil: Hey Papi
30 Seconds To Mars: From Yesterday
Ashley Tisdale & Lucas Grabeel: Fabulous
Lil Wayne Featuring Gudda: F**k Today
Troop 41: Do The John Wall
Tessanne Chin & Adam Levine: Let It Be
Beyonce, SAINt JHN & Wizkid Featuring Blue Ivy Carter: Brown Skin Girl
Willow Featuring Travis Barker: transparentsoul
--------- log -----------
Searching: Marty Robbins: Just Married

	Marty Robbins: Just Married [cached]

Searching: Tommy Mara: Where The Blue Of The Night

	Tommy Mara: Where the Blue of the Night [cached]

Searching: The DeCastro Sisters: Teach Me Tonight Cha Cha
=========> DeCastro Sisters: Teach Me Tonight Cha Cha

	 NOT FOUND

Searching: The Bell Notes: Old Spanish Town

	The Bell Notes: Old Spanish Town [cached]

Searching: Johnny Cash: Five Feet High And Rising

	Johnny Cash: Five Feet High and Rising [cached]

Searching: Ella Fitzgerald: How High The Moon (Part 1)

	Ella Fitzgerald: How High The Moon - 1st Take [cached]

Searching: The Chiffons: Tonight's The Night

	The Chiffons: Tonight's The Night [cached]

Searching: Dinah Washington: We Have Love

	Dinah Washington: We Have Love [cached]

Searching: Aretha Franklin With The Ray Bryant Combo: Won't Be Long

	Aretha Franklin: Won't Be Long - As heard in the Netflix series The Umbrella Academy [cached]

Searching: The Olympics: Little Pedro

	The Olympics: Little Pedro [cached]

Searching: Louise Brown: Son-In-Law

	Louise Brown: Son-in-Law [cached]

Searching: Teddy Vann: The Lonely Crowd
=========> Teddy Vann: Lonely Crowd

	 NOT FOUND

Searching: George Jones: Tender Years

	George Jones: Tender Years - Single Version [cached]

Searching: The Four Sportsmen: Pitter-Patter

	The Four Sportsmen: Pitter-Patter [cached]

Searching: Charles Brown: Please Come Home For Christmas

	Charles Brown: Please Come Home for Christmas [cached]

Searching: Rod McKuen: Oliver Twist

	Rod McKuen: Oliver Twist [cached]

Searching: Johnny Gibson: Midnight

	Johnny Gibson: Midnight [cached]

Searching: Bobby Bland: Who Will The Next Fool Be

	Bobby "Blue" Bland: Who Will The Next Fool Be? - Single Version / Stereo [cached]

Searching: Dinah Washington: I Want To Be Loved

	Dinah Washington: I Want To Be Loved [cached]

Searching: Glen Campbell: Too Late To Worry - Too Blue To Cry

	Glen Campbell: Too Late To Worry, Too Blue To Cry [cached]

Searching: The Beach Boys: 409

	The Beach Boys: 409 [cached]

Searching: The Everly Brothers: I'm Here To Get My Baby Out Of Jail

	The Everly Brothers: I'm Here To Get My Baby Out of Jail [cached]

Searching: David Thorne: The Alley Cat Song

	David Thorne: The Alley Cat Song [cached]

Searching: The Emotions: Echo

	The Blue Emotions: I Still Remember the Echo [cached]

Searching: The Exciters: Get Him

	The Exciters: Get Him [cached]

Searching: Dave "Baby" Cortez: Organ Shout
=========> Dave  Baby  Cortez: Organ Shout

	 NOT FOUND

Searching: Joe Perkins: Little Eeefin Annie

	Joe Perkins: Little Eeefin Annie [cached]

Searching: Jay & The Americans: Come Dance With Me

	Jay & The Americans: Come Dance With Me [cached]

Searching: Eddie Holland: Leaving Here

	Eddie Holland: Leaving Here [cached]

Searching: Gloria Lynne: Don't Take Your Love From Me

	Gloria Lynne: Don't Take Your Love From Me [cached]

Searching: Lesley Gore: Hey Now

	Lesley Gore: Hey Now [cached]

Searching: Patti LaBelle And The Blue Belles: Danny Boy

	Patti LaBelle: Danny Boy - Live [cached]

Searching: Johnny Rivers: Cupid

	Johnny Rivers: Cupid [cached]

Searching: Soupy Sales: The Mouse

	Soupy Sales: The Mouse [cached]

Searching: Sounds Orchestral: Canadian Sunset

	Sounds Orchestral: Canadian Sunset [cached]

Searching: Neil Sedaka: The World Through A Tear

	Neil Sedaka: The World Through a Tear [cached]

Searching: The Impressions: Just One Kiss From You

	The Impressions: Just One Kiss From You - Single Version [cached]

Searching: Bobby Powell: C.C. Rider

	Bobby Powell: C. C. Rider [cached]

Searching: Lesley Gore: We Know We're In Love

	Lesley Gore: We Know We're In Love [cached]

Searching: The Searchers: Take Me For What I'm Worth

	The Searchers: Take Me for What I'm Worth [cached]

Searching: The Spencer Davis Group: Keep On Running

	The Spencer Davis Group: Keep On Running - Mono Version [cached]

Searching: Tim Tam And The Turn-Ons: Wait A Minute

	Tim Tam & The Turn Ons: Wait a Minute [cached]

Searching: Chubby Checker: Hey You! Little Boo-Ga-Loo

	Chubby Checker: Hey You! Little Boo-Ga-Loo [cached]

Searching: Jay & The Americans: Livin' Above Your Head

	Jay & The Americans: Livin' Above Your Head [cached]

Searching: The Toys: Baby Toys

	The Toys: Can't Get Enough of You Baby [cached]

Searching: The Raelets/Ray Charles Orchestra: One Hurt Deserves Another
=========> Raelets: One Hurt Deserves Another

	 NOT FOUND

Searching: Dusty Springfield: Give Me Time

	Dusty Springfield: Give Me Time [cached]

Searching: Four Tops: I'll Turn To Stone

	Four Tops: I'll Turn To Stone [cached]

Searching: Bar-Kays: Knucklehead

	The Bar-Kays: Knucklehead [cached]

Searching: Chuck Jackson: Shame On Me

	Chuck Jackson: Shame On Me [cached]

Searching: King Curtis & The Kingpins: I Was Made To Love Her

	King Curtis: I Was Made to Love Her [cached]

Searching: Inez & Charlie Foxx: (1-2-3-4-5-6-7) Count The Days

	Inez: (1-2-3-4-5-6-7) Count The Days [cached]

Searching: Howard Tate: Stop

	Howard Tate: Stop - Live [cached]

Searching: Jimmy James & The Vagabonds: Come To Me Softly

	Jimmy James & The Vagabonds: Come to Me Softly - US Version [cached]

Searching: Hamilton Camp: Here's To You

	Hamilton Camp: Here's to You [cached]

Searching: Merrilee Rush & The Turnabouts: That Kind Of Woman

	Merrilee Rush: That Kind Of Woman [cached]

Searching: The Mamas & The Papas: Do You Wanna Dance

	The Mamas & The Papas: Do You Wanna Dance [cached]

Searching: The O'Kaysions: Love Machine
=========> O Kaysions: Love Machine

	 NOT FOUND

Searching: Paul Mauriat: Chitty Chitty Bang Bang

	 NOT FOUND

Searching: The Marvelettes: I'm Gonna Hold On Long As I Can

	The Marvelettes: I'm Gonna Hold On As Long As I Can [cached]

Searching: Aretha Franklin: Gentle On My Mind

	Aretha Franklin: Gentle on My Mind [cached]

Searching: Jose Feliciano: Rain

	José Feliciano: Rain [cached]

Searching: Ramsey Lewis: Julia

	Ramsey Lewis: Julia [cached]

Searching: B.B. King: Just A Little Love

	B.B. King: Just A Little Love - Live (Village Gate) [cached]

Searching: Nina Simone: To Be Young, Gifted And Black

	Nina Simone: To Be Young, Gifted and Black - 2005 Remix [cached]

Searching: Dusty Springfield: Silly, Silly, Fool

	Dusty Springfield: Silly Silly Fool [cached]

Searching: The Cuff Links: Run Sally Run

	The Cuff Links: Run Sally Run

Searching: Booker T. & The MG's: Something

	Booker T. & the M.G.'s: Something [cached]

Searching: Tyrannosaurus Rex: Ride A White Swan

	 NOT FOUND

Searching: Mountain: The Animal Trainer And The Toad

	Mountain: The Animal Trainer and the Toad [cached]

Searching: Chuck Mangione: Hill Where The Lord Hides

	Chuck Mangione: Hill Where The Lord Hides - Live At The American Hotel Ballroom/1980 [cached]

Searching: The Coasters: Love Potion Number Nine

	The Coasters: Love Potion Number Nine [cached]

Searching: Roberta Flack: Will You Still Love Me Tomorrow

	Roberta Flack: Will You Still Love Me Tomorrow [cached]

Searching: Laura Lee: Since I Fell For You

	Laura Lee: Since I Fell for You [cached]

Searching: Jackie DeShannon: Vanilla Ólay

	Jackie DeShannon: Vanilla O'lay - Single Version [cached]

Searching: Bob Seger: If I Were A Carpenter

	 NOT FOUND

Searching: Ocean: One More Chance

	Ocean: One More Chance [cached]

Searching: Slade: Mama Weer All Crazee Now

	Slade: Mama Weer All Crazee Now [cached]

Searching: Rita Coolidge: Fever/My Crew

	Rita Coolidge: Fever [cached]

Searching: Five Man Electrical Band: I'm A Stranger Here
=========> Five Man Electrical Band: I m A Stranger Here

	 NOT FOUND

Searching: The Who: Love, Reign O'er Me

	The Who: Love Reign O'er Me [cached]

Searching: The Peppers: Pepper Box

	The Peppers: Pepper Box [cached]

Searching: Martha Reeves: Power Of Love

	Martha Reeves: Power Of Love [cached]

Searching: Love Unlimited: Under The Influence Of Love

	Love Unlimited: Under The Influence Of Love [cached]

Searching: The Staple Singers: My Main Man

	The Staple Singers: My Main Man [cached]

Searching: Roberta Flack: Feelin' That Glow

	Roberta Flack: Feelin' That Glow [cached]

Searching: Minnie Riperton: Inside My Love

	Minnie Riperton: Inside My Love - Remastered [cached]

Searching: The Salsoul Orchestra: Salsoul Hustle

	The Salsoul Orchestra: Salsoul Hustle [cached]

Searching: The Stylistics: Funky Weekend

	The Stylistics: Funky Weekend [cached]

Searching: Bill Withers: Make Love To Your Mind

	Bill Withers: Make Love to Your Mind [cached]

Searching: Mac Davis: Forever Lovers

	Mac Davis: Forever Lovers [cached]

Searching: Carole King: High Out Of Time

	Carole King: High Out Of Time [cached]

Searching: Fools Gold: Rain, Oh Rain

	Fool's Gold: Rain, Oh, Rain [cached]

Searching: Eddie Rabbitt: Rocky Mountain Music

	Eddie Rabbitt: Rocky Mountain Music [cached]

Searching: Sun: Wanna Make Love (Come Flick My BIC)

	Sun: Wanna Make Love (Come Flick My Bic) - Remastered 2012 [cached]

Searching: Linda Ronstadt: Lose Again

	Linda Ronstadt: Lose Again [cached]

Searching: Idris Muhammad: Could Heaven Ever Be Like This (Part 1)

	Idris Muhammad: Could Heaven Ever Be Like This [cached]

Searching: The Dramatics: Shake It Well

	The Dramatics: Shake It Well [cached]

Searching: Karla Bonoff: I Can't Hold On

	Karla Bonoff: I Can't Hold On [cached]

Searching: Linda Clifford: Runaway Love

	Linda Clifford: Runaway Love [cached]

Searching: Sweet: California Nights

	Sweet: California Nights [cached]

Searching: Wendy Waldman: Long Hot Summer Nights

	Wendy Waldman: Long Hot Summer Nights [cached]

Searching: Zwol: New York City

	 NOT FOUND

Searching: Melissa Manchester: Theme From Ice Castles (Through The Eyes Of Love)

	Melissa Manchester: Through the Eyes of Love (Theme from the Motion Picture "Ice Castles") [cached]

Searching: Faith Band: You're My Weakness

	Faith Band: You're My Weakness [cached]

Searching: Frannie Golde: Here I Go (Fallin' In Love Again)

	Frannie Golde: Here I Go (Fallin' In Love Again) [cached]

Searching: Flash And The Pan: Hey, St. Peter

	Flash and the Pan: Hey St. Peter [cached]

Searching: Cory Daye: Pow Wow

	 NOT FOUND

Searching: Shooting Star: You've Got What I Need

	Shooting Star: You've Got What I Need [cached]

Searching: Ray, Goodman & Brown: Inside Of You

	Ray: Inside of You [cached]

Searching: Utopia: The Very Last Time

	Utopia: The Very Last Time [cached]

Searching: Larry Graham: When We Get Married

	Larry Graham: When We Get Married [cached]

Searching: Eric Clapton And His Band: Blues Power

	Eric Clapton: Blues Power [cached]

Searching: Kansas: Got To Rock On

	Kansas: Got to Rock On [cached]

Searching: The Doobie Brothers: Wynken, Blynken And Nod

	The Doobie Brothers: Wynken, Blynken and Nod - 2006 Remaster [cached]

Searching: Robert Gordon: Someday, Someway

	Robert Gordon: Someday, Someway [cached]

Searching: Mac Davis: Secrets

	Mac Davis: Secrets [cached]

Searching: The Dirt Band: Fire In The Sky

	Nitty Gritty Dirt Band: Fire In The Sky [cached]

Searching: Crystal Gayle: The Woman In Me

	Crystal Gayle: The Woman In Me

Searching: Gene Cotton: If I Could Get You (into my Life)
=========> Gene Cotton: If I Could Get You

	 NOT FOUND

Searching: The Oak Ridge Boys: So Fine

	The Oak Ridge Boys: So Fine [cached]

Searching: The Fixx: Stand Or Fall

	The Fixx: Stand Or Fall (Re-recorded / Remastered) [cached]

Searching: Michael Murphey: Still Taking Chances

	Michael Martin Murphey: Still Taking Chances [cached]

Searching: Jeffrey Osborne: Eenie Meenie

	Jeffrey Osborne: Eenie Meenie [cached]

Searching: Earth, Wind & Fire: Side By Side

	Earth, Wind & Fire: Side by Side [cached]

Searching: Alabama: Lady Down On Love

	Alabama: Lady Down On Love [cached]

Searching: ConFunkShun: Baby I'm Hooked
=========> ConFunkShun: Baby I m Hooked

	 NOT FOUND

Searching: Golden Earring: When The Lady Smiles

	Golden Earring: When The Lady Smiles [cached]

Searching: Christopher Cross: A Chance For Heaven

	 NOT FOUND

Searching: The Style Council: You're The Best Thing

	The Style Council: You're The Best Thing [cached]

Searching: Bonnie Tyler: Here She Comes

	Bonnie Tyler: Here She Comes - Single Version [cached]

Searching: Roman Holliday: One Foot Back In Your Door

	Roman Holliday: One Foot Back in Your Door [cached]

Searching: Freddie Mercury: I Was Born To Love You

	Freddie Mercury: I Was Born to Love You [cached]

Searching: Alex Brown: (Come On) Shout
=========> Alex Brown: Shout

	 NOT FOUND

Searching: Jack Wagner: The Lady Of My Heart

	Jack Wagner: Lady of My Heart [cached]

Searching: Jesse Johnson's Revue: I Want My Girl

	Jesse Johnson: I Want My Girl [cached]

Searching: Eugene Wilde: Don't Say No Tonight

	Eugene Wilde: Don't Say No Tonight [cached]

Searching: Divinyls: Pleasure And Pain

	Divinyls: Pleasure And Pain [cached]

Searching: John Cafferty: Heart's On Fire

	John Cafferty: Hearts On Fire - From "Rocky IV" Soundtrack [cached]

Searching: Animotion: I Engineer

	Animotion: I Engineer [cached]

Searching: Fine Young Cannibals: Johnny Come Home

	Fine Young Cannibals: Johnny Come Home [cached]

Searching: John Waite: If Anybody Had A Heart

	 NOT FOUND

Searching: Air Supply: Lonely Is The Night

	Air Supply: Lonely Is the Night [cached]

Searching: Bananarama: A Trick Of The Night

	Bananarama: A Trick of the Night [cached]

Searching: Howard Jones: All I Want

	Howard Jones: All I Want [cached]

Searching: The Fabulous Thunderbirds: Stand Back

	The Fabulous Thunderbirds: Stand Back [cached]

Searching: Kenny Loggins: Tell Her

	Kenny Loggins: Tell Her [cached]

Searching: Information Society: Repetition

	Information Society: Repetition [cached]

Searching: Inner City: Whatcha Gonna Do With My Lovin'

	Inner City: Whatcha Gonna Do With My Lovin' [cached]

Searching: Beats International: Dub Be Good To Me

	Beats International: Dub Be Good To Me - Raiwa Remix [cached]

Searching: Modern English: I Melt With You

	Modern English: I Melt with You [cached]

Searching: Electric Boys: All Lips N' Hips

	Electric Boys: All Lips 'n Hips [cached]

Searching: Beats International: Won't Talk About It

	Beats International: Won't Talk About It [cached]

Searching: The London Quireboys: I Don't Love You Anymore

	The Quireboys: I Don't Love You Anymore [cached]

Searching: Yasmin: Wanna Dance

	Yasmin: Wanna Dance [cached]

Searching: Cut 'N' Move: Get Serious

	Cut 'N' Move: Get Serious - Take No Crap [cached]

Searching: Lenny Kravitz: Stand By My Woman

	Lenny Kravitz: Stand By My Woman [cached]

Searching: Rhythm Syndicate: Blinded By Love

	 NOT FOUND

Searching: Nia Peeples: Kissing The Wind
=========> Nia Peeples: Kissing Wind

	 NOT FOUND

Searching: Right Said Fred: Don't Talk Just Kiss

	Right Said Fred: Don't Talk Just Kiss [cached]

Searching: Billy Ray Cyrus: In The Heart Of A Woman

	Billy Ray Cyrus: In The Heart Of A Woman [cached]

Searching: De La Soul: Breakadawn

	De La Soul: Breakadawn [cached]

Searching: Rozalla: I Love Music (From "Carlito's Way")

	Rozalla: I Love Music [cached]

Searching: Whitehead Bros.: Your Love Is A...

	Whitehead Bros.: Your Love Is A 187 [cached]

Searching: Pete Rock & C.L. Smooth: Take You There

	Pete Rock: Take You There [cached]

Searching: Filter: Hey Man Nice Shot

	Filter: Hey Man Nice Shot [cached]

Searching: Bon Jovi: Lie To Me/Something For The Pain

	Bon Jovi: Lie To Me [cached]

Searching: Fat Joe: Envy/Firewater

	Fat Joe: Envy [cached]

Searching: A Few Good Men: Have I Never

	A Few Good Men: Have I Never [cached]

Searching: Queen Latifah: It's Alright

	Queen Latifah: It's Alright [cached]

Searching: The O'Jays: Baby You Know

	The O'Jays: Baby You Know [cached]

Searching: Clint Black: Something That We Do

	Clint Black: Something That We Do [cached]

Searching: Gang Starr: You Know My Steez

	Gang Starr: You Know My Steez [cached]

Searching: Mark Morrison: Moan & Groan

	Mark Morrison: Moan and Groan [cached]

Searching: Sister 7: Know What You Mean

	 NOT FOUND

Searching: Aretha Franklin: Here We Go Again

	Aretha Franklin: Here We Go Again [cached]

Searching: Ace Of Base: Whenever You're Near Me

	Ace of Base: Whenever You're Near Me - US Album Version [cached]

Searching: Gloria Estefan: Don't Let This Moment End

	Gloria Estefan: Don't Let This Moment End [cached]

Searching: Shaggy Featuring Janet: Luv Me, Luv Me

	Shaggy: Luv Me, Luv Me [cached]

Searching: Collective Soul: Run

	Collective Soul: Run [cached]

Searching: Erykah Badu Featuring Rahzel: Southern Gul
=========> Erykah Badu: Southern Gul

	 NOT FOUND

Searching: Fatboy Slim: The Rockafeller Skank

	Fatboy Slim: The Rockafeller Skank [cached]

Searching: Gary Allan: Smoke Rings In The Dark

	Gary Allan: Smoke Rings In The Dark [cached]

Searching: Tracy Byrd: Put Your Hand In Mine

	Tracy Byrd: Put Your Hand In Mine [cached]

Searching: Brian McKnight: Stay Or Let It Go

	Brian McKnight: Stay Or Let It Go [cached]

Searching: Gerald Levert: Mr. Too Damn Good

	Gerald Levert: Mr. Too Damn Good [cached]

Searching: Metallica: I Disappear

	Metallica: I Disappear [cached]

Searching: Jay-Z Featuring Memphis Bleek & Amil: Hey Papi
=========> Jay Z: Hey Papi

	 NOT FOUND

Searching: Chris Cagle: My Love Goes On And On

	Chris Cagle: My Love Goes On And On [cached]

Searching: Xzibit: X

	Xzibit: X [cached]

Searching: Darryl Worley: A Good Day To Run

	Darryl Worley: A Good Day To Run [cached]

Searching: System Of A Down: Chop Suey

	System Of A Down: Chop Suey! [cached]

Searching: Kevin Denney: That's Just Jessie

	Kevin Denney: That's Just Jessie [cached]

Searching: Papa Roach: She Loves Me Not

	Papa Roach: She Loves Me Not [cached]

Searching: Phil Collins: Can't Stop Loving You

	Phil Collins: Can't Stop Loving You - 2016 Remaster [cached]

Searching: Jennifer Hanson: Beautiful Goodbye

	Jennifer Hanson: Beautiful Goodbye [cached]

Searching: The White Stripes: Seven Nation Army

	The White Stripes: Seven Nation Army [cached]

Searching: 50 Cent: If I Can't

	50 Cent: If I Can't [cached]

Searching: Marques Houston Featuring Jermaine "JD" Dupri: Pop That Booty

	Marques Houston: Pop That Booty [cached]

Searching: Yung Wun Featuring DMX, Lil' Flip & David Banner: Tear It Up

	Yung Wun: Tear It Up (feat. DMX, Lil' Flip & David Banner) - Dirty [cached]

Searching: Alanis Morissette: Everything

	Alanis Morissette: Everything [cached]

Searching: Breaking Benjamin: So Cold

	Breaking Benjamin: Blow Me Away - Soundtrack Version [cached]

Searching: Crime Mob Featuring Lil Scrappy: Knuck If You Buck

	Crime Mob: Knuck If You Buck (feat. Lil' Scrappy) [cached]

Searching: Franz Ferdinand: Do You Want To

	Franz Ferdinand: Do You Want To [cached]

Searching: Trace Adkins: Swing

	Trace Adkins: Swing [cached]

Searching: 30 Seconds To Mars: From Yesterday

	 NOT FOUND

Searching: Josh Groban & The African Children's Choir: You Raise Me Up

	Josh Groban: You Raise Me Up [cached]

Searching: Craig Morgan: Tough

	Craig Morgan: Tough [cached]

Searching: Ashley Tisdale & Lucas Grabeel: Fabulous
=========> Ashley Tisdale: Fabulous

	 NOT FOUND

Searching: Jaheim: Never

	Jaheim: Never [cached]

Searching: Raheem DeVaughn: Customer

	Raheem DeVaughn: Customer (feat. R. Kelly) [cached]

Searching: Boys Like Girls: Thunder

	Boys Like Girls: Thunder [cached]

Searching: Mike Jones Featuring Trey Songz & Twista: Cuddy Buddy

	Mike Jones: Cuddy Buddy (feat. Lil Wayne, T-Pain & Twista) [cached]

Searching: Reba: Strange

	Reba Band: Strange And Lonely [cached]

Searching: David Guetta Featuring Kelly Rowland: When Love Takes Over

	David Guetta: When Love Takes Over (feat. Kelly Rowland) [cached]

Searching: Blake Shelton: I'll Just Hold On

	Blake Shelton: I'll Just Hold On [cached]

Searching: Wonder Girls: Nobody

	Wonder Girls: Nobody [cached]

Searching: Lil Wayne Featuring Gudda: F**k Today
=========> Lil Wayne: F  k Today

	 NOT FOUND

Searching: Glee Cast: The Boy Is Mine

	Glee Cast: The Boy Is Mine (Glee Cast Version) [cached]

Searching: WE the Kings Featuring Demi Lovato: We'll Be A Dream

	We The Kings: We'll Be A Dream (feat. Demi Lovato) [cached]

Searching: Bobby Brackins Featuring Ray J: 143

	Bobby Brackins: 143 [cached]

Searching: Jason Derulo: What If

	Jason Derulo: What If [cached]

Searching: Troop 41: Do The John Wall
=========> Troop 41: Do John Wall

	 NOT FOUND

Searching: Snoop Dogg Featuring T-Pain: Boom

	Snoop Dogg: Boom [cached]

Searching: Easton Corbin: I Can't Love You Back

	Easton Corbin: I Can't Love You Back [cached]

Searching: Vicci Martinez: Jolene

	Vicci Martinez: Jolene - The Voice Performance [cached]

Searching: Glee Cast: Man In The Mirror

	Glee Cast: Man In The Mirror (Glee Cast Version) [cached]

Searching: Adam Lambert: Better Than I Know Myself

	Adam Lambert: Better Than I Know Myself [cached]

Searching: Lupe Fiasco: Around My Way (Freedom Ain't Free)

	Lupe Fiasco: Around My Way (Freedom Ain't Free) [cached]

Searching: Fifth Harmony: Miss Movin' On

	Fifth Harmony: Miss Movin' On [cached]

Searching: Pearl Jam: Sirens

	Pearl Jam: Sirens [cached]

Searching: Britney Spears: Perfume

	Britney Spears: Perfume [cached]

Searching: Tessanne Chin & Adam Levine: Let It Be
=========> Tessanne Chin: Let It Be

	 NOT FOUND

Searching: SoMo: Ride

	SoMo: Ride [cached]

Searching: Lady Gaga: G.U.Y.

	Lady Gaga: G.U.Y. [cached]

Searching: Jason Aldean: Two Night Town

	Jason Aldean: Two Night Town [cached]

Searching: Drake & Future: I'm The Plug

	Drake: I'm The Plug [cached]

Searching: David Guetta Featuring Sia & Fetty Wap: Bang My Head

	David Guetta: Bang My Head (feat. Sia & Fetty Wap) [cached]

Searching: Jennifer Lopez: Ain't Your Mama

	Jennifer Lopez: Ain't Your Mama [cached]

Searching: Zara Larsson: Ain't My Fault

	Zara Larsson: Ain't My Fault [cached]

Searching: gnash Featuring Johnny Yukon: Home

	gnash: home (feat. johnny yukon) [cached]

Searching: Big Sean: Jump Out The Window

	Big Sean: Jump Out The Window [cached]

Searching: Drake: Skepta Interlude

	Drake: Skepta Interlude [cached]

Searching: Martin Garrix & Dua Lipa: Scared To Be Lonely

	Martin Garrix: Scared to Be Lonely [cached]

Searching: Playboi Carti Featuring Lil Uzi Vert: Wokeuplikethis*

	Playboi Carti: wokeuplikethis* [cached]

Searching: Kodak Black: Patty Cake

	Kodak Black: Patty Cake [cached]

Searching: Post Malone: Go Flex

	Post Malone: Go Flex [cached]

Searching: Liam Payne & Rita Ora: For You (Fifty Shades Freed)

	Liam Payne: For You (With Rita Ora) [cached]

Searching: Future: Racks Blue

	Future: RACKS BLUE [cached]

Searching: TK Kravitz Featuring Jacqueez: Ocean

	TK Kravitz: Ocean (feat. Jacquees) [cached]

Searching: H.E.R. Featuring Bryson Tiller: Could've Been

	H.E.R.: Could've Been (feat. Bryson Tiller) [cached]

Searching: 6LACK Featuring J. Cole: Pretty Little Fears

	6LACK: Pretty Little Fears (feat. J. Cole) [cached]

Searching: Lil Wayne Featuring Ashanti & Mack Maine: Start This S**t Off Right

	Lil Wayne: Start This Shit Off Right (feat. Ashanti & Mack Maine) [cached]

Searching: Zara Larsson: Ruin My Life

	Zara Larsson: Ruin My Life [cached]

Searching: Future: Temptation

	Future: Temptation [cached]

Searching: Nipsey Hussle Featuring YG: Last Time That I Checc'd

	Nipsey Hussle: Last Time That I Checc'd (feat. YG) [cached]

Searching: Lil Uzi Vert: That's A Rack

	Lil Uzi Vert: That's a Rack [cached]

Searching: Beyonce, SAINt JHN & Wizkid Featuring Blue Ivy Carter: Brown Skin Girl
=========> Beyonce  SAINt JHN: Brown Skin Girl

	 NOT FOUND

Searching: A Boogie Wit da Hoodie: Mood Swings

	A Boogie Wit da Hoodie: Mood Swings [cached]

Searching: BTS Featuring Lauv: Make It Right

	BTS: Make It Right [cached]

Searching: Lil Uzi Vert Featuring Syd: Urgency

	Lil Uzi Vert: Urgency (feat. Syd) [cached]

Searching: Lil Uzi Vert Featuring Lil Durk: No Auto

	Lil Uzi Vert: No Auto (feat. Lil Durk) [cached]

Searching: Future: Tycoon

	Future: Tycoon [cached]

Searching: Agust D: Daechwita

	Agust D: Daechwita [cached]

Searching: Pop Smoke Featuring King Combs: Diana

	Pop Smoke: Diana (feat. King Combs) [cached]

Searching: Ashley McBryde: One Night Standards

	Ashley McBryde: One Night Standards [cached]

Searching: Ozuna x Karol G x Myke Towers: Caramelo

	Ozuna: Caramelo [cached]

Searching: YoungBoy Never Broke Again: Cross Roads

	YoungBoy Never Broke Again: Cross Roads [cached]

Searching: 21 Savage & Metro Boomin: RIP Luv

	21 Savage: RIP Luv [cached]

Searching: The Kid LAROI Featuring YoungBoy Never Brok Again & Internet Money: Tragic

	The Kid LAROI: TRAGIC (feat. Youngboy Never Broke Again & Internet Money) [cached]

Searching: Mariah Carey Featuring Ariana Grande & Jennifer Hudson: Oh Santa!

	Mariah Carey: Oh Santa! (feat. Ariana Grande & Jennifer Hudson) [cached]

Searching: Tim McGraw & Tyler Hubbard: Undivided

	Tim McGraw: Undivided [cached]

Searching: Justin Bieber: Deserve You

	Justin Bieber: Deserve You [cached]

Searching: Willow Featuring Travis Barker: transparentsoul
=========> Willow: transparentsoul

	 NOT FOUND

Searching: Meek Mill: Outside (100 MPH)
=========> Meek Mill: Outside

	Meek Mill: Outside (100 MPH)

Searching: Cody Johnson: 'Til You Can't
=========> Cody Johnson: Til You Can t

	Cody Johnson: 'Til You Can't
