Found 206/242 = 85%
36 not found: 
Patti Page: The Walls Have Ears
Frank DeVol And His Rainbow Strings: La Montana (If She Should Come To You)
Pat Boone: Pictures In The Fire
Mr. Acker Bilk: Only You (And You Alone)
Herb Alpert's Tijuana Brass: Mexican Drummer Man
Patty Duke: Funny Little Butterflies
Brenda Lee: Ain't Gonna Cry No More
The Razor's Edge: Let's Call It A Day Girl
Boots Walker: They're Here
Ray Charles & Jimmy Lewis: If It Wasn't For Bad Luck
Mary Hopkin: Que Sera, Sera (Whatever Will Be, Will Be)
Fantasy: Stoned Cowboy
N.F. Porter: Keep On Keeping On
Sonny & Cher: Mama Was A Rock And Roll Singer, Papa Used To Write All Her Songs Part 1
Splinter: Costafine Town
David Bellamy: Nothin' Heavy
Frankie Valli: Fancy Dancer
Pure Prairie League: I Can't Stop The Feelin'
Spyro Gyra: Cafe Amore
Jimmy Hall: Fool For Your Love
Rick Bowles: Too Good To Turn Back Now
Toni Basil: Shoppin' From A To Z
Carol Lynn Townes: 99 1/2
Jon Astley: Jane's Getting Serious
Chunky A: Owwww!
Andrew Ridgeley: Shake
D'zyre: Forever Amo'r
Susanna Hoffs: All I Want
Trapp Featuring 2pac, Notorious B.I.G.: Stop The Gunfight
Dixie Chicks: I Can Love You Better
Missy "Misdemeanor" Elliott: P***ycat
Tracy Byrd: The Truth About Men
Young Jeezy: My Hood
David Cook: The Music Of The Night
Descendants 2 Cast: It's Goin' Down
King Von Featuring Lil Durk: All These N**gas
--------- log -----------
Searching: Dale Wright And The Wright Guys With the Dons: Please Don't Do It

	Dale Wright: Please Don't Do It [cached]

Searching: Edmundo Ros and His Orchestra: I Talk To The Trees

	Edmundo Ros: I Talk To The Trees [cached]

Searching: Patti Page: The Walls Have Ears
=========> Patti Page: Walls Have Ears

	 NOT FOUND

Searching: Peggy Lee: Hallelujah, I Love Him So

	Peggy Lee: Hallelujah, I Love Him So [cached]

Searching: Rusty York: Sugaree

	Rusty York: Sugaree [cached]

Searching: Bobby Vee and The Shadows: Suzie Baby

	Bobby Vee: Suzie Baby - 1990 - Remastered [cached]

Searching: Gary Stites: Starry Eyed

	Gary Stites: Starry Eyed [cached]

Searching: The Four Lads: Happy Anniversary

	The Four Lads: Happy Anniversary - Remastered [cached]

Searching: Frank DeVol And His Rainbow Strings: La Montana (If She Should Come To You)
=========> Frank DeVol: La Montana

	 NOT FOUND

Searching: The Viscounts: Wabash Blues

	The Viscounts: Wabash Blues [cached]

Searching: Titus Turner: Sound-Off

	Titus Turner: Sound Off [cached]

Searching: Shirley & Lee: Well-A, Well-A

	Shirley & Lee: Well-A, Well-A [cached]

Searching: Andy Stewart: Donald Where's Your Troosers?

	Andy Stewart: Donald Where's Your Troosers? [cached]

Searching: Bobby Lewis: What A Walk

	Bobby Lewis: What A Walk [cached]

Searching: Brook Benton: The Lost Penny

	Brook Benton: The Lost Penny [cached]

Searching: Clarence Henry: A Little Too Much

	Clarence "Frogman" Henry: A Little Too Much [cached]

Searching: Troy Shondell: Tears From An Angel

	Troy Shondell: Tears from an Angel [cached]

Searching: Pat Boone: Pictures In The Fire
=========> Pat Boone: Pictures In Fire

	 NOT FOUND

Searching: Jimmy Reed: Good Lover

	Omar Kent Dykes & Jimmy Vaughn: Good Lover [cached]

Searching: Fats Domino: Nothing New (Same Old Thing)

	Fats Domino: Nothing New (Same Old Thing) [cached]

Searching: April Stevens & Nino Tempo: Sweet And Lovely

	Nino Tempo & April Stevens: Sweet and Lovely [cached]

Searching: Jimmy Clanton: Darkest Street In Town

	Jimmy Clanton: Darkest Street In Town [cached]

Searching: Mr. Acker Bilk: Only You (And You Alone)
=========> Mr  Acker Bilk: Only You

	 NOT FOUND

Searching: The Chantels: Eternally

	The Chantels: Eternally [cached]

Searching: The 4 Seasons Featuring Frankie Valli: Soon (I'll Be Home Again)

	Frankie Valli & The Four Seasons: Soon [cached]

Searching: Count Basie: I Can't Stop Loving You

	Count Basie: I Can't Stop Loving You - Live [cached]

Searching: Del Shannon: From Me To You

	Del Shannon: From Me to You [cached]

Searching: Chris Kenner: Land Of 1000 Dances

	Chris Kenner: Land of 1000 Dances [cached]

Searching: Johnny Cymbal: Dum Dum Dee Dum

	Johnny Cymbal: Dum Dum Dee Dum [cached]

Searching: Paul and Paula: Something Old, Something New

	Paul & Paula: Something Old, Something New [cached]

Searching: Marvin Gaye: I'm Crazy 'Bout My Baby

	Marvin Gaye: I'm Crazy 'Bout My Baby - Alternate Version [cached]

Searching: James Brown And The Famous Flames: Signed, Sealed, And Delivered

	James Brown: Signed Sealed And Delivered [cached]

Searching: Scott English: High On A Hill

	Scott English: High On A Hill [cached]

Searching: Herb Alpert's Tijuana Brass: Mexican Drummer Man
=========> Herb Alpert s Tijuana Brass: Mexican Drummer Man

	 NOT FOUND

Searching: Boots Randolph: Hey, Mr. Sax Man

	Boots Randolph: Hey, Mr. Sax Man [cached]

Searching: Steve Lawrence: Yet...I Know (Et Pourtant)

	Steve Lawrence: Yet...I Know [cached]

Searching: Jan & Dean: The Anaheim, Azusa & Cucamonga Sewing Circle, Book Review And Timing Associ

	Jan & Dean: The Anaheim, Azusa And Cucamonga Sewing Circle, Book Review And Timing Association [cached]

Searching: Henry Mancini And His Orchestra: Dear Heart

	Henry Mancini: Dear Heart [cached]

Searching: Steve Alaimo: Real Live Girl

	Steve Alaimo: Real Live Girl [cached]

Searching: Barbra Streisand: Why Did I Choose You

	Barbra Streisand: Why Did I Choose You [cached]

Searching: The Sapphires: Gotta Have Your Love

	The Sapphires: Gotta Have Your Love [cached]

Searching: Bonnie & The Treasures: Home Of The Brave

	Bonnie and the Treasures: Home of the Brave [cached]

Searching: Patty Duke: Funny Little Butterflies

	 NOT FOUND

Searching: Billy Vaughn And His Orchestra: Michelle

	Billy Vaughn: Michelle [cached]

Searching: Googie Rene Combo: Smokey Joe's La La

	Googie Rene Combo: Smokey Joe’s La La - Mixed [cached]

Searching: The Kingsmen: Killer Joe

	The Kingsmen: Killer Joe [cached]

Searching: Deon Jackson: Love Takes A Long Time Growing

	Deon Jackson: Love Takes a Long Time Growing [cached]

Searching: The Gentrys: Everyday I Have To Cry

	The Gentrys: Everyday I Have To Cry [cached]

Searching: Brenda Lee: Ain't Gonna Cry No More
=========> Brenda Lee: Ain t Gonna Cry No More

	 NOT FOUND

Searching: Al Martino: Just Yesterday

	Al Martino: Just Yesterday - Remastered [cached]

Searching: The Razor's Edge: Let's Call It A Day Girl
=========> Razor s Edge: Let s Call It A Day Girl

	 NOT FOUND

Searching: Sam & Dave: You Got Me Hummin'

	Sam & Dave: You Got Me Hummin' [cached]

Searching: James Carr: The Dark End Of The Street

	James Carr: The Dark End of the Street [cached]

Searching: Boots Walker: They're Here
=========> Boots Walker: They re Here

	 NOT FOUND

Searching: Toussaint McCall: I'll Do It For You

	Toussaint McCall: I'll Do It for You [cached]

Searching: Jimmy Ruffin: I'll Say Forever My Love

	Jimmy Ruffin: I'll Say Forever My Love [cached]

Searching: Jerry Jeff Walker: Mr. Bojangles

	Jerry Jeff Walker: Mr. Bojangles [cached]

Searching: Jose Feliciano: Hitchcock Railway

	José Feliciano: Hitchcock Railway [cached]

Searching: Ella Washington: He Called Me Baby

	Ella Washington: He Called Me Baby [cached]

Searching: Ray Charles & Jimmy Lewis: If It Wasn't For Bad Luck
=========> Ray Charles: If It Wasn t For Bad Luck

	 NOT FOUND

Searching: Jeannie C. Riley: There Never Was A Time

	Jeannie C. Riley: There Never Was a Time [cached]

Searching: Andy Williams: One Day Of Your Life

	Andy Williams: One Day Of Your Life - Single Version [cached]

Searching: Mary Hopkin: Que Sera, Sera (Whatever Will Be, Will Be)
=========> Mary Hopkin: Que Sera  Sera

	 NOT FOUND

Searching: Brenda & The Tabulations: Don't Make Me Over

	Brenda And The Tabulations: Don't Make Me Over [cached]

Searching: The Band: Time To Kill

	The Band: Time To Kill - Remastered 2000 [cached]

Searching: Fantasy: Stoned Cowboy

	 NOT FOUND

Searching: The Three Degrees: You're The One

	The Three Degrees: You're the One [cached]

Searching: The Brotherhood Of Man: Reach Out Your Hand

	Brotherhood of Man: Reach Out Your Hand [cached]

Searching: Ronnie Spector: Try Some, Buy Some

	Ronnie Spector: Try Some, Buy Some - Remastered [cached]

Searching: The Fuzz: Like An Open Door

	The Fuzz: Like an Open Door [cached]

Searching: N.F. Porter: Keep On Keeping On
=========> N F  Porter: Keep On Keeping On

	 NOT FOUND

Searching: Billy Preston: I Wrote A Simple Song

	Billy Preston: I Wrote A Simple Song [cached]

Searching: The Allman Brothers Band: Ain't Wastin' Time No More

	Allman Brothers Band: Ain't Wastin' Time No More [cached]

Searching: Eddie Kendricks: Eddie's Love

	Eddie Kendricks: Eddie's Love [cached]

Searching: The Spinners: How Could I Let You Get Away

	The Spinners: How Could I Let You Get Away [cached]

Searching: Sammi Smith: I've Got To Have You

	Sammi Smith: I've Got To Have You [cached]

Searching: The Sylvers: Wish That I Could Talk To You

	The Sylvers: Wish That I Could Talk to You [cached]

Searching: Sonny & Cher: Mama Was A Rock And Roll Singer, Papa Used To Write All Her Songs Part 1
=========> Sonny: Mama Was A Rock And Roll Singer  Papa Used To Write All Her Songs Part 1

	 NOT FOUND

Searching: Herb Alpert & The Tijuana Brass: Last Tango In Paris

	Herb Alpert & The Tijuana Brass: Last Tango In Paris [cached]

Searching: James Brown: Think

	James Brown & The Famous Flames: Think [cached]

Searching: Johnny Nash: My Merry-go-round

	Johnny Nash: My Merry Go Round [cached]

Searching: The Manhattans: You'd Better Believe It

	The Manhattans: You'd Better Believe It [cached]

Searching: Millie Jackson: How Do You Feel The Morning After

	Millie Jackson: How Do You Feel the Morning After [cached]

Searching: Billy Joel: Travelin' Prayer

	Billy Joel: Travelin' Prayer [cached]

Searching: Eagles: James Dean

	Eagles: James Dean - 2013 Remaster [cached]

Searching: Splinter: Costafine Town

	 NOT FOUND

Searching: David Bellamy: Nothin' Heavy
=========> David Bellamy: Nothin  Heavy

	 NOT FOUND

Searching: Kool & The Gang: Love And Understanding (Come Together)

	Kool & The Gang: Love & Understanding (Come Together) [cached]

Searching: Santana: Let It Shine

	Santana: Let It Shine [cached]

Searching: Thin Lizzy: Cowboy Song

	Thin Lizzy: Cowboy Song [cached]

Searching: Johnnie Taylor: Love Is Better In The A.M. (Part 1)

	Johnnie Taylor: Love Is Better In The A.M. (Part 1 & 2) [cached]

Searching: Angel: That Magic Touch

	Angel: That Magic Touch [cached]

Searching: Eddie Rabbitt: I Can't Help Myself

	Eddie Rabbitt: I Can't Help Myself - 2008 Version [cached]

Searching: B.J. Thomas: Still The Lovin' Is Fun

	B.J. Thomas: Still the Loving Is Fun [cached]

Searching: Jane Olivor: He's So Fine

	Jane Olivor: He's So Fine [cached]

Searching: Aerosmith: Chip Away The Stone

	Aerosmith: Chip Away The Stone [cached]

Searching: Frankie Valli: Fancy Dancer

	 NOT FOUND

Searching: Bandit: One Way Love

	Bandit: One Way Love [cached]

Searching: Machine: There But For The Grace Of God Go I

	Machine: There But for the Grace of God Go I [cached]

Searching: The Babys: Head First

	The Babys: Head First [cached]

Searching: Dolly Parton: Sweet Summer Lovin'

	Dolly Parton: Sweet Summer Lovin' [cached]

Searching: Sammy Hagar: Plain Jane

	Sammy Hagar: Plain Jane [cached]

Searching: Funkadelic: (Not Just) Knee Deep - Part 1

	Funkadelic: (Not Just) Knee Deep [cached]

Searching: Jimmy Buffett: Survive

	Jimmy Buffett: Survive [cached]

Searching: Lou Rawls: You're My Blessing

	Lou Rawls: You're My Blessing [cached]

Searching: Randy VanWarmer: Whatever You Decide

	Randy VanWarmer: Whatever You Decide [cached]

Searching: Pure Prairie League: I Can't Stop The Feelin'
=========> Pure Prairie League: I Can t Stop Feelin

	 NOT FOUND

Searching: Spyro Gyra: Cafe Amore

	 NOT FOUND

Searching: The Jacksons: Can You Feel It

	The Jacksons: Can You Feel It - Single Version [cached]

Searching: Dolly Parton: The House Of The Rising Sun

	Dolly Parton: The House of the Rising Sun [cached]

Searching: ZZ Top: Leila

	ZZ Top: Leila [cached]

Searching: Madleen Kane: You Can

	Madleen Kane: You Can [cached]

Searching: Gamma: Right The First Time

	Gamma: Right the First Time [cached]

Searching: Jimmy Hall: Fool For Your Love

	 NOT FOUND

Searching: LeRoux: The Last Safe Place On Earth

	LeRoux: The Last Safe Place On Earth [cached]

Searching: Rick Bowles: Too Good To Turn Back Now

	 NOT FOUND

Searching: Toronto: Your Daddy Don't Know

	Toronto: Your Daddy Don't Know [cached]

Searching: Bobby Caldwell: All Of My Love

	Bobby Caldwell: All of My Love [cached]

Searching: Toni Basil: Shoppin' From A To Z
=========> Toni Basil: Shoppin  From A To Z

	 NOT FOUND

Searching: Bow Wow Wow: Do You Wanna Hold Me?

	Bow Wow Wow: Do You Wanna Hold Me? [cached]

Searching: Jarreau: Boogie Down

	Al Jarreau: Boogie Down [cached]

Searching: Engelbert Humperdinck: Til You And Your Lover Are Lovers Again

	Engelbert Humperdinck: 'Til You And Your Lover Are Lovers Again [cached]

Searching: Bette Midler: All I Need To Know

	Bette Midler: All I Need to Know - 2015 Remaster [cached]

Searching: Survivor: Caught In The Game

	Survivor: Caught in the Game [cached]

Searching: Herb Alpert: Red Hot

	Herb Alpert: Red Hot [cached]

Searching: Diana Ross: Let's Go Up

	Diana Ross: Let's Go Up [cached]

Searching: The Deele: Body Talk

	The Deele: Body Talk [cached]

Searching: Dwight Twilley: Little Bit Of Love

	Dwight Twilley: Little Bit Of Love [cached]

Searching: Carol Lynn Townes: 99 1/2
=========> Carol Lynn Townes: 99 1

	 NOT FOUND

Searching: INXS: I Send A Message

	INXS: I Send A Message [cached]

Searching: Robey: One Night In Bangkok

	Robey: One Night in Bangkok (Remastered) [cached]

Searching: UTFO: Roxanne, Roxanne

	Utfo: Roxanne, Roxanne [cached]

Searching: Maureen Steele: Save The Night For Me

	Maureen Steele: Save the Night for Me [cached]

Searching: Diana Ross: Eaten Alive

	Diana Ross: Eaten Alive [cached]

Searching: Jane Wiedlin: Blue Kiss

	Jane Wiedlin: Blue Kiss [cached]

Searching: Nick Lowe And His Cowboy Outfit: I Knew The Bride (When She Use To Rock And Roll)

	Nick Lowe: I Knew the Bride (When She Used to Rock 'N' Roll) [cached]

Searching: Dokken: In My Dreams

	Dokken: In My Dreams (Re-Recorded / Remastered) [cached]

Searching: Bonnie Tyler: If You Were A Woman (And I Was A Man)

	Bonnie Tyler: If You Were a Woman (And I Was a Man) [cached]

Searching: Jon Astley: Jane's Getting Serious
=========> Jon Astley: Jane s Getting Serious

	 NOT FOUND

Searching: Stevie Wonder: You Will Know

	Stevie Wonder: You Will Know [cached]

Searching: The Alarm: Presence Of Love

	The Alarm: Presence Of Love [cached]

Searching: Teddy Pendergrass: Joy

	Teddy Pendergrass: Joy [cached]

Searching: Cutting Crew: (Between A) Rock And A Hard Place

	Cutting Crew: (Between A) Rock And A Hard Place [cached]

Searching: The Jacksons: Nothin (That Compares 2 U)

	The Jacksons: Nothin (That Compares 2 U) [cached]

Searching: Texas: I Don't Want A Lover

	Texas: I Don't Want A Lover [cached]

Searching: Chunky A: Owwww!
=========> Chunky A: Owwww

	 NOT FOUND

Searching: The 4 Of Us: Drag My Bad Name Down

	The 4 Of Us: Drag My Bad Name Down [cached]

Searching: Andrew Ridgeley: Shake

	 NOT FOUND

Searching: Billy Joel: That's Not Her Style

	Billy Joel: That's Not Her Style [cached]

Searching: D'zyre: Forever Amo'r
=========> D zyre: Forever Amo r

	 NOT FOUND

Searching: Donna Summer: When Love Cries

	Donna Summer: When Love Cries [cached]

Searching: Voyce: Within My Heart

	Voyce: Within My Heart [cached]

Searching: Prince And The N.P.G.: Insatiable

	Prince: Insatiable [cached]

Searching: Cypress Hill: How I Could Just Kill A Man/The Phuncky Feel One

	Cypress Hill: How I Could Just Kill a Man [cached]

Searching: Brand Nubian: Punks Jump Up To Get Beat Down

	Brand Nubian: Punks Jump Up to Get Beat Down [cached]

Searching: Wynonna: Tell Me Why

	Wynonna: Tell Me Why [cached]

Searching: Billy Joel: Lullabye (Goodnight, My Angel)

	Billy Joel: Lullabye (Goodnight, My Angel) [cached]

Searching: Sarah McLachlan: Good Enough

	Sarah McLachlan: Good Enough [cached]

Searching: 95 South: Rodeo

	95 South: Rodeo [cached]

Searching: Frost: La Familia

	Kid Frost: La Familia [cached]

Searching: Voice Of The Beehive: Scary Kisses

	Voice Of The Beehive: Scary Kisses [cached]

Searching: Susanna Hoffs: All I Want

	 NOT FOUND

Searching: Tre: Take Your Time

	Channel Tres: take your time (feat. Tinashe) [cached]

Searching: Phil Collins: It's In Your Eyes

	Phil Collins: It's in Your Eyes - 2016 Remaster [cached]

Searching: Trapp Featuring 2pac, Notorious B.I.G.: Stop The Gunfight
=========> Trapp: Stop Gunfight

	 NOT FOUND

Searching: Whitney Houston: My Heart Is Calling (From "The Preacher's Wife")

	Whitney Houston: My Heart Is Calling [cached]

Searching: Peter Cetera Featuring Az Yet: You're The Inspiration

	Peter Cetera: You're the Inspiration [cached]

Searching: Dixie Chicks: I Can Love You Better

	 NOT FOUND

Searching: Snoop Dogg Featuring Xzibit & Nate Dogg: B-Please

	Snoop Dogg: Bitch Please [cached]

Searching: Ginuwine, R.L., Tyrese, Case: The Best Man I Can Be

	Ginuwine: The Best Man I Can Be [cached]

Searching: Gloria Estefan: No Me Dejes De Querer

	Gloria Estefan: No Me Dejes de Querer [cached]

Searching: Before Dark: Monica

	Before Dark: Monica [cached]

Searching: Snoop Dogg: Snoop Dogg

	Snoop Dogg: Sweat (Snoop Dogg Vs. David Guetta) [cached]

Searching: The Offspring: Defy You

	The Offspring: Defy You [cached]

Searching: Darren Hayes: Insatiable

	Darren Hayes: Insatiable [cached]

Searching: Will Smith Featuring Tra-Knox: Black Suits Comin' (Nod Ya Head)

	Will Smith introducing TRÂ-KNOX: Black Suits Comin' (Nod Ya Head) [cached]

Searching: U2: Electrical Storm

	U2: Electrical Storm - William Orbit Mix [cached]

Searching: Fat Joe Featuring Ginuwine: Crush Tonight

	Fat Joe: Crush Tonight (feat. Ginuwine) [cached]

Searching: Snoop Dogg: From Tha Chuuuch To Da Palace

	Snoop Dogg: From Tha Chuuuch To Da Palace [cached]

Searching: Talib Kweli: Get By

	Talib Kweli: Get By [cached]

Searching: Missy "Misdemeanor" Elliott: P***ycat
=========> Missy  Misdemeanor  Elliott: P   ycat

	 NOT FOUND

Searching: Dru Hill: I Love You

	Dru Hill: How Deep Is Your Love [cached]

Searching: Tracy Byrd: The Truth About Men
=========> Tracy Byrd: Truth About Men

	 NOT FOUND

Searching: Trillville: Neva Eva

	Trillville: Neva Eva (feat. Lil Scrappy & Lil Jon) [cached]

Searching: Guerilla Black Featuring Mario Winans: You're The One

	Guerilla Black: You're The One [cached]

Searching: Ben Folds: Landed

	Ben Folds: Landed [cached]

Searching: Young Jeezy: My Hood

	 NOT FOUND

Searching: Panic! At The Disco: The Only Difference Between Martyrdom And Suicide Is Press Coverage

	Panic! At The Disco: The Only Difference Between Martyrdom and Suicide Is Press Coverage [cached]

Searching: OutKast: Mighty "O"

	Outkast: Mighty "O" [cached]

Searching: Cham Featuring Alicia Keys: Ghetto Story Chapter 2

	Cham: Ghetto Story Chapter 2 (feat. Alicia Keys) [cached]

Searching: Lonestar: Mountains

	Lonestar: Mountains [cached]

Searching: Jack Ingram: Lips Of An Angel

	Jack Ingram: Lips Of An Angel [cached]

Searching: Jordan Pruitt: Outside Looking In

	Jordan Pruitt: Outside Looking In [cached]

Searching: Sheryl Crow: Love Is Free

	Sheryl Crow: Love Is Free [cached]

Searching: Amy Winehouse: You Know I'm No Good

	Amy Winehouse: You Know I'm No Good [cached]

Searching: David Cook: The Music Of The Night
=========> David Cook: Music Of Night

	 NOT FOUND

Searching: Lee Ann Womack: Last Call

	Lee Ann Womack: Last Call [cached]

Searching: Christopher Wilde: StarStruck

	Christopher Wilde: Starstruck [cached]

Searching: Muse: Neutron Star Collision (Love Is Forever)

	Muse: Neutron Star Collision (Love Is Forever) - Soundtrack Version [cached]

Searching: Gyptian: Hold You (Hold Yuh)

	Gyptian: Hold You - Hold Yuh [cached]

Searching: My Chemical Romance: Na Na Na (Na Na Na Na Na Na Na Na Na)

	My Chemical Romance: Na Na Na (Na Na Na Na Na Na Na Na Na) [cached]

Searching: Kid Cudi: Mr. Rager

	Kid Cudi: Mr. Rager [cached]

Searching: Ke$ha: Cannibal

	Kesha: Cannibal [cached]

Searching: Gorilla Zoe Featuring Lil Jon: Twisted

	Gorilla Zoe: Twisted (feat. Lil Jon) [cached]

Searching: Colbie Caillat: What If

	Colbie Caillat: What If [cached]

Searching: Five Finger Death Punch: Under And Over It

	Five Finger Death Punch: Under and Over It [cached]

Searching: Chris Brown Feat. Ludacris: Wet The Bed

	Chris Brown: Wet The Bed (feat. Ludacris) [cached]

Searching: T.I.: Go Get It

	Young Thug: Chanel (Go Get It) [feat. Gunna & Lil Baby] [cached]

Searching: Trey Songz: Dive In

	Trey Songz: Dive In [cached]

Searching: French Montana Featuring Nicki Minaj: Freaks

	French Montana: Freaks [cached]

Searching: Brad Paisley Featuring LL Cool J: Accidental Racist

	Brad Paisley: Accidental Racist (feat. LL Cool J) [cached]

Searching: Fergie, Q-Tip & GoonRock: A Little Party Never Killed Nobody (All We Got)

	Fergie: A Little Party Never Killed Nobody (All We Got) [cached]

Searching: John Mayer: Paper Doll

	John Mayer: Paper Doll [cached]

Searching: Hunter Hayes Featuring Jason Mraz: Everybody's Got Somebody But Me

	Hunter Hayes: Everybody's Got Somebody but Me (feat. Jason Mraz) - Encore [cached]

Searching: Jay Z Featuring Beyonce: Part II (On The Run)

	JAY-Z: Part II (On The Run) [cached]

Searching: Jennifer Lopez Featuring French Montana: I Luh Ya Papi

	Jennifer Lopez: I Luh Ya Papi [cached]

Searching: The Black Keys: Fever

	The Black Keys: Fever [cached]

Searching: Rita Ora: I Will Never Let You Down

	Rita Ora: I Will Never Let You Down [cached]

Searching: One Direction: Ready To Run

	One Direction: Ready to Run [cached]

Searching: Eric Paslay: She Don't Love You

	Eric Paslay: She Don't Love You [cached]

Searching: Nate Ruess: Nothing Without Love

	Nate Ruess: Nothing Without Love [cached]

Searching: Imagine Dragons: Roots

	Imagine Dragons: Roots [cached]

Searching: Adele: All I Ask

	Adele: All I Ask [cached]

Searching: DJ Drama Featuring Chris Brown, Skeme & Lyquin: Wishing

	DJ Drama: Wishing [cached]

Searching: PIKOTARO: PPAP (Pen-Pineapple-Apple-Pen)

	PIKOTARO: PPAP(Pen-Pineapple-Apple-Pen) - Long ver. [cached]

Searching: A Tribe Called Quest: We The People....

	A Tribe Called Quest: We The People.... [cached]

Searching: Halsey: Not Afraid Anymore

	Halsey: Not Afraid Anymore [cached]

Searching: Romeo Santos: Heroe Favorito

	Romeo Santos: Héroe Favorito [cached]

Searching: Meek Mill: Issues

	Meek Mill: Issues [cached]

Searching: Descendants 2 Cast: It's Goin' Down
=========> Descendants 2 Cast: It s Goin  Down

	 NOT FOUND

Searching: The Chainsmokers: Honest

	The Chainsmokers: Honest [cached]

Searching: XXXTENTACION: Revenge

	XXXTENTACION: Revenge [cached]

Searching: Bhad Bhabie: These Heaux

	Bhad Bhabie: These Heaux [cached]

Searching: Future & Young Thug: All Da Smoke

	Future: All da Smoke [cached]

Searching: Lil Baby: My Dawg

	Lil Baby: My Dawg [cached]

Searching: Reik Featuring Ozuna & Wisin: Me Niego

	Reik: Me Niego (feat. Ozuna & Wisin) [cached]

Searching: The Carters: Boss

	The Carters: BOSS [cached]

Searching: Meek Mill Featuring Future, Roddy Ricch & Young Thug: Splash Warning

	Meek Mill: Splash Warning (feat. Future, Roddy Ricch and Young Thug) [cached]

Searching: Taylor Swift: False God

	Taylor Swift: False God [cached]

Searching: Rod Wave: I Remember

	Rod Wave: I Remember [cached]

Searching: Trevor Daniel x Selena Gomez: Past Life

	Trevor Daniel: Past Life (with Selena Gomez) [cached]

Searching: King Von Featuring Lil Durk: All These N**gas
=========> King Von: All These N  gas

	 NOT FOUND
