Found 236/270 = 87%
34 not found: 
Royal Teens: Harvey's Got A Girl Friend
David Seville: Little Brass Band
The Ames Brothers: Someone To Come Home To
Paul Petersen: The Cheer Leader
Frank Sinatra: Forget Domani
Los Pop Tops: Oh Lord, Why Lord
The Fun And Games: The Grooviest Girl In The World
Dusty Springfield: Willie & Laura Mae Jones
New Colony Six: Barbara, I Love You
Bobby Goldsboro: Mornin Mornin
Little Carl Carlton: Drop By My Place
The Fabulous Rhinestones: What A Wonderful Thing We Have
Hank Wilson: Roll In My Sweet Baby's Arms/I'm So Lonesome I Could Cry
Pat Lundi: Party Music
Jim Gilstrap: I'm On Fire
Bobby Vinton: Make Believe It's Your First Time
All Sports Band: Opposites Do Attract
Single Bullet Theory: Keep It Tight
Eurythmics: It's All Right (Baby's Coming Back)
Pepsi & Shirlie: Heartache
Jesse Johnson: Love Struck
Gina Go-Go: I Can't Face The Fact
Peter Wolf: 99 Worlds
Icy Blu: Pump It (Nice An' Hard)
Lina Santiago: Just Because I Love You
Gigi D'Agostino: I'll Fly With You (L'amour Toujours)
Marcos Hernandez: If You Were Mine
Sheryl Crow: Not Fade Away
will.i.am: It's A New Day
Three 6 Mafia Vs. Tiesto With Sean Kingston & Flo Rida: Feel It
Reba: I Keep On Loving You
Danielle Bradbery: Who I Am
Garth Brooks & Blake Shelton: Dive Bar
Kid Cudi: Mr. Solo Dolo III
--------- log -----------
Searching: Royal Teens: Harvey's Got A Girl Friend
=========> Royal Teens: Harvey s Got A Girl Friend

	 NOT FOUND

Searching: David Seville: Little Brass Band

	 NOT FOUND

Searching: Johnny Nash: Almost In Your Arms

	Johnny Nash: Almost In Your Arms (Remastered) [cached]

Searching: Jerry Wallace: Diamond Ring

	Jerry Wallace: Diamond Ring [cached]

Searching: Brook Benton: Hurtin' Inside

	Brook Benton: Hurtin' Inside [cached]

Searching: Jaye P. Morgan: Miss You

	Jaye P. Morgan: Miss You [cached]

Searching: Jack Scott: I Never Felt Like This

	Jack Scott: I Never Felt Like This [cached]

Searching: The Ames Brothers: Someone To Come Home To
=========> Ames Brothers: Someone To Come Home To

	 NOT FOUND

Searching: The Eternals: Rockin' In The Jungle

	The Eternals: Rockin in the Jungle [cached]

Searching: Anita Bryant: Promise Me A Rose (A Slight Detail)

	Anita Bryant: Promise Me a Rose (A Slight Detail) - Remastered [cached]

Searching: Ray Charles: Let The Good Times Roll

	Ray Charles: Let the Good Times Roll [cached]

Searching: Johnny Mathis: Maria

	Johnny Mathis: Maria [cached]

Searching: Preston Epps: Bongo Bongo Bongo

	Preston Epps: Bongo Rock [cached]

Searching: Duane Eddy: Kommotion

	Duane Eddy: Kommotion [cached]

Searching: Tommy Edwards: It's Not The End Of Everything

	Tommy Edwards: It's Not The End Of Everything [cached]

Searching: The Blue Notes: My Hero

	The Blue Notes: My Hero [cached]

Searching: Etta & Harvey: Spoonful

	Etta James: Spoonful - Single Version [cached]

Searching: Ella Johnson With Buddy Johnson: I Don't Want Nobody (To Have My Love But You)

	Buddy & Ella Johnson: I Don't Want Nobody (To Have My Love but You) [cached]

Searching: The Marcels: Summertime

	The Marcels: Summertime [cached]

Searching: Jimmy Reed: Big Boss Man

	Jimmy Reed: Big Boss Man [cached]

Searching: The Delacardos: Hold Back The Tears

	The Delacardos: Hold Back the Tears [cached]

Searching: Frankie Calen: Joanie

	Frankie Calen: Joanie [cached]

Searching: Duane Eddy: Deep In The Heart Of Texas

	Duane Eddy: Deep In The Heart Of Texas [cached]

Searching: Bill Black's Combo: So What

	Bill Black Combo: So What [cached]

Searching: Pat Thomas: Desafinado (Slightly Out Of Tune)

	Pat Thomas: Desafinado (Slightly Out of Tune) - First English Version [cached]

Searching: Roosevelt Fountain And Pens Of Rhythm: Red Pepper I

	Roosevelt Fountain: Red Pepper [cached]

Searching: Sue Thompson: Willie Can

	Sue Thompson: Willie Can [cached]

Searching: Lou Monte: Pepino's Friend Pasqual (The Italian Pussy-Cat)

	Lou Monte: Pepino's Friend Pasqual (The Italian Pussycat) [cached]

Searching: Frank Sinatra: Call Me Irresponsible

	Frank Sinatra: Call Me Irresponsible - Remastered Album Version [cached]

Searching: The Marvelettes: Forever

	The Marvelettes: Forever [cached]

Searching: Etta James: Pay Back

	Etta James: Pay Back [cached]

Searching: Booker T. & The MG's: Chinese Checkers

	Booker T. & the M.G.'s: Chinese Checkers [cached]

Searching: Jimmie Rodgers: Two-Ten, Six-Eighteen (Doesn't Anybody Know My Name)

	Jimmie Rodgers: Two, Ten, Six-Eighteen [cached]

Searching: Paul Petersen: The Cheer Leader
=========> Paul Petersen: Cheer Leader

	 NOT FOUND

Searching: Little Johnny Taylor: Since I Found A New Love

	Little Johnny Taylor: Since I Found A New Love [cached]

Searching: The Exciters: Do-Wah-Diddy

	The Exciters: Do Wah Diddy [cached]

Searching: The Tymes: To Each His Own

	The Tymes: To Each His Own [cached]

Searching: Garnet Mimms & The Enchanters: A Quiet Place

	Garnet Mimms & The Enchanters: A Quiet Place [cached]

Searching: Bobby Bland: Blind Man

	Bobby "Blue" Bland: Blind Man - Single Version [cached]

Searching: Shirley Ellis: The Puzzle Song (A Puzzle In Song)

	Shirley Ellis: The Puzzle Song [cached]

Searching: Brenda Holloway: Operator

	Brenda Holloway: Operator - Single Version [cached]

Searching: Frank Sinatra: Forget Domani

	 NOT FOUND

Searching: Wayne Newton: Summer Wind

	Wayne Newton: Summer Wind - Remastered [cached]

Searching: Derek Martin: You Better Go

	Derek Martin: You Better Go [cached]

Searching: Lonnie Mack: Honky Tonk '65

	Lonnie Mack: Honky Tonk '65 [cached]

Searching: Dee Dee Sharp: I Really Love You

	Dee Dee Sharp: I Really Love You [cached]

Searching: Fontella Bass: I Surrender

	Fontella Bass: I Surrender [cached]

Searching: The Intruders: (We'll Be) United

	The Intruders: (We'll Be) United [cached]

Searching: Shades Of Blue: Happiness

	Shades Of Blue: Happiness [cached]

Searching: Mel Carter: Take Good Care Of Her

	Mel Carter: Take Good Care Of Her [cached]

Searching: Otis Redding: I Love You More Than Words Can Say

	Otis Redding: I Love You More Than Words Can Say [cached]

Searching: Brook Benton: Laura (Tell Me What He's Got That I Ain't Got)

	Brook Benton: Willie and Laura Mae Jones [cached]

Searching: Elvis Presley: Judy

	Elvis Presley: Judy [cached]

Searching: Gene And Debbe: Go With Me

	Gene & Debbe: Go With Me [cached]

Searching: The Last Word: Can't Stop Loving You

	The Last Words: Can't Stop Loving You [cached]

Searching: The Standells: Can't Help But Love You

	The Standells: Can't Help But Love You [cached]

Searching: The Music Makers: United (Part 1)

	Merry Music Makers: United States of Whatever [cached]

Searching: Los Pop Tops: Oh Lord, Why Lord
=========> Los Pop Tops: Oh Lord  Why Lord

	 NOT FOUND

Searching: The Fun And Games: The Grooviest Girl In The World
=========> Fun: Grooviest Girl In World

	 NOT FOUND

Searching: Herb Alpert & The Tijuana Brass: Zazueira (Za-zoo-wher-a)

	Herb Alpert & The Tijuana Brass: Zazueira [cached]

Searching: Betty Everett: I Can't Say No To You

	Betty Everett: I Can't Say No To You [cached]

Searching: Dusty Springfield: Willie & Laura Mae Jones
=========> Dusty Springfield: Willie   Laura Mae Jones

	 NOT FOUND

Searching: Judy Collins: Chelsea Morning

	Judy Collins: Chelsea Morning - Single Version [cached]

Searching: The Turtles: Lady-O

	The Turtles: Lady-O - Remastered [cached]

Searching: New Colony Six: Barbara, I Love You
=========> New Colony Six: Barbara  I Love You

	 NOT FOUND

Searching: Bobby Goldsboro: Mornin Mornin

	 NOT FOUND

Searching: Kool & The Gang: Let The Music Take Your Mind

	Kool & The Gang: Let The Music Take Your Mind - Single Version [cached]

Searching: Jack Blanchard & Misty Morgan: Humphrey The Camel

	Jack Blanchard & Misty Morgan: Humphrey the Camel [cached]

Searching: Little Carl Carlton: Drop By My Place

	 NOT FOUND

Searching: Joe Simon: Yours Love

	Joe Simon: Yours Love [cached]

Searching: Red Eye: Red Eye Blues

	Redbird Hall: Red Eye Blues [cached]

Searching: Stevie Wonder: Never Dreamed You'd Leave In Summer

	Stevie Wonder: Never Dreamed You'd Leave In Summer [cached]

Searching: Janis Joplin: Get It While You Can

	Janis Joplin: Get It While You Can [cached]

Searching: Ponderosa Twins + One: You Send Me

	Ponderosa Twins + One: You Send Me [cached]

Searching: Joe South: Fool Me

	Joe South: Fool Me - Remastered 2002 [cached]

Searching: The Dramatics: Get Up And Get Down

	The Dramatics: Get Up And Get Down [cached]

Searching: Danyel Gerard: Butterfly

	Danyel Gerard: Butterfly [cached]

Searching: The Fabulous Rhinestones: What A Wonderful Thing We Have
=========> Fabulous Rhinestones: What A Wonderful Thing We Have

	 NOT FOUND

Searching: Joe Simon: I Found My Dad

	Joe Simon: I Found My Dad [cached]

Searching: Glen Campbell: One Last Time

	Glen Campbell: One Last Time [cached]

Searching: Johnny Williams: Slow Motion (Part 1)

	Johnny Williams: Slow Motion (Part 1) - Previously released material [cached]

Searching: Eric Clapton: Bell Bottom Blues

	Eric Clapton: Bell Bottom Blues - Live at Staples Center, Los Angeles, CA, 8/18-19/2001 [cached]

Searching: Andy Pratt: Avenging Annie

	Andy Pratt: Avenging Annie [cached]

Searching: Hank Wilson: Roll In My Sweet Baby's Arms/I'm So Lonesome I Could Cry
=========> Hank Wilson: Roll In My Sweet Baby s Arms

	 NOT FOUND

Searching: B.B. King: Who Are You

	B.B. King: Who Are You [cached]

Searching: Johnnie Taylor: I've Been Born Again

	Johnnie Taylor: I've Been Born Again [cached]

Searching: The Miracles: Don't Cha Love It

	The Miracles: Don't Cha Love It [cached]

Searching: The Chi-lites: Toby/that's How Long

	The Chi-Lites: Toby [cached]

Searching: The Marshall Tucker Band: This Ol' Cowboy

	The Marshall Tucker Band: This Ol' Cowboy [cached]

Searching: Billie Jo Spears: Blanket On The Ground

	Billie Jo Spears: Blanket On The Ground [cached]

Searching: Carly Simon: Waterfall

	Carly Simon: Waterfall [cached]

Searching: Pat Lundi: Party Music

	 NOT FOUND

Searching: Jim Gilstrap: I'm On Fire
=========> Jim Gilstrap: I m On Fire

	 NOT FOUND

Searching: John Fogerty: Almost Saturday Night

	John Fogerty: Almost Saturday Night [cached]

Searching: Dobie Gray: If Love Must Go

	Dobie Gray: If Love Must Go [cached]

Searching: Melissa Manchester: Rescue Me

	Melissa Manchester: Rescue Me [cached]

Searching: Frankie Valli: We're All Alone

	Frankie Valli: We're All Alone [cached]

Searching: Barry Mann: The Princess And The Punk

	Barry Mann: The Princess And The Punks [cached]

Searching: Bad Company: Burnin' Sky

	Bad Company: Burnin' Sky - 2017 Remaster [cached]

Searching: The Meters: Be My Lady

	The Meters: Be My Lady [cached]

Searching: Santa Esmeralda: House Of The Rising Sun

	Santa Esmeralda: The House of the Rising Sun / Quasimodo Suite - 12" Mix [cached]

Searching: Starz: Hold On To The Night

	Starz: Hold On To The Night [cached]

Searching: Gino Vannelli: Wheels Of Life

	Gino Vannelli: Wheels Of Life [cached]

Searching: Dan Peek: All Things Are Possible

	Dan Peek: All Things Are Possible [cached]

Searching: Leif Garrett: When I Think Of You

	Leif Garrett: When I Think of You [cached]

Searching: Bobby Vinton: Make Believe It's Your First Time
=========> Bobby Vinton: Make Believe It s Your First Time

	 NOT FOUND

Searching: Leif Garrett: I Was Looking For Someone To Love

	Leif Garrett: I Was Looking For Someone To Love [cached]

Searching: The Motors: Love And Loneliness

	The Motors: Love And Loneliness [cached]

Searching: The J. Geils Band: Just Can't Wait

	The J. Geils Band: Just Can't Wait [cached]

Searching: Paul Davis: Cry Just A Little

	Paul Davis: Cry Just a Little [cached]

Searching: Eddie Money: Running Back

	Eddie Money: Running Back [cached]

Searching: Slave: Watching You

	Slave: Watching You - Single Version; 2006 Remaster [cached]

Searching: Eric Clapton: Another Ticket

	Eric Clapton: Another Ticket [cached]

Searching: Sad Cafe: La-Di-Da

	Sad Café: La-Di-Da [cached]

Searching: All Sports Band: Opposites Do Attract

	 NOT FOUND

Searching: The Manhattan Transfer: Route 66

	The Manhattan Transfer: Route 66 [cached]

Searching: John Denver: Seasons Of The Heart

	John Denver: Seasons of the Heart [cached]

Searching: Michael Stanley Band: When I'm Holding You Tight

	Michael Stanley Band: When I'm Holding You Tight (Remastered) [cached]

Searching: Single Bullet Theory: Keep It Tight

	 NOT FOUND

Searching: Joan Armatrading: Drop The Pilot

	Joan Armatrading: Drop The Pilot [cached]

Searching: Robert Palmer: You Are In My System

	Robert Palmer: You Are In My System [cached]

Searching: R.E.M.: Radio Free Europe

	R.E.M.: Radio Free Europe [cached]

Searching: Kajagoogoo: Hang On Now

	Kajagoogoo: Hang on Now [cached]

Searching: Bette Midler: Favorite Waste Of Time

	Bette Midler: Favorite Waste of Time [cached]

Searching: Melissa Manchester: No One Can Love You More Than Me

	Melissa Manchester: No One Can Love You More Than Me [cached]

Searching: Patrice Rushen: Feels So Real (Won't Let Go)

	Patrice Rushen: Feels So Real (Won't Let Go) [cached]

Searching: Irene Cara: You Were Made For Me

	Irene Cara: You Were Made for Me [cached]

Searching: Billy Satellite: I Wanna Go Back

	Billy Satellite: I Wanna Go Back [cached]

Searching: Los Lobos: Will The Wolf Survive

	Los Lobos: Will the Wolf Survive? [cached]

Searching: Peabo Bryson: Take No Prisoners (In The Game Of Love)

	Peabo Bryson: Take No Prisoners (In the Game of Love) [cached]

Searching: Stephanie Mills: Bit By Bit (Theme From Fletch)

	Stephanie Mills: Bit By Bit (Theme From "Fletch") [cached]

Searching: Eurythmics: It's All Right (Baby's Coming Back)
=========> Eurythmics: It s All Right

	 NOT FOUND

Searching: Mel & Kim: Showing Out (Get Fresh At The Weekend)

	Mel & Kim: Showing Out (Get Fresh At the Weekend) - 7" Version [cached]

Searching: Pepsi & Shirlie: Heartache
=========> Pepsi: Heartache

	 NOT FOUND

Searching: Force M.D.'s: Love Is A House

	Force M.D.'s: Love Is A House [cached]

Searching: Lisa Lisa And Cult Jam Featuring Full Force: Someone To Love Me For Me

	Lisa Lisa & Cult Jam: Someone To Love Me For Me [cached]

Searching: Jesse Johnson: Love Struck

	 NOT FOUND

Searching: Kiara (Duet With Shanice Wilson): This Time

	Kiara: This Time [cached]

Searching: Gina Go-Go: I Can't Face The Fact
=========> Gina Go Go: I Can t Face Fact

	 NOT FOUND

Searching: BulletBoys: For The Love Of Money

	Bulletboys: For the Love of Money [cached]

Searching: Peter Wolf: 99 Worlds

	 NOT FOUND

Searching: Linda Ronstadt (Featuring Aaron Neville): When Something Is Wrong With My Baby

	Linda Ronstadt: When Something Is Wrong With My Baby (feat. Aaron Neville) [cached]

Searching: 49-ers: Don't You Love Me

	49ers: Don't You Love Me [cached]

Searching: Jimmy Ryser: Same Old Look

	Jimmy Ryser: Same Old Look [cached]

Searching: Motley Crue: Same Ol' Situation (S.O.S.)

	Mötley Crüe: Same Ol' Situation (S.O.S.) [cached]

Searching: Glenn Medeiros (Featuring The Stylistics): Me-U=Blue

	Glenn Medeiros: Lonely Won't Leave Me Alone [cached]

Searching: Mike + The Mechanics: Word Of Mouth

	Mike & The Mechanics: Word Of Mouth [cached]

Searching: Warrant: Uncle Tom's Cabin

	Warrant: Uncle Tom's Cabin [cached]

Searching: The Rembrandts: Someone

	The Rembrandts: Someone [cached]

Searching: Icy Blu: Pump It (Nice An' Hard)
=========> Icy Blu: Pump It

	 NOT FOUND

Searching: Alice Cooper: Hey Stoopid

	Alice Cooper: Hey Stoopid [cached]

Searching: Ex-Girlfriend: Why Can't You Come Home

	Ex-Girlfriend: Why Can't You Come Home [cached]

Searching: Jermaine Jackson: Word To The Badd!!

	Jermaine Jackson: Word to the Badd!! [cached]

Searching: 2nd II None: Be True To Yourself

	2nd II None: Be True to Yourself [cached]

Searching: Bette Midler: Every Road Leads Back To You

	Bette Midler: Every Road Leads Back to You - 2015 Remaster [cached]

Searching: Lidell Townsell & M.T.F.: Get With U

	Lidell Townsell: Get With U [cached]

Searching: Firehouse: Sleeping With You

	Firehouse: Sleeping With You [cached]

Searching: Levert: Good Ol' Days

	Levert: Good Ol' Days [cached]

Searching: Sade: Kiss Of Life

	Sade: Kiss of Life [cached]

Searching: Spin Doctors: Jimmy Olsen's Blues

	Spin Doctors: Jimmy Olsen's Blues [cached]

Searching: Deep Forest: Sweet Lullaby

	Deep Forest: Sweet Lullaby [cached]

Searching: Candlebox: You

	Candlebox: You [cached]

Searching: Karyn White: Hungah

	Karyn White: Hungah [cached]

Searching: Liz Phair: Supernova

	Liz Phair: Supernova [cached]

Searching: Reba McEntire: Till You Love Me

	Reba McEntire: Till You Love Me [cached]

Searching: Shaquille O'Neal: Biological Didn't Bother

	Shaquille O'Neal: Biological Didn't Bother - G-Funk Version [cached]

Searching: Buffy: Give Me...A Reason

	Buffy: Give Me...A Reason - Radio Version [cached]

Searching: Radiohead: High And Dry

	Radiohead: High and Dry [cached]

Searching: Madonna: Love Don't Live Here Anymore

	Madonna: Love Don't Live Here Anymore [cached]

Searching: Kristine W: One More Try

	Kristine W: One More Try (2020 Remaster) - Rollo's Big Mix [cached]

Searching: Lina Santiago: Just Because I Love You

	 NOT FOUND

Searching: Trace Adkins: Every Light In The House

	Trace Adkins: Every Light In The House [cached]

Searching: Beck: The New Pollution

	Beck: The New Pollution [cached]

Searching: Samantha Cole: Happy With You

	Samantha Cole: Happy With You (Re-Recorded / Remastered) [cached]

Searching: Jamiroquai: Alright

	Jamiroquai: Alright - Remastered [cached]

Searching: The Kenny Wayne Shepherd Band: Blue On Black

	Kenny Wayne Shepherd: Blue on Black [cached]

Searching: Cake: Never There

	Cake: Never There [cached]

Searching: Better Than Ezra: At The Stars

	Better Than Ezra: At the Stars [cached]

Searching: Live: The Dolphin's Cry

	Live: The Dolphin's Cry [cached]

Searching: Stone Temple Pilots: Sour Girl

	Stone Temple Pilots: Sour Girl [cached]

Searching: Phil Vassar: Rose Bouquet

	Phil Vassar: Rose Bouquet [cached]

Searching: Lee Ann Womack: Why They Call It Falling

	Lee Ann Womack: Why They Call It Falling [cached]

Searching: Gigi D'Agostino: I'll Fly With You (L'amour Toujours)
=========> Gigi D Agostino: I ll Fly With You

	 NOT FOUND

Searching: Telepopmusik: Breathe

	Télépopmusik: Breathe [cached]

Searching: Sixpence None The Richer: Don't Dream It's Over

	Sixpence None The Richer: Don't Dream It's Over [cached]

Searching: T.I.: 24's

	Pyotr Ilyich Tchaikovsky: Symphony No.1 in G Minor, Op.13, TH.24 - "Winter Reveries": 3. Scherzo (Allegro scherzando giocoso) [cached]

Searching: Ginuwine: Love You More

	Ginuwine: Love You More [cached]

Searching: Dilated Peoples Featuring Kanye West: This Way

	Dilated Peoples: This Way [cached]

Searching: Daddy Yankee: Like You

	Daddy Yankee: Like You [cached]

Searching: Trisha Yearwood: Georgia Rain

	Trisha Yearwood: Georgia Rain [cached]

Searching: Marcos Hernandez: If You Were Mine

	 NOT FOUND

Searching: Cristian Castro: Amor Eterno

	Cristian Castro: Amor Eterno [cached]

Searching: Lupe Fiasco: Kick Push

	Lupe Fiasco: Kick, Push [cached]

Searching: Keane: Is It Any Wonder?

	Keane: Is It Any Wonder? [cached]

Searching: Omarion: Entourage

	Omarion: Entourage [cached]

Searching: Danity Kane: Ride For You

	Danity Kane: Ride for You [cached]

Searching: Tenacious D: The Pick Of Destiny

	Tenacious D: The Metal [cached]

Searching: Sheryl Crow: Not Fade Away

	 NOT FOUND

Searching: Marques Houston: Circle

	Marques Houston: Circle [cached]

Searching: Yung Joc Featuring Gorilla Zoe: Coffee Shop

	Yung Joc: Coffee Shop (feat. Gorilla Zoe) [cached]

Searching: Brooks & Dunn: God Must Be Busy

	Brooks & Dunn: God Must Be Busy [cached]

Searching: Keri Hilson: Energy

	Keri Hilson: Energy [cached]

Searching: Ciara Featuring T-Pain: Go Girl

	Ciara: Go Girl [cached]

Searching: will.i.am: It's A New Day
=========> will i am: It s A New Day

	 NOT FOUND

Searching: Apocalyptica Featuring Adam Gontier: I Don't Care

	Apocalyptica: I Don't Care [cached]

Searching: Fall Out Boy: America's Suitehearts

	Fall Out Boy: America's Suitehearts [cached]

Searching: Paramore: Careful

	Paramore: Careful [cached]

Searching: Pleasure P: Under

	Pleasure P: Under [cached]

Searching: LeToya Featuring Ludacris: Regret

	LeToya: Regret [cached]

Searching: Glee Cast: Endless Love

	Glee Cast: Endless Love (Glee Cast Version) [cached]

Searching: Three 6 Mafia Vs. Tiesto With Sean Kingston & Flo Rida: Feel It
=========> Three 6 Mafia Vs  Tiesto: Feel It

	 NOT FOUND

Searching: Pearl Jam: Just Breathe

	Pearl Jam: Just Breathe [cached]

Searching: Glee Cast: Borderline / Open Your Heart

	Glee Cast: Borderline / Open Your Heart (Glee Cast Version) [cached]

Searching: Reba: I Keep On Loving You

	 NOT FOUND

Searching: Eric Church: Smoke A Little Smoke

	Eric Church: Smoke A Little Smoke [cached]

Searching: Cage The Elephant: Shake Me Down

	Cage The Elephant: Shake Me Down [cached]

Searching: Vicci Martinez: Afraid To Sleep

	Vicci Martinez: Afraid To Sleep - The Voice Performance [cached]

Searching: T.I. Featuring B.o.B.: We Don't Get Down Like Y'all

	T.I.: We Dont Get Down Like Y'all (feat. B.o.B) [cached]

Searching: Steve Holy: Love Don't Run

	Steve Holy: Love Don't Run [cached]

Searching: Hunter Hayes: Storm Warning

	Hunter Hayes: Storm Warning [cached]

Searching: Snow Patrol: Called Out In The Dark

	Snow Patrol: Called Out In The Dark [cached]

Searching: Glee Cast: Wanna Be Startin' Somethin'

	Glee Cast: Wanna Be Startin' Somethin' (Glee Cast Version) [cached]

Searching: Sean Paul: She Doesn't Mind

	Sean Paul: She Doesn't Mind [cached]

Searching: DJ Khaled Featuring Kanye West & Rick Ross: I Wish You Would

	DJ Khaled: I Wish You Would [cached]

Searching: The Killers: Runaways

	The Killers: Runaways [cached]

Searching: Beyonce: Dance For You

	Beyoncé: Dance for You [cached]

Searching: Danielle Bradbery: Who I Am

	 NOT FOUND

Searching: Prince Royce: Darte Un Beso

	Prince Royce: Darte un Beso [cached]

Searching: Imagine Dragons: Monster

	Imagine Dragons: Monster [cached]

Searching: Drake: Own It

	Drake: Own It [cached]

Searching: Avril Lavigne Featuring Chad Kroeger: Let Me Go

	Avril Lavigne: Let Me Go (feat. Chad Kroeger) [cached]

Searching: Rick Ross Featuring Kanye West & Big Sean: Sanctified

	Rick Ross: Sanctified [cached]

Searching: Avicii: The Days

	Avicii: The Nights [cached]

Searching: Idina Menzel Duet With Michael Buble: Baby It's Cold Outside

	Idina Menzel: Baby It's Cold Outside (duet with Michael Bublé) [cached]

Searching: Rihanna: American Oxygen

	Rihanna: American Oxygen [cached]

Searching: Miguel: Coffee

	Miguel: Coffee (F***ing) (feat. Wale) [cached]

Searching: Meek Mill Featuring Nicki Minaj: Bad For You

	Meek Mill: Bad for You (feat. Nicki Minaj) [cached]

Searching: Bea Miller: Fire N Gold

	Bea Miller: Fire N Gold [cached]

Searching: Drake: Charged Up

	Drake: Charged Up [cached]

Searching: Drake & Future: Plastic Bag

	Drake: Plastic Bag [cached]

Searching: David Bowie: Blackstar

	David Bowie: Blackstar [cached]

Searching: DJ Luke Nasty: Might Be

	DJ Luke Nasty: Might Be - Remix [cached]

Searching: Frenship & Emily Warren: Capsize

	FRENSHIP: Capsize [cached]

Searching: Chris Stapleton: Parachute

	Chris Stapleton: Parachute [cached]

Searching: Gucci Mane & Nicki Minaj: Make Love

	Gucci Mane: Make Love [cached]

Searching: Lorde: Liability

	Lorde: Liability [cached]

Searching: The Chainsmokers: The One

	The Chainsmokers: The One [cached]

Searching: Lil Yachty Featuring Migos: Peek A Boo

	Lil Yachty: Peek A Boo [cached]

Searching: Chris Brown: Questions

	Chris Brown: Questions [cached]

Searching: P!nk: Beautiful Trauma

	P!nk: Beautiful Trauma [cached]

Searching: Tank: When We

	Tank: When We [cached]

Searching: Diplo, French Montana & Lil Pump Featuring Zhavia Ward: Welcome To The Party

	Diplo: Welcome to the Party (with French Montana & Lil Pump, feat. Zhavia Ward) - from Deadpool 2 [cached]

Searching: Martin Garrix Featuring Khalid: Ocean

	Martin Garrix: Ocean (feat. Khalid) [cached]

Searching: Young Thug Featuring Gunna & Lil Baby: Chanel (Go Get It)

	Young Thug: Chanel (Go Get It) [feat. Gunna & Lil Baby] [cached]

Searching: Lil Wayne: Used 2

	Lil Wayne: Used 2 [cached]

Searching: Meek Mill Featuring 21 Savage: Pay You Back

	Meek Mill: Pay You Back (feat. 21 Savage) [cached]

Searching: Logic: Confessions Of A Dangerous Mind

	Logic: Confessions of a Dangerous Mind [cached]

Searching: Cody Johnson: On My Way To You

	Cody Johnson: On My Way to You [cached]

Searching: Yella Beezy, Gucci Mane & Quavo: Bacc At It Again

	Yella Beezy: Bacc At It Again [cached]

Searching: NF: When I Grow Up

	NF: When I Grow Up [cached]

Searching: Blueface & Rich The Kid: Daddy

	Blueface: Daddy (feat. Rich The Kid) [cached]

Searching: Juice WRLD: Let Me Know (I Wonder Why Freestyle)

	Juice WRLD: Let Me Know (I Wonder Why Freestyle) [cached]

Searching: Garth Brooks & Blake Shelton: Dive Bar
=========> Garth Brooks: Dive Bar

	 NOT FOUND

Searching: Lil Baby: Same Thing

	Lil Baby: Same Thing [cached]

Searching: Rod Wave: The Greatest

	Rod Wave: The Greatest [cached]

Searching: Arcangel x Sech: Sigues Con El

	Arcangel: Sigues Con El - Remix [cached]

Searching: Gunna: Nasty Girl / On Camera

	Gunna: NASTY GIRL / ON CAMERA [cached]

Searching: Bad Bunny: Booker T

	Bad Bunny: BOOKER T [cached]

Searching: Kid Cudi: Mr. Solo Dolo III
=========> Kid Cudi: Mr  Solo Dolo III

	 NOT FOUND

Searching: Gabby Barrett: The First Noel

	Gabby Barrett: The First Noel
