Found 224/253 = 89%
29 not found: 
Dorothy Collins: Banjo Boy
Phyllis McGuire: I Don't Want To Walk Without You
Ray Charles and his Orchestra: I Gotta Woman (Part One)
Sharpees: Tired Of Being Lonely
Bobby Cole: Mister Bo Jangles
Heaven Bound with Tony Scotti: Five Hundred Miles
Coven: One Tin Soldier (The Legend of Billy Jack)
Jermaine Jackson: You're In Good Hands
Gene Cotton: Sunshine Roses
Brown Sugar: The Game Is Over (What's The Matter With You)
The Deadly Nightshade: Mary Hartman, Mary Hartman
Terry Cashman: Baby, Baby I Love You
Karen Nelson And Billy T: Love Me One More Time (Just For Old Times Sake)
Cooper Brothers Band: I'll Know Her When I See Her
The Cretones: Real Love
Van Stephenson: You've Got A Good Love Coming
Cherelle: I Didn't Mean To Turn You On
Urgent: Running Back
Limited Warranty: Victory Line
4 By Four: Want You For My Girlfriend
David Hallyday: He's My Girl
Times Two: Cecilia
Missjones: Where I Wanna Be Boy
Pure Soul: Stairway To Heaven
EOL: Love The Way
Mannie Fresh: Real Big
The Pussycat Dolls: Top Of The World
Big Time Rush: Big Night
Christina Grimmie: How To Love
--------- log -----------
Searching: David Seville: The Bird On My Head

	David Seville And His Orchestra: The Bird on My Head [cached]

Searching: Frankie Avalon: What Little Girl

	Frankie Avalon: What Little Girl [cached]

Searching: Ray Charles and his Orchestra: Rockhouse (Part 2)

	Ray Charles: Rockhouse, Pt. 1 & 2 [cached]

Searching: Little Anthony And The Imperials: Wishful Thinking

	Little Anthony: Wishful Thinking [cached]

Searching: Dodie Stevens: Yes - Sir - ee

	Dodie Stevens: Yes, I'm Lonesome Tonight [cached]

Searching: The Crests featuring Johnny Mastro: Flower Of Love

	The Crests: Flower of Love [cached]

Searching: LaVern Baker: If You Love Me

	LaVern Baker: If You Love Me [cached]

Searching: The Four Preps: I Ain't Never

	The Four Preps: I Ain't Never [cached]

Searching: The Five Satins: I'll Be Seeing You

	The Five Satins: I'll Be Seeing You [cached]

Searching: Dorothy Collins: Banjo Boy

	 NOT FOUND

Searching: Bobby Darin: I'll Be There

	Bobby Darin: I'll Be There [cached]

Searching: Johnny Cash: Second Honeymoon

	Johnny Cash: Second Honeymoon [cached]

Searching: Jerry Wallace: Swingin' Down The Lane

	Jerry Wallace: Swingin' down the lane [cached]

Searching: James Brown And The Famous Flames: This Old Heart

	James Brown & The Famous Flames: This Old Heart [cached]

Searching: Lloyd Price and His Orchestra: Just Call Me (And I'll Understand)

	Lloyd Price: Just Call Me [cached]

Searching: Ricky Nelson: Milk Cow Blues

	Ricky Nelson: Milk Cow Blues [cached]

Searching: The Blossoms: Son-In-Law

	The Blossoms: Son-In-Law [cached]

Searching: Donnie and The Dreamers: My Memories Of You

	Donnie & Dreamers: My Memories of You [cached]

Searching: Jackie Wilson: You Don't Know What It Means

	Jackie Wilson: You Don't Know What It Means [cached]

Searching: Rene And Ray: Queen Of My Heart

	René And Ray: Queen of My Heart [cached]

Searching: Jerry Reed And The Hully Girlies: Goodnight, Irene

	Jerry Reed: Goodnight, Irene [cached]

Searching: Billy Stewart: Reap What You Sow

	Billy Stewart: Reap What You Sow [cached]

Searching: Fats Domino: Did You Ever See A Dream Walking

	Fats Domino: Did You Ever See A Dream Walking [cached]

Searching: The Pixies Three: Cold Cold Winter

	The Pixies Three: Cold, Cold Winter [cached]

Searching: The Tams: It's All Right (You're Just In Love)

	The Tams: It's All Right (You're Just In Love) [cached]

Searching: Jimmy McGriff: Kiko

	Jimmy McGriff: Kiko [cached]

Searching: Cilla Black: It's For You

	Cilla Black: It's for You - 2003 Remaster [cached]

Searching: Phyllis McGuire: I Don't Want To Walk Without You
=========> Phyllis McGuire: I Don t Want To Walk Without You

	 NOT FOUND

Searching: Bobby Darin: Hello, Dolly!

	Bobby Darin: Hello, Dolly! - 2001 Digital Remaster [cached]

Searching: Ray Charles and his Orchestra: I Gotta Woman (Part One)
=========> Ray Charles: I Gotta Woman

	 NOT FOUND

Searching: Barbra Streisand: My Man

	Barbra Streisand: My Man [cached]

Searching: Connie Francis: Forget Domani

	Connie Francis: Forget Domani [cached]

Searching: The Searchers: He's Got No Love

	The Searchers: He's Got No Love [cached]

Searching: Jim Reeves: Is It Really Over?

	Jim Reeves: Is It Really Over? [cached]

Searching: Sharpees: Tired Of Being Lonely

	 NOT FOUND

Searching: Johnny and The Expressions: Something I Want To Tell You

	Johnny and the Expressions: Something I Want to Tell You [cached]

Searching: The Byrds: Set You Free This Time

	The Byrds: Set You Free This Time [cached]

Searching: Eddie Floyd: Raise Your Hand

	Eddie Floyd: Raise Your Hand [cached]

Searching: Dionne Warwick: The Beginning Of Loneliness

	Dionne Warwick: Beginning of Loneliness [cached]

Searching: The Contours: It's So Hard Being A Loser

	The Contours: It's So Hard Being A Loser [cached]

Searching: Keith: Daylight Savin' Time

	Keith: Daylight Savin' Time [cached]

Searching: Harvey Scales: Get Down

	Harvey Scales: Get Down [cached]

Searching: The Fireballs: Goin' Away

	The Fireballs: Goin' Away (The One Who Lives Inside of Me) [cached]

Searching: Ed Ames: Apologize

	Ed Ames: Apologize [cached]

Searching: Bobby Cole: Mister Bo Jangles

	 NOT FOUND

Searching: Della Humphrey: Don't Make The Good Girls Go Bad

	Della Humphrey: Don't Make the Good Girls Go Bad [cached]

Searching: Merrilee Rush: Reach Out

	Merrilee Rush: Reach Out [cached]

Searching: Etta James: Almost Persuaded

	Etta James: Almost Persuaded [cached]

Searching: Bobby Darin: Long Line Rider

	Bobby Darin: Long Line Rider [cached]

Searching: Barbara Acklin: Am I The Same Girl

	Barbara Acklin: Am I the Same Girl [cached]

Searching: Mercy: Forever

	Mercyful Fate: Since Forever [cached]

Searching: The Isley Brothers: Black Berries - Pt 1

	The Isley Brothers: Black Berries, Pt. 1 - Mono [cached]

Searching: Joe Simon: San Francisco Is A Lonely Town

	Joe Simon: San Francisco Is a Lonely Town [cached]

Searching: Vikki Carr: Eternity

	Vikki Carr: Eternity [cached]

Searching: Frank Sinatra: Goin' Out Of My Head/Forget To Remember

	Claudio Faggin aka Frank the Voice: Goin' Out of My Head [cached]

Searching: Tommy Cash: Six White Horses

	Tommy Cash: Six White Horses [cached]

Searching: Feather: Friends

	Horse Feathers: Nearly Old Friends [cached]

Searching: The Rattles: The Witch

	The Rattles: The Witch [cached]

Searching: The Caboose: Black Hands White Cotton

	The Caboose: Black Hands White Cotton [cached]

Searching: The Assembled Multitude: Woodstock

	The Assembled Multitude: Woodstock [cached]

Searching: The Friends Of Distinction: I Need You

	The Friends Of Distinction: I Need You [cached]

Searching: Isaac Hayes: The Look Of Love

	Isaac Hayes: The Look Of Love [cached]

Searching: Charley Pride: I'd Rather Love You

	Charley Pride: I'd Rather Love You [cached]

Searching: Barbra Streisand: Mother

	Barbra Streisand: Mother [cached]

Searching: The 8th Day: If I Could See The Light

	The 8th Day: If I Could See the Light in the Window [cached]

Searching: Heaven Bound with Tony Scotti: Five Hundred Miles
=========> Heaven Bound: Five Hundred Miles

	 NOT FOUND

Searching: Dawn Featuring Tony Orlando: Runaway/Happy Together

	Tony Orlando & Dawn: Runaway/Happy Together (medley) - Digitally Remastered 1998 [cached]

Searching: Steve Alaimo: Amerikan Music

	Steve Alaimo: Amerikan Music [cached]

Searching: Paul Kelly: Don't Burn Me

	Paul Kelly: Don't Burn Me [cached]

Searching: Billy Paul: Am I Black Enough For You

	Billy Paul: Am I Black Enough for You? [cached]

Searching: Coven: One Tin Soldier (The Legend of Billy Jack)
=========> Coven: One Tin Soldier

	 NOT FOUND

Searching: Painter: West Coast Woman

	Painter: West Coast Woman [cached]

Searching: Jermaine Jackson: You're In Good Hands
=========> Jermaine Jackson: You re In Good Hands

	 NOT FOUND

Searching: Sly & The Family Stone: Frisky

	Sly & The Family Stone: Frisky [cached]

Searching: New York City: Quick, Fast, In A Hurry

	New York City: Quick, Fast, In a Hurry [cached]

Searching: Wednesday: Teen Angel

	Wednesday: Teen Angel [cached]

Searching: Fanny: I've Had It

	Fanny: I've Had It [cached]

Searching: The Staple Singers: City In The Sky

	The Staple Singers: City In The Sky [cached]

Searching: Gene Cotton: Sunshine Roses

	 NOT FOUND

Searching: Atlanta Rhythm Section: Angel (What In The World's Come Over Us)

	Atlanta Rhythm Section: Angel (What In The World's Come Over Us) [cached]

Searching: The Goodies: The Funky Gibbon

	The Goodies: The Funky Gibbon (feat. Gibbons) [cached]

Searching: Jethro Tull: Minstrel In The Gallery

	Jethro Tull: Minstrel in the Gallery - Steven Wilson Stereo Remix [cached]

Searching: Dionne Warwick: Once You Hit The Road

	Dionne Warwick: Once You Hit the Road [cached]

Searching: Brown Sugar: The Game Is Over (What's The Matter With You)
=========> Brown Sugar: Game Is Over

	 NOT FOUND

Searching: The Stylistics: You Are Beautiful

	The Stylistics: You Are Beautiful [cached]

Searching: The Deadly Nightshade: Mary Hartman, Mary Hartman
=========> Deadly Nightshade: Mary Hartman  Mary Hartman

	 NOT FOUND

Searching: Gary Wright: Made To Love You

	Gary Wright: Made to Love You [cached]

Searching: Terry Cashman: Baby, Baby I Love You
=========> Terry Cashman: Baby  Baby I Love You

	 NOT FOUND

Searching: Natalie Cole: Party Lights

	Natalie Cole: Party Lights [cached]

Searching: Karen Nelson And Billy T: Love Me One More Time (Just For Old Times Sake)
=========> Karen Nelson: Love Me One More Time

	 NOT FOUND

Searching: Heart: Kick It Out

	Heart: Kick It Out [cached]

Searching: Starz: (Any Way That You Want It) I'll Be There

	Starz: (Any Way That You Want It) I'll Be There [cached]

Searching: Ashford & Simpson: Don't Cost You Nothing

	Ashford & Simpson: Don't Cost You Nothing [cached]

Searching: Seals & Crofts: Takin' It Easy

	Seals and Crofts: Takin' It Easy [cached]

Searching: The O'Jays: Brandy

	The O'Jays: Brandy [cached]

Searching: Shalamar: Take That To The Bank

	Shalamar: Take That to the Bank [cached]

Searching: Cooper Brothers Band: I'll Know Her When I See Her
=========> Cooper Brothers Band: I ll Know Her When I See Her

	 NOT FOUND

Searching: Edwin Starr: H.a.p.p.y. Radio

	Edwin Starr: H.A.P.P.Y. Radio - Rerecorded [cached]

Searching: A Taste Of Honey: Do It Good

	A Taste Of Honey: Do It Good [cached]

Searching: Neil Young & Crazy Horse: Hey Hey, My My (Into The Black)

	Neil Young: My My, Hey Hey (Out of the Blue) - 2016 Remaster [cached]

Searching: The Marshall Tucker Band: It Takes Time

	The Marshall Tucker Band: It Takes Time [cached]

Searching: The Cretones: Real Love
=========> Cretones: Real Love

	 NOT FOUND

Searching: Tony Joe White: I Get Off On It

	Tony Joe White: I Get off on It - Live [cached]

Searching: Chic: Real People/Chip Off The Old Block

	CHIC: Real People [cached]

Searching: J.D. Drews: Don't Want No-Body

	Jürgen Drews: Hey, Don't Want Nobody [cached]

Searching: Sister Sledge: All American Girls

	Sister Sledge: All American Girls [cached]

Searching: Diana Ross: One More Chance

	Diana Ross: One More Chance [cached]

Searching: Tom Petty And The Heartbreakers: A Woman In Love (It's Not Me)

	Tom Petty and the Heartbreakers: A Woman In Love (It's Not Me) [cached]

Searching: Herb Alpert: Magic Man

	Herb Alpert: Magic Man [cached]

Searching: Van Stephenson: You've Got A Good Love Coming
=========> Van Stephenson: You ve Got A Good Love Coming

	 NOT FOUND

Searching: Billy & The Beaters: At This Moment

	Billy Vera & The Beaters: At This Moment (studio Version) [cached]

Searching: Roger: I Heard It Through The Grapevine (Part 1)

	Roger: I Heard It Through the Grapevine [cached]

Searching: Hughes/Thrall: Beg, Borrow Or Steal

	Hughes/Thrall: Beg, Borrow Or Steal [cached]

Searching: Tony Carey: I Won't Be Home Tonight

	Tony Carey: I Won't Be Home Tonight [cached]

Searching: Golden Earring: The Devil Made Me Do It

	Golden Earring: The Devil Made Me Do It [cached]

Searching: Phil Collins: I Cannot Believe It's True

	Phil Collins: I Cannot Believe It's True - 2016 Remaster [cached]

Searching: The Doobie Brothers: You Belong To Me

	The Doobie Brothers: You Belong to Me [cached]

Searching: Saga: The Flyer

	Saga: The Flyer [cached]

Searching: Twilight 22: Electric Kingdom

	Twilight 22: Electric Kingdom [cached]

Searching: D Train: Something's On Your Mind

	D-Train: Something's On Your Mind [cached]

Searching: Sheena Easton: Devil In A Fast Car

	Sheena Easton: Devil In A Fast Car [cached]

Searching: Kenny Rogers: Eyes That See In The Dark

	Kenny Rogers: Eyes That See In The Dark [cached]

Searching: Cherelle: I Didn't Mean To Turn You On
=========> Cherelle: I Didn t Mean To Turn You On

	 NOT FOUND

Searching: Kenny Rogers: Crazy

	Kenny Rogers: Crazy [cached]

Searching: Barbra Streisand: Emotion

	Barbra Streisand: Emotion [cached]

Searching: Urgent: Running Back

	 NOT FOUND

Searching: Kim Carnes: Divided Hearts

	Kim Carnes: Divided Hearts [cached]

Searching: Limited Warranty: Victory Line

	 NOT FOUND

Searching: Icehouse: No Promises

	ICEHOUSE: No Promises [cached]

Searching: Device: Who Says

	Device: Who Says [cached]

Searching: 4 By Four: Want You For My Girlfriend

	 NOT FOUND

Searching: Whitesnake: Still Of The Night

	Whitesnake: Still of the Night - 2018 Remaster [cached]

Searching: David Hallyday: He's My Girl
=========> David Hallyday: He s My Girl

	 NOT FOUND

Searching: Smokey Robinson: What's Too Much

	Smokey Robinson: What's Too Much [cached]

Searching: Keith Sweat: Something Just Ain't Right

	Keith Sweat: Something Just Ain't Right - Single Version; 2007 Remaster [cached]

Searching: Michael Bolton: Wait On Love

	Michael Bolton: Wait On Love [cached]

Searching: Times Two: Cecilia

	 NOT FOUND

Searching: Cher: Skin Deep

	Neneh Cherry: Natural Skin Deep [cached]

Searching: Patti LaBelle: If You Asked Me To (From "Licence To Kill")

	Patti LaBelle: If You Asked Me To [cached]

Searching: The Party: I Found Love

	The Party: I Found Love [cached]

Searching: The Soup Dragons: I'm Free

	The Soup Dragons: I'm Free [cached]

Searching: ZZ Top: Give It Up

	ZZ Top: Give It Up [cached]

Searching: Little Caesar: In Your Arms

	Little Caesar: In Your Arms [cached]

Searching: Lonnie Gordon: Gonna Catch You (From "Cool As Ice")

	Lonnie Gordon: Gonna Catch You [cached]

Searching: Clubland: Hold On (Tighter To Love)

	Clubland: Hold On (Tighter to Love) - Allister Whitehead Remix [cached]

Searching: Enya: Caribbean Blue

	Enya: Caribbean Blue - 2009 Remaster [cached]

Searching: Jazzy Jeff & The Fresh Prince: I'm Looking For The One (To Be With Me)

	DJ Jazzy Jeff & The Fresh Prince: I'm Looking For The One (To Be With Me) [cached]

Searching: Missjones: Where I Wanna Be Boy

	 NOT FOUND

Searching: Pearl Jam: Jeremy/Yellow Ledbetter

	Pearl Jam: Jeremy [cached]

Searching: Capleton: Wings Of The Morning

	Capleton: Wings Of The Morning - Dynamik Duo Mix [cached]

Searching: Pure Soul: Stairway To Heaven

	 NOT FOUND

Searching: Brooks & Dunn: My Maria

	Brooks & Dunn: My Maria [cached]

Searching: Donell Jones: In The Hood

	Donell Jones: In the Hood - Playas Version [cached]

Searching: JAY-Z: Feelin' It

	JAY-Z: Feelin' It [cached]

Searching: Suga Free: If U Stay Ready

	Suga Free: If U Stay Ready [cached]

Searching: Lil Suzy: Can't Get You Out Of My Mind

	Lil Suzy: Can't Get You Out Of My Mind [cached]

Searching: Kenny Chesney: That's Why I'm Here

	Kenny Chesney: That's Why I'm Here [cached]

Searching: EOL: Love The Way
=========> EOL: Love Way

	 NOT FOUND

Searching: DMX: Stop Being Greedy

	DMX: Stop Being Greedy [cached]

Searching: Bounty Killer Featuring Mobb Deep & Rappin' Noyd: Deadly Zone

	Bounty Killer: Deadly Zone [Instrumental] [cached]

Searching: Tim McGraw: Where The Green Grass Grows

	Tim McGraw: Where The Green Grass Grows [cached]

Searching: Kirk Franklin Featuring Mary J. Blige, Bono, R. Kelly, Crystal Lewis & The Family: Lean On Me

	Kirk Franklin: Lean On Me [cached]

Searching: Donna Summer: I Will Go With You (Con Te Partiro)

	Donna Summer: I Will Go With You (Con Te Partiro) - Radio Edit [cached]

Searching: Dru Hill: Beauty

	Dru Hill: Beauty [cached]

Searching: Brandy: U Don't Know Me (Like U Used To)

	Brandy: U Don't Know Me (Like U Used To) [cached]

Searching: Montgomery Gentry: Daddy Won't Sell The Farm

	Montgomery Gentry: Daddy Won't Sell the Farm [cached]

Searching: SHeDAISY: Lucky 4 You (Tonight I'm Just Me)

	SHeDAISY: Lucky 4 You (Tonight I'm Just Me) - Remix [cached]

Searching: Linkin Park: Crawling

	Linkin Park: Crawling [cached]

Searching: Amanda Perez: Never

	Amanda Perez: I Pray (Never Forget) [cached]

Searching: Angie Stone: Wish I Didn't Miss You

	Angie Stone: Wish I Didn't Miss You [cached]

Searching: Scarface Featuring Jay-Z & Beanie Sigel: Guess Who's Back

	Scarface: Guess Who's Back [cached]

Searching: Josh Kelley: Amazing

	Josh Kelley: Amazing [cached]

Searching: Seal: Love's Divine

	Seal: Love's Divine [cached]

Searching: A Perfect Circle: The Outsider

	A Perfect Circle: The Outsider [cached]

Searching: Cassidy Featuring Mashonda: Get No Better

	Cassidy: Get No Better (feat. Mashonda) [cached]

Searching: Britney Spears: Outrageous

	Britney Spears: Outrageous [cached]

Searching: Mannie Fresh: Real Big

	 NOT FOUND

Searching: Dem Franchize Boyz: White Tee's

	Dem Franchize Boyz: White Tee [cached]

Searching: Common: Go!

	Common: GO! [cached]

Searching: Tim McGraw: My Old Friend

	Tim McGraw: My Old Friend [cached]

Searching: Anais: Lo Que Son Las Cosas

	Anaïs: Lo Que Son Las Cosas - Duranguense Version [cached]

Searching: Mariah Carey Featuring Snoop Dogg: Say Somethin'

	Mariah Carey: Say Somethin' [cached]

Searching: Korn: Coming Undone

	Korn: Coming Undone [cached]

Searching: Audioslave: Original Fire

	Audioslave: Original Fire [cached]

Searching: Chris Cornell: You Know My Name

	Chris Cornell: You Know My Name - From "Casino Royale" Soundtrack [cached]

Searching: Blake Shelton: Don't Make Me

	Blake Shelton: Don't Make Me [cached]

Searching: Chris Brown: Wall To Wall

	Chris Brown: Wall To Wall [cached]

Searching: DAY26: Got Me Going

	DAY26: Got Me Going [cached]

Searching: Melissa Lawson: What If It All Goes Right

	Melissa Lawson: What If It All Goes Right [cached]

Searching: The Pussycat Dolls: Top Of The World
=========> Pussycat Dolls: Top Of World

	 NOT FOUND

Searching: U2: Magnificent

	U2: Magnificent [cached]

Searching: DAY26 Featuring P. Diddy & Yung Joc: Imma Put It On Her

	DAY26: Imma Put It on Her (feat. P. Diddy & Yung Joc) [cached]

Searching: Madcon: Beggin'

	Madcon: Beggin (original version) [cached]

Searching: The Fray: Heartless

	The Fray: Heartless [cached]

Searching: Yo Gotti: 5 Star

	Yo Gotti: 5 Star Remix [cached]

Searching: Justin Bieber: Down To Earth

	Justin Bieber: Down To Earth [cached]

Searching: Christina Aguilera Featuring Nicki Minaj: Woohoo

	Christina Aguilera: Woohoo (feat. Nicki Minaj) [cached]

Searching: Glee Cast: Another One Bites The Dust

	Glee Cast: Another One Bites The Dust (Glee Cast Version) [cached]

Searching: Asher Roth: G.R.I.N.D. (Get Ready It's A New Day)

	Asher Roth: G.R.I.N.D. (Get Ready It's A New Day) [cached]

Searching: The Killers: Boots

	The Killers: Boots [cached]

Searching: Big Time Rush: Big Night

	 NOT FOUND

Searching: Garrett Hedlund & Leighton Meester: Give In To Me

	Garrett Hedlund: Give In to Me [cached]

Searching: DJ Khaled Featuring Rick Ross, Plies, Lil Wayne & T-Pain: Welcome To My Hood

	DJ Khaled: Welcome To My Hood - Remix [cached]

Searching: Glee Cast: Don't Stop

	Glee Cast: Don't Stop Believin' (Glee Cast Version) [cached]

Searching: Lil Wayne Featuring Drake & Jadakiss: It's Good

	Lil Wayne: It's Good [cached]

Searching: Lloyd Featuring Andre 3000 & Lil Wayne: Dedication To My Ex (Miss That)

	Lloyd: Dedication To My Ex (Miss That) [cached]

Searching: John Legend Featuring Ludacris: Tonight (Best You Ever Had)

	John Legend: Tonight (Best You Ever Had) (feat. Ludacris) [cached]

Searching: 50 Cent Featuring Dr. Dre & Alicia Keys: New Day

	50 Cent: New Day [cached]

Searching: Lifehouse Featuring Natasha Bedingfield: Between The Raindrops

	Lifehouse: Between The Raindrops [cached]

Searching: Little Mix: Wings

	Little Mix: Wings [cached]

Searching: Train Featuring Ashley Monroe: Bruises

	Train: Bruises (feat. Ashley Monroe) [cached]

Searching: Romeo Santos: Propuesta Indecente

	Romeo Santos: Propuesta Indecente [cached]

Searching: Imagine Dragons: On Top Of The World

	Imagine Dragons: On Top Of The World [cached]

Searching: Christina Grimmie: How To Love

	 NOT FOUND

Searching: Lana Del Rey: Shades Of Cool

	Lana Del Rey: Shades Of Cool [cached]

Searching: Hilary Duff: Chasing The Sun

	Hilary Duff: Chasing the Sun [cached]

Searching: Eli Young Band: Dust

	Eli Young Band: Dust [cached]

Searching: Train: Angel In Blue Jeans

	Train: Angel in Blue Jeans [cached]

Searching: Migos: Handsome And Wealthy

	Migos: Handsome And Wealthy [cached]

Searching: LunchMoney Lewis: Bills

	LunchMoney Lewis: Bills [cached]

Searching: Janelle Monae & Jidenna: Yoga

	Janelle Monáe: Yoga [cached]

Searching: The Weeknd: Shameless

	The Weeknd: Shameless [cached]

Searching: Flo Rida Featuring Jason Derulo: Hello Friday

	Flo Rida: Hello Friday (feat. Jason Derulo) [cached]

Searching: Kendrick Lamar: Untitled 02 l 06.23.2014.

	Kendrick Lamar: untitled 02 | 06.23.2014. [cached]

Searching: Yo Gotti Featuring E-40: Law

	Yo Gotti: Law (feat. E-40) [cached]

Searching: Justin Moore: You Look Like I Need A Drink

	Justin Moore: You Look Like I Need A Drink [cached]

Searching: Frank Ocean: Nikes

	Frank Ocean: Nikes [cached]

Searching: The Game Featuring Jeremih: All Eyez

	The Game: All Eyez - Bonus Track [cached]

Searching: Meek Mill: Wins & Losses

	Meek Mill: Wins & Losses [cached]

Searching: Brothers Osborne: It Ain't My Fault

	Brothers Osborne: It Ain't My Fault [cached]

Searching: Miley Cyrus: Younger Now

	Miley Cyrus: Younger Now [cached]

Searching: Lil Uzi Vert Featuring Pharrell Williams: Neon Guts

	Lil Uzi Vert: Neon Guts (feat. Pharrell Williams) [cached]

Searching: Lil Peep: Awful Things

	Lil Peep: Awful Things [cached]

Searching: High Valley: She's With Me

	High Valley: She's With Me [cached]

Searching: Bhad Bhabie Featuring Lil Yachty: Gucci Flip Flops

	Bhad Bhabie: Gucci Flip Flops (feat. Lil Yachty) [cached]

Searching: Lil Baby: Southside

	Lil Baby: Southside [cached]

Searching: Lil Skies Featuring Yung Pinch: I Know You

	Lil Skies: I Know You (feat. Yung Pinch) [cached]

Searching: twenty one pilots: Nico And The Niners

	Twenty One Pilots: Nico and the Niners [cached]

Searching: Chris Janson: Drunk Girl

	Chris Janson: Drunk Girl [cached]

Searching: Metro Boomin Featuring Travis Scott, Kodak Black & 21 Savage: No More

	Metro Boomin: No More (feat. Travis Scott, Kodak Black & 21 Savage) [cached]

Searching: Alec Benjamin + Alessia Cara: Let Me Down Slowly

	Alec Benjamin: Let Me Down Slowly (feat. Alessia Cara) [cached]

Searching: Future: Rocket Ship

	Future: Rocket Ship [cached]

Searching: Billie Eilish: 8

	Billie Eilish: 8 [cached]

Searching: Summer Walker: Drunk Dialing...LODT

	Summer Walker: Drunk Dialing...LODT [cached]

Searching: YoungBoy Never Broke Again: Time I'm On

	YoungBoy Never Broke Again: Time I'm On [cached]

Searching: YoungBoy Never Broke Again: Rich As Hell

	YoungBoy Never Broke Again: Rich As Hell [cached]

Searching: Trippie Redd: Love Me More

	Trippie Redd: Love Me More [cached]

Searching: DaniLeigh Featuring Chris Brown: Easy

	DaniLeigh: Easy - Remix [cached]

Searching: Future: Posted With Demons

	Future: Posted With Demons [cached]

Searching: Pop Smoke: Tunnel Vision (Outro)

	Pop Smoke: Tunnel Vision (Outro) [cached]

Searching: Internet Money Featuring Juice WRLD & Trippie Redd: Blastoff

	Internet Money: Blastoff (feat. Juice Wrld & Trippie Redd) [cached]

Searching: Ritt Momney: Put Your Records On

	Ritt Momney: Put Your Records On [cached]

Searching: Bad Bunny: El Mundo Es Mio

	Bad Bunny: EL MUNDO ES MÍO [cached]
