Found 216/242 = 89%
26 not found: 
Perry Como: Make Someone Happy
Connie Francis: Roundabout
Alan Price Set: I Put A Spell On You
Lou Courtney: Do The Thing
Al Martino: A Voice In The Choir
Roger Miller: Vance
Robin McNamara: Got To Believe In Love
Bobby Bloom: Make Me Happy
Clarence Carter: Mother-in-law
Southcote: She
Dooley Silverspoon: Bump Me Baby Part 1
Kacey Cisyk/Original Cast: You Light Up My Life
Talking Heads: Life During Wartime (This Ain't No Party...This Ain't No Disco...This Ain't
Rockie Robbins: You And Me
Shamus M'Cool: American Memories
Donnie Iris: Sweet Merilee
Timmy Thomas: Gotta Give A Little Love (Ten Years Later)
Uptown: (I Know) I'm Losing You
Newcity Rockers: Black Dog
Tony Terry: Forever Yours
Three The... G. Dep, P. Diddy & Black Rob: Let's Get It
Tupac With Eminem Featuring The Outlawz: One Day At A Time
Pat Green: Feels Just Like It Should
Jordin Sparks: I Who Have Nothing
Annie Lennox: Many Rivers To Cross
Carrie Underwood: Favorite Time Of Year
--------- log -----------
Searching: Chuck Berry: Johnny B. Goode

	Chuck Berry: Johnny B. Goode [cached]

Searching: Gogi Grant: Strange Are The Ways Of Love

	Gogi Grant: Strange Are the Ways of Love [cached]

Searching: The McGuire Sisters: Volare (Nel Blu, Dipinto Di Blu)

	The McGuire Sisters: Volare [cached]

Searching: Paul Anka: Just Young

	Paul Anka: Just Young [cached]

Searching: Wade Flemons and the Newcomers: Here I Stand

	Wade Flemons: Here I Stand [cached]

Searching: Chuck Berry: Little Queenie

	Chuck Berry: Little Queenie [cached]

Searching: Gary Stites: A Girl Like You

	Gary Stites: A Girl Like You [cached]

Searching: Johnny Restivo: The Shape I'm In

	Johnny Restivo: The Shape I'm In [cached]

Searching: Sonny James: I Forgot More Than You'll Ever Know

	Sonny James: I Forgot More Than You'll Ever Know [cached]

Searching: The Johnny Otis Show: Mumblin' Mosie

	Johnny Otis: Mumblin' Mosie [cached]

Searching: Perry Como: Make Someone Happy

	 NOT FOUND

Searching: Cleveland Crochet and Band: Sugar Bee

	Cleveland Crochet: Sugar Bee [cached]

Searching: The Rollers: The Continental Walk

	The Rollers: The Continental Walk [cached]

Searching: Roy Hamilton: You're Gonna Need Magic

	Roy Hamilton: You're Gonna Need Magic [cached]

Searching: Jackie Wilson: Lonely Life

	Jackie Wilson: Lonely Life [cached]

Searching: The Preludes Five: Starlight

	Preludes Five: Starlight [cached]

Searching: Richard Hayman And His Orchestra: Night Train

	Richard Hayman: Night Train - Remastered [cached]

Searching: Kathy Young With The Innocents: Magic Is The Night

	Kathy Young: Magic Is the Night (Original Mix) [cached]

Searching: Danny & The Juniors: Back To The Hop

	Danny & The Juniors: Back To The Hop [cached]

Searching: Benny Spellman: Lipstick Traces (On A Cigarette)

	Benny Spellman: Lipstick Traces (On A Cigarette) - 2002 Digital Remaster; 24 Bit Mastering [cached]

Searching: Tommy Boyce: I'll Remember Carol

	Tommy Boyce: I'll Remember Carol [cached]

Searching: Eydie Gorme: Everybody Go Home

	Eydie Gormé: Everybody Go Home [cached]

Searching: Bobby Rydell: A World Without Love

	Bobby Rydell: A World Without Love [cached]

Searching: Travis Wammack: Scratchy

	Travis Wammack: Scratchy [cached]

Searching: Johnny Cash: Orange Blossom Special

	Johnny Cash: Orange Blossom Special - Live at Folsom State Prison, Folsom, CA (1st Show) - January 1968 [cached]

Searching: The Three Degrees: Gee Baby (I'm Sorry)

	The Three Degrees: Gee Baby I'm Sorry / Take Good Care of Yourself / The Runner - Live Medley [cached]

Searching: Connie Francis: Roundabout

	 NOT FOUND

Searching: Lesley Gore: I Won't Love You Anymore (Sorry)

	Lesley Gore: I Won't Love You Anymore (Sorry) [cached]

Searching: Johnny Lytle: The Loop

	Johnny Lytle: The Loop [cached]

Searching: New Colony Six: I Confess

	The New Colony Six: I Confess [cached]

Searching: J.J. Barnes: Real Humdinger

	J.J. Barnes: Real Humdinger [cached]

Searching: Drafi: Marble Breaks And Iron Bends

	Drafi Deutscher: Marmor, Stein und Eisen bricht - Marble, Breaks and Iron Bends [cached]

Searching: Tammi Terrell: Come On And See Me

	Tammi Terrell: Come On And See Me [cached]

Searching: Clefs Of Lavender Hill: Stop! - Get A Ticket

	The Clefs Of Lavender Hill: Stop! Get a Ticket - Stereo Single Mix [cached]

Searching: Alan Price Set: I Put A Spell On You

	 NOT FOUND

Searching: B.J. Thomas: Tomorrow Never Comes

	B.J. Thomas: Tomorrow Never Comes [cached]

Searching: Lou Courtney: Do The Thing
=========> Lou Courtney: Do Thing

	 NOT FOUND

Searching: O.V. Wright: Eight Men, Four Women

	O.V. Wright: Eight Men And Four Women - Single Version [cached]

Searching: The Kinks: Mr. Pleasant

	The Kinks: Mr. Pleasant [cached]

Searching: The Impressions: I Can't Stay Away From You

	The Impressions: I Can't Stay Away From You - Single Version [cached]

Searching: The Parliaments: All Your Goodies Are Gone (The Loser's Seat)

	The Parliaments: All Your Goodies Are Gone [cached]

Searching: Al Martino: A Voice In The Choir
=========> Al Martino: A Voice In Choir

	 NOT FOUND

Searching: The Human Beinz: Turn On Your Love Light

	The Human Beinz: Turn On Your Love Light [cached]

Searching: Eric Burdon & The Animals: Anything

	Eric Burdon & the Animals: Anything [cached]

Searching: Wilmer And The Dukes: Give Me One More Chance

	Wilmer: Give Me One More Chance [cached]

Searching: Martha Reeves & The Vandellas: Sweet Darlin'

	Martha Reeves & The Vandellas: Sweet Darlin' - Single Version / Mono [cached]

Searching: Roger Miller: Vance

	 NOT FOUND

Searching: The Association: Goodbye Columbus

	The Association: Goodbye Columbus - Remastered Version [cached]

Searching: Led Zeppelin: Good Times Bad Times

	Led Zeppelin: Good Times Bad Times - 1993 Remaster [cached]

Searching: Billie Jo Spears: Mr. Walker, It's All Over

	Billie Jo Spears: Mr. Walker, It's All Over [cached]

Searching: Paul Anka: Sincerely

	Paul Anka: Sincerely [cached]

Searching: Edwin Starr: I'm Still A Struggling Man

	Edwin Starr: I'm Still A Struggling Man [cached]

Searching: Orpheus: Can't Find The Time

	Orpheus: I CAN'T FIND THE TIME TO TELL YOU [cached]

Searching: The Illusion: Together

	The Illusion: Together [cached]

Searching: King Crimson: The Court Of The Crimson King - Part 1

	King Crimson: The Court Of The Crimson King [cached]

Searching: Funkadelic: I Got A Thing, You Got A Thing, Everybody's Got A Thing

	Funkadelic: I Got a Thing, You Got a Thing, Everybody's Got a Thing [cached]

Searching: Robin McNamara: Got To Believe In Love

	 NOT FOUND

Searching: Mark Lindsay: Problem Child

	Mark Lindsay: Problem Child - Stereo Single Version [cached]

Searching: Bobby Bloom: Make Me Happy

	 NOT FOUND

Searching: Dee Dee Warwick: Suspicious Minds

	Dee Dee Warwick: Suspicious Minds [cached]

Searching: James Gang: Midnight Man

	James Gang: Midnight Man [cached]

Searching: Al Martino: Speak Softly Love

	Al Martino: Speak Softly Love - Remastered [cached]

Searching: Tom Jones: The Young New Mexican Puppeteer

	Tom Jones: The Young New Mexican Puppeteer [cached]

Searching: Jethro Tull: A Passion Play (Edit #8)

	Jethro Tull: A Passion Play (Pt. I) - Pt. I; 2003 Remaster [cached]

Searching: Clarence Carter: Mother-in-law
=========> Clarence Carter: Mother

	 NOT FOUND

Searching: Bill Withers: Friend Of Mine

	Bill Withers: Friend of Mine - Live at Carnegie Hall, New York, NY - October 1972 [cached]

Searching: Edwin Starr: There You Go

	Edwin Starr: There You Go [cached]

Searching: Albert Hammond: The Peacemaker

	Albert Hammond: The Peacemaker [cached]

Searching: Paul Anka: Let Me Get To Know You

	Paul Anka: Let Me Get To Know You [cached]

Searching: Lou Christie: Beyond The Blue Horizon

	Lou Christie: Beyond The Blue Horizon [cached]

Searching: Southcote: She

	 NOT FOUND

Searching: Rick Derringer: Teenage Love Affair

	Rick Derringer: Teenage Love Affair [cached]

Searching: Sylvia And The Moments: Sho Nuff Boogie (Part I)

	Sylvia: Sho' Nuff Boogie [cached]

Searching: Billy Joel: Worse Comes To Worst

	Billy Joel: Worse Comes to Worst [cached]

Searching: Bob Seger: Get Out Of Denver

	Bob Seger: Get Out Of Denver - Live In Detroit/1975 [cached]

Searching: Harold Melvin And The Blue Notes: Where Are All My Friends

	Harold Melvin & The Blue Notes: Where Are All My Friends (feat. Teddy Pendergrass) [cached]

Searching: James Brown: Reality

	James Brown: Reality [cached]

Searching: Dooley Silverspoon: Bump Me Baby Part 1

	 NOT FOUND

Searching: Disco Tex & The Sex-O-Lettes Featuring Sir Monti Rock III: Jam Band

	Disco Tex & His Sex-O-Lettes: Jam Band [cached]

Searching: Tom Scott: Uptown & Country

	Tom Scott: Uptown and Country - Live [cached]

Searching: Lynyrd Skynyrd: Double Trouble

	Lynyrd Skynyrd: Double Trouble [cached]

Searching: The 5th Dimension: Love Hangover

	The 5th Dimension: Love Hangover [cached]

Searching: Donna Summer: Try Me, I Know We Can Make It

	Donna Summer: Try Me, I Know We Can Make It - Edit [cached]

Searching: Andrea True Connection: Party Line

	Andrea True Connection: Party Line [cached]

Searching: Dr. Buzzard's Original Savannah Band: I'll Play The Fool

	Dr. Buzzard's Original Savannah Band: I'll Play The Fool - Digitally Mastered - August 1988 [cached]

Searching: The Alan Parsons Project: The Raven

	The Alan Parsons Project: The Raven - 1987 Remix [cached]

Searching: American Flyer: Let Me Down Easy

	American Flyer: Let Me Down Easy [cached]

Searching: Cliff Richard: I Can't Ask For Anymore Than You

	Cliff Richard: I Can't Ask for Anymore Than You [cached]

Searching: The Sons Of Champlin: Here Is Where Your Love Belongs

	The Sons Of Champlin: Here Is Where Your Love Belongs [cached]

Searching: Paul Anka: My Best Friend's Wife

	Paul Anka: My Best Friend's Wife [cached]

Searching: Daryl Hall John Oates: It's Uncanny

	Daryl Hall & John Oates: It's Uncanny - 2015 Japanese Remaster [cached]

Searching: Kacey Cisyk/Original Cast: You Light Up My Life
=========> Kacey Cisyk: You Light Up My Life

	 NOT FOUND

Searching: Addrisi Brothers: Never My Love

	The Addrisi Brothers: Never My Love [cached]

Searching: Ronnie Milsap: What A Difference You've Made In My Life

	Ronnie Milsap: What A Difference You've Made In My Life [cached]

Searching: Denise LaSalle: Love Me Right

	Denise LaSalle: Love Me Right [cached]

Searching: Bill Brandon: We Fell In Love While Dancing

	BILL BRANDON: We Fell in Love While Dancing [cached]

Searching: Bill Anderson: I Can't Wait Any Longer

	Bill Anderson: I Can't Wait Any Longer [cached]

Searching: Shaun Cassidy: Our Night

	Shaun Cassidy: Our Night [cached]

Searching: ABBA: Voulez-Vous

	ABBA: Voulez-Vous [cached]

Searching: Hotel: Hold On To The Night

	Hôtel: Hold on to the Night [cached]

Searching: Talking Heads: Life During Wartime (This Ain't No Party...This Ain't No Disco...This Ain't
=========> Talking Heads: Life During Wartime  This Ain t No Party   This Ain t No Disco   This Ain t

	 NOT FOUND

Searching: Rockie Robbins: You And Me

	 NOT FOUND

Searching: Roxy Music: Over You

	Roxy Music: Over You [cached]

Searching: Change: Paradise

	Change: Paradise - Full Length Album Mix [cached]

Searching: Shamus M'Cool: American Memories
=========> Shamus M Cool: American Memories

	 NOT FOUND

Searching: Donnie Iris: Sweet Merilee

	 NOT FOUND

Searching: Chic: Soup For One

	CHIC: Soup for One [cached]

Searching: Joe Fagin: Younger Days

	Joe Fagin: Younger Days [cached]

Searching: Maze Featuring Frankie Beverly: Love Is The Key

	Maze: Love Is The Key - Remastered [cached]

Searching: INXS: Don't Change

	INXS: Don't Change [cached]

Searching: Dolly Parton: Downtown

	Dolly Parton: Downtown [cached]

Searching: Poco: Days Gone By

	Poco: Days Gone By [cached]

Searching: Timmy Thomas: Gotta Give A Little Love (Ten Years Later)
=========> Timmy Thomas: Gotta Give A Little Love

	 NOT FOUND

Searching: Fire Inc.: Tonight Is What It Means To Be Young

	Fire Inc.: Tonight Is What It Means To Be Young [cached]

Searching: Midnight Star: Scientific Love

	Midnight Star: Scientific Love [cached]

Searching: Sheena Easton: Swear

	Sheena Easton: Swear - 1993 Remastered Version [cached]

Searching: Al Corley: Square Rooms

	Al Corley: Square Rooms [cached]

Searching: Fortune: Stacy

	Fortune: Stacy [cached]

Searching: Klymaxx: The Men All Pause

	Klymaxx: The Men All Pause (Re-Recorded) [Remastered] [cached]

Searching: David Foster And Olivia Newton-John: The Best Of Me

	David Foster: The Best of Me [cached]

Searching: Billy Squier: Love Is The Hero

	Billy Squier: Love Is The Hero [cached]

Searching: Uptown: (I Know) I'm Losing You
=========> Uptown: I m Losing You

	 NOT FOUND

Searching: Newcity Rockers: Black Dog

	 NOT FOUND

Searching: The Robert Cray Band: Right Next Door (Because Of Me)

	The Robert Cray Band: Right Next Door - Live [cached]

Searching: Rod Stewart: Twistin' The Night Away (From "Innerspace")

	Rod Stewart: Twistin' The Night Away [cached]

Searching: Glenn Medeiros: Watching Over You

	Glenn Medeiros: Watching Over You [cached]

Searching: Def Leppard: Women

	Def Leppard: Women - Remastered 2017 [cached]

Searching: Samantha Fox: Nothing's Gonna Stop Me Now

	Samantha Fox: Nothing's Gonna Stop Me Now [cached]

Searching: Beau Coup: Sweet Rachel

	Beau Coup: Sweet Rachel [cached]

Searching: Martha Davis: Don't Tell Me The Time

	Martha Davis: Don't Tell Me the Time [cached]

Searching: Tony Terry: She's Fly

	Tony Terry: She's Fly (Extended Version) [cached]

Searching: James Taylor: Never Die Young

	James Taylor: Never Die Young [cached]

Searching: Stevie B: Dreamin' Of Love

	Stevie B: Dreaming Of Love [cached]

Searching: Stevie Wonder & Michael Jackson: Get It

	Stevie Wonder: Get It [cached]

Searching: Julio Iglesias Featuring Stevie Wonder: My Love

	Julio Iglesias: My Love (with Stevie Wonder) [cached]

Searching: Tony Terry: Forever Yours

	 NOT FOUND

Searching: 10,000 Maniacs: What's The Matter Here?

	10,000 Maniacs: What's the Matter Here? [cached]

Searching: John Lennon & The Plastic Ono Band: Jealous Guy

	John Lennon: Jealous Guy - Elements Mix [cached]

Searching: Al B. Sure!: Killing Me Softly

	Al B. Sure!: Killing Me Softly - Feel It Baby 12" Radio Edit [cached]

Searching: Fairground Attraction: Perfect

	Fairground Attraction: Perfect [cached]

Searching: Choirboys: Run To Paradise

	Choirboys: Run to Paradise [cached]

Searching: Styx: Love Is The Ritual

	Styx: Love Is The Ritual [cached]

Searching: TKA Featuring Michelle Visage: Crash (Have Some Fun)

	TKA: Crash (Have Some Fun) [cached]

Searching: MC Skat Kat & The Stray Mob: Skat Strut

	MC Skat Kat And The Stray Mob: Skat Strut [cached]

Searching: Marc Cohn: True Companion

	Marc Cohn: True Companion [cached]

Searching: Tone-Loc: All Through The Night

	Tone-Loc: All Through The Night [cached]

Searching: Black Sheep: Strobelite Honey

	Black Sheep: Strobelite Honey [cached]

Searching: The Black Crowes: Thorn In My Pride

	The Black Crowes: Thorn In My Pride [cached]

Searching: Nightcrawlers: Push The Feeling On

	Nightcrawlers: Push The Feeling On - Mk Dub Revisited Edit [cached]

Searching: Lenny Kravitz: Heaven Help/Spinning Around Over You

	Lenny Kravitz: Heaven Help [cached]

Searching: Jocelyn Enriquez: I've Been Thinking About You

	Jocelyn Enriquez: I've Been Thinking About You - Far East Mix [cached]

Searching: Big Mountain: Sweet Sensual Love

	Big Mountain: Sweet Sensual Love [cached]

Searching: Digable Planets: 9th Wonder (Slicker This Year)

	Digable Planets: 9th Wonder (Blackitolism) [cached]

Searching: Jordan Hill: Remember Me This Way (From "Casper")

	Jordan Hill: Remember Me This Way [cached]

Searching: BLACKstreet: Tonight's The Night

	Blackstreet: Tonight's The Night [cached]

Searching: Luther Vandross: I Can Make It Better

	Luther Vandross: I Can Make It Better [cached]

Searching: The Chemical Brothers: Setting Sun

	The Chemical Brothers: Setting Sun [cached]

Searching: Funky Green Dogs: Fired Up!

	Funky Green Dogs: Fired Up! [cached]

Searching: No Mercy: Kiss You All Over

	No Mercy: Kiss You All Over [cached]

Searching: Rebekah: Sin So Well

	Rebekah: Sin so Well [cached]

Searching: Heltah Skeltah Featuring Starang Wondah Of O.G.C. & Doc Holiday: I Ain't Havin' That

	Heltah Skeltah: I Ain't Havin That [cached]

Searching: Reel Tight: (Do You) Wanna Ride

	Reel Tight: (Do You) Wanna Ride [cached]

Searching: Adam Sandler: The Chanukah Song

	Adam Sandler: Chanukah Song - The [cached]

Searching: Limp Bizkit: Nookie

	Limp Bizkit: Nookie [cached]

Searching: Carl Thomas: Summer Rain

	Carl Thomas: Summer Rain [cached]

Searching: Billy Ray Cyrus: You Won't Be Lonely Now

	Billy Ray Cyrus: You Won't Be Lonely Now [cached]

Searching: The Clark Family Experience: Meanwhile Back At The Ranch

	Clark Family Experience: Meanwhile Back At The Ranch [cached]

Searching: Boyz II Men: Thank You In Advance

	Boyz II Men: Thank You In Advance [cached]

Searching: Three The... G. Dep, P. Diddy & Black Rob: Let's Get It
=========> Three The    G  Dep  P  Diddy: Let s Get It

	 NOT FOUND

Searching: Babyface: What If

	Babyface: What If - Urban Mix [cached]

Searching: Trace Adkins: Help Me Understand

	Trace Adkins: Help Me Understand [cached]

Searching: R. Kelly: Soldier's Heart

	Tune Robbers: Soldier's Heart [cached]

Searching: Fleetwood Mac: Peacekeeper

	Fleetwood Mac: Peacekeeper [cached]

Searching: Tupac With Eminem Featuring The Outlawz: One Day At A Time
=========> Tupac: One Day At A Time

	 NOT FOUND

Searching: Beenie Man: King Of The Dancehall

	Beenie Man: King Of The Dancehall [cached]

Searching: Jewel: Again And Again

	Jewel: Again and Again [cached]

Searching: Dashboard Confessional: Don't Wait

	Dashboard Confessional: Don't Wait [cached]

Searching: Dem Franchize Boyz: Ridin' Rims

	Dem Franchize Boyz: Ridin' Rims [cached]

Searching: Pat Green: Feels Just Like It Should

	 NOT FOUND

Searching: Alan Jackson: Like Red On A Rose

	Alan Jackson: Like Red On a Rose [cached]

Searching: Ashley Tisdale: Be Good To Me

	Ashley Tisdale: Be Good to Me [cached]

Searching: Jordin Sparks: I Who Have Nothing

	 NOT FOUND

Searching: Annie Lennox: Many Rivers To Cross

	 NOT FOUND

Searching: Lily Allen: The Fear

	Lily Allen: The Fear [cached]

Searching: OneRepublic With Sara Bareilles: Come Home

	OneRepublic: Come Home [cached]

Searching: T-Pain: Take Your Shirt Off

	T-Pain: Take Your Shirt Off [cached]

Searching: Glee Cast: As If We Never Said Goodbye

	Glee Cast: As If We Never Said Goodbye (Glee Cast Version) [cached]

Searching: Toby Keith: Somewhere Else

	Toby Keith: Somewhere Else [cached]

Searching: Glee Cast: I Can't Go For That / You Make My Dreams

	Glee Cast: I Can't Go For That / You Make My Dreams (Glee Cast Version) [cached]

Searching: Glee Cast: Bad

	Glee Cast: Bad Romance (Glee Cast Version) [cached]

Searching: Lindsey Pavao: Say Aah

	Lindsey Pavao: Say Aah - The Voice Performance [cached]

Searching: Diggy Featuring Jeremih: Do It Like You

	Diggy: Do It Like You (feat. Jeremih) [cached]

Searching: Trey Songz: Sex Ain't Better Than Love

	Trey Songz: Sex Ain't Better Than Love [cached]

Searching: Fat Joe Featuring Chris Brown: Another Round

	Fat Joe: Another Round (feat. Chris Brown) [cached]

Searching: Drake Featuring The Weeknd: Crew Love

	Drake: Crew Love [cached]

Searching: Maroon 5: Wipe Your Eyes

	Maroon 5: Wipe Your Eyes [cached]

Searching: 2 Chainz Featuring Lil Wayne: Yuck!

	2 Chainz: Yuck! [cached]

Searching: Taylor Swift: All Too Well

	Taylor Swift: All Too Well [cached]

Searching: Fall Out Boy: The Phoenix

	Fall Out Boy: The Phoenix [cached]

Searching: A$AP Rocky Featuring Skrillex: Wild For The Night

	A$AP Rocky: Wild for the Night (feat. Skrillex & Birdy Nam Nam) [cached]

Searching: T.I. Featuring Lil Wayne: Wit Me

	The Weeknd: Pray For Me (with Kendrick Lamar) [cached]

Searching: Demi Lovato: Made In The USA

	Demi Lovato: Made In The USA [cached]

Searching: Lady Antebellum: Goodbye Town

	Lady A: Goodbye Town [cached]

Searching: Enrique Iglesias Featuring Romeo Santos: Loco

	Enrique Iglesias: Loco [cached]

Searching: Buck 22 Featuring Billy Ray Cyrus: Achy Breaky 2

	Buck 22: Achy Breaky 2 (feat. Billy Ray Cyrus) [cached]

Searching: The 1975: Chocolate

	The 1975: Chocolate [cached]

Searching: Shawn Mendes: Something Big

	Shawn Mendes: Something Big [cached]

Searching: B.o.B Featuring Trey Songz: Not For Long

	B.o.B: Not for Long (feat. Trey Songz) [cached]

Searching: Big Sean Featuring Kanye West: All Your Fault

	Big Sean: All Your Fault [cached]

Searching: Breaking Benjamin: Failure

	Breaking Benjamin: Failure [cached]

Searching: A$AP Rocky Featuring ScHoolboy Q: Electric Body

	A$AP Rocky: Electric Body (feat. ScHoolboy Q) [cached]

Searching: Eminem Featuring Gwen Stefani: Kings Never Die

	Eminem: Kings Never Die [cached]

Searching: Chris Brown: Zero

	Chris Brown: Zero [cached]

Searching: Alan Walker: Faded

	Alan Walker: Faded [cached]

Searching: Frank Ocean: Ivy

	Frank Ocean: Ivy [cached]

Searching: Ugly God: Water

	Ugly God: Water [cached]

Searching: Granger Smith: If The Boot Fits

	Granger Smith: If the Boot Fits [cached]

Searching: RiceGum Featuring Alissa Violet: Its Every Night Sis

	Ricegum: Its Every Night Sis [cached]

Searching: Lil Uzi Vert: Two

	Lil Uzi Vert: 20 Min [cached]

Searching: Kane Brown: Found You

	Kane Brown: Found You [cached]

Searching: Big Sean & Metro Boomin Featuring 21 Savage: Pull Up N Wreck

	Big Sean: Pull Up N Wreck (& Metro Boomin) [cached]

Searching: Troye Sivan: My My My!

	Troye Sivan: My My My! [cached]

Searching: Jennifer Lopez Featuring DJ Khaled & Cardi B: Dinero

	Jennifer Lopez: Dinero [cached]

Searching: XXXTENTACION: Numb

	XXXTENTACION: NUMB [cached]

Searching: Logic Featuring Ryan Tedder: One Day

	Logic: One Day (feat. Ryan Tedder) [cached]

Searching: Lil Baby & Gunna: Belly

	Lil Baby: Belly (Lil Baby & Gunna) [cached]

Searching: Lil Mosey: Noticed

	Lil Mosey: Noticed [cached]

Searching: Loud Luxury Featuring Brando: Body

	Loud Luxury: Body [cached]

Searching: Rich The Kid: Splashin

	Rich The Kid: Splashin [cached]

Searching: Joji: Sanctuary

	Joji: Sanctuary [cached]

Searching: Lil Tecca: Out Of Luck

	Lil Tecca: Out Of Luck [cached]

Searching: Summer Walker: Over It

	Summer Walker: Over It [cached]

Searching: Mac Miller: Everybody

	Mac Miller: Everybody [cached]

Searching: A Boogie Wit da Hoodie Featuring DaBaby: Stain

	A Boogie Wit da Hoodie: Stain (feat. DaBaby) [cached]

Searching: YoungBoy Never Broke Again: RIP Lil Phat

	YoungBoy Never Broke Again: RIP Lil Phat [cached]

Searching: The Weeknd: Until I Bleed Out

	The Weeknd: Until I Bleed Out [cached]

Searching: Kehlani Featuring Jhene Aiko: Change Your Life

	Kehlani: Change Your Life (feat. Jhené Aiko) [cached]

Searching: Sleepy Hallow: Deep End Freestyle

	Sleepy Hallow: Deep End Freestyle [cached]

Searching: Lil Tecca & Lil Uzi Vert: Dolly

	Lil Tecca: Dolly (with Lil Uzi Vert) [cached]

Searching: Trippie Redd: Weeeeee

	Trippie Redd: Weeeeee [cached]

Searching: Carrie Underwood: Favorite Time Of Year

	 NOT FOUND

Searching: Kid Cudi: Dive

	Kid Cudi: Dive [cached]
