Found 244/280 = 87%
36 not found: 
Marcy Joe: Ronnie
Marty Robbins: I Told The Brook
Lee Morgan: The Sidewinder, Part 1
The Sandpebbles: Forget It
Herbie Mann: Unchain My Heart
Ray Stevens: Sunday Mornin' Comin' Down
Blues Image: Gas Lamps And Clay
The Stairsteps: Didn't It Look So Easy
Glen Campbell/Anne Murray: I Say A Little Prayer/By The Time I Get To Phoenix
Ray Charles: I Can Make It Thru The Days (But Oh Those Lonely Nights)
Ron Banks And The Dramatics: (I'm Going By) The Stars In Your Eyes
Ray Sawyer: (one More Year Of) Daddy's Little Girl
Mary Macgregor: The Wedding Song (There Is Love)
The London Symphony Orchestra/John Williams: Theme From Superman (Main Title)
Vaughan Mason And Crew: Bounce, Rock, Skate, Roll Pt. 1
Crystal Gayle: The Blue Side
Yutaka: Love Light
The Cantina Band (featuring Lou Christie): Summer '81 medley
Eddie Rabbitt: You Put The Beat In My Heart
Industry: State Of The Union
Kenny Rogers & Dolly Parton: The Greatest Gift Of All
Curtie & The Boom Box: Black Kisses Never Make You Blue
Natalie Cole: A Little Bit of Heaven
The Escape Club: Walking Through Walls
Pat & Mick: Use It Up And Wear It Out
East Coast Family: 1-4-All-4-1
Vybe: Warm Summer Daze
Redman: Funkorama
2Pac, Notorious B.I.G., Radio, Dramacydal & Stretch: Runnin'
Randy Travis: Stranger In My Mirror
R. Kelly & Jay-Z: Take You Home With Me a.k.a. Body
Ryan Duarte: You
Body Head Bangerz Featuring YoungBloodz: I Smoke, I Drank
Christopher Wilde & Anna Margaret: Something About The Sunshine
Matt McAndrew: Make It Rain
King Von Featuring Lil Durk: Crazy Story 2.0
--------- log -----------
Searching: Chuck Berry: Beautiful Delilah

	Chuck Berry: Beautiful Delilah - Single Version [cached]

Searching: Warren Storm: Prisoner's Song

	Warren Storm: Prisoner's Song [cached]

Searching: Johnnie Ray: Up Until Now

	Johnnie Ray: Up Until Now [cached]

Searching: The Playmates: The Day I Died

	The Playmates: The Day I Died [cached]

Searching: Jesse Belvin: Funny

	Jesse Belvin: Funny [cached]

Searching: Peggy Lee: My Man

	Peggy Lee: My Man - Remastered 1995 [cached]

Searching: Pat and the Satellites: Jupiter-C

	Pat B: R & B Sux - Teksoldierz & Project Jupiter Remix [cached]

Searching: Little Anthony And The Imperials: A Prayer And A Juke Box

	Little Anthony & The Imperials: A Prayer and a Juke Box [cached]

Searching: Johnny Horton: Sal's Got A Sugar Lip

	Johnny Horton: Sal's Got A Sugar Lip [cached]

Searching: Sam Cooke: There, I've Said It Again

	Sam Cooke: There I've Said It Again - Mono [cached]

Searching: The Five Satins: In The Still Of The Nite

	The Five Satins: In The Still Of The Nite [cached]

Searching: Perry Como: I Know What God Is

	Perry Como: I Know What God Is [cached]

Searching: Paul Evans: The Brigade Of Broken Hearts

	Paul Evans: The Brigade Of Broken Hearts [cached]

Searching: Bobby Vee: Since I Met You Baby

	Bobby Vee: Since I Met You Baby [cached]

Searching: The Crests featuring Johnny Mastro: Journey Of Love

	The Crests: Journey of Love [cached]

Searching: Buster Brown: Is You Is Or Is You Ain't My Baby

	Buster Brown: Is You Is or Is You Ain't My Baby [cached]

Searching: Jan & Dean: Gee

	Jan & Dean: Gee [cached]

Searching: The "5" Royales: Dedicated To The One I Love

	The "5" Royales: Dedicated To The One I Love [cached]

Searching: LaVern Baker & Jimmy Ricks: You're The Boss

	LaVern Baker with Jimmy Ricks: You're the Boss [cached]

Searching: Mark Dinning: Top Forty, News, Weather And Sports

	Mark Dinning: Top Forty, News, Weather and Sports [cached]

Searching: Marcy Joe: Ronnie

	 NOT FOUND

Searching: Ray Ellis And His Orchestra: La Dolce Vita (The Sweet Life)

	Ray Ellis And His Orchestra: La Dolce Vita [cached]

Searching: Ben E. King: Here Comes The Night

	Ben E. King: Here Comes the Night - Mono [cached]

Searching: Marty Robbins: I Told The Brook
=========> Marty Robbins: I Told Brook

	 NOT FOUND

Searching: Steve Alaimo: Mashed Potatoes (Part 1)

	Steve Alaimo: Mashed Potatoes - Remastered [cached]

Searching: The G-Clefs: A Girl Has To Know

	The G Clefs: A Girl Has to Know [cached]

Searching: The Kingston Trio: Scotch And Soda

	The Kingston Trio: Scotch And Soda [cached]

Searching: The Lettermen: Silly Boy (She Doesn't Love You)

	The Lettermen: Silly Boy (She Doesn't Love You) [cached]

Searching: The Fiestas: Broken Heart

	The Fiestas: Broken Heart [cached]

Searching: The Ribbons: Ain't Gonna Kiss Ya

	The Ribbons: Ain't Gonna Kiss Ya [cached]

Searching: Timi Yuro: Insult To Injury

	Timi Yuro: Insult To Injury [cached]

Searching: Ray Stevens: Funny Man

	Ray Stevens: Funny Man [cached]

Searching: Patti Page: Say Wonderful Things

	Patti Page: Say Wonderful Things [cached]

Searching: Dionne Warwick: Make The Music Play

	Dionne Warwick: Make the Music Play [cached]

Searching: Chuck Jackson: Any Other Way

	Chuck Jackson: Any Other Way [cached]

Searching: Debbie Dovale: Hey Lover

	Debbie Dovale: Hey Lover [cached]

Searching: Frank Sinatra: Stay With Me

	Frank Sinatra: Stay With Me [cached]

Searching: The Village Stompers: From Russia With Love

	The Village Stompers: From Russia with Love [cached]

Searching: The Chiffons: Sailor Boy

	The Chiffons: Sailor Boy - Remastered [cached]

Searching: Nat King Cole: L-O-V-E

	Nat King Cole: L-O-V-E [cached]

Searching: Lee Morgan: The Sidewinder, Part 1
=========> Lee Morgan: Sidewinder  Part 1

	 NOT FOUND

Searching: The New Christy Minstrels: Chim, Chim, Cheree

	The New Christy Minstrels: Chim Chim Cheree [cached]

Searching: The Olympics: Good Lovin'

	The Olympics: Good Lovin' [cached]

Searching: Roy Orbison: Let The Good Times Roll

	Roy Orbison: Let the Good Times Roll [cached]

Searching: The Beatles: What Goes On

	The Beatles: What Goes On - Remastered 2009 [cached]

Searching: Louis Armstrong: Mame

	Louis Armstrong: Mame [cached]

Searching: The Turtles: Grim Reaper Of Love

	The Turtles: Grim Reaper of Love - Remastered [cached]

Searching: Lou Christie: Painter

	Lou Christie: Painter [cached]

Searching: Bobby Vinton: Petticoat White (Summer Sky Blue)

	Bobby Vinton: Petticoat White (Summer Sky Blue) [cached]

Searching: Prince Buster: Ten Commandments

	Prince Buster: Ten Commandments [cached]

Searching: Blues Magoos: There's A Chance We Can Make It

	The Blues Magoos: There's A Chance We Can Make It [cached]

Searching: Jack Jones: I'm Indestructible

	Jack Jones: I´m Indestructible [cached]

Searching: Bob Dylan: Leopard-Skin Pill-Box Hat

	Bob Dylan: Leopard-Skin Pill-Box Hat [cached]

Searching: The Sandpebbles: Forget It
=========> Sandpebbles: Forget It

	 NOT FOUND

Searching: The Candymen: Georgia Pines

	The Candymen: Georgia Pines [cached]

Searching: Herbie Mann: Unchain My Heart

	 NOT FOUND

Searching: Gene And Debbe: Lovin' Season

	Gene & Debbe: Lovin' Season [cached]

Searching: The Mamas & The Papas: For The Love Of Ivy

	The Mamas & The Papas: For The Love Of Ivy [cached]

Searching: Joe Tex: You Need Me, Baby

	Joe Tex: You need me baby [cached]

Searching: Sonny James: Born To Be With You

	Sonny James: Born To Be With You [cached]

Searching: The Monkees: Someday Man

	The Monkees: Someday Man [cached]

Searching: Peggy Scott & Jo Jo Benson: I Want To Love You Baby

	Peggy Scott: I Want to Love You Baby [cached]

Searching: Mark Lindsay: First Hymn From Grand Terrace

	Mark Lindsay: First Hymn from Grand Terrace [cached]

Searching: Tammy Wynette: The Ways To Love A Man

	Tammy Wynette: The Ways to Love a Man [cached]

Searching: John Mayall: Don't Waste My Time

	John Mayall: Don't Waste My Time [cached]

Searching: Ray Stevens: Sunday Mornin' Comin' Down
=========> Ray Stevens: Sunday Mornin  Comin  Down

	 NOT FOUND

Searching: The Tee Set: If You Do Believe In Love

	Tee-Set: If You Do Believe in Love [cached]

Searching: Bobbie Gentry: Apartment 21

	Bobbie Gentry: Apartment 21 [cached]

Searching: Funkadelic: I Wanna Know If It's Good To You?

	Funkadelic: I Wanna Know If It's Good to You [cached]

Searching: Blues Image: Gas Lamps And Clay

	 NOT FOUND

Searching: Conway Twitty: Fifteen Years Ago

	Conway Twitty: Fifteen Years Ago - Single Version [cached]

Searching: Ray Stevens: Sunset Strip

	Ray Stevens: Sunset Strip [cached]

Searching: The Stairsteps: Didn't It Look So Easy
=========> Stairsteps: Didn t It Look So Easy

	 NOT FOUND

Searching: The New Seekers featuring Eve Graham: Nickel Song

	The New Seekers: Nickel Song [cached]

Searching: The Electric Express: It's The Real Thing - Pt. I

	The Electric Express: It's the Real Thing - Part 2 [cached]

Searching: Glen Campbell/Anne Murray: I Say A Little Prayer/By The Time I Get To Phoenix
=========> Glen Campbell: I Say A Little Prayer

	 NOT FOUND

Searching: The Delfonics: Walk Right Up To The Sun

	The Delfonics: Walk Right Up to the Sun [cached]

Searching: Chase: So Many People

	Chase: So Many People [cached]

Searching: The Mamas & The Papas: Step Out

	The Mamas & The Papas: Step Out [cached]

Searching: John Denver: Everyday

	John Denver: Everyday [cached]

Searching: The New Seekers: Beg, Steal Or Borrow

	The New Seekers: Beg, Steal Or Borrow [cached]

Searching: Edgar Winter's White Trash: I Can't Turn You Loose

	Edgar Winter's White Trash: I Can't Turn You Loose - Live [cached]

Searching: Donny Hathaway: Giving Up

	Donny Hathaway: Giving Up [cached]

Searching: New Riders Of The Purple Sage: I Don't Need No Doctor

	New Riders of the Purple Sage: I Don't Need No Doctor [cached]

Searching: Commander Cody: Beat Me Daddy Eight To The Bar

	Commander Cody and His Lost Planet Airmen: Beat Me Daddy, Eight To The Bar [cached]

Searching: Aretha Franklin With James Cleveland & The Southern California Community Choir: Wholy Holy

	Aretha Franklin: Wholy Holy [cached]

Searching: Ray Charles: I Can Make It Thru The Days (But Oh Those Lonely Nights)
=========> Ray Charles: I Can Make It Thru Days

	 NOT FOUND

Searching: Jean Shepard: Slippin' Away

	Jean Shepard: Slippin' Away [cached]

Searching: Keith Hampshire: Big Time Operator

	Keith Hampshire: Big Time Operator [cached]

Searching: Roy Clark: Somewhere Between Love And Tomorrow

	Roy Clark: Somewhere Between Love And Tomorrow [cached]

Searching: Dawn Featuring Tony Orlando: It Only Hurts When I Try To Smile

	Tony Orlando & Dawn: It Only Hurts When I Try To Smile - Digitally Remastered 1998 [cached]

Searching: The Crusaders: Scratch

	The Crusaders: Scratch - Live (1974/The Roxy) [cached]

Searching: Albert Hammond: Air Disaster

	Albert Hammond: I Don't Wanna Die In An Air Disaster [cached]

Searching: Peter Shelley: Gee Baby

	Peter Shelley: Gee Baby [cached]

Searching: Carol Douglas: A Hurricane Is Coming Tonite

	Carol Douglas: A Hurricane Is Coming Tonite [cached]

Searching: The Rolling Stones: Out Of Time

	The Rolling Stones: Out Of Time - Strings Version [cached]

Searching: Vicki Lawrence: The Other Woman

	Vicki Lawrence: The Other Woman [cached]

Searching: The Grateful Dead: The Music Never Stopped

	Grateful Dead: The Music Never Stopped - 2013 Remaster [cached]

Searching: Ron Banks And The Dramatics: (I'm Going By) The Stars In Your Eyes
=========> Ron Banks: Stars In Your Eyes

	 NOT FOUND

Searching: Sutherland Brothers And Quiver: Arms Of Mary

	The Sutherland Brothers: Arms of Mary [cached]

Searching: Smokey Robinson: Open

	Smokey Robinson: Open [cached]

Searching: Easy Street: I've Been Lovin' You

	Easy Street: I've Been Lovin' You [cached]

Searching: Ray Sawyer: (one More Year Of) Daddy's Little Girl
=========> Ray Sawyer: Daddy s Little Girl

	 NOT FOUND

Searching: The Ramones: Sheena Is A Punk Rocker

	Josie Cotton, Brats On The Beat Singers: Sheena Is A Punk Rocker [cached]

Searching: Ronnie McDowell: I Love You, I Love You, I Love You

	Ronnie McDowell: I Love The Way You Say Goodnight [cached]

Searching: Fotomaker: Where Have You Been All My Life

	Fotomaker: Where Have You Been All My Life [cached]

Searching: Starz: So Young, So Bad

	Starz: So Young, So Bad [cached]

Searching: Peter Tosh with Mick Jagger: (You Got To Walk And) Don't Look Back

	Peter Tosh: (You Gotta Walk) Don't Look Back - 2002 Remaster [cached]

Searching: Mary Macgregor: The Wedding Song (There Is Love)
=========> Mary Macgregor: Wedding Song

	 NOT FOUND

Searching: The London Symphony Orchestra/John Williams: Theme From Superman (Main Title)
=========> London Symphony Orchestra: Theme From Superman

	 NOT FOUND

Searching: Michael Jackson: You Can't Win (Part 1)

	Michael Jackson: You Can't Win [cached]

Searching: Euclid Beach Band: I Need You

	The Euclid Beach Band: I Need You [cached]

Searching: Fabulous Poodles: Mirror Star

	Fabulous Poodles: Mirror Star [cached]

Searching: The Gibson Brothers: Cuba

	The Gibson Brothers: Cuba [cached]

Searching: Lazy Racer: Keep On Running Away

	Lazy Racer: Keep On Running Away [cached]

Searching: Vaughan Mason And Crew: Bounce, Rock, Skate, Roll Pt. 1
=========> Vaughan Mason: Bounce  Rock  Skate  Roll Pt  1

	 NOT FOUND

Searching: Crystal Gayle: The Blue Side
=========> Crystal Gayle: Blue Side

	 NOT FOUND

Searching: The Kingbees: My Mistake

	The Kingbees: My Mistake [cached]

Searching: Foghat: Stranger In My Home Town

	Foghat: Stranger In My Home Town [cached]

Searching: The Silencers: Shiver And Shake

	Silencers: Shiver and Shake [cached]

Searching: Yutaka: Love Light

	 NOT FOUND

Searching: The Cantina Band (featuring Lou Christie): Summer '81 medley
=========> Cantina Band: Summer  81 medley

	 NOT FOUND

Searching: Freddy Cannon & The Belmonts: Let's Put The Fun Back In Rock N Roll

	Freddy Cannon: Let's Put the Fun Back in Rock 'n' Roll [cached]

Searching: Larry Lee: Don't Talk

	Larry Lee: Don't Talk [cached]

Searching: Michael Stanley Band: Take The Time

	Michael Stanley Band: Take the Time (Remastered) [cached]

Searching: Chicago: What You're Missing

	Chicago: What You're Missing - 2006 Remaster [cached]

Searching: LeRoux: Carrie's Gone

	LeRoux: Carrie's Gone [cached]

Searching: The B-52s: Legal Tender

	The B-52's: Legal Tender [cached]

Searching: Herb Alpert: Garden Party

	Herb Alpert: Garden Party [cached]

Searching: Eddie Rabbitt: You Put The Beat In My Heart
=========> Eddie Rabbitt: You Put Beat In My Heart

	 NOT FOUND

Searching: Industry: State Of The Union
=========> Industry: State Of Union

	 NOT FOUND

Searching: U2: I Will Follow

	U2: I Will Follow - Remastered 2008 [cached]

Searching: Toni Basil: Over My Head

	Toni Basil: Over My Head [cached]

Searching: Jenny Burton: Remember What You Like

	Jenny Burton: Remember What You Like [cached]

Searching: Midnight Star: No Parking (On The Dance Floor)

	Midnight Star: No Parking (On the Dancefloor) [cached]

Searching: Frank Stallone: Darlin'

	Frank Stallone: Darlin' [cached]

Searching: "Weird Al" Yankovic: I Lost On Jeopardy

	"Weird Al" Yankovic: I Lost On Jeopardy [cached]

Searching: Johnny Mathis: Simple

	Johnny Mathis: Simple [cached]

Searching: Giorgio Moroder (Featuring Paul Engeman): Reach Out

	Giorgio Moroder: Reach Out - Radio-Edit [cached]

Searching: Deniece Williams: Next Love

	Deniece Williams: I've Got the Next Dance [cached]

Searching: Molly Hatchet: Satisfied Man

	Molly Hatchet: Satisfied Man [cached]

Searching: Eurythmics: Sex Crime (Nineteen Eighty-Four)

	Eurythmics: Sex Crime (1984) - Live [cached]

Searching: Kenny Rogers & Dolly Parton: The Greatest Gift Of All
=========> Kenny Rogers: Greatest Gift Of All

	 NOT FOUND

Searching: The Manhattans: You Send Me

	The Manhattans: You Send Me [cached]

Searching: Teena Marie: Jammin'

	Teena Marie: Jammin [cached]

Searching: Curtie & The Boom Box: Black Kisses Never Make You Blue
=========> Curtie: Black Kisses Never Make You Blue

	 NOT FOUND

Searching: Natalie Cole: A Little Bit of Heaven

	 NOT FOUND

Searching: Tommy Shaw: Remo's Theme (What If)

	Tommy Shaw: Remo's Theme (What If) [cached]

Searching: INXS: This Time

	INXS: This Time [cached]

Searching: John Fogerty: Eye Of The Zombie

	John Fogerty: Eye Of The Zombie [cached]

Searching: Paul McCartney: Stranglehold

	Paul McCartney: Stranglehold - 1993 Digital Remaster [cached]

Searching: Paul Simon: Graceland

	Paul Simon: Graceland [cached]

Searching: Chris Rea: Let's Dance

	Chris Rea: Let's Dance [cached]

Searching: John Waite: Don't Lose Any Sleep

	John Waite: Don't Lose Any Sleep [cached]

Searching: Living In A Box: So The Story Goes

	Living In A Box: So the Story Goes [cached]

Searching: Bardeux: Magic Carpet Ride

	Bardeux: Magic Carpet Ride [cached]

Searching: The Escape Club: Walking Through Walls
=========> Escape Club: Walking Through Walls

	 NOT FOUND

Searching: Paul Shaffer: When The Radio Is On

	Paul Shaffer: When The Radio Is On [cached]

Searching: Michael Morales: I Don't Know

	Michael Morales: I Don't Know [cached]

Searching: Gorky Park: Try To Find Me

	Gorky Park: Try To Find Me [cached]

Searching: KISS: Rise To It

	KISS: Rise To It [cached]

Searching: Tiana: First True Love

	Tiana: First True Love [cached]

Searching: Pat & Mick: Use It Up And Wear It Out
=========> Pat: Use It Up And Wear It Out

	 NOT FOUND

Searching: Starship: Good Heart

	Starship: Good Heart [cached]

Searching: Rick Astley: Move Right Out

	Rick Astley: Move Right Out [cached]

Searching: Vanilla Ice: Cool As Ice (Everybody Get Loose)

	Vanilla Ice: Cool As Ice (Everybody Get Loose) [cached]

Searching: Tony Terry: Everlasting Love

	Tony Terry: Everlasting Love [cached]

Searching: Mint Condition: Forever In Your Eyes

	Mint Condition: Forever In Your Eyes [cached]

Searching: East Coast Family: 1-4-All-4-1
=========> East Coast Family: 1

	 NOT FOUND

Searching: Gloria Estefan: Always Tomorrow

	Gloria Estefan: Always Tomorrow [cached]

Searching: Bad Boys Blue: Save Your Love

	Bad Boys Blue: Save Your Love [cached]

Searching: Onyx: Throw Ya Gunz

	Onyx: Throw Ya Gunz [cached]

Searching: Babyface: For The Cool In You

	Babyface: This Is for the Lover In You (feat. LL Cool J, Howard Hewett, Jody Watley & Jeffrey Daniels) [cached]

Searching: Doug Stone: I Never Knew Love

	Doug Stone: I Never Knew Love [cached]

Searching: I To I: The Right Time (From "Four Weddings And A Funeral")

	Stock Market Investing Advice: How to Spot the Right Time to Sell Stock [cached]

Searching: Tracy Byrd: Watermelon Crawl

	Tracy Byrd: Watermelon Crawl [cached]

Searching: Karyn White: Can I Stay With You

	Karyn White: Can I Stay with You [cached]

Searching: Shabba Ranks: Let's Get It On

	Shabba Ranks: Lets Get It On - Beef Joint [cached]

Searching: DJ Quik: Safe + Sound

	DJ Quik: Safe + Sound [cached]

Searching: Vybe: Warm Summer Daze

	 NOT FOUND

Searching: Redman: Funkorama

	 NOT FOUND

Searching: Enigma: Beyond The Invisible

	Enigma: Beyond The Invisible [cached]

Searching: Bounty Killa featuring the Fugees: Hip-Hopera

	Bounty Killer: Fed Up [Hip Hop Mix] [cached]

Searching: 2Pac, Notorious B.I.G., Radio, Dramacydal & Stretch: Runnin'
=========> 2Pac  Notorious B I G   Radio  Dramacydal: Runnin

	 NOT FOUND

Searching: O.C. Featuring Yvette Michele: Far From Yours

	O.C.: Far From Yours [cached]

Searching: Fruit De La Passion: Tic Tic Tac

	Fruit De La Passion: Tic Tic Tac (Original Mix) [cached]

Searching: Davina: Come Over To My Place

	Davina: Come Over to My Place [cached]

Searching: Ty Herndon: A Man Holdin' On (To A Woman Lettin' Go)

	Ty Herndon: A Man Holdin' On (To a Woman Lettin' Go) [cached]

Searching: Cleopatra: Life Ain't Easy

	Cleopatra: Life Ain't Easy [cached]

Searching: Hole: Malibu

	Hole: Malibu [cached]

Searching: Randy Travis: Stranger In My Mirror

	 NOT FOUND

Searching: Trisha Yearwood: Real Live Woman

	Trisha Yearwood: Real Live Woman [cached]

Searching: Modjo: Lady (Hear Me Tonight)

	Modjo: Lady - Hear Me Tonight [cached]

Searching: Amanda: Everybody Doesn't

	Amanda: Everybody Doesn't [cached]

Searching: 3LW: Playas Gon' Play

	3LW: Playas Gon' Play [cached]

Searching: Coo Coo Cal: My Projects

	Coo Coo Cal: My Projects [cached]

Searching: Mariah Carey: Never Too Far/Hero Medley

	Mariah Carey: Never Too Far [cached]

Searching: R. Kelly & Jay-Z: Take You Home With Me a.k.a. Body
=========> R  Kelly: Take You Home With Me a k a  Body

	 NOT FOUND

Searching: Marc Anthony: I've Got You

	Marc Anthony: I've Got You - New Album Version/New Radio Edit (Ric Wake Version) [cached]

Searching: WC Featuring Nate Dogg: The Streets

	WC: The Streets - Re-Twist [cached]

Searching: Mariah Carey: Through The Rain

	Mariah Carey: Through The Rain [cached]

Searching: Patty Loveless: Lovin' All Night

	Patty Loveless: Lovin' All Night [cached]

Searching: Ryan Duarte: You

	 NOT FOUND

Searching: Julie Roberts: Break Down Here

	Julie Roberts: Break Down Here [cached]

Searching: Body Head Bangerz Featuring YoungBloodz: I Smoke, I Drank
=========> Body Head Bangerz: I Smoke  I Drank

	 NOT FOUND

Searching: Crossfade: Cold

	Crossfade: Cold [cached]

Searching: Fat Joe: So Much More

	Fat Joe: So Much More [cached]

Searching: Jason Mraz: Wordplay

	Jason Mraz: Wordplay [cached]

Searching: YoungBloodZ: Presidential

	Youngbloodz: Presidential [cached]

Searching: Hannah Montana: Pumpin' Up The Party

	Hannah Montana: Pumpin' Up The Party - From "Hannah Montana"/Soundtrack Version [cached]

Searching: Fall Out Boy: The Carpal Tunnel Of Love

	Fall Out Boy: The Carpal Tunnel Of Love [cached]

Searching: Ashley Tisdale: Kiss The Girl

	Ashley Tisdale: Kiss the Girl [cached]

Searching: Michael Jackson With Akon: Wanna Be Startin' Somethin' 2008

	Michael Jackson: Wanna Be Startin' Somethin' 2008 with Akon (with Akon) - Thriller 25th Anniversary Remix [cached]

Searching: Hannah Montana: Rock Star

	Hannah Montana: Rock Star [cached]

Searching: Bucky Covington: It's Good To Be Us

	Bucky Covington: It's Good To Be Us [cached]

Searching: Lil Wayne Featuring Juelz Santana & Fabolous: You Ain't Got Nuthin

	Lil Wayne: You Ain't Got Nuthin [cached]

Searching: Jack White & Alicia Keys: Another Way to Die

	Jack White: Another Way to Die [cached]

Searching: Leona Lewis: Run

	Leona Lewis: Run [cached]

Searching: Pat Green: Let Me

	Pat Green: Let Me [cached]

Searching: Papa Roach: Lifeline

	Papa Roach: Lifeline [cached]

Searching: Hannah Montana: You'll Always Find Your Way Back Home

	Hannah Montana: You'll Always Find Your Way Back Home [cached]

Searching: Kanye West Featuring Young Jeezy: Amazing

	Kanye West: Amazing [cached]

Searching: The Veronicas: Take Me On The Floor

	The Veronicas: Take Me on the Floor [cached]

Searching: Weezer: (If You're Wondering If I Want You To) I Want You To

	Weezer: (If You're Wondering If I Want You To) I Want You To [cached]

Searching: Rihanna: Redemption Song

	Rihanna: Redemption Song - For Haiti Relief (Live From Oprah) [cached]

Searching: Christopher Wilde & Anna Margaret: Something About The Sunshine
=========> Christopher Wilde: Something About Sunshine

	 NOT FOUND

Searching: Yo Gotti Featuring Lil Wayne: Women Lie, Men Lie

	Yo Gotti: Women Lie, Men Lie (feat. Lil' Wayne) [cached]

Searching: Glee Cast: Lady Is A Tramp

	Glee Cast: Lady Is A Tramp (Glee Cast Version) [cached]

Searching: Glee Cast: Safety Dance

	Glee Cast: Safety Dance (Glee Cast Version) [cached]

Searching: Will Young: Leave Right Now

	Will Young: Leave Right Now [cached]

Searching: Disturbed: Another Way To Die

	Disturbed: Another Way to Die [cached]

Searching: Gwyneth Paltrow: Country Strong

	Gwyneth Paltrow: Country Strong [cached]

Searching: 3 Doors Down: When You're Young

	3 Doors Down: When You're Young [cached]

Searching: Glee Cast: Never Going Back Again

	Glee Cast: Never Going Back Again (Glee Cast Version) [cached]

Searching: Glee Cast: I Love New York / New York, New York

	Glee Cast: I Love New York / New York, New York (Glee Cast Version) [cached]

Searching: Linkin Park: Iridescent

	Linkin Park: Iridescent [cached]

Searching: David Guetta Featuring Jennifer Hudson: Night Of Your Life

	David Guetta: Night of Your Life (feat. Jennifer Hudson) [cached]

Searching: Wale Featuring Meek Mill & Rick Ross: Ambition

	Wale: Ambition (feat. Meek Mill & Rick Ross) [cached]

Searching: Glee Cast Featuring Ricky Martin: Sexy And I Know It

	Glee Cast: Sexy And I Know It (Glee Cast Version) (feat. Ricky Martin) [cached]

Searching: Melanie Fiona: 4 AM

	Melanie Fiona: 4AM [cached]

Searching: T.I.: Love This Life

	The Streets: I Wish You Loved You As Much As You Love Him (feat. Donae'O & Greentea Peng) [cached]

Searching: Michel Telo: Ai Se Eu Te Pego

	Michel Teló: Ai Se Eu Te Pego - Ao Vivo [cached]

Searching: Mumford & Sons: Whispers In The Dark

	Mumford & Sons: Whispers In The Dark [cached]

Searching: Game Featuring Chris Brown, Tyga, Wiz Khalifa & Lil Wayne: Celebration

	The Game: Celebration [cached]

Searching: Chris Brown Featuring Aaliyah: Don't Think They Know

	Chris Brown: Don't Think They Know (feat. Aaliyah) [cached]

Searching: Drake: Tuscan Leather

	Drake: Tuscan Leather [cached]

Searching: Sara Bareilles: I Choose You

	Sara Bareilles: I Choose You [cached]

Searching: Matt McAndrew: Make It Rain

	 NOT FOUND

Searching: Drake: No Tellin'

	Drake: No Tellin' [cached]

Searching: Kendrick Lamar: Alright

	Kendrick Lamar: Alright [cached]

Searching: Justin Bieber: Been You

	Justin Bieber: Been You [cached]

Searching: Lindsey Stirling: Hallelujah

	Lindsey Stirling: Hallelujah [cached]

Searching: Ty Dolla $ign Featuring E-40: Saved

	Ty Dolla $ign: Saved (feat. E-40) [cached]

Searching: David Nail: Night's On Fire

	David Nail: Night's On Fire [cached]

Searching: Gucci Mane & Drake: Back On Road

	Gucci Mane: Back On Road [cached]

Searching: Enrique Iglesias Featuring Descemer Bueno, Zion & Lennox Or Sean Paul: Subeme La Radio

	Enrique Iglesias: SUBEME LA RADIO (feat. Descemer Bueno & Zion & Lennox) [cached]

Searching: Camila Cabello Featuring Quavo: OMG

	Camila Cabello: OMG (feat. Quavo) [cached]

Searching: Lil Uzi Vert: X

	Lil Uzi Vert: XO Tour Llif3 [cached]

Searching: Sofi Tukker Featuring NERVO, The Knocks & Alisa Ueno: Best Friend

	Sofi Tukker: Best Friend [cached]

Searching: Luke Combs: Must've Never Met You

	Luke Combs: Must've Never Met You [cached]

Searching: Lil Wayne: Demon

	Lil Wayne: Demon [cached]

Searching: twenty one pilots: My Blood

	Twenty One Pilots: My Blood [cached]

Searching: Kodak Black: Take One

	Kodak Black: Take One [cached]

Searching: Ski Mask The Slump God: Foot Fungus

	Ski Mask The Slump God: Foot Fungus [cached]

Searching: Lil Pump: Butterfly Doors

	Lil Pump: Butterfly Doors [cached]

Searching: Lauv & Troye Sivan: I'm So Tired...

	Lauv: i'm so tired... [cached]

Searching: Katy Perry: Small Talk

	Katy Perry: Small Talk [cached]

Searching: Mustard featuring NAV, Playboi Carti & A Boogie Wit da Hoodie: Baguettes In The Face

	Mustard: Baguettes in the Face (feat. NAV, Playboi Carti & A Boogie Wit da Hoodie) [cached]

Searching: j-hope Featuring Becky G.: Chicken Noodle Soup

	j-hope: Chicken Noodle Soup (feat. Becky G) [cached]

Searching: Ant Saunders: Yellow Hearts

	Ant Saunders: Yellow Hearts [cached]

Searching: Bad Bunny, Jowell & Randy & Nengo Flow: Safaera

	Bad Bunny: Safaera [cached]

Searching: Lil Baby: Low Down

	Lil Baby: Low Down [cached]

Searching: Future: Touch The Sky

	Future: Touch The Sky [cached]

Searching: YoungBoy Never Broke Again: The Last Backyard...

	YoungBoy Never Broke Again: The Last Backyard... [cached]

Searching: Larray: Canceled

	Larray: Canceled [cached]

Searching: King Von Featuring Lil Durk: Crazy Story 2.0
=========> King Von: Crazy Story 2 0

	 NOT FOUND

Searching: Bad Bunny: Hoy Cobre

	Bad Bunny: HOY COBRÉ [cached]

Searching: Pooh Shiesty Featuring 21 Savage: Box Of Churches

	Pooh Shiesty: Box of Churches (feat. 21 Savage) [cached]

Searching: DDG: Moonwalking In Calabasas

	DDG: Moonwalking in Calabasas (feat. Blueface) - Remix [cached]

Searching: VEDO: You Got It

	Vedo: You Got It [cached]
