Found 226/254 = 89%
28 not found: 
Chuck Berry: Joe Joe Gunne
Freddie Cannon: Happy Shades Of Blue
The Womenfolk: Little Boxes
The Ray Charles Singers: Till The End Of Time
Jumpin' Gene Simmons: The Dodo
The Mojo Men: Me About You
Frankie Laine: You, No One But You
King Curtis & The Kingpins: I Heard It Thru The Grapevine
Ray Charles: Sweet Young Thing Like You
The Mills Brothers: The Ol' Race Track
Thomas & Richard Frost: She's Got Love
Dionne Warwicke: Amanda
Heaven Bound with Tony Scotti: He'd Rather Have The Rain
Maureen McGovern: We May Never Love Like This Again
John Livigni: Machines
Champagne: Rock And Roll Star
Carl Graves: Sad Girl
Pousette-Dart Band: For Love
Rodway: Don't Stop Trying
Crystal Gayle: Baby, What About You
Rodney Dangerfield: Rappin' Rodney
Dennis DeYoung: Don't Wait For Heroes
Luis Cardenas: Runaway
Love Spit Love: Am I Wrong
Mr. C The Slide Man: Cha-Cha Slide
The Naked Brothers Band: Crazy Car
Will Champlin: At Last
Matt McAndrew & Adam Levine: Lost Stars
--------- log -----------
Searching: Kitty Wells: Jealousy

	Kitty Wells: Jealousy [cached]

Searching: Cyclones: Bullwhip Rock

	Cyclones: Bullwhip Rock [cached]

Searching: Chuck Berry: Joe Joe Gunne

	 NOT FOUND

Searching: The Four Knights: O' Falling Star

	The Four Knights: O' Falling Star [cached]

Searching: Stan Robinson: Boom-A-Dip-Dip

	Stan Robinson: Boom-A-Dip-Dip [cached]

Searching: Titus Turner: We Told You Not To Marry

	Titus Turner: We Told You Not to Marry [cached]

Searching: Faron Young: Riverboat

	Faron Young: Riverboat [cached]

Searching: Billy Walker: Forever

	Billy Walker: Forever - Single Version [cached]

Searching: The Frantics: Werewolf

	The Frantics: Werewolf [cached]

Searching: Stonewall Jackson: Why I'm Walkin'

	Stonewall Jackson: Why I'm Walkin' [cached]

Searching: LaVern Baker: Wheel Of Fortune

	LaVern Baker: Wheel of Fortune - Original Mix [cached]

Searching: LaVern Baker: Shadows Of Love

	LaVern Baker: Shadows of Love - Original Mix [cached]

Searching: Jimmy Jones: That's When I Cried

	Jimmy Jones: That's When I Cried [cached]

Searching: Freddie Cannon: Happy Shades Of Blue

	 NOT FOUND

Searching: The Coasters: Shoppin' For Clothes

	The Coasters: Shoppin' for Clothes - 2007 Remaster Stereo; Remastered [cached]

Searching: Ray Charles: Come Rain Or Come Shine

	Ray Charles: Come Rain or Come Shine [cached]

Searching: Maurice Williams & The Zodiacs: Come Along

	Maurice Williams & The Zodiacs: Come Along [cached]

Searching: The Ventures: (Theme From) Silver City

	The Ventures: Silver City [cached]

Searching: Jack Scott: My Dream Come True

	Jack Scott: My Dream Come True [cached]

Searching: Fats Domino: Rockin' Bicycle

	Fats Domino: Rockin' Bicycle [cached]

Searching: Brian Hyland: I'll Never Stop Wanting You

	Brian Hyland: I'll Never Stop Wanting You [cached]

Searching: Jack Eubanks: Searching

	Jack Eubanks: Searching [cached]

Searching: John D. Loudermilk: Callin' Doctor Casey

	John D. Loudermilk: Callin' Doctor Casey [cached]

Searching: The Majors: She's A Troublemaker

	The Majors: She's a Troublemaker [cached]

Searching: Rick Nelson: I Need You

	Ricky Nelson: I Need You [cached]

Searching: Patsy Cline: Leavin' On Your Mind

	Patsy Cline: Leavin' On Your Mind - Single Version [cached]

Searching: Ferrante & Teicher: Antony And Cleopatra Theme

	Ferrante & Teicher: Antony And Cleopatra (Theme From Cleopatra) [cached]

Searching: Bobby Vee: Stranger In Your Arms

	Bobby Vee: Stranger In Your Arms - 2010 Remaster [cached]

Searching: Donna Lynn: My Boyfriend Got A Beatle Haircut

	Donna Lynn: My Boyfriend Got a Beatle Haircut [cached]

Searching: The Womenfolk: Little Boxes
=========> Womenfolk: Little Boxes

	 NOT FOUND

Searching: The Ray Charles Singers: Till The End Of Time
=========> Ray Charles Singers: Till End Of Time

	 NOT FOUND

Searching: The Superbs: Baby Baby All The Time

	The Superbs: Baby Baby All The Time - With Intro [cached]

Searching: Jumpin' Gene Simmons: The Dodo
=========> Jumpin  Gene Simmons: Dodo

	 NOT FOUND

Searching: The Righteous Brothers: Bring Your Love To Me

	The Righteous Brothers: Bring Your Love To Me - Single Version [cached]

Searching: Buck Owens: Before You Go

	Buck Owens: Before You Go [cached]

Searching: Lou Rawls: Three O'Clock In The Morning

	Lou Rawls: Three O'Clock In The Morning [cached]

Searching: The Ivy League: Tossing & Turning

	The Ivy League: Tossing and Turning - Single Version [cached]

Searching: Peter And Gordon: Don't Pity Me

	Peter And Gordon: Don't Pity Me - Mono; 2003 Remaster [cached]

Searching: The Temptations: Don't Look Back

	The Temptations: Don't Look Back [cached]

Searching: Jackie DeShannon: Come And Get Me

	Jackie DeShannon: Come And Get Me - Remastered [cached]

Searching: Barbra Streisand: Free Again

	Barbra Streisand: Free Again [cached]

Searching: Walter Jackson: A Corner In The Sun

	Walter Jackson: A Corner In the Sun [cached]

Searching: J.J. Jackson: I Dig Girls

	J. J. Jackson: I Dig Girls [cached]

Searching: The Bachelors: Walk With Faith In Your Heart

	The Bachelors: Walk With Faith In Your Heart [cached]

Searching: Robert Parker: Tip Toe

	Robert Parker: Tip Toe [cached]

Searching: Ellie Greenwich: I Want You To Be My Baby

	Ellie Greenwich: I Want You To Be My Baby [cached]

Searching: The Mojo Men: Me About You
=========> Mojo Men: Me About You

	 NOT FOUND

Searching: Frankie Laine: You, No One But You
=========> Frankie Laine: You  No One But You

	 NOT FOUND

Searching: Nancy Sinatra: Tony Rome

	Nancy Sinatra: Tony Rome [cached]

Searching: Ohio Express: Try It

	Ohio Express: Try It [cached]

Searching: Aretha Franklin: Soulville

	Aretha Franklin: Soulville [cached]

Searching: The Formations: At The Top Of The Stairs

	The Formations: At the Top of the Stairs [cached]

Searching: King Curtis & The Kingpins: Valley Of The Dolls

	King Curtis: Valley of the Dolls [cached]

Searching: King Curtis & The Kingpins: I Heard It Thru The Grapevine
=========> King Curtis: I Heard It Thru Grapevine

	 NOT FOUND

Searching: Bobby Vee: Do What You Gotta Do

	Bobby Vee: Do What You Gotta Do [cached]

Searching: Ray Charles: Sweet Young Thing Like You

	 NOT FOUND

Searching: Nina Simone: Do What You Gotta Do

	Nina Simone: Do What You Gotta Do [cached]

Searching: The Mills Brothers: The Ol' Race Track
=========> Mills Brothers: Ol  Race Track

	 NOT FOUND

Searching: Chambers Brothers: Shout! - Part 1

	The Chambers Brothers: Shout [cached]

Searching: John Wesley Ryles, I: Kay

	John Wesley Ryles, I: Kay [cached]

Searching: The Ventures: Theme From "A Summer Place"

	The Ventures: Theme From "A Summer Place" - Instrumental [cached]

Searching: Sir Douglas Quintet: Dynamite Woman

	Sir Douglas Quintet: Dynamite Woman [cached]

Searching: The Isley Brothers: Was It Good To You

	The Isley Brothers: Was It Good to You? [cached]

Searching: Thomas & Richard Frost: She's Got Love
=========> Thomas: She s Got Love

	 NOT FOUND

Searching: Jose Feliciano: Destiny/Susie-Q

	José Feliciano: Destiny [cached]

Searching: The Five Stairsteps: America/Standing/Because I Love You

	The Five Stairsteps: America / Standing [cached]

Searching: Loretta Lynn: Coal Miner's Daughter

	Loretta Lynn: Coal Miner's Daughter - Single Version [cached]

Searching: Anne Murray: Sing High - Sing Low

	Anne Murray: Sing High, Sing Low [cached]

Searching: The Mob: I Dig Everything About You

	The Mob: I Dig Everything About You [cached]

Searching: Odds & Ends: Love Makes The World Go Round

	Odds & Ends: Loves Makes The World Go Round [cached]

Searching: Bobby Goldsboro: And I Love You So

	Bobby Goldsboro: And I Love You So [cached]

Searching: Dionne Warwicke: Amanda

	 NOT FOUND

Searching: Heaven Bound with Tony Scotti: He'd Rather Have The Rain
=========> Heaven Bound: He d Rather Have Rain

	 NOT FOUND

Searching: Savoy Brown: Tell Mama

	Savoy Brown: Tell Mama [cached]

Searching: Ike & Tina Turner: Up In Heah

	Ike & Tina Turner: Up In The Heah [cached]

Searching: R. Dean Taylor: Taos New Mexico

	R. Dean Taylor: Taos New Mexico [cached]

Searching: Candi Staton: Lovin' You, Lovin' Me

	Candi Staton: Lovin' You Lovin' Me [cached]

Searching: The Mystic Moods: Cosmic Sea

	Mystic Moods Orchestra: Cosmic Sea [cached]

Searching: Roger Daltrey: Giving It All Away

	Roger Daltrey: Giving It All Away [cached]

Searching: Dr. Hook And The Medicine Show: Roland The Roadie And Gertrude The Groupie

	Dr. Hook: Roland the Roadie and Gertrude the Groupie [cached]

Searching: Mandrill: Hang Loose

	Mandrill: Hang Loose [cached]

Searching: Love Unlimited: It May Be Winter Outside, (But In My Heart It's Spring)

	Love Unlimited: It May Be Winter Outside (But In My Heart It's Spring) [cached]

Searching: Frank Sinatra: Bad, Bad Leroy Brown

	Frank Sinatra: Bad, Bad Leroy Brown [cached]

Searching: KISS: Kissin' Time

	KISS: Kissin' Time [cached]

Searching: Blood, Sweat & Tears: Tell Me That I'm Wrong

	Blood, Sweat & Tears: Tell Me That I'm Wrong [cached]

Searching: Frank Sinatra: You Turned My World Around

	Frank Sinatra: You Turned My World Around [cached]

Searching: The Chi-lites: You Got To Be The One

	The Chi-Lites: You Got To Be The One [cached]

Searching: Edgar Winter Group: Easy Street

	The Edgar Winter Group: Easy Street [cached]

Searching: The First Class: Dreams Are Ten A Penny

	The First Class: Dreams Are Ten a Penny [cached]

Searching: Maureen McGovern: We May Never Love Like This Again

	 NOT FOUND

Searching: Todd Rundgren: Real Man

	Todd Rundgren: Real Man - 2015 Remaster [cached]

Searching: Elvin Bishop: Sure Feels Good

	Elvin Bishop: Sure Feels Good [cached]

Searching: Leon Haywood: Come An' Get Yourself Some

	Leon Haywood: Come And Get Yourself Some [cached]

Searching: John Livigni: Machines

	 NOT FOUND

Searching: 10cc: Art For Art's Sake

	10cc: Art For Art's Sake [cached]

Searching: Crown Heights Affair: Every Beat Of My Heart

	Crown Heights Affair: Every Beat of My Heart - New Disco Version [cached]

Searching: Rod Stewart: This Old Heart Of Mine

	Rod Stewart: This Old Heart of Mine (w/ Ronald Isley) [cached]

Searching: Bruce Springsteen: Tenth Avenue Freeze-out

	Bruce Springsteen: Tenth Avenue Freeze-Out [cached]

Searching: Billy Paul: Let's Make A Baby

	Billy Paul: Let's Make a Baby [cached]

Searching: Champagne: Rock And Roll Star

	 NOT FOUND

Searching: Carl Graves: Sad Girl

	 NOT FOUND

Searching: Grace Jones: I Need A Man

	Grace Jones: I Need A Man [cached]

Searching: Geils: You're The Only One

	The J. Geils Band: You're the Only One [cached]

Searching: Robert Gordon With Link Wray: Red Hot

	Robert Gordon: Red Hot (with Link Wray) [cached]

Searching: Lake: Time Bomb

	Lake: Time Bomb [cached]

Searching: Al Green: Belle

	Al Green: Belle [cached]

Searching: Journey: Anytime

	Journey: Anytime [cached]

Searching: Cat Stevens: Bad Brakes

	Yusuf / Cat Stevens: Bad Brakes - 2019 Remaster [cached]

Searching: Grey & Hanks: Dancin'

	Grey & Hanks: Dancin' [cached]

Searching: Chicago: Must Have Been Crazy

	Chicago: Must Have Been Crazy - 2003 Remaster [cached]

Searching: Pousette-Dart Band: For Love
=========> Pousette Dart Band: For Love

	 NOT FOUND

Searching: Switch: I Call Your Name

	Switch: I Call Your Name - 12" Version [cached]

Searching: Twennynine Featuring Lenny White: Peanut Butter

	Twennynine: Peanut Butter [cached]

Searching: Engelbert: Love's Only Love

	Engelbert Humperdinck: If We Only Had Love, I Wouldn't Care [cached]

Searching: The Beach Boys: Goin' On

	The Beach Boys: Goin' On - Remastered 2000 [cached]

Searching: The Tourists: I Only Want To Be With You

	The Tourists: I Only Want to Be with You [cached]

Searching: Sky (Arista): Toccata

	Sky: Toccata [cached]

Searching: Heart: Unchained Melody

	Heart Strings: Unchained Melody [cached]

Searching: Don McLean: It's Just The Sun

	Don McLean: It's Just the Sun [cached]

Searching: Rodway: Don't Stop Trying
=========> Rodway: Don t Stop Trying

	 NOT FOUND

Searching: Gary Portnoy: Where Everybody Knows Your Name (The Theme From "Cheers")

	Gary Portnoy: Where Everybody Knows Your Name (Cheers Theme) [cached]

Searching: Bananarama: Shy Boy (Don't It Make You Feel Good)

	Bananarama: Shy Boy [cached]

Searching: Crystal Gayle: Baby, What About You
=========> Crystal Gayle: Baby  What About You

	 NOT FOUND

Searching: Carly Simon: You Know What To Do

	Carly Simon: You Know What to Do [cached]

Searching: Heart: Allies

	Heart: Allies [cached]

Searching: Rodney Dangerfield: Rappin' Rodney
=========> Rodney Dangerfield: Rappin  Rodney

	 NOT FOUND

Searching: Blue Oyster Cult: Shooting Shark

	Blue Öyster Cult: Shooting Shark [cached]

Searching: Pretenders: Thin Line Between Love And Hate

	Pretenders: Thin Line Between Love and Hate - 2007 Remaster [cached]

Searching: Mtume: You, Me And He

	Mtume: You, Me And He [cached]

Searching: Rickie Lee Jones: The Real End

	Rickie Lee Jones: The Real End [cached]

Searching: Dennis DeYoung: Don't Wait For Heroes
=========> Dennis DeYoung: Don t Wait For Heroes

	 NOT FOUND

Searching: Eugene Wilde: Gotta Get You Home Tonight

	Eugene Wilde: Gotta Get You Home Tonight [cached]

Searching: The Manhattan Transfer: Baby Come Back To Me

	The Manhattan Transfer: Baby Come Back To Me (The Morse Code Of Love) [cached]

Searching: Quarterflash: Talk To Me

	Quarterflash: Talk To Me [cached]

Searching: The Pointer Sisters: Twist My Arm

	The Pointer Sisters: Twist My Arm [cached]

Searching: Luis Cardenas: Runaway

	 NOT FOUND

Searching: Joan Jett & the Blackhearts: Good Music

	Joan Jett & The Blackhearts: Good Music [cached]

Searching: Rod Stewart: Every Beat Of My Heart

	Rod Stewart: Every Beat of My Heart [cached]

Searching: Level 42: Running In The Family

	Level 42: Running In The Family - Single Version [cached]

Searching: Motley Crue: You're All I Need

	Mötley Crüe: You're All I Need [cached]

Searching: Donald Fagen: Century's End (From "Bright Lights, Big City")

	Donald Fagen: Century's End [cached]

Searching: Bros: When Will I Be Famous?

	Bros: When Will I Be Famous? [cached]

Searching: U2: All I Want Is You

	U2: All I Want Is You [cached]

Searching: Information Society: Lay All Your Love On Me

	Information Society: Lay All Your Love On Me [cached]

Searching: Great White: House Of Broken Love

	Great White: House Of Broken Love [cached]

Searching: Erasure: Chorus

	Erasure: Chorus - 2019 - Remaster [cached]

Searching: MC Lyte: Poor Georgie

	MC Lyte: Poor Georgie [cached]

Searching: Warrant: We Will Rock You

	Warrant: We Will Rock You [cached]

Searching: Firehouse: Reach For The Sky

	Firehouse: Reach for the Sky [cached]

Searching: C+C Music Factory: Keep It Comin' (Dance Till You Can't Dance No More!)

	C & C Music Factory: Keep It Comin' (Dance Till You Can't Dance No More!) [cached]

Searching: Me Phi Me: Sad New Day

	Me Phi Me: Sad New Day [cached]

Searching: Wynonna: No One Else On Earth

	Wynonna: No One Else On Earth [cached]

Searching: Darlene Love: All Alone On Christmas (From "Home Alone 2")

	Darlene Love: All Alone on Christmas [cached]

Searching: AB Logic: Get Up (Move Boy Move)

	ABSOLUTE LOGICS: Get Up [cached]

Searching: Paul McCartney: Hope Of Deliverance

	Paul McCartney: Hope Of Deliverance [cached]

Searching: Jomanda: I Like It

	Jomanda: I Like It [cached]

Searching: Nuttin' Nyce: In My Nature

	Nuttin' Nyce: In My Nature [cached]

Searching: Mr. Big: Ain't Seen Love Like That

	Mr. Big: Ain't Seen Love Like That - 2009 Remastered Version [cached]

Searching: Little Texas: My Love

	Little Texas: My Love [cached]

Searching: Love Spit Love: Am I Wrong

	 NOT FOUND

Searching: Technotronic Featuring Ya Kid K: Move It To The Rhythm

	Technotronic: Move It To The Rhythm [cached]

Searching: Martin Page: Keeper Of The Flame

	Martin Page: Keeper Of The Flame [cached]

Searching: Mona Lisa: You Said

	Mona Lisa: You Said [cached]

Searching: Lisa Loeb & Nine Stories: Waiting For Wednesday

	Lisa Loeb & Nine Stories: Waiting For Wednesday [cached]

Searching: Xzibit: Paparazzi

	Xzibit: Paparazzi [cached]

Searching: CeCe Peniston: Movin' On

	CeCe Peniston: Movin' On [cached]

Searching: The Braxtons: So Many Ways (From "High School High")

	The Braxtons: So Many Ways [cached]

Searching: Ray J: Everything You Want

	Ray J: Everything You Want [cached]

Searching: BeBe Winans: In Harm's Way

	Bebe Winans: In Harm's Way [cached]

Searching: Nu Flavor: Baby Be There

	Nu Flavor: Baby Be There [cached]

Searching: Cynthia: If I Had The Chance

	Cynthia: If I Had the Chance [cached]

Searching: Nicole Renee: Strawberry

	Nicole Renee Harris: Strawberry [cached]

Searching: Deana Carter: Absence Of The Heart

	Deana Carter: Absence Of The Heart [cached]

Searching: Ty Herndon: Steam

	Ty Herndon: Steam [cached]

Searching: Juvenile: U Understand

	JUVENILE: U Understand [cached]

Searching: Trick Daddy Featuring Duece Poppito, Trina, Co: Shut Up

	Trick Daddy: Shut Up (feat. Duece Poppito of 24 Karatz, Trina & Co of Tre +6) [cached]

Searching: Cam'ron: What Means The World To You

	Cam’ron: What Means The World To You [cached]

Searching: Chante Moore: Straight Up

	Chanté Moore: Straight Up [cached]

Searching: Mos Def & Pharoahe Monch Featuring Nate Dogg: Oh No

	Mos Def: Oh No [cached]

Searching: Mr. C The Slide Man: Cha-Cha Slide
=========> Mr  C Slide Man: Cha

	 NOT FOUND

Searching: R.E.M.: Imitation Of Life

	R.E.M.: Imitation Of Life [cached]

Searching: Darude: Sandstorm

	Darude: Sandstorm [cached]

Searching: Luther Vandross: I'd Rather

	Luther Vandross: I'd Rather [cached]

Searching: Trina Featuring Ludacris: B R Right

	Trina: B R Right (feat. Ludacris) [cached]

Searching: Tamia: Officially Missing You

	Tamia: Officially Missing You [cached]

Searching: Michael Jackson: One More Chance

	Michael Jackson: One More Chance [cached]

Searching: Lasgo: Alone

	Lasgo: Alone [cached]

Searching: Jake Owen: Yee Haw

	Jake Owen: Yee Haw [cached]

Searching: Hannah Montana: Who Said

	Hannah Montana: Who Said - From "Hannah Montana"/Soundtrack Version [cached]

Searching: The Naked Brothers Band: Crazy Car
=========> Naked Brothers Band: Crazy Car

	 NOT FOUND

Searching: Joss Stone: Tell Me 'Bout It

	Joss Stone: Tell Me 'Bout It [cached]

Searching: Fabolous Featuring Young Jeezy: Diamonds

	Fabolous: Diamonds [cached]

Searching: Swizz Beatz: It's Me Snitches

	Swizz Beatz: It's Me Snitches [cached]

Searching: Secondhand Serenade: Vulnerable

	Secondhand Serenade: Vulnerable [cached]

Searching: Jake Owen: Startin' With Me

	Jake Owen: Startin' With Me [cached]

Searching: Pitbull Featuring Trina & Young Bo$$: Go Girl

	Pitbull: Go Girl [cached]

Searching: Staind: Believe

	Staind: Believe [cached]

Searching: Lifehouse: Broken

	Lifehouse: Broken [cached]

Searching: Jonas Brothers: Fly With Me

	Jonas Brothers: Fly With Me [cached]

Searching: Five For Fighting: Chances

	Five For Fighting: Chances [cached]

Searching: Cage The Elephant: Ain't No Rest For The Wicked

	Cage The Elephant: Ain't No Rest for the Wicked [cached]

Searching: Omarion Featuring Gucci Mane: I Get It In

	Omarion/Gucci Mane: I Get It In Featuring Gucci Mane [cached]

Searching: Craig Morgan: This Ain't Nothin'

	Craig Morgan: This Ain't Nothin' [cached]

Searching: Toby Keith: Bullets In The Gun

	Toby Keith: Bullets in the Gun [cached]

Searching: Chris Medina: What Are Words

	Chris Medina: What Are Words [cached]

Searching: Glee Cast: Kiss

	Glee Cast: I Kissed A Girl (Glee Cast Version) [cached]

Searching: Craig Campbell: Fish

	Craig Campbell: Fish [cached]

Searching: Foo Fighters: Walk

	Foo Fighters: Walk [cached]

Searching: Glee Cast: We Got The Beat

	Glee Cast: We Got The Beat (Glee Cast Version) [cached]

Searching: Jason Derulo: Fight For You

	Jason Derulo: Fight for You [cached]

Searching: Romeo Santos Featuring Usher: Promise

	Romeo Santos: Promise (feat. Usher) [cached]

Searching: Edens Edge: Amen

	Edens Edge: Amen - Live From The Road [cached]

Searching: Maroon 5 Featuring Rozzi Crane: Come Away To The Water

	Maroon 5: Come Away To The Water [cached]

Searching: Jermaine Paul: I Believe I Can Fly

	Jermaine Paul: I Believe I Can Fly - The Voice Performance [cached]

Searching: Britt Nicole: Gold

	Britt Nicole: Gold - Pop Mix [cached]

Searching: Gloriana: Can't Shake You

	Gloriana: Can't Shake You [cached]

Searching: Jay Z Featuring Frank Ocean: Oceans

	JAY-Z: Oceans [cached]

Searching: Avenged Sevenfold: Hail To The King

	Avenged Sevenfold: Hail to the King [cached]

Searching: Jake Owen: Days Of Gold

	Jake Owen: Days of Gold [cached]

Searching: Will Champlin: At Last

	 NOT FOUND

Searching: Hillsong UNITED: Oceans (Where Feet May Fail)

	Hillsong UNITED: Oceans (Where Feet May Fail) [cached]

Searching: Matt McAndrew & Adam Levine: Lost Stars
=========> Matt McAndrew: Lost Stars

	 NOT FOUND

Searching: Drake: 6 God

	Drake: 6 God [cached]

Searching: Taylor Swift: You Are In Love

	Taylor Swift: You Are In Love [cached]

Searching: Wiz Khalifa Featuring Rae Sremmurd: Burn Slow

	Wiz Khalifa: Burn Slow (feat. Rae Sremmurd) [cached]

Searching: Trey Songz: About You

	Trey Songz: About You [cached]

Searching: Major Lazer Featuring Ellie Goulding & Tarrus Riley: Powerful

	Major Lazer: Powerful (feat. Ellie Goulding & Tarrus Riley) [cached]

Searching: One Direction: If I Could Fly

	One Direction: If I Could Fly [cached]

Searching: Nelly: Die A Happy Man

	Nelly: Die a Happy Man [cached]

Searching: Russ: What They Want

	Russ: What They Want [cached]

Searching: Rihanna: Sex With Me

	Rihanna: Sex With Me [cached]

Searching: Ed Sheeran: What Do I Know?

	Ed Sheeran: What Do I Know? [cached]

Searching: Shakira: Me Enamore

	Shakira: Me Enamoré [cached]

Searching: Meek Mill: 1942 Flows

	Meek Mill: 1942 Flows [cached]

Searching: Huncho Jack Featuring Offset: Dubai Shit

	Huncho Jack: Dubai Shit [cached]

Searching: Migos: Higher We Go (Intro)

	Migos: Higher We Go - Intro [cached]

Searching: Logic Featuring Big Sean: Wassup

	Logic: Wassup [cached]

Searching: XXXTENTACION Featuring Joey Bada$$: Infinity (888)

	XXXTENTACION: infinity (888) [cached]

Searching: Pharrell Williams x Camila Cabello: Sangria Wine

	Pharrell Williams: Sangria Wine [cached]

Searching: Lil Pump: Drug Addicts

	Lil Pump: Drug Addicts [cached]

Searching: Carrie Underwood: Love Wins

	Carrie Underwood: Love Wins [cached]

Searching: Future: F&N

	Future: Trillionaire (feat. Youngboy Never Broke Again) [cached]

Searching: Avicii: Heaven

	Avicii: Heaven [cached]

Searching: NLE Choppa: Famous Hoes

	NLE Choppa: Famous Hoes [cached]

Searching: Khalid: Eleven

	Khalid: Eleven [cached]

Searching: Eminem: Marsh

	Eminem: Marsh [cached]

Searching: Anuel AA: KEII

	Anuel AA: Keii [cached]

Searching: Lil Uzi Vert: Come This Way

	Lil Uzi Vert: Come This Way [cached]

Searching: YoungBoy Never Broke Again: Ain't Easy

	YoungBoy Never Broke Again: Ain't Easy [cached]

Searching: Lil Yachty & Tierra Whack Featuring A$AP Rocky & Tyler, The Creator: T.D

	Lil Yachty: T.D (Lil Yachty & Tierra Whack feat. A$AP Rocky & Tyler, The Creator) [cached]

Searching: Ty Dolla $ign Featuring Nicki Minaj: Expensive

	Ty Dolla $ign: Expensive (feat. Nicki Minaj) [cached]

Searching: Bryson Tiller: Always Forever

	Bryson Tiller: Always Forever [cached]

Searching: The Kid LAROI: Always Do

	The Kid LAROI: ALWAYS DO [cached]

Searching: Morgan Wallen: Whiskey'd My Way

	Morgan Wallen: Whiskey’d My Way [cached]
