Found 202/235 = 86%
33 not found: 
The Daddy-O's: Got A Match?
Wink Martindale: Black Land Farmer
Joe Sherman, his Orchestra and Chorus: Toys In The Attic
Steve Allen and His Orchestra with The Copacabana Trio: Cuando Calienta El Sol (When The Sun Is Hot)
Christine Quaite: Tell Me Mamma
Brenda Lee: My Dreams
J. Frank Wilson and The Cavaliers: Hey Little One
The Toys: May My Heart Be Cast Into Stone
The Royal Guardsmen: Snoopy For President
The Mauds: Soul Drippin'
Bill Deal & The Rhondels: Swingin' Tight
Ginger Baker's Air Force: Man Of Constant Sorrow
Andy Kim: It's Your Life
The Intruders: This Is My Love Song
Michael Redway: Good Morning
Johnny Rodriguez: Something
Stark & McBrien: Isn't It Lonely Together
Cledus Maggard And The Citizen's Band: Kentucky Moonrunner
Aretha Franklin: Break It To Me Gently
Gerard McMahon: Count On Me
Jennifer Warnes/Chris Thompson: All The Right Moves
R.E.M.: South Central Rain (I'm Sorry)
Jeff Lynne: Video
Apollonia 6: Sex Shooter
Lorenzo Lamas: Fools Like Me
Saraya: Timeless Love (From "Shocker")
Xymox: Imagination
Biscuit: Biscuit's In The House
Fred Schneider: Monster
Doctor Dre & Ed Lover: Back Up Off Me!
LaTanya Featuring Twista: Whatuon
Jesse Powell: I Wasn't With It
Michelle Chamuel: I Knew You Were Trouble
--------- log -----------
Searching: The Daddy-O's: Got A Match?
=========> Daddy O s: Got A Match

	 NOT FOUND

Searching: Jerry Lee Lewis And His Pumping Piano: I'll Make It All Up To You

	Jerry Lee Lewis: I'll Make It All Up To You - 1964 Version [cached]

Searching: Johnny Cash And The Tennessee Two: I Just Thought You'd Like To Know

	Johnny Cash: I Just Thought You'd Like To Know [cached]

Searching: Poni-Tails: Seven Minutes In Heaven

	The Poni-Tails: Seven Minutes in Heaven [cached]

Searching: Buddy Knox: Teasable, Pleasable You

	Buddy Knox: Teasable, Pleasable You [cached]

Searching: Nat King Cole: Madrid

	Nat King Cole: Madrid [cached]

Searching: Joe Medlin: I Kneel At Your Throne

	Joe Medlin: I Kneel at Your Throne [cached]

Searching: The McGuire Sisters: Peace

	The McGuire Sisters: Peace [cached]

Searching: Sonny James: Talk Of The School

	Sonny James: Talk of the School [cached]

Searching: Don Gibson: Don't Tell Me Your Troubles

	Don Gibson: Don't Tell Me Your Troubles [cached]

Searching: Johnny Cash And The Tennessee Two: Down The Street To 301

	Johnny Cash: Down the Street to 301 [cached]

Searching: Jack Scott: Cool Water

	Jack Scott: Cool Water - Remastered [cached]

Searching: Frankie Avalon: Don't Let Love Pass Me By

	Frankie Avalon: Don't Let Love Pass Me By [cached]

Searching: Safaris with The Phantom's Band: The Girl With The Story In Her Eyes

	The Safaris: The Girl with the Story in Her Eyes [cached]

Searching: Anita Bryant: A Texan And A Girl From Mexico

	Anita Bryant: A Texan and a Girl from Mexico - Remastered [cached]

Searching: Jimmy Jones: I Told You So

	Jimmy Jones: I Told You So [cached]

Searching: Junior Parker: Driving Wheel

	Junior Parker: Driving Wheel [cached]

Searching: Ferrante & Teicher: (Theme From) "Goodbye Again"

	Ferrante & Teicher: Goodbye Again (Theme From Goodbye Again) [cached]

Searching: Adam Wade: Point Of No Return

	Adam Wade: Point Of No Return [cached]

Searching: Wink Martindale: Black Land Farmer

	 NOT FOUND

Searching: Bobby Rydell: The Door To Paradise

	Bobby Rydell: The Door to Paradise [cached]

Searching: Anthony Newley: Pop Goes The Weasel

	Anthony Newley: Pop Goes The Weasel [cached]

Searching: Solomon Burke: I'm Hanging Up My Heart For You

	Solomon Burke: I'm Hanging up My Heart for You [cached]

Searching: The Tokens: La Bomba

	The Tokens: La Bomba [cached]

Searching: Patsy Cline: So Wrong

	Patsy Cline: So Wrong - Single Version [cached]

Searching: Anthony Newley: What Kind Of Fool Am I

	Anthony Newley: What Kind Of Fool Am I? [cached]

Searching: Bob And Earl: Don't Ever Leave Me

	Bob Mintzer Big Band: Don't Ever Leave Me [cached]

Searching: Tony Bennett: I Will Live My Life For You

	Tony Bennett: I Will Live My Life For You [cached]

Searching: Ben E. King: How Can I Forget

	Ben E. King: How Can I Forget [cached]

Searching: Otis Redding: These Arms Of Mine

	Otis Redding: These Arms of Mine [cached]

Searching: Chuck Jackson: Tears Of Joy

	Chuck Jackson: Tears of Joy [cached]

Searching: Bobby Vee: A Letter From Betty

	Bobby Vee: A Letter From Betty [cached]

Searching: Joe Sherman, his Orchestra and Chorus: Toys In The Attic
=========> Joe Sherman  his Orchestra: Toys In Attic

	 NOT FOUND

Searching: Steve Allen and His Orchestra with The Copacabana Trio: Cuando Calienta El Sol (When The Sun Is Hot)
=========> Steve Allen: Cuando Calienta El Sol

	 NOT FOUND

Searching: Lefty Frizzell: Saginaw, Michigan

	Lefty Frizzell: Saginaw, Michigan [cached]

Searching: Bruce & Terry: Custom Machine

	Bruce & Terry: Custom Machine [cached]

Searching: The Swans: The Boy With The Beatle Hair

	The Swans: The Boy With the Beatle Hair [cached]

Searching: The Four Preps: A Letter To The Beatles

	The Four Preps: A Letter to the Beatles [cached]

Searching: Christine Quaite: Tell Me Mamma

	 NOT FOUND

Searching: Brenda Lee: My Dreams

	 NOT FOUND

Searching: Herb Alpert's Tijuana Brass: The Mexican Shuffle

	Herb Alpert & The Tijuana Brass: Mexican Shuffle [cached]

Searching: Al (He's the King) Hirt: Up Above My Head (I Hear Music In The Air)

	Al Hirt: Up Above My Head (I Hear Music in the Air) [cached]

Searching: J. Frank Wilson and The Cavaliers: Hey Little One
=========> J  Frank Wilson: Hey Little One

	 NOT FOUND

Searching: Tommy Roe: Party Girl

	Tommy Roe: Party Girl [cached]

Searching: Willie Mitchell: Percolatin'

	Willie Mitchell: Percolatin' [cached]

Searching: Jackie Ross: Jerk And Twine

	Jackie Ross: Jerk And Twine [cached]

Searching: Bobby Vee: Keep On Trying

	Bobby Vee: Keep On Trying [cached]

Searching: Trini Lopez: Are You Sincere

	Trini Lopez: Are You Sincere [cached]

Searching: The Righteous Brothers: Justine

	The Righteous Brothers: Justine [cached]

Searching: Barbara Mason: If You Don't (Love Me, Tell Me So)

	Barbara Mason: If You Don't [cached]

Searching: Otis Redding: Just One More Day

	Otis Redding: Just One More Day [cached]

Searching: The Toys: May My Heart Be Cast Into Stone
=========> Toys: May My Heart Be Cast Into Stone

	 NOT FOUND

Searching: The Contours: Just A Little Misunderstanding

	The Contours: Just A Little Misunderstanding [cached]

Searching: Jeannie Seely: Don't Touch Me

	Jeannie Seely: Don't Touch Me [cached]

Searching: Booker T. & The MG's: My Sweet Potato

	Booker T. & the M.G.'s: My Sweet Potato [cached]

Searching: The Chiffons: Stop, Look And Listen

	The Chiffons: Stop, Look And Listen [cached]

Searching: James Carr: Pouring Water On A Drowning Man

	James Carr: Pouring Water on a Drowning Man [cached]

Searching: The Cryan' Shames: I Wanna Meet You

	Cryan' Shames: I Wanna Meet You [cached]

Searching: The Nightcrawlers: The Little Black Egg

	The Nightcrawlers: The Little Black Egg [cached]

Searching: Carla Thomas: I'll Always Have Faith In You

	Carla Thomas: I'll Always Have Faith In You [cached]

Searching: Betty Harris: Nearer To You

	Betty Harris: Nearer to You [cached]

Searching: The Cryan' Shames: It Could Be We're In Love

	Cryan' Shames: It Could Be We're In Love [cached]

Searching: Patti Drew: Tell Him

	Patti Drew: Tell Him [cached]

Searching: Miriam Makeba: Malayisha

	Miriam Makeba: Malayisha (Live) [cached]

Searching: The Cryan' Shames: Up On The Roof

	Cryan' Shames: Up On The Roof [cached]

Searching: The Royal Guardsmen: Snoopy For President
=========> Royal Guardsmen: Snoopy For President

	 NOT FOUND

Searching: Bobby Taylor & The Vancouvers: I Am Your Man

	Bobby Taylor: I Am Your Man [cached]

Searching: The Mauds: Soul Drippin'
=========> Mauds: Soul Drippin

	 NOT FOUND

Searching: Arthur Conley: Aunt Dora's Love Soul Shack

	Arthur Conley: Aunt Dora's Love Soul Shack [cached]

Searching: Tiny Tim: Great Balls Of Fire

	Tiny Tim: Great Balls of Fire - Remastered Version [cached]

Searching: The Smoke Ring: No Not Much

	The Smoke Ring: No Not Much [cached]

Searching: Bob Dylan: I Threw It All Away

	Bob Dylan: I Threw It All Away [cached]

Searching: Bill Deal & The Rhondels: Swingin' Tight
=========> Bill Deal: Swingin  Tight

	 NOT FOUND

Searching: Kool & The Gang: The Gangs Back Again

	Kool & The Gang: The Gangs Back Again [cached]

Searching: Les McCann & Eddie Harris: Compared To What

	Les McCann: Compared to What [cached]

Searching: Charlie Rich: July 12, 1939

	Charlie Rich: July 12, 1939 [cached]

Searching: Ginger Baker's Air Force: Man Of Constant Sorrow
=========> Ginger Baker s Air Force: Man Of Constant Sorrow

	 NOT FOUND

Searching: Andy Kim: It's Your Life
=========> Andy Kim: It s Your Life

	 NOT FOUND

Searching: Little Richard: Greenwood Mississippi

	Little Richard: Greenwood, Mississippi [cached]

Searching: The Intruders: This Is My Love Song
=========> Intruders: This Is My Love Song

	 NOT FOUND

Searching: Ann Peebles: I Pity The Fool

	Ann Peebles: I Pity the Fool [cached]

Searching: Jerry Butler: How Did We Lose It Baby

	Jerry Butler: How Did We Lose It Baby [cached]

Searching: Bobby Byrd: Hot Pants - I'm Coming, Coming, I'm Coming

	Bobby Byrd: Hot Pants - I'm Coming, Coming, I'm Coming - Single Version [cached]

Searching: Linda Ronstadt: Rock Me On The Water

	Linda Ronstadt: Rock Me On The Water [cached]

Searching: Fanny: Ain't That Peculiar

	Fanny: Ain't That Peculiar [cached]

Searching: Jerry Butler: I Only Have Eyes For You

	Jerry Butler: I Only Have Eyes For You [cached]

Searching: The Doors: The Mosquito

	The Doors: The Mosquito [cached]

Searching: The Supremes: I Guess I'll Miss The Man

	The Supremes: I Guess I'll Miss The Man [cached]

Searching: Michael Redway: Good Morning

	 NOT FOUND

Searching: Jackson Browne: Redneck Friend

	Jackson Browne: Redneck Friend [cached]

Searching: The Persuaders: Best Thing That Ever Happened To Me

	The Persuaders: Best Thing That Ever Happened to Me [cached]

Searching: Johnny Rodriguez: Something

	 NOT FOUND

Searching: MFSB Featuring The Three Degrees: Love Is The Message

	MFSB: Love Is the Message (feat. The Three Degrees) - Love Groove Bonus [cached]

Searching: Dick Feller: Makin' The Best Of A Bad Situation

	Dick Feller: Making The Best Of A Bad Situation [cached]

Searching: Suzi Quatro: All Shook Up

	Suzi Quatro: All Shook Up [cached]

Searching: Stark & McBrien: Isn't It Lonely Together
=========> Stark: Isn t It Lonely Together

	 NOT FOUND

Searching: Al Downing: I'll Be Holding On

	Al Downing: I'll Be Holding On [cached]

Searching: The Hollies: Sandy

	The Hollies: 4th of July, Asbury Park (Sandy) - 2008 Remaster [cached]

Searching: Cledus Maggard And The Citizen's Band: Kentucky Moonrunner
=========> Cledus Maggard: Kentucky Moonrunner

	 NOT FOUND

Searching: Yvonne Fair: It Should Have Been Me

	Yvonne Fair: It Should Have Been Me [cached]

Searching: Atlanta Rhythm Section: Free Spirit

	Atlanta Rhythm Section: Free Spirit [cached]

Searching: Henry Gross: Someday (I Didn't Want To Have to be the One)

	Henry Gross: Someday [cached]

Searching: The Supremes: You're My Driving Wheel

	The Supremes: You're My Driving Wheel [cached]

Searching: Aretha Franklin: Break It To Me Gently

	 NOT FOUND

Searching: Burton Cummings: Break It To Them Gently

	Burton Cummings: Break It To Them Gently [cached]

Searching: Boney M: Mary's Boy Child / Oh My Lord

	Boney M.: Mary's Boy Child / Oh My Lord [cached]

Searching: 10cc: For You And I

	10cc: For You And I [cached]

Searching: Kate Bush: The Man With The Child In His Eyes

	Kate Bush: The Man with the Child in His Eyes [cached]

Searching: Steve Forbert: Say Goodbye To Little Jo

	Steve Forbert: Say Goodbye to Little Jo [cached]

Searching: McGuffey Lane: Long Time Lovin' You

	McGuffey Lane: long Time Lovin' You [cached]

Searching: The Kinks: Destroyer

	The Kinks: Destroyer [cached]

Searching: Gerard McMahon: Count On Me

	 NOT FOUND

Searching: After The Fire: Dancing In The Shadows

	After The Fire: Dancing In The Shadows [cached]

Searching: New Edition: Is This The End

	New Edition: Is This the End [cached]

Searching: Jennifer Warnes/Chris Thompson: All The Right Moves
=========> Jennifer Warnes: All Right Moves

	 NOT FOUND

Searching: Joe Jackson: Memphis

	Joe Jackson: Memphis [cached]

Searching: R.E.M.: South Central Rain (I'm Sorry)
=========> R E M: South Central Rain

	 NOT FOUND

Searching: Jeff Lynne: Video

	 NOT FOUND

Searching: Evelyn Thomas: High Energy

	Evelyn Thomas: High Energy [cached]

Searching: Apollonia 6: Sex Shooter

	 NOT FOUND

Searching: John Denver & Sylvie Vartan: Love Again

	John Denver: Love Again [cached]

Searching: Lorenzo Lamas: Fools Like Me

	 NOT FOUND

Searching: Dan Fogelberg: Go Down Easy

	Dan Fogelberg: Go Down Easy [cached]

Searching: Eddie & The Tide: One In A Million

	Eddie And The Tide: One In Million [cached]

Searching: John Waite: Welcome To Paradise

	John Waite: Welcome To Paradise [cached]

Searching: Joni Mitchell: Good Friends

	Joni Mitchell: Good Friends [cached]

Searching: Oingo Boingo: Just Another Day

	Oingo Boingo: Just Another Day [cached]

Searching: Robert Tepper: Don't Walk Away

	Robert Tepper: Don't Walk Away [cached]

Searching: GTR: The Hunter

	GTR: The Hunter [cached]

Searching: Bad Company: This Love

	Bad Company: This Love [cached]

Searching: David Lee Roth: That's Life

	David Lee Roth: That's Life [Asi Es la Vida] [cached]

Searching: Dead Or Alive: Something In My House

	Dead Or Alive: Something In My House [cached]

Searching: Stephanie Mills: (You're Puttin') A Rush On Me

	Stephanie Mills: (You're Puttin') A Rush On Me [cached]

Searching: The Cars: Strap Me In

	The Cars: Strap Me In [cached]

Searching: David Foster: Winter Games

	David Foster: Winter Games (New Edit) [cached]

Searching: Teena Marie: Ooo La La La

	Teena Marie: Ooo La La La [cached]

Searching: Henry Lee Summer: Hands On The Radio

	Henry Lee Summer: Hands On the Radio [cached]

Searching: Cameo: You Make Me Work

	Cameo: You Make Me Work [cached]

Searching: Tracie Spencer: Imagine

	Tracie Spencer: Imagine [cached]

Searching: Donna Summer: Love's About to Change My Heart

	Donna Summer: Love's About to Change My Heart [cached]

Searching: Winger: Hungry

	Winger: Hungry [cached]

Searching: Saraya: Timeless Love (From "Shocker")
=========> Saraya: Timeless Love

	 NOT FOUND

Searching: Xymox: Imagination

	 NOT FOUND

Searching: Soul II Soul: A Dreams A Dream

	Soul II Soul: A Dream's A Dream [cached]

Searching: Biscuit: Biscuit's In The House
=========> Biscuit: Biscuit s In House

	 NOT FOUND

Searching: Fred Schneider: Monster

	 NOT FOUND

Searching: Ziggy Marley And The Melody Makers: Good Time

	Ziggy Marley & The Melody Makers: Good Time [cached]

Searching: Grandmaster Slice: Thinking Of You

	Grandmaster Slice: Thinking Of You [cached]

Searching: Tevin Campbell: Goodbye

	Tevin Campbell: Don't Say Goodbye Girl [cached]

Searching: Jodeci: I'm Still Waiting

	Jodeci: I'm Still Waiting [cached]

Searching: Too $hort: I'm A Player

	Too $hort: I'm a Player - Street Version [cached]

Searching: House Of Pain: On Point

	House Of Pain: On Point [cached]

Searching: Keith Sweat: When I Give My Love

	Keith Sweat: When I Give My Love [cached]

Searching: Doctor Dre & Ed Lover: Back Up Off Me!
=========> Doctor Dre: Back Up Off Me

	 NOT FOUND

Searching: Group Home: Supa Star

	Group Home: Supa Star [cached]

Searching: Everclear: Heartspark Dollarsign

	Everclear: Heartspark Dollarsign [cached]

Searching: Alfonzo Hunter: Just The Way (Playas Play)

	Alfonzo Hunter: Just The Way [cached]

Searching: Lorrie Morgan: Go Away

	Lorrie Morgan: Go Away [cached]

Searching: Deana Carter: Did I Shave My Legs For This?

	Deana Carter: Did I Shave My Legs For This? [cached]

Searching: Sammy Kershaw: Love Of My Life

	Sammy Kershaw: Love of My Life [cached]

Searching: LaTanya Featuring Twista: Whatuon
=========> LaTanya: Whatuon

	 NOT FOUND

Searching: Jesse Powell: I Wasn't With It
=========> Jesse Powell: I Wasn t With It

	 NOT FOUND

Searching: Hole: Celebrity Skin

	Hole: Celebrity Skin [cached]

Searching: Mary Chapin Carpenter: Almost Home

	Mary Chapin Carpenter: Almost Home [cached]

Searching: Brad Paisley: Me Neither

	Brad Paisley: Me Neither [cached]

Searching: Depeche Mode: Dream On

	Depeche Mode: Dream On [cached]

Searching: Dante Thomas Featuring Pras: Miss California

	Dante Thomas: Miss California [cached]

Searching: Musiq Soulchild Featuring Ayana: Girl Next Door

	Musiq Soulchild: Girl Next Door [cached]

Searching: Cher: Song For The Lonely

	Cher: Song for the Lonely [cached]

Searching: X-Ecutioners: It's Goin' Down

	X-Ecutioners: It's Goin' Down (feat. Mike Shinoda & Mr. Hahn) [cached]

Searching: Tanto Metro & Devonte: Give It To Her

	Tanto Metro & Devonte: Give It To Her [cached]

Searching: New Found Glory: My Friends Over You

	New Found Glory: My Friends Over You [cached]

Searching: Angie Martinez Featuring Kelis: Take You Home

	Angie Martinez: Take You Home (feat. Kelis) [cached]

Searching: Big Tymers Featuring R. Kelly: Gangsta Girl

	Big Tymers: Gangsta Girl [cached]

Searching: T.O.K.: Gal Yuh Ah Lead

	T.O.K.: Gal Yuh Ah Lead [cached]

Searching: Big & Rich: Wild West Show

	Big & Rich: Wild West Show [cached]

Searching: Jagged Edge: What's It Like

	Jagged Edge: What's It Like [cached]

Searching: Brandy: Who Is She 2 U

	Brandy: Who Is She 2 U - Recall Version [cached]

Searching: Martina McBride: God's Will

	Martina McBride: God's Will [cached]

Searching: Squeak E. Clean Featuring Karen O: Hello Tomorrow

	Squeak E. Clean: Hello Tomorrow - Adidas Version [cached]

Searching: Wisin & Yandel: Rakata

	Wisin & Yandel: Rakata - Remix [cached]

Searching: Lil Rob: Bring Out The Freak In You

	Lil Rob: Bring Out the Freak In You [cached]

Searching: Godsmack: Speak

	Godsmack: Speak [cached]

Searching: George Strait: The Seashores Of Old Mexico

	George Strait: The Seashores Of Old Mexico [cached]

Searching: Eric Church: How 'Bout You

	Eric Church: How 'Bout You [cached]

Searching: The Cheetah Girls: The Party's Just Begun

	The Cheetah Girls: The Party's Just Begun [cached]

Searching: Ying Yang Twins Featuring Wyclef: Dangerous

	Ying Yang Twins: Dangerous [cached]

Searching: R.E.M.: Supernatural Superserious

	R.E.M.: Supernatural Superserious [cached]

Searching: Hinder: Without You

	Hinder: Without You [cached]

Searching: Rascal Flatts: Things That Matter

	Rascal Flatts: Things That Matter [cached]

Searching: Eminem: Insane

	Eminem: Insane [cached]

Searching: Shinedown: Sound Of Madness

	Shinedown: Sound of Madness [cached]

Searching: Matisyahu: One Day

	Matisyahu: One Day [cached]

Searching: Josh Thompson: Way Out Here

	Josh Thompson: Blame It On Waylon [cached]

Searching: Taylor Swift: Long Live

	Taylor Swift: Long Live [cached]

Searching: B.o.B: I Am The Champion

	B.o.B: I Am the Champion [cached]

Searching: Bruno Mars: Marry You

	Bruno Mars: Marry You [cached]

Searching: Kirk Franklin: I Smile

	Kirk Franklin: I Smile [cached]

Searching: Skrillex: First Of The Year (Equinox)

	Skrillex: First of the Year (Equinox) [cached]

Searching: Christina Aguilera & Chris Mann: The Prayer

	Christina Aguilera: The Prayer - The Voice Performance [cached]

Searching: Jay Sean Featuring Pitbull: I'm All Yours

	Jay Sean: I'm All Yours [cached]

Searching: Mumford & Sons: Lover's Eyes

	Mumford & Sons: Lovers' Eyes [cached]

Searching: The Barden Bellas: Bellas Finals: Price Tag / Don't You (Forget About Me)...

	The Barden Bellas: Bellas Finals: Price Tag/Don’t You (Forget About Me)/Give Me Everything/Just The Way You Are/Party In The U.S.A./Turn The Beat Around [cached]

Searching: Michelle Chamuel: I Knew You Were Trouble

	 NOT FOUND

Searching: John Mayer: Wildfire

	John Mayer: Wildfire [cached]

Searching: Avicii: You Make Me

	Avicii: You Make Me [cached]

Searching: Enrique Iglesias Featuring Marco Antonio Solis: El Perdedor

	Enrique Iglesias: El Perdedor [cached]

Searching: Tim McGraw: Lookin' For That Girl

	Tim McGraw: Lookin' For That Girl [cached]

Searching: Eric Paslay: Song About A Girl

	Eric Paslay: Song About A Girl [cached]

Searching: Tyga Featuring Young Thug: Hookah

	Tyga: Hookah [cached]

Searching: Jeezy Featuring Jay Z: Seen It All

	Jeezy: Seen It All [cached]

Searching: TeeFLii Featuring 2 Chainz: 24 Hours

	TeeFLii: 24 Hours (feat. 2 Chainz) [cached]

Searching: The Weeknd Featuring Labrinth: Losers

	The Weeknd: Losers [cached]

Searching: Young Greatness: Moolah

	Young Greatness: Moolah [cached]

Searching: Blink-182: Bored To Death

	blink-182: Bored To Death [cached]

Searching: Kehlani: CRZY

	Kehlani: CRZY [cached]

Searching: Kehlani: Distraction

	Kehlani: Distraction [cached]

Searching: Bryson Tiller: Self-Made

	Bryson Tiller: Self-Made [cached]

Searching: Migos: Auto Pilot

	Migos: Auto Pilot [cached]

Searching: Kanye West Featuring T.I.: Ye vs The People

	Kanye West: Ye vs. the People (starring TI as the People) [cached]

Searching: Gorillaz Featuring George Benson: Humility

	Gorillaz: Humility (feat. George Benson) [cached]

Searching: Meek Mill: Oodles O' Noodles Babies

	Meek Mill: Oodles O' Noodles Babies [cached]

Searching: benny blanco & Juice WRLD Featuring Brendon Urie: Roses

	benny blanco: Roses (with Juice WRLD feat. Brendon Urie) [cached]

Searching: ScHoolboy Q + Travis Scott: CHopstix

	ScHoolboy Q: CHopstix (feat. Travis Scott) [cached]

Searching: Tyler, The Creator: What's Good

	Tyler, The Creator: WHAT'S GOOD [cached]

Searching: NF: Leave Me Alone

	NF: Leave Me Alone [cached]

Searching: Drake: Club Paradise

	Drake: Club Paradise [cached]

Searching: Frank Ocean: In My Room

	Frank Ocean: In My Room [cached]

Searching: XXXTENTACION Featuring PnB Rock & Trippie Redd: Bad Vibes Forever

	XXXTENTACION: bad vibes forever [cached]

Searching: YoungBoy Never Broke Again: Long RD

	YoungBoy Never Broke Again: Long RD [cached]

Searching: Noah Cyrus & Leon Bridges: July

	Noah Cyrus: July (feat. Leon Bridges) [cached]

Searching: DaBaby: CHAMPION

	DaBaby: CHAMPION [cached]

Searching: Kenny Chesney: Happy Does

	Kenny Chesney: Happy Does [cached]

Searching: Thomas Rhett: What's Your Country Song

	Thomas Rhett: What’s Your Country Song [cached]

Searching: Kid Cudi: Heaven On Earth

	Kid Cudi: Heaven On Earth [cached]
