Found 266/299 = 89%
33 not found: 
Saverio Saridis: Love Is The Sweetest Thing
Fats Domino: Lazy Lady
The Ramblers: Father Sebastian
Roddie Joy: Come Back Baby
Frankie Laine: Dammit Isn't God's Last Name
Romeo & Juliet Soundtrack: Farewell Love Scene
Al Martino: I Started Loving You Again
Flamingos: Buffalo Soldier
Buddy Miles: We Got To Live Together - Part I
Lyn Collins: Me And My Baby Got A Good Thing Going
Don Fardon: Delta Queen
Reuben Howell: Rings
Broadway: You To Me Are Everything
L.A. Jets: Prisoner (Captured By Your Eyes)
The Tarney/Spencer Band: It's Really You
Bama: Touch Me When We're Dancing
Together? (Soundtrack) Featuring Jackie DeShannon: I Don't Need You Anymore
Dan Hartman: Heaven In Your Arms
Tiggi Clay: Flashes
Grand Master Melle Mel And The Furious Five With Mr Ness & Cowboy: Beatstreet
Rubber Rodeo: Anywhere With You
Newcity Rockers: Rev It Up
Good Question: Got A New Love
Keedy: Wishing On The Same Star
The Flavor Unit MC's: Roll Wit Tha Flava
Bobby Ross Avila: La La Love
Nathan Morris: Wishes (From "Kazaam")
Blair: Have Fun, Go Mad
Tragedy, Capone, Infinite: '98 Thug Paradise
New Hollow: Sick
Victorious Cast Featuring Victoria Justice: Best Friend's Brother
Kanye West Featuring DJ Khaled: Way Too Cold
Jake Paul & Erika Costell Featuring Uncle Kade: Jerika
--------- log -----------
Searching: Jackie Wilson: To Be Loved

	Jackie Wilson: To Be Loved [cached]

Searching: The Drifters: Moonlight Bay

	The Drifters: Moonlight Bay [cached]

Searching: David Seville: Judy

	David Seville: Judy [cached]

Searching: Tommy Edwards: It's Only The Good Times

	Tommy Edwards: It's Only The Good Times [cached]

Searching: Hugo & Luigi: La Plume De Ma Tante

	Hugo & Luigi: La plume de ma tante [cached]

Searching: The Impalas: Oh, What A Fool

	The Impalas: Oh, What a Fool [cached]

Searching: April Stevens: Teach Me Tiger

	April Stevens: Teach Me Tiger [cached]

Searching: Little Anthony And The Imperials: My Empty Room

	Little Anthony: My Empty Room - Remastered [cached]

Searching: James Brown And The Famous Flames: You've Got The Power

	James Brown: Medley: Please Please Please/You've Got The Power/I Found Someone - Live At The Apollo Theater, 1962 [cached]

Searching: Nat King Cole: If I Knew

	Nat King Cole: If I Knew [cached]

Searching: Maurice Williams & The Zodiacs: I Remember

	Maurice Williams: I Remember [cached]

Searching: Johnny And The Hurricanes: Ja-Da

	Johnny Paycheck: 11 Months and 29 Days [cached]

Searching: Al Martino: Here In My Heart

	Al Martino: Here In My Heart [cached]

Searching: Jack Scott: Steps 1 And 2

	Jack Scott: Steps One And Two [cached]

Searching: Saverio Saridis: Love Is The Sweetest Thing
=========> Saverio Saridis: Love Is Sweetest Thing

	 NOT FOUND

Searching: Bobby Bland: Ain't That Loving You

	Bobby Bland: Ain't That Loving You [cached]

Searching: Sandy Nelson: Drum Stomp

	Sandy Nelson: Drum Stomp [cached]

Searching: Johnny Mathis: Marianna

	Johnny Mathis: Marianna [cached]

Searching: Andy Williams: Twilight Time

	Andy Williams: Twilight Time [cached]

Searching: Aretha Franklin: Trouble In Mind

	Aretha Franklin: Trouble In Mind [cached]

Searching: The Belmonts: Ann-Marie

	The Belmonts: Ann-Marie [cached]

Searching: The Olympics: Dancin' Holiday

	The Olympics: Dancin' Holiday [cached]

Searching: The Cascades: For Your Sweet Love

	The Cascades: For Your Sweet Love [cached]

Searching: Fats Domino: Lazy Lady

	 NOT FOUND

Searching: Rufus Thomas: Somebody Stole My Dog

	Rufus Thomas: Somebody Stole My Dog [cached]

Searching: Neil Sedaka: Sunny

	Neil Sedaka: Sunny [cached]

Searching: The Ramblers: Father Sebastian
=========> Ramblers: Father Sebastian

	 NOT FOUND

Searching: Bobby Darin: The Things In This House

	Bobby Darin: Things In This House [cached]

Searching: Lesley Gore: Sometimes I Wish I Were A Boy

	Lesley Gore: Sometimes I Wish I Were A Boy [cached]

Searching: Little Milton: Blind Man

	Little Milton: Blind Man (live) - Live [cached]

Searching: Roddie Joy: Come Back Baby

	 NOT FOUND

Searching: Johnny Tillotson: Then I'll Count Again

	Johnny Tillotson: Then I'll Count Again [cached]

Searching: O.V. Wright: You're Gonna Make Me Cry

	O.V. Wright: You're Gonna Make Me Cry - Single Version [cached]

Searching: Nancy Sinatra: So Long Babe

	Nancy Sinatra: So Long Babe [cached]

Searching: Trini Lopez: La Bamba - Part I

	Trini Lopez: La Bamba [cached]

Searching: Wayne Newton: Games That Lovers Play

	Wayne Newton: Games That Lovers Play (Eine Ganze Nacht) - Remastered [cached]

Searching: The Seeds: Mr. Farmer

	The Seeds: Mr. Farmer [cached]

Searching: Nino Tempo & April Stevens: I Can't Go On Livin' Baby Without You

	Nino Tempo & April Stevens: I Can't Go On Livin' (Without You Baby) [cached]

Searching: Bunny Sigler: Lovey Dovey/You're So Fine

	Bunny Sigler: Lovey Dovey / You're So Fine [cached]

Searching: Billy Stewart: Cross My Heart

	Billy Stewart: Cross My Heart [cached]

Searching: Brenda & The Tabulations: Baby You're So Right For Me

	Brenda And The Tabulations: Baby You're So Right For Me [cached]

Searching: William Bell: A Tribute To A King

	William Bell: A Tribute To A King [cached]

Searching: Barbara Greene: Young Boy

	Barbara Greene: Young Boy [cached]

Searching: The Love Generation: Montage From How Sweet It Is (I Know That You Know)

	The Love Generation: Montage From "How Sweet It Is" (I Knew That You Knew) [cached]

Searching: Friend And Lover: If Love Is In Your Heart

	Friend & Lover: If Love Is In Your Heart [cached]

Searching: Carla Thomas: Where Do I Go

	Carla Thomas: Where Do I Go? [cached]

Searching: James Brown: Tit For Tat (Ain't No Taking Back)

	James Brown: Tit For Tat (Ain't No Taking Back) [cached]

Searching: Barry Ryan: Eloise

	Barry Ryan: Eloise [cached]

Searching: Spanky And Our Gang: Anything You Choose

	Spanky & Our Gang: Anything You Choose [cached]

Searching: Percy Sledge: Any Day Now

	Percy Sledge: Any Day Now [cached]

Searching: Joan Baez: Love Is Just A Four-Letter Word

	Joan Baez: Love Is Just A Four-Letter Word [cached]

Searching: Debbie Taylor: Never Gonna Let Him Know

	Debbie Taylor: Never Gonna Let Him Know [cached]

Searching: Frankie Laine: Dammit Isn't God's Last Name
=========> Frankie Laine: Dammit Isn t God s Last Name

	 NOT FOUND

Searching: Sagittarius: In My Room

	Sagittarius: In My Room [cached]

Searching: Romeo & Juliet Soundtrack: Farewell Love Scene
=========> Romeo: Farewell Love Scene

	 NOT FOUND

Searching: Ohio Express: Sausalito (Is The Place To Go)

	Ohio Express: Sausalito (Is The Place To Go) [cached]

Searching: Paul Anka: Happy

	Paul Anka: Happy [cached]

Searching: The Intrigues: I'm Gonna Love You

	The Intrigues: I'm Gonna Love You [cached]

Searching: Al Martino: I Started Loving You Again

	 NOT FOUND

Searching: Cannonball Adderley: Country Preacher

	The Cannonball Adderley Quintet: Country Preacher - Live [cached]

Searching: Flamingos: Buffalo Soldier

	 NOT FOUND

Searching: The Youngbloods: Darkness, Darkness

	The Youngbloods: Darkness, Darkness [cached]

Searching: O.C. Smith: Primrose Lane

	O.C. Smith: Primrose Lane [cached]

Searching: Buddy Miles: Dreams

	Buddy Miles: Dreams [cached]

Searching: Buddy Miles: We Got To Live Together - Part I
=========> Buddy Miles: We Got To Live Together

	 NOT FOUND

Searching: Billy Joe Royal: Tulsa

	Billy Joe Royal: Tulsa [cached]

Searching: Johnnie Taylor: I Don't Wanna Lose You

	Johnnie Taylor: I Don't Wanna Lose You [cached]

Searching: Z.Z. Hill: I Need Someone (To Love Me)

	Z.Z. Hill: I Need Someone (To Love Me) [cached]

Searching: Tammy Wynette: Bedtime Story

	Tammy Wynette: Bedtime Story [cached]

Searching: The Fantastics: (Love Me) Love The Life I Lead

	The Fantastics: Love Me Love the Life I Lead [cached]

Searching: Engelbert Humperdinck: Too Beautiful To Last

	Engelbert Humperdinck: Too Beautiful To Last [cached]

Searching: Raspberries: Don't Want To Say Goodbye

	Raspberries: Don't Want To Say Goodbye [cached]

Searching: Isaac Hayes & David Porter: Ain't That Loving You (For More Reasons Than One)

	Isaac Hayes: Ain't That Loving You (For More Reasons Than One) [cached]

Searching: Kenny Loggins With Jim Messina: Nobody But You

	Kenny Loggins: Nobody But You - Live: Nassau Coliseum, Uniondale, NY 21 Aug '76 [cached]

Searching: The Delfonics: Tell Me This Is A Dream

	The Delfonics: Tell Me This Is a Dream [cached]

Searching: The Allman Brothers Band: Melissa

	Allman Brothers Band: Melissa [cached]

Searching: Boz Scaggs: Dinah Flo

	Boz Scaggs: Dinah Flo [cached]

Searching: Melanie: Together Alone

	Melanie: Together Alone [cached]

Searching: Daniel Boone: Annabelle

	Daniel Boone: Annabelle [cached]

Searching: Lyn Collins: Me And My Baby Got A Good Thing Going

	 NOT FOUND

Searching: The Allman Brothers Band: One Way Out

	Allman Brothers Band: One Way Out - Live At The Final Fillmore East Concert, 1971 [cached]

Searching: Uncle Dog: River Road

	Uncledog: River Road [cached]

Searching: Don Fardon: Delta Queen

	 NOT FOUND

Searching: Bill Quateman: Only Love

	Bill Quateman: Only Love (Remastered) [cached]

Searching: The Crusaders: Don't Let It Get You Down

	The Crusaders: Don't Let It Get You Down [cached]

Searching: Tanya Tucker: What's Your Mama's Name

	Tanya Tucker: What's Your Mama's Name Child [cached]

Searching: Johnny Rodriguez: You Always Come Back (To Hurting Me)

	Johnny Rodriguez: You Always Come Back (Re-Recorded) [cached]

Searching: Nilsson: As Time Goes By

	Harry Nilsson: As Time Goes By [cached]

Searching: Lobo: Love Me For What I Am/there Ain't No Way

	Lobo: Love Me for What I Am [cached]

Searching: Don Goodwin: This Is Your Song

	Don Goodwin: This Is Your Song (Re-Mastered) [cached]

Searching: Kris Kristofferson & Rita Coolidge: Loving Arms

	Kris Kristofferson: Loving Arms [cached]

Searching: Little Anthony And The Imperials: I'm Falling In Love With You

	Little Anthony & The Imperials: I'm Falling In Love With You [cached]

Searching: Reuben Howell: Rings

	 NOT FOUND

Searching: Tanya Tucker: The Man That Turned My Mama On

	Tanya Tucker: The Man That Turned My Mama On [cached]

Searching: Frank Zappa: Don't Eat The Yellow Snow

	Frank Zappa: Don't Eat The Yellow Snow [cached]

Searching: Anne Murray: Just One Look

	Anne Murray: Just One Look [cached]

Searching: Donna Fargo: U.S. Of A

	Donna Fargo: U.S. Of A. [cached]

Searching: South Shore Commission: Train Called Freedom

	South Shore Commission: Train Called Freedom [cached]

Searching: Harry Chapin: Better Place To Be (Parts 1 & 2)

	Harry Chapin: A Better Place to Be - Live 1975 Version [cached]

Searching: Broadway: You To Me Are Everything

	 NOT FOUND

Searching: Derringer: Let Me In

	Rick Derringer: Let Me In [cached]

Searching: Bryan Ferry: Heart On My Sleeve

	Bryan Ferry: Heart On My Sleeve [cached]

Searching: L.A. Jets: Prisoner (Captured By Your Eyes)
=========> L A  Jets: Prisoner

	 NOT FOUND

Searching: Brainstorm: Wake Up And Be Somebody

	Brainstorm: Wake Up And Be Somebody [cached]

Searching: Chuck Mangione With The Hamilton Philharmonic Orchestra: Land Of Make Believe

	Chuck Mangione: Land Of Make Believe [cached]

Searching: Jesse Winchester: Nothing But A Breeze

	Jesse Winchester: Nothing But A Breeze [cached]

Searching: Johnnie Taylor: Disco 9000

	Johnnie Taylor: Disco 9000 [cached]

Searching: Juice Newton: It's A Heartache

	Juice Newton: It's A Heartache [cached]

Searching: Ramones: Do You Wanna Dance

	Ramones: Do You Wanna Dance? - 2017 Remaster [cached]

Searching: The Tarney/Spencer Band: It's Really You
=========> Tarney: It s Really You

	 NOT FOUND

Searching: The Dirt Band: In For The Night

	Nitty Gritty Dirt Band: In For The Night [cached]

Searching: Billy Preston: Get Back

	Billy Preston: Get Back [cached]

Searching: Queen: Don't Stop Me Now

	Queen: Don't Stop Me Now - Remastered 2011 [cached]

Searching: Alicia Bridges: Body Heat

	Alicia Bridges: Body Heat [cached]

Searching: Peter Brown: Crank It Up (Funk Town) Pt. 1

	Peter Brown: Crank It Up (Funk Town Pt 1) [cached]

Searching: Bama: Touch Me When We're Dancing
=========> Bama: Touch Me When We re Dancing

	 NOT FOUND

Searching: Triumph: Lay It On The Line

	Triumph: Lay It on the Line [cached]

Searching: April Wine: I Like To Rock

	April Wine: I Like To Rock [cached]

Searching: Together? (Soundtrack) Featuring Jackie DeShannon: I Don't Need You Anymore
=========> Together: I Don t Need You Anymore

	 NOT FOUND

Searching: Fleetwood Mac: Sisters Of The Moon

	Fleetwood Mac: Sisters of the Moon - 2015 Remaster [cached]

Searching: Ted Nugent: Wango Tango

	Ted Nugent: Wango Tango [cached]

Searching: Spider: Everything Is Alright

	Spider: Everything Is Alright [cached]

Searching: Michael Johnson: You Can Call Me Blue

	Michael Johnson: You Can Call Me Blue - Remastered 2002 [cached]

Searching: Zapp: More Bounce To The Ounce Part I

	Zapp: More Bounce to the Ounce Parts I and II [cached]

Searching: Dan Hartman: Heaven In Your Arms

	 NOT FOUND

Searching: Larry John McNally: Just Like Paradise

	Larry John McNally: Just Like Paradise [cached]

Searching: Ambrosia: How Can You Love Me

	Ambrosia: How Can You Love Me [cached]

Searching: Dexys Midnight Runners: The Celtic Soul Brothers

	Dexys Midnight Runners: The Celtic Soul Brothers (More, Please, Thank You) [cached]

Searching: Liquid Gold: What's She Got

	Liquid Gold: What's She Got - Club Mix [cached]

Searching: Electric Light Orchestra: Four Little Diamonds

	Electric Light Orchestra: Four Little Diamonds [cached]

Searching: Joe "Bean" Esposito: Lady, Lady, Lady

	Joe "Bean" Esposito: Lady, Lady, Lady [cached]

Searching: Tiggi Clay: Flashes

	 NOT FOUND

Searching: Big Country: Wonderland

	Big Country: Wonderland [cached]

Searching: Grand Master Melle Mel And The Furious Five With Mr Ness & Cowboy: Beatstreet
=========> Grand Master Melle Mel: Beatstreet

	 NOT FOUND

Searching: Rubber Rodeo: Anywhere With You

	 NOT FOUND

Searching: Wang Chung: Don't Be My Enemy

	Wang Chung: Don't Be My Enemy [cached]

Searching: Melissa Manchester: Thief Of Hearts

	Melissa Manchester: Thief Of Hearts [cached]

Searching: Slade: Little Sheila

	Slade: Little Sheila [cached]

Searching: Kim Mitchell: Go For Soda

	Kim Mitchell: Go For Soda [cached]

Searching: Roger Daltrey: Let Me Down Easy

	Roger Daltrey: Let Me Down Easy [cached]

Searching: Evelyn "Champagne" King: Your Personal Touch

	Evelyn "Champagne" King: Your Personal Touch - Dance Version [cached]

Searching: Stevie Wonder: Land Of La La

	Stevie Wonder: Village Ghetto Land [cached]

Searching: Barry Manilow: I'm Your Man

	Barry Manilow: I Just Want to Be the One In Your Life [cached]

Searching: Rob Jungklas: Make It Mean Something

	Rob Jungklas: Make It Mean Something [cached]

Searching: Paul Simon: The Boy In The Bubble

	Paul Simon: The Boy In the Bubble [cached]

Searching: The Georgia Satellites: Battleship Chains

	The Georgia Satellites: Battleship Chains [cached]

Searching: Survivor: Man Against The World

	Survivor: Man Against the World [cached]

Searching: Newcity Rockers: Rev It Up

	 NOT FOUND

Searching: Wa Wa Nee: Stimulation

	Wa Wa Nee: Stimulation [cached]

Searching: Good Question: Got A New Love

	 NOT FOUND

Searching: Swing Out Sister: Waiting Game

	Swing Out Sister: Waiting Game [cached]

Searching: R.E.M.: Pop Song 89

	R.E.M.: Pop Song 89 - Remastered [cached]

Searching: Tora Tora: Walkin' Shoes

	Tora Tora: Walkin' Shoes [cached]

Searching: The Chimes: 1-2-3

	The Chimes: 1-2-3 [cached]

Searching: Denise Lopez: Don't You Wanna Be Mine

	Denise Lopez: Don't You Wanna Be Mine [cached]

Searching: Yes: Lift Me Up

	Yes Featuring Jon Anderson, Trevor Rabin, Rick Wakeman: Lift Me Up - Live [cached]

Searching: Keedy: Wishing On The Same Star
=========> Keedy: Wishing On Same Star

	 NOT FOUND

Searching: Robbie Nevil: For Your Mind

	Robbie Nevil: For Your Mind [cached]

Searching: The Northern Pikes: She Ain't Pretty

	The Northern Pikes: She Ain't Pretty [cached]

Searching: Tesla: What You Give

	Tesla: What You Give [cached]

Searching: M.C. Hammer: This Is The Way We Roll

	MC Hammer: This Is The Way We Roll - Radio Edit [cached]

Searching: Kym Sims: Take My Advice

	Kym Sims: Take My Advice [cached]

Searching: Nona Gaye: I'm Overjoyed

	Nona Gaye: I'm Overjoyed [cached]

Searching: Chante Moore: Love's Taken Over

	Chanté Moore: Love's Taken Over [cached]

Searching: Debbie Gibson: Losin' Myself

	Debbie Gibson: Losin' Myself - Radio Mix [cached]

Searching: Silk: Happy Days

	Silk: Happy Days [cached]

Searching: Black Moon: Who Got The Props

	Black Moon: Who Got The Props - MW Smooth Mix [cached]

Searching: The Flavor Unit MC's: Roll Wit Tha Flava
=========> Flavor Unit MC s: Roll Wit Tha Flava

	 NOT FOUND

Searching: Bobby Ross Avila: La La Love

	 NOT FOUND

Searching: Patty Smyth: I Should Be Laughing

	Patty Smyth: I Should Be Laughing [cached]

Searching: 2 In A Room: El Trago (The Drink)

	2 In A Room: El Trago [cached]

Searching: Sass Jordan: Sun's Gonna Rise

	Sass Jordan: Sun's Gonna Rise [cached]

Searching: Intonation Featuring Joee: Died In Your Arms

	Intonation: Died in Your Arms [cached]

Searching: Peter Cetera & Crystal Bernard: Forever Tonight

	Peter Cetera: I Wanna Take Forever Tonight [cached]

Searching: Das EFX (Featuring Mobb Deep): Microphone Master

	Das EFX: Microphone Master [cached]

Searching: Sting: Let Your Soul Be Your Pilot

	Sting: Let Your Soul Be Your Pilot [cached]

Searching: Gravity Kills: Guilty (From "Seven")

	Gravity Kills: Guilty [cached]

Searching: Nathan Morris: Wishes (From "Kazaam")
=========> Nathan Morris: Wishes

	 NOT FOUND

Searching: Katalina: DJ Girl

	Katalina: DJ Girl [cached]

Searching: Corina: Summertime Summertime

	Corina: Summertime, Summertime (Carlos Berrios Remix) [cached]

Searching: Michael Peterson: Drink, Swear, Steal & Lie

	Michael Peterson: Drink, Swear, Steal & Lie [cached]

Searching: The Beatnuts Featuring Big Punisher & Cuban Link: Off The Books

	The Beatnuts: Off the Books (feat. Big Pun & Cuban Linx) [cached]

Searching: Wade Hayes: The Day That She Left Tulsa (In A Chevy)

	Wade Hayes: The Day That She Left Tulsa (In A Chevy) [cached]

Searching: Blair: Have Fun, Go Mad
=========> Blair: Have Fun  Go Mad

	 NOT FOUND

Searching: Christion: I Wanna Get Next To You

	Christión: I Wanna Get Next To You [cached]

Searching: Rell Featuring Jay-Z: Love For Free

	Rell: Love For Free - Streets Is Watching/Soundtrack Version [cached]

Searching: Tragedy, Capone, Infinite: '98 Thug Paradise
=========> Tragedy  Capone  Infinite: 98 Thug Paradise

	 NOT FOUND

Searching: Travis Tritt: If I Lost You

	Travis Tritt: If I Lost You [cached]

Searching: Fastball: Fire Escape

	Fastball: Fire Escape [cached]

Searching: Nas: Nas Is Like

	Nas: Nas Is Like [cached]

Searching: Five: Slam Dunk

	Five: Slam Dunk (Da Funk) [cached]

Searching: Sammy Kershaw & Lorrie Morgan: Maybe Not Tonight

	Sammy Kershaw: Maybe Not Tonight [cached]

Searching: Chad Brock: Lightning Does The Work

	Chad Brock: Lightning Does the Work [cached]

Searching: Torrey Carter Featuring Missy "Misdemeanor" Elliott: Take That

	Torrey Carter: Take That [cached]

Searching: Jay-Z, Beanie Sigel And Memphis Bleek: Change The Game

	JAY-Z: Change The Game [cached]

Searching: Barenaked Ladies: Too Little Too Late

	Barenaked Ladies: Too Little Too Late [cached]

Searching: DMX Featuring Faith Evans: I Miss You

	DMX: I Miss You [cached]

Searching: Toya: No Matta What (Party All Night)

	Toya: No Matta What (Party All Night) - Radio Mix [cached]

Searching: Britney Spears: Overprotected

	Britney Spears: Overprotected - Radio Edit [cached]

Searching: The Hives: Hate To Say I Told You So

	The Hives: Hate To Say I Told You So [cached]

Searching: Toni Braxton Featuring Loon: Hit The Freeway

	Toni Braxton: Hit the Freeway (feat. Loon) - Radio Version with Rap [cached]

Searching: Clipse Featuring Faith Evans: Ma, I Don't Love Her

	Clipse: Ma, I Don't Love Her (feat. Faith Evans) [cached]

Searching: Fat Joe Featuring Tony Sunshine & Armageddon: All I Need

	Fat Joe: All I Need (feat. Armageddon & Tony Sunshine) [cached]

Searching: Elephant Man: Pon De River, Pon De Bank

	Elephant Man: Pon De River Pon De Bank [cached]

Searching: Maria Mena: You're The Only One

	Maria Mena: You're the Only One [cached]

Searching: Vanessa Carlton: White Houses

	Vanessa Carlton: White Houses [cached]

Searching: My Chemical Romance: I'm Not Okay (I Promise)

	My Chemical Romance: I'm Not Okay (I Promise) [cached]

Searching: Ashlee Simpson: La La

	Ashlee Simpson: La La [cached]

Searching: Jamie O'Neal: Trying To Find Atlantis

	Jamie O'Neal: Trying to Find Atlantis 2.0 [cached]

Searching: Ryan Cabrera: Shine On

	Ryan Cabrera: Shine On [cached]

Searching: Coldplay: Talk

	Coldplay: Talk [cached]

Searching: Mary J. Blige And U2: One

	Mary J. Blige: One [cached]

Searching: The Shins: Phantom Limb

	The Shins: Phantom Limb [cached]

Searching: Brooks & Dunn: Hillbilly Deluxe

	Brooks & Dunn: Hillbilly Deluxe [cached]

Searching: Jennifer Lopez: Que Hiciste

	Jennifer Lopez: Qué Hiciste [cached]

Searching: Nelly Furtado: All Good Things (Come To An End)

	Nelly Furtado: All Good Things (Come To An End) [cached]

Searching: Goo Goo Dolls: Before It's Too Late (Sam And Mikaela's Theme)

	The Goo Goo Dolls: Before It's Too Late [cached]

Searching: Backstreet Boys: Inconsolable

	Backstreet Boys: Inconsolable [cached]

Searching: Alvin And The Chipmunks: Funkytown

	Alvin & The Chipmunks: Funkytown [cached]

Searching: DragonForce: Through The Fire And Flames

	DragonForce: Through The Fire And Flames [cached]

Searching: Flex: Te Quiero

	Flex: Si No Te Tengo [cached]

Searching: Chuck Wicks: All I Ever Wanted

	Chuck Wicks: All I Ever Wanted [cached]

Searching: Busta Rhymes Featuring Ron Browz: Arab Money

	Busta Rhymes: Arab Money - Dirty [cached]

Searching: Maroon 5: Give A Little More

	Maroon 5: Give A Little More [cached]

Searching: The Script: The Man Who Can't Be Moved

	The Script: The Man Who Can't Be Moved [cached]

Searching: New Hollow: Sick

	 NOT FOUND

Searching: Victorious Cast Featuring Victoria Justice: Best Friend's Brother
=========> Victorious Cast: Best Friend s Brother

	 NOT FOUND

Searching: Bella Thorne & Zendaya: Watch Me

	Bella Thorne: Watch Me [cached]

Searching: The Black Eyed Peas: Don't Stop The Party

	The Future Hit Makers: Don't Stop The Party (A Tribute To Black Eyed Peas) [cached]

Searching: Nicole Scherzinger: Don't Hold Your Breath

	Nicole Scherzinger: Don't Hold Your Breath [cached]

Searching: Tyga Featuring Chris Richardson: Far Away

	Tyga: Far Away [cached]

Searching: China Anne McClain: Calling All The Monsters

	China Anne McClain: Calling All the Monsters [cached]

Searching: Justin Bieber Duet With Mariah Carey: All I Want For Christmas Is You (SuperFestive!)

	Justin Bieber: All I Want For Christmas Is You (SuperFestive!) Duet with Mariah Carey [cached]

Searching: Ronnie Dunn: Cost Of Livin'

	Ronnie Dunn: Cost Of Livin' [cached]

Searching: Glee Cast: Hit Me With Your Best Shot / One Way Or Another

	Glee Cast: Hit Me With Your Best Shot / One Way Or Another (Glee Cast Version) [cached]

Searching: Glee Cast: I'm The Only One

	Glee Cast: I'm The Only One (Glee Cast Version) [cached]

Searching: Waka Flocka Flame Featuring Drake: Round Of Applause

	Waka Flocka Flame: Round of Applause (feat. Drake) [cached]

Searching: Justin Bieber Featuring Busta Rhymes: Drummer Boy

	Justin Bieber: Drummer Boy [cached]

Searching: Foster The People: Don't Stop (Color On The Walls)

	Foster The People: Don't Stop (Color on the Walls) [cached]

Searching: Juliet Simms: Roxanne

	Juliet Simms: Roxanne - The Voice Performance [cached]

Searching: Kanye West Featuring DJ Khaled: Way Too Cold
=========> Kanye West: Way Too Cold

	 NOT FOUND

Searching: Chris Cagle: Got My Country On

	Chris Cagle: Got My Country On [cached]

Searching: Carly Rae Jepsen: This Kiss

	Carly Rae Jepsen: This Kiss [cached]

Searching: Melanie Martinez: Seven Nation Army

	Melanie Martinez: Seven Nation Army - The Voice Performance [cached]

Searching: Meek Mill Featuring Kirko Bangz: Young & Gettin' It

	Meek Mill: Young & Gettin' It (feat. Kirko Bangz) [cached]

Searching: A$AP Rocky: Long Live A$AP

	A$AP Rocky: Long Live A$AP [cached]

Searching: The Barden Bellas, The Treblemakers & The BU Harmonics: Riff Off: Mickey / Like A Virgin / Hit Me With Your Best Shot...

	The Barden Bellas: Riff Off: Mickey/Like A Virgin/Hit Me With Your Best Shot/S&M/Let’s Talk About Sex/I’ll Make Love To You/Feels Like The First Time/No Diggity [cached]

Searching: Childish Gambino: I. Crawl

	Childish Gambino: I.Crawl [cached]

Searching: Calvin Harris Featuring Ayah Marar: Thinking About You

	Calvin Harris: Thinking About You (feat. Ayah Marar) [cached]

Searching: Rick Ross Featuring JAY Z: The Devil Is A Lie

	Rick Ross: The Devil Is A Lie [cached]

Searching: The Band Perry: Chainsaw

	The Band Perry: Chainsaw [cached]

Searching: The Swon Brothers: Later On

	The Swon Brothers: Later On [cached]

Searching: Jessie J Featuring 2 Chainz: Burnin' Up

	Jessie J: Burnin' Up [cached]

Searching: Wiz Khalifa & Iggy Azalea: Go Hard Or Go Home

	Wiz Khalifa: Go Hard or Go Home [cached]

Searching: Fetty Wap Featuring Monty: Jugg

	Fetty Wap: Jugg (feat. Monty) [cached]

Searching: Lil Wayne & Charlie Puth: Nothing But Trouble (Instagram Models)

	Lil Wayne: Nothing but Trouble - Instagram Models [cached]

Searching: Jess Glynne: Hold My Hand

	Jess Glynne: Hold My Hand [cached]

Searching: Drake: Views

	Drake: Views [cached]

Searching: Broadway For Orlando: What The World Needs Now Is Love

	Broadway for Orlando: What the World Needs Now Is Love [cached]

Searching: Britney Spears Featuring Tinashe: Slumber Party

	Britney Spears: Slumber Party feat. Tinashe [cached]

Searching: A Boogie Wit da Hoodie: My Sh*t

	A Boogie Wit da Hoodie: My Shit [cached]

Searching: A Boogie Wit da Hoodie Featuring DJ SPINKING: Timeless

	A Boogie Wit da Hoodie: Timeless (feat. DJ SPINKING) [cached]

Searching: Big Sean: Owe Me

	Big Sean: Owe Me [cached]

Searching: JAY-Z: Moonlight

	JAY-Z: Moonlight [cached]

Searching: Jake Paul & Erika Costell Featuring Uncle Kade: Jerika
=========> Jake Paul: Jerika

	 NOT FOUND

Searching: A Boogie Wit da Hoodie Featuring PnB Rock & YoungBoy Never Broke Again: Beast Mode

	A Boogie Wit da Hoodie: Beast Mode (feat. PnB Rock & YoungBoy Never Broke Again) [cached]

Searching: Eminem: Untouchable

	Eminem: Untouchable [cached]

Searching: Jacquees X Dej Loaf: At The Club

	Jacquees: At The Club [cached]

Searching: NAV Featuring Travis Scott: Champion

	NAV: Champion (feat. Travis Scott) [cached]

Searching: Dennis Lloyd: Nevermind

	Dennis Lloyd: Nevermind [cached]

Searching: Lil Wayne: Perfect Strangers

	Lil Wayne: Perfect Strangers [cached]

Searching: Quavo: Biggest Alley Oop

	Quavo: BIGGEST ALLEY OOP [cached]

Searching: 21 Savage: 1.5

	21 Savage: 1.5 [cached]

Searching: Zedd & Katy Perry: 365

	Zedd: 365 [cached]

Searching: Offset: Lick

	Offset: Lick [cached]

Searching: Tainy, Anuel AA & Ozuna: Adicto

	Tainy: Adicto [cached]

Searching: Kevin Gates: By My Lonely

	Kevin Gates: By My Lonely [cached]

Searching: Doja Cat: Candy

	Doja Cat: Candy [cached]

Searching: John Legend: Conversations In The Dark

	John Legend: Conversations in the Dark - John Legend vs. David Guetta [cached]

Searching: Justin Bieber: Come Around Me

	Justin Bieber: Come Around Me [cached]

Searching: Kelly Clarkson: I Dare You

	Kelly Clarkson: I Dare You [cached]

Searching: YoungBoy Never Broke Again: Diamonds

	YoungBoy Never Broke Again: Diamonds [cached]

Searching: Lil Baby: Humble

	Lil Baby: Humble [cached]

Searching: Gunna: Gimmick

	Gunna: GIMMICK [cached]

Searching: Anuel AA & Bad Bunny: Hasta Que Dios Diga

	Anuel AA: Hasta Que Dios Diga [cached]

Searching: Summer Walker & PARTYNEXTDOOR: My Affection

	Summer Walker: My Affection (with PARTYNEXTDOOR) [cached]

Searching: Rod Wave: Freestyle

	Rod Wave: Freestyle [cached]

Searching: WhoHeem: Lets Link

	WhoHeem: Lets Link [cached]

Searching: DaBaby: Practice

	DaBaby: PRACTICE [cached]

Searching: Future & Lil Uzi Vert: Plastic

	Future: Plastic [cached]

Searching: Meek Mill Featuring Lil Durk: Pain Away

	Meek Mill: Pain Away (feat. Lil Durk) [cached]

Searching: Lil Durk: Refugee

	Lil Durk: Refugee [cached]

Searching: Morgan Wallen Featuring Ben Burgess: Outlaw

	Morgan Wallen: Outlaw (feat. Ben Burgess) [cached]

Searching: Polo G Featuring G Herbo: Go Part 1

	Polo G: Go Part 1 (with G Herbo) [cached]

Searching: Pop Smoke Featuring Dua Lipa: Demeanor

	Pop Smoke: Demeanor (feat. Dua Lipa) [cached]

Searching: Carly Pearce: Next Girl

	Carly Pearce: Next Girl [cached]

Searching: KSI x Lil Wayne: Lose

	KSI: Lose [cached]

Searching: Trippie Redd Featuring SoFaygo: MP5

	Trippie Redd: MP5 (feat. SoFaygo) [cached]

Searching: Lil Nas X: Tales Of Dominica

	Lil Nas X: TALES OF DOMINICA
