Found 232/273 = 85%
41 not found: 
The Exotic Sounds of Martin Denny: Martinique
The Megatons: Shimmy, Shimmy Walk, Part 1
The Playmates: Keep Your Hands In Your Pockets
Bobby Pickett: Graduation Day
Tony Clarke: (The Story Of) Woman, Love And A Man (Part 1)
Gloria Lynne: Be Anything (But Be Mine)
Mary Wells: Stop Takin' Me For Granted
Adam Wade: Crying In The Chapel
Perry Como: Oowee, Oowee
Tamiko Jones with Herbie Mann: A Man And A Woman
Dee Dee Warwick: I'm Gonna Make You Love Me
Rev. Martin Luther King, Jr.: I Have A Dream
The Buena Vistas: Here Come Da Judge
Fabulous Counts: Get Down People
R.B. Greaves: Georgia Took Her Back
Bobby Vee: Sweet Sweetheart
The Intruders: I'm Girl Scoutin'
Mike Reilly: 1927 Kansas City
The New Birth: I Wash My Hands Of The Whole Damn Deal, Part I
Northern Light: Minnesota
Roger Daltrey: Avenging Annie
Exile: How Could This Go Wrong
Samantha Sang: In The Midnight Hour
Cugini: Let Me Sleep Alone
Lani Hall: Where's Your Angel?
Snuff: Bad, Bad Billy
Karen Kamon: Loverboy
The Venetians: So Much For Love
Tami Show: She's Only 20
The Jets: Sendin' All My Love
Tevin Campbell: Just Ask Me To (From "Boyz N The Hood")
Hi-Five: Just Another Girlfriend
Nia Peeples: Faces Of Love
Fabu: Just Roll
Shae Jones: Talk Show Shhh!
Master P Featuring D.I.G.: Step To This
Bobby Pinson: Don't Ask Me How I Know
Lee DeWyze: The Boxer
Trace Adkins: This Ain't No Love Song
Bridgit Mendler, Adam Hicks, Naomi Scott & Hayley Kiyoko: Breakthrough
Hustle Gang Featuring T.I., B.o.B, Kendrick Lamar & Kris Stephens: Memories Back Then
--------- log -----------
Searching: Dale Hawkins: A House, A Car And A Wedding Ring

	Dale Hawkins: A House, a Car and a Wedding Ring [cached]

Searching: Eydie Gorme: The Voice In My Heart

	Eydie Gormé: The Voice In My Heart [cached]

Searching: Buddy Knox: That's Why I Cry

	Buddy Knox: That's Why I Cry [cached]

Searching: Buddy Holly: Raining In My Heart

	Buddy Holly: Raining In My Heart [cached]

Searching: Huelyn Duvall: Little Boy Blue

	Huelyn Duvall: Little Boy Blue [cached]

Searching: The Exotic Sounds of Martin Denny: Martinique
=========> Exotic Sounds of Martin Denny: Martinique

	 NOT FOUND

Searching: Billy & Lillie: Bells, Bells, Bells (The Bell Song)

	Billy & Lillie: Bells, Bells, Bells [cached]

Searching: The Flamingos: Love Walked In

	The Flamingos: Love Walked In [cached]

Searching: The Knightsbridge Strings: Wheel Of Fortune

	Knightsbridge Strings: Wheel of Fortune [cached]

Searching: Elton Anderson With Sid Lawrence Combo: Secret Of Love

	Elton Anderson: Secret of Love [cached]

Searching: Earl Grant: House Of Bamboo

	Earl Grant: House of Bamboo [cached]

Searching: Jimmy Reed: Found Love

	Jimmy Reed: Found Love [cached]

Searching: Shirley and Lee: I've Been Loved Before

	Shirley & Lee: I've Been Loved Before [cached]

Searching: Mitch Miller With Orchestra And Chorus: Tunes Of Glory

	Mitch Miller & The Sing-Along Gang: Tunes of Glory [cached]

Searching: Edith Piaf: Milord

	Édith Piaf: Milord [cached]

Searching: Lale Anderson: (A Ship Will Come) Ein Schiff Wird Kommen

	Lale Anderson: Ein Schiff wird kommen [cached]

Searching: Freddy King: Lonesome Whistle Blues

	Freddy King: Lonesome Whistle Blues [cached]

Searching: The Echoes: Sad Eyes (Don't You Cry)

	The Echoes: Sad Eyes [cached]

Searching: The Megatons: Shimmy, Shimmy Walk, Part 1
=========> Megatons: Shimmy  Shimmy Walk  Part 1

	 NOT FOUND

Searching: Roger Williams: Amor

	Roger Williams: Amor [cached]

Searching: Kenny Ball and his Jazzmen: March Of The Siamese Children

	Kenny Ball: March of the Siamese Children [cached]

Searching: The Playmates: Keep Your Hands In Your Pockets
=========> Playmates: Keep Your Hands In Your Pockets

	 NOT FOUND

Searching: Ben E. King: Too Bad

	Ben E. King: Too Bad [cached]

Searching: Dinah Washington: For All We Know

	Dinah Washington: For All We Know [cached]

Searching: The Victor Feldman Quartet: A Taste Of Honey

	Victor Feldman Quartet: A Taste of Honey [cached]

Searching: The Wanderers: There Is No Greater Love

	The Wanderers: There Is No Greater Love [cached]

Searching: Chuck Jackson: Getting Ready For The Heartbreak

	Chuck Jackson: Getting Ready For The Heartbreak [cached]

Searching: The Drifters Featuring Clyde McPhatter And Bill Pinkney: White Christmas

	The Drifters: White Christmas [cached]

Searching: Carl Butler & Pearl: Don't Let Me Cross Over

	Carl & Pearl Butler: Don't Let Me Cross Over [cached]

Searching: Brian Hyland: If Mary's There

	Brian Hyland: If Mary's There [cached]

Searching: Jo Ann Campbell: Mother, Please!

	Jo Ann Campbell: Mother Please! [cached]

Searching: Joe Hinton: You Know It Ain't Right

	Joe Hinton: You Know It Ain't Right [cached]

Searching: Bobby Pickett: Graduation Day

	 NOT FOUND

Searching: Kim Weston: Love Me All The Way

	Kim Weston: Love Me All The Way [cached]

Searching: The Rip Chords: Gone

	The Rip Chords: Gone [cached]

Searching: George Maharis: That's How It Goes

	George Maharis: That's How It Goes [cached]

Searching: The 4 Seasons: That's The Only Way

	Frankie Valli & The Four Seasons: That's the Only Way [cached]

Searching: Tony Clarke: (The Story Of) Woman, Love And A Man (Part 1)
=========> Tony Clarke: Woman  Love And A Man

	 NOT FOUND

Searching: The Beatles With Tony Sheridan: Why

	The Beatles: Tell Me Why - Remastered 2009 [cached]

Searching: Gloria Lynne: Be Anything (But Be Mine)
=========> Gloria Lynne: Be Anything

	 NOT FOUND

Searching: The Shirelles: Maybe Tonight

	The Shirelles: Maybe Tonight [cached]

Searching: Mary Wells: Stop Takin' Me For Granted
=========> Mary Wells: Stop Takin  Me For Granted

	 NOT FOUND

Searching: The Novas: The Crusher

	The Novas: The Crusher [cached]

Searching: Adam Wade: Crying In The Chapel
=========> Adam Wade: Crying In Chapel

	 NOT FOUND

Searching: Jim Reeves: This Is It

	Jim Reeves: This Is It [cached]

Searching: Al Martino: My Cherie

	Al Martino: My Cherie [cached]

Searching: Cal Tjader: Soul Sauce (Guacha Guaro)

	Cal Tjader: Soul Sauce [cached]

Searching: Perry Como: Oowee, Oowee
=========> Perry Como: Oowee  Oowee

	 NOT FOUND

Searching: Kathy Kirby: The Way Of Love

	Kathy Kirby: The Way You Love [cached]

Searching: Johnny Nash: Let's Move & Groove (Together)

	Johnny Nash: Let's Move and Groove Together [cached]

Searching: Roy Head: Get Back

	Roy Head: Get Back [cached]

Searching: Gene Chandler: (I'm Just A) Fool For You

	Gene Chandler: (I'm Just A) Fool For You [cached]

Searching: Billy Joe Royal: Heart's Desire

	Billy Joe Royal: Heart's Desire [cached]

Searching: Ike & Tina Turner Featuring Tina: River Deep-Mountain High

	Ike & Tina Turner: River Deep - Mountain High [cached]

Searching: Walter Jackson: It's An Uphill Climb To The Bottom

	Walter Jackson: It's an Uphill Climb (To the Bottom) [cached]

Searching: Tamiko Jones with Herbie Mann: A Man And A Woman
=========> Tamiko Jones: A Man And A Woman

	 NOT FOUND

Searching: Dee Dee Warwick: I'm Gonna Make You Love Me
=========> Dee Dee Warwick: I m Gonna Make You Love Me

	 NOT FOUND

Searching: The Metros: Sweetest One

	The Metros: Sweetest One [cached]

Searching: Bo Diddley: Ooh Baby

	Bo Diddley: Ooh Baby [cached]

Searching: The Sopwith "Camel": Postcard From Jamaica

	Sopwith Camel: Postcard from Jamaica [cached]

Searching: Bobby Bland: You're All I Need

	Bobby "Blue" Bland: You're All I Need [cached]

Searching: The Wildweeds: No Good To Cry

	The Wildweeds: No Good to Cry [cached]

Searching: Moby Grape: Omaha

	Moby Grape: Omaha [cached]

Searching: Andy Williams: More And More

	Andy Williams: More [cached]

Searching: Mitch Ryder: You Are My Sunshine

	Mitch Ryder: You Are My Sunshine [cached]

Searching: 5 Stairsteps and Cubie: Something's Missing

	The Five Stairsteps: Something's Missing (feat. Alohe Burke & Clarence Burke Jr.) - Buddha Remastered 2001 [cached]

Searching: Long John Baldry: Let The Heartaches Begin

	Long John Baldry: Let the Heartaches Begin [cached]

Searching: Tom Northcott: 1941

	Tom Northcott: 1941 [cached]

Searching: Rev. Martin Luther King, Jr.: I Have A Dream
=========> Rev  Martin Luther King  Jr: I Have A Dream

	 NOT FOUND

Searching: Clarence Carter: Funky Fever

	Clarence Carter: Funky Fever [cached]

Searching: The Buena Vistas: Here Come Da Judge
=========> Buena Vistas: Here Come Da Judge

	 NOT FOUND

Searching: The American Breed: Anyway That You Want Me

	American Breed: Anyway That You Want Me [cached]

Searching: Professor Morrison's Lollipop: You Got The Love

	Professor Morrison's Lollipop: You Got The Love [cached]

Searching: Eddie Harris: It's Crazy

	Eddie Harris: It's Crazy [cached]

Searching: Joe Tex: That's Your Baby

	Joe Tex: Thats Your Baby [cached]

Searching: The Chi-lites: Give It Away

	The Chi-Lites: Give It Away [cached]

Searching: Booker T. & The MG's: Slum Baby

	Booker T. & the M.G.'s: Slum Baby [cached]

Searching: The Baskerville Hounds: Hold Me

	The Baskerville Hounds: Hold Me [cached]

Searching: Five Stairsteps & Cubie: We Must Be In Love

	The Five Stairsteps: We Must Be In Love [cached]

Searching: The Flaming Ember: Shades Of Green

	Flaming Ember: Shades of Green [cached]

Searching: Andy Williams: Can't Help Falling In Love

	Andy Williams: Can't Help Falling In Love [cached]

Searching: Frank Sinatra: I Would Be In Love (Anyway)

	Frank Sinatra: I Would Be In Love (Anyway) [cached]

Searching: Fabulous Counts: Get Down People

	 NOT FOUND

Searching: The Jaggerz: What A Bummer

	The Jaggerz: What a Bummer [cached]

Searching: R.B. Greaves: Georgia Took Her Back
=========> R B  Greaves: Georgia Took Her Back

	 NOT FOUND

Searching: Bobby Vee: Sweet Sweetheart

	 NOT FOUND

Searching: The Intruders: I'm Girl Scoutin'
=========> Intruders: I m Girl Scoutin

	 NOT FOUND

Searching: Mike Reilly: 1927 Kansas City

	 NOT FOUND

Searching: Eddie Kendricks: It's So Hard For Me To Say Good-Bye

	Eddie Kendricks: It's So Hard For Me To Say Good-Bye [cached]

Searching: Sugarloaf: Mother Nature's Wine

	Sugarloaf: Mother Nature's Wine [cached]

Searching: Bobby Byrd: Keep On Doin' What You're Doin'

	Bobby Byrd: Keep on Doin' What You're Doin' [cached]

Searching: Canned Heat: Rockin' With The King

	Canned Heat: Rockin' With The King - Remastered [cached]

Searching: The Magic Lantern: Country Woman

	Magic Lanterns: Country Woman [cached]

Searching: John Denver: Goodbye Again

	John Denver: Goodbye Again [cached]

Searching: Mac Davis: Your Side Of The Bed

	Mac Davis: Your Side Of The Bed [cached]

Searching: Donald Byrd: Black Byrd

	Donald Byrd: Black Byrd [cached]

Searching: Drupi: Vado Via

	Drupi: Vado via [cached]

Searching: Curtis Mayfield: Can't Say Nothin'

	Curtis Mayfield: Can't Say Nothin' [cached]

Searching: Ashford & Simpson: (I'd Know You) Anywhere

	Ashford & Simpson: Anywhere [cached]

Searching: Cooker: Try (Try To Fall In Love)

	Cooker: Try (Try to Fall in Love) [cached]

Searching: Dorothy Norwood: There's Got To Be Rain In Your Life (To Appreciate The Sunshine)

	Dorothy Norwood: There's Got to Be Rain in Your Life [cached]

Searching: Ian Lloyd & Stories: If It Feels Good, Do It

	Ian Lloyd: If It Feels Good, Do It [cached]

Searching: The New Birth: I Wash My Hands Of The Whole Damn Deal, Part I
=========> New Birth: I Wash My Hands Of Whole Damn Deal  Part I

	 NOT FOUND

Searching: Bob James: Feel Like Making Love

	Bob James: Feel Like Making Love [cached]

Searching: The Independents: Let This Be A Lesson To You

	The Independents: Let This Be A Lesson To You [cached]

Searching: Bobby Bland: I Wouldn't Treat A Dog (The Way You Treated Me)

	Bobby "Blue" Bland: I Wouldn't Treat A Dog (The Way You Treated Me) - Single Version [cached]

Searching: Styx: You Need Love

	Styx: You Need Love [cached]

Searching: Northern Light: Minnesota

	 NOT FOUND

Searching: Ike & Tina Turner: Baby-Get It On

	Ike & Tina Turner: Baby - Get It On [cached]

Searching: The Sunshine Band: Shotgun Shuffle

	KC & The Sunshine Band: Shotgun Shuffle [cached]

Searching: John Miles: Music

	John Miles: Music [cached]

Searching: The Salsoul Orchestra: You're Just The Right Size

	The Salsoul Orchestra: You're Just The Right Size - Dr Packer Rework [cached]

Searching: The Whispers: One For The Money (part 1)

	The Whispers: One for the Money [cached]

Searching: Rush: Fly By Night/In The Mood

	Rush: Fly By Night / In The Mood - Live At Massey Hall, Toronto / 1976 [cached]

Searching: James Brown: Bodyheat (Part 1)

	James Brown: Bodyheat [cached]

Searching: The Babys: If You've Got The Time

	The Babys: If You've Got the Time - 2000 Remaster [cached]

Searching: Blue: Capture Your Heart

	Blue: Gonna Capture Your Heart [cached]

Searching: Sweet: Funk It Up (David's Song)

	Sweet: Funk It Up [cached]

Searching: Roger Daltrey: Avenging Annie

	 NOT FOUND

Searching: Eric Carmen: Boats Against The Current

	Eric Carmen: Boats Against the Current [cached]

Searching: Stargard: Disco Rufus

	Stargard: Disco Rufus [cached]

Searching: Michael Henderson: Take Me I'm Yours

	Michael Henderson: Take Me, I'm Yours [cached]

Searching: Exile: How Could This Go Wrong

	 NOT FOUND

Searching: Samantha Sang: In The Midnight Hour
=========> Samantha Sang: In Midnight Hour

	 NOT FOUND

Searching: Cugini: Let Me Sleep Alone

	 NOT FOUND

Searching: Burt Reynolds: Let's Do Something Cheap And Superficial

	Burt Reynolds: Let's Do Something Cheap And Superficial [cached]

Searching: Lani Hall: Where's Your Angel?
=========> Lani Hall: Where s Your Angel

	 NOT FOUND

Searching: Bill Medley: Don't Know Much

	Billy Vaughn: I'll Remember April / (All of a Sudden) My Heart Sings/ You Don't Know What Love Is/ I Miss You So/ I Love You Much Too Much - Medley [cached]

Searching: Helen Reddy: I Can't Say Goodbye To You

	Helen Reddy: I Can't Say Goodbye To You [cached]

Searching: West Street Mob: Let's Dance (Make Your Body Move)

	West Street Mob: Let's Dance (Make Your Body Move) [cached]

Searching: Chris Rea: Loving You

	Chris Rea: Loving You [cached]

Searching: Chris Christian (with Amy Holland): Ain't Nothing Like The Real Thing/You're All I Need To Get By

	Chris Christian: Ain't Nothing Like the Real Thing/You're All I Need to Get By (feat. Amy Holland) [cached]

Searching: Billy Preston: I'm Never Gonna Say Goodbye

	Billy Preston: I'm Never Gonna Say Goodbye [cached]

Searching: The Time: 777-9311

	The Time: 777-9311 [cached]

Searching: The Temptations: Love On My Mind Tonight

	The Temptations: Love On My Mind Tonight [cached]

Searching: The Stompers: Never Tell An Angel (When Your Heart's On Fire)

	The Stompers: Never Tell An Angel [cached]

Searching: Snuff: Bad, Bad Billy
=========> Snuff: Bad  Bad Billy

	 NOT FOUND

Searching: Eye To Eye: Lucky

	Eye To Eye: Lucky [cached]

Searching: Bobby Womack & Patti LaBelle: Love Has Finally Come At Last

	Bobby Womack: Love Has Finally Come At Last [cached]

Searching: Karen Kamon: Loverboy

	 NOT FOUND

Searching: Dragon: Rain

	Little Dragon: Every Rain [cached]

Searching: Bruce Cockburn: If I Had A Rocket Launcher

	Bruce Cockburn: If I Had A Rocket Launcher [cached]

Searching: Triumph: Follow Your Heart

	Triumph: Follow Your Heart [cached]

Searching: Maze Featuring Frankie Beverly: Back In Stride

	Maze: Back In Stride [cached]

Searching: Belouis Some: Imagination

	Belouis Some: Imagination [cached]

Searching: Nile Rodgers: Let's Go Out Tonight

	Nile Rodgers: Let's Go out Tonight [cached]

Searching: Kenny Loggins: I'll Be There

	Kenny Loggins: I'll Be There [cached]

Searching: Laban: Love In Siberia

	Laban: Love in Siberia - 2009 - Remaster [cached]

Searching: John Parr: Blame It On The Radio

	John Parr: Blame It on the Radio [cached]

Searching: The Venetians: So Much For Love
=========> Venetians: So Much For Love

	 NOT FOUND

Searching: Corey Hart: Dancin' With My Mirror

	Corey Hart: Dancin' With My Mirror [cached]

Searching: Tami Show: She's Only 20
=========> Tami Show: She s Only 20

	 NOT FOUND

Searching: Icehouse: My Obsession

	ICEHOUSE: My Obsession [cached]

Searching: Belinda Carlisle: I Feel Free

	Belinda Carlisle: I Feel Free [cached]

Searching: The Jets: Sendin' All My Love
=========> Jets: Sendin  All My Love

	 NOT FOUND

Searching: Stryper: I Believe In You

	Stryper: I Believe In You [cached]

Searching: Vanessa Williams: Darlin' I

	Vanessa Williams: Darlin' I [cached]

Searching: Yvonne: There's A Party Going On

	Yvonne: There's A Party Going On [cached]

Searching: Eric Clapton: Bad Love

	Eric Clapton: Bad Love [cached]

Searching: Little Caesar: Chain Of Fools

	Little Caesar: Chain Of Fools [cached]

Searching: Warrant: Blind Faith

	Warrant: Blind Faith [cached]

Searching: Tevin Campbell: Just Ask Me To (From "Boyz N The Hood")
=========> Tevin Campbell: Just Ask Me To

	 NOT FOUND

Searching: Riff: If You're Serious

	Riff: If You're Serious [cached]

Searching: Hi-Five: Just Another Girlfriend
=========> Hi Five: Just Another Girlfriend

	 NOT FOUND

Searching: Skid Row: Wasted Time

	Skid Row: Wasted Time [cached]

Searching: Nia Peeples: Faces Of Love

	 NOT FOUND

Searching: Tyler Collins: It Doesn't Matter

	Tyler Collins: It Doesn't Matter [cached]

Searching: Tom Cochrane: Washed Away

	Tom Cochrane: Washed Away [cached]

Searching: Dr. Alban: It's My Life

	Dr. Alban: It's My Life [cached]

Searching: Kate Bush: Rubberband Girl

	Kate Bush: Rubberband Girl - 2011 Remastered Version [cached]

Searching: Jeru The Damaja: Come Clean

	Jeru The Damaja: Come Clean - E New Y Radio [cached]

Searching: Bjork: Big Time Sensuality

	Björk: Big Time Sensuality [cached]

Searching: Vince Gill: Tryin' To Get Over You

	Vince Gill: Tryin' To Get Over You [cached]

Searching: Kathy Troccoli: Tell Me Where It Hurts

	Kathy Troccoli: Tell Me Where It Hurts [cached]

Searching: For Real: You Don't Know Nothin'

	For Real: You Don't Know Nothin' [cached]

Searching: Fabu: Just Roll

	 NOT FOUND

Searching: Ini Kamoze: Listen Me Tic (Woyoi)

	Ini Kamoze: Listen Me Tic [cached]

Searching: Letters To Cleo: Awake

	Letters To Cleo: Awake [cached]

Searching: WC & The Maad Circle: West Up!

	Wc And The Maad Circle: West Up! [cached]

Searching: Prince: Gold

	Prince: Gold [cached]

Searching: Fun Factory: Celebration/Take Your Chance

	Fun Factory: Celebration [cached]

Searching: Ricky Martin: Maria

	Ricky Martin: María [cached]

Searching: The Tony Rich Project: Leavin'

	The Tony Rich Project: Thoughts of Leavin' [cached]

Searching: Barenaked Ladies: The Old Apartment

	Barenaked Ladies: The Old Apartment [cached]

Searching: The Brand New Heavies: Sometimes

	The Brand New Heavies: Sometimes [cached]

Searching: Shades: Serenade

	Piano Shades: Love Serenade [cached]

Searching: Ivory: Relax & Party

	Ivory: Relax & Party [cached]

Searching: Depeche Mode: Home

	Depeche Mode: Home [cached]

Searching: Enya: Only If...

	Enya: Only If [cached]

Searching: Kinsu: Tha Hop

	Kinsu: Tha Hop [cached]

Searching: Daze: Superhero

	Daze: Superhero [cached]

Searching: Deryl Dodd: A Bitter End

	DERYL DODD: A Bitter End [cached]

Searching: Shae Jones: Talk Show Shhh!
=========> Shae Jones: Talk Show Shhh

	 NOT FOUND

Searching: Tanto Metro & Devonte: Everyone Falls In Love

	Tanto Metro & Devonte: Everyone Falls in Love [cached]

Searching: Master P Featuring D.I.G.: Step To This
=========> Master P: Step To This

	 NOT FOUND

Searching: Limp Bizkit: Re-arranged

	Limp Bizkit: Re-Arranged [cached]

Searching: Tracie Spencer: Still In My Heart

	Tracie Spencer: Still In My Heart [cached]

Searching: Eve & Jadakiss: Got It All

	Even All Out: Got It Figured Out [cached]

Searching: Madison Avenue: Don't Call Me Baby

	Madison Avenue: Don't Call Me Baby [cached]

Searching: St. Lunatics: Midwest Swing

	St. Lunatics: Midwest Swing [cached]

Searching: Sheryl Crow: Steve McQueen

	Sheryl Crow: Steve McQueen [cached]

Searching: Boomkat: The Wreckoning

	Boomkat: The Wreckoning [cached]

Searching: Loon Featuring Kelis: How You Want That

	Loon: How You Want That (feat. Kelis) [cached]

Searching: JC Chasez Featuring Dirt McGirt: Some Girls (Dance With Women)

	JC Chasez: Some Girls (Dance With Women) [cached]

Searching: Queens Of The Stone Age: Little Sister

	Queens of the Stone Age: Little Sister [cached]

Searching: 50 Cent: Piggy Bank

	50 Cent: Piggy Bank [cached]

Searching: Bobby Pinson: Don't Ask Me How I Know
=========> Bobby Pinson: Don t Ask Me How I Know

	 NOT FOUND

Searching: Yeah Yeah Yeahs: Gold Lion

	Yeah Yeah Yeahs: Gold Lion [cached]

Searching: Shinedown: I Dare You

	Shinedown: I Dare You [cached]

Searching: John Mellencamp: Our Country

	John Mellencamp: Our Country - Rock Version [cached]

Searching: My Chemical Romance: Famous Last Words

	My Chemical Romance: Famous Last Words [cached]

Searching: Cast Of Hairspray: You Can't Stop The Beat

	London Theatre Orchestra & Cast: You Can't Stop the Beat (From "Hairspray") [cached]

Searching: Nelly Furtado: Do It

	Nelly Furtado: Do It [cached]

Searching: Toby Keith: Get My Drink On

	Toby Keith: Get My Drink On [cached]

Searching: Erykah Badu: Honey

	Erykah Badu: Honey [cached]

Searching: Gnarls Barkley: Going On

	Gnarls Barkley: Going On [cached]

Searching: Augustana: Sweet And Low

	Augustana: Sweet and Low - New Album Version [cached]

Searching: Julianne Hough: That Song In My Head

	Julianne Hough: That Song In My Head [cached]

Searching: Vanessa Hudgens: Sneakernight

	Vanessa Hudgens: Sneakernight [cached]

Searching: Jonas Brothers: BB Good

	Jonas Brothers: BB Good [cached]

Searching: Britney Spears: Radar

	Britney Spears: Radar [cached]

Searching: Glee Cast Featuring Kristin Chenoweth: Maybe This Time

	Glee Cast: Maybe This Time (Glee Cast Version) (feat. Kristin Chenoweth) [cached]

Searching: Anya Marina: Whatever You Like

	Anya Marina: Whatever You Like - Single Version [cached]

Searching: Chris Brown Featuring Plies: What I Do

	Chris Brown: What I Do (feat. Plies) [cached]

Searching: Lee DeWyze: The Boxer
=========> Lee DeWyze: Boxer

	 NOT FOUND

Searching: Eminem Featuring Kobe: Talkin' 2 Myself

	Eminem: Talkin’ 2 Myself [cached]

Searching: Marsha Ambrosius: Hope She Cheats On You (With A Basketball Player)

	Marsha Ambrosius: Hope She Cheats On You (With A Basketball Player) [cached]

Searching: Trace Adkins: This Ain't No Love Song
=========> Trace Adkins: This Ain t No Love Song

	 NOT FOUND

Searching: Bridgit Mendler, Adam Hicks, Naomi Scott & Hayley Kiyoko: Breakthrough
=========> Bridgit Mendler  Adam Hicks  Naomi Scott: Breakthrough

	 NOT FOUND

Searching: Blink-182: After Midnight

	blink-182: After Midnight [cached]

Searching: Glee Cast: ABC

	Glee Cast: ABC (Glee Cast Version) [cached]

Searching: Mac Miller: Knock Knock

	Mac Miller: Knock Knock [cached]

Searching: Glee Cast: Summer Nights

	Glee Cast: Summer Nights (Glee Cast Version) [cached]

Searching: Mumford & Sons: Ghosts That We Knew

	Mumford & Sons: Ghosts That We Knew [cached]

Searching: Kelly Rowland Featuring Lil Wayne: Ice

	Kelly Rowland: ICE [cached]

Searching: Casey James: Crying On A Suitcase

	Casey James: Crying on a Suitcase [cached]

Searching: Afrojack Featuring Chris Brown: As Your Friend

	Afrojack: As Your Friend [cached]

Searching: Hustle Gang Featuring T.I., B.o.B, Kendrick Lamar & Kris Stephens: Memories Back Then
=========> Hustle Gang: Memories Back Then

	 NOT FOUND

Searching: Jack Johnson: I Got You

	Jack Johnson: I Got You [cached]

Searching: Enrique Iglesias: Heart Attack

	Enrique Iglesias: Heart Attack [cached]

Searching: Lucy Hale: You Sound Good To Me

	Lucy Hale: You Sound Good to Me [cached]

Searching: Mariah Carey: You're Mine (Eternal)

	Mariah Carey: You're Mine (Eternal) - Gregor Salto & Funkin Matt Remix [cached]

Searching: Ellie Goulding: Beating Heart

	Ellie Goulding: Beating Heart [cached]

Searching: Eric Church: Cold One

	Eric Church: Cold One [cached]

Searching: One Direction: Where Do Broken Hearts Go

	One Direction: Where Do Broken Hearts Go [cached]

Searching: Nicki Minaj Featuring Ariana Grande: Get On Your Knees

	Nicki Minaj: Get On Your Knees [cached]

Searching: Becky G: Can't Stop Dancin'

	Becky G: Can't Stop Dancin' [cached]

Searching: Florence + The Machine: What Kind Of Man

	Florence + The Machine: What Kind Of Man [cached]

Searching: Meek Mill: Lord Knows

	Meek Mill: Lord Knows (feat. Tory Lanez) [cached]

Searching: Drake: 30 For 30 Freestyle

	Drake: 30 for 30 Freestyle [cached]

Searching: Jordan Smith: Halo

	Jordan Smith: Halo - The Voice Performance [cached]

Searching: Justin Bieber Featuring Nas: We Are

	Justin Bieber: We Are [cached]

Searching: Kane Brown: Ain't No Stopping Us Now

	Kane Brown: Ain't No Stopping Us Now [cached]

Searching: Galantis: No Money

	Galantis: No Money [cached]

Searching: Daddy Yankee: Shaky Shaky

	Daddy Yankee: Shaky Shaky [cached]

Searching: Gucci Mane Featuring Offset: Met Gala

	Gucci Mane: Met Gala (feat. Offset) [cached]

Searching: DJ Khaled Featuring Travis Scott, Rick Ross & Big Sean: On Everything

	DJ Khaled: On Everything (feat. Travis Scott, Rick Ross & Big Sean) [cached]

Searching: Loren Allred: Never Enough

	Loren Allred: Never Enough [cached]

Searching: Hugh Jackman, Keala Settle, Zac Efron, Zendaya & The Greatest Showman Ensemble: The Greatest Show

	Hugh Jackman: The Greatest Show [cached]

Searching: Lil Yachty Featuring Ugly God: Boom!

	Lil Yachty: BOOM! [cached]

Searching: Chris Brown: Tempo

	Chris Brown: Tempo [cached]

Searching: Janet & Daddy Yankee: Made For Now

	Janet Jackson: Made For Now [cached]

Searching: Quavo Featuring Travis Scott: Rerun

	Quavo: RERUN (feat. Travis Scott) [cached]

Searching: Khalid Featuring Empress Of: Suncity

	Khalid: Suncity (feat. Empress Of) [cached]

Searching: Kodak Black Featuring Lil Pump: Gnarly

	Kodak Black: Gnarly (feat. Lil Pump) [cached]

Searching: 21 Savage: Out For The Night

	21 Savage: out for the night - part 2 [cached]

Searching: Tyler, The Creator: Puppet

	Tyler, The Creator: PUPPET [cached]

Searching: Runaway June: Buy My Own Drinks

	Runaway June: Buy My Own Drinks [cached]

Searching: Lil Wayne: Funeral

	Lil Wayne: Funeral [cached]

Searching: Moneybagg Yo: Me Vs Me

	Moneybagg Yo: Me Vs Me [cached]

Searching: Polo G: Don't Believe The Hype

	Polo G: Don't Believe The Hype [cached]

Searching: Kygo & OneRepublic: Lose Somebody

	Kygo: Lose Somebody [cached]

Searching: YoungBoy Never Broke Again: Right Foot Creep

	YoungBoy Never Broke Again: Right Foot Creep [cached]
