Found 218/257 = 85%
39 not found: 
The Parkays: Late Date
The King Pins: It Won't Be This Way (Always)
Paul Anka: Did You Have A Happy Birthday?
The Brothers Four: Hootenanny Saturday Night
The Detergents: Double-O-Seven
Cab Calloway: History Repeats Itself
The Wonder Who?: Lonesome Road
Ray Bryant: Ode To Billy Joe
Bob Crewe Generation: Birds Of Britain
Detroit Emeralds: Show Time
Cool Heat: Groovin' With Mr. Bloe
Bobby Bland: Keep On Loving Me (You'll See The Change)
Five Flights Up: After The Feeling Is Gone
Maureen McGovern: I Won't Last A Day Without You
The Pointer Sisters: Live Your Life Before You Die
David Crosby/Graham Nash: Out Of The Darkness
Cory: Fire Sign
David Castle: The Loneliest Man On The Moon
High Inergy: Love Is All You Need
Spellbound: Rumor At The Honky Tonk
Ironhorse: What's Your Hurry Darlin'
Pendulum: Gypsy Spirit
Tight Fit: Back To The 60's
Gino Vannelli: The Longer You Wait
Mink De Ville: Each Word's A Beat Of My Heart
John Parr: Love Grammar
Abstrac': Right And Hype
Love Tribe: Stand Up
Angelina: Tide Is High
Kim Sanders: Jealousy
Tamar Braxton: If You Don't Wanna Love Me
Phil Vassar: I'll Take That As A Yes (The Hot Tub Song)
(+44): When Your Heart Stops Beating
Cartel: Honestly
Tyga Featuring Drake: Still Got It
Danielle Bradbery: Grandpa (Tell Me 'Bout The Good Old Days)
Usher Featuring Nicki Minaj: She Came To Give It To You
Sundance Head: At Last
The Kid LAROI & Juice WRLD: Reminds Me Of You
--------- log -----------
Searching: Joe South: The Purple People Eater Meets The Witch Doctor

	Joe South: The Purple People Eater Meets the Witch Doctor [cached]

Searching: Nappy Brown: It Don't Hurt No More

	Nappy Brown: It Don't Hurt No More [cached]

Searching: Art Lund: Philadelphia U.S.A.

	Art Lund: Philadelphia, U.S.A. [cached]

Searching: Billy Vaughn And His Orchestra: Hawaiian War Chant

	Billy Vaughn: Hawaiian War Chant [cached]

Searching: Dodie Stevens: The Five Pennies

	Dodie Stevens: The Five Pennies [cached]

Searching: The Chordettes: A Girl's Work Is Never Done

	The Chordettes: A Girl's Work Is Never Done [cached]

Searching: Bobby Bland: I'll Take Care Of You

	Bobby "Blue" Bland: I'll Take Care Of You [cached]

Searching: Sir Chauncey and his exciting strings: Beautiful Obsession

	Sir Chauncey & His Exciting Strings: Beautiful Obsession [cached]

Searching: Johnnie & Joe: Over The Mountain; Across The Sea

	Johnnie & Joe: Over The Mountain, Across The Sea [cached]

Searching: Jack Scott: Is There Something On Your Mind

	Jack Scott: Is There Something On Your Mind [cached]

Searching: Joe Jones: California Sun

	Joe Jones: California Sun [cached]

Searching: Bobby Freeman: The Mess Around

	Bobby Freeman: The Mess Around - Remastered [cached]

Searching: Jimmy Witter: A Cross Stands Alone

	Jimmy Witter: A Cross Stands Alone [cached]

Searching: Dinah Washington: Our Love Is Here To Stay

	Dinah Washington: Our Love Is Here To Stay [cached]

Searching: B. Bumble & The Stingers: Boogie Woogie

	B. Bumble & The Stingers: Boogie Woogie (Original Mix) [cached]

Searching: The 3 Friends: Dedicated (To The Songs I Love)

	3 Friends: Dedicated [cached]

Searching: The Caslons: Anniversary Of Love

	The Caslons: Anniversary Of Love [cached]

Searching: The Parkays: Late Date
=========> Parkays: Late Date

	 NOT FOUND

Searching: Johnny Mathis: Wasn't The Summer Short?

	Johnny Mathis: Wasn't the Summer Short? (with Ray Ellis & His Orchestra) [cached]

Searching: Faron Young: Backtrack

	Faron Young: Backtrack [cached]

Searching: Valadiers: Greetings (This is Uncle Sam)

	The Valadiers: Greetings (This Is Uncle Sam) - Single Version [cached]

Searching: Jim Reeves: Losing Your Love

	Jim Reeves: Losing Your Love [cached]

Searching: Rick Nelson: Summertime

	Ricky Nelson: Summertime [cached]

Searching: Brenda Lee: Here Comes That Feelin'

	Brenda Lee: Here Comes That Feeling [cached]

Searching: Ike & Tina Turner: You Should'a Treated Me Right

	Ike & Tina Turner: You Shoulda Treated Me Right [cached]

Searching: Bobby Gregg and His Friends: Potato Peeler

	Bobby Gregg & His Friends: Potato Peeler [cached]

Searching: Robert Goulet: What Kind Of Fool Am I?

	Robert Goulet: What Kind Of Fool Am I? - Single Version [cached]

Searching: Bill Anderson: Mama Sang A Song

	Bill Anderson: Mama Sang A Song [cached]

Searching: Johnny Tillotson: I'm So Lonesome I Could Cry

	Johnny Tillotson: I'm so Lonesome I Could Cry - Remastered [cached]

Searching: Brook Benton: Still Waters Run Deep

	Brook Benton: Still Waters Run Deep [cached]

Searching: The Duprees featuring Joey Vann: Gone With The Wind

	The Duprees: My Own True Love (Tara’s Theme from “Gone With The Wind”) [cached]

Searching: Lawrence Welk And His Orchestra: Scarlett O'Hara

	Lawrence Welk: Scarlett O'hara [cached]

Searching: Joey Dee: Dance, Dance, Dance

	Joey Dee & The Starliters: Dance, Dance, Dance [cached]

Searching: The King Pins: It Won't Be This Way (Always)
=========> King Pins: It Won t Be This Way

	 NOT FOUND

Searching: Joe Hinton: Better To Give Than Receive

	Joe Hinton: Better To Give Than To Receive [cached]

Searching: Paul Anka: Did You Have A Happy Birthday?
=========> Paul Anka: Did You Have A Happy Birthday

	 NOT FOUND

Searching: The Brothers Four: Hootenanny Saturday Night
=========> Brothers Four: Hootenanny Saturday Night

	 NOT FOUND

Searching: Betty Harris: His Kiss

	Betty Harris: His Kiss [cached]

Searching: The Diplomats: Here's A Heart

	The Diplomats: Here's a Heart [cached]

Searching: Dick and DeeDee: All My Trials

	Dick & Dee Dee: All My Trials [cached]

Searching: Bruce Channel: Going Back To Louisiana

	Bruce Channel: Going Back To Louisiana [cached]

Searching: Jackie Wilson: Squeeze Her-Tease Her (But Love Her)

	Jackie Wilson: Squeeze Her - Tease Her (But Love Her) [cached]

Searching: Gladys Knight And The Pips: Lovers Always Forgive

	Gladys Knight & The Pips: Lovers Always Forgive [cached]

Searching: John Gary: Soon I'll Wed My Love

	John Gary: Soon I'll Wed My Love [cached]

Searching: Jackie Ross: I've Got The Skill

	Jackie Ross: I've Got The Skill [cached]

Searching: The Detergents: Double-O-Seven
=========> Detergents: Double

	 NOT FOUND

Searching: Steve Alaimo: Cast Your Fate To The Wind

	Steve Alaimo: Cast Your Fate To The Wind [cached]

Searching: Solomon Burke: Someone Is Watching

	Solomon Burke: Someone Is Watching [cached]

Searching: The San Remo Golden Strings: I'm Satisfied

	The San Remo Golden Strings: I'm Satisfied [cached]

Searching: Marianne Faithfull: Go Away From My World

	Marianne Faithfull: Go Away From My World [cached]

Searching: King Curtis: Spanish Harlem

	King Curtis: Spanish Harlem [cached]

Searching: Darrow Fletcher: The Pain Gets A Little Deeper

	Darrow Fletcher: Now Is The Time For Love, Pt. 1 [cached]

Searching: Neil Sedaka: The Answer To My Prayer

	Neil Sedaka: The Answer to My Prayer [cached]

Searching: Nancy Ames: He Wore The Green Beret

	Nancy Ames: He Wore the Green Beret [cached]

Searching: The Mar-Keys: Philly Dog

	Booker T. & the M.G.'s: Philly Dog [cached]

Searching: Cab Calloway: History Repeats Itself

	 NOT FOUND

Searching: Tony Bennett: Georgia Rose

	Tony Bennett: Georgia Rose - 2011 Remaster [cached]

Searching: The Turtles: Can I Get To Know You Better

	The Turtles: Can I Get to Know You Better [cached]

Searching: Patti LaBelle And The Blue Belles: Take Me For A Little While

	Patti LaBelle: Take Me for a Little While [cached]

Searching: The Five Stairsteps: Danger! She's A Stranger

	The Five Stairsteps: Danger! She's A Stranger - Buddha Remastered 2001 [cached]

Searching: Walter Jackson: Speak Her Name

	Walter Jackson: Speak Her Name [cached]

Searching: David Houston & Tammy Wynette: My Elusive Dreams

	David Houston: My Elusive Dreams [cached]

Searching: The Wonder Who?: Lonesome Road
=========> Wonder Who: Lonesome Road

	 NOT FOUND

Searching: Ray Bryant: Ode To Billy Joe

	 NOT FOUND

Searching: Lorraine Ellison: Heart Be Still

	Lorraine Ellison: Heart Be Still [cached]

Searching: Bob Crewe Generation: Birds Of Britain

	 NOT FOUND

Searching: The Dave Clark Five: Red And Blue

	The Dave Clark Five: Red and Blue - 2019 - Remaster [cached]

Searching: The Byrds: Goin' Back

	The Byrds: Goin' Back [cached]

Searching: The Four Sonics: You Don't Have To Say You Love Me

	Four Sonics: You Don't Have to Say You Love Me [cached]

Searching: Detroit Emeralds: Show Time

	 NOT FOUND

Searching: The O'Jays: Look Over Your Shoulder

	The O'Jays: Look Over Your Shoulder [cached]

Searching: Sly & The Family Stone: Sing A Simple Song

	Sly & The Family Stone: Sing a Simple Song - Single Version [cached]

Searching: Petula Clark: Look At Mine

	Petula Clark: Look at Mine [cached]

Searching: Johnny Adams: I Can't Be All Bad

	Johnny Adams: I Can't Be All Bad [cached]

Searching: Blackwell: Wonderful

	Blackwell: Wonderful [cached]

Searching: Johnny Rivers: One Woman

	Johnny Rivers: One Man Woman - Remastered [cached]

Searching: Gene Pitney: She Lets Her Hair Down (Early In The Morning)

	Gene Pitney: She Lets Her Hair Down (Early In The Morning) [cached]

Searching: Jimmy Cliff: Come Into My Life

	Jimmy Cliff: Come Into My Life - Single Version [cached]

Searching: The Meters: Hand Clapping Song

	The Meters: Hand Clapping Song [cached]

Searching: Cool Heat: Groovin' With Mr. Bloe
=========> Cool Heat: Groovin  With Mr  Bloe

	 NOT FOUND

Searching: The Isley Brothers: Get Into Something

	The Isley Brothers: Get Into Something [cached]

Searching: Bobby Bland: Keep On Loving Me (You'll See The Change)
=========> Bobby Bland: Keep On Loving Me

	 NOT FOUND

Searching: Five Flights Up: After The Feeling Is Gone
=========> Five Flights Up: After Feeling Is Gone

	 NOT FOUND

Searching: The Spinners: We'll Have It Made

	The Spinners: We'll Have It Made [cached]

Searching: Johnny Winter: Jumpin' Jack Flash

	Johnny Winter: Jumpin' Jack Flash - Live [cached]

Searching: The Beach Boys: Long Promised Road

	The Beach Boys: Long Promised Road - Remastered 2009 [cached]

Searching: Tommy James: Tell 'Em Willie Boy 's A'Comin'

	Tommy James: Tell 'Em Willie Boy's a' Comin' [cached]

Searching: Solomon Burke: Love's Street And Fool's Road

	Solomon Burke: Love's Street & Fool's Road [cached]

Searching: Ten Years After: Choo Choo Mama

	Ten Years After: Choo Choo Mama [cached]

Searching: Shawn Phillips: We

	Shawn Phillips: The Force That We Call Life [cached]

Searching: Nolan Porter: If I Could Only Be Sure

	Nolan Porter: If I Could Only Be Sure [cached]

Searching: Roy Clark: Come Live With Me

	Roy Clark: Come Live With Me [cached]

Searching: Focus: Sylvia

	Focus: Sylvia [cached]

Searching: The Sylvers: Stay Away From Me

	The Sylvers: Stay Away from Me [cached]

Searching: Leon Russell: Queen Of The Roller Derby

	Leon Russell: Queen Of The Roller Derby - Live [cached]

Searching: John Denver: Farewell Andromeda (Welcome To My Morning)

	John Denver: Farewell Andromeda (Welcome to My Morning) [cached]

Searching: Maureen McGovern: I Won't Last A Day Without You
=========> Maureen McGovern: I Won t Last A Day Without You

	 NOT FOUND

Searching: Joe Walsh: Meadows

	Joe Walsh: Meadows [cached]

Searching: Tyrone Davis: What Goes Up (Must Come Down)

	Tyrone Davis: What Goes Up (Must Come Down) [cached]

Searching: Bill Withers: Heartbreak Road

	Bill Withers: Heartbreak Road [cached]

Searching: The Pointer Sisters: Live Your Life Before You Die
=========> Pointer Sisters: Live Your Life Before You Die

	 NOT FOUND

Searching: Loggins & Messina: A Lover's Question

	Loggins & Messina: A Lover's Question [cached]

Searching: Black Oak Arkansas: Strong Enough To Be Gentle

	Black Oak Arkansas: Strong Enough to Be Gentle [cached]

Searching: David Crosby/Graham Nash: Out Of The Darkness
=========> David Crosby: Out Of Darkness

	 NOT FOUND

Searching: Anne Murray: Things

	Anne Murray: Things [cached]

Searching: David Laflamme: White Bird

	David La Flamme: White Bird - Original Single Edit [cached]

Searching: Cory: Fire Sign

	 NOT FOUND

Searching: Dave Mason: So High (rock Me Baby And Roll Me Away)

	Dave Mason: So High (Rock Me Baby and Roll Me Away) [cached]

Searching: Maze Featuring Frankie Beverly: While I'm Alone

	Maze: While I'm Alone [cached]

Searching: The Spinners: Heaven On Earth (So Fine)

	The Spinners: Heaven on Earth (So Fine) [cached]

Searching: David Castle: The Loneliest Man On The Moon
=========> David Castle: Loneliest Man On Moon

	 NOT FOUND

Searching: High Inergy: Love Is All You Need

	 NOT FOUND

Searching: Spellbound: Rumor At The Honky Tonk
=========> Spellbound: Rumor At Honky Tonk

	 NOT FOUND

Searching: John Belushi: Louie, Louie

	John Belushi: Louie, Louie - From "National Lampoon's Animal House" [cached]

Searching: John Davis And The Monster Orchestra: Ain't That Enough For You

	John Davis & The Monster Orchestra: Ain't That Enough For You [cached]

Searching: Parliament: Aqua Boogie (A Psychoalphadiscobetabioaquadoloop)

	Parliament: Aqua Boogie (A Psychoalphadiscobetabioaquadoloop) [cached]

Searching: Long John Baldry & Kathi MacDonald: You've Lost That Lovin' Feelin'

	Long John Baldry: You've Lost That Lovin' Feelin' - 2006 Digital Remaster [cached]

Searching: Barbara Mandrell: Fooled By A Feeling

	Barbara Mandrell: Fooled By A Feeling [cached]

Searching: Ironhorse: What's Your Hurry Darlin'
=========> Ironhorse: What s Your Hurry Darlin

	 NOT FOUND

Searching: ZZ Top: Cheap Sunglasses

	ZZ Top: Cheap Sunglasses [cached]

Searching: Pete Townshend: Rough Boys

	Pete Townshend: Rough Boys [cached]

Searching: The Reddings: Remote Control

	The Reddings: Remote Control [cached]

Searching: Pendulum: Gypsy Spirit

	 NOT FOUND

Searching: Terri Gibbs: Rich Man

	Terri Gibbs: Rich Man [cached]

Searching: Change: Hold Tight

	Change: Hold Tight - Full Length Album Mix [cached]

Searching: Tight Fit: Back To The 60's
=========> Tight Fit: Back To 60 s

	 NOT FOUND

Searching: Kano: Can't Hold Back (Your Loving)

	Kano: Can't Hold Back - Your Loving [cached]

Searching: Kool & The Gang: Steppin' Out

	Kool & The Gang: Steppin' Out [cached]

Searching: Gino Vannelli: The Longer You Wait
=========> Gino Vannelli: Longer You Wait

	 NOT FOUND

Searching: West Street Mob: Sing A Simple Song

	West Street Mob: Sing a Simple Song [cached]

Searching: ABC: That Was Then But This Is Now

	ABC: That Was Then But This Is Now [cached]

Searching: Mink De Ville: Each Word's A Beat Of My Heart
=========> Mink De Ville: Each Word s A Beat Of My Heart

	 NOT FOUND

Searching: Talk Talk: Such A Shame

	Talk Talk: Such a Shame [cached]

Searching: Eric Clapton: See What Love Can Do

	Eric Clapton: See What Love Can Do - 1999 Remaster [cached]

Searching: Ratt: You're In Love

	Ratt: You're in Love [cached]

Searching: John Parr: Love Grammar

	 NOT FOUND

Searching: Far Corporation: Stairway To Heaven

	Far Corporation: Stairway to Heaven [cached]

Searching: KBC Band: It's Not You, It's Not Me

	KBC Band: It's Not You, It's Not Me [cached]

Searching: Starpoint: He Wants My Body

	Starpoint: He Wants My Body [cached]

Searching: Stacey Q: Shy Girl

	Stacey Q: Shy Girl [cached]

Searching: Kool Moe Dee: Go See The Doctor

	Kool Moe Dee: Go See the Doctor [cached]

Searching: Peabo Bryson & Regina Belle: Without You

	Peabo Bryson with Regina Belle: Without You (Love Theme from "Leonard, Pt. 6") - Remastered [cached]

Searching: Fat Boys: Louie, Louie

	Fat Boys: Louie, Louie [cached]

Searching: Bananarama: Love, Truth & Honesty

	Bananarama: Love, Truth & Honesty [cached]

Searching: Rick Astley: Ain't Too Proud To Beg

	Rick Astley: Ain't Too Proud to Beg [cached]

Searching: Abstrac': Right And Hype
=========> Abstrac: Right And Hype

	 NOT FOUND

Searching: Lenny Kravitz: Let Love Rule

	Lenny Kravitz: Let Love Rule [cached]

Searching: Tears For Fears: Advice For The Young At Heart

	Tears For Fears: Advice For The Young At Heart [cached]

Searching: Alice Cooper: Only My Heart Talkin'

	Alice Cooper: Only My Heart Talkin' [cached]

Searching: Bad Company: Holy Water

	Bad Company: Holy Water [cached]

Searching: Christopher Williams: I'm Dreamin' (From "New Jack City")

	Christopher Williams: I'm Dreamin' [cached]

Searching: Indigo Girls: Galileo

	Indigo Girls: Galileo [cached]

Searching: Around The Way: Really Into You

	Around The Way: Really into You [cached]

Searching: Monie Love: Born 2 B.R.E.E.D.

	Monie Love: Born 2 B.R.E.E.D [cached]

Searching: Funkdoobiest: Bow Wow Wow

	Funkdoobiest: Bow Wow Wow [cached]

Searching: Fat Joe: Flow Joe

	Fat Joe: Flow Joe [cached]

Searching: KRS-One: Sound Of Da Police

	KRS-One: Sound of da Police [cached]

Searching: Reel 2 Real Featuring The Mad Stuntman: I Like To Move It

	Reel 2 Real: I Like To Move It (feat. The Mad Stuntman) - Erick "More" Album Mix [cached]

Searching: Shyheim: On And On

	Shyheim: On And On [cached]

Searching: PMD: I Saw It Cummin'

	PMD: I Saw it Cummin [cached]

Searching: The Murmurs: You Suck

	The Murmurs: You Suck [cached]

Searching: John Waite: How Did I Get By Without You?

	John Waite: How Did I Get By Without You? [cached]

Searching: SF Spanish Fly: Crimson And Clover

	Sf Spanish Fly: Crimson and Clover [cached]

Searching: Onyx: Last Dayz

	Onyx: Last Dayz [cached]

Searching: Shai: I Don't Wanna Be Alone

	Shai: I Don't Wanna Be Alone [cached]

Searching: Kenny Lattimore: Never Too Busy

	Kenny Lattimore: Never Too Busy [cached]

Searching: Charm Farm: Superstar

	Charm Farm: Superstar [cached]

Searching: Love Tribe: Stand Up

	 NOT FOUND

Searching: Angelina: Tide Is High

	 NOT FOUND

Searching: The Prodigy: Smack My Bitch Up

	The Prodigy: Smack My Bitch Up [cached]

Searching: Kim Sanders: Jealousy

	 NOT FOUND

Searching: Heather B.: Do You

	Heather B: Do You [cached]

Searching: Sherrie Austin: Never Been Kissed

	Sherrié Austin: Never Been Kissed [cached]

Searching: Tamar Braxton: If You Don't Wanna Love Me
=========> Tamar Braxton: If You Don t Wanna Love Me

	 NOT FOUND

Searching: Nu Flavor: 3 Little Words

	Nu Flavor: 3 Little Words [cached]

Searching: Gerald Levert: Baby U Are

	Gerald Levert: Baby U Are [cached]

Searching: Remy Shand: Take A Message

	Remy Shand: Take A Message [cached]

Searching: India.Arie: Little Things

	India.Arie: Little Things - Main [cached]

Searching: Seal: Waiting For You

	Seal: Waiting for You [cached]

Searching: Emerson Drive: Last One Standing

	Emerson Drive: Last One Standing [cached]

Searching: Duran Duran: (Reach Up For The) Sunrise

	Duran Duran: (Reach up for The) Sunrise - Live [cached]

Searching: Patti LaBelle Featuring Ron Isley: Gotta Go Solo

	Patti LaBelle: Gotta Go Solo - Main [cached]

Searching: Mudvayne: Happy?

	Mudvayne: Happy? [cached]

Searching: Phil Vassar: I'll Take That As A Yes (The Hot Tub Song)
=========> Phil Vassar: I ll Take That As A Yes

	 NOT FOUND

Searching: Juanes: La Camisa Negra

	Juanes: La Camisa Negra [cached]

Searching: Hannah Montana: This Is The Life

	Hannah Montana: This Is The Life - From "Hannah Montana"/Soundtrack Version [cached]

Searching: (+44): When Your Heart Stops Beating
=========> : When Your Heart Stops Beating

	 NOT FOUND

Searching: Ricky Martin Featuring La Mari De Chambao Y Tommy Torres: Tu Recuerdo

	Ricky Martin: Tu Recuerdo (feat. La Mari De Chambao & Tommy Torres) - MTV Unplugged Version [cached]

Searching: Cartel: Honestly

	 NOT FOUND

Searching: Korn Featuring Amy Lee: Freak On A Leash (Unplugged)

	Korn: Freak On a Leash [cached]

Searching: Chingy Featuring Amerie: Fly Like Me

	Chingy: Fly Like Me [cached]

Searching: Foo Fighters: Long Road To Ruin

	Foo Fighters: Long Road To Ruin [cached]

Searching: David Archuleta: Angels

	David Archuleta: Angels We Have Heard On High [cached]

Searching: Chrisette Michele: Epiphany (I'm Leaving)

	Chrisette Michele: Epiphany (I'm Leaving) [cached]

Searching: Demi Lovato: Catch Me

	Demi Lovato: Catch Me [cached]

Searching: Sugarland: Joey

	Sugarland: Joey [cached]

Searching: 3OH!3 Featuring Neon Hitch: Follow Me Down

	3OH!3: Follow Me Down [cached]

Searching: Glee Cast: 4 Minutes

	Glee Cast: 4 Minutes (Glee Cast Version) [cached]

Searching: Glee Cast Featuring Olivia Newton-John: Physical

	Glee Cast: Physical (Glee Cast Version) (feat. Olivia Newton-John) [cached]

Searching: Enrique Iglesias Featuring Juan Luis Guerra: Cuando Me Enamoro

	Enrique Iglesias: Cuando Me Enamoro [cached]

Searching: Antoine Dodson & The Gregory Brothers Featuring Kelly Dodson: Bed Intruder Song

	Antoine Dodson: Bed Intruder Song [cached]

Searching: T-Pain Featuring Rick Ross: Rap Song

	T-Pain: Rap Song [cached]

Searching: Glee Cast: Time Warp

	Glee Cast: Time Warp (Glee Cast Version) [cached]

Searching: Rise Against: Help Is On The Way

	Rise Against: Help Is On The Way [cached]

Searching: Panic! At The Disco: The Ballad Of Mona Lisa

	Panic! At The Disco: The Ballad of Mona Lisa [cached]

Searching: Lupe Fiasco Featuring Skylar Grey: Words I Never Said

	Lupe Fiasco: Words I Never Said (feat. Skylar Grey) [cached]

Searching: Bridgit Mendler: Somebody

	Bridgit Mendler: Somebody [cached]

Searching: Duck Sauce: Barbra Streisand

	Duck Sauce: Barbra Streisand - Radio Edit [cached]

Searching: Tyga Featuring Drake: Still Got It
=========> Tyga: Still Got It

	 NOT FOUND

Searching: Drake Featuring Birdman: We'll Be Fine

	Drake: We'll Be Fine [cached]

Searching: Nickelback: Lullaby

	Nickelback: Lullaby [cached]

Searching: Glee Cast: Constant Craving

	Glee Cast: Constant Craving (Glee Cast Version) [cached]

Searching: Chris Brown: Sweet Love

	Chris Brown: Sweet Love [cached]

Searching: Pitbull Featuring Shakira: Get It Started

	Pitbull: Get It Started (feat. Shakira) [cached]

Searching: Pusha T Kanye West: New God Flow

	Pusha T: New God Flow [cached]

Searching: DJ Drama Featuring 2 Chainz, Meek Mill & Jeremih: My Moment

	DJ Drama: My Moment (feat. 2 Chainz, Meek Mill and Jeremih) [cached]

Searching: The Wanted: I Found You

	The Wanted: I Found You [cached]

Searching: Danielle Bradbery: Grandpa (Tell Me 'Bout The Good Old Days)
=========> Danielle Bradbery: Grandpa

	 NOT FOUND

Searching: Wale Featuring Sam Dew: LoveHate Thing

	Wale: LoveHate Thing (feat. Sam Dew) [cached]

Searching: Kanye West: Blood On The Leaves

	Kanye West: Blood On The Leaves [cached]

Searching: Drake: Worst Behavior

	Drake: Worst Behavior [cached]

Searching: K. Michelle: V.S.O.P.

	K. Michelle: V.S.O.P. [cached]

Searching: Miranda Lambert: All Kinds Of Kinds

	Miranda Lambert: All Kinds of Kinds [cached]

Searching: R. Kelly Featuring 2 Chainz: My Story

	R. Kelly: My Story (feat. 2 Chainz) [cached]

Searching: Eric Church: A Man Who Was Gonna Die Young

	Eric Church: A Man Who Was Gonna Die Young [cached]

Searching: Sara Evans: Slow Me Down

	Sara Evans: Slow Me Down [cached]

Searching: George Strait: I Got A Car

	George Strait: I Got A Car [cached]

Searching: Usher Featuring Nicki Minaj: She Came To Give It To You
=========> Usher: She Came To Give It To You

	 NOT FOUND

Searching: Jake Owen: What We Ain't Got

	Jake Owen: What We Ain't Got [cached]

Searching: Panic! At The Disco: Victorious

	Panic! At The Disco: Victorious [cached]

Searching: Gucci Mane Featuring Kanye West: P**** Print

	Gucci Mane: Pussy Print (feat. Kanye West) [cached]

Searching: Sundance Head: At Last

	 NOT FOUND

Searching: Sam Hunt: Drinkin' Too Much

	Sam Hunt: Drinkin' Too Much [cached]

Searching: Mariah Carey Featuring YG: I Don't

	Mariah Carey: I Don't Wanna Cry [cached]

Searching: Chris Stapleton: Either Way

	Chris Stapleton: Either Way [cached]

Searching: Bryson Tiller: Don't Get Too High

	Bryson Tiller: Don't Get Too High [cached]

Searching: Florida Georgia Line: Smooth

	Florida Georgia Line: Smooth [cached]

Searching: Tyler, The Creator: OKRA

	Tyler, The Creator: OKRA [cached]

Searching: Young Thug Featuring Nicki Minaj: Anybody

	Young Thug: Anybody (feat. Nicki Minaj) [cached]

Searching: Ariana Grande Featuring Nicki Minaj: The Light Is Coming

	Ariana Grande: the light is coming (feat. Nicki Minaj) [cached]

Searching: Khalid: Vertigo

	Khalid: Vertigo [cached]

Searching: Steve Aoki Featuring BTS: Waste It On Me

	Steve Aoki: Waste It On Me [cached]

Searching: Trippie Redd Featuring Kodie Shane: Negative Energy

	Trippie Redd: Negative Energy [cached]

Searching: XXXTENTACION: Sauce!

	XXXTENTACION: Sauce! [cached]

Searching: Taylor Swift: Daylight

	Taylor Swift: Daylight [cached]

Searching: Big Sean Featuring A$AP Ferg & Hit-Boy: Bezerk

	Big Sean: Bezerk (feat. A$AP Ferg) [cached]

Searching: DaBaby: There He Go

	DaBaby: THERE HE GO [cached]

Searching: Khalid: Up All Night

	Khalid: Up All Night [cached]

Searching: Moneybagg Yo Featuring DaBaby: Protect da Brand

	Moneybagg Yo: Protect Da Brand (feat. DaBaby) [cached]

Searching: Eminem Featuring Anderson .Paak: Lock It Up

	Eminem: Lock It Up (feat. Anderson .Paak) [cached]

Searching: Meghan Trainor Featuring Nicki Minaj: Nice To Meet Ya

	Meghan Trainor: Nice to Meet Ya (feat. Nicki Minaj) [cached]

Searching: YoungBoy Never Broke Again: Bat Man

	YoungBoy Never Broke Again: Bat Man [cached]

Searching: Bad Bunny & Yaviah: Bichiyal

	Bad Bunny: Bichiyal [cached]

Searching: Lil Uzi Vert Featuring Young Nudy: Money Spread

	Lil Uzi Vert: Money Spread (feat. Young Nudy) [cached]

Searching: Kane Brown & John Legend: Last Time I Say Sorry

	Kane Brown: Last Time I Say Sorry [cached]

Searching: Zayn: Better

	ZAYN: Better [cached]

Searching: The Kid LAROI & Juice WRLD: Reminds Me Of You
=========> Kid LAROI: Reminds Me Of You

	 NOT FOUND
