Found 366/374 = 98%
8 not found: 
Franck Pourcel's French Fiddles: Only You
The Dixiebelles: (Down At) Papa Joe's
The Cuff Links: Tracy
Skylark: Wildflower
Annie Lennox & Al Green: Put A Little Love In Your Heart
Animotion: Room To Move
A'me Lorain: Whole Wide World (From "True Love")
Ruben Studdard: Sorry 2004
--------- log -----------
Searching: The Johnny Otis Show: Willie And The Hand Jive

	The Johnny Otis Show: Willie and the Hand Jive

Searching: Frankie Avalon: Ginger Bread

	Frankie Avalon: Ginger Bread

Searching: Bobby Darin: Queen Of The Hop

	Bobby Darin: Queen of the Hop

Searching: Ricky Nelson: It's Late
=========> Ricky Nelson: It s Late

	Ricky Nelson: It's Late

Searching: Fabian: Turn Me Loose

	Fabian: Turn Me Loose

Searching: Franck Pourcel's French Fiddles: Only You
=========> Franck Pourcel s French Fiddles: Only You

	 NOT FOUND

Searching: The Coasters: Along Came Jones

	The Coasters: Along Came Jones

Searching: Connie Francis: Frankie

	Connie Francis: Frankie

Searching: Duane Eddy And The Rebels: Forty Miles Of Bad Road
=========> Duane Eddy: Forty Miles Of Bad Road

	Duane Eddy: Forty Miles Of Bad Road

Searching: Ricky Nelson: Sweeter Than You

	Ricky Nelson: Sweeter Than You

Searching: Ricky Nelson: Just A Little Too Much

	Ricky Nelson: Just A Little Too Much - Remastered

Searching: Paul Evans and the Curls: (Seven Little Girls) Sitting In The Back Seat
=========> Paul Evans: Sitting In The Back Seat

	Paul Evans: Seven Little Girls Sitting in the Back Seat

Searching: Neil Sedaka: Oh! Carol
=========> Neil Sedaka: Oh  Carol

	Neil Sedaka: Oh! Carol

Searching: Fabian: Hound Dog Man

	Fabian: Hound Dog Man

Searching: Steve Lawrence: Pretty Blue Eyes

	Steve Lawrence: Pretty Blue Eyes

Searching: The Little Dippers: Forever

	The Little Dippers: Forever - Single Version

Searching: Marv Johnson: I Love The Way You Love

	Marv Johnson: I Love the Way You Love

Searching: Bill Black's Combo: White Silver Sands
=========> Bill Black s Combo: White Silver Sands

	Bill Black's Combo: White Silver Sands

Searching: Neil Sedaka: Stairway To Heaven

	Neil Sedaka: Stairway to Heaven

Searching: Roy Orbison: Blue Angel

	Roy Orbison: Blue Angel - with The Royal Philharmonic Orchestra

Searching: Ray Peterson: Corinna, Corinna
=========> Ray Peterson: Corinna  Corinna

	Ray Peterson: Corinna, Corinna

Searching: Jackie Wilson: My Empty Arms

	Jackie Wilson: My Empty Arms

Searching: Steve Lawrence: Portrait Of My Love

	Steve Lawrence: Portrait of My Love

Searching: Ricky Nelson: Hello Mary Lou

	Ricky Nelson: Hello Mary Lou, Goodbye Heart - Remastered

Searching: Little Caesar and The Romans: Those Oldies But Goodies (Remind Me Of You)
=========> Little Caesar: Those Oldies But Goodies

	Little Caesar & the Romans: Those Oldies but Goodies (Remind Me of You)

Searching: Linda Scott: Don't Bet Money Honey
=========> Linda Scott: Don t Bet Money Honey

	Linda Scott: Don't Bet Money Honey

Searching: Bobby Lewis: One Track Mind

	Bobby Lewis: One Track Mind

Searching: Patsy Cline: Crazy

	Patsy Cline: Crazy - Single Version

Searching: The G-Clefs: I Understand (Just How You Feel)
=========> The G Clefs: I Understand

	The G Clefs: I Understand

Searching: Ray Charles and his Orchestra: Unchain My Heart
=========> Ray Charles: Unchain My Heart

	Ray Charles & Friends: Unchain My Heart

Searching: Burl Ives: A Little Bitty Tear

	Burl Ives: A Little Bitty Tear

Searching: Gary U.S. Bonds: Dear Lady Twist
=========> Gary U S  Bonds: Dear Lady Twist

	Gary U.S. Bonds: Dear Lady Twist

Searching: Sam Cooke: Twistin' The Night Away
=========> Sam Cooke: Twistin  The Night Away

	Sam Cooke: Twistin' the Night Away

Searching: Gary U.S. Bonds: Twist, Twist Senora
=========> Gary U S  Bonds: Twist  Twist Senora

	Gary U.S. Bonds: Twist, Twist Senora

Searching: The Everly Brothers: That's Old Fashioned (That's The Way Love Should Be)
=========> The Everly Brothers: That s Old Fashioned

	The Everly Brothers: That's Old Fashioned (That's the Way It Should Be)

Searching: Dee Dee Sharp: Gravy (For My Mashed Potatoes)
=========> Dee Dee Sharp: Gravy

	Dee Dee Sharp: Gravy (For My Mashed Potatoes)

Searching: Connie Francis: Vacation

	Connie Francis: Vacation

Searching: Mary Wells: You Beat Me To The Punch

	Mary Wells: You Beat Me To The Punch - Stereo Version

Searching: Johnny Mathis: What Will My Mary Say

	Johnny Mathis: What Will My Mary Say

Searching: Bill Pursell: Our Winter Love

	Bill Pursell: Our Winter Love

Searching: The Drifters: On Broadway

	The Drifters: On Broadway

Searching: Peter, Paul & Mary: Don't Think Twice, It's All Right
=========> Peter  Paul   Mary: Don t Think Twice  It s All Right

	Peter, Paul and Mary: Don't Think Twice, It's All Right

Searching: The Dixiebelles: (Down At) Papa Joe's
=========> Dixiebelles: Papa Joe s

	 NOT FOUND

Searching: The Tams: What Kind Of Fool (Do You Think I Am)
=========> The Tams: What Kind Of Fool

	The Tams: What Kind of Fool (Do You Think I Am)

Searching: Bobby Goldsboro: See The Funny Little Clown

	Bobby Goldsboro: See the Funny Little Clown

Searching: Al Martino: I Love You More And More Every Day

	Al Martino: I Love You More And More Every Day - Remastered

Searching: Bobby Vinton: My Heart Belongs To Only You

	Bobby Vinton: My Heart Belongs to Only You

Searching: Danny Williams: White On White

	Danny Williams: White on White

Searching: Roy Orbison: It's Over
=========> Roy Orbison: It s Over

	Roy Orbison: It's Over

Searching: Billy J. Kramer With The Dakotas: Bad To Me
=========> Billy J  Kramer: Bad To Me

	Billy J. Kramer: Bad to Me

Searching: The Jelly Beans: I Wanna Love Him So Bad

	The Jelly Beans: I Wanna Love Him So Bad

Searching: Gerry And The Pacemakers: How Do You Do It?
=========> Gerry: How Do You Do It

	Gerry & The Pacemakers: How Do You Do It? - Mono

Searching: The Beach Boys: When I Grow Up (To Be A Man)
=========> The Beach Boys: When I Grow Up

	The Beach Boys: When I Grow Up (To Be a Man) (Stereo)

Searching: The Hondells: Little Honda

	The Hondells: Little Honda

Searching: Roger Miller: Chug-A-Lug
=========> Roger Miller: Chug A Lug

	Roger Miller: Chug-A-Lug

Searching: Johnny Rivers: Mountain Of Love

	Johnny Rivers: Mountain Of Love

Searching: Gene Pitney: I'm Gonna Be Strong
=========> Gene Pitney: I m Gonna Be Strong

	Gene Pitney: I'm Gonna Be Strong

Searching: Del Shannon: Keep Searchin' (We'll Follow The Sun)
=========> Del Shannon: Keep Searchin

	Del Shannon: Keep Searchin' (We'll Follow the Sun)

Searching: Peter And Gordon: I Go To Pieces

	Peter And Gordon: I Go to Pieces

Searching: The Rolling Stones: The Last Time

	The Rolling Stones: The Last Time - Mono Version

Searching: The Righteous Brothers: Just Once In My Life

	The Righteous Brothers: Just Once In My Life

Searching: Billy Joe Royal: Down In The Boondocks

	Billy Joe Royal: Down in the Boondocks

Searching: The Yardbirds: Heart Full Of Soul

	The Yardbirds: Heart Full of Soul

Searching: The Lovin' Spoonful: Do You Believe In Magic
=========> The Lovin  Spoonful: Do You Believe In Magic

	The Lovin' Spoonful: Do You Believe in Magic?

Searching: The 4 Seasons Featuring the "Sound of Frankie Valli": Working My Way Back To You
=========> The 4 Seasons: Working My Way Back To You

	Frankie Valli & The Four Seasons: Working My Way Back to You

Searching: Bobby Fuller Four: I Fought The Law

	The Bobby Fuller Four: I Fought the Law - Single Version

Searching: Gary Lewis And The Playboys: Sure Gonna Miss Her
=========> Gary Lewis: Sure Gonna Miss Her

	Gary Lewis & The Playboys: Sure Gonna Miss Her - Remastered

Searching: Herman's Hermits: Leaning On The Lamp Post
=========> Herman s Hermits: Leaning On The Lamp Post

	Herman's Hermits: Leaning on a Lamp Post - 2002 Remaster

Searching: The Supremes: Love Is Like An Itching In My Heart

	The Supremes: Love Is Like An Itching In My Heart

Searching: Ray Conniff And The Singers: Somewhere, My Love
=========> Ray Conniff: Somewhere  My Love

	The Ray Conniff Singers: Somewhere, My Love (Lara's Theme from "Doctor Zhivago")

Searching: Petula Clark: I Couldn't Live Without Your Love
=========> Petula Clark: I Couldn t Live Without Your Love

	Petula Clark: I Couldn't Live Without Your Love

Searching: Stevie Wonder: Blowin In The Wind

	Stevie Wonder: Blowin' In The Wind

Searching: The Sandpipers: Guantanamera

	The Sandpipers: Guantanamera

Searching: The 4 Seasons Featuring the "Sound of Frankie Valli": I've Got You Under My Skin
=========> The 4 Seasons: I ve Got You Under My Skin

	Frankie Valli & The Four Seasons: I've Got You Under My Skin

Searching: The Rolling Stones: Have You Seen Your Mother, Baby, Standing In The Shadow?
=========> The Rolling Stones: Have You Seen Your Mother  Baby  Standing In The Shadow

	The Rolling Stones: Have You Seen Your Mother, Baby, Standing In The Shadow? - Mono Version

Searching: Martha & The Vandellas: I'm Ready For Love
=========> Martha   The Vandellas: I m Ready For Love

	Martha Reeves & The Vandellas: I'm Ready For Love

Searching: Stevie Wonder: A Place In The Sun

	Stevie Wonder: A Place In The Sun

Searching: Aretha Franklin: I Never Loved A Man (The Way I Love You)
=========> Aretha Franklin: I Never Loved A Man

	Aretha Franklin: I Never Loved a Man (The Way I Love You)

Searching: Spanky And Our Gang: Sunday Will Never Be The Same

	Spanky & Our Gang: Sunday Will Never Be The Same

Searching: The 4 Seasons Featuring the "Sound of Frankie Valli": C'mon Marianne
=========> The 4 Seasons: C mon Marianne

	Frankie Valli & The Four Seasons: C'mon Marianne

Searching: The Hollies: Carrie-Anne
=========> The Hollies: Carrie Anne

	The Hollies: Carrie Anne

Searching: Eric Burdon & The Animals: San Franciscan Nights
=========> Eric Burdon   The Animals: San Franciscan Nights

	Eric Burdon & the Animals: San Franciscan Nights

Searching: Peter, Paul & Mary: I Dig Rock And Roll Music
=========> Peter  Paul   Mary: I Dig Rock And Roll Music

	Peter, Paul and Mary: I Dig Rock and Roll Music

Searching: Brenton Wood: Gimme Little Sign

	Brenton Wood: Gimme Little Sign

Searching: The Who: I Can See For Miles

	The Who: I Can See For Miles

Searching: Diana Ross & The Supremes: In And Out Of Love
=========> Diana Ross   The Supremes: In And Out Of Love

	Diana Ross & The Supremes: In And Out Of Love

Searching: Cher: You Better Sit Down Kids

	Cher: You Better Sit Down Kids

Searching: The Fireballs: Bottle Of Wine

	The Fireballs: Bottle of Wine

Searching: Sam & Dave: I Thank You
=========> Sam   Dave: I Thank You

	Sam & Dave: I Thank You - LP / Single Version

Searching: Stevie Wonder: Shoo-Be-Doo-Be-Doo-Da-Day
=========> Stevie Wonder: Shoo Be Doo Be Doo Da Day

	Stevie Wonder: Shoo-Be-Doo-Be-Doo-Da-Day

Searching: Archie Bell & The Drells: I Can't Stop Dancing
=========> Archie Bell   The Drells: I Can t Stop Dancing

	Archie Bell & The Drells: I Can't Stop Dancing

Searching: Bobby Vinton: I Love How You Love Me

	Bobby Vinton: I Love How You Love Me

Searching: Booker T. & The MG's: Hang 'Em High
=========> Booker T    The MG s: Hang  Em High

	Booker T. & the M.G.'s: Hang 'Em High

Searching: David Ruffin: My Whole World Ended (The Moment You Left Me)
=========> David Ruffin: My Whole World Ended

	David Ruffin: My Whole World Ended (The Moment You Left Me)

Searching: Desmond Dekker And The Aces: Israelites
=========> Desmond Dekker: Israelites

	Desmond Dekker: Israelites

Searching: Andy Kim: Baby, I Love You
=========> Andy Kim: Baby  I Love You

	Andy Kim: Baby I Love You

Searching: Gary Puckett And The Union Gap: This Girl Is A Woman Now
=========> Gary Puckett: This Girl Is A Woman Now

	Gary Puckett & The Union Gap: This Girl Is a Woman Now

Searching: The Cuff Links: Tracy
=========> Cuff Links: Tracy

	 NOT FOUND

Searching: Bobby Sherman: La La La (If I Had You)
=========> Bobby Sherman: La La La

	Bobby Sherman: La La La (If I Had You)

Searching: Santana: Evil Ways

	Santana: Evil Ways

Searching: Bobby Sherman: Easy Come, Easy Go
=========> Bobby Sherman: Easy Come  Easy Go

	Bobby Sherman: Easy Come, Easy Go

Searching: Chicago: Make Me Smile

	Chicago: Make Me Smile (Single Version) - 2002 Remaster

Searching: Elvis Presley: The Wonder Of You/Mama Liked The Roses
=========> Elvis Presley: Wonder Of You

	Elvis Presley: The Wonder of You - with The Royal Philharmonic Orchestra

Searching: The Pipkins: Gimme Dat Ding

	The Pipkins: Gimme Dat Ding

Searching: B.J. Thomas: I Just Can't Help Believing
=========> B J  Thomas: I Just Can t Help Believing

	B.J. Thomas: I Just Can't Help Believing - Live

Searching: The Kinks: Lola

	The Kinks: Lola

Searching: Stevie Wonder: Heaven Help Us All

	Stevie Wonder: Heaven Help Us All

Searching: Van Morrison: Domino

	Van Morrison: Domino - 1999 Remaster

Searching: Gladys Knight And The Pips: If I Were Your Woman
=========> Gladys Knight: If I Were Your Woman

	Gladys Knight & The Pips: If I Were Your Woman - Single Version

Searching: Nitty Gritty Dirt Band: Mr. Bojangles
=========> Nitty Gritty Dirt Band: Mr  Bojangles

	Nitty Gritty Dirt Band: Mr. Bojangles - Remastered 2001

Searching: Andy Williams: (Where Do I Begin) Love Story
=========> Andy Williams: Love Story

	Andy Williams: Where Do I Begin - Love Theme from "Love Story"

Searching: Daddy Dewdrop: Chick-A-Boom (Don't Ya Jes' Love It)
=========> Daddy Dewdrop: Chick A Boom

	Daddy Dewdrop: Chick-a-Boom (Don't Ya Jes' Love It)

Searching: The Partridge Family Starring Shirley Jones Featuring David Cassidy: I'll Meet You Halfway
=========> The Partridge Family: I ll Meet You Halfway

	The Partridge Family: I'll Meet You Halfway

Searching: Jerry Reed: When You're Hot, You're Hot
=========> Jerry Reed: When You re Hot  You re Hot

	Jerry Reed: When You're Hot, You're Hot

Searching: The Grass Roots: Sooner Or Later

	The Grass Roots: Sooner Or Later

Searching: The Dramatics: Whatcha See Is Whatcha Get

	The Dramatics: Whatcha See Is Whatcha Get

Searching: Marvin Gaye: Inner City Blues (Make Me Wanna Holler)
=========> Marvin Gaye: Inner City Blues

	Marvin Gaye: Inner City Blues (Make Me Wanna Holler)

Searching: Aretha Franklin: Rock Steady

	Aretha Franklin: Rock Steady

Searching: David Cassidy: Cherish

	David Cassidy: Cherish - remastered

Searching: Donny Osmond: Hey Girl/I Knew You When
=========> Donny Osmond: Hey Girl

	Donny Osmond: Hey Girl

Searching: The Stylistics: You Are Everything

	The Stylistics: You Are Everything

Searching: Carole King: Sweet Seasons

	Carole King: Sweet Seasons

Searching: Ringo Starr: Back Off Boogaloo

	Ringo Starr: Back Off Boogaloo

Searching: Commander Cody & His Lost Planet Airmen: Hot Rod Lincoln
=========> Commander Cody   His Lost Planet Airmen: Hot Rod Lincoln

	Commander Cody and His Lost Planet Airmen: Hot Rod Lincoln

Searching: America: I Need You

	America: I Need You

Searching: Hot Butter: Popcorn

	Hot Butter: Popcorn

Searching: Danny O'Keefe: Good Time Charlie's Got The Blues
=========> Danny O Keefe: Good Time Charlie s Got The Blues

	Danny O'Keefe: Good Time Charlie's Got the Blues

Searching: Eagles: Witchy Woman

	Eagles: Witchy Woman - 2013 Remaster

Searching: John Denver: Rocky Mountain High

	John Denver: Rocky Mountain High

Searching: Jermaine Jackson: Daddy's Home
=========> Jermaine Jackson: Daddy s Home

	Jermaine Jackson: Daddy's Home

Searching: Skylark: Wildflower

	 NOT FOUND

Searching: Focus: Hocus Pocus

	Focus: Hocus Pocus

Searching: Dr. John: Right Place Wrong Time
=========> Dr  John: Right Place Wrong Time

	Dr. John: Right Place Wrong Time

Searching: Charlie Daniels: Uneasy Rider

	The Charlie Daniels Band: Uneasy Rider '88

Searching: B.W. Stevenson: My Maria
=========> B W  Stevenson: My Maria

	B.W. Stevenson: My Maria

Searching: Garfunkel: All I Know

	Art Garfunkel: All I Know

Searching: The Staple Singers: If You're Ready (Come Go With Me)
=========> The Staple Singers: If You re Ready

	The Staple Singers: If You're Ready (Come Go With Me)

Searching: Mocedades: Eres Tu (Touch The Wind)
=========> Mocedades: Eres Tu

	Mocedades: Eres Tú

Searching: Jim Croce: I'll Have To Say I Love You In A Song
=========> Jim Croce: I ll Have To Say I Love You In A Song

	Jim Croce: I'll Have To Say I Love You In A Song

Searching: Chicago: (i've Been) Searchin' So Long
=========> Chicago: Searchin  So Long

	Chicago: (I've Been) Searchin' So Long - 2002 Remaster

Searching: The O'Jays: For The Love Of Money
=========> The O Jays: For The Love Of Money

	The O'Jays: For the Love of Money

Searching: Helen Reddy: You And Me Against The World

	Helen Reddy: You And Me Against The World

Searching: Cheech & Chong Featuring Alice Bowie: Earache My Eye
=========> Cheech   Chong: Earache My Eye

	Cheech And Chong with Alice Bowie: Earache My Eye

Searching: Mac Davis: Stop And Smell The Roses

	Mac Davis: Stop And Smell The Roses

Searching: Gloria Gaynor: Never Can Say Goodbye

	Gloria Gaynor: Never Can Say Goodbye

Searching: John Lennon: #9 Dream
=========> John Lennon: 9 Dream

	John Lennon: #9 Dream - Remastered 2010

Searching: Carole King: Nightingale

	Carole King: Nightingale

Searching: Electric Light Orchestra: Can't Get It Out Of My Head
=========> Electric Light Orchestra: Can t Get It Out Of My Head

	Electric Light Orchestra: Can't Get It out of My Head

Searching: Sugarloaf/Jerry Corbetta: Don't Call Us, We'll Call You
=========> Sugarloaf Jerry Corbetta: Don t Call Us  We ll Call You

	Jerry Corbetta formerly of Sugarloaf: Don't Call Us, We'll Call You

Searching: Leo Sayer: Long Tall Glasses (I Can Dance)
=========> Leo Sayer: Long Tall Glasses

	Leo Sayer: Long Tall Glasses (I Can Dance)

Searching: Gwen McCrae: Rockin' Chair
=========> Gwen McCrae: Rockin  Chair

	Gwen McCrae: Rockin' Chair

Searching: Austin Roberts: Rocky

	Austin Roberts: Rocky

Searching: Simon & Garfunkel: My Little Town
=========> Simon   Garfunkel: My Little Town

	Simon & Garfunkel: My Little Town

Searching: David Ruffin: Walk Away From Love

	David Ruffin: Walk Away From Love

Searching: Larry Groce: Junk Food Junkie

	Larry Groce: Junk Food Junkie

Searching: Bay City Rollers: Money Honey

	Bay City Rollers: Money Honey

Searching: Heart: Magic Man

	Heart: Magic Man

Searching: Firefall: You Are The Woman

	Firefall: You Are the Woman

Searching: Bread: Lost Without Your Love

	Bread: Lost Without Your Love

Searching: Alice Cooper: You And Me

	Alice Cooper: You and Me

Searching: The Sanford/Townsend Band: Smoke From A Distant Fire
=========> Sanford Townsend Band: Smoke From A Distant Fire

	Sanford Townsend Band: Smoke from a Distant Fire

Searching: Fleetwood Mac: You Make Loving Fun

	Fleetwood Mac: You Make Loving Fun - 2004 Remaster

Searching: Jay Ferguson: Thunder Island

	Jay Ferguson: Thunder Island

Searching: England Dan & John Ford Coley: We'll Never Have To Say Goodbye Again
=========> England Dan   John Ford Coley: We ll Never Have To Say Goodbye Again

	England Dan & John Ford Coley: We'll Never Have to Say Goodbye Again - Single Version

Searching: Evelyn "Champagne" King: Shame
=========> Evelyn  Champagne  King: Shame

	Evelyn "Champagne" King: Shame

Searching: Earth, Wind & Fire: Got To Get You Into My Life
=========> Earth  Wind   Fire: Got To Get You Into My Life

	Earth, Wind & Fire: Got to Get You Into My Life

Searching: Foxy: Get Off

	Foxy: Get Off - Remastered

Searching: Andy Gibb: (Our Love) Don't Throw It All Away
=========> Andy Gibb: Don t Throw It All Away

	Andy Gibb: (Our Love) Don't Throw It All Away

Searching: Eric Clapton And His Band: Promises
=========> Eric Clapton: Promises

	Eric Clapton: Promises

Searching: Barry Manilow: Somewhere In The Night

	Barry Manilow: Somewhere In the Night

Searching: Bobby Caldwell: What You Won't Do For Love
=========> Bobby Caldwell: What You Won t Do For Love

	Bobby Caldwell: What You Won't Do for Love

Searching: Sister Sledge: He's The Greatest Dancer
=========> Sister Sledge: He s The Greatest Dancer

	Sister Sledge: He's the Greatest Dancer

Searching: Raydio: You Can't Change That
=========> Raydio: You Can t Change That

	Raydio: You Can't Change That

Searching: Elton John: Mama Can't Buy You Love
=========> Elton John: Mama Can t Buy You Love

	Elton John: Mama Can't Buy You Love

Searching: Barry Manilow: Ships

	Barry Manilow: Ships

Searching: Gary Numan: Cars

	Gary Numan: Cars

Searching: Jermaine Jackson: Let's Get Serious
=========> Jermaine Jackson: Let s Get Serious

	Jermaine Jackson: Let's Get Serious - Single Version

Searching: Pete Townshend: Let My Love Open The Door

	Pete Townshend: Let My Love Open The Door

Searching: Larry Graham: One In A Million You

	Larry Graham: One in a Million You

Searching: Pat Benatar: Hit Me With Your Best Shot

	Pat Benatar: Hit Me With Your Best Shot

Searching: Diana Ross: It's My Turn
=========> Diana Ross: It s My Turn

	Diana Ross: It's My Turn

Searching: Dan Fogelberg: Same Old Lang Syne

	Dan Fogelberg: Same Old Lang Syne

Searching: Styx: Too Much Time On My Hands

	Styx: Too Much Time On My Hands

Searching: Journey: Don't Stop Believin'
=========> Journey: Don t Stop Believin

	Journey: Don't Stop Believin'

Searching: Lindsey Buckingham: Trouble

	Lindsey Buckingham: Trouble - Live

Searching: Dan Fogelberg: Leader Of The Band

	Dan Fogelberg: Leader of the Band

Searching: Buckner & Garcia: Pac-Man Fever
=========> Buckner   Garcia: Pac Man Fever

	Buckner & Garcia: Pac-Man Fever

Searching: Daryl Hall John Oates: Did It In A Minute

	Daryl Hall & John Oates: Did It In A Minute

Searching: The Motels: Only The Lonely

	The Motels: Only The Lonely - Remastered 1999

Searching: Crosby, Stills & Nash: Wasted On The Way
=========> Crosby  Stills   Nash: Wasted On The Way

	Crosby, Stills & Nash: Wasted on the Way - 2005 Remaster

Searching: A Flock Of Seagulls: I Ran (So Far Away)
=========> A Flock Of Seagulls: I Ran

	A Flock Of Seagulls: I Ran (So Far Away)

Searching: Stray Cats: Rock This Town

	Stray Cats: Rock This Town

Searching: Rick Springfield: Affair Of The Heart

	Rick Springfield: Affair of the Heart

Searching: Culture Club: I'll Tumble 4 Ya
=========> Culture Club: I ll Tumble 4 Ya

	Culture Club: I'll Tumble 4 Ya

Searching: Talking Heads: Burning Down The House

	Talking Heads: Burning Down the House

Searching: Sheena Easton: Telefone (long Distance Love Affair)
=========> Sheena Easton: Telefone

	Sheena Easton: Telefone (Long Distance Love Affair)

Searching: The Motels: Suddenly Last Summer

	The Motels: Suddenly Last Summer

Searching: John Cougar Mellencamp: Crumblin' Down
=========> John Cougar Mellencamp: Crumblin  Down

	John Mellencamp: Crumblin' Down

Searching: The Rolling Stones: Undercover Of The Night

	The Rolling Stones: Undercover (Of The Night) - Remastered 2009

Searching: Christopher Cross: Think Of Laura

	Christopher Cross: Think of Laura

Searching: Ollie And Jerry: Breakin'...there's No Stopping Us
=========> Ollie And Jerry: Breakin    there s No Stopping Us

	Ollie & Jerry: Breakin'...There's No Stopping Us - Club Mix

Searching: Bananarama: Cruel Summer

	Bananarama: Cruel Summer

Searching: The Pointer Sisters: I'm So Excited
=========> The Pointer Sisters: I m So Excited

	The Pointer Sisters: I'm So Excited

Searching: Julian Lennon: Valotte

	Julian Lennon: Valotte

Searching: Bruce Springsteen: Born In The USA

	Bruce Springsteen: Born in the U.S.A.

Searching: Sheena Easton: Sugar Walls

	Sheena Easton: Sugar Walls

Searching: Journey: Only The Young

	Journey: Only the Young

Searching: Don Henley: All She Wants to Do Is Dance

	Don Henley: All She Wants To Do Is Dance

Searching: Kool & The Gang: Fresh
=========> Kool   The Gang: Fresh

	Kool & The Gang: Fresh

Searching: Katrina And The Waves: Walking On Sunshine
=========> Katrina: Walking On Sunshine

	Katrina & The Waves: Walking On Sunshine

Searching: The Power Station: Get It On (Bang A Gong)
=========> The Power Station: Get It On

	The Power Station: Get It On (Bang a Gong) - 2005 Remaster

Searching: Billy Joel: You're Only Human (Second Wind)
=========> Billy Joel: You re Only Human

	Billy Joel: You're Only Human (Second Wind)

Searching: Bruce Springsteen: I'm Goin' Down
=========> Bruce Springsteen: I m Goin  Down

	Bruce Springsteen: I'm Goin' Down

Searching: Loverboy: Lovin' Every Minute Of It
=========> Loverboy: Lovin  Every Minute Of It

	Loverboy: Lovin' Every Minute Of It

Searching: ABC: Be Near Me

	ABC: Be Near Me

Searching: Journey: Be Good To Yourself

	Journey: Be Good to Yourself

Searching: The Moody Blues: Your Wildest Dreams

	The Moody Blues: Your Wildest Dreams

Searching: Oran 'Juice' Jones: The Rain
=========> Oran  Juice  Jones: The Rain

	Oran Juice Jones: The Rain

Searching: Lionel Richie: Love Will Conquer All

	Lionel Richie: Love Will Conquer All

Searching: Survivor: Is This Love

	Survivor: Is This Love

Searching: Boston: We're Ready
=========> Boston: We re Ready

	Boston: We're Ready

Searching: Ready For The World: Love You Down

	Ready For The World: Love You Down - Extended Remix

Searching: Wang Chung: Let's Go!
=========> Wang Chung: Let s Go

	Wang Chung: Let's Go (Re-Recorded)

Searching: Poison: Talk Dirty To Me

	Poison: Talk Dirty To Me

Searching: Huey Lewis & The News: I Know What I Like
=========> Huey Lewis   The News: I Know What I Like

	Huey Lewis & The News: I Know What I Like

Searching: Starship: It's Not Over ('til It's Over)
=========> Starship: It s Not Over

	Starship: It's Not Over ('Til It's Over)

Searching: Grateful Dead: Touch Of Grey

	Grateful Dead: Touch of Grey - 2013 Remaster

Searching: John Mellencamp: Paper In Fire

	John Mellencamp: Paper In Fire

Searching: Pet Shop Boys: It's A Sin
=========> Pet Shop Boys: It s A Sin

	Pet Shop Boys: It's a Sin - 2001 Remaster

Searching: Cutting Crew: I've Been In Love Before
=========> Cutting Crew: I ve Been In Love Before

	Cutting Crew: I've Been In Love Before

Searching: R.E.M.: The One I Love
=========> R E M: The One I Love

	R.E.M.: The One I Love - Remastered

Searching: Steve Winwood: Valerie

	Steve Winwood: Valerie

Searching: Bruce Springsteen: Tunnel Of Love

	Bruce Springsteen: Tunnel of Love

Searching: Paul Carrack: Don't Shed A Tear
=========> Paul Carrack: Don t Shed A Tear

	Paul Carrack: Don't Shed a Tear

Searching: Jane Wiedlin: Rush Hour

	Jane Wiedlin: Rush Hour

Searching: Whitney Houston: Love Will Save The Day

	Whitney Houston: Love Will Save the Day

Searching: Eddie Money: Walk On Water

	Eddie Money: Walk On Water

Searching: Annie Lennox & Al Green: Put A Little Love In Your Heart
=========> Annie Lennox: Put A Little Love In Your Heart

	 NOT FOUND

Searching: Information Society: Walking Away

	Information Society: Walking Away

Searching: Roy Orbison: You Got It

	Roy Orbison: You Got It

Searching: Animotion: Room To Move

	 NOT FOUND

Searching: The Doobie Brothers: The Doctor

	The Doobie Brothers: The Doctor

Searching: Jody Watley With Eric B. & Rakim: Friends
=========> Jody Watley: Friends

	Jody Watley: Friends

Searching: Bon Jovi: Living In Sin

	Bon Jovi: Living In Sin

Searching: Expose: Tell Me Why

	Exposé: Tell Me Why

Searching: Biz Markie: Just A Friend

	Biz Markie: Just a Friend

Searching: A'me Lorain: Whole Wide World (From "True Love")
=========> A me Lorain: Whole Wide World

	 NOT FOUND

Searching: Aerosmith: What It Takes

	Aerosmith: What It Takes

Searching: The Time: Jerk Out

	The Time: Jerk Out #3

Searching: Faith No More: Epic

	Faith No More: Epic

Searching: INXS: Suicide Blonde

	INXS: Suicide Blonde

Searching: Candyman: Knockin' Boots
=========> Candyman: Knockin  Boots

	Candyman: Knockin' Boots

Searching: Tony Toni Tone: Feels Good

	Tony! Toni! Toné!: Feels Good

Searching: Cathy Dennis: Just Another Dream

	Cathy Dennis: Just Another Dream - Album-Edit / 7" Mix

Searching: LL Cool J: Around The Way Girl

	LL Cool J: Around The Way Girl

Searching: Madonna: Rescue Me

	Madonna: Rescue Me

Searching: Another Bad Creation: Iesha

	Another Bad Creation: Iesha

Searching: Queensryche: Silent Lucidity

	Queensrÿche: Silent Lucidity - Remastered 2003

Searching: Whitney Houston: Miracle

	Whitney Houston: Miracle

Searching: Luther Vandross: Don't Want To Be A Fool
=========> Luther Vandross: Don t Want To Be A Fool

	Luther Vandross: Don't Want to Be a Fool

Searching: Curtis Stigers: I Wonder Why

	Curtis Stigers: I Wonder Why

Searching: U2: Mysterious Ways

	U2: Mysterious Ways

Searching: Celine Dion And Peabo Bryson: Beauty And The Beast

	Céline Dion: Beauty and the Beast - from the Soundtrack "Beauty and the Beast"

Searching: Richard Marx: Hazard

	Richard Marx: Hazard

Searching: Ugly Kid Joe: Everything About You

	Ugly Kid Joe: Everything About You

Searching: The Cover Girls: Wishing On A Star

	The Cover Girls: Wishing On a Star

Searching: Elton John: The One

	Elton John: The Ballad Of Danny Bailey (1909-1934) - Remastered 2014

Searching: Tina Turner: I Don't Wanna Fight (From "What's Love Got To Do With It")
=========> Tina Turner: I Don t Wanna Fight

	Tina Turner: I Don't Wanna Fight - Single Edit

Searching: Tevin Campbell: Can We Talk

	Tevin Campbell: Can We Talk

Searching: US3: Cantaloop (Flip Fantasia)
=========> US3: Cantaloop

	Us3: Cantaloop (Flip Fantasia)

Searching: Bruce Springsteen: Streets Of Philadelphia (From "Philadelphia")
=========> Bruce Springsteen: Streets Of Philadelphia

	Bruce Springsteen: Streets of Philadelphia - Single Edit

Searching: Tevin Campbell: I'm Ready
=========> Tevin Campbell: I m Ready

	Tevin Campbell: I'm Ready

Searching: Warren G: This D.J.
=========> Warren G: This D J

	Warren G: This D.J.

Searching: Craig Mack: Flava In Ya Ear

	Craig Mack: Flava in Ya Ear Remix (feat. Notorious B.I.G., L.L. Cool J, Busta Rhymes, Rampage)

Searching: 2Pac: Dear Mama/Old School
=========> 2Pac: Dear Mama

	2Pac: Dear Mama

Searching: Hootie & The Blowfish: Let Her Cry
=========> Hootie   The Blowfish: Let Her Cry

	Hootie & The Blowfish: Let Her Cry

Searching: Brandy: Brokenhearted

	Brandy: Brokenhearted (feat. Wanya Morris) - Single Version

Searching: Gin Blossoms: Follow You Down/Til I Hear It From You
=========> Gin Blossoms: Follow You Down

	Gin Blossoms: Follow You Down - Edit

Searching: LL Cool J: Doin It

	LL Cool J: Doin' It

Searching: Monica: Why I Love You So Much/Ain't Nobody
=========> Monica: Why I Love You So Much

	Monica: Why I Love You So Much

Searching: Az Yet: Last Night (From "The Nutty Professor")
=========> Az Yet: Last Night

	Az Yet: Last Night

Searching: R. Kelly: Gotham City
=========> R  Kelly: Gotham City

	R. Kelly: Gotham City

Searching: Aaliyah: The One I Gave My Heart To

	Aaliyah: The One I Gave my Heart to

Searching: Hanson: I Will Come To You

	Hanson: I Will Come To You

Searching: Busta Rhymes: Dangerous

	Busta Rhymes: Dangerous

Searching: Third Eye Blind: How's It Going To Be
=========> Third Eye Blind: How s It Going To Be

	Third Eye Blind: How's It Going to Be

Searching: Spice Girls: Too Much

	Spice Girls: Too Much

Searching: Lord Tariq & Peter Gunz: Deja Vu [Uptown Baby]
=========> Lord Tariq   Peter Gunz: Deja Vu  Uptown Baby

	Lord Tariq: Déjà Vu (Uptown Baby)

Searching: Monifah: Touch It

	Monifah: Touch It

Searching: Xscape: My Little Secret

	Xscape: My Little Secret

Searching: Goo Goo Dolls: Iris

	The Goo Goo Dolls: Iris

Searching: Faith Evans Featuring Puff Daddy: All Night Long
=========> Faith Evans: All Night Long

	Faith Evans: All Night Long (feat. P. Diddy)

Searching: B*Witched: C'est La Vie
=========> B Witched: C est La Vie

	B*Witched: C'est La Vie

Searching: Red Hot Chili Peppers: Scar Tissue

	Red Hot Chili Peppers: Scar Tissue

Searching: Len: Steal My Sunshine

	LEN: Steal My Sunshine

Searching: Britney Spears: Oops!...I Did It Again
=========> Britney Spears: Oops    I Did It Again

	Britney Spears: Oops!...I Did It Again

Searching: Backstreet Boys: Shape Of My Heart

	Backstreet Boys: Shape of My Heart

Searching: Jagged Edge: Promise

	Jagged Edge: Promise

Searching: Nelly Furtado: I'm Like A Bird
=========> Nelly Furtado: I m Like A Bird

	Nelly Furtado: I'm Like A Bird

Searching: Incubus: Drive

	Incubus: Drive

Searching: Shakira: Underneath Your Clothes

	Shakira: Underneath Your Clothes

Searching: Truth Hurts Featuring Rakim: Addictive
=========> Truth Hurts: Addictive

	Truth Hurts: Addictive

Searching: Erykah Badu Featuring Common: Love Of My Life (An Ode To Hip Hop)
=========> Erykah Badu: Love Of My Life

	Erykah Badu: Love Of My Life (An Ode To Hip Hop) - Longer Album Version

Searching: Kelly Clarkson: Miss Independent

	Kelly Clarkson: Miss Independent

Searching: Uncle Kracker Featuring Dobie Gray: Drift Away
=========> Uncle Kracker: Drift Away

	Uncle Kracker: Drift Away

Searching: R. Kelly: Step In The Name Of Love
=========> R  Kelly: Step In The Name Of Love

	R. Kelly: Step in the Name of Love - Remix - Radio Edit

Searching: Ying Yang Twins Featuring Lil Jon & The East Side Boyz: Salt Shaker
=========> Ying Yang Twins: Salt Shaker

	Ying Yang Twins: Salt Shaker

Searching: Ruben Studdard: Sorry 2004

	 NOT FOUND

Searching: Britney Spears: Toxic

	Britney Spears: Toxic

Searching: OutKast: Roses

	Outkast: Roses

Searching: Avril Lavigne: My Happy Ending

	Avril Lavigne: My Happy Ending

Searching: T.I.: Bring Em Out
=========> T I: Bring Em Out

	T.I.: Bring Em Out

Searching: Fat Joe Featuring Nelly: Get It Poppin'
=========> Fat Joe: Get It Poppin

	Fat Joe: Get It Poppin' (feat. Nelly) - Radio Version

Searching: Ludacris Featuring Bobby Valentino: Pimpin' All Over The World
=========> Ludacris: Pimpin  All Over The World

	Ludacris: Pimpin' All Over The World

Searching: Fall Out Boy: Dance, Dance
=========> Fall Out Boy: Dance  Dance

	Fall Out Boy: Dance, Dance

Searching: The All-American Rejects: Dirty Little Secret
=========> The All American Rejects: Dirty Little Secret

	The All-American Rejects: Dirty Little Secret

Searching: Chingy Featuring Tyrese: Pullin' Me Back
=========> Chingy: Pullin  Me Back

	Chingy: Pullin' Me Back

Searching: "Weird Al" Yankovic: White & Nerdy
=========> Weird Al  Yankovic: White   Nerdy

	"Weird Al" Yankovic: White & Nerdy (Parody of "Ridin'" by Chamillionaire feat. Krayzie Bone)

Searching: Diddy Featuring Nicole Scherzinger: Come To Me
=========> Diddy: Come To Me

	Diddy: Come to Me (feat. Nicole Scherzinger)

Searching: Bow Wow Featuring Chris Brown & Johnta Austin: Shortie Like Mine
=========> Bow Wow: Shortie Like Mine

	Bow Wow: Shortie Like Mine (feat. Chris Brown & Johntá Austin)

Searching: My Chemical Romance: Welcome To The Black Parade

	My Chemical Romance: Welcome to the Black Parade

Searching: Lloyd Featuring Lil Wayne: You
=========> Lloyd: You

	Andrew Lloyd Webber: Only You, Lonely You

Searching: Rihanna & Sean Paul: Break It Off
=========> Rihanna   Sean Paul: Break It Off

	Rihanna: Break It Off

Searching: P!nk: U + Ur Hand
=========> P nk: U   Ur Hand

	P!nk: U + Ur Hand

Searching: Amy Winehouse: Rehab

	Amy Winehouse: Rehab

Searching: T.I.: Big Things Poppin' (Do It)
=========> T I: Big Things Poppin

	T.I.: Big Things Poppin' (Do It) - Instrumental

Searching: Plies Featuring T-Pain: Shawty
=========> Plies: Shawty

	Plies: Shawty (feat. T Pain)

Searching: P!nk: Who Knew
=========> P nk: Who Knew

	P!nk: Who Knew

Searching: Buckcherry: Sorry

	Buckcherry: Sorry

Searching: Webbie Featuring Lil' Phat & Lil' Boosie: Independent
=========> Webbie: Independent

	Webbie: Independent

Searching: The Pussycat Dolls: When I Grow Up

	The Pussycat Dolls: When I Grow Up

Searching: Demi Lovato & Joe Jonas: This Is Me
=========> Demi Lovato   Joe Jonas: This Is Me

	Demi Lovato: This Is Me

Searching: Miley Cyrus: 7 Things

	Miley Cyrus: 7 Things - Single Version

Searching: Flo Rida Featuring will.i.am: In The Ayer
=========> Flo Rida: In The Ayer

	Flo Rida: In the Ayer (feat. will.I.am)

Searching: Estelle Featuring Kanye West: American Boy
=========> Estelle: American Boy

	Estelle: American Boy

Searching: Taylor Swift: Fearless

	Taylor Swift: Fearless

Searching: Carrie Underwood Featuring Randy Travis: I Told You So
=========> Carrie Underwood: I Told You So

	Carrie Underwood: I Told You So

Searching: Eminem: We Made You

	Eminem: We Made You

Searching: Katy Perry: Waking Up In Vegas

	Katy Perry: Waking Up In Vegas

Searching: Rihanna: Russian Roulette

	Rihanna: Russian Roulette

Searching: Trey Songz Featuring Fabolous: Say Aah
=========> Trey Songz: Say Aah

	Trey Songz: Say Aah (feat. Fabolous)

Searching: 3OH!3 Featuring Ke$ha: My First Kiss
=========> 3OH 3: My First Kiss

	3OH!3: My First Kiss (feat. Ke$ha)

Searching: The Black Eyed Peas: Rock That Body

	The Future Hit Makers: Rock That Body (A Tribute to Black Eyed Peas)

Searching: Jason Derulo: Ridin' Solo
=========> Jason Derulo: Ridin  Solo

	Jason Derulo: Ridin' Solo

Searching: Flo Rida Featuring David Guetta: Club Can't Handle Me
=========> Flo Rida: Club Can t Handle Me

	Flo Rida: Club Can't Handle Me (feat. David Guetta)

Searching: Lil Wayne Featuring Cory Gunz: 6 Foot 7 Foot
=========> Lil Wayne: 6 Foot 7 Foot

	Lil Wayne: 6 Foot 7 Foot

Searching: Lupe Fiasco: The Show Goes On

	Lupe Fiasco: The Show Goes On

Searching: Drake Featuring Nicki Minaj: Make Me Proud
=========> Drake: Make Me Proud

	Drake: Make Me Proud

Searching: Usher: Scream

	Usher: Scream

Searching: P!nk: Try
=========> P nk: Try

	P!nk: Try

Searching: Lil Wayne Featuring Drake & Future: Love Me
=========> Lil Wayne: Love Me

	Lil Wayne: Love Me

Searching: Ariana Grande Featuring Mac Miller: The Way
=========> Ariana Grande: The Way

	Ariana Grande: The Way

Searching: Soko: We Might Be Dead By Tomorrow

	Soko: We Might Be Dead By Tomorrow

Searching: Chris Brown Featuring Lil Wayne & French Montana Or Too $hort Or Tyga: Loyal
=========> Chris Brown: Loyal

	Chris Brown: Loyal (feat. Lil Wayne & Tyga)

Searching: Michael Jackson & Justin Timberlake: Love Never Felt So Good
=========> Michael Jackson   Justin Timberlake: Love Never Felt So Good

	Michael Jackson: Love Never Felt So Good

Searching: Ed Sheeran: Don't
=========> Ed Sheeran: Don t

	Ed Sheeran: I Don't Care (with Justin Bieber)

Searching: Pitbull & Ne-Yo: Time Of Our Lives
=========> Pitbull   Ne Yo: Time Of Our Lives

	Pitbull: Time of Our Lives

Searching: T-Wayne: Nasty Freestyle
=========> T Wayne: Nasty Freestyle

	T-Wayne: Nasty Freestyle

Searching: Andy Grammer: Honey, I'm Good.
=========> Andy Grammer: Honey  I m Good

	Andy Grammer: Honey, I'm Good.

Searching: DNCE: Cake By The Ocean

	DNCE: Cake By The Ocean

Searching: Charlie Puth Featuring Selena Gomez: We Don't Talk Anymore
=========> Charlie Puth: We Don t Talk Anymore

	Charlie Puth: We Don't Talk Anymore (feat. Selena Gomez)

Searching: Clean Bandit Featuring Sean Paul & Anne-Marie: Rockabye
=========> Clean Bandit: Rockabye

	Clean Bandit: Rockabye (feat. Sean Paul & Anne-Marie)

Searching: Drake Featuring Quavo & Travis Scott: Portland
=========> Drake: Portland

	Drake: Portland

Searching: Maroon 5 Featuring SZA: What Lovers Do
=========> Maroon 5: What Lovers Do

	Maroon 5: What Lovers Do (feat. SZA)

Searching: Justin Timberlake: Filthy

	Justin Timberlake: Filthy

Searching: Justin Timberlake Featuring Chris Stapleton: Say Something
=========> Justin Timberlake: Say Something

	Justin Timberlake: Say Something (feat. Chris Stapleton)

Searching: Drake Featuring Michael Jackson: Don't Matter To Me
=========> Drake: Don t Matter To Me

	Drake: Don’t Matter To Me (with Michael Jackson)

Searching: Khalid & Normani: Love Lies
=========> Khalid   Normani: Love Lies

	Khalid: Love Lies (with Normani)

Searching: benny blanco, Halsey & Khalid: Eastside
=========> benny blanco  Halsey   Khalid: Eastside

	benny blanco: Eastside (with Halsey & Khalid)

Searching: Lil Uzi Vert: Silly Watch

	Lil Uzi Vert: Silly Watch

Searching: Juice WRLD X Halsey: Life's A Mess
=========> Juice WRLD: Life s A Mess

	Juice WRLD: Life's A Mess (feat. Halsey)

Searching: Chris Brown & Young Thug: Go Crazy
=========> Chris Brown   Young Thug: Go Crazy

	Chris Brown: Go Crazy

Searching: Lewis Capaldi: Before You Go

	Lewis Capaldi: Before You Go

Searching: 21 Savage & Metro Boomin: Runnin
=========> 21 Savage   Metro Boomin: Runnin

	21 Savage: Runnin
