Found 223/256 = 87%
33 not found: 
The Ames Brothers: Stay
David Hill: Two Brothers
Patti Page: Goodbye Charlie
Nickey DeMatteo: Suddenly
Patti Page: A City Girl Stole My Country Boy
Ben Colder: Detroit City No. 2
The Marketts: Vanishing Point
The Barbarians: Moulty
Helena Ferguson: Where Is The Party
The Hesitations: Climb Every Mountain
Simon Stokes/Nighthawks: Voodoo Woman
Berlin Philharmonic: Theme Music For The Film "2001" A Space Odyssey from Also Sprach Zarathustr
Andy Kim: A Friend In The City
Jamestown Massacre: Summer Sun
Delbert & Glen: I Received A Letter
Anacostia: On And Off (Part 1)
Simon Stokes: Captain Howdy
Love Childs Afro Cuban Blues Band: Life And Death In G&A
Continental Miniatures: Stay Awhile
Wayne Newton: You Stepped Into My Life
Jim Hurt: I Love Women
Herb Alpert's Tijuana Brass: Bullish
Isle Of Man: Am I Forgiven
Sharon Bryant: Foolish Heart
Elisa Fiorillo: Oooh This I Need
Erin Cruise: Cold Shower
Teddy Pendergrass: Don't Keep Wasting My Time
PRINCE BE & Ky-Mani: Gotta Be...Movin' On Up
Reiss Featuring Special Guest Michie Mee: Boom Bye Yae
Missy "Misdemeanor" Elliott: She's A Bitch
Nivea: Don't Mess With The Radio
RKM & Ken-Y: Down
The Swon Brothers: Turn The Page
--------- log -----------
Searching: The Ames Brothers: Stay
=========> Ames Brothers: Stay

	 NOT FOUND

Searching: Jimmy Barnes: No Regrets

	Jimmy Barnes: No Regrets [cached]

Searching: David Hill: Two Brothers

	 NOT FOUND

Searching: The Four Lads: The Fountain Of Youth

	The Four Lads: The Fountain Of Youth [cached]

Searching: Bobby Freeman: Mary Ann Thomas

	Bobby Freeman: Mary Anne Thomas [cached]

Searching: Jerry Fuller: Betty My Angel

	Jerry Fuller: Betty My Angel [cached]

Searching: Patti Page: Goodbye Charlie

	 NOT FOUND

Searching: Patti Page: The Sound Of Music

	Patti Page: (How Much Is) That Doggie in the Window [cached]

Searching: The Fireflies Featuring Ritchie Adams: I Can't Say Goodbye

	The Fireflies: I Can't Say Goodbye [cached]

Searching: Narvel Felts: Honey Love

	Felts Narvel: Honey Love [cached]

Searching: Nickey DeMatteo: Suddenly

	 NOT FOUND

Searching: Bobby Comstock And The Counts: Jambalaya

	Bobby Comstock: Jambalaya [cached]

Searching: Paul Anka: Adam And Eve

	Paul Anka: Adam And Eve [cached]

Searching: Larry Bright: Mojo Workout (Dance)

	Larry Bright: Mojo Workout (Dance) [cached]

Searching: Austin Taylor: Push Push

	Austin Taylor: Push Push [cached]

Searching: Richie Allen: Stranger From Durango

	Richie Allen: Stranger from Durango [cached]

Searching: Lloyd Price and His Orchestra: (You Better) Know What You're Doin'

	Lloyd Price: You Better Know What You're Doin' [cached]

Searching: Donnie Brooks: Memphis

	Donnie Brooks: Memphis [cached]

Searching: Henry Mancini And His Orchestra: (Theme from) The Great Impostor

	Henry Mancini: Theme From "The Great Impostor" - REMASTERED [cached]

Searching: Patti Page: A City Girl Stole My Country Boy

	 NOT FOUND

Searching: Santo & Johnny: Hop Scotch

	Santo & Johnny: Hop Scotch [cached]

Searching: Mina: This World We Love In (Il Cielo In Una Stanza)

	Mina: This World We Love In - Il cielo in una stanza - 2011 Remastered Version [cached]

Searching: Billy Bland: My Heart's On Fire

	Billy Bland: My Heart's on Fire [cached]

Searching: The Chordettes: Faraway Star

	The Chordettes: Faraway Star [cached]

Searching: Frankie Avalon: True, True Love

	Frankie Avalon: True, True Love [cached]

Searching: The Velvets featuring Virgil Johnson: Laugh

	The Velvets: Laugh [cached]

Searching: Floyd Cramer: Let's Go

	Floyd Cramer: Let's Go [cached]

Searching: Fats Domino: Ida Jane

	Fats Domino: Ida Jane [cached]

Searching: The Highwaymen: I'm On My Way

	The Highwaymen: I'm on My Way [cached]

Searching: Patsy Cline: Imagine That

	Patsy Cline: Imagine That - Live [cached]

Searching: Jim Reeves: Adios Amigo

	Jim Reeves: Adios Amigo [cached]

Searching: Ketty Lester: You Can't Lie To A Liar

	Ketty Lester: You Can't Lie to a Liar - Remastered [cached]

Searching: Bobby Darin: I Found A New Baby

	Bobby Darin: I Found a New Baby - 2006 Remaster [cached]

Searching: Connie Francis: Al Di La

	Connie Francis: Al Di Là [cached]

Searching: The Supremes: Let Me Go The Right Way

	The Supremes: Let Me Go The Right Way [cached]

Searching: Ben Colder: Detroit City No. 2
=========> Ben Colder: Detroit City No  2

	 NOT FOUND

Searching: Joan Baez: We Shall Overcome

	Joan Baez: We Shall Overcome - Live [cached]

Searching: Johnny Mathis: I'll Search My Heart

	Johnny Mathis: I'll Search My Heart [cached]

Searching: Clyde McPhatter: Deep In The Heart Of Harlem

	Clyde McPhatter: Deep In The Heart Of Harlem [cached]

Searching: The Drew-Vels: Tell Him

	The Drew-Vels: Tell Him [cached]

Searching: The Marketts: Vanishing Point
=========> Marketts: Vanishing Point

	 NOT FOUND

Searching: B.B. King: Never Trust A Woman

	B.B. King: Never Trust A Woman [cached]

Searching: Hank Williams Jr.: Endless Sleep

	Hank Williams, Jr.: Endless Sleep [cached]

Searching: The Drifters: Chains Of Love

	The Drifters: Chains of Love [cached]

Searching: Sam & Dave: You Don't Know Like I Know

	Sam & Dave: You Don't Know Like I Know [cached]

Searching: The Impressions: Since I Lost The One I Love

	The Impressions: Since I Lost The One I Love [cached]

Searching: The Barbarians: Moulty
=========> Barbarians: Moulty

	 NOT FOUND

Searching: Gerry And The Pacemakers: La La La

	Anisa Rahma And Gerry Mahesa: Luka Lama [cached]

Searching: Nat King Cole: Let Me Tell You, Babe

	Nat King Cole: Let Me Tell You, Babe [cached]

Searching: Jay & The Americans: (He's) Raining In My Sunshine

	Jay & The Americans: (He's) Raining In My Sunshine [cached]

Searching: The Shadows Of Knight: I'm Gonna Make You Mine

	The Shadows Of Knight: I'm Gonna Make You Mine [cached]

Searching: Jimmy Hughes: Why Not Tonight

	Jimmy Hughes: Why Not Tonight [cached]

Searching: Stevie Wonder: Hey Love

	Stevie Wonder: Hey Love [cached]

Searching: Andre Williams: Pearl Time

	Andre Williams: Pearl Time [cached]

Searching: The Magnificent Men: Sweet Soul Medley - Part 1

	The Magnificent Men: Sweet Soul Medley [cached]

Searching: Helena Ferguson: Where Is The Party
=========> Helena Ferguson: Where Is Party

	 NOT FOUND

Searching: Bruce Channel: Mr. Bus Driver

	Bruce Channel: Mr Bus Driver [cached]

Searching: Oscar Toney, Jr.: Without Love (There Is Nothing)

	Oscar Toney, Jr.: Without Love (There Is Nothing) [cached]

Searching: Elvis Presley With The Jordanaires: You'll Never Walk Alone

	Elvis Presley: You'll Never Walk Alone [cached]

Searching: Classics IV: Soul Train

	Classics IV: Soul Train [cached]

Searching: The Hesitations: Climb Every Mountain
=========> Hesitations: Climb Every Mountain

	 NOT FOUND

Searching: Ricardo Ray: Nitty Gritty

	Ricardo Ray Orchestra: Nitty Gritty [cached]

Searching: Brian Hyland: A Million To One

	Brian Hyland: A Million To One [cached]

Searching: Mason Williams: Greensleeves

	Mason Williams: Greensleeves [cached]

Searching: The Moments: Sunday

	The Moments: Sunday [cached]

Searching: Simon Stokes/Nighthawks: Voodoo Woman
=========> Simon Stokes: Voodoo Woman

	 NOT FOUND

Searching: Archie Bell & The Drells: A World Without Music

	Archie Bell & The Drells: A World Without Music [cached]

Searching: Berlin Philharmonic: Theme Music For The Film "2001" A Space Odyssey from Also Sprach Zarathustr
=========> Berlin Philharmonic: Theme Music For Film  2001  A Space Odyssey from Also Sprach Zarathustr

	 NOT FOUND

Searching: Andy Kim: A Friend In The City
=========> Andy Kim: A Friend In City

	 NOT FOUND

Searching: Bobby Womack: More Than I Can Stand

	Bobby Womack: More Than I Can Stand [cached]

Searching: Miss Abrams And The Strawberry Point School Third Grade Class: Mill Valley

	Miss Abrams And The Strawberry Point 4th Grade Class: Mill Valley [cached]

Searching: The Glass House: I Can't Be You (You Can't Be Me)

	Glass House: I Can’t Be You (You Can’t Be Me) [cached]

Searching: Roy Clark: Thank God And Greyhound

	Roy Clark: Thank God and Greyhound [cached]

Searching: The Jazz Crusaders: Way Back Home

	The Jazz Crusaders: Way Back Home [cached]

Searching: Billy Preston: My Sweet Lord

	Billy Preston: My Sweet Lord - Live [cached]

Searching: James Brown: Spinning Wheel (Pt. 1)

	James Brown: Spinning Wheel - Live At Bell Auditorium, Augusta, GA/1969 [cached]

Searching: Merle Haggard And The Strangers: Soldier's Last Letter

	Merle Haggard: Soldier's Last Letter [cached]

Searching: B.B. King: Help The Poor

	B.B. King: Help The Poor [cached]

Searching: Judy Collins: Open The Door (Song For Judith)

	Judy Collins: Song for Judith (Open the Door) [cached]

Searching: Four Tops: A Simple Game

	Four Tops: A Simple Game - Single Version [cached]

Searching: Bang: Questions

	The Bangles: Ask Me No Questions [cached]

Searching: Tommy James: Cat's Eye In The Window

	Tommy James: Cat's Eye In the Window [cached]

Searching: Jamestown Massacre: Summer Sun

	 NOT FOUND

Searching: Stevie Wonder: Keep On Running

	Stevie Wonder: Keep On Running [cached]

Searching: Delbert & Glen: I Received A Letter
=========> Delbert: I Received A Letter

	 NOT FOUND

Searching: Anacostia: On And Off (Part 1)
=========> Anacostia: On And Off

	 NOT FOUND

Searching: Today's People: He

	Today Hits, Chill Out 2017: Your Heart Beat [cached]

Searching: Wilson Pickett: Take A Closer Look At The Woman You're With

	Wilson Pickett: Take a Closer Look at the Woman You're With [cached]

Searching: Tex Ritter: The Americans (A Canadian's Opinion)

	Tex Ritter: The Americans (A Canadian's Opinion) [cached]

Searching: Simon Stokes: Captain Howdy

	 NOT FOUND

Searching: Susan Jacks: You're A Part Of Me

	Susan Jacks: You're a Part of Me [cached]

Searching: Paul Davis: Keep Our Love Alive

	Paul Davis: Keep Our Love Alive - Single Version - 1974 [cached]

Searching: Love Childs Afro Cuban Blues Band: Life And Death In G&A
=========> Love Childs Afro Cuban Blues Band: Life And Death In G A

	 NOT FOUND

Searching: Pilot: Just A Smile

	Pilot: Just a Smile [cached]

Searching: Ohio Players: Rattlesnake

	Ohio Players: Rattlesnake [cached]

Searching: Sweeney Todd: Roxy Roller

	The Nick Gilder Sweeney Todd Group: Roxy Roller [cached]

Searching: Detroit Emeralds: Feel The Need

	The Detroit Emeralds: Feel The Need In Me [cached]

Searching: Eddie Holman: This Will Be A Night To Remember

	Eddie Holman: This Will Be A Night To Remember [cached]

Searching: Donna McDaniel: Save Me

	Donna McDaniel: Save Me [cached]

Searching: Mary Macgregor: For A While

	Mary MacGregor: For a While [cached]

Searching: Continental Miniatures: Stay Awhile

	 NOT FOUND

Searching: Spyro Gyra: Shaker Song

	Spyro Gyra: Shaker Song - Live [cached]

Searching: Patti Smith Group: Frederick

	Patti Smith: Frederick [cached]

Searching: Wayne Newton: You Stepped Into My Life

	 NOT FOUND

Searching: The Isley Brothers: It's A Disco Night (Rock Don't Stop)

	The Isley Brothers: It's a Disco Night (Rock Don't Stop), Pts. 1 & 2 [cached]

Searching: Cindy Bullens: Trust Me

	Cindy Bullens: Trust Me [cached]

Searching: Frankie Valli & Chris Forde: Where Did We Go Wrong

	Frankie Valli: Where Did We Go Wrong [cached]

Searching: Jim Hurt: I Love Women

	 NOT FOUND

Searching: ABBA: On And On And On

	ABBA: On And On And On [cached]

Searching: Debra Laws: Very Special

	Debra Laws: Very Special [cached]

Searching: The Time: Cool (Part 1)

	The Stooges: Real Cool Time - 2019 Remaster [cached]

Searching: Juice Newton: Dirty Looks

	Juice Newton: Dirty Looks [cached]

Searching: J. Blackfoot: Taxi

	J. Blackfoot: Taxi [cached]

Searching: Motley Crue: Too Young To Fall In Love

	Mötley Crüe: Too Young To Fall In Love [cached]

Searching: Randy Bell: Don't Do Me

	Randy Bell: Love Don't Want Me [cached]

Searching: Herb Alpert's Tijuana Brass: Bullish
=========> Herb Alpert s Tijuana Brass: Bullish

	 NOT FOUND

Searching: Atlantic Starr: Freak-A-Ristic

	Atlantic Starr: Freak-A-Ristic [cached]

Searching: Talk Talk: Life's What You Make It

	Talk Talk: Life's What You Make It - 1997 Remaster [cached]

Searching: Laura Branigan: I Found Someone

	Laura Branigan: I Found Someone [cached]

Searching: Isle Of Man: Am I Forgiven

	 NOT FOUND

Searching: Howard Hewett: I'm For Real

	Howard Hewett: I'm for Real [cached]

Searching: Night Ranger: Hearts Away

	Night Ranger: Hearts Away [cached]

Searching: Amazulu: Montego Bay

	Amazulu: Montego Bay [cached]

Searching: Eddie Money: We Should Be Sleeping

	Eddie Money: We Should Be Sleeping [cached]

Searching: Barry Manilow with Kid Creole & The Coconuts: Hey Mambo

	Barry Manilow: Hey Mambo (with Kid Creole & The Coconuts) [cached]

Searching: Fleetwood Mac: Family Man

	Fleetwood Mac: Family Man - 2017 Remaster [cached]

Searching: Paul Carrack: When You Walk In The Room

	Paul Carrack: When You Walk in the Room [cached]

Searching: Book Of Love: Pretty Boys And Pretty Girls

	Book Of Love: Pretty Boys and Pretty Girls - Single Version; 2016 Remaster [cached]

Searching: Glenn Frey: Livin' Right

	Glenn Frey: Livin' Right [cached]

Searching: Tracy Chapman: Crossroads

	Tracy Chapman: Crossroads [cached]

Searching: Sharon Bryant: Foolish Heart

	 NOT FOUND

Searching: Fine Young Cannibals: I'm Not Satisfied

	Fine Young Cannibals: I'm Not Satisfied [cached]

Searching: Betty Boo: Doin' The Do

	Betty Boo: Doin' The Do - 7" Radio Mix [cached]

Searching: Notorious: The Swalk

	Notorious: THE S'WALK [cached]

Searching: Jellybean Featuring Niki Haris: What's It Gonna Be

	Jellybean: What's It Gonna Be - 12" All That Mix [cached]

Searching: Elisa Fiorillo: Oooh This I Need

	 NOT FOUND

Searching: Alias: Perfect World

	Alias: Perfect World [cached]

Searching: UB40: Groovin'

	UB40: Groovin' (Out On Life) [cached]

Searching: Cathy Dennis: Everybody Move

	Cathy Dennis: Everybody Move - 7" Radio Edit [cached]

Searching: Damian Dame: Right Down To It

	Damian Dame: Right Down to It [cached]

Searching: BeBe & CeCe Winans Featuring Mavis Staples: I'll Take You There

	Bebe & Cece Winans: I'll Take You There [cached]

Searching: Erin Cruise: Cold Shower

	 NOT FOUND

Searching: 2 Hyped Brothers & A Dog: Doo Doo Brown

	2 Hyped Brothers & A Dog: Doo Doo Brown [cached]

Searching: Riff: White Men Can't Jump

	Riff: White Men Can't Jump [cached]

Searching: Clubland Featuring Zemya Hamilton: Set Me Free

	Clubland: Set Me Free 2020 - ManyFew Remix (Edit) [cached]

Searching: Home Team: Pick It Up

	The Home Team: Pick It Up [cached]

Searching: Arrested Development: Revolution (From "Malcolm X")

	Arrested Development: Raining Revolution [cached]

Searching: Martha Wash: Give It To You

	Martha Wash: Give It To You [cached]

Searching: Sybil: You're The Love Of My Life/The Love I Lost

	Sybil: You're The Love Of My Life - Remix [cached]

Searching: Aaron Neville: The Grand Tour

	Aaron Neville: The Grand Tour [cached]

Searching: MC Ren: Same Ol' Shit

	Mc Ren: Same Ol' Shit [cached]

Searching: Too $hort: Money In The Ghetto

	Too $hort: Money in the Ghetto [cached]

Searching: Tanya Blount: Through The Rain

	Tanya Blount: Through The Rain [cached]

Searching: Mary Chapin Carpenter: Shut Up And Kiss Me

	Mary Chapin Carpenter: Shut Up and Kiss Me [cached]

Searching: CeCe Peniston: Hit By Love

	CeCe Peniston: Hit By Love [cached]

Searching: Ty Herndon: What Mattered Most

	Ty Herndon: What Mattered Most [cached]

Searching: Intro: Funny How Time Flies

	Intro: Funny How Time Flies [cached]

Searching: Master P: Mr. Ice Cream Man

	Master P: Mr. Ice Cream Man [cached]

Searching: Mista: Lady

	Mista: Lady [cached]

Searching: Metallica: King Nothing

	Metallica: King Nothing [cached]

Searching: Alfonzo Hunter: Weekend Thang

	Alfonzo Hunter: Weekend Thang [cached]

Searching: Teddy Pendergrass: Don't Keep Wasting My Time
=========> Teddy Pendergrass: Don t Keep Wasting My Time

	 NOT FOUND

Searching: Too Short & Lil' Kim: Call Me (From "Booty Call")

	Too $hort: Call Me [cached]

Searching: Leschea: Fulton St.

	Leschea: Fulton St. [cached]

Searching: Beenie Man Featuring Chevelle Franklyn: Dancehall Queen (From "Dancehall Queen")

	Beenie Man: Dancehall Queen (feat. Chevelle Franklyn) [cached]

Searching: Daryle Singletary: The Note

	Daryle Singletary: The Note [cached]

Searching: PRINCE BE & Ky-Mani: Gotta Be...Movin' On Up
=========> PRINCE BE: Gotta Be   Movin  On Up

	 NOT FOUND

Searching: Reiss Featuring Special Guest Michie Mee: Boom Bye Yae
=========> Reiss: Boom Bye Yae

	 NOT FOUND

Searching: Missy "Misdemeanor" Elliott: She's A Bitch
=========> Missy  Misdemeanor  Elliott: She s A Bitch

	 NOT FOUND

Searching: T.W.D.Y. Featuring Too Short & Mac Mall: Players Holiday

	T.W.D.Y.: Player's Holiday [cached]

Searching: Beth Hart: L.A. Song

	Beth Hart: As Long As I Have A Song - Live [cached]

Searching: Joe Diffie: The Quittin' Kind

	Joe Diffie: The Quittin' Kind [cached]

Searching: Snoop Dogg Featuring Tyrese & Mr. Tan: Just A Baby Boy

	Snoop Dogg: Just A Baby Boy - Soundtrack Version [cached]

Searching: Nivea: Don't Mess With The Radio
=========> Nivea: Don t Mess With Radio

	 NOT FOUND

Searching: Heather Headley: He Is

	Heather Headley: He Is [cached]

Searching: Hitman Sammy Sam: Step Daddy

	Hitman Sammy Sam: Step Daddy - Remix [cached]

Searching: Three Days Grace: Home

	Three Days Grace: Home [cached]

Searching: Luis Fonsi: Nada Es Para Siempre

	Luis Fonsi: Nada Es Para Siempre [cached]

Searching: Nine Inch Nails: Only

	Nine Inch Nails: Only [cached]

Searching: Remy Ma: Conceited (There's Something About Remy)

	Remy Ma: Conceited (There's Something About Remy) [cached]

Searching: RKM & Ken-Y: Down
=========> RKM: Down

	 NOT FOUND

Searching: Janet Featuring Khia: So Excited

	Janet Jackson: So Excited [cached]

Searching: Trent Tomlinson: One Wing In The Fire

	Trent Tomlinson: One Wing In The Fire [cached]

Searching: AnnaSophia Robb: Keep Your Mind Wide Open

	AnnaSophia Robb: Keep Your Mind Wide Open - Original Version [cached]

Searching: Jack Johnson: Imagine

	Jack Johnson: Imagine [cached]

Searching: Spice Girls: Headlines (Friendship Never Ends)

	Spice Girls: Headlines (Friendship Never Ends) - Radio Version [cached]

Searching: Carrie Underwood: Do You Hear What I Hear

	Carrie Underwood: Do You Hear What I Hear [cached]

Searching: Plain White T's: Our Time Now

	Plain White T's: Our Time Now [cached]

Searching: Nelly Featuring Ciara & JD: Stepped On My J'z

	Nelly: Stepped On My J'z [cached]

Searching: Ray LaMontagne: You Are The Best Thing

	Ray LaMontagne: You Are the Best Thing [cached]

Searching: Pleasure P: Did You Wrong

	Pleasure P: Did You Wrong [cached]

Searching: Ace Hood Featuring Trey Songz: Ride

	Ace Hood: Rider [cached]

Searching: Miranda Lambert: More Like Her

	Miranda Lambert: More Like Her [cached]

Searching: Birdman Featuring Drake & Lil Wayne: 4 My Town (Play Ball)

	Birdman: 4 My Town (Play Ball) [cached]

Searching: Sam Adams: Driving Me Crazy

	Sammy Adams: Driving Me Crazy [cached]

Searching: Glee Cast Featuring Kristin Chenoweth: Home

	Glee Cast: Home (Glee Cast Version) [cached]

Searching: Chiddy Bang: Opposite Of Adults

	Chiddy Bang: Opposite of Adults [cached]

Searching: My Darkest Days Featuring Zakk Wylde: Porn Star Dancing

	My Darkest Days: Porn Star Dancing [cached]

Searching: Casey Weston: Black Horse And The Cherry Tree

	Casey Weston: Black Horse And The Cherry Tree - The Voice Performance [cached]

Searching: Coldplay: Moving To Mars

	Coldplay: Moving to Mars [cached]

Searching: Tinie Tempah Featuring Wiz Khalifa: Till I'm Gone

	Tinie Tempah: Till I'm Gone (feat. Wiz Khalifa) [cached]

Searching: Lil Wayne: Nightmares Of The Bottom

	Lil Wayne: Nightmares Of The Bottom [cached]

Searching: Glee Cast: Glad You Came

	Glee Cast: Glad You Came (Glee Cast Version) [cached]

Searching: Jennifer Hudson & Ne-Yo Featuring Rick Ross: Think Like A Man

	Jennifer Hudson: Think Like A Man (feat. Rick Ross) [cached]

Searching: Jason Derulo: Undefeated

	Jason Derulo: Undefeated [cached]

Searching: Kid Ink Featuring Meek Mill & Wale: Bad Ass

	Kid Ink: Bad Ass (feat. Meek Mill & Wale) [cached]

Searching: DJ Drama Featuring Wale, Tyga & Roscoe Dash: So Many Girls

	DJ Drama: So Many Girls (feat. Wale, Tyga & Roscoe Dash) [cached]

Searching: Carly Rae Jepsen Featuring Nicki Minaj: Tonight I'm Getting Over You

	Carly Rae Jepsen: Tonight I’m Getting Over You [cached]

Searching: The Swon Brothers: Turn The Page
=========> Swon Brothers: Turn Page

	 NOT FOUND

Searching: Craig Campbell: Outta My Head

	Craig Campbell: Outta My Head [cached]

Searching: Tegan And Sara: Closer

	Tegan and Sara: Closer [cached]

Searching: J. Cole Featuring Amber Coffman & The Cults: She Knows

	J. Cole: She Knows (feat. Amber Coffman & Cults) [cached]

Searching: Brantley Gilbert: 17 Again

	Brantley Gilbert: 17 Again [cached]

Searching: John Mayer: XO

	John Mayer: XO [cached]

Searching: Steve Aoki, Chris Lake & Tujamo Featuring Kid Ink: Delirious (Boneless)

	Steve Aoki: Delirious (Boneless) (feat. Kid Ink) [cached]

Searching: OG Maco Featuring 2 Chainz: U Guessed It

	OG Maco: U Guessed It [cached]

Searching: Glen Campbell: I'm Not Gonna Miss You

	Glen Campbell: I'm Not Gonna Miss You [cached]

Searching: Sam Smith: Have Yourself A Merry Little Christmas

	Sam Smith: Have Yourself A Merry Little Christmas [cached]

Searching: I Prevail: Blank Space

	I Prevail: Blank Space [cached]

Searching: Kevin Gates Featuring August Alsina: I Don't Get Tired (#IDGT)

	Kevin Gates: I Don't Get Tired (#IDGT) (feat. August Alsina) [cached]

Searching: Tech N9Ne Featuring 2 Chainz & B.o.B: Hood Go Crazy

	Tech N9ne: Hood Go Crazy [cached]

Searching: Naughty Boy Featuring Beyonce & Arrow Benjamin: Runnin' (Lose It All)

	Naughty Boy: Runnin' (Lose It All) [cached]

Searching: Justin Bieber: Get Used To It

	Justin Bieber: Get Used To It [cached]

Searching: Jordan Smith & Adam Levine: God Only Knows

	Jordan Smith: God Only Knows - The Voice Performance [cached]

Searching: Kendrick Lamar: Untitled 07 l Levitate

	Kendrick Lamar: untitled 07 | levitate [cached]

Searching: A$AP Ferg Featuring Future: New Level

	A$AP Ferg: New Level (feat. Future) [cached]

Searching: Jacob Sartorius: Sweatshirt

	Jacob Sartorius: Sweatshirt [cached]

Searching: Travis Scott: Beibs In The Trap

	Travis Scott: beibs in the trap [cached]

Searching: Ed Sheeran: Eraser

	Ed Sheeran: Eraser [cached]

Searching: Paramore: Hard Times

	Paramore: Hard Times [cached]

Searching: JAY-Z: Marcy Me

	JAY-Z: Marcy Me [cached]

Searching: Lil Uzi Vert: No Sleep Leak

	Lil Uzi Vert: No Sleep Leak [cached]

Searching: Machine Gun Kelly, X Ambassadors & Bebe Rexha: Home

	Machine Gun Kelly: Home (with Machine Gun Kelly, X Ambassadors & Bebe Rexha) [cached]

Searching: Huncho Jack: Motorcycle Patches

	Huncho Jack: Motorcycle Patches [cached]

Searching: Yo Gotti: Juice

	Yo Gotti: Juice [cached]

Searching: Jason Mraz: Have It All

	Jason Mraz: Have It All [cached]

Searching: Zedd & Elley Duhe: Happy Now

	Zedd: Happy Now [cached]

Searching: Lil Wayne Featuring Nivea: Dope New Gospel

	Lil Wayne: Dope New Gospel (feat. Nivea) [cached]

Searching: P!nk: A Million Dreams

	P!nk: A Million Dreams [cached]

Searching: A Boogie Wit da Hoodie Featuring Juice WRLD: Demons And Angels

	A Boogie Wit da Hoodie: Demons and Angels (feat. Juice WRLD) [cached]

Searching: French Montana Featuring Blueface & Lil Tjay: Slide

	French Montana: Slide (feat. Blueface & Lil Tjay) [cached]

Searching: Marshmello, Tyga & Chris Brown: Light It Up

	Marshmello: Light It Up (with Tyga & Chris Brown) [cached]

Searching: SZA, The Weeknd & Travis Scott: Power Is Power

	SZA: Power is Power (feat. The Weeknd & Travis Scott) [cached]

Searching: Kane Brown: Like A Rodeo

	Kane Brown: Like a Rodeo [cached]

Searching: Beyonce, JAY-Z & Childish Gambino Featuring Oumou Sangare: Mood 4 Eva

	Beyoncé: MOOD 4 EVA (feat. Oumou Sangaré) [cached]

Searching: Kane Brown: For My Daughter

	Kane Brown: For My Daughter [cached]

Searching: Alicia Keys Featuring Miguel: Show Me Love

	Alicia Keys: Show Me Love [cached]

Searching: Olivia Rodrigo: All I Want

	Olivia Rodrigo: All I Want - From "High School Musical: The Musical: The Series" [cached]

Searching: Meek Mill Featuring Justin Timberlake: Believe

	Meek Mill: Believe (feat. Justin Timberlake) [cached]

Searching: Don Toliver: Cardigan

	Don Toliver: Cardigan [cached]

Searching: YoungBoy Never Broke Again Featuring Sherhonda Gaulden: Bout My Business

	YoungBoy Never Broke Again: Bout My Business (feat. Sherhonda Gaulden) [cached]

Searching: Lil Tecca & Polo G Featuring Lil Durk: When You Down

	Lil Tecca: When You Down (with Polo G feat. Lil Durk) [cached]

Searching: Kid Cudi: Sad People

	Kid Cudi: Sad People [cached]

Searching: Playboi Carti: Vamp Anthem

	Playboi Carti: Vamp Anthem [cached]

Searching: Morgan Wallen Featuring Chris Stapleton: Only Thing That's Gone

	Morgan Wallen: Only Thing That’s Gone (feat. Chris Stapleton) [cached]

Searching: 6ix9ine: ZaZa

	6ix9ine: ZAZA [cached]
