Found 326/384 = 85%
58 not found: 
Ralph DeMarco: Old Shep
Janice Harper: Cry Me A River
Phill Wilson: Wishin' On A Rainbow
Patti Page: Broken Heart And A Pillow Filled With Tears
The Duke Of Earl: Walk On With The Duke
The Ventures: The 2,000 Pound Bee (Part 2)
Pat Boone: Meditation (Meditacao)
Dave "Baby" Cortez: Hot Cakes! 1st Serving
Lawrence Welk And His Orchestra: Stockholm
The Shirelles: Are You Still My Baby
The Waikikis: Hawaii Honeymoon
Fontella Bass & Bobby McClure: You'll Miss Me (When I'm Gone)
Peter, Paul & Mary: Early Morning Rain
Ray Charles: You're Just About To Lose Your Clown
Flip Cartridge: Dear Mrs. Applebee
Bill Cosby: Funky North Philly
John W. Anderson presents KaSandra: Don't Pat Me On The Back And Call Me Brother
The Maskman & The Agents: My Wife, My Dog, My Cat
McKinley Travis: Baby, Is There Something On Your Mind
Dunn & McCashen: Alright In The City
Barbara And The Uniques: There It Goes Again
Kenny Rogers & The First Edition: Take My Hand
The Association: Names, Tags, Numbers & Labels
Circus: Stop, Wait & Listen
Tim Moore: Charmer
Nigel Olsson: Only One Woman
Odia Coates: Don't Leave Me In The Morning
Christopher Paul And Shawn: For Your Love
The Choice Four: When You're Young And In Love
Buddy Miles: Rockin' And Rollin' On The Streets Of Hollywood
Baron Stewart: We Been Singin' Songs
Terry Bradshaw: I'm So Lonesome I Could Cry
The Heyettes: The Fonz Song
Marilyn McCoo & Billy Davis, Jr.: I Hope We Get To Love In Time
Gabriel Kaplan: Up Your Nose
Steve Sperry: Flame
Bob Mcgilpin: When You Feel Love
The Blend: I'm Gonna Make You Love Me
La Flavour: Only The Lonely (Have A Reason To Be Sad)
Rufus With Chaka Khan: Sharing The Love
Chubby Checker: Running
Eddie Schwartz: Over The Line
Donnie Iris: Injured In The Game of Love
The J. Geils Band: Fright Night
Secret Ties: Dancin' In My Sleep
The System: Coming To America
Candyman: Nightgown
Charm: Butt Naked
Big Sister: 'Round We Go
Brady Seals: Another You, Another Me
Gyrl: Get Your Groove On (From "Baps")
Lil Bow Wow: Ghetto Girls
Brian McKnight Featuring Jermaine Dupri: Tell Me What's It Gonna Be
Stagga Lee: Roll Wit M.V.P. (We Be Like! The La La Song)
Scotty Emerick With Toby Keith: I Can't Take You Anywhere
Danielle Bradbery: Heads Carolina, Tails California
Danielle Bradbery: Please Remember Me
Quavo, Takeoff & Offset: Too Hotty
--------- log -----------
Searching: The Teddy Bears: Oh Why

	The Teddy Bears: Oh Why ? [cached]

Searching: Spencer & Spencer with the Sonia Pryor Choir: Russian Band Stand

	Spencer: Russian Band Stand [cached]

Searching: The Frantics: Straight Flush

	The Frantics: Straight Flush [cached]

Searching: The Tradewinds: Furry Murray

	The Tradewinds: Furry Murray [cached]

Searching: Clyde McPhatter: Twice As Nice

	Clyde McPhatter: Twice as Nice [cached]

Searching: Joe Damiano: I Cried

	Joe Damiano: I Cried [cached]

Searching: Ralph DeMarco: Old Shep

	 NOT FOUND

Searching: Janice Harper: Cry Me A River

	 NOT FOUND

Searching: The Singing Belles: Someone Loves You, Joe

	The Singing Belles: Someone Loves You Joe [cached]

Searching: Ray Smith: Put Your Arms Around Me Honey

	Ray Smith: Put Your Arms Around Me Honey [cached]

Searching: Ike Clanton: Down The Aisle

	Ike Clanton: Down the Aisle [cached]

Searching: Jessie Hill: Whip It On Me

	Jessie Hill: Whip It on Me [cached]

Searching: Anthony Newley: Do You Mind?

	Anthony Newley: Do You Mind? [cached]

Searching: Jimmy Clanton: Wait

	Jimmy Clanton: Wait [cached]

Searching: Billy Bland: Harmony

	Billy Bland: Harmony [cached]

Searching: Fabian: Kissin' And Twistin'

	Fabian: Kissin' and Twistin' [cached]

Searching: Johnny And The Hurricanes: You Are My Sunshine

	Johnny Cash: You Are My Sunshine [cached]

Searching: Van Dykes: Gift Of Love

	Van Dykes: Gift of Love [cached]

Searching: Etta Jones: Canadian Sunset

	Etta Jones: Canadian Sunset [cached]

Searching: Chuck Jackson: Mr. Pride

	Chuck Jackson: Push Mr. Pride Aside [cached]

Searching: The Strollers: Come On Over

	The Strollers: Come on Over [cached]

Searching: Jerry Wallace: Life's A Holiday

	Jerry Wallace: Life's A Holiday [cached]

Searching: Pat Zill: Pick Me Up On Your Way Down

	Pat Zill: Pick Me up on Your Way Down [cached]

Searching: Jack Scott: A Little Feeling (Called Love)

	Jack Scott: A Little Feeling [cached]

Searching: Phill Wilson: Wishin' On A Rainbow
=========> Phill Wilson: Wishin  On A Rainbow

	 NOT FOUND

Searching: Rusty Draper: Signed, Sealed And Delivered

	Rusty Draper: Signed, Sealed And Delivered [cached]

Searching: Patti Page: Broken Heart And A Pillow Filled With Tears

	 NOT FOUND

Searching: The Spinners: Love (I'm So Glad) I Found You

	The Spinners: I Found Love (When I Found You) [cached]

Searching: The Platters: It's Magic

	The Platters: Goodnight Sweetheart (It's Time To Go) [cached]

Searching: Anita & Th' So-And-So's: Joey Baby

	Anita & The So-And-So's: Joey Baby [cached]

Searching: Ray Charles & Betty Carter: Baby It's Cold Outside

	Ray Charles: Baby, It's Cold Outside [cached]

Searching: The Duke Of Earl: Walk On With The Duke
=========> Duke Of Earl: Walk On With Duke

	 NOT FOUND

Searching: Maureen Gray: Dancin' The Strand

	Maureen Gray: Dancing the Strand [cached]

Searching: Cathy Carroll: Poor Little Puppet

	Cathy Carroll: Poor Little Puppet [cached]

Searching: The Castells: Oh! What It Seemed To Be

	The Castells: Oh! What It Seemed To Be [cached]

Searching: Ray Stevens: Further More

	Ray Stevens: Further More [cached]

Searching: Don & Juan: Magic Wand

	Don & Juan: Don & Juan-Magic Wand [cached]

Searching: Dobie Gray: Look At Me

	Dobie Gray: Look at Me [cached]

Searching: Burl Ives: The Same Old Hurt

	Burl Ives: The Same Old Hurt [cached]

Searching: Dean Martin: From The Bottom Of My Heart (Dammi, Dammi, Dammi)

	Dean Martin: From the Bottom of My Heart [cached]

Searching: Shep And The Limelites: Remember Baby

	Shep: Remember Baby [cached]

Searching: The Duprees: I'd Rather Be Here In Your Arms

	The Duprees: I'd Rather Be Here In Your Arms [cached]

Searching: The Ventures: The 2,000 Pound Bee (Part 2)
=========> Ventures: 2 000 Pound Bee

	 NOT FOUND

Searching: Pat Boone: Meditation (Meditacao)
=========> Pat Boone: Meditation

	 NOT FOUND

Searching: Dave "Baby" Cortez: Hot Cakes! 1st Serving
=========> Dave  Baby  Cortez: Hot Cakes  1st Serving

	 NOT FOUND

Searching: The Cascades: Shy Girl

	The Cascades: Shy Girl [cached]

Searching: Ronnie Carroll: Say Wonderful Things

	Ronnie Carroll: Say Wonderful Things [cached]

Searching: Jim Reeves: Guilty

	Jim Reeves: Guilty [cached]

Searching: Jack Nitzsche: Rumble

	Jack Nitzsche: Rumble - Bonus Track [cached]

Searching: Bobby Bland: The Feeling Is Gone

	Bobby "Blue" Bland: The Feeling Is Gone - Single Version [cached]

Searching: Hank Jacobs: So Far Away

	Hank Jacobs: So Far Away [cached]

Searching: Inez Foxx: Ask Me

	Inez Foxx: Ask Me [cached]

Searching: Lawrence Welk And His Orchestra: Stockholm
=========> Lawrence Welk: Stockholm

	 NOT FOUND

Searching: Bill Black's Combo: Tequila

	Bill Black's Combo: Tequila [cached]

Searching: Dean And Jean: I Wanna Be Loved

	Dean & Jean: I Wanna Be Loved [cached]

Searching: The Paris Sisters: Dream Lover

	The Paris Sisters: Dream Lover [cached]

Searching: The Enchanters: I Wanna Thank You

	The Enchanters: I Wanna Thank You [cached]

Searching: The Rag Dolls: Society Girl

	The Rag Dolls: Society Girl [cached]

Searching: Jerry Lee Lewis: High Heel Sneakers

	Jerry Lee Lewis: High Heel Sneakers - Live At The Municipal Auditorium, Birmingham, Alabama/1964 [cached]

Searching: Sonny James: You're The Only World I Know

	Sonny James: You're The Only World I Know [cached]

Searching: The Shangri-Las: Maybe

	The Shangri-Las: Maybe [cached]

Searching: The Shirelles: Are You Still My Baby
=========> Shirelles: Are You Still My Baby

	 NOT FOUND

Searching: Mitty Collier: No Faith, No Love

	Mitty Collier: No Faith, No Love [cached]

Searching: P.J. Proby: Somewhere

	P.J. Proby: Somewhere [cached]

Searching: Dusty Springfield: Losing You

	Dusty Springfield: Losing You - Mono Version [cached]

Searching: Jimmy McCracklin: Every Night, Every Day

	Jimmy McCracklin: Every Night, Every Day [cached]

Searching: The Waikikis: Hawaii Honeymoon
=========> Waikikis: Hawaii Honeymoon

	 NOT FOUND

Searching: Radiants: It Ain't No Big Thing

	The Radiants: It Ain't No Big Thing [cached]

Searching: Peter, Paul & Mary: When The Ship Comes In

	Peter, Paul and Mary: When the Ship Comes In [cached]

Searching: Fontella Bass & Bobby McClure: You'll Miss Me (When I'm Gone)
=========> Fontella Bass: You ll Miss Me

	 NOT FOUND

Searching: Major Lance: Ain't It A Shame

	Major Lance: Ain't It a Shame [cached]

Searching: Jimmy Dean: The First Thing Ev'ry Morning (And The Last Thing Ev'ry Night)

	Jimmy Dean & The Chuck Cassey Singers: The First Thing Ev'ry Morning (And The Last Thing Ev'ry Night) [cached]

Searching: The Drifters: Follow Me

	The Drifters: Follow Me [cached]

Searching: The Duprees: Around The Corner

	The Duprees: Around the Corner [cached]

Searching: Horst Jankowski: Simpel Gimpel

	Horst Jankowski: Simpel-Gimpel [cached]

Searching: Chuck Jackson & Maxine Brown: Can't Let You Out Of My Sight

	Chuck Jackson: Can't Let You Out Of My Sight [cached]

Searching: Peter, Paul & Mary: Early Morning Rain
=========> Peter  Paul: Early Morning Rain

	 NOT FOUND

Searching: Chad & Jeremy: I Have Dreamed

	Chad & Jeremy: I Have Dreamed - Single Version [cached]

Searching: The Brothers Four: Try To Remember

	The Brothers Four: Try to Remember [cached]

Searching: Lowell Fulsom: Black Nights

	Lowell Fulson: Black Nights [cached]

Searching: Ben E. King: Goodnight My Love

	Ben E. King: Goodnight My Love, Pleasant Dreams [cached]

Searching: Barbara Lewis: Don't Forget About Me

	Barbara Lewis: Don't Forget About Me [cached]

Searching: Ray Charles: You're Just About To Lose Your Clown
=========> Ray Charles: You re Just About To Lose Your Clown

	 NOT FOUND

Searching: The Impressions: Too Slow

	The Impressions: Too Slow [cached]

Searching: Paul Peek: Pin The Tail On The Donkey

	Paul Peek: Pin The Tail On The Donkey [cached]

Searching: The Righteous Brothers: He Will Break Your Heart

	The Righteous Brothers: He Will Break Your Heart - Single Version [cached]

Searching: Dave "Baby" Cortez: Count Down

	Dave "Baby" Cortez: Count Down Pt. 2 [cached]

Searching: Len Barry: It's That Time Of The Year

	Len Barry: It's That Time Of The Year [cached]

Searching: Ray Stevens: Freddie Feelgood (And His Funky Little Five Piece Band)

	Ray Stevens: Freddie Feelgood (and His Funky Little Five Piece Band) [cached]

Searching: Flip Cartridge: Dear Mrs. Applebee
=========> Flip Cartridge: Dear Mrs  Applebee

	 NOT FOUND

Searching: The Shindogs: Who Do You Think You Are

	The Shindogs: Who Do You Think You Are [cached]

Searching: Billy Joe Royal: Campfire Girls

	Billy Joe Royal: Campfire Girls [cached]

Searching: The Shadows Of Knight: Bad Little Woman

	The Shadows Of Knight: Bad Little Woman [cached]

Searching: Los Bravos: Going Nowhere

	Los Bravos: Going Nowhere - Remasterizado [cached]

Searching: Little Milton: Feel So Bad

	Little Milton: I Feel So Bad [cached]

Searching: Jackie Wilson: Just Be Sincere

	Jackie Wilson: Just Be Sincere [cached]

Searching: Chuck Jackson & Maxine Brown: Hold On I'm Coming

	Chuck Jackson: Hold On I'm Coming [cached]

Searching: Tommy Roe: Sing Along With Me

	Tommy Roe: Sing Along With Me [cached]

Searching: Chuck Jackson & Maxine Brown: Daddy's Home

	Chuck Jackson: Daddy's Home [cached]

Searching: Claudine Longet: Hello, Hello

	Claudine Longet: Hello, Hello [cached]

Searching: Soul Brothers Six: Some Kind Of Wonderful

	The Soul Brothers Six: Some Kind of Wonderful - 2012 Remaster [cached]

Searching: Bobby Powell: Why (Am I Treated So Bad)

	Bobby Powell: Why Am I Treated so Bad [cached]

Searching: The Johnny Mann Singers: Up-Up And Away

	The Johnny Mann Singers: Up Up and Away [cached]

Searching: Percy Sledge: What Am I Living For

	Percy Sledge: What Am I Living For [cached]

Searching: Brian Hyland: Get The Message

	Brian Hyland: Get The Message [cached]

Searching: The Bar-Kays: Give Everybody Some

	The Bar-Kays: Give Everybody Some [cached]

Searching: Tony Bennett: For Once In My Life

	Tony Bennett: For Once in My Life (with Marc Anthony) [cached]

Searching: Eddy Arnold: Here Comes Heaven

	Eddy Arnold: Here Comes Heaven [cached]

Searching: Johnny Cash: Rosanna's Going Wild

	Johnny Cash: Rosanna's Going Wild [cached]

Searching: George Torrence & The Naturals: (Mama Come Quick, and Bring Your) Lickin' Stick

	George Torrence and The Natural: Lickin Stick [cached]

Searching: Bill Cosby: Funky North Philly

	 NOT FOUND

Searching: Vikki Carr: Your Heart Is Free Just Like The Wind

	Vikki Carr: Your Heart Is Free Just Like The Wind [cached]

Searching: Fever Tree: San Francisco Girls (Return of the Native)

	Fever Tree: San Francisco Girls [cached]

Searching: Wes Montgomery: Georgia On My Mind

	Wes Montgomery: Georgia On My Mind [cached]

Searching: The Soul Clan: Soul Meeting

	Soul Clan: Soul Meeting [cached]

Searching: The Irish Rovers: The Biplane, Ever More

	The Irish Rovers: The Biplane, Ever More [cached]

Searching: Willie Mitchell: Up-Hard

	Willie Mitchell: Up-Hard [cached]

Searching: John W. Anderson presents KaSandra: Don't Pat Me On The Back And Call Me Brother
=========> John W  Anderson presents KaSandra: Don t Pat Me On Back And Call Me Brother

	 NOT FOUND

Searching: Five Stairsteps & Cubie: Stay Close To Me

	The 5 Stairsteps: Stay Close to Me [cached]

Searching: The Esquires: You've Got The Power

	The Esquires: You've Got the Power [cached]

Searching: The Lovin' Spoonful: Me About You

	The Lovin' Spoonful: Me About You [cached]

Searching: Connie Francis: The Wedding Cake

	Connie Francis: The Wedding Cake [cached]

Searching: Dusty Springfield: Breakfast In Bed

	Dusty Springfield: Breakfast In Bed [cached]

Searching: Dion: From Both Sides Now

	Dion: From Both Sides Now [cached]

Searching: The Maskman & The Agents: My Wife, My Dog, My Cat
=========> Maskman: My Wife  My Dog  My Cat

	 NOT FOUND

Searching: Orpheus: Brown Arms In Houston

	Orpheus: Brown Arms In Houston [cached]

Searching: Bobby Bland: Gotta Get To Know You

	Bobby "Blue" Bland: Gotta Get To Know You - Single Version [cached]

Searching: The Moody Blues: Never Comes The Day

	The Moody Blues: Never Comes The Day [cached]

Searching: Quicksilver Messenger Service: Who Do You Love

	Quicksilver Messenger Service: Who Do You Love - Pt. 1 [cached]

Searching: Charley Pride: All I Have To Offer You (Is Me)

	Charley Pride: All I Have to Offer You (Is Me) [cached]

Searching: The Turtles: Love In The City

	The Turtles: Love In the City [cached]

Searching: Willie Henderson And The Soul Explosions: Funky Chicken (Part 1)

	Willie Henderson And The Soul Explosions: Funky Chicken, Part 1 [cached]

Searching: Bee Gees: If Only I Had My Mind On Something Else

	Bee Gees: If I Only Had My Mind On Something Else [cached]

Searching: Wilson Pickett: Cole, Cooke & Redding

	Wilson Pickett: Cole, Cooke & Redding [cached]

Searching: Jackie Wilson: Let This Be A Letter (To My Baby)

	Jackie Wilson: Let This Be A Letter (To My Baby) [cached]

Searching: The Brooklyn Bridge: Down By The River

	The Brooklyn Bridge: Down By the River [cached]

Searching: McKinley Travis: Baby, Is There Something On Your Mind
=========> McKinley Travis: Baby  Is There Something On Your Mind

	 NOT FOUND

Searching: The Main Ingredient: I'm Better Off Without You

	The Main Ingredient: I'm Better Off Without You [cached]

Searching: Dunn & McCashen: Alright In The City
=========> Dunn: Alright In City

	 NOT FOUND

Searching: Barbara And The Uniques: There It Goes Again
=========> Barbara: There It Goes Again

	 NOT FOUND

Searching: Derek & The Dominos: Bell Bottom Blues

	Derek & The Dominos: Bell Bottom Blues [cached]

Searching: Funkadelic: You And Your Folks, Me And My Folks

	Funkadelic: You and Your Folks, Me and My Folks [cached]

Searching: Kenny Rogers & The First Edition: Take My Hand
=========> Kenny Rogers: Take My Hand

	 NOT FOUND

Searching: Sonny James: Bright Lights, Big City

	Sonny James: Bright Lights, Big City [cached]

Searching: Jethro Tull: Hymn 43

	Jethro Tull: Hymn 43 [cached]

Searching: Detroit Emeralds: Wear This Ring (With Love)

	The Detroit Emeralds: Wear This Ring (With Love) [cached]

Searching: Billie Sans: Solo

	Billie Sans: Solo [cached]

Searching: Jody Miller: Baby, I'm Yours

	Jody Miller: Baby I'm Yours [cached]

Searching: O.C. Smith: Help Me Make It Through The Night

	O.C. Smith: Help Me Make It Through The Night [cached]

Searching: Johnny Paycheck: She's All I Got

	Johnny Paycheck: She's All I Got [cached]

Searching: Bobby Sherman: Together Again

	Bobby Sherman: Together Again [cached]

Searching: Scott English: Brandy

	Scott English: Brandy [cached]

Searching: Chicory: Son Of My Father

	Chicory Tip: Son Of My Father [cached]

Searching: Kenny Rogers & The First Edition: School Teacher

	Kenny Rogers & The First Edition: School Teacher [cached]

Searching: Jim Capaldi: Eve

	Jim Capaldi: Eve [cached]

Searching: Janis Joplin: Down On Me

	Janis Joplin: Down On Me (excerpt) [1968 KTVU TV Broadcast San Francisco] [cached]

Searching: Albert Hammond: Down By The River

	Albert Hammond: Down By The River [cached]

Searching: Jerry Butler & Brenda Lee Eager: (They Long To Be) Close To You

	Jerry Butler: (They Long To Be) Close To You [cached]

Searching: Tim Davis: Buzzy Brown

	Tim Davis: Buzzy Brown [cached]

Searching: National Lampoon: Deteriorata

	National Lampoon: Deteriorata [cached]

Searching: Joe Simon: Misty Blue

	Joe Simon: Misty Blue [cached]

Searching: Kris Kristofferson: Jesus Was A Capricorn

	Kris Kristofferson: Jesus Was A Capricorn (Owed To John Prine) [cached]

Searching: Uriah Heep: Blind Eye/Sweet Lorraine

	Uriah Heep: Blind Eye - 2017 Remastered [cached]

Searching: Grateful Dead: Sugar Magnolia

	Grateful Dead: Sugar Magnolia - 2013 Remaster [cached]

Searching: Albert King: Breaking Up Somebody's Home

	Albert King: Breaking Up Somebody's Home [cached]

Searching: The Association: Names, Tags, Numbers & Labels
=========> Association: Names  Tags  Numbers   Labels

	 NOT FOUND

Searching: Circus: Stop, Wait & Listen
=========> Circus: Stop  Wait   Listen

	 NOT FOUND

Searching: King Harvest: A Little Bit Like Magic

	King Harvest: A Little Bit Like Magic [cached]

Searching: The Spinners: Together We Can Make Such Sweet Music

	The Spinners: Together We Can Make Such Sweet Music [cached]

Searching: The Delfonics: I Don't Want To Make You Wait

	The Delfonics: I Don't Want To Make You Wait - Rerecorded [cached]

Searching: Neil Diamond: The Long Way Home

	Neil Diamond: The Long Way Home [cached]

Searching: Engelbert Humperdinck: Love Is All

	Engelbert Humperdinck: Love Is All [cached]

Searching: Uriah Heep: Stealin'

	Uriah Heep: Stealin' [cached]

Searching: Tower Of Power: What Is Hip?

	Tower Of Power: What Is Hip? [cached]

Searching: Jerry Reed: The Crude Oil Blues

	Jerry Reed: The Crude Oil Blues [cached]

Searching: Deep Purple: Might Just Take Your Life

	Deep Purple: Might Just Take Your Life - Remastered 2005 [cached]

Searching: Johnny Nash: Loving You

	Johnny Nash: Loving You [cached]

Searching: Lena Zavaroni: Ma! (He's Making Eyes At Me)

	Lena Zavaroni: Ma! (He's Making Eyes At Me) [cached]

Searching: Bobby Bland: Ain't No Love In The Heart Of The City

	Bobby "Blue" Bland: Ain't No Love In The Heart Of The City - Single Version [cached]

Searching: Golden Earring: Candy's Going Bad

	Golden Earring: Candy's Going Bad [cached]

Searching: Rod Stewart: Mine For Me

	Rod Stewart: Mine For Me [cached]

Searching: The Tymes: Ms. Grace

	The Tymes: Ms. Grace [cached]

Searching: Margie Joseph: Words (are Impossible)

	Margie Joseph: Words (Are Impossible) [cached]

Searching: Tim Moore: Charmer

	 NOT FOUND

Searching: Carl Carlton: Smokin' Room

	Carl Carlton: Smokin' Room [cached]

Searching: Nigel Olsson: Only One Woman

	 NOT FOUND

Searching: Bobby Womack: Check It Out

	Bobby Womack: Check It Out - Single Edit [cached]

Searching: Odia Coates: Don't Leave Me In The Morning
=========> Odia Coates: Don t Leave Me In Morning

	 NOT FOUND

Searching: Barbara Mason: Shackin' Up

	Barbara Mason: Shackin' Up [cached]

Searching: Albert Hammond: 99 Miles From L.a.

	Albert Hammond: 99 Miles from L.A. [cached]

Searching: Nektar: Astral Man

	Nektar: Astral Man [cached]

Searching: Shirley Caesar: No Charge

	Shirley Caesar: No Charge [cached]

Searching: Shirley And Company: Cry Cry Cry

	Shirley Brown: You're Gonna Make Me Cry - Live [cached]

Searching: Christopher Paul And Shawn: For Your Love
=========> Christopher Paul: For Your Love

	 NOT FOUND

Searching: The Choice Four: When You're Young And In Love
=========> Choice Four: When You re Young And In Love

	 NOT FOUND

Searching: Ray Charles: Living For The City

	Ray Charles: Living for the City

Searching: Buddy Miles: Rockin' And Rollin' On The Streets Of Hollywood
=========> Buddy Miles: Rockin  And Rollin  On Streets Of Hollywood

	 NOT FOUND

Searching: Baron Stewart: We Been Singin' Songs
=========> Baron Stewart: We Been Singin  Songs

	 NOT FOUND

Searching: Billy Swan: Everything's The Same (Ain't Nothing Changed)

	Billy Swan: Everything's the Same (Ain't Nothing Changed) [cached]

Searching: U.S. 1: Bye Bye Baby

	Tom Urie: Bye Bye Baby - Reflective Mix [cached]

Searching: MFSB: The Zip

	MFSB: The Zip [cached]

Searching: Houston Person: Disco Sax/for The Love Of You

	Houston Person: Disco Sax [cached]

Searching: C.C. & Company: Daydreamer

	The Company: Hey Daydreamer [cached]

Searching: The Charlie Daniels Band: Texas

	The Charlie Daniels Band: Texas [cached]

Searching: Anne Murray: The Call

	Anne Murray: The Call [cached]

Searching: Terry Bradshaw: I'm So Lonesome I Could Cry
=========> Terry Bradshaw: I m So Lonesome I Could Cry

	 NOT FOUND

Searching: The Heyettes: The Fonz Song
=========> Heyettes: Fonz Song

	 NOT FOUND

Searching: Melba Moore: This Is It

	Melba Moore: This Is It [cached]

Searching: Marilyn McCoo & Billy Davis, Jr.: I Hope We Get To Love In Time
=========> Marilyn McCoo: I Hope We Get To Love In Time

	 NOT FOUND

Searching: Cate Bros.: Can't Change My Heart

	Cate Brothers: Can't Change My Heart [cached]

Searching: Whirlwind: Full Time Thing (Between Dusk And Dawn)

	Whirlwind: Full Time Thing (Between Dusk & Dawn) [cached]

Searching: Ted Nugent: Dog Eat Dog

	Ted Nugent: Dog Eat Dog [cached]

Searching: The Glitter Band: Makes You Blind

	The Glitter Band: Makes You Blind [cached]

Searching: Major Harris: Laid Back Love

	Major Harris: Laid Back Love [cached]

Searching: Gabriel Kaplan: Up Your Nose

	 NOT FOUND

Searching: L.T.D.: Love To The World

	Sly and Lovechild: The World According To Sly and Lovechild (Andrew Weatherall Mix) - Mixed [cached]

Searching: ZZ Top: Arrested For Driving While Blind

	ZZ Top: Arrested for Driving While Blind [cached]

Searching: Steve Sperry: Flame

	 NOT FOUND

Searching: Philadelphia International All Stars: Let's Clean Up The Ghetto

	The Philadelphia International All-Stars: Let's Clean Up the Ghetto [cached]

Searching: Greg Lake: C'est La Vie

	Greg Lake: C'est La Vie - Live [cached]

Searching: Jane Olivor: Some Enchanted Evening

	Jane Olivor: Some Enchanted Evening [cached]

Searching: Eloise Laws: 1,000 Laughs

	Eloise Laws: 1,000 Laughs [cached]

Searching: LeBlanc & Carr: Midnight Light

	LeBlanc And Carr: Midnight Light - 2013 Japan Remaster [cached]

Searching: Climax Blues Band: Makin' Love

	Climax Blues Band: Makin' Love - Remastered [cached]

Searching: Bob Mcgilpin: When You Feel Love

	 NOT FOUND

Searching: El Coco: Dancing In Paradise

	El Coco: Dancing In Paradise [cached]

Searching: Dan Hill: Let The Song Last Forever

	Dan Hill: Let the Song Last Forever [cached]

Searching: The Blend: I'm Gonna Make You Love Me
=========> Blend: I m Gonna Make You Love Me

	 NOT FOUND

Searching: Tasha Thomas: Shoot Me (With Your Love)

	Tasha Thomas: Shoot Me (With Your Love) - LP / 12" Version [cached]

Searching: Dan Hartman: This Is It

	Dan Hartman: This Is It [cached]

Searching: T.M.G.: Lazy Eyes

	The Backbeats: Got My Lazy Eyes On You [cached]

Searching: Tim Curry: I Do The Rock

	Tim Curry: I Do The Rock [cached]

Searching: Steve Martin: Cruel Shoes

	Steve Martin: Cruel Shoes - From the Book "Cruel Shoes" [cached]

Searching: Triumph: I Can Survive

	Triumph: I Can Survive [cached]

Searching: La Flavour: Only The Lonely (Have A Reason To Be Sad)
=========> La Flavour: Only Lonely

	 NOT FOUND

Searching: The 4 Seasons: Spend The Night In Love

	Frankie Valli & The Four Seasons: Spend The Night In Love [cached]

Searching: Molly Hatchet: The Rambler

	Molly Hatchet: The Rambler [cached]

Searching: Slave: Snap Shot

	Slave: Snap Shot [cached]

Searching: Rufus With Chaka Khan: Sharing The Love
=========> Rufus: Sharing Love

	 NOT FOUND

Searching: Chubby Checker: Running

	 NOT FOUND

Searching: Eddie Schwartz: Over The Line
=========> Eddie Schwartz: Over Line

	 NOT FOUND

Searching: Nona Hendryx: Keep It Confidential

	Nona Hendryx: Keep It Confidential [cached]

Searching: Big Ric: Take Away

	Big Rich: Take Me Away [cached]

Searching: Modern English: Hands Across The Sea

	Modern English: Hands Across the Sea [cached]

Searching: Donnie Iris: Injured In The Game of Love
=========> Donnie Iris: Injured In Game of Love

	 NOT FOUND

Searching: Dave Edmunds: High School Nights

	Dave Edmunds: High School Nights [cached]

Searching: Dolly Parton (Duet With Kenny Rogers): Real Love

	Dolly Parton: Real Love [cached]

Searching: The J. Geils Band: Fright Night
=========> J  Geils Band: Fright Night

	 NOT FOUND

Searching: Scritti Politti: Wood Beez (Pray Like Aretha Franklin)

	Scritti Politti: Wood Beez [cached]

Searching: Joe Cocker: Shelter Me

	Joe Cocker: Shelter Me [cached]

Searching: Talking Heads: Once In A Lifetime

	Talking Heads: Once in a Lifetime - 2005 Remaster [cached]

Searching: ABC: Vanity Kills

	ABC: Vanity Kills [cached]

Searching: Secret Ties: Dancin' In My Sleep
=========> Secret Ties: Dancin  In My Sleep

	 NOT FOUND

Searching: Tesla: Little Suzi

	Tesla: Little Suzi [cached]

Searching: Chicago: Niagara Falls

	Chicago: Niagara Falls - 2009 Remaster [cached]

Searching: Simon F: American Dream

	Michel Simone: Any Other Name (from American Beauty) [cached]

Searching: Honeymoon Suite: Love Changes Everything

	Honeymoon Suite: Love Changes Everything [cached]

Searching: S-Express: Theme From S-Express

	S'Express: Theme from S-Express [cached]

Searching: Jimmy Barnes: Too Much Ain't Enough Love

	Jimmy Barnes: Too Much Ain't Enough Love [cached]

Searching: The System: Coming To America
=========> System: Coming To America

	 NOT FOUND

Searching: Paul Carrack: Button Off My Shirt

	Paul Carrack: Button off My Shirt [cached]

Searching: Gardner Cole: Live It Up

	Gardner Cole: Live It Up [cached]

Searching: Ivan Neville: Falling Out Of Love

	Ivan Neville: Falling Out Of Love [cached]

Searching: TKA: You Are The One

	TKA: You Are the One [cached]

Searching: Special Generation: Love Me Just For Me

	Special Generation: Love Me Just For me [cached]

Searching: Candyman: Nightgown

	 NOT FOUND

Searching: Smokey Robinson: Double Good Everything

	Smokey Robinson: Double Good Everything [cached]

Searching: T.P.E.: Then Came You

	T.P.E.: Then Came You [cached]

Searching: Charm: Butt Naked

	 NOT FOUND

Searching: Glenn Frey: I've Got Mine

	Glenn Frey: I've Got Mine [cached]

Searching: Lo-Key?: Sweet On U

	Lo-Key?: Sweet On U [cached]

Searching: The Jeff Healey Band: Lost In Your Eyes

	The Jeff Healey Band: Lost In Your Eyes [cached]

Searching: MC Nas-D & DJ Fred: Gold Diggin' Girls

	MC Nas-D: Gold Diggin' Girls - Album Version (Edited) [cached]

Searching: Blackgirl: Krazy

	Blackgirl: Krazy [cached]

Searching: The Knack: My Sharona (From "Reality Bites")

	The Knack: My Sharona [cached]

Searching: Nas: It Ain't Hard To Tell

	Nas: It Ain't Hard to Tell [cached]

Searching: Neal McCoy: Wink

	Neal McCoy: Wink [cached]

Searching: The Rolling Stones: Love Is Strong

	The Rolling Stones: Love Is Strong [cached]

Searching: The Tractors: The Santa Claus Boogie

	The Tractors: The Santa Claus Boogie [cached]

Searching: Lost Boyz: Lifestyles Of The Rich And Shameless

	Lost Boyz: Lifestyles Of The Rich And Shameless [cached]

Searching: Grand Puba: I Like It (I Wanna Be Where You Are)

	Grand Puba: I Like It (I Wanna Be Where You Are) [cached]

Searching: Subway: Fire

	Subwayghost: 42nd Street [cached]

Searching: Big Sister: 'Round We Go
=========> Big Sister: Round We Go

	 NOT FOUND

Searching: Silk: Don't Rush

	Silk: Don't Rush [cached]

Searching: Brady Seals: Another You, Another Me
=========> Brady Seals: Another You  Another Me

	 NOT FOUND

Searching: Merril Bainbridge: Under The Water

	Merril Bainbridge: Under The Water [cached]

Searching: Robin S.: It Must Be Love

	Robin S: It Must Be Love [cached]

Searching: Gyrl: Get Your Groove On (From "Baps")
=========> Gyrl: Get Your Groove On

	 NOT FOUND

Searching: Michael Jackson: Stranger In Moscow

	Michael Jackson: Stranger in Moscow [cached]

Searching: M:G: Sweet Honesty

	M.G: Sweet Honesty [cached]

Searching: John Michael Montgomery: Cover You In Kisses

	John Michael Montgomery: Cover You In Kisses [cached]

Searching: Foxy Brown: Hot Spot

	Foxy Brown: Hot Spot [cached]

Searching: Tori Amos: Bliss

	Tori Amos: Bliss [cached]

Searching: Kelly Price & Friends: Love Sets You Free

	Kelly Price: Love Sets You Free [cached]

Searching: Funkmaster Flex Featuring DMX: Do You

	Funkmaster Flex Presents The Flip Squad: Yes Ya'll You Don't Stop - Original Mix [cached]

Searching: Lil Bow Wow: Ghetto Girls

	 NOT FOUND

Searching: Ian Van Dahl Featuring Marsha: Castles In The Sky

	Ian van Dahl: Castles In The Sky - Radio Mix [cached]

Searching: Brian McKnight Featuring Jermaine Dupri: Tell Me What's It Gonna Be
=========> Brian McKnight: Tell Me What s It Gonna Be

	 NOT FOUND

Searching: TRUSTcompany: Downfall

	TRUSTcompany: Downfall [cached]

Searching: Kylie Minogue: Come Into My World

	Kylie Minogue: Come into My World - Radio Edit [Radio Edit] [cached]

Searching: Stagga Lee: Roll Wit M.V.P. (We Be Like! The La La Song)
=========> Stagga Lee: Roll Wit M V P

	 NOT FOUND

Searching: Scotty Emerick With Toby Keith: I Can't Take You Anywhere
=========> Scotty Emerick: I Can t Take You Anywhere

	 NOT FOUND

Searching: Kylie Minogue: Slow

	Kylie Minogue: Slow [cached]

Searching: R. Kelly: In The Kitchen

	R. Kelly: In the Kitchen [cached]

Searching: Blaine Larsen: How Do You Get That Lonely

	Blaine Larsen: How Do You Get That Lonely [cached]

Searching: Jesse McCartney: She's No You

	Jesse McCartney: She's No You [cached]

Searching: Pitbull: Bojangles

	Pitbull: Bojangles (Remix) [cached]

Searching: Timbaland Featuring Justin Timberlake: Release

	Timbaland: Release [cached]

Searching: Miley Cyrus: G.N.O. (Girl's Night Out)

	Miley Cyrus: G.N.O. - Girl's Night Out [cached]

Searching: Michael Cera & Ellen Page: Anyone Else But You

	Michael Cera: Anyone Else but You - From "Juno" [cached]

Searching: Seether: Rise Above This

	Seether: Rise Above This [cached]

Searching: Ingrid Michaelson: Be OK

	Ingrid Michaelson: Be OK [cached]

Searching: Enrique Iglesias: Lloro Por Ti

	Enrique Iglesias: Lloro Por Ti - Remix [cached]

Searching: Avant: When It Hurts

	Avant: When It Hurts [cached]

Searching: MGMT: Kids

	MGMT: Kids [cached]

Searching: Mat Kearney: Closer To Love

	Mat Kearney: Closer to Love [cached]

Searching: Creed: Rain

	Creedence Clearwater Revival: Have You Ever Seen The Rain [cached]

Searching: Lil Wayne Featuring Shanell AKA SNL: American Star

	Lil Wayne: American Star [cached]

Searching: Tim McGraw: Still

	Tim McGraw: Still [cached]

Searching: Hannah Montana: Ordinary Girl

	Hannah Montana: Ordinary Girl [cached]

Searching: Diddy - Dirty Money Featuring Drake: Loving You No More

	Diddy - Dirty Money: Loving You No More [cached]

Searching: A Rocket To The Moon: Like We Used To

	A Rocket To The Moon: Like We Used To [cached]

Searching: Natasha Bedingfield: Strip Me

	Natasha Bedingfield: Strip Me [cached]

Searching: Joe Nichols: The Shape I'm In

	Joe Nichols: The Shape I'm In [cached]

Searching: Florence + The Machine: What The Water Gave Me

	Florence + The Machine: What The Water Gave Me [cached]

Searching: Glee Cast: Run The World (Girls)

	Glee Cast: Run The World (Girls) (Glee Cast Version) [cached]

Searching: Roscoe Dash: Good Good Night

	Roscoe Dash: Good Good Night [cached]

Searching: Lana Del Rey: Video Games

	Lana Del Rey: Video Games - Remastered [cached]

Searching: Tyga: Make It Nasty

	Tyga: Make It Nasty - Party Favor Remix [cached]

Searching: Glee Cast: The Scientist

	Glee Cast: The Scientist (Glee Cast Version) [cached]

Searching: Taylor Swift: Stay Stay Stay

	Taylor Swift: All You Had To Do Was Stay [cached]

Searching: Kid Cudi: King Wizard

	Kid Cudi: King Wizard [cached]

Searching: Glee Cast: Let Me Love You (Until You Learn To Love Yourself)

	Glee Cast: Let Me Love You (Until You Learn To Love Yourself) (Glee Cast Version) [cached]

Searching: Danielle Bradbery: Heads Carolina, Tails California
=========> Danielle Bradbery: Heads Carolina  Tails California

	 NOT FOUND

Searching: Danielle Bradbery: Please Remember Me

	 NOT FOUND

Searching: JAY-Z: Picasso Baby

	JAY-Z: Picasso Baby [cached]

Searching: Avril Lavigne: Rock N Roll

	Avril Lavigne: Rock N Roll [cached]

Searching: Charli XCX: Break The Rules

	Charli XCX: Break the Rules [cached]

Searching: Kendrick Lamar Featuring George Clinton & Thundercat: Wesley's Theory

	Kendrick Lamar: Wesley's Theory [cached]

Searching: Action Bronson Featuring Chance The Rapper: Baby Blue

	Action Bronson: Baby Blue (feat. Chance the Rapper) [cached]

Searching: Ludacris Featuring Miguel: Good Lovin

	Ludacris: Good Lovin [cached]

Searching: Meek Mill Featuring Future: Jump Out The Face

	Meek Mill: Jump Out the Face (feat. Future) [cached]

Searching: The Weeknd Featuring Ed Sheeran: Dark Times

	The Weeknd: Dark Times [cached]

Searching: Parmalee: Already Callin' You Mine

	Parmalee: Already Callin' You Mine [cached]

Searching: Chris Brown: Little More (Royalty)

	Chris Brown: Little More (Royalty) [cached]

Searching: Future: Stick Talk

	Future: Stick Talk [cached]

Searching: twenty one pilots: Cancer

	Twenty One Pilots: Cancer [cached]

Searching: Solange Featuring Sampha: Don't Touch My Hair

	Solange: Don't Touch My Hair (feat. Sampha) [cached]

Searching: Future: Super Trapper

	Future: Super Trapper [cached]

Searching: Bryson Tiller: Run Me Dry

	Bryson Tiller: Run Me Dry [cached]

Searching: Zedd & Liam Payne: Get Low

	Zedd: Get Low (with Liam Payne) [cached]

Searching: Romeo Santos: Imitadora

	Romeo Santos: Imitadora [cached]

Searching: XXXTENTACION: Depression & Obsession

	XXXTENTACION: Depression & Obsession [cached]

Searching: Lil Uzi Vert: Dark Queen

	Lil Uzi Vert: Dark Queen [cached]

Searching: Maren Morris Featuring Vince Gill: Dear Hate

	Maren Morris: Dear Hate (feat. Vince Gill) [cached]

Searching: Quavo, Takeoff & Offset: Too Hotty
=========> Quavo  Takeoff: Too Hotty

	 NOT FOUND

Searching: Jake Paul Featuring Team 10: It's Everyday Bro

	Jake Paul: It's Everyday Bro [cached]

Searching: Kendrick Lamar: Black Panther

	Kendrick Lamar: Black Panther [cached]

Searching: Joyner Lucas & Chris Brown: Stranger Things

	Joyner Lucas: Stranger Things [cached]

Searching: Mac Miller: Come Back To Earth

	Mac Miller: Come Back to Earth [cached]

Searching: Lil Yachty Featuring Juice WRLD: Yacht Club

	Lil Yachty: Yacht Club [cached]

Searching: Lil Baby: Global

	Lil Baby: Global [cached]

Searching: Gunna: Speed It Up

	Gunna: Speed It Up [cached]

Searching: Juice WRLD: Flaws And Sins

	Juice WRLD: Flaws And Sins [cached]

Searching: PnB Rock & XXXTENTACION: Middle Child

	PnB Rock: MIDDLE CHILD [cached]

Searching: Bazzi: Paradise

	Bazzi: Paradise [cached]

Searching: DJ Khaled Featuring Meek Mill & Lil Baby: Weather The Storm

	DJ Khaled: Weather the Storm (feat. Meek Mill & Lil Baby) [cached]

Searching: John Rich Featuring The Five: Shut Up About Politics

	John Rich: Shut up About Politics [cached]

Searching: Nicky Jam X Ozuna: Te Robare

	Nicky Jam: Te Robaré [cached]

Searching: Mac Miller: Surf

	Mac Miller: Surf [cached]

Searching: Lil Baby & Young Thug: We Should

	Lil Baby: We Should (feat. Young Thug) [cached]

Searching: Lil Durk: Viral Moment

	Lil Durk: Viral Moment [cached]

Searching: Chase Rice: Lonely If You Are

	Chase Rice: Lonely If You Are [cached]

Searching: Anitta Featuring Cardi B & Myke Towers: Me Gusta

	Anitta: Me Gusta (with Cardi B & Myke Towers) [cached]

Searching: Machine Gun Kelly: Drunk Face

	Machine Gun Kelly: drunk face [cached]

Searching: 21 Savage & Metro Boomin: Said N Done

	21 Savage: Said N Done [cached]

Searching: Kid Cudi: Damaged

	Kid Cudi: Damaged [cached]

Searching: Lil Durk: Kanye Krazy

	Lil Durk: Kanye Krazy [cached]

Searching: Justin Bieber: Somebody

	Justin Bieber: Somebody [cached]

Searching: Cico P: Tampa

	Cico P: Tampa [cached]

Searching: Rod Wave Featuring Kodak Black: Get Ready

	Rod Wave: Get Ready (feat. Kodak Black) [cached]

Searching: Lil Wayne Featuring Rich The Kid: Feelin Like Tunechi
=========> Lil Wayne: Feelin Like Tunechi

	Lil Wayne: Feelin' Like Tunechi

Searching: Oliver Tree: Life Goes On

	Oliver Tree: Life Goes On

Searching: Coldplay X Selena Gomez: Let Somebody Go
=========> Coldplay: Let Somebody Go

	Coldplay: Let Somebody Go
