Found 269/336 = 80%
67 not found: 
Fats Domino: Coquette
Ivory Joe Hunter: City Lights
Scott Garrett: A House Of Love
Thomas Wayne With the Delons: Eternally
David Hill: Living Doll
Ray Conniff His Orchestra And Chorus: Midnight Lace - Part I
Perry Como: You're Following Me
Sleepy King: Pushin' Your Luck
The Furys: Zing! Went The Strings Of My Heart
Ray Charles and his Orchestra: The Brightest Smile In Town
Charlie Russo: Preacherman
Mongo Santamaria Orch.: Yeh-Yeh!
King Curtis: Do The Monkey
The Crampton Sisters: I Didn't Know What Time It Was
Chuck Jackson: Hand It Over
Gene Chandler: Soul Hootenanny (Pt. I)
Reparata And The Delrons: Tommy
Leon Hayward: She's With Her Other Love
The Ides Of March: Roller Coaster
The In Crowd: Questions And Answers
Dee Dee Warwick: When Love Slips Away
Perry Como: Stop! And Think It Over
Freddie McCoy: Peas 'N' Rice
Ray Charles: Listen, They're Playing My Song
Gene Pitney: Billy You're My Friend
Tompall & The Glaser Brothers: California Girl (And The Tennessee Square)
Blinky & Edwin Starr: Oh How Happy
The Vogues: Green Fields
The New Establishment: (One Of These Days) Sunday's Gonna' Come On Tuesday
Wilson Pickett: You Keep Me Hanging On
Jack Wild: Some Beautiful
Lally Stott: Chirpy Chirpy, Cheep Cheep
The Dillards: It's About Time
Runt-Todd Rundgren: A Long Time, A Long Way To Go
The Intruders: I Bet He Don't Love You (Like I Love You)
Tommy Roe: Mean Little Woman, Rosalie
Mary Hopkin: Knock Knock Who's There
Martin Mull and Orchestra: Dueling Tubas
Gary & Dave: Could You Ever Love Me Again
Andy & David Williams: What's Your Name
Randy Edelman: Everybody Wants To Find A Bluebird
Billy Thunderkloud & The Chieftones: What Time Of Day
Reparata: Shoes
Ellison Chase: Let's Rock
Bumble Bee Unlimited: Love Bug
The Hues Corporation: I Caught Your Act
Tom Powers: It Ain't Love
AWB: Walk On By
Eric Troyer: Mirage
Wayne Massey: One Life To Live
Silverado: Ready For Love
Greg Guidry: Into My Love
Double Image: Night Pulse
One To One: Angel In My Pocket
Onyx: Shifftee
Skin Deep Featuring Li'l Kim Of Junior M.A.F.I.A.: No More Games
Billy Lawrence: Up & Down
David Cook: Eleanor Rigby
Sam Palladio & Clare Bowen: Fade Into You
Danielle Bradbery: Maybe It Was Memphis
Amber Carrington: Sad
Michelle Chamuel: Why
Josh Kaufman: Stay With Me
Matt McAndrew: Take Me To Church
Meghan Linsey: Change My Mind
Barrett Baber: I'd Just Love To Lay You Down
Lauren Duski: The Dance
--------- log -----------
Searching: Ray Price: Invitation To The Blues

	Ray Price: Invitation to the Blues [cached]

Searching: Fats Domino: Young School Girl

	Fats Domino: Young School Girl [cached]

Searching: Lee Allen And His Band: Tic Toc

	Lee Allen: Tic Toc [cached]

Searching: Bill Doggett: Hold It

	Bill Doggett: Hold It [cached]

Searching: Fats Domino: Coquette

	 NOT FOUND

Searching: Ivory Joe Hunter: City Lights

	 NOT FOUND

Searching: Scott Garrett: A House Of Love

	 NOT FOUND

Searching: Jerry Wallace: A Touch Of Pink

	Jerry Wallace: A Touch of Pink - Remastered [cached]

Searching: Thomas Wayne With the Delons: Eternally
=========> Thomas Wayne: Eternally

	 NOT FOUND

Searching: Ritchie Valens: Little Girl

	Ritchie Valens: Little Girl [cached]

Searching: Kathy Linden: You Don't Know Girls

	Kathy Linden: You Don't Know Girls (Original Mix) [cached]

Searching: David Hill: Living Doll

	 NOT FOUND

Searching: Nat King Cole: Whatcha' Gonna Do

	Nat King Cole: Whatcha' Gonna Do - Instrumental [cached]

Searching: Johnny Cash: Honky-Tonk Girl

	Johnny Cash: Honky Tonk Girl [cached]

Searching: Ray Conniff His Orchestra And Chorus: Midnight Lace - Part I
=========> Ray Conniff His Orchestra: Midnight Lace

	 NOT FOUND

Searching: Annette With The Afterbeats: Talk To Me Baby

	Annette Funicello: Talk to Me Baby [cached]

Searching: Nina Simone: Trouble In Mind

	Nina Simone: Trouble In Mind [cached]

Searching: Debbie Dean: Don't Let Him Shop Around

	Debbie Dean: Don't Let Him Shop Around - Single Version [cached]

Searching: The Flamingos: Kokomo

	The Flamingos: Kokomo [cached]

Searching: Hank Ballard And The Midnighters: The Float

	Hank Ballard: The Float [cached]

Searching: Mary Ann Fisher: I Can't Take It

	Mary Ann Fisher: I Can't Take It [cached]

Searching: The Capris: Girl In My Dreams

	The Capris: Girl in My Dreams [cached]

Searching: Bill Black's Combo: Honky Train

	Bill Black's Combo: Honky Train [cached]

Searching: Matt Monro: Why Not Now

	Matt Monro: Why Not Now [cached]

Searching: Perry Como: You're Following Me
=========> Perry Como: You re Following Me

	 NOT FOUND

Searching: Jim Reeves: (How Can I Write On Paper) What I Feel In My Heart

	Jim Reeves: How Can I Write on Paper (What I Feel In My Heart) [cached]

Searching: Sleepy King: Pushin' Your Luck
=========> Sleepy King: Pushin  Your Luck

	 NOT FOUND

Searching: Troy Shondell: Island In The Sky

	Troy Shondell: Island In The Sky [cached]

Searching: Tommy Hunt: The Door Is Open

	Tommy Hunt: The Door Is Open [cached]

Searching: Freddy Cannon: Teen Queen Of The Week

	Freddy Cannon: Teen Queen Of The Week [cached]

Searching: Bobby Vee: I Can't Say Goodbye

	Bobby Vee: I Can't Say Goodbye [cached]

Searching: Al Casey Combo: Cookin'

	Al Casey Combo: Cookin' [cached]

Searching: Ace Cannon: Sugar Blues

	Ace Cannon: Sugar Blues [cached]

Searching: Bill Black's Combo: -twistin'-White Silver Sands

	Bill Black's Combo: Twistin' White Silver Sands [cached]

Searching: Dinah Washington: Dream

	Dinah Washington: Make Believe Dreams - Single Version [cached]

Searching: Aretha Franklin: Don't Cry, Baby

	Aretha Franklin: Don't Cry, Baby - Original Mix [cached]

Searching: Gary U.S. Bonds: Copy Cat

	Gary U.S. Bonds: Copy Cat [cached]

Searching: Bobby Curtola: Aladdin

	Bobby Curtola: Aladdin [cached]

Searching: Kay Starr: Four Walls

	Kay Starr: Four Walls [cached]

Searching: Mr. Acker Bilk: Limelight

	MR. ACKER BILK WITH THE LEON YOUNG STRING CHORALE: Limelight [cached]

Searching: The Furys: Zing! Went The Strings Of My Heart
=========> Furys: Zing  Went Strings Of My Heart

	 NOT FOUND

Searching: Ray Charles and his Orchestra: The Brightest Smile In Town
=========> Ray Charles: Brightest Smile In Town

	 NOT FOUND

Searching: Charlie Russo: Preacherman

	 NOT FOUND

Searching: Dinah Washington: Soulville

	Dinah Washington: Soulville [cached]

Searching: Tony Bennett: Spring In Manhattan

	Tony Bennett: Spring in Manhattan [cached]

Searching: Mongo Santamaria Orch.: Yeh-Yeh!
=========> Mongo Santamaria Orch: Yeh

	 NOT FOUND

Searching: T.K. Hulin: I'm Not A Fool Anymore

	T.K. Hulin: I'm Not A Fool Anymore [cached]

Searching: King Curtis: Do The Monkey
=========> King Curtis: Do Monkey

	 NOT FOUND

Searching: Nat King Cole: Mr. Wishing Well

	Nat King Cole: Mr. Wishing Well [cached]

Searching: Jack Jones: Toys In The Attic

	Jack Jones: Toys In The Attic [cached]

Searching: The Shirelles: It's A Mad, Mad, Mad, Mad World

	The Shirelles: It's A Mad Mad Mad Mad World [cached]

Searching: Lena Horne: Now!

	Lena Horne: Now [cached]

Searching: Dee Clark: Crossfire Time

	Dee Clark: Crossfire Time [cached]

Searching: The Crystals: Little Boy

	The Crystals: Little Boy [cached]

Searching: The Crampton Sisters: I Didn't Know What Time It Was
=========> Crampton Sisters: I Didn t Know What Time It Was

	 NOT FOUND

Searching: Skeeter Davis: How Much Can A Lonely Heart Stand

	Skeeter Davis: How Much Can A Lonely Heart Stand [cached]

Searching: Chuck Jackson: Hand It Over

	 NOT FOUND

Searching: Cliff Richard: I'm The Lonely One

	Cliff Richard: I'm The Lonely One [cached]

Searching: Gene Chandler: Soul Hootenanny (Pt. I)
=========> Gene Chandler: Soul Hootenanny

	 NOT FOUND

Searching: Rufus & Carla: That's Really Some Good

	Rufus & Carla: That's Really Some Good [cached]

Searching: The Beatles: Four By The Beatles

	The Beatles: A Beginning (Take 4) / Don’t Pass Me By (Take 7) [cached]

Searching: Elvis Presley: Viva Las Vegas

	Elvis Presley: Viva Las Vegas [cached]

Searching: Lenny Welch: If You See My Love

	Lenny Welch: If you see my love [cached]

Searching: The New Christy Minstrels: Silly Ol' Summertime

	The New Christy Minstrels: Silly Old Summertime [cached]

Searching: Buck Owens: I Don't Care (Just As Long As You Love Me)

	Buck Owens: I Don't Care (Just As Long As You Love Me) - 2006 Remastered Version [cached]

Searching: The Mustangs: The Dartell Stomp

	The Mustangs: Dartell Stomp [cached]

Searching: Solomon Burke: Yes I Do

	Solomon Burke: Yes I Do [cached]

Searching: The Chartbusters: Why (Doncha Be My Girl)

	Robin Lane & The Chartbusters: Why Do You Tell Lies [cached]

Searching: The Tymes: Here She Comes

	The Tymes: Here She Comes [cached]

Searching: James Brown And The Famous Flames: Have Mercy Baby

	James Brown & The Famous Flames: Have Mercy Baby [cached]

Searching: Jimmy Cross: I Want My Baby Back

	Jimmy Cross: I Want My Baby Back [cached]

Searching: Gene Chandler: You Can't Hurt Me No More

	Gene Chandler: You Can't Hurt Me No More [cached]

Searching: Reparata And The Delrons: Tommy
=========> Reparata: Tommy

	 NOT FOUND

Searching: Carla Thomas: Stop! Look What You're Doing

	Carla Thomas: Stop! Look What You're Doing [cached]

Searching: Gene Chandler: Good Times

	Gene Chandler: Gonna Be Good Times [cached]

Searching: Jimmy Smith With Kenny Burrell And Grady Tate: The Organ Grinder's Swing

	Jimmy Smith: The Organ Grinder's Swing [cached]

Searching: Roger Williams: Autumn Leaves - 1965

	Roger Williams: Autumn Leaves [cached]

Searching: Little Richard: I Don't Know What You've Got But It's Got Me - Part I

	Little Richard: I Don't Know What You've Got But It's Got Me [cached]

Searching: Leon Hayward: She's With Her Other Love
=========> Leon Hayward: She s With Her Other Love

	 NOT FOUND

Searching: Andy Williams: Quiet Nights Of Quiet Stars

	Andy Williams: Quiet Nights of Quiet Stars (Corcovado) [cached]

Searching: The Manhattans: Follow Your Heart

	The Manhattans: Follow Your Heart [cached]

Searching: Jimmy McCracklin: My Answer

	Jimmy McCracklin: My Answer [cached]

Searching: The Elgins: Put Yourself In My Place

	The Elgins: Put Yourself In My Place [cached]

Searching: The Newbeats: Shake Hands (And Come Out Crying)

	The Newbeats: Shake Hands ( and Come Out Crying ) [cached]

Searching: Willie Mitchell: Bad Eye

	Willie Mitchell: Bad Eye [cached]

Searching: Steve Alaimo: So Much Love

	Steve Alaimo: So Much Love [cached]

Searching: Pozo Seco Singers: I'll Be Gone

	Pozo Seco Singers: I'll Be Gone [cached]

Searching: The Ides Of March: Roller Coaster
=========> Ides Of March: Roller Coaster

	 NOT FOUND

Searching: Anthony & The Imperials: It's Not The Same

	Little Anthony & The Imperials: It's Not The Same [cached]

Searching: The Rationals: Respect

	The Rationals: Respect [cached]

Searching: The In Crowd: Questions And Answers
=========> In Crowd: Questions And Answers

	 NOT FOUND

Searching: Lou Rawls: Trouble Down Here Below

	Lou Rawls: Trouble Down Here Below [cached]

Searching: The Fascinations: Girls Are Out To Get You

	The Fascinations: Girls Are Out To Get You [cached]

Searching: 2 Of Clubs: Walk Tall

	2 Of Clubs: Walk Tall Like A Man [cached]

Searching: Aaron Neville: She Took You For A Ride

	Aaron Neville: She Took You For A Ride [cached]

Searching: Buck Owens and The Buckaroos: Sam's Place

	Buck Owens: Sam's Place [cached]

Searching: Dee Dee Warwick: When Love Slips Away

	 NOT FOUND

Searching: The McCoys: Beat The Clock

	The McCoys: Beat The Clock [cached]

Searching: Elvis Presley With The Jordanaires: That's Someone You Never Forget

	Elvis Presley: That's Someone You Never Forget [cached]

Searching: Perry Como: Stop! And Think It Over
=========> Perry Como: Stop  And Think It Over

	 NOT FOUND

Searching: The Elgins: It's Been A Long Long Time

	The Elgins: It's Been A Long Long Time - Single Version [cached]

Searching: Barbra Streisand: Stout-Hearted Men

	Barbra Streisand: Stout-Hearted Men (From the Musical Production "The New Moon") [cached]

Searching: Jack Jones: Our Song

	Jack Jones: Our Song [cached]

Searching: Freddie McCoy: Peas 'N' Rice
=========> Freddie McCoy: Peas  N  Rice

	 NOT FOUND

Searching: Jesse James: Believe In Me Baby - Part I

	Jesse James: Believe In Me Baby [cached]

Searching: Eddie Floyd: On A Saturday Night

	Eddie Floyd: On A Saturday Night - Single Version [cached]

Searching: Leon Haywood: Mellow Moonlight

	Leon Haywood: Mellow Moonlight [cached]

Searching: Ruby Andrews: Hey Boy Take A Chance On Love

	Ruby Andrews: Hey Boy (Take a Chance on Love) [cached]

Searching: Jack Jones: If You Ever Leave Me

	Jack Jones: If You Ever Leave Me [cached]

Searching: Troy Keyes: Love Explosion

	Troy Keyes: Love Explosion [cached]

Searching: Perry Como: The Father Of Girls

	Perry Como: The Father of Girls [cached]

Searching: The Delfonics: He Don't Really Love You

	The Delfonics: He Don't Really Love You [cached]

Searching: Blue Cheer: Just A Little Bit

	Blue Cheer: Just a Little Bit (Redux) [cached]

Searching: Dino, Desi & Billy: Tell Someone You Love Them

	Dino, Desi & Billy: Tell Someone That You Love Them [cached]

Searching: Ray Charles: Listen, They're Playing My Song
=========> Ray Charles: Listen  They re Playing My Song

	 NOT FOUND

Searching: Gene Pitney: Billy You're My Friend
=========> Gene Pitney: Billy You re My Friend

	 NOT FOUND

Searching: Porter Wagoner: The Carroll County Accident

	Porter Wagoner: The Carroll County Accident [cached]

Searching: Sonny James: Only The Lonely

	Sonny James: Only The Lonely [cached]

Searching: The Dells: Hallways Of My Mind

	The Dells: Hallways of My Mind [cached]

Searching: Sam & Dave: Born Again

	Sam & Dave: Born Again [cached]

Searching: Tompall & The Glaser Brothers: California Girl (And The Tennessee Square)
=========> Tompall: California Girl

	 NOT FOUND

Searching: Ola & The Janglers: Let's Dance

	Ola & The Janglers: Let's Dance [cached]

Searching: Ed Ames: Son Of A Travelin' Man

	Ed Ames: Son of a Travelin' Man [cached]

Searching: The Chambers Brothers: Wake Up

	The Chambers Brothers: Wake Up - from the motion picture "The April Fools" [cached]

Searching: Bobby Vee: Let's Call It A Day Girl

	Bobby Vee: Let's Call It A Day Girl [cached]

Searching: Blinky & Edwin Starr: Oh How Happy
=========> Blinky: Oh How Happy

	 NOT FOUND

Searching: The Vogues: Green Fields
=========> Vogues: Green Fields

	 NOT FOUND

Searching: The New Establishment: (One Of These Days) Sunday's Gonna' Come On Tuesday
=========> New Establishment: Sunday s Gonna  Come On Tuesday

	 NOT FOUND

Searching: Wilson Pickett: You Keep Me Hanging On

	 NOT FOUND

Searching: Johnny Winter: Johnny B. Goode

	Johnny Winter: Johnny B. Goode - Live at The Woodstock Music & Art Fair, August 18, 1969 [cached]

Searching: Merle Haggard And The Strangers: The Fightin' Side Of Me

	Merle Haggard: The Fightin' Side Of Me [cached]

Searching: The Box Tops: You Keep Tightening Up On Me

	The Box Tops: You Keep Tightening Up On Me - Digitally Remastered: 1996 [cached]

Searching: Jack Wild: Some Beautiful

	 NOT FOUND

Searching: Elton John: Border Song

	Elton John: Border Song - Remastered 2016 [cached]

Searching: Laura Nyro: Up On The Roof

	Laura Nyro: Up on the Roof [cached]

Searching: Tammy Wynette: Run, Woman, Run

	Tammy Wynette: Run, Woman, Run [cached]

Searching: Little Anthony And The Imperials: Help Me Find A Way (To Say I Love You)

	Little Anthony & The Imperials: Help Me Find A Way (To Say I Love You) [cached]

Searching: The Allman Brothers Band: Revival (Love Is Everywhere)

	Allman Brothers Band: Revival [cached]

Searching: The Dells: The Glory Of Love

	The Dells: The Glory Of Love [cached]

Searching: Mac Davis: Beginning To Feel The Pain

	Mac Davis: Beginning To Feel The Pain [cached]

Searching: Lally Stott: Chirpy Chirpy, Cheep Cheep
=========> Lally Stott: Chirpy Chirpy  Cheep Cheep

	 NOT FOUND

Searching: Cissy Houston: Be My Baby

	Cissy Houston: Be My Baby [cached]

Searching: The Dillards: It's About Time
=========> Dillards: It s About Time

	 NOT FOUND

Searching: Runt-Todd Rundgren: A Long Time, A Long Way To Go
=========> Runt Todd Rundgren: A Long Time  A Long Way To Go

	 NOT FOUND

Searching: Yvonne Elliman: Everything's Alright

	Yvonne Elliman: Everything's Alright [cached]

Searching: The Intruders: I Bet He Don't Love You (Like I Love You)
=========> Intruders: I Bet He Don t Love You

	 NOT FOUND

Searching: Donnie Elbert: Sweet Baby

	Donnie Elbert: Sweet Baby [cached]

Searching: Faron Young: It's Four In The Morning

	Faron Young: It's Four in the Morning [cached]

Searching: Charley Pride with Henry Mancini: All His Children

	Charley Pride: All His Children [cached]

Searching: B.B. King: I Got Some Help I Don't Need

	B.B. King: I Got Some Outside Help I Don't Need [cached]

Searching: The Temptations: Mother Nature

	The Temptations: Mother Nature [cached]

Searching: Stephen Stills-Manassas: Rock And Roll Crazies

	Stephen Stills: Rock and Roll Crazies / Cuban Bluegrass [cached]

Searching: Tommy Roe: Mean Little Woman, Rosalie
=========> Tommy Roe: Mean Little Woman  Rosalie

	 NOT FOUND

Searching: Sammy Davis, Jr. with The Mike Curb Congregation: The People Tree

	Sammy Davis Jr.: The People Tree [cached]

Searching: Mary Hopkin: Knock Knock Who's There
=========> Mary Hopkin: Knock Knock Who s There

	 NOT FOUND

Searching: Martin Mull and Orchestra: Dueling Tubas
=========> Martin Mull: Dueling Tubas

	 NOT FOUND

Searching: The Chi-lites: My Heart Just Keeps On Breakin'

	The Chi-Lites: My Heart Just Keeps On Breaking [cached]

Searching: Foster Sylvers: Hey, Little Girl

	Foster Sylvers: Hey Little Girl [cached]

Searching: Spirit: Mr. Skin

	Spirit: Mr. Skin [cached]

Searching: Gary & Dave: Could You Ever Love Me Again
=========> Gary: Could You Ever Love Me Again

	 NOT FOUND

Searching: The Who: The Real Me

	The Who: The Real Me [cached]

Searching: The Whispers: A Mother For My Children

	The Whispers: A Mother for My Children [cached]

Searching: Dr. John: (everybody Wanna Get Rich) Rite Away

	Dr. John: (Everybody Wanna Get Rich) Rite Away [cached]

Searching: Andy & David Williams: What's Your Name
=========> Andy: What s Your Name

	 NOT FOUND

Searching: Perry Como: Christmas Dream

	Perry Como: Christmas Dream [cached]

Searching: Sister Sledge: Love Don't You Go Through No Changes On Me

	Sister Sledge: Love Don't You Go Through No Changes on Me [cached]

Searching: Randy Edelman: Everybody Wants To Find A Bluebird

	 NOT FOUND

Searching: Lea Roberts: All Right Now

	Lea Roberts: All Right Now [cached]

Searching: The Main Ingredient: Rolling Down A Mountainside

	The Main Ingredient: Rolling Down a Mountainside [cached]

Searching: Billy Thunderkloud & The Chieftones: What Time Of Day
=========> Billy Thunderkloud: What Time Of Day

	 NOT FOUND

Searching: Reparata: Shoes

	 NOT FOUND

Searching: Isaac Hayes: Chocolate Chip

	Isaac Hayes: Chocolate Chip - Vocal [cached]

Searching: Joe Simon: Music In My Bones

	Joe Simon: Music in My Bones [cached]

Searching: Graham Central Station: It's Alright

	Graham Central Station: It's Alright [cached]

Searching: Country Joe McDonald: Breakfast For Two

	Country Joe McDonald: Breakfast For Two [cached]

Searching: Barry White: Baby, We Better Try To Get It Together

	Barry White: Baby We Better Try To Get It Together [cached]

Searching: Ellison Chase: Let's Rock
=========> Ellison Chase: Let s Rock

	 NOT FOUND

Searching: Bumble Bee Unlimited: Love Bug

	 NOT FOUND

Searching: The Hues Corporation: I Caught Your Act
=========> Hues Corporation: I Caught Your Act

	 NOT FOUND

Searching: Frank Lucas: Good Thing Man

	Frank Lucas: The Original Good Thing Man [cached]

Searching: Soul Train Gang: My Cherie Amour

	Soul Train Gang: My Cherie Amour [cached]

Searching: Tom Powers: It Ain't Love
=========> Tom Powers: It Ain t Love

	 NOT FOUND

Searching: Van Morrison: Moondance

	Van Morrison: Moondance - 2013 Remaster [cached]

Searching: The Alan Parsons Project: Don't Let It Show

	The Alan Parsons Project: Don't Let It Show [cached]

Searching: Brick: Ain't Gonna' Hurt Nobody

	Brick: Ain't Gonna Hurt Nobody [cached]

Searching: Talking Heads: Psycho Killer

	Talking Heads: Psycho Killer - 2005 Remaster [cached]

Searching: Barbara Mandrell: Woman To Woman

	Barbara Mandrell: Woman To Woman [cached]

Searching: Belle Epoque: Miss Broadway

	Belle Epoque: Miss Broadway [cached]

Searching: Genya Ravan: Back In My Arms Again

	Genya Ravan: Back in My Arms Again [cached]

Searching: Prince: Soft And Wet

	Prince: Soft and Wet [cached]

Searching: Liner: You And Me

	Luxury Liner: Just Between You and Me [cached]

Searching: AWB: Walk On By

	 NOT FOUND

Searching: Ellen Foley: What's A Matter Baby

	Ellen Foley: What's a Matter Baby [cached]

Searching: Breathless: Takin' It Back

	Breathless: Takin' It Back [cached]

Searching: Eric Troyer: Mirage

	 NOT FOUND

Searching: Wayne Massey: One Life To Live

	 NOT FOUND

Searching: Silverado: Ready For Love

	 NOT FOUND

Searching: The Kinks: Better Things

	The Kinks: Better Things - Single Version [cached]

Searching: Grover Washington, Jr.: Be Mine (Tonight)

	Grover Washington, Jr.: Be Mine (Tonight) (feat. Grady Tate) [cached]

Searching: Greg Guidry: Into My Love

	 NOT FOUND

Searching: Double Image: Night Pulse

	 NOT FOUND

Searching: Minor Detail: Canvas Of Life

	Minor Detail: Canvas of Life [cached]

Searching: Robin George: Heartline

	Robin George: Heartline [cached]

Searching: Anne Murray: Now And Forever (You And Me)

	Anne Murray: Now And Forever (You And Me) [cached]

Searching: Greg Kihn: Love And Rock And Roll

	Greg Kihn: Love And Rock And Roll [cached]

Searching: One To One: Angel In My Pocket

	 NOT FOUND

Searching: The Smithereens: Only A Memory

	The Smithereens: Only A Memory [cached]

Searching: J.J. Fad: Is It Love

	J.J. Fad: Is It Love [cached]

Searching: Paul McCartney: Figure Of Eight

	Paul McCartney: Figure Of Eight - Remastered 2017 [cached]

Searching: Bonnie Raitt: Nick Of Time

	Bonnie Raitt: Nick Of Time [cached]

Searching: Faith No More: Falling To Pieces

	Faith No More: Falling to Pieces [cached]

Searching: Paul Simon: The Obvious Child

	Paul Simon: The Obvious Child [cached]

Searching: Troy Newman: Love Gets Rough

	Troy Newman: Love Gets Rough [cached]

Searching: Stevie Wonder: Gotta Have You (From "Jungle Fever")

	Stevie Wonder: Gotta Have You [cached]

Searching: Tom Petty And The Heartbreakers: Into The Great Wide Open

	Tom Petty and the Heartbreakers: Into The Great Wide Open [cached]

Searching: Billy Joel: All Shook Up (From "Honeymoon In Vegas")

	Billy Joel: All Shook Up [cached]

Searching: SWV: Right Here

	SWV: Right Here - Human Nature Radio Mix [cached]

Searching: N2Deep: Toss-Up

	N2DEEP: Toss Up [cached]

Searching: Brand Nubian: Love Me Or Leave Me Alone

	Brand Nubian: Love Me or Leave Me Alone [cached]

Searching: Hi-Five: Unconditional Love (From "Menace II Society")

	Hi-Five: Unconditional Love [cached]

Searching: New Order: World (The Price Of Love)

	New Order: World in Motion [cached]

Searching: Onyx: Shifftee

	 NOT FOUND

Searching: Erick Sermon: Stay Real

	Erick Sermon: Stay Real [cached]

Searching: Elton John & RuPaul: Don't Go Breaking My Heart

	Elton John: Don't Go Breaking My Heart [cached]

Searching: Jamie Foxx: Infatuation

	Jamie Foxx: Infatuation [cached]

Searching: Bonnie Raitt: You

	Bonnie Raitt: I Can't Make You Love Me [cached]

Searching: Nuttin' Nyce: Down 4 Whateva (From "A Low Down Dirty Shame")

	Nuttin' Nyce: Down 4 Whateva [cached]

Searching: Tracy Byrd: Walking To Jerusalem

	Tracy Byrd: Walking To Jerusalem [cached]

Searching: David Bowie: The Hearts Filthy Lesson

	David Bowie: The Hearts Filthy Lesson [cached]

Searching: Skin Deep Featuring Li'l Kim Of Junior M.A.F.I.A.: No More Games
=========> Skin Deep: No More Games

	 NOT FOUND

Searching: Goodie Mob: Dirty South

	Goodie Mob: Dirty South (feat. Big Boi & Cool Breeze) [cached]

Searching: Dru Down: Can You Feel Me

	Dru Down: Can You Feel Me [cached]

Searching: Billy Lawrence: Up & Down
=========> Billy Lawrence: Up   Down

	 NOT FOUND

Searching: Inner Circle: Not About Romance

	Inner Circle: Not About Romance [cached]

Searching: Emilia: Big Big World

	Emilia: Big Big World [cached]

Searching: Timbaland Featuring Missy "Misdemeanor" Elliott & Magoo: Here We Come

	Timbaland: Here We Come [cached]

Searching: Nas: NAStradamus

	Nas: Nastradamus [cached]

Searching: Anastacia: I'm Outta Love

	Anastacia: I'm Outta Love - Radio Edit [cached]

Searching: Ty Herndon: No Mercy

	Ty Herndon: No Mercy [cached]

Searching: En Vogue: Riddle

	En Vogue: Riddle [cached]

Searching: Ms. Jade: Feel The Girl

	Ms. Jade: Feel The Girl [cached]

Searching: Nick Cannon Featuring B2K: Feelin' Freaky

	Nick Cannon: Feelin' Freaky (feat. B2K) [cached]

Searching: Lionel Richie: Just For You

	Lionel Richie: Just For You [cached]

Searching: Twista Featuring R. Kelly: So Sexy Chapter II (Like This)

	Twista: So Sexy Chapter II (Like This) (feat. R. Kelly) [cached]

Searching: Akon: Ghetto

	Akon: Ghetto [cached]

Searching: Monchy & Alexandra: Perdidos

	Monchy & Alexandra: Perdidos [cached]

Searching: 50 Cent: Outta Control

	50 Cent: Outta Control - Remix [cached]

Searching: John Mayer Trio: Who Did You Think I Was

	John Mayer Trio: Who Did You Think I Was - Live In Concert [cached]

Searching: Craig Morgan: I Got You

	Craig Morgan: I Got You [cached]

Searching: Ice Cube: Why We Thugs

	Ice Cube: Why We Thugs [cached]

Searching: Hannah Montana: Best Of Both Worlds

	Hannah Montana: The Best of Both Worlds - From "Hannah Montana"/Soundtrack Version [cached]

Searching: Pitbull: Ay Chico (Lengua Afuera)

	Pitbull: Ay Chico (Lengua Afuera) [cached]

Searching: Mike Jones: Mr. Jones

	Mike Jones: Mr. Jones [cached]

Searching: MIKA: Love Today

	MIKA: Love Today [cached]

Searching: Hannah Montana: Make Some Noise

	Hannah Montana: Make Some Noise [cached]

Searching: High School Musical 2 Cast: All For One

	High School Musical Cast: All For One [cached]

Searching: Mariah Carey Featuring T-Pain: Migrate

	Mariah Carey: Migrate [cached]

Searching: David Cook: Eleanor Rigby

	 NOT FOUND

Searching: Goo Goo Dolls: Real

	The Goo Goo Dolls: Nothing Is Real [cached]

Searching: Luis Fonsi: No Me Doy Por Vencido

	Luis Fonsi: No Me Doy Por Vencido [cached]

Searching: Randy Houser: Anything Goes

	Randy Houser: Anything Goes [cached]

Searching: Silversun Pickups: Panic Switch

	Silversun Pickups: Panic Switch [cached]

Searching: Rick Ross Featuring Kanye West, T-Pain & Lil' Wayne: Maybach Music 2

	Rick Ross: Maybach Music 2 [cached]

Searching: Jason Mraz: If It Kills Me

	Jason Mraz: If It Kills Me [cached]

Searching: Jamie Foxx Featuring Drake, Kanye West + The-Dream: Digital Girl

	Jamie Foxx: Digital Girl Remix (feat. Drake, Kanye West & The-Dream) - Original Remix [cached]

Searching: The All-American Rejects: I Wanna

	The All-American Rejects: I Wanna [cached]

Searching: Alice In Chains: Check My Brain

	Alice In Chains: Check My Brain [cached]

Searching: Eddie Vedder: My City Of Ruins (Live From The Kennedy Center Honors)

	Eddie Vedder: My City Of Ruins (Benefiting Artists For Peace And Justice Haiti Relief) [Live From The Kennedy Center Honors] [cached]

Searching: The-Dream: Love King

	The-Dream: Love King [cached]

Searching: Justin Bieber: That Should Be Me

	Justin Bieber: That Should Be Me [cached]

Searching: Glee Cast: U Can't Touch This

	Glee Cast: U Can't Touch This (Glee Cast Version) [cached]

Searching: Eminem: 25 To Life

	Eminem: 25 To Life [cached]

Searching: Nick Jonas: Introducing Me

	Nick Jonas: Introducing Me - From "Camp Rock 2: The Final Jam" [cached]

Searching: Kid Cudi Featuring Cee-Lo: Scott Mescudi Vs. The World

	Kid Cudi: Scott Mescudi Vs. The World [cached]

Searching: Travis Porter: Make It Rain

	Travis Porter: Make It Rain [cached]

Searching: Glee Cast Featuring Kristin Chenoweth: Dreams

	Glee Cast: I Can't Go For That / You Make My Dreams (Glee Cast Version) [cached]

Searching: Joe Jonas: See No More

	Joe Jonas: See No More [cached]

Searching: Xenia: The Man Who Can't Be Moved

	Xenia: The Man Who Can’t Be Moved - The Voice Performance [cached]

Searching: Coldplay: Major Minus

	Coldplay: Major Minus [cached]

Searching: Josh Turner: I Wouldn't Be A Man

	Josh Turner: I Wouldn't Be A Man [cached]

Searching: Glee Cast: Red Solo Cup

	Glee Cast: Red Solo Cup (Glee Cast Version) [cached]

Searching: Glee Cast: Do They Know It's Christmas?

	Glee Cast: Do They Know It's Christmas? (Glee Cast Version) [cached]

Searching: Glee Cast: Stereo Hearts

	Glee Cast: Stereo Hearts (Glee Cast Version) [cached]

Searching: K'Naan Featuring Nelly Furtado: Is Anybody Out There?

	K'NAAN: Is Anybody Out There? [cached]

Searching: Glee Cast: It's Not Right But It's Okay

	Glee Cast: It's Not Right But It's Okay (Glee Cast Version) [cached]

Searching: Future: Same Damn Time

	Future: Same Damn Time [cached]

Searching: Chris Young: Neon

	Chris Young: Neon [cached]

Searching: Lupe Fiasco: Lamborghini Angels

	Lupe Fiasco: Lamborghini Angels [cached]

Searching: Jerrod Niemann: Shinin' On Me

	Jerrod Niemann: Shinin' On Me [cached]

Searching: Sam Palladio & Clare Bowen: Fade Into You
=========> Sam Palladio: Fade Into You

	 NOT FOUND

Searching: WE the Kings: Just Keep Breathing

	We The Kings: Just Keep Breathing [cached]

Searching: Danielle Bradbery: Maybe It Was Memphis

	 NOT FOUND

Searching: Amber Carrington: Sad

	 NOT FOUND

Searching: Michelle Chamuel: Why

	 NOT FOUND

Searching: Marc Anthony: Vivir Mi Vida

	Marc Anthony: Vivir Mi Vida [cached]

Searching: ScHoolboy Q Featuring Kendrick Lamar: Collard Greens

	ScHoolboy Q: Collard Greens [cached]

Searching: Josh Kaufman: Stay With Me

	 NOT FOUND

Searching: Sam Smith: Leave Your Lover

	Sam Smith: Leave Your Lover [cached]

Searching: Troye Sivan: Happy Little Pill

	Troye Sivan: Happy Little Pill [cached]

Searching: Lil Jon Featuring Tyga: Bend Ova

	Lil Jon: Bend Ova (feat. Tyga) [cached]

Searching: Bobby Shmurda: Bobby Bitch

	Bobby Shmurda: Bobby Bitch [cached]

Searching: Matt McAndrew: Take Me To Church

	 NOT FOUND

Searching: Luke Bryan: Games

	Luke Bryan: Games [cached]

Searching: Meghan Linsey: Change My Mind

	 NOT FOUND

Searching: A$AP Rocky Featuring Rod Stewart x Miguel x Mark Ronson: Everyday

	A$AP Rocky: Everyday (feat. Rod Stewart, Miguel & Mark Ronson) [cached]

Searching: Prince Royce Featuring Jennifer Lopez & Pitbull: Back It Up

	Prince Royce: Back It Up (feat. Jennifer Lopez & Pitbull) - Video Version [cached]

Searching: Kygo Featuring Conrad: Firestone

	Kygo: Firestone [cached]

Searching: Barrett Baber: I'd Just Love To Lay You Down
=========> Barrett Baber: I d Just Love To Lay You Down

	 NOT FOUND

Searching: Panic! At The Disco: Death Of A Bachelor

	Panic! At The Disco: Death of a Bachelor [cached]

Searching: Kanye West: Real Friends

	Kanye West: Real Friends [cached]

Searching: Kenny Chesney: Bar At The End Of The World

	Kenny Chesney: Bar at the End of the World [cached]

Searching: Lauren Duski: The Dance
=========> Lauren Duski: Dance

	 NOT FOUND

Searching: Trey Songz: Nobody Else But You

	Trey Songz: Nobody Else but You [cached]

Searching: Nicky Jam: El Amante

	Nicky Jam: El Amante [cached]

Searching: Wiz Khalifa Featuring Ty Dolla $ign: Something New

	Wiz Khalifa: Something New (feat. Ty Dolla $ign) [cached]

Searching: Chris Lane: For Her

	Chris Lane: For Her [cached]

Searching: Lorde Featuring Khalid, Post Malone & SZA: Homemade Dynamite

	Lorde: Homemade Dynamite - REMIX [cached]

Searching: Future: 4 Da Gang

	Future: 4 da Gang [cached]

Searching: Huncho Jack: Saint

	Huncho Jack: Saint [cached]

Searching: Clean Bandit Featuring Julia Michaels: I Miss You

	Clean Bandit: I Miss You (feat. Julia Michaels) [cached]

Searching: Juice WRLD: Make It Back

	Juice WRLD: Make It Back [cached]

Searching: Ozuna: Amor Genuino

	Ozuna: Amor Genuino [cached]

Searching: Marshmello Featuring A Day To Remember: Rescue Me

	Marshmello: Rescue Me [cached]

Searching: Young Thug Featuring Machine Gun Kelly: Ecstasy

	Young Thug: Ecstasy (feat. Machine Gun Kelly) [cached]

Searching: Taylor Swift: It's Nice To Have A Friend

	Taylor Swift: It’s Nice To Have A Friend [cached]

Searching: Summer Walker: Potential

	Summer Walker: Potential [cached]

Searching: 24kGoldn: Valentino

	24kGoldn: VALENTINO [cached]

Searching: Rod Wave & Kevin Gates: Cuban Links

	Rod Wave: Cuban Links [cached]

Searching: YoungBoy Never Broke Again: Rough Ryder

	YoungBoy Never Broke Again: Rough Ryder [cached]

Searching: Polo G: Beautiful Pain (Losin My Mind)

	Polo G: Beautiful Pain (Losin My Mind) [cached]

Searching: Breland: My Truck

	BRELAND: My Truck [cached]

Searching: Eric Church: Stick That In Your Country Song

	Eric Church: Stick That In Your Country Song [cached]

Searching: DaBaby x Stunna 4 Vegas: No Dribble

	DaBaby: NO DRIBBLE (feat. Stunna 4 Vegas) [cached]

Searching: YFN Lucci: Wet. (She Got That...)

	YFN Lucci: Wet (She Got That…) [cached]

Searching: Lil Durk, 6LACK & Young Thug: Stay Down

	Lil Durk: Stay Down (with 6LACK & Young Thug) [cached]

Searching: Megan Thee Stallion Featuring City Girls & Hot Girl Meg: Do It On The Tip

	Megan Thee Stallion: Do It On The Tip (feat. City Girls & Hot Girl Meg) [cached]
