Found 244/277 = 88%
33 not found: 
The Chargers: Old MacDonald
David Seville And The Chipmunks: Alvin For President
Tina Robin: Dear Mr. D.J. Play It Again
Pat Boone: Quando, Quando, Quando (Tell Me When)
Ike Clanton: Sugar Plum
Dave York and The Beachcombers: Beach Party
Bobby Callender: Little Star
Mary Wells: Me Without You
The Jazz Crusaders: Uptight (Everything's Alright)
Nancy Ames: Cry Softly
Bobby Vinton: Red Roses For Mom
The Will-O-Bees: It's Not Easy
Flavor: Sally Had A Party
Nick DeCaro: If I Only Had Time
The Maskman & The Agents: One Eye Open
Dorothy Morrison: All God's Children Got Soul
The Electric Indian: Land Of 1000 Dances
Brother Jack McDuff: Theme From Electric Surfboard
The Bells: Fly Little White Dove Fly
The Assembled Multitude: Medley From "Superstar" (A Rock Opera)
Rose Colored Glass: If It's Alright With You
Travis Wammack: Whatever Turns You On
Ralph Carter: When You're Young And In Love
Moonlion: The Little Drummer Boy
The Disco Sound Of Andre Gagnon: Wow
Dana Valery: Will You Love Me Tomorrow
Spin: Grasshopper
Blaze: Silver Heels
Nick Jameson: Weatherman
69 Boyz Featuring Quad City DJ's: Hoop In Yo Face (From "Sunset Park")
Club 69 Featuring Suzanne Palmer: Much Better
Damizza Presents Shade Sheist Featuring Nate Dogg & Kurupt: Where I Wanna Be
Missy Elliott: Shake Your Pom Pom
--------- log -----------
Searching: The Chargers: Old MacDonald
=========> Chargers: Old MacDonald

	 NOT FOUND

Searching: Perez Prado And His Orchestra: Paris

	Pérez Prado: Paris [cached]

Searching: Jodie Sands: Someday (You'll Want Me To Want You)

	Jodie Sands: Someday (You'll Want Me to Want You) [cached]

Searching: Jim Reeves: Billy Bayou

	Jim Reeves: Billy Bayou [cached]

Searching: Ray Charles with the Raylettes: (Night Time Is) The Right Time

	Ray Charles: The Right Time [cached]

Searching: Louis Prima And Keely Smith: I've Got You Under My Skin

	Louis Prima: I've Got You Under My Skin - Remastered [cached]

Searching: Diane Maxwell: Jimmy Kiss And Run

	Diane Maxwell: Jimmy Kiss And Run [cached]

Searching: Little Richard: Kansas City (Hey-Hey-Hey-Hey)

	Little Richard: Medley: Kansas City/Hey Hey Hey Hey [cached]

Searching: Jackie Lee: Happy Vacation

	Jackie Lee: Happy Vacation [cached]

Searching: The Olympics: Private Eye

	The Olympics: Private Eye [cached]

Searching: Stonewall Jackson: Igmoo (The Pride Of South Central High)

	Stonewall Jackson: Igmoo (The Pride of South Central High) [cached]

Searching: Bill Doggett: Smokie-Part 2

	Bill Doggett: Smokie (Part Two) [cached]

Searching: The Rays: Mediterranean Moon

	The Rays: Mediterranean Moon [cached]

Searching: Ray Charles: Don't Let The Sun Catch You Cryin'

	Ray Charles: Don't Let the Sun Catch You Cryin' [cached]

Searching: Danny Valentino: Biology

	Danny Valentino: Biology [cached]

Searching: David Seville And The Chipmunks: Alvin For President
=========> David Seville: Alvin For President

	 NOT FOUND

Searching: The Bobbettes: Dance With Me Georgie

	The Bobbettes: Dance with Me Georgie [cached]

Searching: Bobby Darin: Child Of God

	Bobby Darin: Child of God [cached]

Searching: Mello-Kings: Tonite, Tonite

	The Mello-Kings: Tonite Tonite [cached]

Searching: Dinah Washington: Early Every Morning (Early Every Evening Too)

	Dinah Washington: Early Every Morning [cached]

Searching: Otis Williams And His Charms: Little Turtle Dove

	Otis Williams: Little Turtle Dove [cached]

Searching: Tina Robin: Dear Mr. D.J. Play It Again
=========> Tina Robin: Dear Mr  D J  Play It Again

	 NOT FOUND

Searching: Gloria Lynne: Impossible

	Gloria Lynne: Impossible [cached]

Searching: Floyd Cramer: Hang On

	Floyd Cramer: Hang On [cached]

Searching: Etta James: Seven Day Fool

	Etta James: Seven Day Fool [cached]

Searching: Jan & Dean: A Sunday Kind Of Love

	Jan & Dean: A Sunday Kind Of Love [cached]

Searching: Marlowe Morris Quintet: Play The Thing

	Marlowe Morris Quintet: Play the Thing [cached]

Searching: William Bell: You Don't Miss Your Water

	William Bell: You Don't Miss Your Water - Single Version [cached]

Searching: Pat Boone: Quando, Quando, Quando (Tell Me When)
=========> Pat Boone: Quando  Quando  Quando

	 NOT FOUND

Searching: Henry Mancini And His Orchestra: Theme From "Hatari!"

	Henry Mancini: Theme from "Hatari!" [cached]

Searching: Ike Clanton: Sugar Plum

	 NOT FOUND

Searching: The Supremes: Your Heart Belongs To Me

	The Supremes: Your Heart Belongs To Me - Stereo Version [cached]

Searching: Dave York and The Beachcombers: Beach Party
=========> Dave York: Beach Party

	 NOT FOUND

Searching: Jerry Lee Lewis: Sweet Little Sixteen

	Jerry Lee Lewis: Sweet Little Sixteen (feat. Ringo Starr) [cached]

Searching: Jim Reeves: I'm Gonna Change Everything

	Jim Reeves: I'm Gonna Change Everything [cached]

Searching: The Springfields: Dear Hearts And Gentle People

	The Springfields: Dear Hearts and Gentle People [cached]

Searching: The Cleftones: Lover Come Back To Me

	The Cleftones: Lover Come Back to Me [cached]

Searching: Junior Parker: Someone Somewhere

	Little Junior Parker: Someone Somewhere [cached]

Searching: Jimmy McGriff: M.G. Blues

	Jimmy McGriff: M.G. Blues [cached]

Searching: The Demensions: My Foolish Heart

	The Demensions: My Foolish Heart [cached]

Searching: Bobby Callender: Little Star

	 NOT FOUND

Searching: Sonny James: The Minute You're Gone

	Sonny James: The Minute You're Gone [cached]

Searching: Rolf Harris: Nick Teen And Al K. Hall

	Rolf Harris: Nick Teen and Al K.Hall [cached]

Searching: Dave Dudley: Cowboy Boots

	Dave Dudley: Cowboy Boots [cached]

Searching: The Four Pennies: When The Boy's Happy (The Girl's Happy Too)

	The Four Pennies: When The Boy's Happy (The Girl's Happy Too) [cached]

Searching: Wilson Pickett: I'm Down To My Last Heartbreak

	Wilson Pickett: I'm Down to My Last Heartbreak [cached]

Searching: Johnny Crawford: Judy Loves Me

	Johnny Crawford: Judy Loves Me [cached]

Searching: James Brown And The Famous Flames: Please, Please, Please

	James Brown & The Famous Flames: Please, Please, Please - Live At The Apollo Theater, 1967 [cached]

Searching: James Brown And His Orchestra: Caldonia

	James Brown: Caldonia [cached]

Searching: Jerry Butler: I Don't Want To Hear Anymore

	Jerry Butler: I Don't Want to Hear It Anymore [cached]

Searching: The Beatles: I'm Happy Just To Dance With You

	The Beatles: I'm Happy Just To Dance With You - Remastered 2009 [cached]

Searching: Booker T. & The MG's: Soul Dressing

	Booker T. & the M.G.'s: Soul Dressing [cached]

Searching: Ike & Tina Turner: I Can't Believe What You Say (For Seeing What You Do)

	Ike & Tina Turner: I Can't Believe (What You Say) [cached]

Searching: Garnet Mimms: A Little Bit Of Soap

	Garnet Mimms: A Little Bit Of Soap [cached]

Searching: Barbara Lynn: It's Better To Have It

	Barbara Lynn: It's Better To Have It [cached]

Searching: Joe Tex: Don't Let Your Left Hand Know

	Joe Tex: Don't let your left hand know [cached]

Searching: Chuck Berry: Dear Dad

	Chuck Berry: Dear Dad - Single Version [cached]

Searching: Del Shannon: Break Up

	Del Shannon: Break Up [cached]

Searching: Walter Jackson: Welcome Home

	Walter Jackson: Welcome Home [cached]

Searching: The Zombies: I Want You Back Again

	The Zombies: I Want You Back Again - 2015 [cached]

Searching: Unit Four plus Two: You've Never Been In Love Like This Before

	Unit 4 + 2: (You've) Never Been In Love Like This Before [cached]

Searching: Della Reese: After Loving You

	Della Reese: After Loving You [cached]

Searching: Mary Wells: Me Without You

	 NOT FOUND

Searching: Sam & Bill: For Your Love

	Sam & Bill: For Your Love [cached]

Searching: Jimmy McCracklin: Think

	Jimmy McCracklin: Think [cached]

Searching: Tony Bennett: Love Theme From "The Sandpiper" (The Shadow Of Your Smile)

	Tony Bennett: The Shadow of Your Smile (Love Theme from "The Sandpiper") [cached]

Searching: Edwin Starr: Back Street

	Edwin Starr: Back Street [cached]

Searching: Elvis Presley: Blue River

	Elvis Presley: Blue River [cached]

Searching: Lou Christie: Big Time

	Lou Christie: Big Time [cached]

Searching: The Jazz Crusaders: Uptight (Everything's Alright)
=========> Jazz Crusaders: Uptight

	 NOT FOUND

Searching: Mrs. Miller: A Lover's Concerto

	Mrs. Miller: A Lover's Concerto - Remastered [cached]

Searching: Beau Brummels: One Too Many Mornings

	The Beau Brummels: One Too Many Mornings [cached]

Searching: Mable John: Your Good Thing (Is About To End)

	Mable John: Your Good Thing (Is About to End) [cached]

Searching: Cilla Black: Alfie

	Cilla Black: Alfie - 2003 Remaster [cached]

Searching: Roy Head: To Make A Big Man Cry

	Roy Head: To Make A Big Man Cry [cached]

Searching: Nancy Ames: Cry Softly

	 NOT FOUND

Searching: The O'Jays: Stand In For Love

	The O'Jays: Stand In For Love [cached]

Searching: The Woolies: Who Do You Love

	The Woolies: Who Do You Love [cached]

Searching: Spyder Turner: I Can't Make It Anymore

	Spyder Turner: I Can't Make It Anymore [cached]

Searching: William Bell: Everybody Loves A Winner

	William Bell: Everybody Loves a Winner [cached]

Searching: Lou Christie: Shake Hands And Walk Away Cryin'

	Lou Christie: Shake Hands And Walk Away Crying [cached]

Searching: Clifford Curry: She Shot A Hole In My Soul

	Clifford Curry: She Shot A Hole In My Soul [cached]

Searching: Bobby Vinton: Red Roses For Mom

	 NOT FOUND

Searching: The Staple Singers: Why? (Am I Treated So Bad)

	The Staple Singers: Why? (Am I Treated So Bad) [cached]

Searching: Country Joe & The Fish: Not So Sweet Martha Lorraine

	Country Joe & The Fish: Not So Sweet Martha Lorraine [cached]

Searching: The Cyrkle: Penny Arcade

	The Cyrkle: Penny Arcade [cached]

Searching: Syl Johnson: Different Strokes

	Syl Johnson: Different Strokes [cached]

Searching: Johnnie Taylor: Somebody's Sleeping In My Bed

	Johnnie Taylor: Somebody's Sleeping In My Bed [cached]

Searching: The Will-O-Bees: It's Not Easy
=========> Will O Bees: It s Not Easy

	 NOT FOUND

Searching: Oscar Toney, Jr.: Never Get Enough Of Your Love

	Oscar Toney, Jr.: Never Get Enough Of Your Love [cached]

Searching: Bill Medley: I Can't Make It Alone

	Bill Medley: I Can't Make It Alone [cached]

Searching: Tiny Tim: Bring Back Those Rockabye Baby Days

	Tiny Tim: Bring Back Those Rockabye Baby Days [cached]

Searching: Flavor: Sally Had A Party

	 NOT FOUND

Searching: Harpers Bizarre: Battle Of New Orleans

	Harpers Bizarre: Battle of New Orleans - Remastered Version [cached]

Searching: Elvis Presley With The Jordanaires: Almost In Love

	Elvis Presley: Almost In Love [cached]

Searching: Nick DeCaro: If I Only Had Time

	 NOT FOUND

Searching: Bobby Hatfield: Only You (And You Alone)

	Bobby Hatfield: Only You - Single Version [cached]

Searching: The Maskman & The Agents: One Eye Open
=========> Maskman: One Eye Open

	 NOT FOUND

Searching: The 4 Seasons: Idaho

	Frankie Valli & The Four Seasons: Idaho [cached]

Searching: Eddie Lovette: Too Experienced

	Eddie Lovette: Too Experienced [cached]

Searching: Lee Dorsey: Everything I Do Gonh Be Funky (From Now On)

	Lee Dorsey: Everything I Do Gonh Be Funky (From Now On) [cached]

Searching: Dickie Goodman: Luna Trip

	Dickie Goodman: Luna Trip - iPod Edit [cached]

Searching: Dorothy Morrison: All God's Children Got Soul
=========> Dorothy Morrison: All God s Children Got Soul

	 NOT FOUND

Searching: Herbie Mann: It's A Funky Thing-Right On (Part 1)

	Herbie Mann: It's a Funky Thing - Right On, Pt. 1 (Memphis Underground) [cached]

Searching: Sergio Mendes & Brasil '66: Wichita Lineman

	Sergio Mendes & Brasil '66: Wichita Lineman [cached]

Searching: The Electric Indian: Land Of 1000 Dances
=========> Electric Indian: Land Of 1000 Dances

	 NOT FOUND

Searching: Brother Jack McDuff: Theme From Electric Surfboard

	 NOT FOUND

Searching: The Tokens: Don't Worry Baby

	The Tokens: Don't Worry Baby [cached]

Searching: Lou Rawls: You've Made Me So Very Happy

	Lou Rawls: You've Made Me So Very Happy [cached]

Searching: Jesse Anderson: I Got A Problem

	Jesse Anderson: I've Got a Problem [cached]

Searching: Jerry Butler: Where Are You Going

	Jerry Butler: Where Are You Going [cached]

Searching: The Flame: See The Light

	The Flames: See The Light [cached]

Searching: The Klowns: Lady Love

	The Klowns: Lady Love [cached]

Searching: The Bells: Fly Little White Dove Fly
=========> Bells: Fly Little White Dove Fly

	 NOT FOUND

Searching: The Assembled Multitude: Medley From "Superstar" (A Rock Opera)
=========> Assembled Multitude: Medley From  Superstar

	 NOT FOUND

Searching: David Crosby: Music Is Love

	David Crosby: Music Is Love [cached]

Searching: Van Morrison: Call Me Up In Dreamland

	Van Morrison: Call Me Up in Dreamland - 1999 Remaster [cached]

Searching: The Rascals: Love Me

	The Rascals: Please Love Me [cached]

Searching: The Fuzz: I'm So Glad

	The Fuzz: I'm so Glad [cached]

Searching: Rose Colored Glass: If It's Alright With You
=========> Rose Colored Glass: If It s Alright With You

	 NOT FOUND

Searching: The Chi-lites: I Want To Pay You Back (For Loving Me)

	The Chi-Lites: I Want To Pay You Back (For Loving Me) [cached]

Searching: Jackie Wilson: Love Is Funny That Way

	Jackie Wilson: Love Is Funny That Way [cached]

Searching: Rock Flowers: Number Wonderful

	Rock Flowers: Number Wonderful [cached]

Searching: The JB's: Pass The Peas

	The J.B.'s: Pass The Peas [cached]

Searching: Dawn Featuring Tony Orlando: Vaya Con Dios

	Tony Orlando & Dawn: Vaya Con Dios - Digitally Remastered 1998 [cached]

Searching: Jerry Lee Lewis: Turn On Your Love Light

	Jerry Lee Lewis: Turn On Your Love Light [cached]

Searching: Travis Wammack: Whatever Turns You On

	 NOT FOUND

Searching: Tommy James: Celebration

	Tommy James: Celebration [cached]

Searching: Millie Jackson: I Miss You Baby

	Millie Jackson: I Miss You Baby [cached]

Searching: The New Seekers: Come Softly To Me

	The New Seekers: Come Softly To Me [cached]

Searching: Syl Johnson: We Did It

	Syl Johnson: We Did It [cached]

Searching: Dennis Yost And The Classics IV: Rosanna

	Dennis Yost: Rosanna [cached]

Searching: Barbara Fairchild: Kid Stuff

	Barbara Fairchild: Kid Stuff [cached]

Searching: Heartsfield: Music Eyes

	Heartsfield: Music Eyes [cached]

Searching: Ronnie Milsap: Please Don't Tell Me How The Story Ends

	Ronnie Milsap: Please Don't Tell Me How the Story Ends [cached]

Searching: Philly Devotions: I Just Can't Say Goodbye

	Philly Devotions: I Just Can't Say Goodbye - Original Stereo Don De 45 Rpm Mix [cached]

Searching: George McCrae: Look At You

	George McCrae: Look at You - 2012 Remaster [cached]

Searching: T.G. Sheppard: Tryin' To Beat The Morning Home

	T.G. Sheppard: Trying to Beat the Morning Home - Rerecorded [cached]

Searching: New Birth: Granddaddy (Part 1)

	The New Birth: Granddaddy [cached]

Searching: Bo Donaldson And The Heywoods: Our Last Song Together

	Bo Donaldson & The Heywoods: Our Last Song Together [cached]

Searching: Dr. Hook: The Millionaire

	Dr. Hook: The Millionaire [cached]

Searching: Ralph Carter: When You're Young And In Love
=========> Ralph Carter: When You re Young And In Love

	 NOT FOUND

Searching: Duke & The Drivers: What You Got

	Duke And The Drivers: What You Got [cached]

Searching: Greg Lake: I Believe In Father Christmas

	Greg Lake: I Believe in Father Christmas - 2017 - Remaster [cached]

Searching: Moonlion: The Little Drummer Boy
=========> Moonlion: Little Drummer Boy

	 NOT FOUND

Searching: The Disco Sound Of Andre Gagnon: Wow
=========> Disco Sound Of Andre Gagnon: Wow

	 NOT FOUND

Searching: Dana Valery: Will You Love Me Tomorrow

	 NOT FOUND

Searching: John Sebastian: Hideaway

	John Sebastian: Hideaway [cached]

Searching: Spin: Grasshopper

	 NOT FOUND

Searching: Blaze: Silver Heels

	 NOT FOUND

Searching: Starz: (She's Just A) Fallen Angel

	Starz: (She's Just A) Fallen Angel [cached]

Searching: The Blackbyrds: Time Is Movin'

	The Blackbyrds: Time Is Movin' [cached]

Searching: Wild Cherry: Hot To Trot

	Wild Cherry: Hot to Trot [cached]

Searching: Cherie & Marie Currie: Since You've Been Gone

	Cherie & Marie Currie: Since You've Been Gone [cached]

Searching: Grace Slick: Seasons

	Grace Slick: Seasons [cached]

Searching: The Spinners: Never Thought I'd Fall In Love

	The Spinners: Never Thought I'd Fall In Love (Single Version) [cached]

Searching: Bananarama: Robert de Niro's Waiting

	Bananarama: Robert De Niro's Waiting [cached]

Searching: David Pack: Prove Me Wrong

	David Pack: Prove Me Wrong [cached]

Searching: Maurice White: I Need You

	Maurice White: I Need You [cached]

Searching: Nick Jameson: Weatherman

	 NOT FOUND

Searching: Patty Smyth: Downtown Train

	Patty Smyth: Downtown Train [cached]

Searching: The Adventures: Broken Land

	The Adventures: Broken Land [cached]

Searching: Natalie Cole: When I Fall In Love

	Natalie Cole: When I Fall In Love [cached]

Searching: New Edition: You're Not My Kind Of Girl

	New Edition: You're Not My Kind Of Girl [cached]

Searching: 'Til Tuesday: (Believed You Were) Lucky

	'Til Tuesday: (Believed You Were) Lucky [cached]

Searching: When In Rome: Heaven Knows

	When In Rome: Heaven Knows [cached]

Searching: Midge Ure: Dear God

	Midge Ure: Dear God [cached]

Searching: Melissa Etheridge: No Souvenirs

	Melissa Etheridge: No Souvenirs [cached]

Searching: Technotronic: Rockin' Over The Beat

	Technotronic: Rockin Over The Beat - Rockin' Over Manchester - 7" Remix [cached]

Searching: Chubb Rock: Treat 'Em Right

	Chubb Rock: Treat 'Em Right [cached]

Searching: LL Cool J: 6 Minutes Of Pleasure

	LL Cool J: 6 Minutes Of Pleasure - Hey Girl Remix [cached]

Searching: Tara Kemp: Too Much

	Tara Kemp: Too Much [cached]

Searching: One 2 One: Peace Of Mind (Love Goes On)

	12GOD Gedo: Peace of Mind [cached]

Searching: Kid Frost: No Sunshine

	Kid Frost: No Sunshine [cached]

Searching: Nyasia: Who's Got Your Love

	Nyasia: Who's Got Your Love [cached]

Searching: Extreme: Stop The World

	Extreme: Stop The World [cached]

Searching: Dina Carroll: So Close

	Dina Carroll: So Close [cached]

Searching: Belly: Feed The Tree

	Belly: Feed the Tree [cached]

Searching: 10,000 Maniacs: Few And Far Between

	10,000 Maniacs: Few and Far Between [cached]

Searching: Illegal: We Getz Busy

	Illegal: We Getz Busy [cached]

Searching: Celine Dion: Think Twice

	Céline Dion: Think Twice [cached]

Searching: Luther Vandross: Love The One You're With/Going In Circles

	Luther Vandross: Love the One You're With [cached]

Searching: Immature: I Don't Mind

	Immature: I Don't Mind [cached]

Searching: Mary J. Blige: (You Make Me Feel Like) A Natural Woman (From "New York Undercover")

	Mary J. Blige: (You Make Me Feel Like A) Natural Woman [cached]

Searching: P.M. Dawn: Sometimes I Miss You So Much (Dedicated To The Christ Consciousness)

	P.M. Dawn: Sometimes I Miss You So Much [cached]

Searching: 69 Boyz Featuring Quad City DJ's: Hoop In Yo Face (From "Sunset Park")
=========> 69 Boyz: Hoop In Yo Face

	 NOT FOUND

Searching: Horace Brown: Things We Do For Love

	Horace Brown: Things We Do For Love [cached]

Searching: RuPaul: Snapshot

	RuPaul: Snapshot (feat. Macutchi) [cached]

Searching: Redman Featuring K-Solo: That's How It Is (It's Like That)

	Redman: It's Like That (My Big Brother) - Instrumental [cached]

Searching: Jay-Z Featuring Babyface And Foxy Brown: Sunshine

	JAY-Z: Always Be My Sunshine [cached]

Searching: Club 69 Featuring Suzanne Palmer: Much Better
=========> Club 69: Much Better

	 NOT FOUND

Searching: Brooklyn Bounce: Get Ready To Bounce

	Brooklyn Bounce: Get Ready to Bounce - Radio Attack [cached]

Searching: Innerlude: I Don't Wanna Go On

	Innerlude: I Don't Wanna Go On [cached]

Searching: Lonestar: Everything's Changed

	Lonestar: Everything's Changed [cached]

Searching: A*Teens: Dancing Queen

	A*Teens: Dancing Queen [cached]

Searching: Lil' Mo: Ta Da

	Lil' Mo: Ta Da [cached]

Searching: Damizza Presents Shade Sheist Featuring Nate Dogg & Kurupt: Where I Wanna Be
=========> Damizza Presents Shade Sheist: Where I Wanna Be

	 NOT FOUND

Searching: Public Announcement Featuring LeLe: John Doe

	Public Announcement: John Doe featuring MZ Lelee [cached]

Searching: Jermaine Dupri Featuring Nate Dogg: Ballin' Out Of Control

	Jermaine Dupri: Ballin' Out of Control (feat. Nate Dogg) [cached]

Searching: Freeway Featuring Peedi Crakk: Flipside

	Freeway: Flipside [cached]

Searching: Timbaland & Magoo Featuring Missy Elliott: Cop That Sh#!

	Timbaland & Magoo: timbo Cop That Shit Featuring Missy Elliott [cached]

Searching: Javier: Crazy

	Javier: Crazy [cached]

Searching: Deborah Cox: Something Happened On The Way To Heaven

	Deborah Cox: Something Happened On The Way To Heaven - Valentin Club Mix [cached]

Searching: Angel City Featuring Lara McAllen: Love Me Right (Oh Sheila)

	Angel City: Love Me Right (Oh Sheila) (feat. Lara McAllen) - Extended Mix [cached]

Searching: The Alchemist Featuring Prodigy, Illa Ghee & Nina Sky: Hold You Down

	The Alchemist: Hold You Down [cached]

Searching: The Mars Volta: The Widow

	The Mars Volta: The Widow [cached]

Searching: Tommy Lee: Good Times

	Tommy Lee: Good Times [cached]

Searching: Disturbed: Stricken

	Disturbed: Stricken [cached]

Searching: OutKast Featuring Scar & Sleepy Brown: Morris Brown

	Outkast: Morris Brown (feat. Scar & Sleepy Brown) [cached]

Searching: Josh Groban: I'll Be Home For Christmas (Live)

	Josh Groban: I'll Be Home for Christmas [cached]

Searching: Avril Lavigne: Hot

	Avril Lavigne: Hot [cached]

Searching: 50 Cent Featuring Akon: Still Will

	50 Cent: Still Will - Single Version [cached]

Searching: Bruce Springsteen: Girls In Their Summer Clothes

	Bruce Springsteen: Girls In Their Summer Clothes [cached]

Searching: Missy Elliott: Shake Your Pom Pom

	 NOT FOUND

Searching: Ryan Leslie: Diamond Girl

	Ryan Leslie: Diamond Girl - Main [cached]

Searching: G Unit: I Like The Way She Do It

	G-Unit: I Like The Way She Do It [cached]

Searching: Bruce Springsteen: Working On A Dream

	Bruce Springsteen: Working On a Dream [cached]

Searching: Spectacular! Cast: Break My Heart

	Spectacular! Cast: Break My Heart [cached]

Searching: Asher Roth: Lark On My Go-Kart

	Asher Roth: Lark On My Go-Kart [cached]

Searching: Matt And Kim: Daylight

	Matt and Kim: Daylight [cached]

Searching: Daughtry: You Don't Belong

	Daughtry: You Don't Belong [cached]

Searching: Francesca Battistelli: It's Your Life

	Francesca Battistelli: It's Your Life [cached]

Searching: Trace Adkins: All I Ask For Anymore

	Trace Adkins: All I Ask For Anymore [cached]

Searching: Mario: Ooh Baby

	Mario: Ooh Baby [cached]

Searching: Erykah Badu: Window Seat

	Erykah Badu: Window Seat [cached]

Searching: Glee Cast: It's A Man's, Man's Man's World

	Glee Cast: It's A Man's Man's Man's World (Glee Cast Version) [cached]

Searching: Jaheim: Finding My Way Back

	Jaheim: Finding My Way Back [cached]

Searching: Rob Thomas: Mockingbird

	Rob Thomas: Mockingbird [cached]

Searching: Ashton Shepherd: Look It Up

	Ashton Shepherd: Look It Up [cached]

Searching: DJ Drama Featuring Fabolous, Roscoe Dash & Wiz Khalifa: Oh My

	DJ Drama: Oh My feat. Fabolous; Roscoe Dash & Wiz Khalifa [cached]

Searching: Lil Wayne Featuring John Legend: So Special

	Lil Wayne: So Special [cached]

Searching: Young The Giant: Cough Syrup

	Young the Giant: Cough Syrup [cached]

Searching: Justin Bieber Featuring Drake: Right Here

	Justin Bieber: Right Here [cached]

Searching: Linkin Park: Lost In The Echo

	Linkin Park: LOST IN THE ECHO [cached]

Searching: Dave Matthews Band: Mercy

	Dave Matthews Band: Mercy [cached]

Searching: Glee Cast: It's Time

	Glee Cast: It's Time (Glee Cast Version) [cached]

Searching: Grace Potter & The Nocturnals: Stars

	Grace Potter & The Nocturnals: Stars [cached]

Searching: Cassadee Pope: Are You Happy Now?

	Cassadee Pope: Are You Happy Now? - The Voice Performance [cached]

Searching: Bastille: Bad Blood

	Bastille: Bad Blood [cached]

Searching: French Montana Featuring Jeremih: Bad B*tch

	French Montana: Bad B*tch [cached]

Searching: The Weeknd: Where You Belong

	The Weeknd: Where You Belong - From "Fifty Shades Of Grey" Soundtrack [cached]

Searching: Drake: Now & Forever

	Drake: Now & Forever [cached]

Searching: Future: Blow A Bag

	Future: Blow a Bag [cached]

Searching: 5 Seconds Of Summer: Jet Black Heart

	5 Seconds of Summer: Jet Black Heart [cached]

Searching: Lady Gaga: Til It Happens To You

	Lady Gaga: Til It Happens To You [cached]

Searching: Carlos Vives & Shakira: La Bicicleta

	Carlos Vives: La Bicicleta [cached]

Searching: Pitbull Featuring Flo Rida & LunchMoney Lewis: Greenlight

	Pitbull: Greenlight (feat. Flo Rida & LunchMoney Lewis) [cached]

Searching: Kodak Black: No Flockin

	Kodak Black: No Flockin' [cached]

Searching: Sofia Carson, Cameron Boyce, Booboo Stewart & Mitchell Hope: Chillin' Like A Villain

	Sofia Carson: Chillin' Like a Villain [cached]

Searching: YoungBoy Never Broke Again: Untouchable

	YoungBoy Never Broke Again: Untouchable [cached]

Searching: XXXTENTACION: Carry On

	XXXTENTACION: Carry On [cached]

Searching: Gucci Mane Featuring Slim Jxmmi & Young Dolph: Stunting Ain't Nuthin

	Gucci Mane: Stunting Ain't Nuthin (feat. Slim Jxmmi & Young Dolph) [cached]

Searching: Romeo Santos Featuring Nicky Jam & Daddy Yankee: Bella y Sensual

	Romeo Santos: Bella y Sensual [cached]

Searching: Natti Natasha x Ozuna: Criminal

	Natti Natasha: Criminal [cached]

Searching: Plies: Rock

	Plies: Rock [cached]

Searching: XXXTENTACION: Going Down!

	XXXTENTACION: going down! [cached]

Searching: The Carters: Nice

	The Carters: NICE [cached]

Searching: 21 Savage: ASMR

	21 Savage: asmr [cached]

Searching: Aventura: Inmortal

	Aventura: Inmortal [cached]

Searching: Chance The Rapper Featuring Death Cab For Cutie: Do You Remember

	Chance the Rapper: Do You Remember [cached]

Searching: Drake: Days In The East

	Drake: Days in The East [cached]

Searching: DJ Snake, J. Balvin & Tyga: Loco Contigo

	DJ Snake: Loco Contigo (feat. J. Balvin & Tyga) [cached]

Searching: Ali Gatie: What If I Told You That I Love You

	Ali Gatie: What If I Told You That I Love You [cached]

Searching: A Boogie Wit da Hoodie: Cinderella Story

	A Boogie Wit da Hoodie: Cinderella Story [cached]

Searching: Kelsea Ballerini x Halsey: The Other Girl

	Kelsea Ballerini: the other girl (with Halsey) [cached]

Searching: Rod Wave: Thug Life

	Rod Wave: Thug Life [cached]

Searching: Polo G: I Know

	Polo G: I Know [cached]

Searching: Brantley Gilbert: Hard Days

	Brantley Gilbert: Hard Days [cached]

Searching: J.I The Prince Of N.Y: Need Me

	J.I the Prince of N.Y: Need Me [cached]

Searching: Logic: Perfect

	Logic: Perfect [cached]

Searching: Mulatto: B*tch From da Souf

	Mulatto: B*tch From Da Souf [cached]

Searching: Big Sean Featuring Ty Dolla $ign & Jhene Aiko: Body Language

	Big Sean: Body Language (feat. Ty Dolla $ign, and Jhené Aiko) [cached]

Searching: Farruko: La Toxica

	Farruko: La Tóxica [cached]

Searching: Tyler, The Creator: Wilshire

	Tyler, The Creator: WILSHIRE [cached]

Searching: Meek Mill Featuring Kehlani: Ride For You
=========> Meek Mill: Ride For You

	Meek Mill: Ride For You (feat. Kehlani)

Searching: Jonas Brothers: Who's In Your Head
=========> Jonas Brothers: Who s In Your Head

	Jonas Brothers: Who's In Your Head

Searching: Young Thug With Future & BSlime: Peepin Out The Window
=========> Young Thug: Peepin Out The Window

	Young Thug: Peepin Out The Window (with Future & Bslime)
