Found 240/282 = 85%
42 not found: 
Eddy Arnold: Chip Off The Old Block
Wyatt (Earp) McPherson: Here's My Confession
Mickey & Sylvia: Lovedrops
Ruth Brown: Shake A Hand
Die Beatles: Sie Liebt Dich (She Loves You)
Roger Williams: Try To Remember
The Ron-Dels: If You Really Want Me To, I'll Go
Dean Parrish: Tell Her
The Royal Guardsmen: Wednesday
Otis Clay: She's About A Mover
Robert Knight: Isn't It Lonely Together
Al Martino: I Can't Help It (If I'm Still In Love With You)
The Unifics: It's A Groovy World!
Earth Opera: Home To You
Arlo Guthrie: Alice's Rock & Roll Restaurant
Owen B.: Mississippi Mama
I.A.P. Co. (the Italian Asphalt & Pavement Company): Check Yourself
Brenda Lee: I Think I Love You Again
Dave Mason: Satin Red And Black Velvet Woman
The Gentrys: Wild World
Luther Ingram: Be Good To Me Baby
Andy Kim: I Been Moved
PG&E: Thank God For You Baby
Tony Cole: Suite: Man And Woman
Dottie West: If It's All Right With You
Bunny Sigler: Tossin' And Turnin'
Bobby Vinton: Moonlight Serenade
Automatic Man: My Pearl
Exile: Try It On
Kerry Chater: Part Time Love
McGuffey Lane: Start It All Over
Alisha: Into My Secret
St. Etienne: Only Love Can Break Your Heart
Rapination & Kym Mazelle: Love Me The Right Way
New Born: Falling In Love
Tag Team, Mickey, Minnie, And Goofy: Whoomp! (There It Went)
Yasmeen Featuring Ghostface Killah: Blue Jeans
The Smashing Pumpkins: Doomsday Clock
Phillip Phillips: We've Got Tonight
Big Time Rush: Windows Down
Meek Mill Featuring Lil Uzi Vert: F**k That Check Up
Gunna Featuring Playboi Carti: Same Yung N***a
--------- log -----------
Searching: Tennessee Ernie Ford: Sunday Barbecue

	Tennessee Ernie Ford: Sunday Barbecue [cached]

Searching: The Gaylords: Ma Ma Ma Marie

	The Gaylords: Ma Ma Ma Marie [cached]

Searching: Steve Lawrence: Many A Time

	Steve Lawrence: Many a Time [cached]

Searching: Domenico Modugno: Piove (Ciao, Ciao Bambina)

	Domenico Modugno: Piove [cached]

Searching: Eddy Arnold: Chip Off The Old Block
=========> Eddy Arnold: Chip Off Old Block

	 NOT FOUND

Searching: The Kalin Twins: Sweet Sugar Lips

	Kalin Twins: Sweet Sugar Lips [cached]

Searching: Frankie Ford: Alimony

	Frankie Ford: Alimony [cached]

Searching: Jan & Dean: There's A Girl

	Jan & Dean: There's a Girl [cached]

Searching: Bonnie Guitar: Candy Apple Red

	Bonnie Guitar: Candy Apple Red [cached]

Searching: The McGuire Sisters: Livin' Dangerously

	The McGuire Sisters: Livin' Dangerously - Remastered [cached]

Searching: Jerry Byrd: Theme From Adventures In Paradise

	Jerry Byrd: Theme From Adventures In Paradise [cached]

Searching: Johnny And The Hurricanes: Revival

	Johnny Reid: Shoulders - Live From Revival Tour [cached]

Searching: The Browns Featuring Jim Edward Brown: Blue Christmas

	The Browns: Blue Christmas (feat. Jim Ed Brown) [cached]

Searching: The Browns Featuring Jim Edward Brown: Ground Hog

	The Browns: Ground Hog [cached]

Searching: Wyatt (Earp) McPherson: Here's My Confession
=========> Wyatt  McPherson: Here s My Confession

	 NOT FOUND

Searching: The Miracles: Broken Hearted

	The Miracles: Broken Hearted [cached]

Searching: Mickey & Sylvia: Lovedrops
=========> Mickey: Lovedrops

	 NOT FOUND

Searching: Ann-Margret: It Do Me So Good

	Ann-Margret: It Do Me so Good [cached]

Searching: Johnny Preston: Free Me

	Johnny Preston: Free Me [cached]

Searching: Patsy Cline: Strange

	Patsy Cline: Strange - Single Version [cached]

Searching: Gladys Knight And The Pips: Operator

	Gladys Knight & The Pips: Operator [cached]

Searching: Ruth Brown: Shake A Hand

	 NOT FOUND

Searching: James Darren: Hail To The Conquering Hero

	James Darren: Hail to the Conquering Hero - Bonus Track [cached]

Searching: The Champs: Limbo Dance

	The Champs: Limbo Rock [cached]

Searching: The Kingston Trio: One More Town

	The Kingston Trio: One More Town - Remastered [cached]

Searching: Ketty Lester: This Land Is Your Land

	Ketty Lester: This Land Is Your Land - Remastered [cached]

Searching: The Dells: The (Bossa Nova) Bird

	The Dells: The (Bossa Nova) Bird [cached]

Searching: The Sherrys: Slop Time

	The Sherrys: Slop Time [cached]

Searching: Jerry Landis: The Lone Teen Ranger

	Jerry Landis: The Lone Teen Ranger [cached]

Searching: Jackie DeShannon: Faded Love

	Jackie DeShannon: Faded Love - Remastered [cached]

Searching: The Valentinos (The Lovers): I'll Make It Alright

	The Valentinos: I'll Make It Alright [cached]

Searching: Joe Harnell And His Orchestra: Diane

	Joe Harnell: Diane [cached]

Searching: Paul Anka: Hello Jim

	Paul Anka: Hello Jim [cached]

Searching: Johnny Caswell: At The Shore

	Johnny Caswell: At the Shore [cached]

Searching: The Shirelles: 31 Flavors

	The Shirelles: 31 Flavors [cached]

Searching: Randy & The Rainbows: Why Do Kids Grow Up

	Randy & The Rainbows: Why Do Kids Grow Up [cached]

Searching: Duane Eddy: The Son Of Rebel Rouser

	Duane Eddy: The Son of Rebel Rouser [cached]

Searching: Dee Dee Sharp: Willyam, Willyam

	Dee Dee Sharp: Willyam, Willyam [cached]

Searching: Booker T. & The MG's: Mo-Onions

	Booker T. & the M.G.'s: Mo' Onions [cached]

Searching: B.B. King And His Orchestra: How Blue Can You Get

	B.B. King: How Blue Can You Get? [cached]

Searching: Barbara & The Browns: Big Party

	Barbara & The Browns: Big Party [cached]

Searching: Otis Redding: Security

	Otis Redding: Security [cached]

Searching: Die Beatles: Sie Liebt Dich (She Loves You)
=========> Die Beatles: Sie Liebt Dich

	 NOT FOUND

Searching: Henry Mancini And His Orchestra: A Shot In The Dark

	Henry Mancini: A Shot In The Dark [cached]

Searching: The Swinging Blue Jeans: You're No Good

	The Swinging Blue Jeans: You're No Good [cached]

Searching: Wallace Brothers: Lover's Prayer

	Wallace Brothers: Lover's Prayer [cached]

Searching: The Raindrops: One More Tear

	The Raindrops: One More Tear [cached]

Searching: Brian Poole And The Tremeloes: Someone, Someone

	Brian Poole & The Tremeloes: Someone, Someone [cached]

Searching: Vic Dana: Garden In The Rain

	Vic Dana: Garden In The Rain [cached]

Searching: Bobby Vee: Pretend You Don't See Her

	Bobby Vee: Pretend You Don't See Her [cached]

Searching: The Village Stompers: Fiddler On The Roof

	The Village Stompers: Fiddler on the Roof - From the Musical Production, "Fiddler on the Roof" [cached]

Searching: Don Covay: Take This Hurt Off Me

	Don Covay: Take This Hurt off Me [cached]

Searching: Willie Tee: Teasin' You

	Willie Tee: Teasin' You Again [cached]

Searching: Mongo Santamaria: El Pussy Cat

	Mongo Santamaria: El Pussy Cat [cached]

Searching: Roger Williams: Try To Remember

	 NOT FOUND

Searching: Adam Faith: Talk About Love

	Adam Faith: Talk About Love [cached]

Searching: Georgie Fame And The Blue Flames: In The Meantime

	Georgie Fame & The Blue Flames: In The Meantime [cached]

Searching: Sandie Shaw: Long Live Love

	Sandie Shaw: Long Live Love - Mono Mix [cached]

Searching: B.B. King: Blue Shadows

	B.B. King: Blue Shadows [cached]

Searching: Chad & Jeremy: From A Window

	Chad & Jeremy: From A Window [cached]

Searching: The Ron-Dels: If You Really Want Me To, I'll Go
=========> Ron Dels: If You Really Want Me To  I ll Go

	 NOT FOUND

Searching: Billy Stewart: How Nice It Is

	Billy Stewart: How Nice It Is [cached]

Searching: The Beau Brummels: Good Time Music

	The Beau Brummels: Good Time Music [cached]

Searching: The Three Degrees: Look In My Eyes

	The Three Degrees: Look in My Eyes [cached]

Searching: Jonathan King: Where The Sun Has Never Shone

	Jonathan King: Where The Sun Has Never Shone [cached]

Searching: Barbara Mason: Is It Me?

	Barbara Mason: Is It Me [cached]

Searching: Mitty Collier: Sharing You

	Mitty Collier: Sharing You [cached]

Searching: Solomon Burke: I Feel A Sin Coming On

	Solomon Burke: I Feel a Sin Coming On [cached]

Searching: Sam Cooke: Let's Go Steady Again

	Sam Cooke: Let's Go Steady Again [cached]

Searching: The Uniques: All These Things

	Joe Stampley & The Uniques: All These Things [cached]

Searching: Dean Parrish: Tell Her

	 NOT FOUND

Searching: Etta James & Sugar Pie DeSanto: In The Basement - Part 1

	Etta James: In The Basement - Pt. 1 [cached]

Searching: Shorty Long: Function At The Junction

	Shorty Long: Function At The Junction - Single Version [cached]

Searching: Paul Vance: Dommage, Dommage (Too Bad, Too Bad)

	Paul Vance: Dommage, Dommage (Too Bad, Too Bad) [cached]

Searching: Cher: Behind The Door

	Cher: Behind The Door [cached]

Searching: The Platters: I'll Be Home

	The Platters: I'll Be Home For Christmas [cached]

Searching: Bobby McClure: Peak Of Love

	Bobby McClure: Peak Of Love [cached]

Searching: Bobby Moore's Rhythm Aces featuring Chico: Try My Love Again

	Bobby Moore & The Rhythm Aces: Try My Love Again [cached]

Searching: The Hardtimes: Fortune Teller

	Hardtimes: Fortune Teller [cached]

Searching: Judy Collins: Hard Lovin' Loser

	Judy Collins: Hard Lovin' Loser [cached]

Searching: Eddie Fisher: People Like You

	Eddie Fisher: People Like You [cached]

Searching: Lowell Fulsom: Make A Little Love

	Lowell Fulson: Make a Little Love [cached]

Searching: Lee Dorsey: My Old Car

	Lee Dorsey: My Old Car [cached]

Searching: Peter And Gordon: The Jokers

	Peter And Gordon: The Jokers [cached]

Searching: Davie Allan And The Arrows: Devil's Angels

	Davie Allan & The Arrows: The Devil's Rumble [cached]

Searching: Sonny James: I'll Never Find Another You

	Sonny James: I'll Never Find Another You [cached]

Searching: Brenda & The Tabulations: Just Once In A Lifetime

	Brenda And The Tabulations: Just Once In a Lifetime [cached]

Searching: Eddie Floyd: Love Is A Doggone Good Thing

	Eddie Floyd: Love Is a Doggone Good Thing [cached]

Searching: Syl Johnson: Come On Sock It To Me

	Syl Johnson: Come On Sock It to Me [cached]

Searching: The Royal Guardsmen: Wednesday
=========> Royal Guardsmen: Wednesday

	 NOT FOUND

Searching: Pozo Seco Singers: Louisiana Man

	Pozo Seco Singers: Louisiana Man [cached]

Searching: James Carr: I'm A Fool For You

	James Carr: I'm a Fool for You [cached]

Searching: Robert Knight: Blessed Are The Lonely

	Robert Knight: Blessed Are the Lonely [cached]

Searching: Jerry Lee Lewis: Another Place Another Time

	Jerry Lee Lewis: Another Place Another Time [cached]

Searching: Otis Clay: She's About A Mover
=========> Otis Clay: She s About A Mover

	 NOT FOUND

Searching: Barbara Mason: (I Can Feel Your Love) Slipping Away

	Barbara Mason: (I Can Feel Your Love) Slipping Away [cached]

Searching: Robert Knight: Isn't It Lonely Together
=========> Robert Knight: Isn t It Lonely Together

	 NOT FOUND

Searching: Jimmy McGriff: The Worm

	Jimmy McGriff: The Worm [cached]

Searching: Al Martino: I Can't Help It (If I'm Still In Love With You)
=========> Al Martino: I Can t Help It

	 NOT FOUND

Searching: Manfred Mann: Fox On The Run

	Manfred Mann: Fox On The Run [cached]

Searching: Ruby Winters: I Don't Want To Cry

	Ruby Winters: I Don't Want to Cry [cached]

Searching: Nancy Sinatra: God Knows I Love You

	Nancy Sinatra: God Knows I Love You [cached]

Searching: The Unifics: It's A Groovy World!
=========> Unifics: It s A Groovy World

	 NOT FOUND

Searching: Earth Opera: Home To You

	 NOT FOUND

Searching: Bob Seger System: Ivory

	Bob Seger: Ivory [cached]

Searching: Little Milton: Just A Little Bit

	Little Milton: Just A Little Bit [cached]

Searching: Spanky And Our Gang: And She's Mine

	Spanky & Our Gang: And She's Mine [cached]

Searching: B.J. Thomas: Pass The Apple Eve

	B.J. Thomas: Pass The Apple Eve [cached]

Searching: Steve Greenberg: Big Bruce

	Steve Greenberg: Big Bruce [cached]

Searching: The Marvelettes: That's How Heartaches Are Made

	The Marvelettes: That's How Heartaches Are Made [cached]

Searching: Jimmy Clanton: Curly

	Jimmy Clanton: Curly [cached]

Searching: Arlo Guthrie: Alice's Rock & Roll Restaurant
=========> Arlo Guthrie: Alice s Rock   Roll Restaurant

	 NOT FOUND

Searching: Grand Funk Railroad: Mr. Limousine Driver

	Grand Funk Railroad: Mr. Limousine Driver - Remastered [cached]

Searching: The Byrds: Jesus Is Just Alright

	The Byrds: Jesus Is Just Alright [cached]

Searching: Owen B.: Mississippi Mama
=========> Owen B: Mississippi Mama

	 NOT FOUND

Searching: Oliver: Angelica

	Oliver: Angelica [cached]

Searching: I.A.P. Co. (the Italian Asphalt & Pavement Company): Check Yourself
=========> I A P  Co: Check Yourself

	 NOT FOUND

Searching: Brenda Lee: I Think I Love You Again

	 NOT FOUND

Searching: Tammy Wynette: He Loves Me All The Way

	Tammy Wynette: He Loves Me All the Way [cached]

Searching: Bobbi Martin: Give A Woman Love

	Bobbi Martin: Give A Woman Love [cached]

Searching: Spirit: Animal Zoo

	Spirit: Animal Zoo [cached]

Searching: Dave Mason: Satin Red And Black Velvet Woman

	 NOT FOUND

Searching: Jimmy Ruffin: Maria (You Were The Only One)

	Jimmy Ruffin: Maria (You Were The Only One) [cached]

Searching: The Gentrys: Wild World
=========> Gentrys: Wild World

	 NOT FOUND

Searching: B.B. King: That Evil Child

	B.B. King: That Evil Child - Remastered [cached]

Searching: Luther Ingram: Be Good To Me Baby

	 NOT FOUND

Searching: Bobby Bland: I'm Sorry

	Bobby "Blue" Bland: I'm Sorry - Single Version [cached]

Searching: Andy Kim: I Been Moved

	 NOT FOUND

Searching: The Staple Singers: You've Got To Earn It

	The Staple Singers: You've Got To Earn It [cached]

Searching: Jeannie C. Riley: Good Enough To Be Your Wife

	Jeannie C. Riley: Good Enough To Be Your Wife [cached]

Searching: The Main Ingredient: Black Seeds Keep On Growing

	The Main Ingredient: Black Seeds Keep on Growing [cached]

Searching: Livingston Taylor: Get Out Of Bed

	Livingston Taylor: Get Out Of Bed [cached]

Searching: PG&E: Thank God For You Baby
=========> PG: Thank God For You Baby

	 NOT FOUND

Searching: Slade: Take Me Bak 'Ome

	Slade: Take Me Bak 'Ome [cached]

Searching: Tony Cole: Suite: Man And Woman
=========> Tony Cole: Suite  Man And Woman

	 NOT FOUND

Searching: Simon & Garfunkel: America

	Simon & Garfunkel: America [cached]

Searching: Dottie West: If It's All Right With You
=========> Dottie West: If It s All Right With You

	 NOT FOUND

Searching: Bunny Sigler: Tossin' And Turnin'
=========> Bunny Sigler: Tossin  And Turnin

	 NOT FOUND

Searching: The Raiders: Love Music

	Paul Revere & The Raiders: Love Music [cached]

Searching: Tommy Roe: Working Class Hero

	Tommy Roe: Working Class Hero [cached]

Searching: The New Birth: Until It's Time For You To Go

	The New Birth: Until It's Time for You to Go [cached]

Searching: First Choice: Newsy Neighbors

	First Choice: Newsy Neighbors [cached]

Searching: Maggie Bell: After Midnight

	Maggie Bell: After Midnight [cached]

Searching: Terry Jacks: Rock 'N' Roll (I Gave You The Best Years Of My Life)

	Terry Jacks: Rock'n'Roll (I Gave You The Best Years Of My Life) [cached]

Searching: The Manhattans: Hurt

	The Manhattans: Hurt [cached]

Searching: Pure Prairie League: Two Lane Highway

	Pure Prairie League: Two Lane Highway [cached]

Searching: Four Tops: We All Gotta Stick Together

	Four Tops: We All Gotta Stick Together [cached]

Searching: Jim Capaldi: Love Hurts

	Jim Capaldi: Love Hurts [cached]

Searching: Norman Connors: Valentine Love

	Norman Connors: Valentine Love (feat. Michael Henderson & Jean Carn) - Remastered [cached]

Searching: Kenny Rogers: Love Lifted Me

	Kenny Rogers: Love Lifted Me [cached]

Searching: Bobby Vinton: Moonlight Serenade

	 NOT FOUND

Searching: Waylon Jennings: Can't You See

	Waylon Jennings: Can't You See [cached]

Searching: Donny Most: All Roads (Lead Back To You)

	Donny Most: All Roads (Lead Back To You) [cached]

Searching: Automatic Man: My Pearl

	 NOT FOUND

Searching: Exile: Try It On

	 NOT FOUND

Searching: Charlene: It Ain't Easy Comin' Down

	Charlene: It Ain't Easy Comin' Down [cached]

Searching: Kerry Chater: Part Time Love

	 NOT FOUND

Searching: Engelbert Humperdinck: Goodbye My Friend

	Engelbert Humperdinck: Goodbye My Friend [cached]

Searching: Kenny Nolan: My Eyes Get Blurry

	Kenny Nolan: My Eyes Get Blurry [cached]

Searching: Eloise Laws: Number One

	Eloise Laws: Number One [cached]

Searching: John Denver: Dancing With The Mountains

	John Denver: Dancing with the Mountains [cached]

Searching: The Crusaders With Joe Cocker: I'm So Glad I'm Standing Here Today

	The Crusaders: I'm So Glad I'm Standing Here Today [cached]

Searching: McGuffey Lane: Start It All Over

	 NOT FOUND

Searching: The Steve Miller Band: I Want To Make The World Turn Around

	Steve Miller Band: I Want To Make The World Turn Around [cached]

Searching: Tia: Boy Toy

	Tia AFI: Boy Toy - Toy Mix [cached]

Searching: K.T.P.: Certain Things Are Likely

	Kissing The Pink: Certain Things Are Likely [cached]

Searching: Alisha: Into My Secret

	 NOT FOUND

Searching: Siedah Garrett: K.I.S.S.I.N.G.

	Siedah Garrett: K.I.S.S.I.N.G. [cached]

Searching: KISS: Let's Put The X In Sex

	KISS: Let's Put The X In Sex [cached]

Searching: Mica Paris: My One Temptation

	Mica Paris: My One Temptation [cached]

Searching: Erasure: Stop!

	Erasure: Stop! [cached]

Searching: Big Noise: Name And Number

	Big Noise: Name and Number [cached]

Searching: Hooters: 500 Miles

	The Hooters: 500 Miles [cached]

Searching: The Cure: Close To Me

	The Cure: Close To Me [cached]

Searching: Gary Moore: Still Got The Blues

	Gary Moore: Still Got The Blues [cached]

Searching: Jinny: Keep Warm

	Jinny: Keep Warm - Extended Mix [cached]

Searching: St. Etienne: Only Love Can Break Your Heart
=========> St  Etienne: Only Love Can Break Your Heart

	 NOT FOUND

Searching: CeCe Peniston: Crazy Love

	CeCe Peniston: Crazy Love [cached]

Searching: Rapination & Kym Mazelle: Love Me The Right Way
=========> Rapination: Love Me Right Way

	 NOT FOUND

Searching: New Born: Falling In Love

	 NOT FOUND

Searching: Bon Jovi: I'll Sleep When I'm Dead

	Bon Jovi: I'll Sleep When I'm Dead [cached]

Searching: Tina Turner: Why Must We Wait Until Tonight

	Tina Turner: Why Must We Wait Until Tonight [cached]

Searching: Brooks & Dunn: Rock My World (Little Country Girl)

	Brooks & Dunn: Rock My World - Little Country Girl [cached]

Searching: The Juliana Hatfield 3: Spin The Bottle (From "Reality Bites")

	The Juliana Hatfield Three: Spin The Bottle [cached]

Searching: Tag Team, Mickey, Minnie, And Goofy: Whoomp! (There It Went)
=========> Tag Team  Mickey  Minnie: Whoomp

	 NOT FOUND

Searching: Garbage: Vow

	Garbage: Vow - 2015 - Remaster [cached]

Searching: Van Halen: Not Enough

	Van Halen: Not Enough [cached]

Searching: Jeff Carson: Not On Your Love

	Jeff Carson: Not On Your Love [cached]

Searching: Genius/GZA Featuring Inspektah Deck: Cold World

	Genius: Cold World (RZA mix) [cached]

Searching: Pearl Jam: Daughter/Yellow Ledbetter

	Pearl Jam: Daughter (Remastered) [cached]

Searching: Sir Mix-A-Lot: Jump On It

	Sir Mix-A-Lot: Jump On It [cached]

Searching: Deborah Cox: The Sound Of My Tears

	Deborah Cox: The Sound of My Tears [cached]

Searching: Sons Of Funk: Pushin' Inside You (From "How Bout It")

	Sons Of Funk: Pushin' Inside You [cached]

Searching: Rufus Blaq: Out Of Sight (YO)

	Rufus Blaq: Out Of Sight (Yo) [cached]

Searching: Pharoahe Monch: Simon Says

	Pharoahe Monch: Simon Says [cached]

Searching: Amel Larrieux: Get Up

	Amel Larrieux: Get Up [cached]

Searching: Redman Featuring DJ Kool: Let's Get Dirty (I Can't Get In Da Club)

	Redman: Let's Get Dirty (I Can't Get In Da Club) [cached]

Searching: Ricky Martin: Loaded

	Ricky Martin: Loaded [cached]

Searching: Paul McCartney: Freedom

	Paul McCartney: Freedom - Studio Mix [cached]

Searching: NB Ridaz Featuring Angelina: Runaway

	NB Ridaz: Runaway [cached]

Searching: Yasmeen Featuring Ghostface Killah: Blue Jeans
=========> Yasmeen: Blue Jeans

	 NOT FOUND

Searching: Paulina Rubio: The One You Love

	Paulina Rubio: The One You Love [cached]

Searching: Freeway Featuring Jay-Z & Beanie Sigel: What We Do

	Freeway: What We Do [cached]

Searching: Kelly Rowland: Can't Nobody

	Kelly Rowland: Can't Nobody - Cedsolo Hip-Hop Remix [cached]

Searching: The Rolling Stones: Sympathy For The Devil (Remixes)

	The Rolling Stones: Sympathy For The Devil - 50th Anniversary Edition [cached]

Searching: Big Tymers: This Is How We Do

	Big Tymers: This Is How We Do [cached]

Searching: The Roc Project Featuring Tina Arena: Never (Past Tense)

	The Roc Project: Never - Filterheadz Love Tina Remix [cached]

Searching: Ric-A-Che Featuring Darija: Coo-Coo Chee

	Ric-A-Che': Coo Coo Chee Feat. Darija [cached]

Searching: Mynt Featuring Kim Sozzi: How Did You Know?

	Mynt: How Did You Know [cached]

Searching: Teena Marie Featuring Gerald Levert: A Rose By Any Other Name

	Gerald Levert with Teena Marie: A Rose By Any Other Name - Remastered [cached]

Searching: Daryl Hall John Oates: I'll Be Around

	Daryl Hall: I'll Be Around [cached]

Searching: U2: Sometimes You Can't Make It On Your Own

	U2: Sometimes You Can't Make It On Your Own [cached]

Searching: Lonestar: Class Reunion (That Used To Be Us)

	Lonestar: Class Reunion (That Used To Be Us) [cached]

Searching: The Bravery: An Honest Mistake

	The Bravery: An Honest Mistake [cached]

Searching: Aventura Featuring Don Omar: Ella Y Yo

	Aventura: Ella Y Yo - Featuring Don Omar [cached]

Searching: Nickelback: Animals

	Nickelback: Animals [cached]

Searching: India.Arie: I Am Not My Hair

	India.Arie: I Am Not My Hair - Featuring Akon [cached]

Searching: Cassie: Long Way 2 Go

	Cassie: Long Way 2 Go [cached]

Searching: Bowling For Soup: High School Never Ends

	Bowling For Soup: High School Never Ends - Main Version - Explicit [cached]

Searching: The Smashing Pumpkins: Doomsday Clock
=========> Smashing Pumpkins: Doomsday Clock

	 NOT FOUND

Searching: Hilary Duff: Stranger

	Hilary Duff: Stranger [cached]

Searching: Serj Tankian: Empty Walls

	Serj Tankian: Empty Walls [cached]

Searching: Lil Wayne: I'm Me

	Lil Wayne: I'm Me [cached]

Searching: Michael Buble: Lost

	Michael Bublé: Lost [cached]

Searching: Nas Featuring Keri Hilson: Hero

	Nas: Hero [cached]

Searching: Akon Featuring Sweet Rush: Troublemaker

	Akon: Troublemaker [cached]

Searching: Martina McBride: I Just Call You Mine

	Martina McBride: I Just Call You Mine [cached]

Searching: 50 Cent: The Invitation

	50 Cent: The Invitation [cached]

Searching: Shiny Toy Guns: Major Tom

	Shiny Toy Guns: Major Tom (Coming Home) [cached]

Searching: Kellie Pickler: Didn't You Know How Much I Loved You

	Kellie Pickler: Didn't You Know How Much I Loved You [cached]

Searching: Breaking Benjamin: Give Me A Sign (Forever And Ever)

	Breaking Benjamin: Give Me A Sign [cached]

Searching: Shinedown: The Crow & The Butterfly

	Shinedown: The Crow & the Butterfly [cached]

Searching: Toby Keith: Trailerhood

	Toby Keith: Trailerhood [cached]

Searching: Glee Cast: Don't Cry For Me Argentina (Lea Michele Version)

	Glee Cast: Don't Cry For Me Argentina (Glee Cast - Rachel/Lea Michele Solo Version) [cached]

Searching: Ke$ha: F**k Him He's A DJ

	Kesha: F**K Him He's A DJ [cached]

Searching: Rej3ctz: Cat Daddy

	Rej3ctz: Cat Daddy [cached]

Searching: Romeo Santos: You

	Romeo Santos: You [cached]

Searching: Jill Scott Featuring Anthony Hamilton: So In Love

	Jill Scott: So In Love - feat. Anthony Hamilton [cached]

Searching: Don Omar: Taboo

	Don Omar: Taboo [cached]

Searching: Wale Featuring Kid Cudi: Focused

	Wale: Focused (feat. Kid Cudi) [cached]

Searching: Bella Thorne: TTYLXOX

	Bella Thorne: TTYLXOX [cached]

Searching: Phillip Phillips: We've Got Tonight
=========> Phillip Phillips: We ve Got Tonight

	 NOT FOUND

Searching: Big Time Rush: Windows Down

	 NOT FOUND

Searching: Green Day: Oh Love

	Green Day: Oh Love [cached]

Searching: Mumford & Sons: Lover Of The Light

	Mumford & Sons: Lover Of The Light [cached]

Searching: Amanda Brown: Stars

	Amanda Brown: Stars - The Voice Performance [cached]

Searching: Ludacris Featuring Kelly Rowland: Representin'

	Ludacris: Representin [cached]

Searching: Samantha Barks: On My Own

	Samantha Barks: On My Own [cached]

Searching: Arianna Featuring Pitbull: Sexy People (The Fiat Song)

	Arianna: Sexy People (The Fiat Song) (feat. Pitbull) [cached]

Searching: Annie Lennox: I Put A Spell On You

	Annie Lennox: I Put A Spell On You (Fifty Shades of Grey) - From "Fifty Shades Of Grey" Soundtrack [cached]

Searching: Drake: 6 Man

	Drake: 6 Man [cached]

Searching: PSY Featuring CL: Daddy

	PSY: DADDY [cached]

Searching: Rick Ross Featuring Chris Brown: Sorry

	Rick Ross: Sorry [cached]

Searching: Curren$Y Featuring August Alsina & Lil Wayne: Bottom Of The Bottle

	Curren$y: Bottom of the Bottle (feat. August Alsina & Lil Wayne) [cached]

Searching: Kevin Gates Featuring Trey Songz, Ty Dolla $ign & Jamie Foxx: Jam

	Kevin Gates: Jam (feat. Trey Songz, Ty Dolla $ign and Jamie Foxx) [cached]

Searching: Meek Mill: Blessed Up

	Meek Mill: Blessed Up [cached]

Searching: Eminem: Infinite

	Eminem: Infinite [cached]

Searching: Big Sean Featuring Jeremih: Light

	Big Sean: Light [cached]

Searching: G-Eazy Featuring Marc E. Bassy: Some Kind Of Drug

	G-Eazy: Some Kind Of Drug (feat. Marc E. Bassy) [cached]

Searching: Rick Ross Featuring Young Thug & Wale: Trap Trap Trap

	Rick Ross: Trap Trap Trap (feat. Young Thug & Wale) [cached]

Searching: Meek Mill Featuring Lil Uzi Vert: F**k That Check Up
=========> Meek Mill: F  k That Check Up

	 NOT FOUND

Searching: Kesha: Learn To Let Go

	Kesha: Learn To Let Go [cached]

Searching: Logic: BoomTrap Protocol

	Logic: BoomTrap Protocol [cached]

Searching: Lil Baby: Deep End

	Lil Baby: Deep End (Lil Baby & Gunna) [cached]

Searching: Lil Mosey: Kamikaze

	Lil Mosey: Kamikaze [cached]

Searching: Gunna Featuring Playboi Carti: Same Yung N***a
=========> Gunna: Same Yung N   a

	 NOT FOUND

Searching: Lil Tecca: Love Me

	Lil Tecca: Love Me [cached]

Searching: Luke Combs & Brooks & Dunn: 1, 2 Many

	Luke Combs: 1, 2 Many [cached]

Searching: Fat Joe & Dre Featuring Eminem & Mary J. Blige: Lord Above

	Fat Joe: Lord Above [cached]

Searching: Niall Horan: No Judgement

	Niall Horan: No Judgement [cached]

Searching: Bad Bunny X Anuel AA: Esta Cabron Ser Yo

	Bad Bunny: Está Cabrón Ser Yo [cached]

Searching: Big Sean: Why Would I Stop?

	Big Sean: Why Would I Stop? [cached]

Searching: Tory Lanez: Money Over Fallouts

	Tory Lanez: Money Over Fallouts [cached]

Searching: T.I. Featuring Lil Baby: Pardon

	T.I.: Pardon (feat. Lil Baby) [cached]

Searching: Future: Rockstar Chainz

	Future: Rockstar Chainz [cached]

Searching: Jazmine Sullivan Featuring H.E.R.: Girl Like Me

	Jazmine Sullivan: Girl Like Me (feat. H.E.R.) [cached]

Searching: Juice WRLD, Clever & Post Malone: Life's A Mess II

	Juice WRLD: Life's A Mess II (with Clever & Post Malone) [cached]

Searching: Polo G: Bloody Canvas

	Polo G: Bloody Canvas [cached]

Searching: Pop Smoke Featuring Bizzy Banks: 30

	Pop Smoke: 30 (feat. Bizzy Banks) [cached]

Searching: T-Pain & Kehlani: I Like Dat

	T-Pain: I Like Dat [cached]

Searching: Lil Nas X Featuring Miley Cyrus: Am I Dreaming
=========> Lil Nas X: Am I Dreaming

	Lil Nas X: AM I DREAMING (feat. Miley Cyrus)

Searching: Priscilla Block: Just About Over You

	Priscilla Block: Just About Over You
