Found 212/255 = 83%
43 not found: 
The Ames Brothers: Little Serenade
Leslie Uggams: One More Sunrise (Morgen)
The Kingston Trio: CooCoo-U
100 Strings and Jono (Choir of 40 Voices): I Need You Now
Eddy Arnold: Does He Mean That Much To You?
Ben Colder: Still No. 2
Johnnie Taylor: Baby, We've Got Love
Inez Foxx: Hi Diddle Diddle
The Lettermen: Where Or When
The Ska Kings: Jamaica Ska
Ray Charles: I Want To Talk About You
Baja Marimba Band: Georgy Girl
Elmo & Almo: When The Good Sun Shines
The Pete Klint Quintet: Walkin' Proud
Anthony & The Imperials: I'm Hypnotized
The Sandpebbles: Never My Love
The McCoys: Jesse Brady
Gloria Walker/Chevelles: Please Don't Desert Me Baby
Ray Charles: Laughin And Clownin
The Illusion: Let's Make Each Other Happy
Brooklyn Bridge: Day Is Done
Hog Heaven: Happy
Gayle McCormick: You Really Got A Hold On Me
Rick Springfield: American Girls
Hamilton Bohannon: Foot Stompin Music
Edwin Starr: Abyssinia Jones
The Champs' Boys Orchestra: Tubular Bells
Revelation: You To Me Are Everything, Part I
Jim Stafford: Turn Loose Of My Leg
Gerardo: When The Lights Go Out
Inner Circle: Rock With You
Quincy Jones Introducing Tamia: You Put A Move On My Heart
Isyss Featuring Jadakiss: Day + Night
Colbie Caillat: Something Special
Zac Efron & Vanessa Hudgens: Can I Have This Dance
Jennifer Hudson Featuring The Roots: Let It Be
ROCKMAFIA: The Big Bang
MGK Featuring Waka Flocka Flame: Wild Boy
Jake Worthington: Heaven
Chris Jamison: When I Was Your Man
Sawyer Fredericks: Imagine
Lauren Duski: Ghost In This House
YG: Stop Snitching
--------- log -----------
Searching: The Ames Brothers: Little Serenade
=========> Ames Brothers: Little Serenade

	 NOT FOUND

Searching: The Gaylords: Flamingo L'Amore
=========> The Gaylords: Flamingo L Amore

	The Gaylords: Flamingo L'Amore

Searching: Peggy Lee: Sweetheart

	Peggy Lee: Someday, Sweetheart

Searching: The 5 Chanels: The Reason

	The 5 Chanels: The Reason

Searching: The Teddy Bears: I Don't Need You Anymore
=========> The Teddy Bears: I Don t Need You Anymore

	The Teddy Bears: I Don't Need You Anymore

Searching: Bobby Day: That's All I Want
=========> Bobby Day: That s All I Want

	Bobby Day: That's All I Want

Searching: Leslie Uggams: One More Sunrise (Morgen)
=========> Leslie Uggams: One More Sunrise

	 NOT FOUND

Searching: The Mystics: Don't Take The Stars
=========> The Mystics: Don t Take The Stars

	The Mystics: Don't Take The Stars

Searching: The Kingston Trio: CooCoo-U
=========> Kingston Trio: CooCoo

	 NOT FOUND

Searching: Fats Domino: If You Need Me

	Fats Domino: If You Need Me - Version #2

Searching: 100 Strings and Jono (Choir of 40 Voices): I Need You Now
=========> 100 Strings: I Need You Now

	 NOT FOUND

Searching: Roger Williams: La Montana (If She Should Come To You)
=========> Roger Williams: La Montana

	Roger Williams: La Montana

Searching: Conway Twitty: She's Mine
=========> Conway Twitty: She s Mine

	Conway Twitty: She's Mine

Searching: David Carroll And His Orchestra: Midnight Lace
=========> David Carroll: Midnight Lace

	David Carroll And His Orchestra: Midnight Lace (From "Midnight Lace")

Searching: Ernestine Anderson: A Lover's Question
=========> Ernestine Anderson: A Lover s Question

	Ernestine Anderson: A Lover's Question

Searching: Della Reese: Won'cha Come Home, Bill Bailey
=========> Della Reese: Won cha Come Home  Bill Bailey

	Della Reese: Won'cha Come Home, Bill Bailey

Searching: Bull Moose Jackson: I Love You Yes I Do

	Bull Moose Jackson: I Love You, Yes I Do

Searching: Hank Levine And Orchestra: Image - Part 1
=========> Hank Levine: Image

	Hank Levine: Image Part 1

Searching: The Castells: Make Believe Wedding

	The Castells: Make Believe Wedding

Searching: Conway Twitty: Portrait Of A Fool

	Conway Twitty: Portrait Of A Fool

Searching: Frank Sinatra: Stardust

	Frank Sinatra: Stardust - 1994 Remastered

Searching: Doris Day: Lover Come Back

	Doris Day: Lover Come Back (with Frank DeVol & His Orchestra) - Mono

Searching: Ferrante & Teicher: Lisa
=========> Ferrante   Teicher: Lisa

	Ferrante & Teicher: Lisa

Searching: Maxine Brown: My Time For Cryin'
=========> Maxine Brown: My Time For Cryin

	Maxine Brown: My Time For Cryin'

Searching: Fats Domino: Dance With Mr. Domino
=========> Fats Domino: Dance With Mr  Domino

	Fats Domino: Dance With Mr Domino (Domino Twist) - Live

Searching: Bobby Lewis: I'm Tossin' And Turnin' Again
=========> Bobby Lewis: I m Tossin  And Turnin  Again

	Bobby Lewis: I'm Tossin' And Turnin' Again

Searching: Bruce Channel: Come On Baby

	Bruce Channel: Come on Baby

Searching: Dinah Washington: You're A Sweetheart
=========> Dinah Washington: You re A Sweetheart

	Dinah Washington: You're a Sweetheart

Searching: Lawrence Welk: Zero-Zero
=========> Lawrence Welk: Zero Zero

	Lawrence Welk: Zero-Zero

Searching: Eddy Arnold: Does He Mean That Much To You?
=========> Eddy Arnold: Does He Mean That Much To You

	 NOT FOUND

Searching: Patti Page: Pretty Boy Lonely

	Patti Page: Pretty Boy Lonely

Searching: Chubby Checker: Black Cloud

	Chubby Checker: Black Cloud - Bonus Track

Searching: Ben Colder: Still No. 2
=========> Ben Colder: Still No  2

	 NOT FOUND

Searching: Richard Chamberlain: True Love

	Richard Chamberlain: True Love - Remastered

Searching: Bobby Comstock And The Counts: Your Boyfriend's Back
=========> Bobby Comstock: Your Boyfriend s Back

	Bobby Comstock: Your Boyfriend's Back

Searching: Bobby Rydell: Let's Make Love Tonight
=========> Bobby Rydell: Let s Make Love Tonight

	Bobby Rydell: Let's Make Love Tonight - Bonus Track

Searching: Dick Dale and The Del-Tones: The Scavenger
=========> Dick Dale: The Scavenger

	Dick Dale: The Scavenger

Searching: Johnnie Taylor: Baby, We've Got Love
=========> Johnnie Taylor: Baby  We ve Got Love

	 NOT FOUND

Searching: Inez Foxx: Hi Diddle Diddle

	 NOT FOUND

Searching: The Lettermen: Where Or When
=========> Lettermen: Where Or When

	 NOT FOUND

Searching: Jerry Lee Lewis: I'm On Fire
=========> Jerry Lee Lewis: I m On Fire

	Jerry Lee Lewis: I'm On Fire

Searching: Lenny O'Henry: Across The Street
=========> Lenny O Henry: Across The Street

	Lenny O'Henry: Across The Street (Single Version)

Searching: The Soul Sisters: Good Time Tonight

	The Soul Sisters: Good Time Tonight

Searching: The Ska Kings: Jamaica Ska
=========> Ska Kings: Jamaica Ska

	 NOT FOUND

Searching: The Crystals: All Grown Up

	The Crystals: All Grown Up

Searching: Irma Thomas: Times Have Changed

	Irma Thomas: Times Have Changed

Searching: Baby Washington: It'll Never Be Over For Me
=========> Baby Washington: It ll Never Be Over For Me

	Baby Washington: It'll Never Be Over For Me

Searching: The Exciters: I Want You To Be My Boy

	The Exciters: I Want You to Be My Boy

Searching: Bobby Rydell: Diana

	Bobby Rydell: Diana

Searching: Jimmy Witherspoon: You're Next
=========> Jimmy Witherspoon: You re Next

	Jimmy Witherspoon: You're Next

Searching: The Nashville Teens: Find My Way Back Home

	The Nashville Teens: Find My Way Back Home

Searching: Brenda Lee: No One

	Brenda Lee: Fool No. 1

Searching: Chet Atkins: Yakety Axe

	Chet Atkins: Yakety Axe - Buddha Remastered - 2000

Searching: Chuck Jackson & Maxine Brown: I Need You So
=========> Chuck Jackson   Maxine Brown: I Need You So

	Chuck Jackson: I Need You So

Searching: Allan Sherman: The Drinking Man's Diet
=========> Allan Sherman: The Drinking Man s Diet

	Allan Sherman: I'm On The Drinking Man's Diet (And I'm Half Stoned)

Searching: Johnny Mathis: On A Clear Day You Can See Forever

	Johnny Mathis: On a Clear Day (You Can See Forever) - From the B'way Musical, "On a Clear Day (You Can See Forever)"

Searching: Sam & Bill: Fly Me To The Moon
=========> Sam: Fly Me To Moon

	Samy Goz: Fly Me to the Moon - In Other Words

Searching: Jamo Thomas & His Party Brothers Orchestra: I Spy (For The FBI)
=========> Jamo Thomas: I Spy

	Jamo Thomas: I Spy (For The FBI)

Searching: The Moody Blues: Stop!
=========> The Moody Blues: Stop

	The Moody Blues: Stop

Searching: Barbra Streisand: Sam, You Made The Pants Too Long
=========> Barbra Streisand: Sam  You Made The Pants Too Long

	Barbra Streisand: Sam, You Made The Pants Too Long

Searching: Barbara Mason: I Need Love

	Barbara Mason: I Need Love

Searching: Peter And Gordon: To Show I Love You

	Peter And Gordon: To Show I Love You - Stereo; 2011 Remaster

Searching: Jimmy Holiday: Baby I Love You

	Jimmy Holiday: Baby I Love You

Searching: Len Barry: I Struck It Rich

	Len Barry: I Struck It Rich

Searching: Claudine Longet: Meditation (Meditacao)
=========> Claudine Longet: Meditation

	Claudine Longet: Meditation

Searching: Liverpool Five: Any Way That You Want Me

	Liverpool Five: Any Way That You Want Me

Searching: Ray Charles: I Want To Talk About You

	 NOT FOUND

Searching: Sergio Mendes & Brasil '66: For Me
=========> Sergio Mendes   Brasil  66: For Me

	Sergio Mendes & Brasil '66: For What It's Worth

Searching: Baja Marimba Band: Georgy Girl

	 NOT FOUND

Searching: Gladys Knight And The Pips: Take Me In Your Arms And Love Me
=========> Gladys Knight: Take Me In Your Arms And Love Me

	Gladys Knight & The Pips: Take Me In Your Arms And Love Me

Searching: Elmo & Almo: When The Good Sun Shines
=========> Elmo: When Good Sun Shines

	 NOT FOUND

Searching: ? (Question Mark) & The Mysterians: Girl (You Captivate Me)
=========> The Mysterians: Girl

	? & The Mysterians: Girl (You Captivate Me)

Searching: Clarence Carter: Thread The Needle

	Clarence Carter: Thread the Needle

Searching: Eddie Floyd: Don't Rock The Boat
=========> Eddie Floyd: Don t Rock The Boat

	Eddie Floyd: Don't Rock the Boat

Searching: Don And The Goodtimes: Happy And Me
=========> Don: Happy And Me

	Donald Lawrence & Company: Happy Being Me

Searching: Gene Chandler: There Goes The Lover

	Gene Chandler: There Goes the Lover

Searching: Ed Ames: When The Snow Is On The Roses

	Ed Ames: When The Snow Is On The Roses

Searching: The Pete Klint Quintet: Walkin' Proud
=========> Pete Klint Quintet: Walkin  Proud

	 NOT FOUND

Searching: The Left Banke: Desiree'
=========> The Left Banke: Desiree

	The Left Banke: Desiree

Searching: Buffalo Springfield: Expecting To Fly

	Buffalo Springfield: Expecting to Fly

Searching: Anthony & The Imperials: I'm Hypnotized
=========> Anthony: I m Hypnotized

	 NOT FOUND

Searching: Grapefruit: Dear Delilah

	Grapefruit: Dear Delilah [Single Version] - BONUS TRACK - Digitally Remastered

Searching: David Houston: Have A Little Faith

	David Houston: Have A Little Faith

Searching: Jefferson Airplane: Greasy Heart

	Jefferson Airplane: Greasy Heart

Searching: Ramsey Lewis: Since You've Been Gone
=========> Ramsey Lewis: Since You ve Been Gone

	Ramsey Lewis: Since You've Been Gone - Remastered

Searching: B.B. King: The B.B. Jones
=========> B B  King: The B B  Jones

	Michael Bublé: Baby (You've Got What It Takes) [with Sharon Jones & The Dap-Kings]

Searching: The Sandpebbles: Never My Love
=========> Sandpebbles: Never My Love

	 NOT FOUND

Searching: The McCoys: Jesse Brady
=========> McCoys: Jesse Brady

	 NOT FOUND

Searching: Joe Simon: I Worry About You

	Joe Simon: I Worry About You

Searching: Bobby Vee: I'm Into Lookin' For Someone To Love Me
=========> Bobby Vee: I m Into Lookin  For Someone To Love Me

	Bobby Vee: (I’m Into Lookin’ For) Someone To Love Me

Searching: Gloria Walker/Chevelles: Please Don't Desert Me Baby
=========> Gloria Walker: Please Don t Desert Me Baby

	 NOT FOUND

Searching: The 4 Seasons: Something's On Her Mind
=========> The 4 Seasons: Something s On Her Mind

	Frankie Valli & The Four Seasons: Something's on Her Mind

Searching: The Dells: I Can't Do Enough
=========> The Dells: I Can t Do Enough

	The Dells: I Can't Do Enough

Searching: Ike & Tina Turner: I'm Gonna Do All I Can (To Do Right By My Man)
=========> Ike   Tina Turner: I m Gonna Do All I Can

	Ike & Tina Turner: I'm Gonna Do All I Can (To Do Right By My Man)

Searching: Nancy Sinatra: Here We Go Again

	Nancy Sinatra: Here We Go Again

Searching: Nancy Sinatra: Drummer Man

	Nancy Sinatra: Drummer Man

Searching: Eddie Floyd: Why Is The Wine Sweeter (On The Other Side)
=========> Eddie Floyd: Why Is The Wine Sweeter

	Eddie Floyd: Why Is The Wine Sweeter (On The Other Side)

Searching: Ray Charles: Laughin And Clownin

	 NOT FOUND

Searching: Ten Years After: Love Like A Man

	Ten Years After: Love Like a Man - 2017 Remaster

Searching: The Monkees: Oh My My

	The Monkees: Oh My My

Searching: The Manhattans: If My Heart Could Speak

	The Manhattans: If My Heart Could Speak / One Life to Live

Searching: The Illusion: Let's Make Each Other Happy
=========> Illusion: Let s Make Each Other Happy

	 NOT FOUND

Searching: Vanity Fare: (I Remember) Summer Morning
=========> Vanity Fare: Summer Morning

	Vanity Fare: Summer Morning

Searching: The O'Jays: Looky Looky (Look At Me Girl)
=========> The O Jays: Looky Looky

	The O'Jays: Looky Looky (Look at Me Girl)

Searching: Brooklyn Bridge: Day Is Done

	 NOT FOUND

Searching: Donnie Elbert: Can't Get Over Losing You
=========> Donnie Elbert: Can t Get Over Losing You

	Donnie Elbert: Can't Get Over Losing You

Searching: Wilbert Harrison: My Heart Is Yours

	Wilbert Harrison: My Heart Is Yours

Searching: Hog Heaven: Happy

	 NOT FOUND

Searching: The Three Degrees: There's So Much Love All Around Me
=========> The Three Degrees: There s So Much Love All Around Me

	The Three Degrees: There's So Much Love All Around Me

Searching: Mark Lindsay: Been Too Long On The Road

	Mark Lindsay: Been Too Long on the Road

Searching: Moments: Lucky Me

	The Moments: Lucky Me

Searching: Gordon Lightfoot: Summer Side Of Life

	Gordon Lightfoot: Summer Side of Life

Searching: Matthews' Southern Comfort: Tell Me Why
=========> Matthews  Southern Comfort: Tell Me Why

	Matthews' Southern Comfort: Tell Me Why

Searching: Buffy Sainte-Marie: I'm Gonna Be A Country Girl Again
=========> Buffy Sainte Marie: I m Gonna Be A Country Girl Again

	Buffy Sainte-Marie: I'm Gonna Be A Country Girl Again

Searching: Gayle McCormick: You Really Got A Hold On Me

	 NOT FOUND

Searching: Brewer And Shipley: Shake Off The Demon

	Brewer & Shipley: Shake Off The Demon

Searching: Tom T. Hall: Me And Jesus
=========> Tom T  Hall: Me And Jesus

	Tom T. Hall: Me And Jesus - Single Version

Searching: Buffy Sainte-Marie: He's An Indian Cowboy In The Rodeo
=========> Buffy Sainte Marie: He s An Indian Cowboy In The Rodeo

	Buffy Sainte-Marie: He's An Indian Cowboy In The Rodeo

Searching: Van Morrison: Redwood Tree

	Van Morrison: Redwood Tree

Searching: Wilson Pickett: Mr. Magic Man
=========> Wilson Pickett: Mr  Magic Man

	Wilson Pickett: Mr. Magic Man

Searching: Slade: Cum On Feel The Noize

	Slade: Cum on Feel the Noize

Searching: Jerry Jeff Walker: L.a. Freeway
=========> Jerry Jeff Walker: L a  Freeway

	Jerry Jeff Walker: L.A. Freeway - Live In New York, 1972

Searching: The J. Geils Band: Make Up Your Mind
=========> The J  Geils Band: Make Up Your Mind

	The J. Geils Band: Make up Your Mind

Searching: Natural Four: Love That Really Counts

	The Natural Four: Love That Really Counts

Searching: Rick Springfield: American Girls

	 NOT FOUND

Searching: Chilliwack: Crazy Talk

	Chilliwack: Crazy Talk

Searching: Donna Fargo: It Do Feel Good

	Donna Fargo: It Do Feel Good

Searching: Gloria Gaynor: Walk On By

	Gloria Gaynor: Walk On By

Searching: Canyon: Top Of The World (Make My Reservation)
=========> Canyon: Top Of The World

	Canyon Band: Sittin' On the Top of the World

Searching: The Mystic Moods: Honey Trippin'
=========> The Mystic Moods: Honey Trippin

	The Mystic Moods Orchestra: Honey Trippin'

Searching: Hamilton Bohannon: Foot Stompin Music

	 NOT FOUND

Searching: Banzaii: Chinese Kung Fu

	Banzaii: Chinese Kung Fu

Searching: Gloria Gaynor: (If You Want It) Do It Yourself
=========> Gloria Gaynor: Do It Yourself

	Gloria Gaynor: (If You Want It) Do It Yourself - Single Version

Searching: Anne Murray: Sunday Sunrise

	Anne Murray: Sunday Sunrise

Searching: Edwin Starr: Abyssinia Jones

	 NOT FOUND

Searching: The Champs' Boys Orchestra: Tubular Bells
=========> Champs  Boys Orchestra: Tubular Bells

	 NOT FOUND

Searching: Ecstasy, Passion & Pain Featuring Barbara Roy: Touch And Go
=========> Ecstasy  Passion   Pain: Touch And Go

	Ecstasy, Passion & Pain: Touch and Go - 12" Version

Searching: D.J. Rogers: Say You Love Me
=========> D J  Rogers: Say You Love Me

	D.J. Rogers: Say You Love Me, One More Time

Searching: Revelation: You To Me Are Everything, Part I
=========> Revelation: You To Me Are Everything  Part I

	 NOT FOUND

Searching: Jim Stafford: Turn Loose Of My Leg

	 NOT FOUND

Searching: Jay Black: The Part Of Me That Needs You Most

	Jay Black: The Part of Me That Needs You Most

Searching: Southside Johnny & The Jukes: Walk Away Renee
=========> Southside Johnny   The Jukes: Walk Away Renee

	Southside Johnny And The Asbury Jukes: Walk Away Renee

Searching: The Cover Girls: Spring Love

	The Cover Girls: Spring Love

Searching: Kings Of The Sun: Black Leather

	Kings Of The Sun: Black Leather

Searching: Michael McDonald: Take It To Heart

	Michael McDonald: Take It to Heart

Searching: Lita Ford: Hungry

	Lita Ford: Hungry

Searching: Gerardo: When The Lights Go Out
=========> Gerardo: When Lights Go Out

	 NOT FOUND

Searching: Curtis Stigers: You're All That Matters To Me
=========> Curtis Stigers: You re All That Matters To Me

	Curtis Stigers: You're All That Matters to Me

Searching: Lightning Seeds: The Life Of Riley

	The Lightning Seeds: The Life of Riley

Searching: Midi Maxi & Efti: Bad Bad Boys
=========> Midi Maxi   Efti: Bad Bad Boys

	Midi, Maxi & Efti: Bad Bad Boys

Searching: Joe Public: Do You Everynite

	Joe Public: Do You Everynite

Searching: Metallica: Sad But True

	Metallica: Sad But True

Searching: Utah Saints: Something Good

	Utah Saints: Something Good

Searching: Lonnie Gordon: Happenin' All Over Again
=========> Lonnie Gordon: Happenin  All Over Again

	Lonnie Gordon: Happening All Over Again

Searching: Inner Circle: Rock With You

	 NOT FOUND

Searching: Youssou N'Dour & Neneh Cherry: 7 Seconds
=========> Youssou N Dour   Neneh Cherry: 7 Seconds

	Youssou N'Dour: 7 Seconds (feat. Neneh Cherry)

Searching: Gerald Levert: Can't Help Myself
=========> Gerald Levert: Can t Help Myself

	Gerald Levert: Can't Help Myself - Radio Remix

Searching: Method Man: Release Yo' Delf
=========> Method Man: Release Yo  Delf

	Method Man: Release Yo' Delf

Searching: New Order: Bizarre Love Triangle

	New Order: Bizarre Love Triangle

Searching: Quincy Jones Introducing Tamia: You Put A Move On My Heart

	 NOT FOUND

Searching: Sadat X: Hang 'Em High
=========> Sadat X: Hang  Em High

	Sadat X: Hang 'Em High - Wilderness Version

Searching: Somethin' For The People: With You
=========> Somethin  For The People: With You

	Somethin' For The People: With You

Searching: K5: Passion

	K5: Passion (Original Mix)

Searching: Wynonna: When Love Starts Talkin'
=========> Wynonna: When Love Starts Talkin

	Wynonna: When Love Starts Talkin'

Searching: Method Man Featuring D'Angelo: Break Ups 2 Make Ups
=========> Method Man: Break Ups 2 Make Ups

	Method Man: Break Ups 2 Make Ups

Searching: Ghostface Killah: Cherchez LaGhost

	Ghostface Killah: Cherchez LaGhost (feat. U-God)

Searching: LL Cool J: Imagine That

	LL Cool J: Imagine That

Searching: Master P: Souljas

	Master P: Souljas

Searching: Toni Braxton: Spanish Guitar

	Toni Braxton: Spanish Guitar

Searching: Sunday: I Know

	Taking Back Sunday: Liar (It Takes One To Know One)

Searching: Carolyn Dawn Johnson: Georgia

	Carolyn Dawn Johnson: Georgia

Searching: Philly's Most Wanted: Cross The Border
=========> Philly s Most Wanted: Cross The Border

	Philly's Most Wanted: Cross the Border

Searching: Knoc-Turn'Al With Dr. Dre & Missy "Misdemeanor" Elliott: Knoc
=========> Knoc Turn Al: Knoc

	Knoc-Turn'al: The Knoc (feat. Dr. Dre & Missy Elliott)

Searching: Cee-Lo: Closet Freak
=========> Cee Lo: Closet Freak

	CeeLo Green: Closet Freak - Radio Edit

Searching: B Rich: Whoa Now

	B Rich: Whoa Now

Searching: Isyss Featuring Jadakiss: Day + Night
=========> Isyss: Day   Night

	 NOT FOUND

Searching: Donell Jones: Put Me Down

	Donell Jones: Put Me Down

Searching: BT: Simply Being Loved (Somnambulist)
=========> BT: Simply Being Loved

	BT: Simply Being Loved

Searching: Mr. Vegas: Pull Up
=========> Mr  Vegas: Pull Up

	Mr. Vegas: Pull Up

Searching: Lenny Kravitz Featuring Jay-Z: Storm
=========> Lenny Kravitz: Storm

	Lenny Kravitz: Storm

Searching: 2Pac Featuring Nate Dogg: Thugs Get Lonely Too
=========> 2Pac: Thugs Get Lonely Too

	2Pac: Thugs Get Lonely Too

Searching: The Strokes: Juicebox

	The Strokes: Juicebox

Searching: Martina McBride: (I Never Promised You A) Rose Garden
=========> Martina McBride: Rose Garden

	Martina McBride: (I Never Promised You A) Rose Garden

Searching: Paulina Rubio: Ni Una Sola Palabra

	Paulina Rubio: Ni Una Sola Palabra

Searching: JAY-Z: Kingdom Come
=========> JAY Z: Kingdom Come

	JAY-Z: Kingdom Come

Searching: Josh Turner: Me And God

	Josh Turner: Me And God

Searching: Wisin & Yandel: Sexy Movimiento
=========> Wisin   Yandel: Sexy Movimiento

	Wisin & Yandel: Sexy Movimiento

Searching: Kate Voegele: Kindly Unspoken

	Kate Voegele: Kindly Unspoken

Searching: David Guetta & Chris Willis: Love Is Gone
=========> David Guetta   Chris Willis: Love Is Gone

	David Guetta: Love Is Gone - Fred Riester & Joachim Garraud Radio Edit Remix

Searching: Colbie Caillat: Something Special

	 NOT FOUND

Searching: Zac Efron & Vanessa Hudgens: Can I Have This Dance
=========> Zac Efron: Can I Have This Dance

	 NOT FOUND

Searching: Trace Adkins: Marry For Money

	Trace Adkins: Marry For Money

Searching: Charlie Wilson: There Goes My Baby

	Charlie Wilson: There Goes My Baby

Searching: Glee Cast: Rehab

	Glee Cast: Rehab (Glee Cast Version)

Searching: Susan Boyle: Wild Horses

	Susan Boyle: Wild Horses

Searching: Jennifer Hudson Featuring The Roots: Let It Be
=========> Jennifer Hudson: Let It Be

	 NOT FOUND

Searching: ROCKMAFIA: The Big Bang
=========> ROCKMAFIA: Big Bang

	 NOT FOUND

Searching: Flo Rida: Turn Around (5 4 3 2 1)
=========> Flo Rida: Turn Around

	Flo Rida: Turn Around (5,4,3,2,1) - Firebeatz Remix

Searching: Big Sean Featuring Wiz Khalifa: High
=========> Big Sean: High

	Big Sean: High

Searching: Demi Lovato: Unbroken

	Demi Lovato: Unbroken

Searching: B.o.B Featuring Andre 3000: Play The Guitar
=========> B o B: Play The Guitar

	B.o.B: Play the Guitar (feat. André 3000)

Searching: MGK Featuring Waka Flocka Flame: Wild Boy
=========> MGK: Wild Boy

	 NOT FOUND

Searching: Glee Cast: Hungry Like The Wolf / Rio
=========> Glee Cast: Hungry Like The Wolf   Rio

	Glee Cast: Hungry Like The Wolf / Rio (Glee Cast Version)

Searching: Slaughterhouse Featuring Eminem: Throw That
=========> Slaughterhouse: Throw That

	Slaughterhouse: Throw That

Searching: One Direction: Rock Me

	One Direction: Rock Me

Searching: Justin Bieber: As Long As You Love Me (Acoustic)
=========> Justin Bieber: As Long As You Love Me

	Justin Bieber: As Long As You Love Me

Searching: Usher & Michelle Chamuel: One
=========> Usher: One

	Usher: U R The One

Searching: Jake Worthington: Heaven

	 NOT FOUND

Searching: Future Featuring Kanye West: I Won
=========> Future: I Won

	Future: I Won (feat. Kanye West)

Searching: Ca$h Out: She Twerkin
=========> Ca h Out: She Twerkin

	Ca$h Out: She Twerkin

Searching: Chris Brown: X

	Chris Brown: X

Searching: Yo Gotti: Errrbody

	Yo Gotti: Errrbody

Searching: Chris Jamison: When I Was Your Man

	 NOT FOUND

Searching: G-Eazy Featuring Remo: I Mean It
=========> G Eazy: I Mean It

	G-Eazy: I Mean It (feat. Remo)

Searching: A-Trak + Milo & Otis Featuring Rich Kidz: Out The Speakers
=========> A Trak   Milo   Otis: Out The Speakers

	A-Trak: Out the Speakers

Searching: Who Is Fancy: Goodbye

	Who Is Fancy: Goodbye

Searching: Sawyer Fredericks: Imagine

	 NOT FOUND

Searching: NEEDTOBREATHE Featuring Gavin DeGraw: Brother
=========> NEEDTOBREATHE: Brother

	NEEDTOBREATHE: Brother (feat. Gavin DeGraw)

Searching: Justin Bieber: Trust

	Justin Bieber: Trust

Searching: Madi Davis: Girls Just Want To Have Fun

	Madi Davis: Girls Just Want to Have Fun

Searching: G-Eazy Featuring Chris Brown & Tory Lanez: Drifting
=========> G Eazy: Drifting

	G-Eazy: Drifting (feat. Chris Brown & Tory Lanez)

Searching: iLoveMemphis: Lean & Dabb
=========> iLoveMemphis: Lean   Dabb

	iLoveMemphis: Lean and Dabb

Searching: Jonas Blue Featuring Dakota: Fast Car
=========> Jonas Blue: Fast Car

	Jonas Blue: Fast Car

Searching: Frank Ocean: Nights

	Frank Ocean: Nights

Searching: Lauren Duski: Ghost In This House

	 NOT FOUND

Searching: Bryson Tiller: No Longer Friends

	Bryson Tiller: No Longer Friends

Searching: Liam Payne: Bedroom Floor

	Liam Payne: Bedroom Floor

Searching: Tim McGraw & Faith Hill: The Rest Of Our Life
=========> Tim McGraw   Faith Hill: The Rest Of Our Life

	Tim McGraw: The Rest of Our Life

Searching: Enrique Iglesias Featuring Bad Bunny: El Bano
=========> Enrique Iglesias: El Bano

	Enrique Iglesias: EL BAÑO (feat. Bad Bunny)

Searching: Easton Corbin: A Girl Like You

	Easton Corbin: A Girl Like You

Searching: Logic Featuring Young Sinatra: Warm It Up
=========> Logic: Warm It Up

	Logic: Warm It Up

Searching: Rae Sremmurd & Travis Scott: Close
=========> Rae Sremmurd   Travis Scott: Close

	Rae Sremmurd: CLOSE (feat. Travis Scott) - From SR3MM

Searching: YoungBoy Never Broke Again: Preach

	YoungBoy Never Broke Again: Preach

Searching: YG Featuring A$AP Rocky: Handgun
=========> YG: Handgun

	YG: HANDGUN (feat. A$AP Rocky)

Searching: Nicki Minaj Featuring The Weeknd: Thought I Knew You
=========> Nicki Minaj: Thought I Knew You

	Nicki Minaj: Thought I Knew You (feat. The Weeknd)

Searching: Lil Baby & Gunna: I Am
=========> Lil Baby   Gunna: I Am

	Lil Baby: I Am (Lil Baby & Gunna)

Searching: Lil Yachty Featuring Playboi Carti: Get Dripped
=========> Lil Yachty: Get Dripped

	Lil Yachty: Get Dripped (feat. Playboi Carti)

Searching: Trippie Redd: Toxic Waste

	Trippie Redd: Toxic Waste

Searching: Lil Baby: Word On The Street

	Lil Baby: Word On The Street

Searching: Hikaru Utada & Skrillex: Face My Fears
=========> Hikaru Utada   Skrillex: Face My Fears

	Hikaru Utada: Face My Fears (English Version)

Searching: Kacey Musgraves: Rainbow

	Kacey Musgraves: Rainbow

Searching: Bebe Rexha: Last Hurrah

	Bebe Rexha: Last Hurrah

Searching: YG: Stop Snitching

	 NOT FOUND

Searching: Future: XanaX Damage

	Future: XanaX Damage

Searching: Beyonce: Spirit

	Beyoncé: Spirit

Searching: Frank Ocean: DHL

	Frank Ocean: DHL

Searching: Panic! At The Disco: Into The Unknown
=========> Panic  At The Disco: Into The Unknown

	Panic! At The Disco: Into the Unknown - Panic! At The Disco Version

Searching: Roddy Ricch: Big Stepper

	Roddy Ricch: Big Stepper

Searching: Baby Keem: ORANGE SODA

	Baby Keem: ORANGE SODA

Searching: Justin Bieber: Habitual

	Justin Bieber: Habitual

Searching: Selena Gomez: Feel Me

	Selena Gomez: Feel Me

Searching: Gunna: Feigning

	Gunna: FEIGNING

Searching: YoungBoy Never Broke Again: Dirty Stick

	YoungBoy Never Broke Again: Dirty Stick

Searching: Clairo: Sofia

	Clairo: Sofia

Searching: DJ Chose Featuring BeatKing: Thick
=========> DJ Chose: Thick

	DJ Chose: THICK
